nohup: ignoring input
Crash diagnostics ON


==================================================
PART 1: Data preprocess for 2023-01-01 00:00:00 to 2024-09-30 23:00:00...
==================================================

	1.1 Preprocessing radiation data...
		[INFO] Radiation data already exists at './data/timeseries/radiation_data.csv'

	1.2 Preprocessing temperature data...
		[INFO] Temperature data already exists at './data/timeseries/temperature_data.csv'

	1.3 Preprocessing building data...
		[INFO] Building data already exists at './data/timeseries/building_data.csv'

	1.4 Preprocessing electricity cost data...
		[INFO] Electricity cost data already exists at './data/timeseries/electricitycostG2B_data.csv' and './data/timeseries/electricitycostG2V_data.csv'

	1.5 Preprocessing battery demand series data...

		[INFO] Number of series for clean windows = (229, 31)
		[INFO] Number of eligible series for Case 2 = (1390, 31)
		[INFO] Saved case 1: './data/battery_demand/case1_real_only/battery_demand.npy', shape=(229, 31)
		[INFO] Building Case 2 (fill NaN)
		[INFO] Case 2 generating:   0%|          | 0/1390 [00:00<?, ?it/s]		[INFO] Case 2 generating:   0%|          | 0/1390 [00:03<?, ?it/s]
Traceback (most recent call last):
  File "/home/lisa4090/Documents/GitHub/V2B_Optimization_with_AI_on_BSS/main.py", line 65, in <module>
    main()
    ~~~~^^
  File "/home/lisa4090/Documents/GitHub/V2B_Optimization_with_AI_on_BSS/main.py", line 12, in main
    data = preprocessor.preprocess()
  File "/home/lisa4090/Documents/GitHub/V2B_Optimization_with_AI_on_BSS/preprocess/preprocessor.py", line 231, in preprocess
    gen.generate_battery_series(rerun=False)
    ~~~~~~~~~~~~~~~~~~~~~~~~~~~^^^^^^^^^^^^^
  File "/home/lisa4090/Documents/GitHub/V2B_Optimization_with_AI_on_BSS/preprocess/batterygenerator.py", line 194, in generate_battery_series
    self.plot_series_generator(sample, chunk, i, case_id=2)
    ~~~~~~~~~~~~~~~~~~~~~~~~~~^^^^^^^^^^^^^^^^^^^^^^^^^^^^^
  File "/home/lisa4090/Documents/GitHub/V2B_Optimization_with_AI_on_BSS/preprocess/batterygenerator.py", line 488, in plot_series_generator
    plt.savefig(f'./figures/series_generation/{idx}.png', dpi=300)
    ~~~~~~~~~~~^^^^^^^^^^^^^^^^^^^^^^^^^^^^^^^^^^^^^^^^^^^^^^^^^^^
  File "/home/lisa4090/anaconda3/envs/AIonBSS/lib/python3.13/site-packages/matplotlib/pyplot.py", line 1250, in savefig
    res = fig.savefig(*args, **kwargs)  # type: ignore[func-returns-value]
  File "/home/lisa4090/anaconda3/envs/AIonBSS/lib/python3.13/site-packages/matplotlib/figure.py", line 3490, in savefig
    self.canvas.print_figure(fname, **kwargs)
    ~~~~~~~~~~~~~~~~~~~~~~~~^^^^^^^^^^^^^^^^^
  File "/home/lisa4090/anaconda3/envs/AIonBSS/lib/python3.13/site-packages/matplotlib/backend_bases.py", line 2186, in print_figure
    result = print_method(
        filename,
    ...<3 lines>...
        bbox_inches_restore=_bbox_inches_restore,
        **kwargs)
  File "/home/lisa4090/anaconda3/envs/AIonBSS/lib/python3.13/site-packages/matplotlib/backend_bases.py", line 2042, in <lambda>
    print_method = functools.wraps(meth)(lambda *args, **kwargs: meth(
                                                                 ~~~~^
        *args, **{k: v for k, v in kwargs.items() if k not in skip}))
        ^^^^^^^^^^^^^^^^^^^^^^^^^^^^^^^^^^^^^^^^^^^^^^^^^^^^^^^^^^^^
  File "/home/lisa4090/anaconda3/envs/AIonBSS/lib/python3.13/site-packages/matplotlib/backends/backend_agg.py", line 481, in print_png
    self._print_pil(filename_or_obj, "png", pil_kwargs, metadata)
    ~~~~~~~~~~~~~~~^^^^^^^^^^^^^^^^^^^^^^^^^^^^^^^^^^^^^^^^^^^^^^
  File "/home/lisa4090/anaconda3/envs/AIonBSS/lib/python3.13/site-packages/matplotlib/backends/backend_agg.py", line 430, in _print_pil
    mpl.image.imsave(
    ~~~~~~~~~~~~~~~~^
        filename_or_obj, self.buffer_rgba(), format=fmt, origin="upper",
        ^^^^^^^^^^^^^^^^^^^^^^^^^^^^^^^^^^^^^^^^^^^^^^^^^^^^^^^^^^^^^^^^
        dpi=self.figure.dpi, metadata=metadata, pil_kwargs=pil_kwargs)
        ^^^^^^^^^^^^^^^^^^^^^^^^^^^^^^^^^^^^^^^^^^^^^^^^^^^^^^^^^^^^^^
  File "/home/lisa4090/anaconda3/envs/AIonBSS/lib/python3.13/site-packages/matplotlib/image.py", line 1657, in imsave
    image.save(fname, **pil_kwargs)
    ~~~~~~~~~~^^^^^^^^^^^^^^^^^^^^^
  File "/home/lisa4090/anaconda3/envs/AIonBSS/lib/python3.13/site-packages/PIL/Image.py", line 2566, in save
    fp = builtins.open(filename, "w+b")
FileNotFoundError: [Errno 2] No such file or directory: './figures/series_generation/10.png'
