nohup: ignoring input
Crash diagnostics ON


==================================================
PART 1: Data preprocess for 2023-01-01 00:00:00 to 2024-09-30 23:00:00...
==================================================

	1.1 Preprocessing radiation data...
		[INFO] Radiation data already exists at './data/timeseries/radiation_data.csv'

	1.2 Preprocessing temperature data...
		[INFO] Temperature data already exists at './data/timeseries/temperature_data.csv'

	1.3 Preprocessing building data...
		[INFO] Building data already exists at './data/timeseries/building_data.csv'

	1.4 Preprocessing electricity cost data...
		[INFO] Electricity cost data already exists at './data/timeseries/electricitycostG2B_data.csv' and './data/timeseries/electricitycostG2V_data.csv'

	1.5 Preprocessing battery demand series data...
		[INFO] Found existing battery data at './data/battery_demand/resample_full.csv' and './data/battery_demand/resample_train.csv'

		[INFO] Number of series for clean windows = (168, 37)
		[INFO] Number of eligible series for Case 2 = (1395, 37)
		[INFO] Case 1 exists — loaded battery demand from './data/battery_demand/case1_real_only/battery_demand.npy' with shape (168, 37).
		[INFO] Building Case 2 (fill NaN)
		[INFO] Resuming Case 2 from checkpoint: './data/battery_demand/case2_nan_filled/battery_demand_ckpt.npz'
		[INFO] Case 2 resume index = 670, current series shape = (838, 37)
		[INFO] Case 2 generating:   0%|          | 0/725 [00:00<?, ?it/s]		[INFO] Case 2 generating:   0%|          | 1/725 [00:05<1:06:03,  5.47s/it]		[INFO] Case 2 generating:   0%|          | 2/725 [00:10<1:04:59,  5.39s/it]		[INFO] Case 2 generating:   0%|          | 3/725 [00:16<1:04:08,  5.33s/it]		[INFO] Case 2 generating:   1%|          | 4/725 [00:21<1:03:47,  5.31s/it]		[INFO] Case 2 generating:   1%|          | 5/725 [00:26<1:03:41,  5.31s/it]		[INFO] Case 2 generating:   1%|          | 6/725 [00:31<1:03:40,  5.31s/it]		[INFO] Case 2 generating:   1%|          | 7/725 [00:37<1:03:15,  5.29s/it]		[INFO] Case 2 generating:   1%|          | 8/725 [00:42<1:03:08,  5.28s/it]		[INFO] Case 2 generating:   1%|          | 9/725 [00:47<1:03:08,  5.29s/it]		[INFO] Case 2 generating:   1%|▏         | 10/725 [00:53<1:02:47,  5.27s/it]		[INFO] Case 2 generating:   2%|▏         | 11/725 [00:58<1:02:44,  5.27s/it]		[INFO] Case 2 generating:   2%|▏         | 12/725 [01:03<1:02:45,  5.28s/it]		[INFO] Case 2 generating:   2%|▏         | 13/725 [01:08<1:02:43,  5.29s/it]		[INFO] Case 2 generating:   2%|▏         | 13/725 [01:08<1:02:56,  5.30s/it]
Traceback (most recent call last):
  File "/home/lisa4090/Documents/GitHub/V2B_Optimization_with_AI_on_BSS/main.py", line 65, in <module>
    main()
    ~~~~^^
  File "/home/lisa4090/Documents/GitHub/V2B_Optimization_with_AI_on_BSS/main.py", line 12, in main
    data = preprocessor.preprocess()
  File "/home/lisa4090/Documents/GitHub/V2B_Optimization_with_AI_on_BSS/preprocess/preprocessor.py", line 231, in preprocess
    gen.generate_battery_series(rerun=False)
    ~~~~~~~~~~~~~~~~~~~~~~~~~~~^^^^^^^^^^^^^
  File "/home/lisa4090/Documents/GitHub/V2B_Optimization_with_AI_on_BSS/preprocess/batterygenerator.py", line 190, in generate_battery_series
    sample = self._generate_artificial_battery_data(chunk, n_samples)[0]
             ~~~~~~~~~~~~~~~~~~~~~~~~~~~~~~~~~~~~~~^^^^^^^^^^^^^^^^^^
  File "/home/lisa4090/Documents/GitHub/V2B_Optimization_with_AI_on_BSS/preprocess/batterygenerator.py", line 349, in _generate_artificial_battery_data
    generator = BlockGenerator(
        seed=seq,
    ...<4 lines>...
        random_state=cfg.RANDOM_STATE,
    )
  File "/home/lisa4090/Documents/GitHub/V2B_Optimization_with_AI_on_BSS/time_series_generator/time_series_generator/core.py", line 577, in __init__
    grouped = datapreparer.generate_grouped_subsequences()
  File "/home/lisa4090/Documents/GitHub/V2B_Optimization_with_AI_on_BSS/time_series_generator/time_series_generator/preprocessing.py", line 32, in generate_grouped_subsequences
    subseqs = self._generate_valid_subsequences(tdf_filled.values)
  File "/home/lisa4090/Documents/GitHub/V2B_Optimization_with_AI_on_BSS/time_series_generator/time_series_generator/preprocessing.py", line 73, in _generate_valid_subsequences
    subseq = arr[i:j]
             ~~~^^^^^
TypeError: only integer scalar arrays can be converted to a scalar index
