nohup: ignoring input
Crash diagnostics ON


==================================================
PART 1: Data preprocess for 2023-01-01 00:00:00 to 2024-09-30 23:00:00...
==================================================

	1.1 Preprocessing radiation data...
		[INFO] Radiation data already exists at './data/timeseries/radiation_data.csv'

	1.2 Preprocessing temperature data...
		[INFO] Temperature data already exists at './data/timeseries/temperature_data.csv'

	1.3 Preprocessing building data...
		[INFO] Building data already exists at './data/timeseries/building_data.csv'

	1.4 Preprocessing electricity cost data...
		[INFO] Electricity cost data already exists at './data/timeseries/electricitycostG2B_data.csv' and './data/timeseries/electricitycostG2V_data.csv'

	1.5 Preprocessing battery demand series data...
		[INFO] Found existing battery data at './data/battery_demand/resample_full.csv' and './data/battery_demand/resample_train.csv'

		[INFO] Number of series for clean windows = (229, 31)
		[INFO] Number of eligible series for Case 2 = (1390, 31)
		[INFO] Case 1 exists — loaded battery demand from './data/battery_demand/case1_real_only/battery_demand.npy' with shape (229, 31).
		[INFO] Building Case 2 (fill NaN)
		[INFO] Resuming Case 2 from checkpoint: './data/battery_demand/case2_nan_filled/battery_demand_ckpt.npz'
		[INFO] Case 2 resume index = 4, current series shape = (233, 31)
		[INFO] Case 2 generating:   0%|          | 0/1386 [00:00<?, ?it/s]		[INFO] Case 2 generating:   0%|          | 1/1386 [00:03<1:24:42,  3.67s/it]		[INFO] Case 2 generating:   0%|          | 2/1386 [00:07<1:24:06,  3.65s/it]		[INFO] Case 2 generating:   0%|          | 3/1386 [00:10<1:23:29,  3.62s/it]		[INFO] Case 2 generating:   0%|          | 4/1386 [00:14<1:23:23,  3.62s/it]		[INFO] Case 2 generating:   0%|          | 5/1386 [00:18<1:23:05,  3.61s/it]		[INFO] Case 2 generating:   0%|          | 6/1386 [00:21<1:22:39,  3.59s/it]		[INFO] Case 2 generating:   1%|          | 7/1386 [00:25<1:23:05,  3.61s/it]		[INFO] Case 2 generating:   1%|          | 8/1386 [00:28<1:22:55,  3.61s/it]