nohup: ignoring input
Crash diagnostics ON


==================================================
PART 1: Data preprocess for 2023-01-01 00:00:00 to 2024-09-30 23:00:00...
==================================================

	1.1 Preprocessing radiation data...
		[INFO] Radiation data already exists at './data/timeseries/radiation_data.csv'

	1.2 Preprocessing temperature data...
		[INFO] Temperature data already exists at './data/timeseries/temperature_data.csv'

	1.3 Preprocessing building data...
		[INFO] Building data already exists at './data/timeseries/building_data.csv'

	1.4 Preprocessing electricity cost data...
		[INFO] Electricity cost data already exists at './data/timeseries/electricitycostG2B_data.csv' and './data/timeseries/electricitycostG2V_data.csv'

	1.5 Preprocessing battery demand series data...
		[INFO] Found existing battery data at 'data/battery_demandV2/resample_full.csv' and 'data/battery_demandV2/resample_train.csv'

		[INFO] Number of series for clean windows = (168, 37)
		[INFO] Number of eligible series for Case 2 = (1395, 37)
		[INFO] Case 1 exists — loaded battery demand from 'data/battery_demandV2/case1_real_only/battery_demand.npy' with shape (168, 37).
		[INFO] Case 2 exists — loaded battery demand from 'data/battery_demandV2/case2_nan_filled/battery_demand.npy' with shape (1563, 37).
		[INFO] Case 0 exists — loaded battery demand from 'data/battery_demandV2/case0_test/battery_demand.npy' with shape (2, 49).

	1.6 Generating battery schedule...
		[INFO] Case 0 exists — loaded from 'data/battery_demandV2/case0_test/battery_availability.npy' and 'data/battery_demandV2/case0_test/battery_details.npy' shape (2, 272, 48) and (4, 2, 272)
		[INFO] Case 1 exists — loaded from 'data/battery_demandV2/case1_real_only/battery_availability.npy' and 'data/battery_demandV2/case1_real_only/battery_details.npy' shape (168, 237, 36) and (4, 168, 237)
		[INFO] Case 2 exists — loaded from 'data/battery_demandV2/case2_nan_filled/battery_availability.npy' and 'data/battery_demandV2/case2_nan_filled/battery_details.npy' shape (1563, 237, 36) and (4, 1563, 237)
		[ERROR] Could not load battery demand from 'data/battery_demandV2/case3_extended_generated/battery_demand.npy': [Errno 2] No such file or directory: 'data/battery_demandV2/case3_extended_generated/battery_demand.npy'


==================================================
PART 2: MILP Optimization...
==================================================

	2.0 Optimizing Case 0...
		[INFO] Loaded 2 samples from 'data/battery_demandV2/case0_test'
		[INFO] Results already exist at 'data/optimization_resultsV2/case0_test/immediate_charging/V2B.npy'. Skipping immediate_charging run.
		[INFO] Results already exist at 'data/optimization_resultsV2/case0_test/optimization/V2B.npy'. Skipping optimization run.
		[INFO] Case 0 completed.

	2.1 Optimizing Case 1...
		[INFO] Loaded 168 samples from 'data/battery_demandV2/case1_real_only'
		[INFO] Results already exist at 'data/optimization_resultsV2/case1_real_only/immediate_charging/V2B.npy'. Skipping immediate_charging run.
		[INFO] Results already exist at 'data/optimization_resultsV2/case1_real_only/optimization/V2B.npy'. Skipping optimization run.
		[INFO] Case 1 completed.

	2.2 Optimizing Case 2...
		[INFO] Loaded 1563 samples from 'data/battery_demandV2/case2_nan_filled'
		[INFO] Results already exist at 'data/optimization_resultsV2/case2_nan_filled/immediate_charging/V2B.npy'. Skipping immediate_charging run.
		[INFO] Results already exist at 'data/optimization_resultsV2/case2_nan_filled/optimization/V2B.npy'. Skipping optimization run.
		[INFO] Case 2 completed.


==================================================
PART 3: Supervised Learning...
==================================================

	3.1 Training Case 1...

=== Starting Training Run: STAFV5_CASE1 ===
Device: cuda
		[INFO] Starting Preprocessing for Case 1...
		[INFO] Unique quantized indices: 6686
		[INFO] Suggested num_embeddings: 8023
		[INFO] Generating sliding windows...
		[INFO] Saved dataset: ./data/training_results/STAFV5_CASE1/merged_dataset_STAFV5_CASE1.csv (Shape: (2016, 225))
		[INFO] Saved metadata: ./data/training_results/STAFV5_CASE1/feature_info_STAFV5_CASE1.json
	[Model Config] Detected Dims: {'static': 4, 'series_count': 6, 'seq_len': 24, 'vehicle': 76, 'emb_vocab': 15000}
		[INFO] Data loaded. Train: 1411, Val: 605
		[INFO] Fitting new scalers on training data...
		[INFO] Calculating weights for imbalanced regression...
		[INFO] 
==================================================
		[INFO] 🚀 TRAINING SESSION: STAFV5_CASE1
		[INFO] ==================================================
		[INFO] Device:             cuda
		[INFO] Model Parameters:   316,370
		[INFO] --------------------------------------------------
		[INFO] Epochs:             5000
		[INFO] Batch Size:         64
		[INFO] Learning Rate:      0.01
		[INFO] Weight Decay:       0.005
		[INFO] Dropout:            0.5
		[INFO] --------------------------------------------------
		[INFO] Hidden Layers:      [256, 64]
		[INFO] Embedding Dim:      16
		[INFO] Attention Heads:    4
		[INFO]==================================================


		[INFO]Epoch |    LR    | Trn RMSE | Val RMSE | Trn R2 | Val R2 | Stop
-----------------------------------------------------------------
		[INFO]    1 | 0.010000 |   6.3304 |   8.7522 |  0.373 | -0.517 | 0/100
		[INFO]    2 | 0.010000 |   5.0212 |   7.2956 |  0.617 | -0.046 | 0/100
		[INFO]    3 | 0.010000 |   4.7067 |   5.4455 |  0.695 |  0.416 | 0/100
		[INFO]    4 | 0.010000 |   4.8607 |   6.5405 |  0.700 |  0.154 | 0/100
		[INFO]    5 | 0.010000 |   4.3634 |   6.6827 |  0.699 |  0.118 | 1/100
		[INFO]    6 | 0.010000 |   3.9884 |   6.3505 |  0.746 |  0.210 | 2/100
		[INFO]    7 | 0.010000 |   4.2846 |   6.4358 |  0.726 |  0.184 | 3/100
		[INFO]    8 | 0.010000 |   4.0143 |   6.5847 |  0.762 |  0.146 | 4/100
		[INFO]    9 | 0.010000 |   4.0264 |   5.1143 |  0.765 |  0.484 | 5/100
