nohup: ignoring input
Crash diagnostics ON


==================================================
PART 1: Data preprocess for 2023-01-01 00:00:00 to 2024-09-30 23:00:00...
==================================================

	1.1 Preprocessing radiation data...
		[INFO] Radiation data already exists at './data/timeseries/radiation_data.csv'

	1.2 Preprocessing temperature data...
		[INFO] Temperature data already exists at './data/timeseries/temperature_data.csv'

	1.3 Preprocessing building data...
		[INFO] Building data already exists at './data/timeseries/building_data.csv'

	1.4 Preprocessing electricity cost data...
		[INFO] Electricity cost data already exists at './data/timeseries/electricitycostG2B_data.csv' and './data/timeseries/electricitycostG2V_data.csv'

	1.5 Preprocessing battery demand series data...
		[INFO] Found existing battery data at './data/battery_demand/resample_full.csv' and './data/battery_demand/resample_train.csv'

		[INFO] Number of series for clean windows = (168, 37)
		[INFO] Number of eligible series for Case 2 = (1395, 37)
		[INFO] Saved case 1: './data/battery_demand/case1_real_only/battery_demand.npy', shape=(168, 37)
		[INFO] Building Case 2 (fill NaN)
		[INFO] Case 2 generating:   0%|          | 0/1395 [00:00<?, ?it/s]/home/lisa4090/Documents/GitHub/V2B_Optimization_with_AI_on_BSS/time_series_generator/time_series_generator/core.py:698: RuntimeWarning: covariance is not symmetric positive-semidefinite.
  noise = self.rng.multivariate_normal(
		[INFO] Case 2 generating:   0%|          | 1/1395 [00:05<2:06:25,  5.44s/it]/home/lisa4090/Documents/GitHub/V2B_Optimization_with_AI_on_BSS/time_series_generator/time_series_generator/core.py:698: RuntimeWarning: covariance is not symmetric positive-semidefinite.
  noise = self.rng.multivariate_normal(
		[INFO] Case 2 generating:   0%|          | 2/1395 [00:10<2:05:00,  5.38s/it]/home/lisa4090/Documents/GitHub/V2B_Optimization_with_AI_on_BSS/time_series_generator/time_series_generator/core.py:698: RuntimeWarning: covariance is not symmetric positive-semidefinite.
  noise = self.rng.multivariate_normal(
		[INFO] Case 2 generating:   0%|          | 3/1395 [00:16<2:03:32,  5.32s/it]/home/lisa4090/Documents/GitHub/V2B_Optimization_with_AI_on_BSS/time_series_generator/time_series_generator/core.py:698: RuntimeWarning: covariance is not symmetric positive-semidefinite.
  noise = self.rng.multivariate_normal(
		[INFO] Case 2 generating:   0%|          | 4/1395 [00:21<2:03:21,  5.32s/it]/home/lisa4090/Documents/GitHub/V2B_Optimization_with_AI_on_BSS/time_series_generator/time_series_generator/core.py:698: RuntimeWarning: covariance is not symmetric positive-semidefinite.
  noise = self.rng.multivariate_normal(
		[INFO] Case 2 generating:   0%|          | 5/1395 [00:26<2:03:16,  5.32s/it]