nohup: ignoring input
Crash diagnostics ON


==================================================
PART 1: Data preprocess for 2023-01-01 00:00:00 to 2024-09-30 23:00:00...
==================================================

	1.1 Preprocessing radiation data...
		[INFO] Radiation data already exists at './data/timeseries/radiation_data.csv'

	1.2 Preprocessing temperature data...
		[INFO] Temperature data already exists at './data/timeseries/temperature_data.csv'

	1.3 Preprocessing building data...
		[INFO] Building data already exists at './data/timeseries/building_data.csv'

	1.4 Preprocessing electricity cost data...
		[INFO] Electricity cost data already exists at './data/timeseries/electricitycostG2B_data.csv' and './data/timeseries/electricitycostG2V_data.csv'

	1.5 Preprocessing battery demand series data...
		[INFO] Found existing battery data at 'data/battery_demand/resample_full.csv' and 'data/battery_demand/resample_train.csv'

		[INFO] Number of series for clean windows = (110, 49)
		[INFO] Number of eligible series for Case 2 = (1373, 49)
		[INFO] Case 1 exists — loaded battery demand from 'data/battery_demand/case1_real_only/battery_demand.npy' with shape (168, 37).
		[INFO] Case 2 exists — loaded battery demand from 'data/battery_demand/case2_nan_filled/battery_demand.npy' with shape (1563, 37).
		[INFO] Case 0: Successfully added test pair 2024-03-15 & 2024-03-16
		Data: [10536, 28, 30, 35, 37, 37, 36, 33, 26, 10, 6, 10, 14, 19, 18, 15, 20, 26, 15, 9, 16, 21, 20, 8, 12, 15, 24, 31, 35, 32, 35, 34, 32, 31, 30, 22, 14, 18, 27, 18, 19, 19, 25, 25, 25, 26, 27, 17, 19]
		[INFO] Case 0: Successfully added test pair 2024-03-29 & 2024-03-30
		Data: [10872, 13, 26, 31, 33, 33, 33, 31, 15, 8, 19, 11, 15, 18, 16, 18, 18, 19, 7, 4, 23, 23, 16, 17, 18, 18, 19, 24, 29, 30, 30, 22, 27, 21, 14, 15, 16, 20, 18, 23, 27, 18, 2, 10, 23, 22, 22, 17, 21]

	1.6 Generating battery schedule...
		[INFO] Case 1 exists — loaded from 'data/battery_demand/case1_real_only/battery_availability.npy' and 'data/battery_demand/case1_real_only/battery_details.npy' shape (168, 385, 36) and (4, 168, 385)
		[INFO] Case 2 exists — loaded from 'data/battery_demand/case2_nan_filled/battery_availability.npy' and 'data/battery_demand/case2_nan_filled/battery_details.npy' shape (1563, 385, 36) and (4, 1563, 385)
[ERROR] Could not load battery demand from 'data/battery_demand/case3_extended_generated/battery_demand.npy': [Errno 2] No such file or directory: 'data/battery_demand/case3_extended_generated/battery_demand.npy'


==================================================
PART 2: MILP Optimization...
==================================================

	2.1 Optimizing Case 1...
		[INFO] Loaded 168 samples from 'data/battery_demand/case1_real_only'
		[INFO] Results already exist at './data/optimization_results/case1_real_only/immediate_charging/V2B.npy'. Skipping immediate_charging run.
		[INFO] Results already exist at './data/optimization_results/case1_real_only/optimization/V2B.npy'. Skipping optimization run.
		[INFO] Case 1 completed.

	2.2 Optimizing Case 2...
		[INFO] Loaded 1563 samples from 'data/battery_demand/case2_nan_filled'
		[INFO] Results already exist at './data/optimization_results/case2_nan_filled/immediate_charging/V2B.npy'. Skipping immediate_charging run.
		[INFO] Results already exist at './data/optimization_results/case2_nan_filled/optimization/V2B.npy'. Skipping optimization run.
		[INFO] Case 2 completed.


==================================================
PART 3: Supervised Learning...
==================================================

	3.1 Training Case 1...

=== Starting Training Run: STAFV3_33_CASE1 ===
Device: cuda
		[INFO] Starting Preprocessing for Case 1...
		[INFO] Unique quantized indices: 6686
		[INFO] Suggested num_embeddings: 8023
		[INFO] Generating sliding windows...
13.999999999999993
14.0
14.0
13.999999999999995
14.0
14.0
13.999999999999991
13.999999999999991
6.1551131999999855
2.3044444444444445
0.0
8.915555555555557
14.000000000000004
13.999999999999998
13.999999999999998
14.0
13.999999999999998
14.000000000000002
13.999999999999993
6.155113200000002
3.267777777777778
7.347777777777778
3.872222222222222
4.133333333333342
13.999999999999998
14.0
14.0
13.999999999999998
14.000000000000002
13.999999999999996
8.606666666666712
1.4730345
1.5488888888888888
0.0
5.471409944444453
13.99999999999999
13.999999999999998
14.000000000000002
13.999999999999998
14.000000000000002
13.999999999999993
11.65666666666668
0.7555555555555555
0.0
0.0
0.0
13.999999999999993
14.000000000000004
13.999999999999998
14.0
14.000000000000002
13.999999999999993
6.155113199999996
0.0
0.0
0.0
0.0
14.0
14.000000000000002
14.000000000000002
13.999999999999998
14.0
13.999999999999993
6.1551132
0.0
0.0
0.0
0.0
12.831111111111106
13.999999999999995
14.00000000000001
14.0
14.0
13.999999999999995
6.155113200000002
0.0
0.0
0.0
0.0
10.105555555555556
9.482222222222223
13.996666666666666
14.000000000000002
13.861111111111109
14.000000000000005
0.0
14.0
14.0
13.999999999999993
14.000000000001736
13.999999999999984
13.999999999999991
13.999999999999998
14.000000000000002
13.99999999999999
13.999999999999996
0.0
13.222222222222221
13.222222222222221
14.000000000000004
13.999999999999998
13.999999999999996
7.412222222222232
13.999999999999998
14.0
13.999999999999993
13.999999999999998
14.000000000000004
8.477777777777778
14.0
14.000000000000002
13.766666666666666
14.0
12.1188888888889
13.999999999999993
13.999999999999993
14.0
14.000000000000002
14.000000000000004
14.000000000000004
14.0
13.999999999999996
12.980282477777845
13.999999999999993
13.999999999999986
14.0
14.0
10.024161966666654
14.0
14.0
14.0
14.0
14.000000000000002
13.999999999999993
13.99999999999998
13.999999999999986
13.99999999999998
13.999999999999993
13.999999999999984
13.999999999999977
13.999999999999986
11.88986487777787
13.999999999999996
13.45791289999999
13.999999999999957
13.999999999999993
14.0
13.999999999999995
14.0
14.0
14.0
13.999999999999982
14.000000000000004
14.0
13.457912899999954
0.0
11.947642655555605
14.0
13.999999999999986
14.0
13.999999999999998
13.99999999999999
14.0
14.000000000000004
13.999999999999995
13.45791289999999
1.4166666666666665
7.920785977777777
13.999999999999995
14.0
14.0
13.999999999999993
14.0
13.999999999999995
14.0
13.999999999999991
13.45791289999998
1.2466666666666666
7.668888888888889
4.306666666666667
13.999999999999995
14.0
14.0
14.0
13.999999999999993
14.000000000000005
14.0
13.45791289999997
3.6644444444444444
6.655230422222221
5.112547355555556
4.06111111111111
14.0
14.0
14.0
13.99999999999999
13.999999999999986
14.0
13.457912899999975
1.4355555555555555
6.3530082
0.6422222222222221
1.0577777777777777
1.8414362444444428
14.0
14.0
13.999999999999993
14.000000000000007
13.999999999999998
14.000000000000002
1.0955555555555556
2.0135564111113706
0.0
0.0
0.0
13.999999999999998
14.0
13.999999999999996
13.999999999999993
14.000000000000004
13.945555555555583
0.0
0.0
0.0
0.0
0.0
14.000000000000005
13.999999999999998
13.999999999999993
14.0
13.999999999999998
13.457912899999979
0.0
0.0
0.0
0.0
0.0
14.000000000000004
13.999999999999995
14.000000000000004
13.999999999999979
14.0
13.457912899999979
0.0
0.0
0.0
0.0
0.0
10.38888888888889
13.99999999999999
14.000000000000002
13.744444444444454
13.999999999999993
13.457912899999993
0.0
0.0
0.0
0.0
0.0
10.030000000000001
13.095555555555551
14.000000000000005
13.999999999999998
14.0
13.457912899999986
0.0
0.0
0.0
0.0
0.0
8.936666666666682
13.999999999999993
13.999999999999988
14.000000000000004
13.751111111111113
14.0
0.0
0.0
0.0
0.0
0.0
13.99999999999999
0.0
14.000000000000004
14.000000000000021
13.99999999999999
13.999999999999988
14.0
0.0
0.0
0.0
0.0
14.000000000000002
14.0
0.0
13.999999999999998
14.000000000000009
13.999999999999991
13.999999999999982
14.000000000000002
0.0
0.0
0.0
13.999999999999998
0.0
13.999999999999991
14.0
14.0
14.0
13.580000000000009
14.000000000000002
14.0
13.999999999999993
13.999999999999986
11.666480744444499
14.0
14.0
13.99999999999999
14.000000000000007
12.613392444444454
1.681111111111111
7.504175911111112
3.3569351999999997
4.665555555555555
14.000000000000002
14.0
14.0
14.0
13.999999999999995
14.0
14.0
2.3233333333333333
6.219731466666667
3.356935199999999
7.007777777777778
6.384444444444446
14.0
13.999999999999998
14.000000000000025
13.999999999999993
13.999999999999995
13.999999999999998
10.998620355555556
6.724444444444444
3.3569351999999997
6.516666666666666
7.4799999999999995
2.833333333333333
14.0
14.0
13.999999999999996
14.0
14.0
12.910908022222362
11.4239694
3.356935199999999
2.228888888888889
0.42777777777777776
0.0
13.999999999999986
14.000000000000002
13.999999999999993
14.0
14.0
2.1654964444445906
10.454503555555558
0.027777777777777776
0.0
0.0
0.0
14.0
14.000000000000014
14.00000000000001
14.000000000000004
14.0
7.933333333333338
5.288888888888889
0.0
0.0
0.0
0.0
13.999999999999982
14.000000000000004
13.895555555555568
14.0
14.0
13.831953688888966
0.0
3.3569351999999992
0.0
0.0
0.0
13.999999999999982
10.105555555555556
9.154444444444461
13.999999999999998
14.0
10.31528702222224
0.0
3.356935199999999
0.0
0.0
0.0
13.999999999999984
14.0
14.0
14.000000000000004
8.788888888888899
5.398888888889044
0.0
0.0
0.0
0.0
0.0
14.0
13.999999999999968
11.021111111111136
14.000000000000004
12.258888888888889
10.72888888888889
0.0
0.0
0.0
0.0
0.0
13.999999999999957
0.0
13.999999999999993
14.0
14.000000000000002
14.0
14.000000000000002
0.0
0.0
0.0
0.0
9.916666666666668
12.679012345678997
0.0
13.999999999999998
14.0
14.000000000000002
12.478888888888886
13.29111111111111
0.0
0.0
0.0
9.521234567901221
13.999999999999995
0.0
14.0
14.0
14.000000000000004
12.374444444444437
14.000000000000002
14.0
0.0
0.0
10.579012345679008
14.000000000000002
0.0
14.0
13.766666666666667
13.136666666666667
14.000000000000004
13.445555555555554
14.000000000000002
13.999999999999998
0.0
13.999999999999957
14.0
0.0
12.42222222222222
13.999999999999998
14.000000000000002
14.000000000000004
13.999999999999998
13.539999999999997
8.05345679012348
14.000000000000002
13.999999999999972
13.999999999999995
0.0
11.22
13.999999999999995
14.000000000000002
7.190000000000007
14.0
11.05295216790126
13.380504622222226
14.000000000000002
11.05
13.999999999999988
0.0
14.0
13.656666666666666
13.766666666666666
14.000000000000002
10.33222222222222
12.784949066666666
13.95295216790123
14.0
5.043333333333333
7.253333333333333
7.933333333333334
13.999999999999993
14.0
14.0
13.999999999999995
13.999999999999993
13.999999999999996
13.999999999999984
13.999999999999915
11.126666666666784
13.999999999999993
14.000000000000068
13.999999999999996
13.163333333333341
14.0
13.999999999999993
14.0
14.0
14.0
13.999999999999998
13.999999999999996
14.0
14.000000000000002
14.000000000000002
14.0
14.0
14.000000000000004
13.999999999999993
14.000000000000004
13.999999999999993
14.0
14.0
14.0
9.102222222222231
13.999999999999993
14.0
14.0
14.0
14.0
13.999999999999995
10.655555555555557
13.999999999999998
13.999999999999995
10.252222222222226
14.0
13.999999999999998
14.000000000000002
13.999999999999996
14.0
14.000000000000018
14.0
13.999999999999998
13.999999999999998
11.492222222222221
13.999999999999988
4.341111111111111
14.000000000000002
14.0
14.0
7.612222222222222
14.0
14.000000000000002
13.999999999999991
13.999999999999998
13.999999999999995
10.588888888888906
0.4533333333333333
14.000000000000002
14.0
13.999999999999998
4.013333333333333
8.292222222222222
14.0
13.99999999999999
11.206162044444444
1.3222222222222222
1.7499999999999996
6.422222222222222
13.999999999999996
14.000000000000004
14.0
8.893333333338184
6.592222222222222
14.000000000003261
13.222222222222221
6.6888888888907605
7.933333333333334
7.56111111111111
7.933333333333334
14.000000000000004
14.0
13.999999999995119
14.000000000004881
2.172222222222222
3.8688888888938537
11.465555555561028
13.999999999999996
14.0
14.0
10.197777777777798
14.0
13.999999999999995
13.999999999999995
7.5744444444444445
13.316666666666666
1.4922222222222221
4.722222222222222
10.747777777777777
14.0
14.0
5.133333333333363
14.0
14.0
14.000000000000002
13.706666666666667
4.495555555555556
9.932222222222222
7.46111111111111
7.593333333333333
6.532222222222219
13.999999999999996
13.999999999999993
14.0
14.0
14.0
4.042222222222222
5.833333333333334
13.999999999999993
1.813333333333333
7.404444444444444
14.0
12.674444444444445
13.999999999999998
14.0
14.0
14.0
14.000000000000002
14.0
2.271615733333378
14.000000000000002
3.7399999999999993
4.212222222222222
10.898888888888889
7.63111111111111
14.0
14.0
13.999999999999993
13.999999999999986
4.344444444444445
5.055555555555555
13.76666666666667
13.999999999999993
3.8688888888888964
6.063333333333333
4.552222222222222
11.01222222222222
13.999999999999998
14.0
13.999999999999998
13.999999999999993
13.798888888888898
14.0
1.681111111111111
12.504444444444445
0.9822222222222222
3.9477777777777776
7.593333333333332
12.916666666666666
14.0
13.999999999999988
14.0
13.999999999999993
14.0
3.487777777777781
3.4611111111111232
5.323333333333333
6.101111111111111
7.668888888888889
7.158888888888888
14.000000000000004
13.999999999999993
12.614949066666686
14.0
13.999999999999991
4.681111111111111
3.0377777777777784
1.4166666666666667
14.0
6.8566666666666665
7.177777777777777
5.232222222222222
7.158888888888888
14.0
13.999999999999998
14.0
13.999999999999993
7.822222222222239
0.0
4.9111111111111105
0.9822222222222221
2.2666666666666666
2.3233333333333333
8.670000000000002
12.164444444444444
14.0
6.611111111111111
11.737777777777794
14.0
6.441111111111111
5.931111111111111
6.4222222222222225
4.892222222222222
9.516666666666667
6.554444444444444
5.949999999999999
5.118888888888889
6.611111111111111
14.0
13.999999999999988
8.723333333333334
14.0
8.918888888888928
13.392222222222221
4.023333333333333
4.5522222222222215
3.7399999999999998
5.062222222222222
9.066666666666666
14.000000000000002
13.999999999999995
14.000000000000004
14.000000000000002
1.9644444444444442
14.000000000000002
8.099999999999998
5.4399999999999995
2.8766666666666696
2.6788888888888884
5.609999999999999
8.726666666666667
12.133333333333393
8.477777777777778
3.188888888888889
2.055555555555557
13.222222222222221
0.0
5.232222222222222
12.22111111111111
2.2855555555555553
13.999999999999998
3.362222222222222
11.216666666666665
1.088888888888894
14.0
8.477777777777781
7.93390311111112
13.999999999999996
0.11333333333333334
8.228888888888886
1.3222222222222222
5.572222222222221
6.272763555555554
14.0
14.0
7.933333333333334
0.0
0.0
14.0
8.477777777777778
14.0
8.00056977777778
5.345555555555555
5.471111111111112
9.676096888888887
14.000000000000002
13.999999999999996
0.0
3.966666666666667
6.611111111111111
3.1733333333333333
9.727777777777778
0.45333333333333337
11.811111111111122
0.0
6.8805413333333325
14.0
14.000000000000005
13.99999999999999
3.966666666666667
6.611111111111111
5.288888888888889
12.324444444444453
0.0
1.3222222222222222
8.323333333333345
6.767207999999998
14.000000000000004
13.999999999999986
14.0
14.000000000000002
7.933333333333334
6.611111111111111
9.255555555555556
0.0
1.3222222222222222
1.2588888888889098
6.767207999999998
13.999999999999996
14.0
13.999999999999996
14.000000000000004
13.999999999999979
9.255555555555556
2.4111111111111216
9.255555555555556
10.577777777777778
9.488347555555558
9.411652444444442
13.999999999999995
13.999999999999995
14.000000000000004
13.999999999999996
13.999999999999993
13.999999999999998
14.000000000000002
14.000000000000002
6.611111111111111
5.055555555555552
9.411652444444442
14.0
13.999999999999982
14.0
13.999999999999996
13.999999999999995
14.000000000000004
14.0
10.577777777777778
3.966666666666667
7.933333333333334
10.733874666666665
14.0
13.999999999999998
14.0
13.999999999999993
13.999999999999993
13.999999999999996
13.999999999999998
14.0
2.6444444444444444
1.3222222222222222
6.767207999999998
14.0
14.000000000000002
14.0
13.999999999999998
13.999999999999975
14.0
14.000000000000002
13.99999999999999
14.0
6.006125333333375
6.767207999999998
14.0
13.999999999999993
13.999999999999988
14.000000000000004
13.999999999999982
14.000000000000002
13.999999999999993
14.0
14.0
14.0
13.222222222222221
13.999999999999998
13.999999999999993
14.000000000000009
13.99999999999999
13.999999999999984
14.000000000000004
14.0
13.999999999999996
14.000000000000028
13.999999999999993
7.008641644444444
14.0
13.99999999999999
14.000000000000002
13.999999999999995
13.999999999999998
14.0
14.000000000000002
14.0
14.0
14.0
5.477777777777778
10.596666666666668
13.999999999999986
14.000000000000004
13.999999999999996
14.0
14.0
13.999999999999991
13.999999999999993
13.999999999999995
13.999999999999993
9.747530533333334
11.692222222222222
5.4399999999999995
14.0
14.0
13.999999999999993
13.999999999999996
13.999999999999984
13.999999999999991
13.999999999999996
13.999999999999975
10.585555555555622
6.875555555555556
1.1711111111111112
2.0966666666666667
14.000000000000002
13.999999999999991
14.0
14.0
13.999999999999998
13.999999999999982
14.0
5.025308311111111
3.4566666666666666
8.802222222222223
6.214444444444444
10.71
14.0
14.000000000000002
13.999999999999979
13.999999999999986
13.999999999999998
14.0
4.892222222222221
13.999999999999996
2.8522222222222218
7.627777777777778
8.008888888888889
4.703333333333333
14.0
13.99999999999999
14.000000000000004
14.0
13.999999999999986
9.211111111111109
5.987777777777778
2.134444444444444
1.3977777777777778
6.082222222222222
4.136666666666667
1.5488888888888888
14.0
13.999999999999998
14.0
14.000000000000002
14.0
6.403333333333334
3.173333333333333
7.53777777777786
6.573333333333333
4.061111111111112
2.1533333333333333
1.87
14.0
13.999999999999998
14.0
7.419999999999998
7.9144444444444435
2.531111111111111
2.568888888888889
7.064444444444445
5.1755555555555555
8.16
2.398888888888888
5.591111111111111
13.999999999999995
13.999999999999993
12.774444444444464
9.161111111111111
1.9455555555555555
1.2277777777777779
7.29111111111111
4.627777777777778
2.833333333333333
1.9455555555555555
1.0955555555555556
4.363333333333333
13.999999999999984
8.365308311111118
10.388025022222223
14.0
3.7111111111111272
6.195555555555555
4.155555555555555
2.115555555555556
5.383333333333333
1.4922222222222223
3.6833333333333336
4.76
3.854197199999983
7.366666666666667
5.3369139111111625
14.0
7.328888888888889
9.557777777777776
2.21
13.999999999999982
8.474444444444462
3.0599999999999996
5.0055555555555555
5.024444444444445
13.999999999999993
1.1711111111111112
13.593333333333344
13.999999999999995
3.8911111111111114
2.644444444444445
12.333580577777775
1.7566666666666666
3.6455555555555557
6.176666666666666
3.494444444444444
2.342222222222222
5.288888888888889
3.966666666666667
13.999999999999993
8.553580577777817
2.398888888888889
14.0
1.1711111111111112
2.8144444444444447
4.193333333333333
3.91
5.927777777777777
6.630000000001706
6.611111111111111
13.999999999999993
3.150247244444443
0.6233333333333333
14.000000000000002
10.728888888888887
14.000000000000004
3.985555555555555
7.80111111111111
12.882222222222222
0.0
14.0
12.781111111111123
13.999999999999998
9.255555555555556
0.0
11.9
11.899999999999999
13.999999999999986
8.896666666668422
8.556666666666665
0.0
7.1429369135802485
12.274926177777786
3.966666666666667
13.999999999999998
14.000000000000002
10.655555555555555
14.0
11.091949259259257
12.637777777777806
14.000000000000004
0.0
14.000000000000002
0.0
13.999999999999998
14.000000000000002
14.000000000000004
0.0
14.0
14.0
14.000000000000002
3.0188888888888847
0.0
13.999999999999982
0.0
13.999999999999982
14.000000000000005
4.079136133333334
14.0
13.999999999999998
14.0
11.9
11.106666666666667
0.0
13.999999999999982
0.0
14.0
14.0
13.999999999999996
3.966666666666667
10.577777777777778
1.6052825925926246
13.999999999999993
13.999999999999995
0.0
14.0
0.0
13.999999999999991
14.000000000000004
14.000000000000004
13.999999999999993
13.999999999999998
13.07612533333338
13.999999999999996
11.899999999999999
0.0
10.38888888888889
0.0
13.772851599999981
14.0
14.0
14.0
14.0
14.0
14.0
14.000000000000007
6.70455580740744
10.577777777777778
0.0
13.772851599999981
13.999999999999988
13.999999999999964
13.999999999999998
13.999999999999982
0.0
14.0
14.0
11.118888888888906
13.999999999999991
0.0
13.772851599999996
14.000000000000004
13.99999999999999
14.000000000000007
13.999999999999986
10.221222474074075
0.0
14.0
11.007889140740723
13.999999999999995
0.0
13.772851599999987
14.000000000000007
13.999999999999993
14.000000000000002
13.999999999999977
12.372222222222222
0.0
8.575555555555553
10.577777777777778
11.660481733333366
14.0
13.772851599999985
13.999999999999998
13.99999999999998
14.0
14.0
14.0
0.0
12.239999999999998
0.0
14.0
14.0
13.772851599999996
14.000000000000005
13.999999999999984
14.0
13.999999999999982
14.000000000000018
0.0
12.957777777777778
3.5133333333333328
0.0
14.0
13.999999999999995
14.000000000000004
14.0
14.0
14.0
14.0
0.0
10.936666666666666
4.08
0.0
5.9499999999999975
13.772851599999985
13.999999999999996
14.0
13.999999999999996
14.0
14.000000000000004
0.0
8.027777777777771
4.627777777777778
0.0
0.29888888888888887
1.1899999999999997
14.000000000000002
13.999999999999995
13.999999999999996
14.000000000000004
14.0
0.0
0.0
5.1122222222222256
0.0
0.0
0.0
13.999999999999996
13.999999999999993
13.999999999999993
14.000000000000005
13.99999999999999
0.0
0.0
0.0
0.0
0.0
0.0
13.999999999999998
13.999999999999998
13.999999999999995
14.0
14.000000000000005
0.0
0.0
0.0
0.0
0.0
0.0
14.0
14.000000000000004
13.999999999999998
14.000000000000005
13.999999999999998
0.0
0.0
0.0
0.0
0.0
0.0
14.0
14.000000000000004
14.0
14.0
14.00000000000001
0.0
0.0
0.0
0.0
0.0
0.0
13.335555555555555
13.999999999999996
13.404444444444444
14.0
14.0
0.0
0.0
0.0
0.0
0.0
0.0
9.255555555555556
12.239999999999998
10.627777777777773
14.0
12.236666666666665
14.0
0.0
0.0
0.0
0.0
0.0
9.255555555555556
12.48444444444446
13.999999999999986
14.000000000000004
14.000000000000004
14.0
13.999999999999998
0.0
0.0
0.0
0.0
12.334444444444445
11.899999999999999
11.73
13.999999999999998
14.000000000000002
10.97666666666666
14.000000000000005
13.999999999999996
0.0
0.0
0.0
9.799999999999997
14.000000000000004
5.568888888888889
11.9
14.0
14.000000000000002
14.000000000000004
13.983333333333322
14.00000000000001
0.0
0.0
9.255555555555556
13.999999999999998
13.999999999999993
13.999999999999995
13.999999999999996
13.815555555555573
14.000000000000002
14.0
13.999999999999995
13.999999999999996
0.0
13.999999999999986
14.000000000000002
13.999999999999996
13.999999999999998
13.999999999999993
14.0
13.999999999999996
13.999999999999998
14.000000000000002
13.999999999999996
13.999999999999998
10.577777777777778
14.0
10.577777777777778
14.000000000000002
14.0
13.422222222222233
13.999999999999995
13.999999999999996
14.0
13.99999999999999
14.0
11.408888888888889
14.0
14.0
13.999999999999996
14.0
14.000000000000002
14.0
13.999999999999986
14.000000000000004
14.0
13.999999999999975
0.0
14.000000000000004
14.0
14.000000000000002
14.0
14.000000000000004
13.999999999999995
14.0
13.999999999999991
13.999999999999993
14.0
13.999999999999995
0.0
13.999999999999986
14.0
14.0
13.999999999999995
13.999999999999998
13.99999999999999
13.999999999999998
14.0
13.99999999999999
0.0
14.000000000000004
13.999999999999996
14.000000000000002
13.999999999999991
14.000000000000002
14.0
13.999999999999993
14.000000000000004
14.0
14.0
14.0
0.0
14.0
14.0
14.0
13.99999999999994
14.000000000000002
13.999999999999986
13.999999999999991
14.0
14.0
13.999999999999993
0.0
13.999999999999998
13.999999999999993
14.000000000000004
14.0
14.0
13.999999999999998
14.0
14.000000000000002
13.999999999999984
0.0
13.999999999999975
14.000000000000005
14.0
13.999999999999996
13.999999999999993
13.999999999999998
13.999999999999995
13.999999999999995
14.0
9.226172839506228
13.999999999999996
13.99999999999999
13.999999999999998
13.99999999999998
13.999999999999986
13.999999999999993
13.999999999999991
0.0
13.999999999999998
13.999999999999977
13.99999999999995
14.0
14.0
13.999999999999991
13.999999999999979
13.999999999999979
13.999999999999993
14.0
4.136666666666667
0.0
14.0
13.999999999999993
14.0
13.076666666666672
13.058888888891568
14.000000000000002
13.999999999999991
14.0
14.0
2.663333333333333
3.4188888888888886
6.554444444444445
14.0
14.0
14.0
9.477777777777778
14.000000000000004
13.999999999999993
13.999999999999991
14.000000000000002
0.8877777777777777
4.25
5.113680322222222
9.44965301111111
13.999999999999993
14.0
14.000000000000014
14.0
14.0
13.999999999999991
14.0
2.134444444444444
3.7399999999999998
6.417013655555555
5.426319677777777
4.476666666666667
14.0
14.0
14.000000000000002
14.0
14.000000000000004
14.000000000000004
3.0788888888888892
2.9088888888888884
3.3003469888888888
1.5885418999999958
3.6833333333333336
1.4166666666666665
14.0
13.999999999999995
14.0
13.999999999999993
14.0
0.9066666666666667
2.285555555555556
2.5622222222222226
0.0
0.0
0.0
14.000000000000004
13.999999999999991
14.0
14.0
14.0
0.9533333333333375
0.0
0.012222222222222955
0.0
0.0
0.0
14.000000000000002
13.999999999999996
13.999999999999993
14.0
13.999999999999998
0.0
0.0
0.0
0.0
0.0
0.0
13.999999999999993
14.0
14.000000000000004
13.999999999999993
14.000000000000076
0.0
0.0
0.0
0.0
0.0
0.0
14.0
13.835555555555565
13.99999999999999
14.00000000000001
14.000000000000004
0.0
0.0
0.0
0.0
0.0
0.0
13.999999999998634
14.000000000000002
14.0
4.2777777777791455
5.968888888888888
0.0
0.0
0.0
0.0
0.0
0.0
13.999999999999993
14.000000000000002
14.000000000000002
14.000000000000004
14.0
14.0
0.0
0.0
0.0
0.0
0.0
13.999999999999984
13.999999999999986
13.999999999999979
14.0
14.000000000000002
14.0
13.999999999999979
0.0
0.0
0.0
0.0
13.999999999999993
13.999999999999984
13.999999999999998
14.000000000000002
13.999999999999998
14.0
13.99999999999999
14.000000000000002
0.0
0.0
0.0
14.0
13.99999999999999
11.880000000000026
14.0
14.000000000000002
13.999999999999993
13.999999999999986
14.000000000000002
13.823333333333334
0.0
0.0
14.000000000000004
13.999999999999995
13.999999999999998
13.999999999999996
13.999999999999996
13.999999999999993
13.999999999999984
14.0
14.000000000000004
13.999999999999998
0.0
14.000000000000004
14.0
14.0
14.0
14.0
14.000000000000002
13.999999999999982
13.999999999999998
14.0
14.0
13.999999999999998
14.000000000000002
14.0
13.999999999999993
13.999999999999998
14.0
14.0
13.999999999999975
14.0
14.000000000000004
14.0
14.0
13.999999999999979
13.999999999999993
14.000000000000004
13.999999999999995
14.000000000000004
14.0
13.999999999999972
13.999999999999996
13.99999999999999
13.999999999999998
14.0
13.99999999999999
14.000000000000002
14.0
13.999999999999998
14.0
14.0
13.999999999999982
13.999999999999996
14.0
13.844444444444466
14.0
11.402222222222214
7.2155555555555555
14.000000000000002
13.999999999999998
14.000000000000002
13.691499555555582
13.999999999999973
13.999999999999993
13.375167111111114
14.0
14.0
14.0
5.69777777777781
14.0
13.011111111111113
14.0
13.999999999999995
14.000000000000002
9.255555555555556
7.466666666666669
3.188888888888889
14.0
13.999999999999988
13.999999999999998
13.999999999999998
13.99999999999999
13.999999999999993
12.21111111111111
10.577777777777778
13.279927944444454
13.99999999999999
5.775627611111112
14.0
13.999999999999996
13.999999999999991
14.0
14.000000000000002
14.000000000000004
14.0
14.0
13.999999999999961
13.999999999999979
13.999999999999991
14.000000000000021
14.000000000000007
14.0
14.0
14.0
13.99999999999999
13.999999999999979
0.0
10.407705722222229
13.999999999999995
13.999999999999986
13.999999999999984
14.0
13.999999999999993
13.999999999999998
13.999999999999998
14.0
13.999999999999982
3.437777777777777
0.6766666666666655
13.999999999999993
13.999999999999984
13.999999999999991
13.999999999999993
14.000000000000004
14.000000000000004
13.99999999999998
13.99999999999999
13.999999999999993
13.999999999999986
0.0
13.07111111111111
2.6444444444444444
13.99999999999999
13.999999999999996
14.000000000000002
13.999999999999998
13.99999999999999
13.99999999999999
13.999999999999996
6.602294277780342
0.9255555555555555
10.37
3.117865511111111
14.000000000000032
13.99999999999999
14.0
13.999999999999986
13.999999999999998
13.999999999999988
13.99999999999999
13.99999999999999
0.0
12.92
2.0411988444444447
1.8310233777777776
13.999999999999998
14.000000000000002
13.999999999999996
13.999999999999993
13.999999999999993
14.0
14.000000000002004
0.7744444444444444
10.464444444444444
3.23
3.9288888888888884
4.722222222222222
13.999999999999993
14.000000000000007
13.999999999999996
14.0
13.999999999999998
14.000000000000004
0.7555555555555555
10.993333333333332
1.2289766222222223
1.4733333333333332
0.6988888888888888
1.3932455999999949
13.999999999999988
13.99999999999999
14.000000000000002
14.0
14.0
2.069912266666659
5.194444444444445
1.0967544
0.0
0.0
0.0
14.000000000000004
13.999999999999998
13.999999999999998
13.999999999999998
13.999999999999961
0.0
0.0
0.0
0.0
0.0
0.0
14.000000000001542
13.999999999998462
14.0
13.999999999999982
13.999999999999954
0.0
0.0
0.0
0.0
0.0
0.0
13.999999999999998
14.000000000000002
7.36
14.0
13.999999999999968
0.0
0.0
0.0
0.0
0.0
0.0
13.999999999999996
14.0
14.000000000000002
14.0
13.999999999999986
0.0
0.0
0.0
0.0
0.0
0.0
13.999999999999988
13.999999999999984
14.0
13.999999999999995
14.0
0.0
0.0
0.0
0.0
0.0
0.0
14.0
0.0
13.999999999999988
14.0
14.0
14.0
0.0
0.0
0.0
0.0
0.0
6.611111111111111
13.999999999999993
13.99999999999999
13.999999999999993
13.999999999999988
14.0
10.614444444444477
0.0
0.0
0.0
0.0
11.9
3.966666666666667
14.0
10.803333333333335
14.000000000000004
14.000000000000005
13.999999999999998
13.999999999999998
14.0
14.0
13.999999999999991
13.999999999999993
3.1355555555555554
1.9387662000000003
0.2778
0.0
0.0
0.0
14.0
13.99999999999999
14.0
14.0
14.0
0.42331111111226627
0.0
0.2778
0.0
0.0
0.0
14.000000000000004
13.999999999999993
13.999999999999995
14.0
13.99999999999999
0.0
0.0
0.0
0.0
0.0
0.0
13.99999999999999
14.0
14.000000000000002
14.0
14.000000000000002
0.0
0.0
0.0
0.0
0.0
0.0
14.0
13.999999999999986
11.830000000000007
14.000000000000002
14.0
0.0
0.0
0.0
0.0
0.0
0.0
14.0
13.999999999999984
13.014444444444443
8.34555555555557
10.067777777777778
13.222222222222221
0.0
0.0
0.0
0.0
0.0
14.000000000000083
6.611111111111111
0.0
14.000000000000002
13.999999999999995
11.811111111111114
14.000000000000004
0.0
0.0
0.0
0.0
13.999999999999988
0.0
6.611111111111111
13.999999999999993
14.000000000000002
12.551111111111116
12.992222222222223
14.0
0.0
0.0
0.0
13.999999999999988
6.611111111111111
2.6444444444444444
13.78888888888889
13.826666666666666
13.524444444444445
13.492732933333333
14.0
13.873933733333331
0.0
0.0
13.999999999999988
13.999999999999964
0.0
13.999999999999986
14.000000000000002
14.0
13.356666666666674
14.0
9.595555555555556
5.647777777777778
0.0
14.0
13.999999999999982
0.0
14.000000000000002
13.656666666666666
14.000000000000002
13.999999999999998
13.979999999999995
14.0
7.967777777777776
14.0
14.0
14.0
13.999999999999984
14.000000000000004
13.872296099999996
13.422271801234604
0.0
13.999999999999993
13.999999999999979
6.705555555555556
9.765555555555554
0.0
		[INFO] Saved dataset: ./data/training_results/merged_dataset_STAFV3_33_CASE1.csv (Shape: (2016, 201))
		[INFO] Saved metadata: ./data/training_results/feature_info_STAFV3_33_CASE1.json
	[Model Config] Detected Dims: {'static': 4, 'series_count': 5, 'seq_len': 24, 'vehicle': 76, 'emb_vocab': 8023}
		[INFO] Data loaded. Train: 1612, Val: 404
		[INFO] Fitting new scalers on training data...

Epoch |   LR   | Trn RMSE | Val RMSE | Trn R2 | Val R2 | Stop
-----------------------------------------------------------------
    1 | 0.0500 |   7.0395 |   6.6489 | -0.092 |  0.225 | 0/150
    2 | 0.0500 |   6.2349 |   6.1023 |  0.143 |  0.347 | 0/150
    3 | 0.0500 |   6.1279 |   6.2940 |  0.172 |  0.306 | 0/150
    4 | 0.0500 |   5.9486 |   6.2174 |  0.220 |  0.323 | 1/150
    5 | 0.0500 |   6.0627 |   6.0224 |  0.190 |  0.364 | 2/150
    6 | 0.0500 |   6.0524 |   6.0045 |  0.193 |  0.368 | 0/150
    7 | 0.0500 |   6.0659 |   6.1019 |  0.189 |  0.347 | 0/150
    8 | 0.0500 |   5.9728 |   5.9958 |  0.214 |  0.370 | 1/150
    9 | 0.0500 |   5.9563 |   5.9305 |  0.218 |  0.384 | 0/150
   10 | 0.0500 |   5.9767 |   6.1838 |  0.213 |  0.330 | 0/150
   11 | 0.0500 |   5.8944 |   5.9830 |  0.234 |  0.373 | 1/150
   12 | 0.0500 |   5.9001 |   6.1372 |  0.233 |  0.340 | 2/150
   13 | 0.0500 |   5.8532 |   5.9899 |  0.245 |  0.371 | 3/150
   14 | 0.0500 |   5.8858 |   6.4698 |  0.236 |  0.266 | 4/150
   15 | 0.0500 |   5.8143 |   5.8443 |  0.255 |  0.401 | 5/150
