Crash diagnostics ON


==================================================
PART 1: Data preprocess for 2023-01-01 00:00:00 to 2024-09-30 23:00:00...
==================================================

	1.1 Preprocessing radiation data...
		[INFO] Radiation data already exists at './data/timeseries/radiation_data.csv'

	1.2 Preprocessing temperature data...
		[INFO] Temperature data already exists at './data/timeseries/temperature_data.csv'

	1.3 Preprocessing building data...
		[INFO] Building data already exists at './data/timeseries/building_data.csv'

	1.4 Preprocessing electricity cost data...
		[INFO] Electricity cost data already exists at './data/timeseries/electricitycostG2B_data.csv' and './data/timeseries/electricitycostG2V_data.csv'

	1.5 Preprocessing battery demand series data...
		[INFO] Found existing battery data at './data/battery_demand/tol24/resample_full.csv' and './data/battery_demand/tol24/resample_train.csv'

		[INFO] Number of series for clean windows = (168, 37)
		[INFO] Number of eligible series for Case 2 = (1377, 37)
		[INFO] Number of seeds ready for Case 3  = (2000, 36)

		[INFO] Case 1 exists — loaded battery demand from './data/battery_demand/tol24/case1_real_only/battery_demand.npy' with shape (168, 37).
		[INFO] Case 2 exists — loaded battery demand from './data/battery_demand/tol24/case2_nan_filled/battery_demand.npy' with shape (1545, 37).
		[INFO] Case 3 exists — loaded battery demand from './data/battery_demand/tol24/case3_extended_generated/battery_demand.npy' with shape (3545, 37).
		[INFO] Case 0: Successfully added test pair 2024-03-15 & 2024-03-16
		Data: [10536, 28, 30, 35, 37, 37, 36, 33, 26, 10, 6, 10, 14, 19, 18, 15, 20, 26, 15, 9, 16, 21, 20, 8, 12, 15, 24, 31, 35, 32, 35, 34, 32, 31, 30, 22, 14, 18, 27, 18, 19, 19, 25, 25, 25, 26, 27, 17, 19]
		[INFO] Case 0: Successfully added test pair 2024-03-29 & 2024-03-30
		Data: [10872, 13, 26, 31, 33, 33, 33, 31, 15, 8, 19, 11, 15, 18, 16, 18, 18, 19, 7, 4, 23, 23, 16, 17, 18, 18, 19, 24, 29, 30, 30, 22, 27, 21, 14, 15, 16, 20, 18, 23, 27, 18, 2, 10, 23, 22, 22, 17, 21]

	1.6 Generating battery schedule...
		[INFO] Case 1 exists — loaded from './data/battery_demand/tol24/case1_real_only/battery_availability.npy' and './data/battery_demand/tol24/case1_real_only/battery_details.npy' shape (168, 263, 36) and (4, 168, 263)
		[INFO] Case 2 exists — loaded from './data/battery_demand/tol24/case2_nan_filled/battery_availability.npy' and './data/battery_demand/tol24/case2_nan_filled/battery_details.npy' shape (1545, 311, 36) and (4, 1545, 311)
		[INFO] Case 3 exists — loaded from './data/battery_demand/tol24/case3_extended_generated/battery_availability.npy' and './data/battery_demand/tol24/case3_extended_generated/battery_details.npy' shape (3545, 422, 36) and (4, 3545, 422)


==================================================
PART 2: MILP Optimization...
==================================================

	2.1 Optimizing Case 1...
		[INFO] Loaded 168 samples from './data/battery_demand/tol24/case1_real_only'
		[INFO] Results already exist at './data/optimization_results/tol24/case1_real_only/optimization/V2B.npy'. Skipping optimization run.
		[INFO] Results already exist at './data/optimization_results/tol24/case1_real_only/immediate_charging/V2B.npy'. Skipping immediate_charging run.
		[INFO] Case 1 completed.

	2.2 Optimizing Case 2...
		[INFO] Loaded 1545 samples from './data/battery_demand/tol24/case2_nan_filled'
		[INFO] Results already exist at './data/optimization_results/tol24/case2_nan_filled/optimization/V2B.npy'. Skipping optimization run.
		[INFO] Results already exist at './data/optimization_results/tol24/case2_nan_filled/immediate_charging/V2B.npy'. Skipping immediate_charging run.
		[INFO] Case 2 completed.

	2.3 Optimizing Case 3...
		[INFO] Loaded 3545 samples from './data/battery_demand/tol24/case3_extended_generated'
		[INFO] Results already exist at './data/optimization_results/tol24/case3_extended_generated/optimization/V2B.npy'. Skipping optimization run.
		[INFO] Results already exist at './data/optimization_results/tol24/case3_extended_generated/immediate_charging/V2B.npy'. Skipping immediate_charging run.
		[INFO] Case 3 completed.


==================================================
PART 3: Supervised Learning...
==================================================

	3.1 Training Case 1...
		=== Training Log Started: 2025-11-29 15:20:48.551693 ===
		Run Name: STAFV2_24_CASE1
		Device: cuda
		Epochs: 1000, Batch Size: 128, LR: 0.01
		============================================================
		[INFO] Unique quantized indices: 6686
		[INFO] Suggested num_embeddings: 8023
		[INFO] Processed 168 valid samples.
		[INFO] Saved merged dataset: ./data/training_results/merged_windowed_dataset_STAFV2_24_CASE1.csv  (shape: (168, 429))
		[INFO] Saved feature metadata: ./data/training_results/feature_info_STAFV2_24_CASE1.json
		[INFO] Dataset split: 134 train, 34 val
		[INFO] Scalers fitted and saved.

		✅ Model initialized with 38122 params.
		============================================================
		--------------------------------------------------------------------------------------------
		  Epoch    |     LR     |  Train RMSE  |   Val RMSE   |  Train R²  |   Val R²   |  Patience 
		--------------------------------------------------------------------------------------------
		    1/1000 | 0.010000   |   11.43177   |    9.58217   |     -1.356 |     -1.178 |    0/150  
		    2/1000 | 0.010000   |   10.32723   |    9.56818   |     -1.244 |     -1.172 |    0/150  
		    3/1000 | 0.010000   |    7.26740   |    9.49899   |     -1.222 |     -1.141 |    0/150  
		    4/1000 | 0.010000   |    8.05704   |    9.42352   |     -1.179 |     -1.107 |    0/150  
		    5/1000 | 0.010000   |    9.87991   |    9.36243   |     -1.162 |     -1.080 |    0/150  
		    6/1000 | 0.010000   |    8.32757   |    9.26307   |     -1.128 |     -1.036 |    0/150  
		    7/1000 | 0.010000   |    9.18970   |    9.14887   |     -1.068 |     -0.986 |    0/150  
		    8/1000 | 0.010000   |    9.37059   |    9.04964   |     -1.029 |     -0.943 |    0/150  
		    9/1000 | 0.010000   |    9.01986   |    8.95965   |     -0.976 |     -0.905 |    0/150  
		   10/1000 | 0.010000   |    8.73698   |    8.89845   |     -0.924 |     -0.879 |    0/150  
		   11/1000 | 0.010000   |    8.19433   |    8.79312   |     -0.918 |     -0.834 |    0/150  
		   12/1000 | 0.010000   |    9.48663   |    8.69457   |     -0.854 |     -0.794 |    0/150  
		   13/1000 | 0.010000   |    8.55244   |    8.63424   |     -0.792 |     -0.769 |    0/150  
		   14/1000 | 0.010000   |    8.91937   |    8.55378   |     -0.745 |     -0.736 |    0/150  
		   15/1000 | 0.010000   |    7.97434   |    8.42732   |     -0.749 |     -0.685 |    0/150  
		   16/1000 | 0.010000   |    8.41730   |    8.33103   |     -0.614 |     -0.647 |    0/150  
		   17/1000 | 0.010000   |    7.05403   |    8.27603   |     -0.510 |     -0.625 |    0/150  
		   18/1000 | 0.010000   |    7.45158   |    8.10342   |     -0.580 |     -0.558 |    0/150  
		   19/1000 | 0.010000   |    7.59814   |    8.03586   |     -0.458 |     -0.532 |    0/150  
		   20/1000 | 0.010000   |    8.58246   |    7.86781   |     -0.453 |     -0.469 |    0/150  
		   21/1000 | 0.010000   |    7.54499   |    7.54000   |     -0.503 |     -0.349 |    0/150  
		   22/1000 | 0.010000   |    7.74948   |    7.44486   |     -0.383 |     -0.315 |    0/150  
		   23/1000 | 0.010000   |    6.85455   |    7.22414   |     -0.324 |     -0.238 |    0/150  
		   24/1000 | 0.010000   |    8.66638   |    6.93787   |     -0.353 |     -0.142 |    0/150  
		   25/1000 | 0.010000   |    7.61782   |    6.49764   |     -0.252 |     -0.002 |    0/150  
		   26/1000 | 0.010000   |    6.36212   |    6.27319   |     -0.167 |      0.066 |    0/150  
		   27/1000 | 0.010000   |    8.13403   |    6.06398   |     -0.204 |      0.128 |    0/150  
		   28/1000 | 0.010000   |    8.77219   |    5.94352   |     -0.160 |      0.162 |    0/150  
		   29/1000 | 0.010000   |    6.20542   |    5.60958   |     -0.138 |      0.253 |    0/150  
		   30/1000 | 0.010000   |    6.39538   |    5.72114   |      0.002 |      0.223 |    0/150  
		   31/1000 | 0.010000   |    5.80544   |    5.60151   |      0.111 |      0.256 |    1/150  
		   32/1000 | 0.010000   |    4.85678   |    5.64619   |      0.107 |      0.244 |    0/150  
		   33/1000 | 0.010000   |    6.00046   |    5.66098   |      0.065 |      0.240 |    1/150  
		   34/1000 | 0.010000   |    5.28151   |    5.61847   |      0.085 |      0.251 |    2/150  
		   35/1000 | 0.010000   |    7.41005   |    5.59814   |      0.089 |      0.256 |    3/150  
		   36/1000 | 0.010000   |    4.88212   |    5.37265   |      0.199 |      0.315 |    0/150  
		   37/1000 | 0.010000   |    5.93793   |    5.19217   |      0.117 |      0.360 |    0/150  
		   38/1000 | 0.010000   |    6.40706   |    5.06730   |      0.158 |      0.391 |    0/150  
		   39/1000 | 0.010000   |    7.44653   |    5.19524   |      0.191 |      0.360 |    0/150  
		   40/1000 | 0.010000   |    6.75989   |    5.23874   |      0.225 |      0.349 |    1/150  
		   41/1000 | 0.010000   |    6.39852   |    5.11560   |      0.210 |      0.379 |    2/150  
		   42/1000 | 0.010000   |    6.60274   |    5.19304   |      0.140 |      0.360 |    3/150  
		   43/1000 | 0.010000   |    4.86366   |    5.25166   |      0.289 |      0.346 |    4/150  
		   44/1000 | 0.010000   |    4.95835   |    5.36173   |      0.359 |      0.318 |    5/150  
		   45/1000 | 0.010000   |    6.70267   |    5.51645   |      0.334 |      0.278 |    6/150  
		   46/1000 | 0.010000   |    5.55246   |    5.50747   |      0.392 |      0.280 |    7/150  
		   47/1000 | 0.010000   |    7.09159   |    5.28733   |      0.326 |      0.337 |    8/150  
		   48/1000 | 0.010000   |    5.35627   |    5.03260   |      0.337 |      0.399 |    9/150  
		   49/1000 | 0.010000   |    3.85080   |    4.90183   |      0.487 |      0.430 |    0/150  
		                                          ╚══> ✅ SAVED (RMSE: 4.9018)
		   50/1000 | 0.010000   |    6.52472   |    4.88523   |      0.250 |      0.434 |    0/150  
		                                          ╚══> ✅ SAVED (RMSE: 4.8852)
		   51/1000 | 0.010000   |    5.70639   |    4.81918   |      0.425 |      0.449 |    0/150  
		                                          ╚══> ✅ SAVED (RMSE: 4.8192)
		   52/1000 | 0.010000   |    5.15639   |    4.79792   |      0.384 |      0.454 |    0/150  
		                                          ╚══> ✅ SAVED (RMSE: 4.7979)
		   53/1000 | 0.010000   |    6.77825   |    4.78909   |      0.297 |      0.456 |    0/150  
		                                          ╚══> ✅ SAVED (RMSE: 4.7891)
		   54/1000 | 0.010000   |    5.26709   |    4.82736   |      0.344 |      0.447 |    0/150  
		   55/1000 | 0.010000   |    5.44816   |    4.98261   |      0.344 |      0.411 |    1/150  
		   56/1000 | 0.010000   |    4.37149   |    5.05041   |      0.375 |      0.395 |    2/150  
		   57/1000 | 0.010000   |    5.31975   |    5.06571   |      0.236 |      0.391 |    3/150  
		   58/1000 | 0.010000   |    4.40612   |    5.25492   |      0.444 |      0.345 |    4/150  
		   59/1000 | 0.010000   |    5.33544   |    5.37116   |      0.312 |      0.316 |    5/150  
		   60/1000 | 0.010000   |    5.30507   |    5.28976   |      0.305 |      0.336 |    6/150  
		   61/1000 | 0.010000   |    5.70364   |    4.99413   |      0.405 |      0.408 |    7/150  
		   62/1000 | 0.010000   |    5.44871   |    4.86256   |      0.419 |      0.439 |    8/150  
		   63/1000 | 0.010000   |    6.19393   |    4.80283   |      0.361 |      0.453 |    9/150  
		   64/1000 | 0.010000   |    5.41443   |    4.66798   |      0.413 |      0.483 |   10/150  
		                                          ╚══> ✅ SAVED (RMSE: 4.6680)
		   65/1000 | 0.010000   |    5.31647   |    4.56752   |      0.494 |      0.505 |    0/150  
		                                          ╚══> ✅ SAVED (RMSE: 4.5675)
		   66/1000 | 0.010000   |    5.66651   |    4.58462   |      0.343 |      0.501 |    0/150  
		   67/1000 | 0.010000   |    4.37799   |    4.64143   |      0.521 |      0.489 |    1/150  
		   68/1000 | 0.010000   |    4.59871   |    4.63149   |      0.473 |      0.491 |    2/150  
		   69/1000 | 0.010000   |    4.03906   |    4.81613   |      0.444 |      0.450 |    3/150  
		   70/1000 | 0.010000   |    5.08066   |    5.05302   |      0.488 |      0.394 |    4/150  
		   71/1000 | 0.010000   |    5.06198   |    5.23333   |      0.528 |      0.350 |    5/150  
		   72/1000 | 0.010000   |    5.22803   |    5.15497   |      0.426 |      0.370 |    6/150  
		   73/1000 | 0.010000   |    4.39280   |    5.08085   |      0.596 |      0.388 |    7/150  
		   74/1000 | 0.010000   |    5.50325   |    5.13557   |      0.518 |      0.374 |    8/150  
		   75/1000 | 0.010000   |    4.70567   |    5.13239   |      0.529 |      0.375 |    9/150  
		   76/1000 | 0.010000   |    4.00787   |    4.95923   |      0.450 |      0.416 |   10/150  
		   77/1000 | 0.010000   |    3.93861   |    4.78589   |      0.517 |      0.457 |   11/150  
		   78/1000 | 0.010000   |    4.63553   |    4.76163   |      0.483 |      0.462 |   12/150  
		   79/1000 | 0.010000   |    4.50374   |    4.85673   |      0.553 |      0.440 |   13/150  
		   80/1000 | 0.010000   |    5.33437   |    4.81134   |      0.533 |      0.451 |   14/150  
		   81/1000 | 0.005000   |    6.51077   |    4.87129   |      0.546 |      0.437 |   15/150  
		   82/1000 | 0.005000   |    3.53319   |    4.81745   |      0.538 |      0.449 |   16/150  
		   83/1000 | 0.005000   |    4.15460   |    4.74308   |      0.481 |      0.466 |   17/150  
		   84/1000 | 0.005000   |    5.08965   |    4.70481   |      0.490 |      0.475 |   18/150  
		   85/1000 | 0.005000   |    4.08123   |    4.73691   |      0.490 |      0.468 |   19/150  
		   86/1000 | 0.005000   |    5.44617   |    4.78621   |      0.486 |      0.456 |   20/150  
		   87/1000 | 0.005000   |    5.44474   |    4.69399   |      0.479 |      0.477 |   21/150  
		   88/1000 | 0.005000   |    4.83609   |    4.67189   |      0.418 |      0.482 |   22/150  
		   89/1000 | 0.005000   |    4.66543   |    4.79745   |      0.556 |      0.454 |   23/150  
		   90/1000 | 0.005000   |    4.49782   |    4.87896   |      0.527 |      0.435 |   24/150  
		   91/1000 | 0.005000   |    4.21305   |    4.99275   |      0.551 |      0.409 |   25/150  
		   92/1000 | 0.005000   |    4.95763   |    4.89322   |      0.640 |      0.432 |   26/150  
		   93/1000 | 0.005000   |    4.89567   |    5.00708   |      0.521 |      0.405 |   27/150  
		   94/1000 | 0.005000   |    4.57630   |    4.88294   |      0.466 |      0.434 |   28/150  
		   95/1000 | 0.005000   |    5.00001   |    4.88673   |      0.473 |      0.433 |   29/150  
		   96/1000 | 0.005000   |    9.63885   |    5.00310   |      0.266 |      0.406 |   30/150  
		   97/1000 | 0.002500   |    5.38983   |    4.78393   |      0.539 |      0.457 |   31/150  
		   98/1000 | 0.002500   |    5.14476   |    4.70691   |      0.514 |      0.474 |   32/150  
		   99/1000 | 0.002500   |    5.24898   |    4.61512   |      0.521 |      0.495 |   33/150  
		  100/1000 | 0.002500   |    5.06549   |    4.55392   |      0.511 |      0.508 |   34/150  
		                                          ╚══> ✅ SAVED (RMSE: 4.5539)
		  101/1000 | 0.002500   |    4.44299   |    4.59798   |      0.426 |      0.498 |    0/150  
		  102/1000 | 0.002500   |    4.47828   |    4.56020   |      0.470 |      0.507 |    1/150  
		  103/1000 | 0.002500   |    5.10250   |    4.54876   |      0.485 |      0.509 |    2/150  
		                                          ╚══> ✅ SAVED (RMSE: 4.5488)
		  104/1000 | 0.002500   |    4.46348   |    4.55610   |      0.525 |      0.508 |    0/150  
		  105/1000 | 0.002500   |    4.29241   |    4.55339   |      0.532 |      0.508 |    1/150  
		  106/1000 | 0.002500   |    3.27059   |    4.59524   |      0.641 |      0.499 |    2/150  
		  107/1000 | 0.002500   |    4.84617   |    4.60609   |      0.468 |      0.497 |    3/150  
		  108/1000 | 0.002500   |    5.29468   |    4.67600   |      0.581 |      0.481 |    4/150  
		  109/1000 | 0.002500   |    3.98458   |    4.69807   |      0.529 |      0.476 |    5/150  
		  110/1000 | 0.002500   |    6.38200   |    4.72136   |      0.507 |      0.471 |    6/150  
		  111/1000 | 0.002500   |    5.29162   |    4.80887   |      0.474 |      0.451 |    7/150  
		  112/1000 | 0.002500   |    5.13663   |    4.76623   |      0.631 |      0.461 |    8/150  
		  113/1000 | 0.002500   |    5.38383   |    4.80790   |      0.516 |      0.452 |    9/150  
		  114/1000 | 0.002500   |    3.98036   |    4.79838   |      0.514 |      0.454 |   10/150  
		  115/1000 | 0.002500   |    3.43161   |    4.76431   |      0.659 |      0.461 |   11/150  
		  116/1000 | 0.002500   |    4.32036   |    4.74501   |      0.496 |      0.466 |   12/150  
		  117/1000 | 0.002500   |    3.74505   |    4.69347   |      0.631 |      0.477 |   13/150  
		  118/1000 | 0.002500   |    4.86667   |    4.73993   |      0.512 |      0.467 |   14/150  
		  119/1000 | 0.001250   |    3.05910   |    4.71877   |      0.646 |      0.472 |   15/150  
		  120/1000 | 0.001250   |    3.70160   |    4.71999   |      0.603 |      0.471 |   16/150  
		  121/1000 | 0.001250   |    3.63721   |    4.65409   |      0.525 |      0.486 |   17/150  
		  122/1000 | 0.001250   |    6.90569   |    4.83706   |      0.520 |      0.445 |   18/150  
		  123/1000 | 0.001250   |    4.73469   |    4.93960   |      0.550 |      0.421 |   19/150  
		  124/1000 | 0.001250   |    5.86612   |    5.06108   |      0.609 |      0.392 |   20/150  
		  125/1000 | 0.001250   |    5.74651   |    5.15894   |      0.514 |      0.369 |   21/150  
		  126/1000 | 0.001250   |    5.22024   |    5.08561   |      0.597 |      0.386 |   22/150  
		  127/1000 | 0.001250   |    3.43518   |    5.11805   |      0.604 |      0.379 |   23/150  
		  128/1000 | 0.001250   |    4.30178   |    4.91282   |      0.577 |      0.427 |   24/150  
		  129/1000 | 0.001250   |    4.00713   |    4.75456   |      0.554 |      0.464 |   25/150  
		  130/1000 | 0.001250   |    5.29741   |    4.58885   |      0.497 |      0.500 |   26/150  
		  131/1000 | 0.001250   |    4.61990   |    4.56582   |      0.609 |      0.505 |   27/150  
		  132/1000 | 0.001250   |    4.09937   |    4.57353   |      0.639 |      0.504 |   28/150  
		  133/1000 | 0.001250   |    4.10296   |    4.70313   |      0.492 |      0.475 |   29/150  
		  134/1000 | 0.001250   |    6.29852   |    4.85270   |      0.469 |      0.441 |   30/150  
		  135/1000 | 0.000625   |    3.56770   |    4.71802   |      0.549 |      0.472 |   31/150  
		  136/1000 | 0.000625   |    5.25278   |    4.77491   |      0.553 |      0.459 |   32/150  
		  137/1000 | 0.000625   |    4.09648   |    4.72205   |      0.607 |      0.471 |   33/150  
		  138/1000 | 0.000625   |    5.35787   |    4.73707   |      0.595 |      0.468 |   34/150  
		  139/1000 | 0.000625   |    5.18732   |    4.81666   |      0.453 |      0.450 |   35/150  
		  140/1000 | 0.000625   |    4.52067   |    4.84932   |      0.628 |      0.442 |   36/150  
		  141/1000 | 0.000625   |    6.01494   |    4.77212   |      0.545 |      0.460 |   37/150  
		  142/1000 | 0.000625   |    5.40042   |    4.65822   |      0.472 |      0.485 |   38/150  
		  143/1000 | 0.000625   |    7.21632   |    4.53056   |      0.437 |      0.513 |   39/150  
		                                          ╚══> ✅ SAVED (RMSE: 4.5306)
		  144/1000 | 0.000625   |    5.71386   |    4.59185   |      0.509 |      0.500 |    0/150  
		  145/1000 | 0.000625   |    4.15522   |    4.50735   |      0.540 |      0.518 |    1/150  
		                                          ╚══> ✅ SAVED (RMSE: 4.5074)
		  146/1000 | 0.000625   |    4.97294   |    4.53075   |      0.507 |      0.513 |    0/150  
		  147/1000 | 0.000625   |    3.83256   |    4.57784   |      0.553 |      0.503 |    1/150  
		  148/1000 | 0.000625   |    5.60280   |    4.64605   |      0.565 |      0.488 |    2/150  
		  149/1000 | 0.000625   |    6.87679   |    4.82855   |      0.556 |      0.447 |    3/150  
		  150/1000 | 0.000625   |    4.77253   |    4.76101   |      0.562 |      0.462 |    4/150  
		  151/1000 | 0.000625   |    5.06131   |    4.81888   |      0.525 |      0.449 |    5/150  
		  152/1000 | 0.000625   |    4.33931   |    4.71562   |      0.607 |      0.472 |    6/150  
		  153/1000 | 0.000625   |    4.39390   |    4.64508   |      0.615 |      0.488 |    7/150  
		  154/1000 | 0.000625   |    5.39076   |    4.60143   |      0.494 |      0.498 |    8/150  
		  155/1000 | 0.000625   |    4.09946   |    4.57748   |      0.606 |      0.503 |    9/150  
		  156/1000 | 0.000625   |    5.10764   |    4.56951   |      0.534 |      0.505 |   10/150  
		  157/1000 | 0.000625   |    4.56512   |    4.50484   |      0.564 |      0.519 |   11/150  
		                                          ╚══> ✅ SAVED (RMSE: 4.5048)
		  158/1000 | 0.000625   |    4.26317   |    4.50746   |      0.606 |      0.518 |    0/150  
		  159/1000 | 0.000625   |    6.01004   |    4.46062   |      0.562 |      0.528 |    1/150  
		                                          ╚══> ✅ SAVED (RMSE: 4.4606)
		  160/1000 | 0.000625   |    4.94932   |    4.52774   |      0.551 |      0.514 |    0/150  
		  161/1000 | 0.000625   |    5.04293   |    4.63212   |      0.497 |      0.491 |    1/150  
		  162/1000 | 0.000625   |    4.88634   |    4.65146   |      0.588 |      0.487 |    2/150  
		  163/1000 | 0.000625   |    3.70568   |    4.53156   |      0.544 |      0.513 |    3/150  
		  164/1000 | 0.000625   |    3.42062   |    4.57556   |      0.677 |      0.503 |    4/150  
		  165/1000 | 0.000625   |    3.96494   |    4.62207   |      0.483 |      0.493 |    5/150  
		  166/1000 | 0.000625   |    4.09911   |    4.60521   |      0.479 |      0.497 |    6/150  
		  167/1000 | 0.000625   |    4.07821   |    4.63402   |      0.569 |      0.491 |    7/150  
		  168/1000 | 0.000625   |    4.25873   |    4.69416   |      0.515 |      0.477 |    8/150  
		  169/1000 | 0.000625   |    5.27723   |    4.69089   |      0.505 |      0.478 |    9/150  
		  170/1000 | 0.000625   |    3.30571   |    4.61045   |      0.652 |      0.496 |   10/150  
		  171/1000 | 0.000625   |    5.24240   |    4.71398   |      0.613 |      0.473 |   11/150  
		  172/1000 | 0.000625   |    3.82769   |    4.77735   |      0.568 |      0.459 |   12/150  
		  173/1000 | 0.000625   |    4.04061   |    4.69457   |      0.574 |      0.477 |   13/150  
		  174/1000 | 0.000625   |    5.26333   |    4.54548   |      0.573 |      0.510 |   14/150  
		  175/1000 | 0.000313   |    4.63700   |    4.66300   |      0.614 |      0.484 |   15/150  
		  176/1000 | 0.000313   |    3.36642   |    4.68126   |      0.537 |      0.480 |   16/150  
		  177/1000 | 0.000313   |    4.09747   |    4.61939   |      0.563 |      0.494 |   17/150  
		  178/1000 | 0.000313   |    4.64612   |    4.63879   |      0.479 |      0.489 |   18/150  
		  179/1000 | 0.000313   |    4.02512   |    4.70811   |      0.574 |      0.474 |   19/150  
		  180/1000 | 0.000313   |    5.80530   |    4.66379   |      0.562 |      0.484 |   20/150  
		  181/1000 | 0.000313   |    5.26322   |    4.63991   |      0.559 |      0.489 |   21/150  
		  182/1000 | 0.000313   |    4.81537   |    4.66383   |      0.547 |      0.484 |   22/150  
		  183/1000 | 0.000313   |    5.71567   |    4.77142   |      0.506 |      0.460 |   23/150  
		  184/1000 | 0.000313   |    5.81978   |    4.77902   |      0.602 |      0.458 |   24/150  
		  185/1000 | 0.000313   |    5.09151   |    4.75853   |      0.569 |      0.463 |   25/150  
		  186/1000 | 0.000313   |    5.02345   |    4.74496   |      0.439 |      0.466 |   26/150  
		  187/1000 | 0.000313   |    4.85514   |    4.80534   |      0.605 |      0.452 |   27/150  
		  188/1000 | 0.000313   |    5.57684   |    4.92532   |      0.495 |      0.424 |   28/150  
		  189/1000 | 0.000313   |    3.77688   |    4.87280   |      0.611 |      0.437 |   29/150  
		  190/1000 | 0.000313   |    4.28033   |    4.75976   |      0.552 |      0.462 |   30/150  
		  191/1000 | 0.000156   |    6.87252   |    4.92753   |      0.501 |      0.424 |   31/150  
		  192/1000 | 0.000156   |    5.19682   |    4.98036   |      0.640 |      0.412 |   32/150  
		  193/1000 | 0.000156   |    4.77863   |    4.85175   |      0.540 |      0.442 |   33/150  
		  194/1000 | 0.000156   |    5.04133   |    4.95047   |      0.596 |      0.419 |   34/150  
		  195/1000 | 0.000156   |    5.10955   |    4.95795   |      0.563 |      0.417 |   35/150  
		  196/1000 | 0.000156   |    4.71913   |    4.90750   |      0.581 |      0.429 |   36/150  
		  197/1000 | 0.000156   |    4.28924   |    4.94626   |      0.616 |      0.420 |   37/150  
		  198/1000 | 0.000156   |    5.54245   |    5.00686   |      0.542 |      0.405 |   38/150  
		  199/1000 | 0.000156   |    5.43189   |    5.01058   |      0.610 |      0.404 |   39/150  
		  200/1000 | 0.000156   |    4.31508   |    4.91634   |      0.551 |      0.427 |   40/150  
		  201/1000 | 0.000156   |    3.21402   |    4.88121   |      0.598 |      0.435 |   41/150  
		  202/1000 | 0.000156   |    6.65434   |    4.89030   |      0.521 |      0.433 |   42/150  
		  203/1000 | 0.000156   |    5.92733   |    4.87904   |      0.547 |      0.435 |   43/150  
		  204/1000 | 0.000156   |    4.80175   |    4.92448   |      0.619 |      0.425 |   44/150  
		  205/1000 | 0.000156   |    4.66884   |    4.91879   |      0.590 |      0.426 |   45/150  
		  206/1000 | 0.000156   |    5.40056   |    4.88292   |      0.565 |      0.434 |   46/150  
		  207/1000 | 0.000078   |    3.94602   |    4.77181   |      0.563 |      0.460 |   47/150  
		  208/1000 | 0.000078   |    4.95947   |    4.86138   |      0.610 |      0.439 |   48/150  
		  209/1000 | 0.000078   |    4.78477   |    4.68859   |      0.534 |      0.478 |   49/150  
		  210/1000 | 0.000078   |    4.78046   |    4.68969   |      0.527 |      0.478 |   50/150  
		  211/1000 | 0.000078   |    4.54000   |    4.73203   |      0.546 |      0.469 |   51/150  
		  212/1000 | 0.000078   |    3.88477   |    4.62682   |      0.507 |      0.492 |   52/150  
		  213/1000 | 0.000078   |    4.15637   |    4.55866   |      0.585 |      0.507 |   53/150  
		  214/1000 | 0.000078   |    4.43399   |    4.60967   |      0.558 |      0.496 |   54/150  
		  215/1000 | 0.000078   |    4.15454   |    4.65963   |      0.589 |      0.485 |   55/150  
		  216/1000 | 0.000078   |    6.27884   |    4.73129   |      0.610 |      0.469 |   56/150  
		  217/1000 | 0.000078   |    4.30109   |    4.64170   |      0.610 |      0.489 |   57/150  
		  218/1000 | 0.000078   |    3.41058   |    4.76600   |      0.551 |      0.461 |   58/150  
		  219/1000 | 0.000078   |    3.93085   |    4.67708   |      0.589 |      0.481 |   59/150  
		  220/1000 | 0.000078   |    3.38247   |    4.72456   |      0.573 |      0.470 |   60/150  
		  221/1000 | 0.000078   |    4.08430   |    4.79835   |      0.614 |      0.454 |   61/150  
		  222/1000 | 0.000078   |    4.04072   |    4.75636   |      0.655 |      0.463 |   62/150  
		  223/1000 | 0.000039   |    5.60902   |    4.72099   |      0.598 |      0.471 |   63/150  
		  224/1000 | 0.000039   |    3.85020   |    4.76980   |      0.619 |      0.460 |   64/150  
		  225/1000 | 0.000039   |    4.63864   |    4.74548   |      0.529 |      0.466 |   65/150  
		  226/1000 | 0.000039   |    4.90903   |    4.78494   |      0.533 |      0.457 |   66/150  
		  227/1000 | 0.000039   |    3.82565   |    4.83781   |      0.478 |      0.445 |   67/150  
		  228/1000 | 0.000039   |    6.81263   |    4.91727   |      0.584 |      0.426 |   68/150  
		  229/1000 | 0.000039   |    3.86022   |    4.81451   |      0.599 |      0.450 |   69/150  
		  230/1000 | 0.000039   |    5.20582   |    4.75071   |      0.552 |      0.465 |   70/150  
		  231/1000 | 0.000039   |    3.09487   |    4.78545   |      0.637 |      0.457 |   71/150  
		  232/1000 | 0.000039   |    4.18593   |    4.76106   |      0.533 |      0.462 |   72/150  
		  233/1000 | 0.000039   |    4.38583   |    4.76693   |      0.615 |      0.461 |   73/150  
		  234/1000 | 0.000039   |    5.50417   |    4.80120   |      0.561 |      0.453 |   74/150  
		  235/1000 | 0.000039   |    6.03951   |    4.88094   |      0.556 |      0.435 |   75/150  
		  236/1000 | 0.000039   |    4.93000   |    4.88096   |      0.564 |      0.435 |   76/150  
		  237/1000 | 0.000039   |    3.69148   |    4.91841   |      0.531 |      0.426 |   77/150  
		  238/1000 | 0.000039   |    7.52301   |    5.07448   |      0.484 |      0.389 |   78/150  
		  239/1000 | 0.000020   |    4.68434   |    5.05558   |      0.627 |      0.394 |   79/150  
		  240/1000 | 0.000020   |    3.25487   |    4.96564   |      0.680 |      0.415 |   80/150  
		  241/1000 | 0.000020   |    3.29098   |    4.96319   |      0.606 |      0.416 |   81/150  
		  242/1000 | 0.000020   |    4.52839   |    4.92994   |      0.578 |      0.423 |   82/150  
		  243/1000 | 0.000020   |    3.04224   |    4.76688   |      0.595 |      0.461 |   83/150  
		  244/1000 | 0.000020   |    4.81039   |    4.69477   |      0.543 |      0.477 |   84/150  
		  245/1000 | 0.000020   |    4.98934   |    4.72237   |      0.482 |      0.471 |   85/150  
		  246/1000 | 0.000020   |    3.33209   |    4.75390   |      0.585 |      0.464 |   86/150  
		  247/1000 | 0.000020   |    4.03617   |    4.82553   |      0.521 |      0.448 |   87/150  
		  248/1000 | 0.000020   |    4.46583   |    4.79145   |      0.479 |      0.455 |   88/150  
		  249/1000 | 0.000020   |    3.47839   |    4.84601   |      0.647 |      0.443 |   89/150  
		  250/1000 | 0.000020   |    4.48545   |    4.84260   |      0.518 |      0.444 |   90/150  
		  251/1000 | 0.000020   |    3.54168   |    4.81067   |      0.598 |      0.451 |   91/150  
		  252/1000 | 0.000020   |    4.50720   |    4.85954   |      0.634 |      0.440 |   92/150  
		  253/1000 | 0.000020   |    3.37382   |    4.84676   |      0.626 |      0.443 |   93/150  
		  254/1000 | 0.000020   |    4.67084   |    4.71840   |      0.566 |      0.472 |   94/150  
		  255/1000 | 0.000010   |    6.87562   |    4.80347   |      0.557 |      0.453 |   95/150  
		  256/1000 | 0.000010   |    5.16937   |    4.75736   |      0.576 |      0.463 |   96/150  
		  257/1000 | 0.000010   |    5.18162   |    4.75414   |      0.602 |      0.464 |   97/150  
		  258/1000 | 0.000010   |    4.19914   |    4.75910   |      0.522 |      0.463 |   98/150  
		  259/1000 | 0.000010   |    5.05640   |    4.79921   |      0.530 |      0.454 |   99/150  
		  260/1000 | 0.000010   |    5.63815   |    4.74760   |      0.486 |      0.465 |  100/150  
		  261/1000 | 0.000010   |    3.76527   |    4.68974   |      0.599 |      0.478 |  101/150  
		  262/1000 | 0.000010   |    3.86143   |    4.72874   |      0.544 |      0.469 |  102/150  
		  263/1000 | 0.000010   |    4.43934   |    4.73713   |      0.535 |      0.468 |  103/150  
		  264/1000 | 0.000010   |    4.56094   |    4.69110   |      0.522 |      0.478 |  104/150  
		  265/1000 | 0.000010   |    4.41916   |    4.70234   |      0.484 |      0.475 |  105/150  
		  266/1000 | 0.000010   |    3.19787   |    4.70725   |      0.637 |      0.474 |  106/150  
		  267/1000 | 0.000010   |    4.74831   |    4.79353   |      0.590 |      0.455 |  107/150  
		  268/1000 | 0.000010   |    5.44728   |    4.76299   |      0.362 |      0.462 |  108/150  
		  269/1000 | 0.000010   |    4.33224   |    4.66952   |      0.609 |      0.483 |  109/150  
		  270/1000 | 0.000010   |    4.45363   |    4.62192   |      0.586 |      0.493 |  110/150  
		  271/1000 | 0.000005   |    5.29359   |    4.72272   |      0.542 |      0.471 |  111/150  
		  272/1000 | 0.000005   |    4.94499   |    4.70526   |      0.567 |      0.475 |  112/150  
		  273/1000 | 0.000005   |    3.99105   |    4.61839   |      0.584 |      0.494 |  113/150  
		  274/1000 | 0.000005   |    4.00875   |    4.66749   |      0.616 |      0.483 |  114/150  
		  275/1000 | 0.000005   |    4.83642   |    4.74253   |      0.562 |      0.466 |  115/150  
		  276/1000 | 0.000005   |    4.90529   |    4.63238   |      0.600 |      0.491 |  116/150  
		  277/1000 | 0.000005   |    4.11236   |    4.60082   |      0.508 |      0.498 |  117/150  
		  278/1000 | 0.000005   |    4.63727   |    4.69199   |      0.574 |      0.478 |  118/150  
		  279/1000 | 0.000005   |    3.92562   |    4.74201   |      0.582 |      0.466 |  119/150  
		  280/1000 | 0.000005   |    3.41432   |    4.81070   |      0.664 |      0.451 |  120/150  
		  281/1000 | 0.000005   |    3.50250   |    4.71041   |      0.619 |      0.474 |  121/150  
		  282/1000 | 0.000005   |    4.09284   |    4.63394   |      0.657 |      0.491 |  122/150  
		  283/1000 | 0.000005   |    4.88148   |    4.62748   |      0.600 |      0.492 |  123/150  
		  284/1000 | 0.000005   |    4.59606   |    4.70154   |      0.634 |      0.476 |  124/150  
		  285/1000 | 0.000005   |    4.34370   |    4.66594   |      0.561 |      0.483 |  125/150  
		  286/1000 | 0.000005   |    4.30057   |    4.69361   |      0.592 |      0.477 |  126/150  
		  287/1000 | 0.000002   |    5.27162   |    4.77199   |      0.590 |      0.460 |  127/150  
		  288/1000 | 0.000002   |    4.87267   |    4.67347   |      0.625 |      0.482 |  128/150  
		  289/1000 | 0.000002   |    3.39005   |    4.62353   |      0.611 |      0.493 |  129/150  
		  290/1000 | 0.000002   |    4.75076   |    4.66646   |      0.607 |      0.483 |  130/150  
		  291/1000 | 0.000002   |    3.91939   |    4.75720   |      0.671 |      0.463 |  131/150  
		  292/1000 | 0.000002   |    4.31229   |    4.73658   |      0.528 |      0.468 |  132/150  
		  293/1000 | 0.000002   |    3.48185   |    4.77116   |      0.626 |      0.460 |  133/150  
		  294/1000 | 0.000002   |    6.11289   |    4.77350   |      0.520 |      0.459 |  134/150  
		  295/1000 | 0.000002   |    7.57446   |    4.90380   |      0.551 |      0.429 |  135/150  
		  296/1000 | 0.000002   |    3.61095   |    4.90131   |      0.623 |      0.430 |  136/150  
		  297/1000 | 0.000002   |    4.32328   |    4.70388   |      0.599 |      0.475 |  137/150  
		  298/1000 | 0.000002   |    3.15842   |    4.62880   |      0.569 |      0.492 |  138/150  
		  299/1000 | 0.000002   |    5.15172   |    4.68876   |      0.602 |      0.478 |  139/150  
		  300/1000 | 0.000002   |    5.87180   |    4.74121   |      0.540 |      0.467 |  140/150  
		  301/1000 | 0.000002   |    5.24203   |    4.86300   |      0.503 |      0.439 |  141/150  
		  302/1000 | 0.000002   |    5.05544   |    4.92062   |      0.682 |      0.426 |  142/150  
		  303/1000 | 0.000001   |    4.97174   |    4.77226   |      0.639 |      0.460 |  143/150  
		  304/1000 | 0.000001   |    4.83578   |    4.77137   |      0.643 |      0.460 |  144/150  
		  305/1000 | 0.000001   |    4.48470   |    4.90868   |      0.585 |      0.428 |  145/150  
		  306/1000 | 0.000001   |    4.47792   |    4.92584   |      0.609 |      0.424 |  146/150  
		  307/1000 | 0.000001   |    3.25796   |    4.86592   |      0.646 |      0.438 |  147/150  
		  308/1000 | 0.000001   |    4.17944   |    4.74389   |      0.578 |      0.466 |  148/150  
		  309/1000 | 0.000001   |    7.44266   |    4.87429   |      0.508 |      0.436 |  149/150  

		Early stopping triggered.
		[INFO] Case 1 completed.

	3.2 Training Case 2...
		=== Training Log Started: 2025-11-29 15:23:01.768962 ===
		Run Name: STAFV2_24_CASE2
		Device: cuda
		Epochs: 1000, Batch Size: 128, LR: 0.01
		============================================================
		[INFO] Unique quantized indices: 24142
		[INFO] Suggested num_embeddings: 28970
		[INFO] Processed 1545 valid samples.
		[INFO] Saved merged dataset: ./data/training_results/merged_windowed_dataset_STAFV2_24_CASE2.csv  (shape: (1545, 429))
		[INFO] Saved feature metadata: ./data/training_results/feature_info_STAFV2_24_CASE2.json
		[INFO] Dataset split: 1236 train, 309 val
		[INFO] Scalers fitted and saved.

		✅ Model initialized with 38122 params.
		============================================================
		--------------------------------------------------------------------------------------------
		  Epoch    |     LR     |  Train RMSE  |   Val RMSE   |  Train R²  |   Val R²   |  Patience 
		--------------------------------------------------------------------------------------------
		    1/1000 | 0.010000   |   10.03318   |    9.26274   |     -1.459 |     -1.033 |    0/150  
		    2/1000 | 0.010000   |    9.48898   |    8.77179   |     -1.213 |     -0.823 |    0/150  
		    3/1000 | 0.010000   |    8.94063   |    8.40269   |     -0.949 |     -0.674 |    0/150  
		    4/1000 | 0.010000   |    8.34981   |    8.06704   |     -0.717 |     -0.543 |    0/150  
		    5/1000 | 0.010000   |    7.65100   |    7.52530   |     -0.440 |     -0.341 |    0/150  
		    6/1000 | 0.010000   |    7.05969   |    8.23720   |     -0.214 |     -0.609 |    0/150  
		    7/1000 | 0.010000   |    6.35518   |    7.68115   |     -0.004 |     -0.392 |    1/150  
		    8/1000 | 0.010000   |    5.85981   |    5.13149   |      0.151 |      0.332 |    2/150  
		    9/1000 | 0.010000   |    5.58751   |    5.06130   |      0.237 |      0.364 |    0/150  
		   10/1000 | 0.010000   |    5.37169   |    5.26497   |      0.290 |      0.308 |    0/150  
		   11/1000 | 0.010000   |    5.31785   |    5.28748   |      0.304 |      0.307 |    1/150  
		   12/1000 | 0.010000   |    5.13655   |    4.76458   |      0.350 |      0.409 |    2/150  
		                                          ╚══> ✅ SAVED (RMSE: 4.7646)
		   13/1000 | 0.010000   |    5.27639   |    4.88826   |      0.320 |      0.399 |    0/150  
		   14/1000 | 0.010000   |    5.09284   |    4.71502   |      0.370 |      0.436 |    1/150  
		                                          ╚══> ✅ SAVED (RMSE: 4.7150)
		   15/1000 | 0.010000   |    5.03878   |    4.70716   |      0.378 |      0.431 |    0/150  
		                                          ╚══> ✅ SAVED (RMSE: 4.7072)
		   16/1000 | 0.010000   |    4.96469   |    4.57278   |      0.390 |      0.465 |    0/150  
		                                          ╚══> ✅ SAVED (RMSE: 4.5728)
		   17/1000 | 0.010000   |    4.73582   |    4.60553   |      0.449 |      0.457 |    0/150  
		   18/1000 | 0.010000   |    4.84084   |    4.70820   |      0.423 |      0.426 |    1/150  
		   19/1000 | 0.010000   |    4.61496   |    4.63104   |      0.476 |      0.448 |    2/150  
		   20/1000 | 0.010000   |    4.60200   |    4.82792   |      0.478 |      0.399 |    3/150  
		   21/1000 | 0.010000   |    4.67098   |    4.70106   |      0.464 |      0.431 |    4/150  
		   22/1000 | 0.010000   |    4.50930   |    4.90833   |      0.498 |      0.376 |    5/150  
		   23/1000 | 0.010000   |    4.60870   |    4.80813   |      0.482 |      0.402 |    6/150  
		   24/1000 | 0.010000   |    4.54454   |    4.75682   |      0.494 |      0.414 |    7/150  
		   25/1000 | 0.010000   |    4.48778   |    4.60996   |      0.507 |      0.445 |    8/150  
		   26/1000 | 0.010000   |    4.36449   |    4.66357   |      0.527 |      0.436 |    9/150  
		   27/1000 | 0.010000   |    4.29331   |    4.70854   |      0.548 |      0.417 |   10/150  
		   28/1000 | 0.010000   |    4.45213   |    4.60318   |      0.516 |      0.450 |   11/150  
		   29/1000 | 0.010000   |    4.38091   |    4.80332   |      0.531 |      0.404 |   12/150  
		   30/1000 | 0.010000   |    4.32675   |    4.71737   |      0.541 |      0.438 |   13/150  
		   31/1000 | 0.010000   |    4.27908   |    4.78028   |      0.550 |      0.423 |   14/150  
		   32/1000 | 0.005000   |    4.18607   |    4.66808   |      0.570 |      0.444 |   15/150  
		   33/1000 | 0.005000   |    4.12993   |    4.66920   |      0.587 |      0.443 |   16/150  
		   34/1000 | 0.005000   |    4.16002   |    4.75422   |      0.572 |      0.425 |   17/150  
		   35/1000 | 0.005000   |    3.98086   |    4.73061   |      0.608 |      0.435 |   18/150  
		   36/1000 | 0.005000   |    4.12509   |    4.75861   |      0.586 |      0.424 |   19/150  
		   37/1000 | 0.005000   |    4.05509   |    4.70914   |      0.596 |      0.435 |   20/150  
		   38/1000 | 0.005000   |    4.04624   |    4.68532   |      0.601 |      0.447 |   21/150  
		   39/1000 | 0.005000   |    3.91976   |    4.69013   |      0.622 |      0.444 |   22/150  
		   40/1000 | 0.005000   |    3.92361   |    4.70710   |      0.622 |      0.442 |   23/150  
		   41/1000 | 0.005000   |    3.98479   |    4.72044   |      0.611 |      0.437 |   24/150  
		   42/1000 | 0.005000   |    3.93379   |    4.68728   |      0.617 |      0.448 |   25/150  
		   43/1000 | 0.005000   |    3.81915   |    4.71941   |      0.639 |      0.436 |   26/150  
		   44/1000 | 0.005000   |    3.96375   |    4.75506   |      0.613 |      0.431 |   27/150  
		   45/1000 | 0.005000   |    3.83581   |    4.75135   |      0.636 |      0.434 |   28/150  
		   46/1000 | 0.005000   |    3.88420   |    4.71890   |      0.628 |      0.437 |   29/150  
		   47/1000 | 0.005000   |    3.75097   |    4.73148   |      0.656 |      0.437 |   30/150  
		   48/1000 | 0.002500   |    4.01388   |    4.83065   |      0.608 |      0.413 |   31/150  
		   49/1000 | 0.002500   |    3.75501   |    4.72307   |      0.651 |      0.437 |   32/150  
		   50/1000 | 0.002500   |    3.69975   |    4.73852   |      0.662 |      0.436 |   33/150  
		   51/1000 | 0.002500   |    3.74179   |    4.71604   |      0.654 |      0.441 |   34/150  
		   52/1000 | 0.002500   |    3.71828   |    4.71538   |      0.658 |      0.442 |   35/150  
		   53/1000 | 0.002500   |    3.69123   |    4.76087   |      0.665 |      0.435 |   36/150  
		   54/1000 | 0.002500   |    3.62576   |    4.76440   |      0.673 |      0.432 |   37/150  
		   55/1000 | 0.002500   |    3.73836   |    4.74600   |      0.657 |      0.439 |   38/150  
		   56/1000 | 0.002500   |    3.70113   |    4.80427   |      0.664 |      0.426 |   39/150  
		   57/1000 | 0.002500   |    3.54994   |    4.84509   |      0.692 |      0.416 |   40/150  
		   58/1000 | 0.002500   |    3.63261   |    4.84556   |      0.675 |      0.410 |   41/150  
		   59/1000 | 0.002500   |    3.64039   |    4.80318   |      0.674 |      0.418 |   42/150  
		   60/1000 | 0.002500   |    3.63295   |    4.80106   |      0.675 |      0.420 |   43/150  
		   61/1000 | 0.002500   |    3.63081   |    4.73899   |      0.675 |      0.434 |   44/150  
		   62/1000 | 0.002500   |    3.72368   |    4.76462   |      0.660 |      0.433 |   45/150  
		   63/1000 | 0.002500   |    3.74598   |    4.78777   |      0.656 |      0.426 |   46/150  
		   64/1000 | 0.001250   |    3.69275   |    4.75815   |      0.668 |      0.432 |   47/150  
		   65/1000 | 0.001250   |    3.54913   |    4.74290   |      0.690 |      0.435 |   48/150  
		   66/1000 | 0.001250   |    3.52236   |    4.77011   |      0.695 |      0.428 |   49/150  
		   67/1000 | 0.001250   |    3.49857   |    4.79859   |      0.699 |      0.425 |   50/150  
		   68/1000 | 0.001250   |    3.55815   |    4.77667   |      0.693 |      0.426 |   51/150  
		   69/1000 | 0.001250   |    3.50651   |    4.77165   |      0.699 |      0.430 |   52/150  
		   70/1000 | 0.001250   |    3.45958   |    4.77012   |      0.706 |      0.430 |   53/150  
		   71/1000 | 0.001250   |    3.62197   |    4.79903   |      0.678 |      0.425 |   54/150  
		   72/1000 | 0.001250   |    3.52191   |    4.80049   |      0.694 |      0.423 |   55/150  
		   73/1000 | 0.001250   |    3.66694   |    4.78429   |      0.669 |      0.425 |   56/150  
		   74/1000 | 0.001250   |    3.43839   |    4.77569   |      0.708 |      0.429 |   57/150  
		   75/1000 | 0.001250   |    3.43340   |    4.79625   |      0.708 |      0.423 |   58/150  
		   76/1000 | 0.001250   |    3.56646   |    4.82302   |      0.691 |      0.417 |   59/150  
		   77/1000 | 0.001250   |    3.40899   |    4.82896   |      0.715 |      0.418 |   60/150  
		   78/1000 | 0.001250   |    3.55917   |    4.82785   |      0.692 |      0.419 |   61/150  
		   79/1000 | 0.001250   |    3.52735   |    4.80817   |      0.694 |      0.426 |   62/150  
		   80/1000 | 0.000625   |    3.49158   |    4.80391   |      0.700 |      0.426 |   63/150  
		   81/1000 | 0.000625   |    3.47385   |    4.81487   |      0.705 |      0.422 |   64/150  
		   82/1000 | 0.000625   |    3.41071   |    4.80424   |      0.714 |      0.424 |   65/150  
		   83/1000 | 0.000625   |    3.59905   |    4.82355   |      0.686 |      0.420 |   66/150  
		   84/1000 | 0.000625   |    3.47608   |    4.80980   |      0.705 |      0.425 |   67/150  
		   85/1000 | 0.000625   |    3.38021   |    4.81140   |      0.718 |      0.426 |   68/150  
		   86/1000 | 0.000625   |    3.53269   |    4.83744   |      0.694 |      0.422 |   69/150  
		   87/1000 | 0.000625   |    3.49687   |    4.84124   |      0.698 |      0.421 |   70/150  
		   88/1000 | 0.000625   |    3.50414   |    4.83144   |      0.698 |      0.422 |   71/150  
		   89/1000 | 0.000625   |    3.32304   |    4.83500   |      0.727 |      0.419 |   72/150  
		   90/1000 | 0.000625   |    3.37931   |    4.83663   |      0.721 |      0.417 |   73/150  
		   91/1000 | 0.000625   |    3.40734   |    4.83882   |      0.713 |      0.417 |   74/150  
		   92/1000 | 0.000625   |    3.48812   |    4.83625   |      0.701 |      0.417 |   75/150  
		   93/1000 | 0.000625   |    3.37669   |    4.84447   |      0.721 |      0.418 |   76/150  
		   94/1000 | 0.000625   |    3.50274   |    4.83355   |      0.700 |      0.420 |   77/150  
		   95/1000 | 0.000625   |    3.39513   |    4.82118   |      0.717 |      0.424 |   78/150  
		   96/1000 | 0.000313   |    3.51864   |    4.82173   |      0.698 |      0.424 |   79/150  
		   97/1000 | 0.000313   |    3.45363   |    4.81924   |      0.709 |      0.424 |   80/150  
		   98/1000 | 0.000313   |    3.27895   |    4.81934   |      0.736 |      0.425 |   81/150  
		   99/1000 | 0.000313   |    3.54184   |    4.82392   |      0.695 |      0.423 |   82/150  
		  100/1000 | 0.000313   |    3.41644   |    4.84286   |      0.713 |      0.420 |   83/150  
		  101/1000 | 0.000313   |    3.31919   |    4.84097   |      0.728 |      0.420 |   84/150  
		  102/1000 | 0.000313   |    3.48112   |    4.83501   |      0.705 |      0.421 |   85/150  
		  103/1000 | 0.000313   |    3.36021   |    4.83469   |      0.722 |      0.421 |   86/150  
		  104/1000 | 0.000313   |    3.37905   |    4.83596   |      0.721 |      0.422 |   87/150  
		  105/1000 | 0.000313   |    3.28434   |    4.82910   |      0.738 |      0.423 |   88/150  
		  106/1000 | 0.000313   |    3.29476   |    4.83371   |      0.734 |      0.422 |   89/150  
		  107/1000 | 0.000313   |    3.41975   |    4.83528   |      0.713 |      0.420 |   90/150  
		  108/1000 | 0.000313   |    3.46505   |    4.83837   |      0.707 |      0.419 |   91/150  
		  109/1000 | 0.000313   |    3.46637   |    4.83905   |      0.706 |      0.419 |   92/150  
		  110/1000 | 0.000313   |    3.40024   |    4.83311   |      0.716 |      0.421 |   93/150  
		  111/1000 | 0.000313   |    3.39921   |    4.84266   |      0.717 |      0.419 |   94/150  
		  112/1000 | 0.000156   |    3.17764   |    4.83747   |      0.752 |      0.420 |   95/150  
		  113/1000 | 0.000156   |    3.32059   |    4.84139   |      0.730 |      0.419 |   96/150  
		  114/1000 | 0.000156   |    3.45525   |    4.86382   |      0.710 |      0.414 |   97/150  
		  115/1000 | 0.000156   |    3.40654   |    4.85433   |      0.715 |      0.417 |   98/150  
		  116/1000 | 0.000156   |    3.35818   |    4.86191   |      0.726 |      0.416 |   99/150  
		  117/1000 | 0.000156   |    3.30770   |    4.85228   |      0.733 |      0.417 |  100/150  
		  118/1000 | 0.000156   |    3.37439   |    4.85216   |      0.720 |      0.416 |  101/150  
		  119/1000 | 0.000156   |    3.41146   |    4.85076   |      0.718 |      0.416 |  102/150  
		  120/1000 | 0.000156   |    3.37620   |    4.84143   |      0.717 |      0.417 |  103/150  
		  121/1000 | 0.000156   |    3.47414   |    4.82531   |      0.704 |      0.422 |  104/150  
		  122/1000 | 0.000156   |    3.41870   |    4.84324   |      0.711 |      0.418 |  105/150  
		  123/1000 | 0.000156   |    3.49596   |    4.82903   |      0.703 |      0.422 |  106/150  
		  124/1000 | 0.000156   |    3.40596   |    4.83964   |      0.714 |      0.420 |  107/150  
		  125/1000 | 0.000156   |    3.48133   |    4.83304   |      0.699 |      0.421 |  108/150  
		  126/1000 | 0.000156   |    3.26192   |    4.84374   |      0.739 |      0.419 |  109/150  
		  127/1000 | 0.000156   |    3.40946   |    4.83834   |      0.713 |      0.420 |  110/150  
		  128/1000 | 0.000078   |    3.33101   |    4.85456   |      0.728 |      0.417 |  111/150  
		  129/1000 | 0.000078   |    3.47144   |    4.85381   |      0.707 |      0.417 |  112/150  
		  130/1000 | 0.000078   |    3.26478   |    4.85022   |      0.739 |      0.418 |  113/150  
		  131/1000 | 0.000078   |    3.57507   |    4.85518   |      0.685 |      0.417 |  114/150  
		  132/1000 | 0.000078   |    3.33706   |    4.85757   |      0.728 |      0.417 |  115/150  
		  133/1000 | 0.000078   |    3.41259   |    4.83221   |      0.718 |      0.422 |  116/150  
		  134/1000 | 0.000078   |    3.34604   |    4.84651   |      0.727 |      0.417 |  117/150  
		  135/1000 | 0.000078   |    3.39872   |    4.85436   |      0.717 |      0.417 |  118/150  
		  136/1000 | 0.000078   |    3.30488   |    4.84783   |      0.735 |      0.419 |  119/150  
		  137/1000 | 0.000078   |    3.38019   |    4.84180   |      0.718 |      0.420 |  120/150  
		  138/1000 | 0.000078   |    3.56201   |    4.85083   |      0.688 |      0.419 |  121/150  
		  139/1000 | 0.000078   |    3.37895   |    4.84844   |      0.717 |      0.420 |  122/150  
		  140/1000 | 0.000078   |    3.41371   |    4.83898   |      0.719 |      0.420 |  123/150  
		  141/1000 | 0.000078   |    3.29847   |    4.85803   |      0.737 |      0.417 |  124/150  
		  142/1000 | 0.000078   |    3.38965   |    4.84607   |      0.713 |      0.420 |  125/150  
		  143/1000 | 0.000078   |    3.38601   |    4.85506   |      0.720 |      0.418 |  126/150  
		  144/1000 | 0.000039   |    3.39094   |    4.85911   |      0.722 |      0.418 |  127/150  
		  145/1000 | 0.000039   |    3.37377   |    4.84812   |      0.718 |      0.419 |  128/150  
		  146/1000 | 0.000039   |    3.51077   |    4.84574   |      0.698 |      0.419 |  129/150  
		  147/1000 | 0.000039   |    3.34185   |    4.83763   |      0.724 |      0.420 |  130/150  
		  148/1000 | 0.000039   |    3.40449   |    4.83706   |      0.718 |      0.421 |  131/150  
		  149/1000 | 0.000039   |    3.44782   |    4.83544   |      0.710 |      0.420 |  132/150  
		  150/1000 | 0.000039   |    3.46285   |    4.83115   |      0.706 |      0.421 |  133/150  
		  151/1000 | 0.000039   |    3.41124   |    4.84099   |      0.714 |      0.420 |  134/150  
		  152/1000 | 0.000039   |    3.35944   |    4.84575   |      0.722 |      0.420 |  135/150  
		  153/1000 | 0.000039   |    3.33126   |    4.84766   |      0.729 |      0.420 |  136/150  
		  154/1000 | 0.000039   |    3.26938   |    4.84530   |      0.736 |      0.419 |  137/150  
		  155/1000 | 0.000039   |    3.44237   |    4.84633   |      0.711 |      0.419 |  138/150  
		  156/1000 | 0.000039   |    3.34397   |    4.83247   |      0.724 |      0.422 |  139/150  
		  157/1000 | 0.000039   |    3.41933   |    4.84871   |      0.712 |      0.419 |  140/150  
		  158/1000 | 0.000039   |    3.41029   |    4.84774   |      0.713 |      0.419 |  141/150  
		  159/1000 | 0.000039   |    3.48590   |    4.83671   |      0.702 |      0.421 |  142/150  
		  160/1000 | 0.000020   |    3.40642   |    4.83157   |      0.716 |      0.421 |  143/150  
		  161/1000 | 0.000020   |    3.34108   |    4.83056   |      0.724 |      0.422 |  144/150  
		  162/1000 | 0.000020   |    3.27797   |    4.83497   |      0.737 |      0.421 |  145/150  
		  163/1000 | 0.000020   |    3.32637   |    4.84634   |      0.728 |      0.419 |  146/150  
		  164/1000 | 0.000020   |    3.39523   |    4.84060   |      0.718 |      0.420 |  147/150  
		  165/1000 | 0.000020   |    3.35326   |    4.84085   |      0.724 |      0.420 |  148/150  
		  166/1000 | 0.000020   |    3.36793   |    4.84051   |      0.723 |      0.420 |  149/150  

		Early stopping triggered.
		[INFO] Case 2 completed.

	3.3 Training Case 3...
		=== Training Log Started: 2025-11-29 15:26:47.106572 ===
		Run Name: STAFV2_24_CASE3
		Device: cuda
		Epochs: 1000, Batch Size: 128, LR: 0.01
		============================================================
		[INFO] Unique quantized indices: 36535
		[INFO] Suggested num_embeddings: 43842
		[INFO] Processed 3545 valid samples.
		[INFO] Saved merged dataset: ./data/training_results/merged_windowed_dataset_STAFV2_24_CASE3.csv  (shape: (3545, 429))
		[INFO] Saved feature metadata: ./data/training_results/feature_info_STAFV2_24_CASE3.json
		[INFO] Dataset split: 2836 train, 709 val
		[INFO] Scalers fitted and saved.

		✅ Model initialized with 38122 params.
		============================================================
		--------------------------------------------------------------------------------------------
		  Epoch    |     LR     |  Train RMSE  |   Val RMSE   |  Train R²  |   Val R²   |  Patience 
		--------------------------------------------------------------------------------------------
		    1/1000 | 0.010000   |    9.42016   |    8.94915   |     -1.240 |     -0.973 |    0/150  
		    2/1000 | 0.010000   |    8.18268   |    7.43643   |     -0.667 |     -0.357 |    0/150  
		    3/1000 | 0.010000   |    6.79575   |    5.97791   |     -0.160 |      0.124 |    0/150  
		    4/1000 | 0.010000   |    5.88512   |    5.17409   |      0.143 |      0.339 |    0/150  
		    5/1000 | 0.010000   |    5.71856   |    4.80107   |      0.193 |      0.430 |    0/150  
		                                          ╚══> ✅ SAVED (RMSE: 4.8011)
		    6/1000 | 0.010000   |    5.53995   |    4.83096   |      0.232 |      0.424 |    0/150  
		    7/1000 | 0.010000   |    5.38959   |    4.57896   |      0.290 |      0.481 |    1/150  
		                                          ╚══> ✅ SAVED (RMSE: 4.5790)
		    8/1000 | 0.010000   |    5.19904   |    4.63470   |      0.310 |      0.469 |    0/150  
		    9/1000 | 0.010000   |    5.05618   |    4.70401   |      0.369 |      0.452 |    1/150  
		   10/1000 | 0.010000   |    5.13169   |    4.57600   |      0.343 |      0.482 |    2/150  
		                                          ╚══> ✅ SAVED (RMSE: 4.5760)
		   11/1000 | 0.010000   |    4.92988   |    4.54078   |      0.402 |      0.494 |    0/150  
		                                          ╚══> ✅ SAVED (RMSE: 4.5408)
		   12/1000 | 0.010000   |    4.98471   |    4.50041   |      0.387 |      0.498 |    0/150  
		                                          ╚══> ✅ SAVED (RMSE: 4.5004)
		   13/1000 | 0.010000   |    4.84959   |    4.48488   |      0.420 |      0.504 |    0/150  
		                                          ╚══> ✅ SAVED (RMSE: 4.4849)
		   14/1000 | 0.010000   |    4.77717   |    4.59802   |      0.421 |      0.479 |    0/150  
		   15/1000 | 0.010000   |    4.86651   |    4.54283   |      0.420 |      0.492 |    1/150  
		   16/1000 | 0.010000   |    4.75380   |    4.50411   |      0.429 |      0.501 |    2/150  
		   17/1000 | 0.010000   |    4.67862   |    4.43248   |      0.442 |      0.517 |    3/150  
		                                          ╚══> ✅ SAVED (RMSE: 4.4325)
		   18/1000 | 0.010000   |    4.60288   |    4.37327   |      0.473 |      0.528 |    0/150  
		                                          ╚══> ✅ SAVED (RMSE: 4.3733)
		   19/1000 | 0.010000   |    4.63614   |    4.42542   |      0.466 |      0.520 |    0/150  
		   20/1000 | 0.010000   |    4.62492   |    4.40096   |      0.462 |      0.521 |    1/150  
		   21/1000 | 0.010000   |    4.55736   |    4.53273   |      0.479 |      0.494 |    2/150  
		   22/1000 | 0.010000   |    4.54015   |    4.48103   |      0.492 |      0.502 |    3/150  
		   23/1000 | 0.010000   |    4.65055   |    4.46035   |      0.464 |      0.508 |    4/150  
		   24/1000 | 0.010000   |    4.57222   |    4.47218   |      0.488 |      0.505 |    5/150  
		   25/1000 | 0.010000   |    4.48614   |    4.41526   |      0.508 |      0.518 |    6/150  
		   26/1000 | 0.010000   |    4.44693   |    4.43241   |      0.511 |      0.513 |    7/150  
		   27/1000 | 0.010000   |    4.50009   |    4.61189   |      0.509 |      0.474 |    8/150  
		   28/1000 | 0.010000   |    4.33313   |    4.42257   |      0.531 |      0.516 |    9/150  
		   29/1000 | 0.010000   |    4.30399   |    4.43263   |      0.542 |      0.516 |   10/150  
		   30/1000 | 0.010000   |    4.31234   |    4.45002   |      0.550 |      0.513 |   11/150  
		   31/1000 | 0.010000   |    4.24112   |    4.43083   |      0.548 |      0.513 |   12/150  
		   32/1000 | 0.010000   |    4.27749   |    4.43446   |      0.539 |      0.515 |   13/150  
		   33/1000 | 0.010000   |    4.23864   |    4.47843   |      0.561 |      0.503 |   14/150  
		   34/1000 | 0.005000   |    4.36924   |    4.45553   |      0.541 |      0.511 |   15/150  
		   35/1000 | 0.005000   |    4.18465   |    4.49196   |      0.560 |      0.501 |   16/150  
		   36/1000 | 0.005000   |    4.12030   |    4.52206   |      0.568 |      0.494 |   17/150  
		   37/1000 | 0.005000   |    4.05707   |    4.45779   |      0.587 |      0.510 |   18/150  
		   38/1000 | 0.005000   |    4.20533   |    4.50710   |      0.561 |      0.497 |   19/150  
		   39/1000 | 0.005000   |    4.14373   |    4.48473   |      0.572 |      0.503 |   20/150  
		   40/1000 | 0.005000   |    3.97008   |    4.43080   |      0.605 |      0.516 |   21/150  
		   41/1000 | 0.005000   |    4.03814   |    4.48228   |      0.601 |      0.503 |   22/150  
		   42/1000 | 0.005000   |    4.09315   |    4.47574   |      0.589 |      0.504 |   23/150  
		   43/1000 | 0.005000   |    4.19852   |    4.45240   |      0.565 |      0.506 |   24/150  
		   44/1000 | 0.005000   |    3.91817   |    4.45213   |      0.615 |      0.509 |   25/150  
		   45/1000 | 0.005000   |    4.02622   |    4.49258   |      0.600 |      0.500 |   26/150  
		   46/1000 | 0.005000   |    3.92137   |    4.45927   |      0.616 |      0.508 |   27/150  
		   47/1000 | 0.005000   |    3.93278   |    4.53045   |      0.613 |      0.490 |   28/150  
		   48/1000 | 0.005000   |    3.94567   |    4.49853   |      0.604 |      0.496 |   29/150  
		   49/1000 | 0.005000   |    3.98189   |    4.49411   |      0.605 |      0.500 |   30/150  
		   50/1000 | 0.002500   |    3.99291   |    4.55918   |      0.614 |      0.484 |   31/150  
		   51/1000 | 0.002500   |    4.00556   |    4.54675   |      0.614 |      0.484 |   32/150  
		   52/1000 | 0.002500   |    3.83720   |    4.52185   |      0.632 |      0.491 |   33/150  
		   53/1000 | 0.002500   |    3.87219   |    4.51806   |      0.634 |      0.492 |   34/150  
		   54/1000 | 0.002500   |    3.92540   |    4.44502   |      0.621 |      0.509 |   35/150  
		   55/1000 | 0.002500   |    3.92475   |    4.47363   |      0.623 |      0.501 |   36/150  
		   56/1000 | 0.002500   |    3.79055   |    4.47469   |      0.641 |      0.502 |   37/150  
		   57/1000 | 0.002500   |    3.87403   |    4.52205   |      0.629 |      0.490 |   38/150  
		   58/1000 | 0.002500   |    3.84110   |    4.51949   |      0.633 |      0.491 |   39/150  
		   59/1000 | 0.002500   |    3.78381   |    4.57179   |      0.655 |      0.481 |   40/150  
		   60/1000 | 0.002500   |    3.89580   |    4.55027   |      0.640 |      0.483 |   41/150  
		   61/1000 | 0.002500   |    3.77228   |    4.56449   |      0.658 |      0.483 |   42/150  
		   62/1000 | 0.002500   |    3.71111   |    4.53584   |      0.655 |      0.488 |   43/150  
		   63/1000 | 0.002500   |    3.65291   |    4.54615   |      0.665 |      0.487 |   44/150  
		   64/1000 | 0.002500   |    3.86021   |    4.53687   |      0.638 |      0.487 |   45/150  
		   65/1000 | 0.002500   |    3.89529   |    4.51992   |      0.631 |      0.492 |   46/150  
		   66/1000 | 0.001250   |    3.92132   |    4.58787   |      0.641 |      0.474 |   47/150  
		   67/1000 | 0.001250   |    3.78649   |    4.54831   |      0.645 |      0.484 |   48/150  
		   68/1000 | 0.001250   |    3.82332   |    4.55490   |      0.641 |      0.484 |   49/150  
		   69/1000 | 0.001250   |    3.75127   |    4.57674   |      0.653 |      0.478 |   50/150  
		   70/1000 | 0.001250   |    3.68312   |    4.55377   |      0.666 |      0.483 |   51/150  
		   71/1000 | 0.001250   |    3.75383   |    4.52556   |      0.661 |      0.490 |   52/150  
		   72/1000 | 0.001250   |    3.78124   |    4.52495   |      0.646 |      0.490 |   53/150  
		   73/1000 | 0.001250   |    3.86612   |    4.51703   |      0.652 |      0.494 |   54/150  
		   74/1000 | 0.001250   |    3.62007   |    4.51900   |      0.672 |      0.493 |   55/150  
		   75/1000 | 0.001250   |    3.66705   |    4.53408   |      0.662 |      0.490 |   56/150  
		   76/1000 | 0.001250   |    3.75680   |    4.53644   |      0.644 |      0.489 |   57/150  
		   77/1000 | 0.001250   |    3.71162   |    4.52849   |      0.658 |      0.490 |   58/150  
		   78/1000 | 0.001250   |    3.73582   |    4.57378   |      0.654 |      0.479 |   59/150  
		   79/1000 | 0.001250   |    3.64546   |    4.54176   |      0.673 |      0.486 |   60/150  
		   80/1000 | 0.001250   |    3.61121   |    4.55417   |      0.671 |      0.484 |   61/150  
		   81/1000 | 0.001250   |    3.75993   |    4.52556   |      0.662 |      0.490 |   62/150  
		   82/1000 | 0.000625   |    3.82140   |    4.57733   |      0.654 |      0.477 |   63/150  
		   83/1000 | 0.000625   |    3.67461   |    4.52287   |      0.670 |      0.490 |   64/150  
		   84/1000 | 0.000625   |    3.63351   |    4.54534   |      0.673 |      0.484 |   65/150  
		   85/1000 | 0.000625   |    3.76728   |    4.57796   |      0.663 |      0.477 |   66/150  
		   86/1000 | 0.000625   |    3.69454   |    4.54956   |      0.662 |      0.484 |   67/150  
		   87/1000 | 0.000625   |    3.74495   |    4.55896   |      0.654 |      0.482 |   68/150  
		   88/1000 | 0.000625   |    3.78938   |    4.55015   |      0.660 |      0.484 |   69/150  
		   89/1000 | 0.000625   |    3.72612   |    4.54546   |      0.664 |      0.486 |   70/150  
		   90/1000 | 0.000625   |    3.75863   |    4.54906   |      0.662 |      0.485 |   71/150  
		   91/1000 | 0.000625   |    3.74941   |    4.57891   |      0.656 |      0.476 |   72/150  
		   92/1000 | 0.000625   |    3.63657   |    4.59583   |      0.675 |      0.473 |   73/150  
		   93/1000 | 0.000625   |    3.51438   |    4.58400   |      0.689 |      0.477 |   74/150  
		   94/1000 | 0.000625   |    3.61625   |    4.54802   |      0.675 |      0.485 |   75/150  
		   95/1000 | 0.000625   |    3.67295   |    4.55934   |      0.669 |      0.481 |   76/150  
		   96/1000 | 0.000625   |    3.65313   |    4.62245   |      0.668 |      0.468 |   77/150  
		   97/1000 | 0.000625   |    3.69426   |    4.57781   |      0.673 |      0.476 |   78/150  
		   98/1000 | 0.000313   |    3.66004   |    4.55339   |      0.667 |      0.483 |   79/150  
		   99/1000 | 0.000313   |    3.69954   |    4.55575   |      0.669 |      0.482 |   80/150  
		  100/1000 | 0.000313   |    3.78094   |    4.58585   |      0.674 |      0.475 |   81/150  
		  101/1000 | 0.000313   |    3.70636   |    4.56644   |      0.666 |      0.480 |   82/150  
		  102/1000 | 0.000313   |    3.71587   |    4.60116   |      0.664 |      0.473 |   83/150  
		  103/1000 | 0.000313   |    3.72315   |    4.56275   |      0.657 |      0.481 |   84/150  
		  104/1000 | 0.000313   |    3.59208   |    4.55869   |      0.675 |      0.482 |   85/150  
		  105/1000 | 0.000313   |    3.71016   |    4.55374   |      0.656 |      0.483 |   86/150  
		  106/1000 | 0.000313   |    3.62290   |    4.55764   |      0.668 |      0.482 |   87/150  
		  107/1000 | 0.000313   |    3.73000   |    4.56492   |      0.652 |      0.480 |   88/150  
		  108/1000 | 0.000313   |    3.66405   |    4.57055   |      0.675 |      0.479 |   89/150  
		  109/1000 | 0.000313   |    3.55737   |    4.58720   |      0.683 |      0.474 |   90/150  
		  110/1000 | 0.000313   |    3.71865   |    4.57000   |      0.646 |      0.479 |   91/150  
		  111/1000 | 0.000313   |    3.77706   |    4.61574   |      0.656 |      0.469 |   92/150  
		  112/1000 | 0.000313   |    3.55361   |    4.57976   |      0.687 |      0.477 |   93/150  
		  113/1000 | 0.000313   |    3.55351   |    4.56122   |      0.682 |      0.481 |   94/150  
		  114/1000 | 0.000156   |    3.63935   |    4.58327   |      0.679 |      0.477 |   95/150  
		  115/1000 | 0.000156   |    3.64805   |    4.55153   |      0.668 |      0.483 |   96/150  
		  116/1000 | 0.000156   |    3.57713   |    4.58496   |      0.684 |      0.476 |   97/150  
		  117/1000 | 0.000156   |    3.59512   |    4.57670   |      0.680 |      0.478 |   98/150  
		  118/1000 | 0.000156   |    3.64396   |    4.57238   |      0.668 |      0.479 |   99/150  
		  119/1000 | 0.000156   |    3.68755   |    4.56954   |      0.668 |      0.479 |  100/150  
		  120/1000 | 0.000156   |    3.61380   |    4.56822   |      0.670 |      0.480 |  101/150  
		  121/1000 | 0.000156   |    3.59293   |    4.57731   |      0.676 |      0.478 |  102/150  
		  122/1000 | 0.000156   |    3.60796   |    4.57371   |      0.678 |      0.479 |  103/150  
		  123/1000 | 0.000156   |    3.60606   |    4.56251   |      0.676 |      0.482 |  104/150  
		  124/1000 | 0.000156   |    3.60137   |    4.54669   |      0.675 |      0.485 |  105/150  
		  125/1000 | 0.000156   |    3.58092   |    4.55405   |      0.678 |      0.483 |  106/150  
		  126/1000 | 0.000156   |    3.71384   |    4.57644   |      0.665 |      0.478 |  107/150  
		  127/1000 | 0.000156   |    3.65020   |    4.60406   |      0.676 |      0.472 |  108/150  
		  128/1000 | 0.000156   |    3.73495   |    4.56779   |      0.664 |      0.480 |  109/150  
		  129/1000 | 0.000156   |    3.70889   |    4.63112   |      0.681 |      0.466 |  110/150  
		  130/1000 | 0.000078   |    3.69690   |    4.59850   |      0.661 |      0.473 |  111/150  
		  131/1000 | 0.000078   |    3.69935   |    4.55875   |      0.673 |      0.481 |  112/150  
		  132/1000 | 0.000078   |    3.52572   |    4.57477   |      0.692 |      0.479 |  113/150  
		  133/1000 | 0.000078   |    3.62968   |    4.54844   |      0.671 |      0.484 |  114/150  
		  134/1000 | 0.000078   |    3.74698   |    4.59478   |      0.659 |      0.474 |  115/150  
		  135/1000 | 0.000078   |    3.65613   |    4.61286   |      0.677 |      0.469 |  116/150  
		  136/1000 | 0.000078   |    3.59238   |    4.57768   |      0.674 |      0.478 |  117/150  
		  137/1000 | 0.000078   |    3.60532   |    4.59914   |      0.683 |      0.472 |  118/150  
		  138/1000 | 0.000078   |    3.67915   |    4.61390   |      0.675 |      0.469 |  119/150  
		  139/1000 | 0.000078   |    3.78877   |    4.62605   |      0.661 |      0.466 |  120/150  
		  140/1000 | 0.000078   |    3.64924   |    4.55271   |      0.678 |      0.483 |  121/150  
		  141/1000 | 0.000078   |    3.61281   |    4.55548   |      0.674 |      0.482 |  122/150  
		  142/1000 | 0.000078   |    3.56123   |    4.58178   |      0.681 |      0.476 |  123/150  
		  143/1000 | 0.000078   |    3.64905   |    4.56064   |      0.679 |      0.481 |  124/150  
		  144/1000 | 0.000078   |    3.67595   |    4.55059   |      0.666 |      0.484 |  125/150  
		  145/1000 | 0.000078   |    3.64541   |    4.58611   |      0.671 |      0.476 |  126/150  
		  146/1000 | 0.000039   |    3.64408   |    4.58645   |      0.676 |      0.475 |  127/150  
		  147/1000 | 0.000039   |    3.65626   |    4.57927   |      0.667 |      0.477 |  128/150  
		  148/1000 | 0.000039   |    3.61825   |    4.55188   |      0.676 |      0.483 |  129/150  
		  149/1000 | 0.000039   |    3.67868   |    4.54998   |      0.681 |      0.483 |  130/150  
		  150/1000 | 0.000039   |    3.55169   |    4.59676   |      0.686 |      0.473 |  131/150  
		  151/1000 | 0.000039   |    3.59863   |    4.58551   |      0.671 |      0.475 |  132/150  
		  152/1000 | 0.000039   |    3.68336   |    4.57801   |      0.662 |      0.477 |  133/150  
		  153/1000 | 0.000039   |    3.55841   |    4.56047   |      0.687 |      0.481 |  134/150  
		  154/1000 | 0.000039   |    3.66897   |    4.56624   |      0.674 |      0.480 |  135/150  
		  155/1000 | 0.000039   |    3.70792   |    4.58763   |      0.672 |      0.475 |  136/150  
		  156/1000 | 0.000039   |    3.54324   |    4.58760   |      0.685 |      0.474 |  137/150  
		  157/1000 | 0.000039   |    3.57515   |    4.57011   |      0.681 |      0.479 |  138/150  
		  158/1000 | 0.000039   |    3.66718   |    4.56986   |      0.675 |      0.480 |  139/150  
		  159/1000 | 0.000039   |    3.58004   |    4.54434   |      0.685 |      0.484 |  140/150  
		  160/1000 | 0.000039   |    3.64697   |    4.56408   |      0.672 |      0.482 |  141/150  
		  161/1000 | 0.000039   |    3.64145   |    4.59106   |      0.678 |      0.475 |  142/150  
		  162/1000 | 0.000020   |    3.57491   |    4.59932   |      0.683 |      0.473 |  143/150  
		  163/1000 | 0.000020   |    3.66185   |    4.57501   |      0.666 |      0.478 |  144/150  
		  164/1000 | 0.000020   |    3.71067   |    4.56915   |      0.661 |      0.480 |  145/150  
		  165/1000 | 0.000020   |    3.61285   |    4.56803   |      0.676 |      0.480 |  146/150  
		  166/1000 | 0.000020   |    3.58493   |    4.57088   |      0.676 |      0.480 |  147/150  
		  167/1000 | 0.000020   |    3.64459   |    4.58841   |      0.678 |      0.475 |  148/150  
		  168/1000 | 0.000020   |    3.65050   |    4.57861   |      0.688 |      0.478 |  149/150  

		Early stopping triggered.
		[INFO] Case 3 completed.
