nohup: ignoring input
Crash diagnostics ON


==================================================
PART 1: Data preprocess for 2023-01-01 00:00:00 to 2024-09-30 23:00:00...
==================================================

	1.1 Preprocessing radiation data...
		[INFO] Radiation data already exists at './data/timeseries/radiation_data.csv'

	1.2 Preprocessing temperature data...
		[INFO] Temperature data already exists at './data/timeseries/temperature_data.csv'

	1.3 Preprocessing building data...
		[INFO] Building data already exists at './data/timeseries/building_data.csv'

	1.4 Preprocessing electricity cost data...
		[INFO] Electricity cost data already exists at './data/timeseries/electricitycostG2B_data.csv' and './data/timeseries/electricitycostG2V_data.csv'

	1.5 Preprocessing battery demand series data...
		[INFO] Found existing battery data at 'data/battery_demand/resample_full.csv' and 'data/battery_demand/resample_train.csv'

		[INFO] Number of series for clean windows = (168, 37)
		[INFO] Number of eligible series for Case 2 = (1395, 37)
		[INFO] Case 1 exists — loaded battery demand from 'data/battery_demand/case1_real_only/battery_demand.npy' with shape (168, 37).
		[INFO] Case 2 exists — loaded battery demand from 'data/battery_demand/case2_nan_filled/battery_demand.npy' with shape (1563, 37).
		[INFO] Case 0: Successfully added test pair 2024-03-15 & 2024-03-16
		Data: [10536, 28, 30, 35, 37, 37, 36, 33, 26, 10, 6, 10, 14, 19, 18, 15, 20, 26, 15, 9, 16, 21, 20, 8, 12, 15, 24, 31, 35, 32, 35, 34, 32, 31, 30, 22, 14, 18, 27, 18, 19, 19, 25, 25, 25, 26, 27, 17, 19]
		[INFO] Case 0: Successfully added test pair 2024-03-29 & 2024-03-30
		Data: [10872, 13, 26, 31, 33, 33, 33, 31, 15, 8, 19, 11, 15, 18, 16, 18, 18, 19, 7, 4, 23, 23, 16, 17, 18, 18, 19, 24, 29, 30, 30, 22, 27, 21, 14, 15, 16, 20, 18, 23, 27, 18, 2, 10, 23, 22, 22, 17, 21]

	1.6 Generating battery schedule...
		[INFO] Case 1 exists — loaded from 'data/battery_demand/case1_real_only/battery_availability.npy' and 'data/battery_demand/case1_real_only/battery_details.npy' shape (168, 385, 36) and (4, 168, 385)
		[INFO] Case 2 exists — loaded from 'data/battery_demand/case2_nan_filled/battery_availability.npy' and 'data/battery_demand/case2_nan_filled/battery_details.npy' shape (1563, 385, 36) and (4, 1563, 385)
[ERROR] Could not load battery demand from 'data/battery_demand/case3_extended_generated/battery_demand.npy': [Errno 2] No such file or directory: 'data/battery_demand/case3_extended_generated/battery_demand.npy'


==================================================
PART 2: MILP Optimization...
==================================================

	2.1 Optimizing Case 1...
		[INFO] Loaded 168 samples from 'data/battery_demand/case1_real_only'
		[INFO] Results already exist at './data/optimization_results/case1_real_only/immediate_charging/V2B.npy'. Skipping immediate_charging run.
		[INFO] Results already exist at './data/optimization_results/case1_real_only/optimization/V2B.npy'. Skipping optimization run.
		[INFO] Case 1 completed.

	2.2 Optimizing Case 2...
		[INFO] Loaded 1563 samples from 'data/battery_demand/case2_nan_filled'
		[INFO] Results already exist at './data/optimization_results/case2_nan_filled/immediate_charging/V2B.npy'. Skipping immediate_charging run.
		[INFO] Results already exist at './data/optimization_results/case2_nan_filled/optimization/V2B.npy'. Skipping optimization run.
		[INFO] Case 2 completed.


==================================================
PART 3: Supervised Learning...
==================================================

	3.1 Training Case 1...
		=== Training Log Started: 2025-12-03 17:03:39.477371 ===
		Run Name: STAFV2_33_CASE1
		Device: cuda
		Epochs: 1000, Batch Size: 4, LR: 0.05
		============================================================
		[INFO] Unique quantized indices: 6686
		[INFO] Suggested num_embeddings: 8023
		[INFO] Processed 168 valid samples.
		[INFO] Saved merged dataset: ./data/training_results/merged_windowed_dataset_STAFV2_33_CASE1.csv  (shape: (168, 201))
		[INFO] Saved feature metadata: ./data/training_results/feature_info_STAFV2_33_CASE1.json
		[INFO] Dataset split: 134 train, 34 val
		[INFO] Scalers fitted and saved.

		✅ Model initialized with 23074 params.
		============================================================
		--------------------------------------------------------------------------------------------
		  Epoch    |     LR     |  Train RMSE  |   Val RMSE   |  Train R²  |   Val R²   |  Patience 
		--------------------------------------------------------------------------------------------
		    1/1000 | 0.050000   |    8.98260   |    6.13214   |     -1.564 |      0.014 |    0/150  
		    2/1000 | 0.050000   |    7.53424   |    7.22296   |     -0.794 |     -0.333 |    0/150  
		    3/1000 | 0.050000   |    6.47168   |    5.57943   |     -0.335 |      0.174 |    1/150  
		    4/1000 | 0.050000   |    6.64876   |    5.75809   |     -0.352 |      0.132 |    0/150  
		    5/1000 | 0.050000   |    5.98285   |    5.06430   |     -0.131 |      0.315 |    1/150  
		    6/1000 | 0.050000   |    5.90878   |    5.17440   |     -0.054 |      0.290 |    0/150  
		    7/1000 | 0.050000   |    5.97703   |    5.21197   |     -0.131 |      0.284 |    1/150  
		    8/1000 | 0.050000   |    5.84458   |    4.93988   |     -0.078 |      0.354 |    2/150  
		    9/1000 | 0.050000   |    5.64772   |    4.55307   |     -0.010 |      0.439 |    0/150  
		                                          ╚══> ✅ SAVED (RMSE: 4.5531)
		   10/1000 | 0.050000   |    5.78932   |    5.11927   |     -0.047 |      0.302 |    0/150  
		   11/1000 | 0.050000   |    5.50194   |    4.92166   |      0.034 |      0.357 |    1/150  
		   12/1000 | 0.050000   |    5.45232   |    5.05015   |      0.067 |      0.330 |    2/150  
		   13/1000 | 0.050000   |    5.20451   |    4.41940   |      0.173 |      0.476 |    3/150  
		                                          ╚══> ✅ SAVED (RMSE: 4.4194)
		   14/1000 | 0.050000   |    5.28488   |    4.80139   |      0.119 |      0.377 |    0/150  
		   15/1000 | 0.050000   |    5.66582   |    4.59463   |      0.037 |      0.435 |    1/150  
		   16/1000 | 0.050000   |    5.46209   |    4.16571   |      0.059 |      0.529 |    2/150  
		                                          ╚══> ✅ SAVED (RMSE: 4.1657)
		   17/1000 | 0.050000   |    5.20540   |    5.07889   |      0.147 |      0.310 |    0/150  
		   18/1000 | 0.050000   |    5.07805   |    4.53595   |      0.190 |      0.445 |    1/150  
		   19/1000 | 0.050000   |    5.29543   |    4.46490   |      0.118 |      0.466 |    2/150  
		   20/1000 | 0.050000   |    5.07469   |    4.62839   |      0.189 |      0.427 |    3/150  
		   21/1000 | 0.050000   |    5.35836   |    4.68008   |      0.134 |      0.416 |    4/150  
		   22/1000 | 0.050000   |    5.16550   |    4.68904   |      0.151 |      0.405 |    5/150  
		   23/1000 | 0.050000   |    5.12932   |    4.51343   |      0.180 |      0.455 |    6/150  
		   24/1000 | 0.050000   |    4.90167   |    4.67776   |      0.246 |      0.418 |    7/150  
		   25/1000 | 0.050000   |    5.16898   |    4.44756   |      0.169 |      0.473 |    8/150  
		   26/1000 | 0.050000   |    5.39095   |    4.81786   |      0.084 |      0.384 |    9/150  
		   27/1000 | 0.050000   |    5.27053   |    4.55301   |      0.151 |      0.442 |   10/150  
		   28/1000 | 0.050000   |    5.07332   |    4.44946   |      0.216 |      0.469 |   11/150  
		   29/1000 | 0.050000   |    4.93314   |    4.79961   |      0.226 |      0.389 |   12/150  
		   30/1000 | 0.050000   |    5.16436   |    4.65652   |      0.159 |      0.426 |   13/150  
		   31/1000 | 0.050000   |    5.17653   |    4.92951   |      0.157 |      0.356 |   14/150  
		   32/1000 | 0.012500   |    4.93277   |    4.43025   |      0.261 |      0.470 |   15/150  
		   33/1000 | 0.012500   |    4.91312   |    4.65424   |      0.230 |      0.417 |   16/150  
		   34/1000 | 0.012500   |    5.07468   |    4.52521   |      0.180 |      0.450 |   17/150  
		   35/1000 | 0.012500   |    4.92011   |    4.59897   |      0.238 |      0.438 |   18/150  
		   36/1000 | 0.012500   |    5.16398   |    4.57953   |      0.160 |      0.441 |   19/150  
		   37/1000 | 0.012500   |    5.14676   |    4.65036   |      0.176 |      0.425 |   20/150  
		   38/1000 | 0.012500   |    4.93280   |    4.56516   |      0.234 |      0.441 |   21/150  
		   39/1000 | 0.012500   |    4.93034   |    4.56929   |      0.239 |      0.439 |   22/150  
		   40/1000 | 0.012500   |    4.81655   |    4.69316   |      0.271 |      0.410 |   23/150  
		   41/1000 | 0.012500   |    4.95544   |    4.55242   |      0.230 |      0.443 |   24/150  
		   42/1000 | 0.012500   |    4.94724   |    4.54613   |      0.229 |      0.445 |   25/150  
		   43/1000 | 0.012500   |    4.94028   |    4.58808   |      0.235 |      0.434 |   26/150  
		   44/1000 | 0.012500   |    5.05310   |    4.60286   |      0.203 |      0.433 |   27/150  
		   45/1000 | 0.012500   |    4.78386   |    4.66930   |      0.271 |      0.421 |   28/150  
		   46/1000 | 0.012500   |    5.03561   |    4.65796   |      0.201 |      0.423 |   29/150  
		   47/1000 | 0.012500   |    5.04805   |    4.64135   |      0.198 |      0.425 |   30/150  
		   48/1000 | 0.003125   |    5.21989   |    4.54649   |      0.151 |      0.445 |   31/150  
		   49/1000 | 0.003125   |    4.75999   |    4.52623   |      0.290 |      0.449 |   32/150  
		   50/1000 | 0.003125   |    5.11553   |    4.64943   |      0.177 |      0.426 |   33/150  
		   51/1000 | 0.003125   |    5.24251   |    4.61753   |      0.137 |      0.429 |   34/150  
		   52/1000 | 0.003125   |    4.71231   |    4.59350   |      0.303 |      0.436 |   35/150  
		   53/1000 | 0.003125   |    4.89798   |    4.60396   |      0.236 |      0.431 |   36/150  
		   54/1000 | 0.003125   |    4.79746   |    4.64789   |      0.276 |      0.425 |   37/150  
		   55/1000 | 0.003125   |    4.96914   |    4.65067   |      0.223 |      0.425 |   38/150  
		   56/1000 | 0.003125   |    4.77396   |    4.58855   |      0.272 |      0.434 |   39/150  
		   57/1000 | 0.003125   |    5.22287   |    4.50104   |      0.164 |      0.457 |   40/150  
		   58/1000 | 0.003125   |    4.86884   |    4.71504   |      0.255 |      0.407 |   41/150  
		   59/1000 | 0.003125   |    4.89991   |    4.52787   |      0.245 |      0.453 |   42/150  
		   60/1000 | 0.003125   |    4.96217   |    4.64419   |      0.216 |      0.428 |   43/150  
		   61/1000 | 0.003125   |    5.02450   |    4.63324   |      0.209 |      0.429 |   44/150  
		   62/1000 | 0.003125   |    4.67878   |    4.58944   |      0.313 |      0.434 |   45/150  
		   63/1000 | 0.003125   |    4.96059   |    4.56365   |      0.228 |      0.444 |   46/150  
		   64/1000 | 0.000781   |    4.92727   |    4.51239   |      0.239 |      0.454 |   47/150  
		   65/1000 | 0.000781   |    5.25986   |    4.61006   |      0.128 |      0.435 |   48/150  
		   66/1000 | 0.000781   |    4.93337   |    4.61409   |      0.235 |      0.428 |   49/150  
		   67/1000 | 0.000781   |    4.80833   |    4.65187   |      0.272 |      0.424 |   50/150  
		   68/1000 | 0.000781   |    4.84388   |    4.52921   |      0.262 |      0.451 |   51/150  
		   69/1000 | 0.000781   |    4.87098   |    4.68185   |      0.253 |      0.413 |   52/150  
		   70/1000 | 0.000781   |    4.99331   |    4.60691   |      0.215 |      0.437 |   53/150  
		   71/1000 | 0.000781   |    4.88778   |    4.60905   |      0.251 |      0.432 |   54/150  
		   72/1000 | 0.000781   |    4.93023   |    4.44309   |      0.258 |      0.470 |   55/150  
		   73/1000 | 0.000781   |    4.95327   |    4.63094   |      0.229 |      0.425 |   56/150  
		   74/1000 | 0.000781   |    4.74495   |    4.60769   |      0.293 |      0.434 |   57/150  
		   75/1000 | 0.000781   |    4.65165   |    4.55331   |      0.321 |      0.445 |   58/150  
		   76/1000 | 0.000781   |    4.70508   |    4.59412   |      0.305 |      0.435 |   59/150  
		   77/1000 | 0.000781   |    5.20348   |    4.63043   |      0.148 |      0.427 |   60/150  
		   78/1000 | 0.000781   |    4.83562   |    4.62742   |      0.267 |      0.425 |   61/150  
		   79/1000 | 0.000781   |    4.77291   |    4.53919   |      0.280 |      0.450 |   62/150  
		   80/1000 | 0.000195   |    4.83913   |    4.60947   |      0.265 |      0.430 |   63/150  
		   81/1000 | 0.000195   |    5.14710   |    4.56230   |      0.219 |      0.442 |   64/150  
		   82/1000 | 0.000195   |    5.00621   |    4.60449   |      0.213 |      0.437 |   65/150  
		   83/1000 | 0.000195   |    4.81141   |    4.62084   |      0.272 |      0.430 |   66/150  
		   84/1000 | 0.000195   |    4.89676   |    4.62551   |      0.247 |      0.427 |   67/150  
		   85/1000 | 0.000195   |    4.88600   |    4.60876   |      0.249 |      0.433 |   68/150  
		   86/1000 | 0.000195   |    5.14728   |    4.67988   |      0.157 |      0.422 |   69/150  
		   87/1000 | 0.000195   |    4.92555   |    4.59053   |      0.238 |      0.436 |   70/150  
		   88/1000 | 0.000195   |    4.83989   |    4.60980   |      0.266 |      0.434 |   71/150  
		   89/1000 | 0.000195   |    5.10158   |    4.60141   |      0.191 |      0.437 |   72/150  
		   90/1000 | 0.000195   |    4.76974   |    4.62404   |      0.274 |      0.429 |   73/150  
		   91/1000 | 0.000195   |    4.92505   |    4.67239   |      0.238 |      0.414 |   74/150  
		   92/1000 | 0.000195   |    5.01994   |    4.57250   |      0.206 |      0.444 |   75/150  
		   93/1000 | 0.000195   |    5.08551   |    4.58333   |      0.228 |      0.440 |   76/150  
		   94/1000 | 0.000195   |    4.80338   |    4.67474   |      0.275 |      0.423 |   77/150  
		   95/1000 | 0.000195   |    4.96986   |    4.63574   |      0.226 |      0.426 |   78/150  
		   96/1000 | 0.000049   |    5.10454   |    4.62651   |      0.177 |      0.430 |   79/150  
		   97/1000 | 0.000049   |    5.11253   |    4.59479   |      0.177 |      0.439 |   80/150  
		   98/1000 | 0.000049   |    4.93345   |    4.72304   |      0.236 |      0.404 |   81/150  
		   99/1000 | 0.000049   |    4.91783   |    4.70108   |      0.267 |      0.404 |   82/150  
		  100/1000 | 0.000049   |    4.85123   |    4.59555   |      0.260 |      0.434 |   83/150  
		  101/1000 | 0.000049   |    4.95909   |    4.63986   |      0.218 |      0.429 |   84/150  
		  102/1000 | 0.000049   |    4.82266   |    4.67087   |      0.261 |      0.423 |   85/150  
		  103/1000 | 0.000049   |    4.91631   |    4.63883   |      0.240 |      0.429 |   86/150  
		  104/1000 | 0.000049   |    4.89961   |    4.57938   |      0.245 |      0.444 |   87/150  
		  105/1000 | 0.000049   |    4.99983   |    4.57459   |      0.204 |      0.442 |   88/150  
		  106/1000 | 0.000049   |    5.03623   |    4.77385   |      0.199 |      0.403 |   89/150  
		  107/1000 | 0.000049   |    4.91699   |    4.61803   |      0.236 |      0.435 |   90/150  
		  108/1000 | 0.000049   |    4.84559   |    4.60095   |      0.263 |      0.439 |   91/150  
		  109/1000 | 0.000049   |    5.03004   |    4.57231   |      0.204 |      0.445 |   92/150  
		  110/1000 | 0.000049   |    4.95146   |    4.56367   |      0.229 |      0.445 |   93/150  
		  111/1000 | 0.000049   |    4.87613   |    4.62570   |      0.252 |      0.429 |   94/150  
		  112/1000 | 0.000012   |    4.90854   |    4.58940   |      0.246 |      0.439 |   95/150  
		  113/1000 | 0.000012   |    4.91692   |    4.68742   |      0.244 |      0.408 |   96/150  
		  114/1000 | 0.000012   |    4.85328   |    4.70125   |      0.261 |      0.411 |   97/150  
		  115/1000 | 0.000012   |    4.88458   |    4.62086   |      0.246 |      0.428 |   98/150  
		  116/1000 | 0.000012   |    4.88420   |    4.58589   |      0.241 |      0.438 |   99/150  
		  117/1000 | 0.000012   |    5.02388   |    4.67545   |      0.204 |      0.422 |  100/150  
		  118/1000 | 0.000012   |    4.88505   |    4.64627   |      0.250 |      0.421 |  101/150  
		  119/1000 | 0.000012   |    4.71000   |    4.59653   |      0.304 |      0.434 |  102/150  
		  120/1000 | 0.000012   |    4.82501   |    4.67814   |      0.270 |      0.413 |  103/150  
		  121/1000 | 0.000012   |    4.89732   |    4.61249   |      0.246 |      0.437 |  104/150  
		  122/1000 | 0.000012   |    5.05479   |    4.57775   |      0.197 |      0.437 |  105/150  
		  123/1000 | 0.000012   |    4.92385   |    4.55188   |      0.227 |      0.446 |  106/150  
		  124/1000 | 0.000012   |    4.84943   |    4.61927   |      0.263 |      0.433 |  107/150  
		  125/1000 | 0.000012   |    5.05003   |    4.56369   |      0.208 |      0.446 |  108/150  
		  126/1000 | 0.000012   |    5.08435   |    4.53223   |      0.216 |      0.450 |  109/150  
		  127/1000 | 0.000012   |    4.94932   |    4.60017   |      0.247 |      0.437 |  110/150  
		  128/1000 | 0.000003   |    4.94365   |    4.58865   |      0.228 |      0.440 |  111/150  
		  129/1000 | 0.000003   |    4.70238   |    4.56572   |      0.296 |      0.439 |  112/150  
		  130/1000 | 0.000003   |    4.85707   |    4.65091   |      0.256 |      0.426 |  113/150  
		  131/1000 | 0.000003   |    4.84506   |    4.63010   |      0.258 |      0.431 |  114/150  
		  132/1000 | 0.000003   |    4.72887   |    4.64584   |      0.295 |      0.425 |  115/150  
		  133/1000 | 0.000003   |    4.74423   |    4.52244   |      0.289 |      0.453 |  116/150  
		  134/1000 | 0.000003   |    4.99236   |    4.70335   |      0.215 |      0.416 |  117/150  
		  135/1000 | 0.000003   |    5.10554   |    4.61392   |      0.175 |      0.435 |  118/150  
		  136/1000 | 0.000003   |    4.61761   |    4.50432   |      0.330 |      0.456 |  119/150  
		  137/1000 | 0.000003   |    4.87140   |    4.61603   |      0.255 |      0.428 |  120/150  
		  138/1000 | 0.000003   |    4.93098   |    4.62037   |      0.232 |      0.432 |  121/150  
		  139/1000 | 0.000003   |    5.15381   |    4.60867   |      0.163 |      0.436 |  122/150  
		  140/1000 | 0.000003   |    4.91847   |    4.62696   |      0.239 |      0.426 |  123/150  
		  141/1000 | 0.000003   |    5.10942   |    4.62443   |      0.178 |      0.433 |  124/150  
		  142/1000 | 0.000003   |    4.91086   |    4.57447   |      0.230 |      0.440 |  125/150  
		  143/1000 | 0.000003   |    4.97523   |    4.57472   |      0.221 |      0.444 |  126/150  
		  144/1000 | 0.000001   |    5.05782   |    4.57959   |      0.195 |      0.438 |  127/150  
		  145/1000 | 0.000001   |    5.18849   |    4.58750   |      0.151 |      0.440 |  128/150  
		  146/1000 | 0.000001   |    4.98277   |    4.64180   |      0.270 |      0.423 |  129/150  
		  147/1000 | 0.000001   |    5.17895   |    4.65447   |      0.156 |      0.424 |  130/150  
		  148/1000 | 0.000001   |    4.90691   |    4.63757   |      0.231 |      0.429 |  131/150  
		  149/1000 | 0.000001   |    4.80715   |    4.59782   |      0.274 |      0.435 |  132/150  
		  150/1000 | 0.000001   |    4.78111   |    4.65016   |      0.281 |      0.425 |  133/150  
		  151/1000 | 0.000001   |    4.79041   |    4.51929   |      0.268 |      0.452 |  134/150  
		  152/1000 | 0.000001   |    4.85636   |    4.66405   |      0.258 |      0.424 |  135/150  
		  153/1000 | 0.000001   |    4.92366   |    4.64391   |      0.237 |      0.430 |  136/150  
		  154/1000 | 0.000001   |    4.89200   |    4.55804   |      0.248 |      0.444 |  137/150  
		  155/1000 | 0.000001   |    5.07366   |    4.54121   |      0.181 |      0.449 |  138/150  
		  156/1000 | 0.000001   |    4.79275   |    4.58339   |      0.274 |      0.439 |  139/150  
		  157/1000 | 0.000001   |    5.02920   |    4.60447   |      0.225 |      0.436 |  140/150  
		  158/1000 | 0.000001   |    4.86797   |    4.55950   |      0.256 |      0.444 |  141/150  
		  159/1000 | 0.000001   |    5.01126   |    4.57612   |      0.199 |      0.439 |  142/150  
		  160/1000 | 0.000000   |    4.88909   |    4.57587   |      0.249 |      0.443 |  143/150  
		  161/1000 | 0.000000   |    4.97455   |    4.61476   |      0.227 |      0.428 |  144/150  
		  162/1000 | 0.000000   |    4.98876   |    4.58677   |      0.219 |      0.439 |  145/150  
		  163/1000 | 0.000000   |    4.91583   |    4.60601   |      0.237 |      0.433 |  146/150  
		  164/1000 | 0.000000   |    4.98637   |    4.64254   |      0.217 |      0.423 |  147/150  
		  165/1000 | 0.000000   |    5.08377   |    4.57466   |      0.188 |      0.444 |  148/150  
		  166/1000 | 0.000000   |    4.98348   |    4.65188   |      0.220 |      0.419 |  149/150  

		Early stopping triggered.
		[INFO] Case 1 completed.

	3.2 Training Case 2...
		=== Training Log Started: 2025-12-03 17:04:31.687979 ===
		Run Name: STAFV2_33_CASE2
		Device: cuda
		Epochs: 1000, Batch Size: 4, LR: 0.05
		============================================================
		[INFO] Unique quantized indices: 28274
		[INFO] Suggested num_embeddings: 33928
		[INFO] Processed 1563 valid samples.
		[INFO] Saved merged dataset: ./data/training_results/merged_windowed_dataset_STAFV2_33_CASE2.csv  (shape: (1563, 201))
		[INFO] Saved feature metadata: ./data/training_results/feature_info_STAFV2_33_CASE2.json
		[INFO] Dataset split: 1250 train, 313 val
		[INFO] Scalers fitted and saved.

		✅ Model initialized with 23074 params.
		============================================================
		--------------------------------------------------------------------------------------------
		  Epoch    |     LR     |  Train RMSE  |   Val RMSE   |  Train R²  |   Val R²   |  Patience 
		--------------------------------------------------------------------------------------------
		    1/1000 | 0.050000   |    6.78929   |    4.76566   |     -0.355 |      0.273 |    0/150  
		    2/1000 | 0.050000   |    5.43472   |    4.52648   |      0.132 |      0.348 |    0/150  
		    3/1000 | 0.050000   |    5.26783   |    4.30527   |      0.185 |      0.410 |    0/150  
		                                          ╚══> ✅ SAVED (RMSE: 4.3053)
		    4/1000 | 0.050000   |    5.32491   |    4.39819   |      0.167 |      0.383 |    0/150  
		    5/1000 | 0.050000   |    5.30166   |    4.70746   |      0.174 |      0.290 |    1/150  
		    6/1000 | 0.050000   |    5.33567   |    4.64437   |      0.163 |      0.310 |    2/150  
		    7/1000 | 0.050000   |    5.31836   |    6.25788   |      0.169 |     -0.265 |    3/150  
		    8/1000 | 0.050000   |    5.25401   |    4.45082   |      0.189 |      0.366 |    4/150  
		    9/1000 | 0.050000   |    5.29356   |    4.50176   |      0.176 |      0.353 |    5/150  
		   10/1000 | 0.050000   |    5.28217   |    4.85067   |      0.180 |      0.246 |    6/150  
		   11/1000 | 0.050000   |    5.28592   |    4.36465   |      0.179 |      0.392 |    7/150  
		   12/1000 | 0.050000   |    5.25895   |    4.55844   |      0.187 |      0.332 |    8/150  
		   13/1000 | 0.050000   |    5.23468   |    4.27743   |      0.194 |      0.415 |    9/150  
		                                          ╚══> ✅ SAVED (RMSE: 4.2774)
		   14/1000 | 0.050000   |    5.29313   |    4.44553   |      0.182 |      0.364 |    0/150  
		   15/1000 | 0.050000   |    5.25794   |    4.36402   |      0.187 |      0.393 |    1/150  
		   16/1000 | 0.050000   |    5.23784   |    4.79967   |      0.194 |      0.259 |    2/150  
		   17/1000 | 0.050000   |    5.24576   |    4.25584   |      0.191 |      0.421 |    3/150  
		                                          ╚══> ✅ SAVED (RMSE: 4.2558)
		   18/1000 | 0.050000   |    5.24954   |    4.60127   |      0.190 |      0.321 |    0/150  
		   19/1000 | 0.050000   |    5.19076   |    4.40474   |      0.209 |      0.378 |    1/150  
		   20/1000 | 0.050000   |    5.21213   |    4.57975   |      0.201 |      0.330 |    2/150  
		   21/1000 | 0.050000   |    5.25998   |    4.26189   |      0.187 |      0.421 |    3/150  
		   22/1000 | 0.050000   |    5.27377   |    4.62427   |      0.182 |      0.314 |    4/150  
		   23/1000 | 0.050000   |    5.30663   |    4.38889   |      0.172 |      0.384 |    5/150  
		   24/1000 | 0.050000   |    5.16602   |    4.28636   |      0.216 |      0.408 |    6/150  
		   25/1000 | 0.050000   |    5.22055   |    4.40335   |      0.199 |      0.379 |    7/150  
		   26/1000 | 0.050000   |    5.17892   |    4.13628   |      0.212 |      0.450 |    8/150  
		                                          ╚══> ✅ SAVED (RMSE: 4.1363)
		   27/1000 | 0.050000   |    5.27999   |    4.77909   |      0.181 |      0.265 |    0/150  
		   28/1000 | 0.050000   |    5.15061   |    4.48425   |      0.221 |      0.361 |    1/150  
		   29/1000 | 0.050000   |    5.25553   |    4.52329   |      0.189 |      0.346 |    2/150  
		   30/1000 | 0.050000   |    5.20683   |    4.29889   |      0.207 |      0.412 |    3/150  
		   31/1000 | 0.050000   |    5.26889   |    4.53817   |      0.190 |      0.337 |    4/150  
		   32/1000 | 0.050000   |    5.22149   |    4.83874   |      0.200 |      0.251 |    5/150  
		   33/1000 | 0.050000   |    5.22747   |    4.43659   |      0.197 |      0.373 |    6/150  
		   34/1000 | 0.050000   |    5.26700   |    4.33015   |      0.184 |      0.400 |    7/150  
		   35/1000 | 0.050000   |    5.22666   |    4.45638   |      0.197 |      0.366 |    8/150  
		   36/1000 | 0.050000   |    5.15694   |    4.37406   |      0.219 |      0.391 |    9/150  
		   37/1000 | 0.050000   |    5.22238   |    4.21613   |      0.199 |      0.435 |   10/150  
		   38/1000 | 0.050000   |    5.17459   |    4.49773   |      0.213 |      0.356 |   11/150  
		   39/1000 | 0.050000   |    5.36070   |    4.52024   |      0.155 |      0.346 |   12/150  
		   40/1000 | 0.050000   |    5.26175   |    4.21612   |      0.187 |      0.434 |   13/150  
		   41/1000 | 0.050000   |    5.13919   |    4.29469   |      0.223 |      0.414 |   14/150  
		   42/1000 | 0.012500   |    5.22017   |    4.85360   |      0.200 |      0.246 |   15/150  
		   43/1000 | 0.012500   |    5.17049   |    4.40579   |      0.217 |      0.382 |   16/150  
		   44/1000 | 0.012500   |    5.14968   |    4.45592   |      0.221 |      0.368 |   17/150  
		   45/1000 | 0.012500   |    5.22035   |    4.40424   |      0.202 |      0.377 |   18/150  
		   46/1000 | 0.012500   |    5.16644   |    4.23776   |      0.215 |      0.429 |   19/150  
		   47/1000 | 0.012500   |    5.16250   |    4.33809   |      0.219 |      0.401 |   20/150  
		   48/1000 | 0.012500   |    5.12659   |    4.25395   |      0.227 |      0.424 |   21/150  
		   49/1000 | 0.012500   |    5.11496   |    4.33819   |      0.231 |      0.402 |   22/150  
		   50/1000 | 0.012500   |    5.01223   |    4.32904   |      0.262 |      0.396 |   23/150  
		   51/1000 | 0.012500   |    5.06274   |    4.40912   |      0.247 |      0.382 |   24/150  
		   52/1000 | 0.012500   |    5.10203   |    4.47766   |      0.237 |      0.362 |   25/150  
		   53/1000 | 0.012500   |    5.08780   |    4.43790   |      0.239 |      0.373 |   26/150  
		   54/1000 | 0.012500   |    5.09574   |    4.13136   |      0.237 |      0.457 |   27/150  
		                                          ╚══> ✅ SAVED (RMSE: 4.1314)
		   55/1000 | 0.012500   |    5.11869   |    4.73502   |      0.230 |      0.284 |    0/150  
		   56/1000 | 0.012500   |    5.20771   |    4.38926   |      0.203 |      0.387 |    1/150  
		   57/1000 | 0.012500   |    5.14576   |    4.37871   |      0.222 |      0.389 |    2/150  
		   58/1000 | 0.012500   |    5.04733   |    4.32307   |      0.251 |      0.402 |    3/150  
		   59/1000 | 0.012500   |    5.07080   |    4.31340   |      0.245 |      0.406 |    4/150  
		   60/1000 | 0.012500   |    4.92697   |    4.25778   |      0.287 |      0.419 |    5/150  
		   61/1000 | 0.012500   |    5.16950   |    4.43722   |      0.215 |      0.374 |    6/150  
		   62/1000 | 0.012500   |    5.11705   |    4.40029   |      0.230 |      0.385 |    7/150  
		   63/1000 | 0.012500   |    5.14718   |    4.24289   |      0.222 |      0.426 |    8/150  
		   64/1000 | 0.012500   |    5.11256   |    4.28134   |      0.234 |      0.418 |    9/150  
		   65/1000 | 0.012500   |    5.09975   |    4.44842   |      0.236 |      0.369 |   10/150  
		   66/1000 | 0.012500   |    5.12766   |    4.37698   |      0.227 |      0.389 |   11/150  
		   67/1000 | 0.012500   |    5.09943   |    4.14711   |      0.236 |      0.453 |   12/150  
		   68/1000 | 0.012500   |    5.10971   |    4.41981   |      0.233 |      0.380 |   13/150  
		   69/1000 | 0.012500   |    5.19332   |    4.33671   |      0.207 |      0.402 |   14/150  
		   70/1000 | 0.003125   |    5.16139   |    4.37354   |      0.217 |      0.389 |   15/150  
		   71/1000 | 0.003125   |    5.00719   |    4.29629   |      0.263 |      0.413 |   16/150  
		   72/1000 | 0.003125   |    5.09046   |    4.34137   |      0.238 |      0.399 |   17/150  
		   73/1000 | 0.003125   |    5.09323   |    4.28205   |      0.237 |      0.417 |   18/150  
		   74/1000 | 0.003125   |    5.11905   |    4.26566   |      0.230 |      0.420 |   19/150  
		   75/1000 | 0.003125   |    5.04310   |    4.26021   |      0.253 |      0.420 |   20/150  
		   76/1000 | 0.003125   |    5.01257   |    4.37148   |      0.263 |      0.390 |   21/150  
		   77/1000 | 0.003125   |    5.02191   |    4.23089   |      0.258 |      0.431 |   22/150  
		   78/1000 | 0.003125   |    4.97110   |    4.35126   |      0.274 |      0.399 |   23/150  
		   79/1000 | 0.003125   |    5.05675   |    4.33311   |      0.249 |      0.398 |   24/150  
		   80/1000 | 0.003125   |    5.09091   |    4.27315   |      0.239 |      0.420 |   25/150  
		   81/1000 | 0.003125   |    4.99233   |    4.31756   |      0.267 |      0.406 |   26/150  
		   82/1000 | 0.003125   |    5.14970   |    4.38719   |      0.221 |      0.389 |   27/150  
		   83/1000 | 0.003125   |    5.03355   |    4.29056   |      0.256 |      0.411 |   28/150  
		   84/1000 | 0.003125   |    5.07813   |    4.23415   |      0.242 |      0.432 |   29/150  
		   85/1000 | 0.003125   |    5.04773   |    4.18420   |      0.251 |      0.445 |   30/150  
		   86/1000 | 0.000781   |    5.07704   |    4.30359   |      0.243 |      0.412 |   31/150  
		   87/1000 | 0.000781   |    5.04374   |    4.24681   |      0.252 |      0.422 |   32/150  
		   88/1000 | 0.000781   |    5.10724   |    4.29430   |      0.233 |      0.415 |   33/150  
		   89/1000 | 0.000781   |    5.04485   |    4.31014   |      0.252 |      0.407 |   34/150  
		   90/1000 | 0.000781   |    5.09899   |    4.38959   |      0.236 |      0.388 |   35/150  
		   91/1000 | 0.000781   |    5.08574   |    4.27355   |      0.240 |      0.419 |   36/150  
		   92/1000 | 0.000781   |    5.06502   |    4.32066   |      0.246 |      0.407 |   37/150  
		   93/1000 | 0.000781   |    5.01670   |    4.28543   |      0.260 |      0.418 |   38/150  
		   94/1000 | 0.000781   |    5.03699   |    4.37009   |      0.255 |      0.390 |   39/150  
		   95/1000 | 0.000781   |    5.13007   |    4.39545   |      0.227 |      0.387 |   40/150  
		   96/1000 | 0.000781   |    5.02179   |    4.37091   |      0.259 |      0.391 |   41/150  
		   97/1000 | 0.000781   |    5.03974   |    4.26448   |      0.258 |      0.423 |   42/150  
		   98/1000 | 0.000781   |    5.16649   |    4.33541   |      0.216 |      0.401 |   43/150  
		   99/1000 | 0.000781   |    5.03286   |    4.19051   |      0.256 |      0.444 |   44/150  
		  100/1000 | 0.000781   |    5.07960   |    4.42992   |      0.242 |      0.373 |   45/150  
		  101/1000 | 0.000781   |    4.95607   |    4.18956   |      0.281 |      0.440 |   46/150  
		  102/1000 | 0.000195   |    5.01266   |    4.33869   |      0.262 |      0.399 |   47/150  
		  103/1000 | 0.000195   |    5.04976   |    4.35390   |      0.251 |      0.399 |   48/150  
		  104/1000 | 0.000195   |    5.03619   |    4.37994   |      0.255 |      0.389 |   49/150  
		  105/1000 | 0.000195   |    4.97608   |    4.27261   |      0.272 |      0.419 |   50/150  
		  106/1000 | 0.000195   |    5.03831   |    4.33048   |      0.254 |      0.403 |   51/150  
		  107/1000 | 0.000195   |    5.11595   |    4.28085   |      0.231 |      0.415 |   52/150  
		  108/1000 | 0.000195   |    5.00949   |    4.29176   |      0.262 |      0.413 |   53/150  
		  109/1000 | 0.000195   |    5.12512   |    4.26746   |      0.228 |      0.419 |   54/150  
		  110/1000 | 0.000195   |    5.11917   |    4.17228   |      0.230 |      0.445 |   55/150  
		  111/1000 | 0.000195   |    4.93614   |    4.31382   |      0.284 |      0.410 |   56/150  
		  112/1000 | 0.000195   |    4.94284   |    4.33074   |      0.282 |      0.402 |   57/150  
		  113/1000 | 0.000195   |    5.14310   |    4.28728   |      0.226 |      0.414 |   58/150  
		  114/1000 | 0.000195   |    5.03270   |    4.33723   |      0.256 |      0.397 |   59/150  
		  115/1000 | 0.000195   |    5.01052   |    4.21449   |      0.262 |      0.431 |   60/150  
		  116/1000 | 0.000195   |    5.02874   |    4.18593   |      0.257 |      0.443 |   61/150  
		  117/1000 | 0.000195   |    5.02721   |    4.32534   |      0.257 |      0.407 |   62/150  
		  118/1000 | 0.000049   |    5.03291   |    4.22130   |      0.255 |      0.433 |   63/150  
		  119/1000 | 0.000049   |    5.11714   |    4.50013   |      0.230 |      0.356 |   64/150  
		  120/1000 | 0.000049   |    5.02584   |    4.45221   |      0.258 |      0.368 |   65/150  
		  121/1000 | 0.000049   |    4.98863   |    4.31933   |      0.269 |      0.406 |   66/150  
		  122/1000 | 0.000049   |    5.03096   |    4.34678   |      0.258 |      0.392 |   67/150  
		  123/1000 | 0.000049   |    5.17970   |    4.21642   |      0.214 |      0.434 |   68/150  
		  124/1000 | 0.000049   |    5.04347   |    4.43204   |      0.253 |      0.376 |   69/150  
		  125/1000 | 0.000049   |    5.06821   |    4.29872   |      0.250 |      0.410 |   70/150  
		  126/1000 | 0.000049   |    5.09986   |    4.28955   |      0.236 |      0.412 |   71/150  
		  127/1000 | 0.000049   |    5.03134   |    4.24559   |      0.257 |      0.422 |   72/150  
		  128/1000 | 0.000049   |    5.12867   |    4.34515   |      0.227 |      0.399 |   73/150  
		  129/1000 | 0.000049   |    5.07502   |    4.38138   |      0.243 |      0.390 |   74/150  
		  130/1000 | 0.000049   |    5.05918   |    4.31015   |      0.248 |      0.403 |   75/150  
		  131/1000 | 0.000049   |    5.05743   |    4.25667   |      0.251 |      0.423 |   76/150  
		  132/1000 | 0.000049   |    4.92581   |    4.30567   |      0.287 |      0.410 |   77/150  
		  133/1000 | 0.000049   |    5.04234   |    4.31177   |      0.253 |      0.409 |   78/150  
		  134/1000 | 0.000012   |    5.16353   |    4.20047   |      0.218 |      0.438 |   79/150  
		  135/1000 | 0.000012   |    4.95427   |    4.31641   |      0.280 |      0.409 |   80/150  
		  136/1000 | 0.000012   |    4.99732   |    4.25367   |      0.266 |      0.423 |   81/150  
		  137/1000 | 0.000012   |    5.03401   |    4.29764   |      0.256 |      0.414 |   82/150  
		  138/1000 | 0.000012   |    4.99308   |    4.20206   |      0.267 |      0.436 |   83/150  
		  139/1000 | 0.000012   |    5.03760   |    4.29275   |      0.258 |      0.412 |   84/150  
		  140/1000 | 0.000012   |    5.03914   |    4.29676   |      0.254 |      0.412 |   85/150  
		  141/1000 | 0.000012   |    5.04169   |    4.25821   |      0.254 |      0.424 |   86/150  
		  142/1000 | 0.000012   |    5.01610   |    4.22743   |      0.260 |      0.431 |   87/150  
		  143/1000 | 0.000012   |    5.11531   |    4.31387   |      0.230 |      0.409 |   88/150  
		  144/1000 | 0.000012   |    5.04376   |    4.39009   |      0.253 |      0.388 |   89/150  
		  145/1000 | 0.000012   |    5.03645   |    4.46608   |      0.255 |      0.366 |   90/150  
		  146/1000 | 0.000012   |    5.07994   |    4.22331   |      0.242 |      0.434 |   91/150  
		  147/1000 | 0.000012   |    5.15376   |    4.33219   |      0.219 |      0.405 |   92/150  
		  148/1000 | 0.000012   |    5.06045   |    4.19029   |      0.250 |      0.440 |   93/150  
		  149/1000 | 0.000012   |    5.05463   |    4.21828   |      0.253 |      0.434 |   94/150  
		  150/1000 | 0.000003   |    5.05115   |    4.33040   |      0.251 |      0.401 |   95/150  
		  151/1000 | 0.000003   |    4.93296   |    4.26485   |      0.285 |      0.419 |   96/150  
		  152/1000 | 0.000003   |    5.05658   |    4.34143   |      0.249 |      0.400 |   97/150  
		  153/1000 | 0.000003   |    4.92055   |    4.25242   |      0.289 |      0.420 |   98/150  
		  154/1000 | 0.000003   |    5.15396   |    4.31417   |      0.219 |      0.410 |   99/150  
		  155/1000 | 0.000003   |    4.98921   |    4.33588   |      0.270 |      0.403 |  100/150  
		  156/1000 | 0.000003   |    5.09751   |    4.21676   |      0.236 |      0.432 |  101/150  
		  157/1000 | 0.000003   |    5.06847   |    4.19946   |      0.245 |      0.438 |  102/150  
		  158/1000 | 0.000003   |    5.09056   |    4.33481   |      0.238 |      0.403 |  103/150  
		  159/1000 | 0.000003   |    5.02353   |    4.31848   |      0.262 |      0.409 |  104/150  
		  160/1000 | 0.000003   |    5.07033   |    4.50334   |      0.244 |      0.355 |  105/150  
		  161/1000 | 0.000003   |    5.02083   |    4.31520   |      0.260 |      0.404 |  106/150  
		  162/1000 | 0.000003   |    5.07002   |    4.33880   |      0.245 |      0.400 |  107/150  
		  163/1000 | 0.000003   |    5.08604   |    4.21878   |      0.240 |      0.433 |  108/150  
		  164/1000 | 0.000003   |    4.97398   |    4.40890   |      0.273 |      0.383 |  109/150  
		  165/1000 | 0.000003   |    5.04023   |    4.28146   |      0.254 |      0.419 |  110/150  
		  166/1000 | 0.000001   |    5.07783   |    4.20894   |      0.246 |      0.433 |  111/150  
		  167/1000 | 0.000001   |    5.13869   |    4.24864   |      0.224 |      0.425 |  112/150  
		  168/1000 | 0.000001   |    5.03415   |    4.32895   |      0.255 |      0.401 |  113/150  
		  169/1000 | 0.000001   |    5.12931   |    4.28379   |      0.227 |      0.413 |  114/150  
		  170/1000 | 0.000001   |    5.05471   |    4.34241   |      0.250 |      0.400 |  115/150  
		  171/1000 | 0.000001   |    5.06025   |    4.38832   |      0.247 |      0.389 |  116/150  
		  172/1000 | 0.000001   |    5.07504   |    4.29713   |      0.243 |      0.414 |  117/150  
		  173/1000 | 0.000001   |    5.06611   |    4.38321   |      0.245 |      0.390 |  118/150  
		  174/1000 | 0.000001   |    5.09987   |    4.53386   |      0.236 |      0.346 |  119/150  
		  175/1000 | 0.000001   |    5.02124   |    4.42709   |      0.259 |      0.378 |  120/150  
		  176/1000 | 0.000001   |    5.06684   |    4.34390   |      0.245 |      0.398 |  121/150  
		  177/1000 | 0.000001   |    5.08267   |    4.24871   |      0.241 |      0.425 |  122/150  
		  178/1000 | 0.000001   |    5.08025   |    4.32806   |      0.242 |      0.401 |  123/150  
		  179/1000 | 0.000001   |    5.09717   |    4.40394   |      0.236 |      0.384 |  124/150  
		  180/1000 | 0.000001   |    4.96574   |    4.41303   |      0.276 |      0.382 |  125/150  
		  181/1000 | 0.000001   |    4.96020   |    4.32003   |      0.276 |      0.408 |  126/150  
		  182/1000 | 0.000000   |    5.00783   |    4.19542   |      0.263 |      0.441 |  127/150  
		  183/1000 | 0.000000   |    5.09956   |    4.22210   |      0.236 |      0.435 |  128/150  
		  184/1000 | 0.000000   |    4.96724   |    4.19557   |      0.275 |      0.438 |  129/150  
		  185/1000 | 0.000000   |    5.11411   |    4.29634   |      0.232 |      0.415 |  130/150  
		  186/1000 | 0.000000   |    5.02237   |    4.24275   |      0.264 |      0.422 |  131/150  
		  187/1000 | 0.000000   |    5.15737   |    4.30126   |      0.218 |      0.412 |  132/150  
		  188/1000 | 0.000000   |    4.98344   |    4.12027   |      0.272 |      0.462 |  133/150  
		                                          ╚══> ✅ SAVED (RMSE: 4.1203)
		  189/1000 | 0.000000   |    5.00609   |    4.28229   |      0.264 |      0.415 |    0/150  
		  190/1000 | 0.000000   |    5.03688   |    4.30937   |      0.254 |      0.409 |    1/150  
		  191/1000 | 0.000000   |    5.09286   |    4.31320   |      0.238 |      0.407 |    2/150  
		  192/1000 | 0.000000   |    5.05099   |    4.29584   |      0.250 |      0.413 |    3/150  
		  193/1000 | 0.000000   |    5.03800   |    4.37790   |      0.255 |      0.392 |    4/150  
		  194/1000 | 0.000000   |    5.04316   |    4.32671   |      0.255 |      0.406 |    5/150  
		  195/1000 | 0.000000   |    5.01666   |    4.38939   |      0.260 |      0.388 |    6/150  
		  196/1000 | 0.000000   |    5.01935   |    4.38490   |      0.260 |      0.380 |    7/150  
		  197/1000 | 0.000000   |    5.03579   |    4.19961   |      0.255 |      0.442 |    8/150  
		  198/1000 | 0.000000   |    5.06080   |    4.36849   |      0.253 |      0.395 |    9/150  
		  199/1000 | 0.000000   |    5.05986   |    4.27745   |      0.248 |      0.416 |   10/150  
		  200/1000 | 0.000000   |    5.02320   |    4.37951   |      0.259 |      0.391 |   11/150  
		  201/1000 | 0.000000   |    4.99362   |    4.21033   |      0.267 |      0.435 |   12/150  
		  202/1000 | 0.000000   |    4.94160   |    4.21850   |      0.282 |      0.434 |   13/150  
		  203/1000 | 0.000000   |    5.01763   |    4.28236   |      0.261 |      0.417 |   14/150  
		  204/1000 | 0.000000   |    5.10844   |    4.31844   |      0.239 |      0.409 |   15/150  
		  205/1000 | 0.000000   |    5.09838   |    4.43485   |      0.236 |      0.375 |   16/150  
		  206/1000 | 0.000000   |    5.04994   |    4.22365   |      0.251 |      0.432 |   17/150  
		  207/1000 | 0.000000   |    5.09265   |    4.22714   |      0.240 |      0.433 |   18/150  
		  208/1000 | 0.000000   |    5.02667   |    4.40862   |      0.257 |      0.383 |   19/150  
		  209/1000 | 0.000000   |    5.04041   |    4.27978   |      0.254 |      0.420 |   20/150  
		  210/1000 | 0.000000   |    5.07592   |    4.28024   |      0.243 |      0.418 |   21/150  
		  211/1000 | 0.000000   |    5.00988   |    4.42169   |      0.263 |      0.378 |   22/150  
		  212/1000 | 0.000000   |    5.01501   |    4.24190   |      0.261 |      0.429 |   23/150  
		  213/1000 | 0.000000   |    4.97220   |    4.21560   |      0.274 |      0.434 |   24/150  
		  214/1000 | 0.000000   |    5.05790   |    4.40457   |      0.249 |      0.384 |   25/150  
		  215/1000 | 0.000000   |    4.98662   |    4.36838   |      0.269 |      0.394 |   26/150  
		  216/1000 | 0.000000   |    5.13316   |    4.27999   |      0.227 |      0.415 |   27/150  
		  217/1000 | 0.000000   |    4.97205   |    4.26715   |      0.274 |      0.423 |   28/150  
		  218/1000 | 0.000000   |    5.10888   |    4.31084   |      0.234 |      0.408 |   29/150  
		  219/1000 | 0.000000   |    5.01819   |    4.36705   |      0.262 |      0.390 |   30/150  
		  220/1000 | 0.000000   |    5.07504   |    4.23733   |      0.243 |      0.426 |   31/150  
		  221/1000 | 0.000000   |    5.03464   |    4.28067   |      0.255 |      0.417 |   32/150  
		  222/1000 | 0.000000   |    4.99751   |    4.33760   |      0.266 |      0.402 |   33/150  
		  223/1000 | 0.000000   |    4.97309   |    4.22567   |      0.277 |      0.429 |   34/150  
		  224/1000 | 0.000000   |    5.03339   |    4.33658   |      0.261 |      0.401 |   35/150  
		  225/1000 | 0.000000   |    5.02121   |    4.26328   |      0.259 |      0.424 |   36/150  
		  226/1000 | 0.000000   |    5.00683   |    4.30835   |      0.263 |      0.408 |   37/150  
		  227/1000 | 0.000000   |    5.00167   |    4.33523   |      0.264 |      0.404 |   38/150  
		  228/1000 | 0.000000   |    5.06360   |    4.20159   |      0.247 |      0.438 |   39/150  
		  229/1000 | 0.000000   |    5.13383   |    4.38328   |      0.226 |      0.390 |   40/150  
		  230/1000 | 0.000000   |    5.08421   |    4.39776   |      0.241 |      0.385 |   41/150  
		  231/1000 | 0.000000   |    5.14075   |    4.27140   |      0.225 |      0.421 |   42/150  
		  232/1000 | 0.000000   |    5.12498   |    4.22497   |      0.229 |      0.435 |   43/150  
		  233/1000 | 0.000000   |    5.04941   |    4.20293   |      0.251 |      0.436 |   44/150  
		  234/1000 | 0.000000   |    4.98223   |    4.32895   |      0.271 |      0.404 |   45/150  
		  235/1000 | 0.000000   |    5.05457   |    4.29019   |      0.250 |      0.413 |   46/150  
		  236/1000 | 0.000000   |    5.12810   |    4.42748   |      0.228 |      0.378 |   47/150  
		  237/1000 | 0.000000   |    5.04027   |    4.31510   |      0.254 |      0.408 |   48/150  
		  238/1000 | 0.000000   |    5.06238   |    4.41159   |      0.247 |      0.382 |   49/150  
		  239/1000 | 0.000000   |    5.09004   |    4.23029   |      0.239 |      0.433 |   50/150  
		  240/1000 | 0.000000   |    5.06030   |    4.48916   |      0.247 |      0.360 |   51/150  
		  241/1000 | 0.000000   |    5.06882   |    4.26497   |      0.245 |      0.421 |   52/150  
		  242/1000 | 0.000000   |    4.98318   |    4.19030   |      0.272 |      0.438 |   53/150  
		  243/1000 | 0.000000   |    5.13520   |    4.35573   |      0.226 |      0.398 |   54/150  
		  244/1000 | 0.000000   |    5.07898   |    4.16495   |      0.242 |      0.449 |   55/150  
		  245/1000 | 0.000000   |    5.06153   |    4.19934   |      0.247 |      0.438 |   56/150  
		  246/1000 | 0.000000   |    5.06223   |    4.47618   |      0.247 |      0.363 |   57/150  
		  247/1000 | 0.000000   |    4.98855   |    4.21352   |      0.269 |      0.434 |   58/150  
		  248/1000 | 0.000000   |    5.02139   |    4.29326   |      0.259 |      0.413 |   59/150  
		  249/1000 | 0.000000   |    5.06509   |    4.29643   |      0.246 |      0.414 |   60/150  
		  250/1000 | 0.000000   |    5.12207   |    4.37170   |      0.229 |      0.394 |   61/150  
		  251/1000 | 0.000000   |    5.03372   |    4.34004   |      0.256 |      0.403 |   62/150  
		  252/1000 | 0.000000   |    5.06784   |    4.20975   |      0.246 |      0.439 |   63/150  
		  253/1000 | 0.000000   |    4.95171   |    4.34950   |      0.279 |      0.392 |   64/150  
		  254/1000 | 0.000000   |    4.99664   |    4.41346   |      0.268 |      0.382 |   65/150  
		  255/1000 | 0.000000   |    5.00852   |    4.33961   |      0.263 |      0.400 |   66/150  
		  256/1000 | 0.000000   |    4.96775   |    4.28529   |      0.275 |      0.412 |   67/150  
		  257/1000 | 0.000000   |    5.08697   |    4.29769   |      0.242 |      0.414 |   68/150  
		  258/1000 | 0.000000   |    5.02138   |    4.31170   |      0.259 |      0.406 |   69/150  
		  259/1000 | 0.000000   |    5.03561   |    4.23915   |      0.255 |      0.428 |   70/150  
		  260/1000 | 0.000000   |    5.05971   |    4.36565   |      0.247 |      0.394 |   71/150  
		  261/1000 | 0.000000   |    5.05298   |    4.32142   |      0.250 |      0.402 |   72/150  
		  262/1000 | 0.000000   |    5.09335   |    4.17661   |      0.242 |      0.445 |   73/150  
		  263/1000 | 0.000000   |    5.15065   |    4.34297   |      0.220 |      0.395 |   74/150  
		  264/1000 | 0.000000   |    5.10654   |    4.33675   |      0.234 |      0.403 |   75/150  
		  265/1000 | 0.000000   |    5.00664   |    4.32831   |      0.264 |      0.400 |   76/150  
		  266/1000 | 0.000000   |    5.06666   |    4.33979   |      0.245 |      0.402 |   77/150  
		  267/1000 | 0.000000   |    5.04031   |    4.37679   |      0.254 |      0.387 |   78/150  
		  268/1000 | 0.000000   |    5.06473   |    4.29347   |      0.246 |      0.410 |   79/150  
		  269/1000 | 0.000000   |    5.03771   |    4.23404   |      0.253 |      0.431 |   80/150  
		  270/1000 | 0.000000   |    5.01615   |    4.19709   |      0.264 |      0.438 |   81/150  
		  271/1000 | 0.000000   |    4.93428   |    4.27707   |      0.285 |      0.417 |   82/150  
		  272/1000 | 0.000000   |    5.13864   |    4.30305   |      0.224 |      0.413 |   83/150  
		  273/1000 | 0.000000   |    5.13481   |    4.19076   |      0.225 |      0.442 |   84/150  
		  274/1000 | 0.000000   |    5.13906   |    4.21585   |      0.226 |      0.433 |   85/150  
		  275/1000 | 0.000000   |    5.05946   |    4.25727   |      0.247 |      0.423 |   86/150  
		  276/1000 | 0.000000   |    5.11784   |    4.47702   |      0.231 |      0.363 |   87/150  
		  277/1000 | 0.000000   |    5.12764   |    4.24063   |      0.227 |      0.427 |   88/150  
		  278/1000 | 0.000000   |    5.06571   |    4.27704   |      0.245 |      0.413 |   89/150  
		  279/1000 | 0.000000   |    5.06431   |    4.32087   |      0.245 |      0.405 |   90/150  
		  280/1000 | 0.000000   |    5.05887   |    4.25622   |      0.248 |      0.420 |   91/150  
		  281/1000 | 0.000000   |    5.00549   |    4.31104   |      0.264 |      0.406 |   92/150  
		  282/1000 | 0.000000   |    5.12981   |    4.51601   |      0.226 |      0.352 |   93/150  
		  283/1000 | 0.000000   |    5.16545   |    4.37768   |      0.215 |      0.391 |   94/150  
		  284/1000 | 0.000000   |    5.06462   |    4.30370   |      0.246 |      0.410 |   95/150  
		  285/1000 | 0.000000   |    4.98328   |    4.26286   |      0.270 |      0.423 |   96/150  
		  286/1000 | 0.000000   |    5.12707   |    4.33738   |      0.228 |      0.400 |   97/150  
		  287/1000 | 0.000000   |    5.04744   |    4.14307   |      0.251 |      0.455 |   98/150  
		  288/1000 | 0.000000   |    5.17244   |    4.25297   |      0.214 |      0.424 |   99/150  
		  289/1000 | 0.000000   |    5.03123   |    4.29261   |      0.256 |      0.410 |  100/150  
		  290/1000 | 0.000000   |    5.09122   |    4.38970   |      0.238 |      0.388 |  101/150  
		  291/1000 | 0.000000   |    5.06565   |    4.14914   |      0.249 |      0.452 |  102/150  
		  292/1000 | 0.000000   |    5.07190   |    4.39939   |      0.244 |      0.385 |  103/150  
		  293/1000 | 0.000000   |    5.08829   |    4.20663   |      0.239 |      0.437 |  104/150  
		  294/1000 | 0.000000   |    5.03348   |    4.37121   |      0.256 |      0.394 |  105/150  
		  295/1000 | 0.000000   |    5.09498   |    4.31410   |      0.241 |      0.409 |  106/150  
		  296/1000 | 0.000000   |    5.02912   |    4.20598   |      0.259 |      0.438 |  107/150  
		  297/1000 | 0.000000   |    5.04354   |    4.27740   |      0.256 |      0.416 |  108/150  
		  298/1000 | 0.000000   |    5.20362   |    4.23619   |      0.204 |      0.426 |  109/150  
		  299/1000 | 0.000000   |    5.05568   |    4.38321   |      0.249 |      0.390 |  110/150  
		  300/1000 | 0.000000   |    5.02289   |    4.35875   |      0.258 |      0.397 |  111/150  
		  301/1000 | 0.000000   |    5.03094   |    4.29795   |      0.256 |      0.412 |  112/150  
		  302/1000 | 0.000000   |    5.14727   |    4.20120   |      0.221 |      0.438 |  113/150  
		  303/1000 | 0.000000   |    4.90258   |    4.39674   |      0.293 |      0.386 |  114/150  
		  304/1000 | 0.000000   |    4.99392   |    4.30659   |      0.267 |      0.408 |  115/150  
		  305/1000 | 0.000000   |    5.04871   |    4.26256   |      0.251 |      0.424 |  116/150  
		  306/1000 | 0.000000   |    5.11971   |    4.32229   |      0.230 |      0.405 |  117/150  
		  307/1000 | 0.000000   |    4.98043   |    4.31140   |      0.270 |      0.407 |  118/150  
		  308/1000 | 0.000000   |    5.06394   |    4.45864   |      0.246 |      0.366 |  119/150  
		  309/1000 | 0.000000   |    4.98327   |    4.24394   |      0.270 |      0.425 |  120/150  
		  310/1000 | 0.000000   |    5.04325   |    4.24887   |      0.253 |      0.422 |  121/150  
		  311/1000 | 0.000000   |    4.98312   |    4.37860   |      0.270 |      0.392 |  122/150  
		  312/1000 | 0.000000   |    5.04026   |    4.33570   |      0.253 |      0.404 |  123/150  
		  313/1000 | 0.000000   |    5.05195   |    4.32413   |      0.250 |      0.407 |  124/150  
		  314/1000 | 0.000000   |    4.93384   |    4.25869   |      0.285 |      0.422 |  125/150  
		  315/1000 | 0.000000   |    5.01618   |    4.27059   |      0.260 |      0.422 |  126/150  
		  316/1000 | 0.000000   |    5.00346   |    4.27360   |      0.264 |      0.420 |  127/150  
		  317/1000 | 0.000000   |    5.14555   |    4.23685   |      0.222 |      0.426 |  128/150  
		  318/1000 | 0.000000   |    5.07043   |    4.36408   |      0.244 |      0.395 |  129/150  
		  319/1000 | 0.000000   |    5.06562   |    4.37037   |      0.246 |      0.394 |  130/150  
		  320/1000 | 0.000000   |    5.05258   |    4.30848   |      0.250 |      0.412 |  131/150  
		  321/1000 | 0.000000   |    5.08690   |    4.33990   |      0.240 |      0.402 |  132/150  
		  322/1000 | 0.000000   |    5.00518   |    4.21331   |      0.264 |      0.437 |  133/150  
		  323/1000 | 0.000000   |    5.04942   |    4.30732   |      0.251 |      0.407 |  134/150  
		  324/1000 | 0.000000   |    5.05165   |    4.25680   |      0.250 |      0.420 |  135/150  
		  325/1000 | 0.000000   |    5.14776   |    4.25705   |      0.222 |      0.426 |  136/150  
		  326/1000 | 0.000000   |    5.01376   |    4.18331   |      0.266 |      0.446 |  137/150  
		  327/1000 | 0.000000   |    5.04322   |    4.40045   |      0.253 |      0.385 |  138/150  
		  328/1000 | 0.000000   |    5.10251   |    4.31021   |      0.235 |      0.407 |  139/150  
		  329/1000 | 0.000000   |    5.05244   |    4.40649   |      0.249 |      0.384 |  140/150  
		  330/1000 | 0.000000   |    5.09038   |    4.17660   |      0.239 |      0.445 |  141/150  
		  331/1000 | 0.000000   |    5.13775   |    4.23975   |      0.224 |      0.431 |  142/150  
		  332/1000 | 0.000000   |    5.05854   |    4.22992   |      0.248 |      0.430 |  143/150  
		  333/1000 | 0.000000   |    5.00931   |    4.34939   |      0.263 |      0.397 |  144/150  
		  334/1000 | 0.000000   |    5.11404   |    4.36930   |      0.233 |      0.394 |  145/150  
		  335/1000 | 0.000000   |    5.08244   |    4.22262   |      0.247 |      0.433 |  146/150  
		  336/1000 | 0.000000   |    5.11925   |    4.29095   |      0.230 |      0.414 |  147/150  
		  337/1000 | 0.000000   |    4.97399   |    4.22281   |      0.275 |      0.434 |  148/150  
		  338/1000 | 0.000000   |    4.99831   |    4.29047   |      0.266 |      0.412 |  149/150  

		Early stopping triggered.
		[INFO] Case 2 completed.
