nohup: ignoring input
Crash diagnostics ON


==================================================
PART 1: Data preprocess for 2023-01-01 00:00:00 to 2024-09-30 23:00:00...
==================================================

	1.1 Preprocessing radiation data...
		[INFO] Radiation data already exists at './data/timeseries/radiation_data.csv'

	1.2 Preprocessing temperature data...
		[INFO] Temperature data already exists at './data/timeseries/temperature_data.csv'

	1.3 Preprocessing building data...
		[INFO] Building data already exists at './data/timeseries/building_data.csv'

	1.4 Preprocessing electricity cost data...
		[INFO] Electricity cost data already exists at './data/timeseries/electricitycostG2B_data.csv' and './data/timeseries/electricitycostG2V_data.csv'

	1.5 Preprocessing battery demand series data...
		[INFO] Found existing battery data at 'data/battery_demandV2/resample_full.csv' and 'data/battery_demandV2/resample_train.csv'

		[INFO] Number of series for clean windows = (168, 37)
		[INFO] Number of eligible series for Case 2 = (1395, 37)
		[INFO] Case 1 exists — loaded battery demand from 'data/battery_demandV2/case1_real_only/battery_demand.npy' with shape (168, 37).
		[INFO] Case 2 exists — loaded battery demand from 'data/battery_demandV2/case2_nan_filled/battery_demand.npy' with shape (1563, 37).
		[INFO] Case 0 exists — loaded battery demand from 'data/battery_demandV2/case0_test/battery_demand.npy' with shape (2, 49).

	1.6 Generating battery schedule...
		[INFO] Case 0 exists — loaded from 'data/battery_demandV2/case0_test/battery_availability.npy' and 'data/battery_demandV2/case0_test/battery_details.npy' shape (2, 272, 48) and (4, 2, 272)
		[INFO] Case 1 exists — loaded from 'data/battery_demandV2/case1_real_only/battery_availability.npy' and 'data/battery_demandV2/case1_real_only/battery_details.npy' shape (168, 237, 36) and (4, 168, 237)
		[INFO] Case 2 exists — loaded from 'data/battery_demandV2/case2_nan_filled/battery_availability.npy' and 'data/battery_demandV2/case2_nan_filled/battery_details.npy' shape (1563, 237, 36) and (4, 1563, 237)
		[ERROR] Could not load battery demand from 'data/battery_demandV2/case3_extended_generated/battery_demand.npy': [Errno 2] No such file or directory: 'data/battery_demandV2/case3_extended_generated/battery_demand.npy'


==================================================
PART 2: MILP Optimization...
==================================================

	2.0 Optimizing Case 0...
		[INFO] Loaded 2 samples from 'data/battery_demandV2/case0_test'
		[INFO] Results already exist at 'data/optimization_resultsV2/case0_test/immediate_charging/V2B.npy'. Skipping immediate_charging run.
		[INFO] Results already exist at 'data/optimization_resultsV2/case0_test/optimization/V2B.npy'. Skipping optimization run.
		[INFO] Case 0 completed.

	2.1 Optimizing Case 1...
		[INFO] Loaded 168 samples from 'data/battery_demandV2/case1_real_only'
		[INFO] Results already exist at 'data/optimization_resultsV2/case1_real_only/immediate_charging/V2B.npy'. Skipping immediate_charging run.
		[INFO] Results already exist at 'data/optimization_resultsV2/case1_real_only/optimization/V2B.npy'. Skipping optimization run.
		[INFO] Case 1 completed.

	2.2 Optimizing Case 2...
		[INFO] Loaded 1563 samples from 'data/battery_demandV2/case2_nan_filled'
		[INFO] Results already exist at 'data/optimization_resultsV2/case2_nan_filled/immediate_charging/V2B.npy'. Skipping immediate_charging run.
		[INFO] Results already exist at 'data/optimization_resultsV2/case2_nan_filled/optimization/V2B.npy'. Skipping optimization run.
		[INFO] Case 2 completed.


==================================================
PART 3: Supervised Learning...
==================================================

	3.2 Training Case 2...

=== Starting Training Run: STAFV5_CASE2 ===
Device: cuda
		[INFO] Starting Preprocessing for Case 2...
		[INFO] Unique quantized indices: 28274
		[INFO] Suggested num_embeddings: 33928
		[INFO] Generating sliding windows...
		[INFO] Saved dataset: ./data/training_results/STAFV5_CASE2/merged_dataset_STAFV5_CASE2.csv (Shape: (18756, 225))
		[INFO] Saved metadata: ./data/training_results/STAFV5_CASE2/feature_info_STAFV5_CASE2.json
	[Model Config] Detected Dims: {'static': 4, 'series_count': 6, 'seq_len': 24, 'vehicle': 76, 'emb_vocab': 12000}
		[INFO] Data loaded. Train: 13129, Val: 5627
		[INFO] Fitting new scalers on training data...
		[INFO] Calculating weights for imbalanced regression...
		[INFO] 
==================================================
		[INFO] 🚀 TRAINING SESSION: STAFV5_CASE2
		[INFO] ==================================================
		[INFO] Device:             cuda
		[INFO] Model Parameters:   268,370
		[INFO] --------------------------------------------------
		[INFO] Epochs:             5000
		[INFO] Batch Size:         1024
		[INFO] Learning Rate:      0.01
		[INFO] Weight Decay:       0.001
		[INFO] Dropout:            0.5
		[INFO] --------------------------------------------------
		[INFO] Hidden Layers:      [256, 64]
		[INFO] Embedding Dim:      16
		[INFO] Attention Heads:    4
		[INFO]==================================================


		[INFO]Epoch |    LR    | Trn RMSE | Val RMSE | Trn R2 | Val R2 | Stop
-----------------------------------------------------------------
		[INFO]    1 | 0.010000 |   6.8146 |   9.0687 |  0.294 | -0.574 | 0/100
		[INFO]    2 | 0.010000 |   5.1526 |   6.9575 |  0.595 |  0.079 | 0/100
		[INFO]    3 | 0.010000 |   4.6249 |   6.0306 |  0.676 |  0.307 | 0/100
		[INFO]    4 | 0.010000 |   4.3452 |   6.2990 |  0.714 |  0.242 | 0/100
		[INFO]    5 | 0.010000 |   4.1317 |   5.7863 |  0.743 |  0.360 | 1/100
		[INFO]    6 | 0.010000 |   3.9928 |   5.5734 |  0.757 |  0.407 | 0/100
		[INFO]    7 | 0.010000 |   3.8969 |   5.3106 |  0.769 |  0.462 | 0/100
		[INFO]    8 | 0.010000 |   3.7994 |   4.8792 |  0.781 |  0.546 | 0/100
		[INFO]    9 | 0.010000 |   3.5884 |   5.1777 |  0.802 |  0.489 | 0/100
		[INFO]   10 | 0.010000 |   3.6031 |   4.9196 |  0.803 |  0.538 | 1/100
		[INFO]   11 | 0.010000 |   3.5424 |   4.9534 |  0.808 |  0.532 | 2/100
		[INFO]   12 | 0.010000 |   3.4769 |   5.0072 |  0.817 |  0.522 | 3/100
		[INFO]   13 | 0.010000 |   3.4719 |   4.9947 |  0.816 |  0.525 | 4/100
		[INFO]   14 | 0.010000 |   3.4326 |   5.1144 |  0.822 |  0.502 | 5/100
		[INFO]   15 | 0.007500 |   3.3213 |   4.6515 |  0.832 |  0.587 | 6/100
		[INFO]   16 | 0.007500 |   3.2748 |   4.7599 |  0.838 |  0.568 | 0/100
		[INFO]   17 | 0.007500 |   3.2052 |   4.8801 |  0.844 |  0.546 | 1/100
		[INFO]   18 | 0.007500 |   3.1876 |   4.9075 |  0.845 |  0.542 | 2/100
		[INFO]   19 | 0.007500 |   3.1124 |   4.6833 |  0.853 |  0.582 | 3/100
		[INFO]   20 | 0.007500 |   3.1258 |   4.7545 |  0.851 |  0.570 | 4/100
		[INFO]   21 | 0.007500 |   3.0659 |   4.8171 |  0.856 |  0.559 | 5/100
		[INFO]   22 | 0.005625 |   3.0040 |   4.7153 |  0.862 |  0.577 | 6/100
		[INFO]   23 | 0.005625 |   2.9904 |   4.6451 |  0.863 |  0.590 | 7/100
		[INFO]   24 | 0.005625 |   2.9815 |   4.7278 |  0.865 |  0.575 | 0/100
		[INFO]   25 | 0.005625 |   2.9884 |   4.6990 |  0.863 |  0.580 | 1/100
		[INFO]   26 | 0.005625 |   2.9463 |   4.6826 |  0.869 |  0.583 | 2/100
		[INFO]   27 | 0.005625 |   2.9355 |   4.4915 |  0.870 |  0.616 | 3/100
		[INFO]   28 | 0.005625 |   2.8601 |   4.8171 |  0.875 |  0.559 | 0/100
		[INFO]   29 | 0.005625 |   2.9121 |   4.7083 |  0.871 |  0.578 | 1/100
		[INFO]   30 | 0.005625 |   2.8826 |   4.6867 |  0.874 |  0.582 | 2/100
		[INFO]   31 | 0.005625 |   2.8780 |   4.6317 |  0.875 |  0.591 | 3/100
		[INFO]   32 | 0.005625 |   2.8931 |   4.6169 |  0.872 |  0.594 | 4/100
		[INFO]   33 | 0.005625 |   2.9187 |   4.6864 |  0.870 |  0.582 | 5/100
		[INFO]   34 | 0.004219 |   2.8131 |   4.5751 |  0.881 |  0.602 | 6/100
		[INFO]   35 | 0.004219 |   2.8407 |   4.5714 |  0.877 |  0.602 | 7/100
		[INFO]   36 | 0.004219 |   2.7955 |   4.5741 |  0.882 |  0.602 | 8/100
		[INFO]   37 | 0.004219 |   2.7655 |   4.7293 |  0.884 |  0.574 | 9/100
		[INFO]   38 | 0.004219 |   2.7657 |   4.6498 |  0.884 |  0.589 | 10/100
		[INFO]   39 | 0.004219 |   2.7747 |   4.5123 |  0.884 |  0.612 | 11/100
		[INFO]   40 | 0.003164 |   2.7920 |   4.6597 |  0.881 |  0.587 | 12/100
		[INFO]   41 | 0.003164 |   2.6573 |   4.5199 |  0.893 |  0.611 | 13/100
		[INFO]   42 | 0.003164 |   2.7124 |   4.5711 |  0.888 |  0.602 | 14/100
		[INFO]   43 | 0.003164 |   2.7349 |   4.5464 |  0.886 |  0.606 | 15/100
		[INFO]   44 | 0.003164 |   2.6922 |   4.5931 |  0.888 |  0.598 | 16/100
		[INFO]   45 | 0.003164 |   2.6709 |   4.6409 |  0.891 |  0.590 | 17/100
		[INFO]   46 | 0.002373 |   2.6479 |   4.6689 |  0.895 |  0.585 | 18/100
		[INFO]   47 | 0.002373 |   2.6280 |   4.6776 |  0.896 |  0.583 | 19/100
		[INFO]   48 | 0.002373 |   2.6260 |   4.5466 |  0.894 |  0.606 | 20/100
		[INFO]   49 | 0.002373 |   2.5768 |   4.5647 |  0.899 |  0.603 | 21/100
		[INFO]   50 | 0.002373 |   2.6167 |   4.5593 |  0.896 |  0.604 | 22/100
		[INFO]   51 | 0.002373 |   2.6627 |   4.4813 |  0.892 |  0.618 | 23/100
		[INFO]   52 | 0.002373 |   2.6235 |   4.5277 |  0.896 |  0.610 | 0/100
		[INFO]   53 | 0.002373 |   2.6138 |   4.5504 |  0.896 |  0.606 | 1/100
		[INFO]   54 | 0.002373 |   2.6108 |   4.5495 |  0.896 |  0.606 | 2/100
		[INFO]   55 | 0.002373 |   2.6425 |   4.5251 |  0.894 |  0.610 | 3/100
		[INFO]   56 | 0.002373 |   2.6140 |   4.7278 |  0.896 |  0.575 | 4/100
		[INFO]   57 | 0.002373 |   2.6104 |   4.6347 |  0.896 |  0.591 | 5/100
		[INFO]   58 | 0.001780 |   2.5749 |   4.4589 |  0.897 |  0.622 | 6/100
		[INFO]   59 | 0.001780 |   2.5639 |   4.6179 |  0.899 |  0.594 | 0/100
		[INFO]   60 | 0.001780 |   2.5664 |   4.5759 |  0.900 |  0.602 | 1/100
		[INFO]   61 | 0.001780 |   2.5519 |   4.5950 |  0.902 |  0.598 | 2/100
		[INFO]   62 | 0.001780 |   2.5478 |   4.5364 |  0.902 |  0.608 | 3/100
		[INFO]   63 | 0.001780 |   2.5070 |   4.4859 |  0.904 |  0.617 | 4/100
		[INFO]   64 | 0.001780 |   2.5414 |   4.6947 |  0.902 |  0.581 | 5/100
		[INFO]   65 | 0.001335 |   2.5095 |   4.5419 |  0.904 |  0.608 | 6/100
		[INFO]   66 | 0.001335 |   2.5098 |   4.6374 |  0.903 |  0.591 | 7/100
		[INFO]   67 | 0.001335 |   2.5042 |   4.5327 |  0.904 |  0.609 | 8/100
		[INFO]   68 | 0.001335 |   2.5080 |   4.5191 |  0.904 |  0.612 | 9/100
		[INFO]   69 | 0.001335 |   2.5496 |   4.5719 |  0.900 |  0.602 | 10/100
		[INFO]   70 | 0.001335 |   2.4862 |   4.5700 |  0.906 |  0.603 | 11/100
		[INFO]   71 | 0.001001 |   2.4808 |   4.5449 |  0.907 |  0.607 | 12/100
		[INFO]   72 | 0.001001 |   2.4709 |   4.5053 |  0.907 |  0.614 | 13/100
		[INFO]   73 | 0.001001 |   2.5063 |   4.6160 |  0.904 |  0.594 | 14/100
		[INFO]   74 | 0.001001 |   2.4983 |   4.5827 |  0.905 |  0.600 | 15/100
		[INFO]   75 | 0.001001 |   2.4873 |   4.4803 |  0.905 |  0.618 | 16/100
		[INFO]   76 | 0.001001 |   2.4700 |   4.6050 |  0.907 |  0.596 | 17/100
		[INFO]   77 | 0.000751 |   2.4811 |   4.5461 |  0.906 |  0.607 | 18/100
		[INFO]   78 | 0.000751 |   2.4526 |   4.5267 |  0.908 |  0.610 | 19/100
		[INFO]   79 | 0.000751 |   2.4588 |   4.5607 |  0.908 |  0.604 | 20/100
		[INFO]   80 | 0.000751 |   2.4579 |   4.5543 |  0.909 |  0.605 | 21/100
		[INFO]   81 | 0.000751 |   2.5063 |   4.5034 |  0.906 |  0.614 | 22/100
		[INFO]   82 | 0.000751 |   2.5173 |   4.5105 |  0.903 |  0.613 | 23/100
		[INFO]   83 | 0.000563 |   2.4492 |   4.5386 |  0.908 |  0.608 | 24/100
		[INFO]   84 | 0.000563 |   2.4509 |   4.5362 |  0.908 |  0.609 | 25/100
		[INFO]   85 | 0.000563 |   2.4522 |   4.5247 |  0.908 |  0.611 | 26/100
		[INFO]   86 | 0.000563 |   2.4436 |   4.5089 |  0.909 |  0.613 | 27/100
		[INFO]   87 | 0.000563 |   2.4567 |   4.5314 |  0.907 |  0.610 | 28/100
		[INFO]   88 | 0.000563 |   2.4250 |   4.5682 |  0.911 |  0.603 | 29/100
		[INFO]   89 | 0.000422 |   2.3891 |   4.5492 |  0.913 |  0.606 | 30/100
		[INFO]   90 | 0.000422 |   2.4292 |   4.5396 |  0.909 |  0.608 | 31/100
		[INFO]   91 | 0.000422 |   2.4431 |   4.5603 |  0.908 |  0.605 | 32/100
		[INFO]   92 | 0.000422 |   2.4160 |   4.5588 |  0.910 |  0.605 | 33/100
		[INFO]   93 | 0.000422 |   2.4693 |   4.5382 |  0.907 |  0.608 | 34/100
		[INFO]   94 | 0.000422 |   2.4222 |   4.5362 |  0.910 |  0.609 | 35/100
		[INFO]   95 | 0.000317 |   2.4251 |   4.5220 |  0.910 |  0.611 | 36/100
		[INFO]   96 | 0.000317 |   2.4421 |   4.4962 |  0.909 |  0.615 | 37/100
		[INFO]   97 | 0.000317 |   2.4386 |   4.5364 |  0.910 |  0.608 | 38/100
		[INFO]   98 | 0.000317 |   2.4168 |   4.5193 |  0.911 |  0.611 | 39/100
		[INFO]   99 | 0.000317 |   2.4646 |   4.5032 |  0.907 |  0.614 | 40/100
		[INFO]  100 | 0.000317 |   2.4293 |   4.5386 |  0.910 |  0.608 | 41/100
		[INFO]  101 | 0.000238 |   2.4659 |   4.5207 |  0.907 |  0.611 | 42/100
		[INFO]  102 | 0.000238 |   2.4754 |   4.5492 |  0.908 |  0.606 | 43/100
		[INFO]  103 | 0.000238 |   2.4230 |   4.5255 |  0.910 |  0.610 | 44/100
		[INFO]  104 | 0.000238 |   2.4046 |   4.5427 |  0.911 |  0.607 | 45/100
		[INFO]  105 | 0.000238 |   2.4039 |   4.5289 |  0.912 |  0.610 | 46/100
		[INFO]  106 | 0.000238 |   2.3884 |   4.5139 |  0.912 |  0.612 | 47/100
		[INFO]  107 | 0.000178 |   2.4088 |   4.5369 |  0.912 |  0.608 | 48/100
		[INFO]  108 | 0.000178 |   2.4223 |   4.4834 |  0.910 |  0.618 | 49/100
		[INFO]  109 | 0.000178 |   2.4044 |   4.5370 |  0.912 |  0.608 | 50/100
		[INFO]  110 | 0.000178 |   2.4584 |   4.5137 |  0.907 |  0.612 | 51/100
		[INFO]  111 | 0.000178 |   2.3993 |   4.4920 |  0.913 |  0.616 | 52/100
		[INFO]  112 | 0.000178 |   2.4048 |   4.5546 |  0.912 |  0.606 | 53/100
		[INFO]  113 | 0.000134 |   2.4414 |   4.5826 |  0.909 |  0.601 | 54/100
		[INFO]  114 | 0.000134 |   2.4215 |   4.5713 |  0.911 |  0.603 | 55/100
		[INFO]  115 | 0.000134 |   2.3980 |   4.5365 |  0.912 |  0.609 | 56/100
		[INFO]  116 | 0.000134 |   2.4518 |   4.5522 |  0.909 |  0.606 | 57/100
		[INFO]  117 | 0.000134 |   2.3968 |   4.5327 |  0.913 |  0.609 | 58/100
		[INFO]  118 | 0.000134 |   2.3951 |   4.5399 |  0.912 |  0.608 | 59/100
		[INFO]  119 | 0.000100 |   2.3806 |   4.5097 |  0.913 |  0.613 | 60/100
		[INFO]  120 | 0.000100 |   2.3957 |   4.5468 |  0.913 |  0.607 | 61/100
		[INFO]  121 | 0.000100 |   2.3982 |   4.5720 |  0.913 |  0.603 | 62/100
		[INFO]  122 | 0.000100 |   2.4440 |   4.5595 |  0.909 |  0.605 | 63/100
		[INFO]  123 | 0.000100 |   2.4487 |   4.5805 |  0.909 |  0.601 | 64/100
		[INFO]  124 | 0.000100 |   2.4181 |   4.5111 |  0.911 |  0.613 | 65/100
		[INFO]  125 | 0.000075 |   2.3887 |   4.5376 |  0.912 |  0.608 | 66/100
		[INFO]  126 | 0.000075 |   2.4436 |   4.4838 |  0.911 |  0.618 | 67/100
		[INFO]  127 | 0.000075 |   2.4276 |   4.4953 |  0.910 |  0.616 | 68/100
		[INFO]  128 | 0.000075 |   2.4286 |   4.4858 |  0.910 |  0.617 | 69/100
		[INFO]  129 | 0.000075 |   2.3745 |   4.5675 |  0.913 |  0.603 | 70/100
		[INFO]  130 | 0.000075 |   2.3913 |   4.5968 |  0.913 |  0.598 | 71/100
		[INFO]  131 | 0.000056 |   2.4157 |   4.5451 |  0.912 |  0.607 | 72/100
		[INFO]  132 | 0.000056 |   2.4115 |   4.5665 |  0.912 |  0.603 | 73/100
		[INFO]  133 | 0.000056 |   2.4218 |   4.5247 |  0.911 |  0.611 | 74/100
		[INFO]  134 | 0.000056 |   2.3888 |   4.5389 |  0.913 |  0.608 | 75/100
		[INFO]  135 | 0.000056 |   2.4156 |   4.5612 |  0.912 |  0.604 | 76/100
		[INFO]  136 | 0.000056 |   2.3790 |   4.5043 |  0.914 |  0.614 | 77/100
		[INFO]  137 | 0.000042 |   2.4076 |   4.5152 |  0.912 |  0.612 | 78/100
		[INFO]  138 | 0.000042 |   2.3947 |   4.5141 |  0.912 |  0.612 | 79/100
		[INFO]  139 | 0.000042 |   2.4128 |   4.4735 |  0.909 |  0.619 | 80/100
		[INFO]  140 | 0.000042 |   2.4212 |   4.5178 |  0.910 |  0.612 | 81/100
		[INFO]  141 | 0.000042 |   2.4263 |   4.5692 |  0.909 |  0.603 | 82/100
		[INFO]  142 | 0.000042 |   2.4120 |   4.5167 |  0.912 |  0.612 | 83/100
		[INFO]  143 | 0.000032 |   2.4250 |   4.5423 |  0.910 |  0.608 | 84/100
		[INFO]  144 | 0.000032 |   2.3995 |   4.4987 |  0.913 |  0.615 | 85/100
		[INFO]  145 | 0.000032 |   2.3536 |   4.5341 |  0.915 |  0.609 | 86/100
		[INFO]  146 | 0.000032 |   2.4316 |   4.4865 |  0.910 |  0.617 | 87/100
		[INFO]  147 | 0.000032 |   2.3959 |   4.5244 |  0.912 |  0.611 | 88/100
		[INFO]  148 | 0.000032 |   2.4320 |   4.5247 |  0.910 |  0.611 | 89/100
		[INFO]  149 | 0.000024 |   2.4082 |   4.5585 |  0.911 |  0.605 | 90/100
		[INFO]  150 | 0.000024 |   2.3988 |   4.5825 |  0.911 |  0.601 | 91/100
		[INFO]  151 | 0.000024 |   2.3997 |   4.5481 |  0.911 |  0.607 | 92/100
		[INFO]  152 | 0.000024 |   2.4236 |   4.5606 |  0.911 |  0.604 | 93/100
		[INFO]  153 | 0.000024 |   2.3999 |   4.5160 |  0.914 |  0.612 | 94/100
		[INFO]  154 | 0.000024 |   2.3928 |   4.5433 |  0.913 |  0.607 | 95/100
		[INFO]  155 | 0.000018 |   2.4322 |   4.5224 |  0.910 |  0.611 | 96/100
		[INFO]  156 | 0.000018 |   2.4227 |   4.5368 |  0.910 |  0.608 | 97/100
		[INFO]  157 | 0.000018 |   2.4319 |   4.5615 |  0.910 |  0.604 | 98/100
		[INFO]  158 | 0.000018 |   2.4352 |   4.4543 |  0.910 |  0.623 | 99/100
		[INFO]  159 | 0.000018 |   2.3987 |   4.4867 |  0.912 |  0.617 | 0/100
		[INFO]  160 | 0.000018 |   2.4104 |   4.4761 |  0.912 |  0.619 | 1/100
		[INFO]  161 | 0.000018 |   2.4093 |   4.4798 |  0.912 |  0.618 | 2/100
		[INFO]  162 | 0.000018 |   2.4084 |   4.4765 |  0.911 |  0.619 | 3/100
		[INFO]  163 | 0.000018 |   2.4227 |   4.5237 |  0.910 |  0.611 | 4/100
		[INFO]  164 | 0.000018 |   2.4255 |   4.4982 |  0.911 |  0.615 | 5/100
		[INFO]  165 | 0.000013 |   2.3985 |   4.5327 |  0.912 |  0.609 | 6/100
		[INFO]  166 | 0.000013 |   2.4092 |   4.5156 |  0.911 |  0.612 | 7/100
		[INFO]  167 | 0.000013 |   2.3919 |   4.5713 |  0.914 |  0.603 | 8/100
		[INFO]  168 | 0.000013 |   2.4182 |   4.6149 |  0.911 |  0.595 | 9/100
		[INFO]  169 | 0.000013 |   2.4273 |   4.5223 |  0.910 |  0.611 | 10/100
		[INFO]  170 | 0.000013 |   2.3812 |   4.5262 |  0.914 |  0.610 | 11/100
		[INFO]  171 | 0.000010 |   2.3770 |   4.5152 |  0.913 |  0.612 | 12/100
		[INFO]  172 | 0.000010 |   2.3826 |   4.5131 |  0.914 |  0.613 | 13/100
		[INFO]  173 | 0.000010 |   2.4176 |   4.5092 |  0.911 |  0.613 | 14/100
		[INFO]  174 | 0.000010 |   2.4159 |   4.5245 |  0.911 |  0.611 | 15/100
		[INFO]  175 | 0.000010 |   2.4033 |   4.5206 |  0.912 |  0.611 | 16/100
		[INFO]  176 | 0.000010 |   2.4162 |   4.5504 |  0.911 |  0.606 | 17/100
		[INFO]  177 | 0.000008 |   2.4518 |   4.5129 |  0.909 |  0.613 | 18/100
		[INFO]  178 | 0.000008 |   2.3844 |   4.4772 |  0.914 |  0.619 | 19/100
		[INFO]  179 | 0.000008 |   2.4394 |   4.5571 |  0.909 |  0.605 | 20/100
		[INFO]  180 | 0.000008 |   2.4303 |   4.5545 |  0.910 |  0.605 | 21/100
		[INFO]  181 | 0.000008 |   2.4018 |   4.5440 |  0.912 |  0.607 | 22/100
		[INFO]  182 | 0.000008 |   2.4287 |   4.5081 |  0.911 |  0.613 | 23/100
		[INFO]  183 | 0.000006 |   2.4399 |   4.5254 |  0.909 |  0.611 | 24/100
		[INFO]  184 | 0.000006 |   2.3936 |   4.5567 |  0.913 |  0.605 | 25/100
		[INFO]  185 | 0.000006 |   2.3899 |   4.5614 |  0.914 |  0.604 | 26/100
		[INFO]  186 | 0.000006 |   2.3993 |   4.5776 |  0.911 |  0.601 | 27/100
		[INFO]  187 | 0.000006 |   2.3860 |   4.5689 |  0.913 |  0.603 | 28/100
		[INFO]  188 | 0.000006 |   2.3601 |   4.5312 |  0.914 |  0.610 | 29/100
		[INFO]  189 | 0.000004 |   2.3936 |   4.5133 |  0.913 |  0.613 | 30/100
		[INFO]  190 | 0.000004 |   2.4005 |   4.4678 |  0.913 |  0.620 | 31/100
		[INFO]  191 | 0.000004 |   2.4305 |   4.5450 |  0.911 |  0.607 | 32/100
		[INFO]  192 | 0.000004 |   2.3882 |   4.5598 |  0.912 |  0.605 | 33/100
		[INFO]  193 | 0.000004 |   2.4373 |   4.4899 |  0.909 |  0.617 | 34/100
		[INFO]  194 | 0.000004 |   2.3819 |   4.4925 |  0.913 |  0.616 | 35/100
		[INFO]  195 | 0.000003 |   2.3625 |   4.5178 |  0.915 |  0.612 | 36/100
		[INFO]  196 | 0.000003 |   2.3984 |   4.4488 |  0.912 |  0.624 | 37/100
		[INFO]  197 | 0.000003 |   2.4461 |   4.5565 |  0.910 |  0.605 | 0/100
		[INFO]  198 | 0.000003 |   2.4208 |   4.5236 |  0.910 |  0.611 | 1/100
		[INFO]  199 | 0.000003 |   2.3955 |   4.4562 |  0.912 |  0.622 | 2/100
		[INFO]  200 | 0.000003 |   2.4052 |   4.4724 |  0.911 |  0.620 | 3/100
		[INFO]  201 | 0.000003 |   2.4447 |   4.5111 |  0.909 |  0.613 | 4/100
		[INFO]  202 | 0.000003 |   2.4329 |   4.5298 |  0.910 |  0.610 | 5/100
		[INFO]  203 | 0.000002 |   2.3825 |   4.5078 |  0.914 |  0.614 | 6/100
		[INFO]  204 | 0.000002 |   2.4408 |   4.5630 |  0.909 |  0.604 | 7/100
		[INFO]  205 | 0.000002 |   2.4201 |   4.5295 |  0.910 |  0.610 | 8/100
		[INFO]  206 | 0.000002 |   2.3919 |   4.5227 |  0.913 |  0.611 | 9/100
		[INFO]  207 | 0.000002 |   2.4118 |   4.5310 |  0.911 |  0.610 | 10/100
		[INFO]  208 | 0.000002 |   2.4235 |   4.5191 |  0.911 |  0.612 | 11/100
		[INFO]  209 | 0.000002 |   2.3971 |   4.4872 |  0.912 |  0.617 | 12/100
		[INFO]  210 | 0.000002 |   2.3913 |   4.4487 |  0.913 |  0.624 | 13/100
		[INFO]  211 | 0.000002 |   2.4139 |   4.4750 |  0.911 |  0.619 | 0/100
		[INFO]  212 | 0.000002 |   2.4020 |   4.5005 |  0.913 |  0.615 | 1/100
		[INFO]  213 | 0.000002 |   2.4002 |   4.5171 |  0.911 |  0.612 | 2/100
		[INFO]  214 | 0.000002 |   2.3731 |   4.4762 |  0.914 |  0.619 | 3/100
		[INFO]  215 | 0.000001 |   2.3834 |   4.5024 |  0.914 |  0.614 | 4/100
		[INFO]  216 | 0.000001 |   2.4484 |   4.4826 |  0.910 |  0.618 | 5/100
		[INFO]  217 | 0.000001 |   2.3977 |   4.4519 |  0.911 |  0.623 | 6/100
		[INFO]  218 | 0.000001 |   2.3924 |   4.5171 |  0.913 |  0.612 | 7/100
		[INFO]  219 | 0.000001 |   2.4015 |   4.4730 |  0.912 |  0.620 | 8/100
		[INFO]  220 | 0.000001 |   2.4112 |   4.4758 |  0.911 |  0.619 | 9/100
		[INFO]  221 | 0.000001 |   2.4188 |   4.5075 |  0.911 |  0.614 | 10/100
		[INFO]  222 | 0.000001 |   2.4069 |   4.4892 |  0.912 |  0.617 | 11/100
		[INFO]  223 | 0.000001 |   2.3917 |   4.4856 |  0.913 |  0.617 | 12/100
		[INFO]  224 | 0.000001 |   2.3971 |   4.5160 |  0.912 |  0.612 | 13/100
		[INFO]  225 | 0.000001 |   2.3960 |   4.5431 |  0.913 |  0.608 | 14/100
		[INFO]  226 | 0.000001 |   2.4237 |   4.5218 |  0.911 |  0.611 | 15/100
		[INFO]  227 | 0.000001 |   2.4251 |   4.5732 |  0.911 |  0.602 | 16/100
		[INFO]  228 | 0.000001 |   2.4148 |   4.4872 |  0.912 |  0.617 | 17/100
		[INFO]  229 | 0.000001 |   2.3841 |   4.5351 |  0.914 |  0.609 | 18/100
		[INFO]  230 | 0.000001 |   2.4032 |   4.5389 |  0.913 |  0.608 | 19/100
		[INFO]  231 | 0.000001 |   2.3893 |   4.4880 |  0.913 |  0.617 | 20/100
		[INFO]  232 | 0.000001 |   2.4319 |   4.5412 |  0.910 |  0.608 | 21/100
		[INFO]  233 | 0.000001 |   2.4381 |   4.5132 |  0.910 |  0.613 | 22/100
		[INFO]  234 | 0.000001 |   2.4157 |   4.5881 |  0.912 |  0.600 | 23/100
		[INFO]  235 | 0.000001 |   2.4178 |   4.5243 |  0.912 |  0.611 | 24/100
		[INFO]  236 | 0.000001 |   2.4224 |   4.5247 |  0.912 |  0.611 | 25/100
		[INFO]  237 | 0.000001 |   2.3661 |   4.4722 |  0.915 |  0.620 | 26/100
		[INFO]  238 | 0.000001 |   2.3916 |   4.5223 |  0.914 |  0.611 | 27/100
		[INFO]  239 | 0.000000 |   2.4213 |   4.5391 |  0.911 |  0.608 | 28/100
		[INFO]  240 | 0.000000 |   2.3839 |   4.4509 |  0.913 |  0.623 | 29/100
		[INFO]  241 | 0.000000 |   2.4547 |   4.4732 |  0.908 |  0.620 | 30/100
		[INFO]  242 | 0.000000 |   2.3982 |   4.4414 |  0.912 |  0.625 | 31/100
		[INFO]  243 | 0.000000 |   2.3981 |   4.4542 |  0.913 |  0.623 | 0/100
		[INFO]  244 | 0.000000 |   2.4060 |   4.5054 |  0.912 |  0.614 | 1/100
		[INFO]  245 | 0.000000 |   2.4319 |   4.4642 |  0.910 |  0.621 | 2/100
		[INFO]  246 | 0.000000 |   2.3723 |   4.4886 |  0.915 |  0.617 | 3/100
		[INFO]  247 | 0.000000 |   2.4492 |   4.4759 |  0.909 |  0.619 | 4/100
		[INFO]  248 | 0.000000 |   2.3939 |   4.5813 |  0.912 |  0.601 | 5/100
		[INFO]  249 | 0.000000 |   2.4327 |   4.5779 |  0.909 |  0.601 | 6/100
		[INFO]  250 | 0.000000 |   2.4054 |   4.5246 |  0.912 |  0.611 | 7/100
		[INFO]  251 | 0.000000 |   2.4303 |   4.4954 |  0.910 |  0.616 | 8/100
		[INFO]  252 | 0.000000 |   2.4050 |   4.5312 |  0.911 |  0.610 | 9/100
