nohup: ignoring input
Crash diagnostics ON


==================================================
PART 1: Data preprocess for 2023-01-01 00:00:00 to 2024-09-30 23:00:00...
==================================================

	1.1 Preprocessing radiation data...
		[INFO] Radiation data already exists at './data/timeseries/radiation_data.csv'

	1.2 Preprocessing temperature data...
		[INFO] Temperature data already exists at './data/timeseries/temperature_data.csv'

	1.3 Preprocessing building data...
		[INFO] Building data already exists at './data/timeseries/building_data.csv'

	1.4 Preprocessing electricity cost data...
		[INFO] Electricity cost data already exists at './data/timeseries/electricitycostG2B_data.csv' and './data/timeseries/electricitycostG2V_data.csv'

	1.5 Preprocessing battery demand series data...
		[INFO] Found existing battery data at './data/battery_demand/resample_full.csv' and './data/battery_demand/resample_train.csv'

		[INFO] Number of series for clean windows = (168, 37)
		[INFO] Number of eligible series for Case 2 = (1395, 37)
		[INFO] Case 1 exists — loaded battery demand from './data/battery_demand/case1_real_only/battery_demand.npy' with shape (168, 37).
		[INFO] Building Case 2 (fill NaN)
		[INFO] Resuming Case 2 from checkpoint: './data/battery_demand/case2_nan_filled/battery_demand_ckpt.npz'
		[INFO] Case 2 resume index = 610, current series shape = (778, 37)
		[INFO] Case 2 generating:   0%|          | 0/785 [00:00<?, ?it/s]		[INFO] Case 2 generating:   0%|          | 1/785 [00:05<1:11:58,  5.51s/it]		[INFO] Case 2 generating:   0%|          | 2/785 [00:10<1:11:14,  5.46s/it]		[INFO] Case 2 generating:   0%|          | 3/785 [00:16<1:10:20,  5.40s/it]		[INFO] Case 2 generating:   1%|          | 4/785 [00:21<1:10:05,  5.39s/it]		[INFO] Case 2 generating:   1%|          | 5/785 [00:27<1:09:58,  5.38s/it]		[INFO] Case 2 generating:   1%|          | 6/785 [00:32<1:09:48,  5.38s/it]		[INFO] Case 2 generating:   1%|          | 7/785 [00:37<1:09:26,  5.36s/it]		[INFO] Case 2 generating:   1%|          | 8/785 [00:43<1:09:16,  5.35s/it]		[INFO] Case 2 generating:   1%|          | 8/785 [00:43<1:10:56,  5.48s/it]
Traceback (most recent call last):
  File "/home/lisa4090/Documents/GitHub/V2B_Optimization_with_AI_on_BSS/main.py", line 65, in <module>
    main()
    ~~~~^^
  File "/home/lisa4090/Documents/GitHub/V2B_Optimization_with_AI_on_BSS/main.py", line 12, in main
    data = preprocessor.preprocess()
  File "/home/lisa4090/Documents/GitHub/V2B_Optimization_with_AI_on_BSS/preprocess/preprocessor.py", line 231, in preprocess
    gen.generate_battery_series(rerun=False)
    ~~~~~~~~~~~~~~~~~~~~~~~~~~~^^^^^^^^^^^^^
  File "/home/lisa4090/Documents/GitHub/V2B_Optimization_with_AI_on_BSS/preprocess/batterygenerator.py", line 190, in generate_battery_series
    sample = self._generate_artificial_battery_data(chunk, n_samples)[0]
             ~~~~~~~~~~~~~~~~~~~~~~~~~~~~~~~~~~~~~~^^^^^^^^^^^^^^^^^^
  File "/home/lisa4090/Documents/GitHub/V2B_Optimization_with_AI_on_BSS/preprocess/batterygenerator.py", line 349, in _generate_artificial_battery_data
    generator = BlockGenerator(
        seed=seq,
    ...<4 lines>...
        random_state=cfg.RANDOM_STATE,
    )
  File "/home/lisa4090/Documents/GitHub/V2B_Optimization_with_AI_on_BSS/time_series_generator/time_series_generator/core.py", line 577, in __init__
    grouped = datapreparer.generate_grouped_subsequences()
  File "/home/lisa4090/Documents/GitHub/V2B_Optimization_with_AI_on_BSS/time_series_generator/time_series_generator/preprocessing.py", line 33, in generate_grouped_subsequences
    all_subseqs = self._expand_all_sequences(subseqs)
  File "/home/lisa4090/Documents/GitHub/V2B_Optimization_with_AI_on_BSS/time_series_generator/time_series_generator/preprocessing.py", line 92, in _expand_all_sequences
    expanded = self._expand_to_all_right_shifts(seq)
  File "/home/lisa4090/Documents/GitHub/V2B_Optimization_with_AI_on_BSS/time_series_generator/time_series_generator/preprocessing.py", line 83, in _expand_to_all_right_shifts
    left = np.full(shift, np.nan)
  File "/home/lisa4090/anaconda3/envs/AIonBSS/lib/python3.13/site-packages/numpy/_core/numeric.py", line 352, in full
    a = empty(shape, dtype, order, device=device)
TypeError: expected a sequence of integers or a single integer, got '<code object full at 0x7b2ec43cbcb0, file "/home/lisa4090/anaconda3/envs/AIonBSS/lib/python3.13/site'
