nohup: ignoring input
Crash diagnostics ON


==================================================
PART 1: Data preprocess for 2023-01-01 00:00:00 to 2024-09-30 23:00:00...
==================================================

	1.1 Preprocessing radiation data...
		[INFO] Radiation data already exists at './data/timeseries/radiation_data.csv'

	1.2 Preprocessing temperature data...
		[INFO] Temperature data already exists at './data/timeseries/temperature_data.csv'

	1.3 Preprocessing building data...
		[INFO] Building data already exists at './data/timeseries/building_data.csv'

	1.4 Preprocessing electricity cost data...
		[INFO] Electricity cost data already exists at './data/timeseries/electricitycostG2B_data.csv' and './data/timeseries/electricitycostG2V_data.csv'

	1.5 Preprocessing battery demand series data...
		[INFO] Found existing battery data at './data/battery_demand/resample_full.csv' and './data/battery_demand/resample_train.csv'

		[INFO] Number of series for clean windows = (168, 37)
		[INFO] Number of eligible series for Case 2 = (1395, 37)
		[INFO] Case 1 exists — loaded battery demand from './data/battery_demand/case1_real_only/battery_demand.npy' with shape (168, 37).
		[INFO] Building Case 2 (fill NaN)
		[INFO] Resuming Case 2 from checkpoint: './data/battery_demand/case2_nan_filled/battery_demand_ckpt.npz'
		[INFO] Case 2 resume index = 820, current series shape = (988, 37)
		[INFO] Case 2 generating:   0%|          | 0/575 [00:00<?, ?it/s]		[INFO] Case 2 generating:   0%|          | 1/575 [00:05<51:54,  5.43s/it]		[INFO] Case 2 generating:   0%|          | 2/575 [00:10<51:12,  5.36s/it]		[INFO] Case 2 generating:   1%|          | 3/575 [00:15<50:36,  5.31s/it]		[INFO] Case 2 generating:   1%|          | 4/575 [00:21<50:35,  5.32s/it]		[INFO] Case 2 generating:   1%|          | 5/575 [00:26<50:42,  5.34s/it]		[INFO] Case 2 generating:   1%|          | 6/575 [00:32<50:33,  5.33s/it]		[INFO] Case 2 generating:   1%|          | 7/575 [00:37<50:22,  5.32s/it]		[INFO] Case 2 generating:   1%|▏         | 8/575 [00:42<50:11,  5.31s/it]		[INFO] Case 2 generating:   2%|▏         | 9/575 [00:47<50:07,  5.31s/it]		[INFO] Case 2 generating:   2%|▏         | 10/575 [00:53<49:57,  5.30s/it]		[INFO] Case 2 generating:   2%|▏         | 11/575 [00:58<49:42,  5.29s/it]		[INFO] Case 2 generating:   2%|▏         | 12/575 [01:03<49:41,  5.30s/it]		[INFO] Case 2 generating:   2%|▏         | 13/575 [01:09<49:39,  5.30s/it]		[INFO] Case 2 generating:   2%|▏         | 14/575 [01:14<49:34,  5.30s/it]		[INFO] Case 2 generating:   2%|▏         | 14/575 [01:14<49:42,  5.32s/it]
Traceback (most recent call last):
  File "/home/lisa4090/Documents/GitHub/V2B_Optimization_with_AI_on_BSS/main.py", line 65, in <module>
    main()
    ~~~~^^
  File "/home/lisa4090/Documents/GitHub/V2B_Optimization_with_AI_on_BSS/main.py", line 12, in main
    data = preprocessor.preprocess()
  File "/home/lisa4090/Documents/GitHub/V2B_Optimization_with_AI_on_BSS/preprocess/preprocessor.py", line 231, in preprocess
    gen.generate_battery_series(rerun=False)
    ~~~~~~~~~~~~~~~~~~~~~~~~~~~^^^^^^^^^^^^^
  File "/home/lisa4090/Documents/GitHub/V2B_Optimization_with_AI_on_BSS/preprocess/batterygenerator.py", line 190, in generate_battery_series
    sample = self._generate_artificial_battery_data(chunk, n_samples)[0]
             ~~~~~~~~~~~~~~~~~~~~~~~~~~~~~~~~~~~~~~^^^^^^^^^^^^^^^^^^
  File "/home/lisa4090/Documents/GitHub/V2B_Optimization_with_AI_on_BSS/preprocess/batterygenerator.py", line 349, in _generate_artificial_battery_data
    generator = BlockGenerator(
        seed=seq,
    ...<4 lines>...
        random_state=cfg.RANDOM_STATE,
    )
  File "/home/lisa4090/Documents/GitHub/V2B_Optimization_with_AI_on_BSS/time_series_generator/time_series_generator/core.py", line 577, in __init__
    grouped = datapreparer.generate_grouped_subsequences()
  File "/home/lisa4090/Documents/GitHub/V2B_Optimization_with_AI_on_BSS/time_series_generator/time_series_generator/preprocessing.py", line 32, in generate_grouped_subsequences
    subseqs = self._generate_valid_subsequences(tdf_filled.values)
  File "/home/lisa4090/Documents/GitHub/V2B_Optimization_with_AI_on_BSS/time_series_generator/time_series_generator/preprocessing.py", line 73, in _generate_valid_subsequences
    subseq = arr[i:j]
             ~~~^^^^^
TypeError: only integer scalar arrays can be converted to a scalar index
