Crash diagnostics ON


==================================================
PART 1: Data preprocess for 2023-01-01 00:00:00 to 2024-09-30 23:00:00...
==================================================

	1.1 Preprocessing radiation data...
		[INFO] Radiation data already exists at './data/timeseries/radiation_data.csv'

	1.2 Preprocessing temperature data...
		[INFO] Temperature data already exists at './data/timeseries/temperature_data.csv'

	1.3 Preprocessing building data...
		[INFO] Building data already exists at './data/timeseries/building_data.csv'

	1.4 Preprocessing electricity cost data...
		[INFO] Electricity cost data already exists at './data/timeseries/electricitycostG2B_data.csv' and './data/timeseries/electricitycostG2V_data.csv'

	1.5 Preprocessing battery demand series data...
		[INFO] Found existing battery data at './data/battery_demand/tol25/resample_full.csv' and './data/battery_demand/tol25/resample_train.csv'

		[INFO] Number of series for clean windows = (168, 37)
		[INFO] Number of eligible series for Case 2 = (1377, 37)
		[INFO] Number of seeds ready for Case 3  = (2000, 36)

		[INFO] Case 1 exists — loaded battery demand from './data/battery_demand/tol25/case1_real_only/battery_demand.npy' with shape (168, 37).
		[INFO] Case 2 exists — loaded battery demand from './data/battery_demand/tol25/case2_nan_filled/battery_demand.npy' with shape (1545, 37).
		[INFO] Case 3 exists — loaded battery demand from './data/battery_demand/tol25/case3_extended_generated/battery_demand.npy' with shape (3545, 37).
		[INFO] Case 0: Successfully added test pair 2024-03-15 & 2024-03-16
		Data: [10536, 28, 30, 35, 37, 37, 36, 33, 26, 10, 6, 10, 14, 19, 18, 15, 20, 26, 15, 9, 16, 21, 20, 8, 12, 15, 24, 31, 35, 32, 35, 34, 32, 31, 30, 22, 14, 18, 27, 18, 19, 19, 25, 25, 25, 26, 27, 17, 19]
		[INFO] Case 0: Successfully added test pair 2024-03-29 & 2024-03-30
		Data: [10872, 13, 26, 31, 33, 33, 33, 31, 15, 8, 19, 11, 15, 18, 16, 18, 18, 19, 7, 4, 23, 23, 16, 17, 18, 18, 19, 24, 29, 30, 30, 22, 27, 21, 14, 15, 16, 20, 18, 23, 27, 18, 2, 10, 23, 22, 22, 17, 21]

	1.6 Generating battery schedule...
		[INFO] Case 1 exists — loaded from './data/battery_demand/tol25/case1_real_only/battery_availability.npy' and './data/battery_demand/tol25/case1_real_only/battery_details.npy' shape (168, 263, 36) and (4, 168, 263)
		[INFO] Case 2 exists — loaded from './data/battery_demand/tol25/case2_nan_filled/battery_availability.npy' and './data/battery_demand/tol25/case2_nan_filled/battery_details.npy' shape (1545, 311, 36) and (4, 1545, 311)
		[INFO] Case 3 exists — loaded from './data/battery_demand/tol25/case3_extended_generated/battery_availability.npy' and './data/battery_demand/tol25/case3_extended_generated/battery_details.npy' shape (3545, 422, 36) and (4, 3545, 422)


==================================================
PART 2: MILP Optimization...
==================================================

	2.1 Optimizing Case 1...
		[INFO] Loaded 168 samples from './data/battery_demand/tol25/case1_real_only'
		[INFO] Results already exist at './data/optimization_results/tol25/case1_real_only/optimization/V2B.npy'. Skipping optimization run.
		[INFO] Results already exist at './data/optimization_results/tol25/case1_real_only/immediate_charging/V2B.npy'. Skipping immediate_charging run.
		[INFO] Case 1 completed.

	2.2 Optimizing Case 2...
		[INFO] Loaded 1545 samples from './data/battery_demand/tol25/case2_nan_filled'
		[INFO] Results already exist at './data/optimization_results/tol25/case2_nan_filled/optimization/V2B.npy'. Skipping optimization run.
		[INFO] Results already exist at './data/optimization_results/tol25/case2_nan_filled/immediate_charging/V2B.npy'. Skipping immediate_charging run.
		[INFO] Case 2 completed.

	2.3 Optimizing Case 3...
		[INFO] Loaded 3545 samples from './data/battery_demand/tol25/case3_extended_generated'
		[INFO] Results already exist at './data/optimization_results/tol25/case3_extended_generated/optimization/V2B.npy'. Skipping optimization run.
		[INFO] Results already exist at './data/optimization_results/tol25/case3_extended_generated/immediate_charging/V2B.npy'. Skipping immediate_charging run.
		[INFO] Case 3 completed.


==================================================
PART 3: Supervised Learning...
==================================================

	3.1 Training Case 1...
		=== Training Log Started: 2025-11-30 00:20:52.076136 ===
		Run Name: STAFV2_25_CASE1
		Device: cuda
		Epochs: 1000, Batch Size: 4, LR: 0.05
		============================================================
		[INFO] Unique quantized indices: 6686
		[INFO] Suggested num_embeddings: 8023
		[INFO] Processed 168 valid samples.
		[INFO] Saved merged dataset: ./data/training_results/merged_windowed_dataset_STAFV2_25_CASE1.csv  (shape: (168, 429))
		[INFO] Saved feature metadata: ./data/training_results/feature_info_STAFV2_25_CASE1.json
		[INFO] Dataset split: 134 train, 34 val
		[INFO] Scalers fitted and saved.

		✅ Model initialized with 38122 params.
		============================================================
		--------------------------------------------------------------------------------------------
		  Epoch    |     LR     |  Train RMSE  |   Val RMSE   |  Train R²  |   Val R²   |  Patience 
		--------------------------------------------------------------------------------------------
		    1/1000 | 0.050000   |    7.41428   |    6.58195   |     -0.367 |     -0.011 |    0/150  
		    2/1000 | 0.050000   |    6.51053   |    7.03000   |     -0.037 |     -0.137 |    0/150  
		    3/1000 | 0.050000   |    6.05402   |    5.66851   |      0.080 |      0.231 |    1/150  
		    4/1000 | 0.050000   |    5.89003   |    5.67100   |      0.133 |      0.213 |    0/150  
		    5/1000 | 0.050000   |    5.84249   |    5.98326   |      0.159 |      0.148 |    1/150  
		    6/1000 | 0.050000   |    5.72750   |    6.38483   |      0.193 |      0.035 |    2/150  
		    7/1000 | 0.050000   |    5.46990   |    5.43438   |      0.250 |      0.276 |    3/150  
		    8/1000 | 0.050000   |    5.45970   |    5.77108   |      0.257 |      0.193 |    0/150  
		    9/1000 | 0.050000   |    5.63934   |    5.72674   |      0.206 |      0.214 |    1/150  
		   10/1000 | 0.050000   |    5.86785   |    5.28436   |      0.140 |      0.308 |    2/150  
		   11/1000 | 0.050000   |    6.02876   |    5.84600   |      0.099 |      0.188 |    0/150  
		   12/1000 | 0.050000   |    5.41580   |    5.34034   |      0.282 |      0.296 |    1/150  
		   13/1000 | 0.050000   |    5.41506   |    5.57413   |      0.265 |      0.254 |    2/150  
		   14/1000 | 0.050000   |    5.62885   |    5.90186   |      0.205 |      0.179 |    3/150  
		   15/1000 | 0.050000   |    5.41088   |    5.37104   |      0.270 |      0.300 |    4/150  
		   16/1000 | 0.050000   |    5.22988   |    5.32453   |      0.316 |      0.312 |    5/150  
		   17/1000 | 0.050000   |    5.38360   |    5.70466   |      0.278 |      0.231 |    6/150  
		   18/1000 | 0.050000   |    5.28348   |    5.19403   |      0.306 |      0.337 |    7/150  
		   19/1000 | 0.050000   |    5.20372   |    5.73308   |      0.325 |      0.219 |    0/150  
		   20/1000 | 0.050000   |    5.20921   |    5.28212   |      0.346 |      0.321 |    1/150  
		   21/1000 | 0.050000   |    5.21283   |    5.42767   |      0.327 |      0.287 |    2/150  
		   22/1000 | 0.050000   |    5.55658   |    5.51042   |      0.253 |      0.267 |    3/150  
		   23/1000 | 0.050000   |    5.34813   |    5.63192   |      0.302 |      0.240 |    4/150  
		   24/1000 | 0.050000   |    5.21852   |    5.31120   |      0.318 |      0.317 |    5/150  
		   25/1000 | 0.050000   |    5.89710   |    5.32647   |      0.151 |      0.321 |    6/150  
		   26/1000 | 0.050000   |    5.36168   |    5.09887   |      0.297 |      0.377 |    7/150  
		   27/1000 | 0.050000   |    5.82894   |    5.35289   |      0.171 |      0.318 |    0/150  
		   28/1000 | 0.050000   |    5.22541   |    5.07875   |      0.352 |      0.373 |    1/150  
		   29/1000 | 0.050000   |    5.16955   |    5.68194   |      0.355 |      0.233 |    0/150  
		   30/1000 | 0.050000   |    5.04510   |    5.35095   |      0.376 |      0.302 |    1/150  
		   31/1000 | 0.050000   |    5.53317   |    5.55774   |      0.254 |      0.253 |    2/150  
		   32/1000 | 0.050000   |    5.46723   |    5.63544   |      0.260 |      0.244 |    3/150  
		   33/1000 | 0.050000   |    5.11667   |    5.63171   |      0.365 |      0.243 |    4/150  
		   34/1000 | 0.050000   |    5.72219   |    5.38750   |      0.199 |      0.295 |    5/150  
		   35/1000 | 0.050000   |    5.37662   |    5.36703   |      0.299 |      0.310 |    6/150  
		   36/1000 | 0.050000   |    5.14963   |    5.08495   |      0.359 |      0.373 |    7/150  
		   37/1000 | 0.050000   |    5.33145   |    5.44363   |      0.289 |      0.301 |    8/150  
		   38/1000 | 0.050000   |    4.91932   |    5.18482   |      0.393 |      0.353 |    9/150  
		   39/1000 | 0.050000   |    5.45971   |    5.16754   |      0.283 |      0.365 |   10/150  
		   40/1000 | 0.050000   |    5.45294   |    4.89156   |      0.285 |      0.417 |   11/150  
		                                          ╚══> ✅ SAVED (RMSE: 4.8916)
		   41/1000 | 0.050000   |    4.89407   |    5.31903   |      0.406 |      0.318 |    0/150  
		   42/1000 | 0.050000   |    5.39327   |    5.81344   |      0.271 |      0.214 |    1/150  
		   43/1000 | 0.050000   |    5.13689   |    5.19750   |      0.339 |      0.357 |    2/150  
		   44/1000 | 0.050000   |    5.16749   |    5.17471   |      0.337 |      0.355 |    3/150  
		   45/1000 | 0.050000   |    5.11109   |    5.76394   |      0.349 |      0.220 |    4/150  
		   46/1000 | 0.050000   |    5.13933   |    5.20937   |      0.343 |      0.350 |    5/150  
		   47/1000 | 0.050000   |    4.91395   |    5.60696   |      0.397 |      0.252 |    6/150  
		   48/1000 | 0.050000   |    5.12305   |    5.67268   |      0.345 |      0.231 |    7/150  
		   49/1000 | 0.050000   |    5.30657   |    5.12216   |      0.310 |      0.359 |    8/150  
		   50/1000 | 0.050000   |    5.37032   |    5.33304   |      0.286 |      0.309 |    9/150  
		   51/1000 | 0.050000   |    4.90268   |    5.18731   |      0.427 |      0.332 |   10/150  
		   52/1000 | 0.050000   |    5.64012   |    5.55103   |      0.222 |      0.267 |   11/150  
		   53/1000 | 0.050000   |    5.45961   |    5.08897   |      0.261 |      0.374 |   12/150  
		   54/1000 | 0.050000   |    5.09929   |    5.13274   |      0.370 |      0.354 |   13/150  
		   55/1000 | 0.050000   |    5.22394   |    5.45796   |      0.337 |      0.272 |   14/150  
		   56/1000 | 0.025000   |    5.23133   |    5.30685   |      0.314 |      0.304 |   15/150  
		   57/1000 | 0.025000   |    4.90409   |    5.22552   |      0.397 |      0.334 |   16/150  
		   58/1000 | 0.025000   |    5.15937   |    5.60087   |      0.337 |      0.246 |   17/150  
		   59/1000 | 0.025000   |    5.09382   |    5.66384   |      0.358 |      0.229 |   18/150  
		   60/1000 | 0.025000   |    4.91546   |    5.20834   |      0.395 |      0.333 |   19/150  
		   61/1000 | 0.025000   |    5.19024   |    5.24896   |      0.335 |      0.319 |   20/150  
		   62/1000 | 0.025000   |    4.87502   |    5.69592   |      0.405 |      0.215 |   21/150  
		   63/1000 | 0.025000   |    6.20076   |    6.07937   |      0.048 |      0.130 |   22/150  
		   64/1000 | 0.025000   |    4.98117   |    5.38541   |      0.390 |      0.289 |   23/150  
		   65/1000 | 0.025000   |    5.01021   |    5.88492   |      0.376 |      0.180 |   24/150  
		   66/1000 | 0.025000   |    5.08064   |    5.56694   |      0.354 |      0.243 |   25/150  
		   67/1000 | 0.025000   |    5.21969   |    5.77952   |      0.318 |      0.196 |   26/150  
		   68/1000 | 0.025000   |    5.29422   |    5.38777   |      0.342 |      0.287 |   27/150  
		   69/1000 | 0.025000   |    4.78427   |    5.47776   |      0.447 |      0.269 |   28/150  
		   70/1000 | 0.025000   |    5.34780   |    5.57953   |      0.290 |      0.252 |   29/150  
		   71/1000 | 0.025000   |    5.22331   |    5.43843   |      0.314 |      0.283 |   30/150  
		   72/1000 | 0.012500   |    5.47692   |    5.80611   |      0.253 |      0.203 |   31/150  
		   73/1000 | 0.012500   |    5.26393   |    5.68481   |      0.323 |      0.226 |   32/150  
		   74/1000 | 0.012500   |    5.47533   |    5.56600   |      0.268 |      0.260 |   33/150  
		   75/1000 | 0.012500   |    4.55009   |    5.31907   |      0.499 |      0.309 |   34/150  
		   76/1000 | 0.012500   |    4.72766   |    5.26301   |      0.438 |      0.328 |   35/150  
		   77/1000 | 0.012500   |    4.47625   |    5.47238   |      0.517 |      0.267 |   36/150  
		   78/1000 | 0.012500   |    5.24805   |    5.61362   |      0.308 |      0.248 |   37/150  
		   79/1000 | 0.012500   |    4.78134   |    5.58934   |      0.448 |      0.256 |   38/150  
		   80/1000 | 0.012500   |    5.13863   |    5.51484   |      0.358 |      0.260 |   39/150  
		   81/1000 | 0.012500   |    5.15726   |    5.60626   |      0.347 |      0.245 |   40/150  
		   82/1000 | 0.012500   |    4.85380   |    5.36441   |      0.437 |      0.300 |   41/150  
		   83/1000 | 0.012500   |    5.41649   |    5.41198   |      0.280 |      0.296 |   42/150  
		   84/1000 | 0.012500   |    5.10794   |    5.44933   |      0.354 |      0.279 |   43/150  
		   85/1000 | 0.012500   |    5.18698   |    5.65950   |      0.332 |      0.238 |   44/150  
		   86/1000 | 0.012500   |    5.07043   |    5.60667   |      0.358 |      0.245 |   45/150  
		   87/1000 | 0.012500   |    5.08683   |    5.37607   |      0.372 |      0.296 |   46/150  
		   88/1000 | 0.006250   |    4.98330   |    5.47302   |      0.396 |      0.279 |   47/150  
		   89/1000 | 0.006250   |    4.72695   |    5.64623   |      0.442 |      0.239 |   48/150  
		   90/1000 | 0.006250   |    5.20780   |    5.55896   |      0.327 |      0.263 |   49/150  
		   91/1000 | 0.006250   |    4.54958   |    5.42974   |      0.482 |      0.284 |   50/150  
		   92/1000 | 0.006250   |    5.07732   |    5.37318   |      0.359 |      0.292 |   51/150  
		   93/1000 | 0.006250   |    4.78024   |    5.75096   |      0.448 |      0.208 |   52/150  
		   94/1000 | 0.006250   |    5.05027   |    5.64555   |      0.362 |      0.233 |   53/150  
		   95/1000 | 0.006250   |    4.97077   |    5.32485   |      0.386 |      0.314 |   54/150  
		   96/1000 | 0.006250   |    4.68685   |    5.64979   |      0.461 |      0.234 |   55/150  
		   97/1000 | 0.006250   |    4.57756   |    5.28617   |      0.484 |      0.316 |   56/150  
		   98/1000 | 0.006250   |    4.88136   |    5.50559   |      0.405 |      0.272 |   57/150  
		   99/1000 | 0.006250   |    5.33383   |    5.55607   |      0.289 |      0.261 |   58/150  
		  100/1000 | 0.006250   |    4.95176   |    5.41042   |      0.386 |      0.298 |   59/150  
		  101/1000 | 0.006250   |    4.95733   |    5.60467   |      0.385 |      0.255 |   60/150  
		  102/1000 | 0.006250   |    5.03705   |    5.63432   |      0.362 |      0.246 |   61/150  
		  103/1000 | 0.006250   |    4.74131   |    5.29504   |      0.442 |      0.321 |   62/150  
		  104/1000 | 0.003125   |    5.12954   |    5.41596   |      0.341 |      0.285 |   63/150  
		  105/1000 | 0.003125   |    4.40669   |    5.45691   |      0.515 |      0.280 |   64/150  
		  106/1000 | 0.003125   |    4.81010   |    5.48495   |      0.429 |      0.273 |   65/150  
		  107/1000 | 0.003125   |    4.86087   |    5.32270   |      0.409 |      0.310 |   66/150  
		  108/1000 | 0.003125   |    4.80889   |    5.32896   |      0.437 |      0.309 |   67/150  
		  109/1000 | 0.003125   |    4.99525   |    5.41140   |      0.373 |      0.290 |   68/150  
		  110/1000 | 0.003125   |    4.79943   |    5.49547   |      0.423 |      0.269 |   69/150  
		  111/1000 | 0.003125   |    5.22059   |    5.57479   |      0.320 |      0.258 |   70/150  
		  112/1000 | 0.003125   |    5.27445   |    5.59102   |      0.329 |      0.247 |   71/150  
		  113/1000 | 0.003125   |    5.42953   |    5.57141   |      0.261 |      0.257 |   72/150  
		  114/1000 | 0.003125   |    5.02573   |    5.59525   |      0.372 |      0.249 |   73/150  
		  115/1000 | 0.003125   |    5.30794   |    5.42208   |      0.311 |      0.286 |   74/150  
		  116/1000 | 0.003125   |    4.96513   |    5.71499   |      0.407 |      0.222 |   75/150  
		  117/1000 | 0.003125   |    5.02110   |    5.56900   |      0.374 |      0.253 |   76/150  
		  118/1000 | 0.003125   |    4.78497   |    5.34482   |      0.450 |      0.307 |   77/150  
		  119/1000 | 0.003125   |    5.17443   |    5.48389   |      0.355 |      0.275 |   78/150  
		  120/1000 | 0.001563   |    5.15708   |    5.59828   |      0.350 |      0.250 |   79/150  
		  121/1000 | 0.001563   |    4.51389   |    5.45532   |      0.490 |      0.285 |   80/150  
		  122/1000 | 0.001563   |    5.26078   |    5.55320   |      0.332 |      0.255 |   81/150  
		  123/1000 | 0.001563   |    4.73864   |    5.45628   |      0.451 |      0.284 |   82/150  
		  124/1000 | 0.001563   |    4.32896   |    5.65597   |      0.533 |      0.233 |   83/150  
		  125/1000 | 0.001563   |    4.87465   |    5.60519   |      0.418 |      0.247 |   84/150  
		  126/1000 | 0.001563   |    5.31571   |    5.52647   |      0.300 |      0.259 |   85/150  
		  127/1000 | 0.001563   |    5.27260   |    5.49701   |      0.318 |      0.271 |   86/150  
		  128/1000 | 0.001563   |    4.83029   |    5.43934   |      0.417 |      0.292 |   87/150  
		  129/1000 | 0.001563   |    5.35555   |    5.38224   |      0.315 |      0.290 |   88/150  
		  130/1000 | 0.001563   |    4.90551   |    5.41992   |      0.417 |      0.291 |   89/150  
		  131/1000 | 0.001563   |    5.27337   |    5.40134   |      0.307 |      0.288 |   90/150  
		  132/1000 | 0.001563   |    4.48119   |    5.39378   |      0.500 |      0.295 |   91/150  
		  133/1000 | 0.001563   |    4.87222   |    5.48974   |      0.416 |      0.274 |   92/150  
		  134/1000 | 0.001563   |    4.79913   |    5.75215   |      0.436 |      0.210 |   93/150  
		  135/1000 | 0.001563   |    4.90535   |    5.54573   |      0.436 |      0.264 |   94/150  
		  136/1000 | 0.000781   |    4.88136   |    5.38433   |      0.403 |      0.300 |   95/150  
		  137/1000 | 0.000781   |    5.05195   |    5.32360   |      0.362 |      0.311 |   96/150  
		  138/1000 | 0.000781   |    4.85865   |    5.47386   |      0.418 |      0.280 |   97/150  
		  139/1000 | 0.000781   |    5.40594   |    5.68333   |      0.289 |      0.218 |   98/150  
		  140/1000 | 0.000781   |    4.69783   |    5.71238   |      0.469 |      0.219 |   99/150  
		  141/1000 | 0.000781   |    5.02421   |    5.49390   |      0.386 |      0.269 |  100/150  
		  142/1000 | 0.000781   |    5.01492   |    5.33198   |      0.391 |      0.311 |  101/150  
		  143/1000 | 0.000781   |    5.10178   |    5.38722   |      0.368 |      0.296 |  102/150  
		  144/1000 | 0.000781   |    5.12502   |    5.61222   |      0.360 |      0.246 |  103/150  
		  145/1000 | 0.000781   |    4.40396   |    5.46409   |      0.515 |      0.277 |  104/150  
		  146/1000 | 0.000781   |    4.99189   |    5.58125   |      0.379 |      0.246 |  105/150  
		  147/1000 | 0.000781   |    4.57853   |    5.42583   |      0.473 |      0.290 |  106/150  
		  148/1000 | 0.000781   |    4.74453   |    5.53563   |      0.458 |      0.265 |  107/150  
		  149/1000 | 0.000781   |    4.73900   |    5.58089   |      0.457 |      0.250 |  108/150  
		  150/1000 | 0.000781   |    4.33055   |    5.45684   |      0.535 |      0.280 |  109/150  
		  151/1000 | 0.000781   |    4.57937   |    5.42305   |      0.475 |      0.294 |  110/150  
		  152/1000 | 0.000391   |    4.93049   |    5.33007   |      0.416 |      0.305 |  111/150  
		  153/1000 | 0.000391   |    4.40848   |    5.43205   |      0.513 |      0.292 |  112/150  
		  154/1000 | 0.000391   |    4.78101   |    5.21860   |      0.427 |      0.341 |  113/150  
		  155/1000 | 0.000391   |    4.41707   |    5.48015   |      0.513 |      0.282 |  114/150  
		  156/1000 | 0.000391   |    4.61483   |    5.16313   |      0.467 |      0.346 |  115/150  
		  157/1000 | 0.000391   |    5.37266   |    5.18968   |      0.316 |      0.341 |  116/150  
		  158/1000 | 0.000391   |    4.77829   |    5.40697   |      0.437 |      0.298 |  117/150  
		  159/1000 | 0.000391   |    5.04982   |    5.29450   |      0.382 |      0.319 |  118/150  
		  160/1000 | 0.000391   |    4.82352   |    5.28623   |      0.450 |      0.321 |  119/150  
		  161/1000 | 0.000391   |    5.13595   |    5.48571   |      0.343 |      0.274 |  120/150  
		  162/1000 | 0.000391   |    4.57771   |    5.37588   |      0.484 |      0.303 |  121/150  
		  163/1000 | 0.000391   |    4.98797   |    5.33827   |      0.399 |      0.309 |  122/150  
		  164/1000 | 0.000391   |    5.21752   |    5.45477   |      0.326 |      0.284 |  123/150  
		  165/1000 | 0.000391   |    5.10459   |    5.42321   |      0.371 |      0.276 |  124/150  
		  166/1000 | 0.000391   |    4.99912   |    5.27169   |      0.403 |      0.320 |  125/150  
		  167/1000 | 0.000391   |    4.88012   |    5.32569   |      0.408 |      0.314 |  126/150  
		  168/1000 | 0.000195   |    4.63942   |    5.41978   |      0.465 |      0.291 |  127/150  
		  169/1000 | 0.000195   |    4.45710   |    5.40299   |      0.504 |      0.296 |  128/150  
		  170/1000 | 0.000195   |    4.82919   |    5.47048   |      0.416 |      0.275 |  129/150  
		  171/1000 | 0.000195   |    5.56867   |    5.48472   |      0.244 |      0.271 |  130/150  
		  172/1000 | 0.000195   |    5.07584   |    5.46540   |      0.374 |      0.278 |  131/150  
		  173/1000 | 0.000195   |    4.54133   |    5.38240   |      0.483 |      0.299 |  132/150  
		  174/1000 | 0.000195   |    4.78595   |    5.30683   |      0.466 |      0.315 |  133/150  
		  175/1000 | 0.000195   |    5.24825   |    5.50627   |      0.331 |      0.268 |  134/150  
		  176/1000 | 0.000195   |    4.74320   |    5.27630   |      0.446 |      0.318 |  135/150  
		  177/1000 | 0.000195   |    5.04837   |    5.49091   |      0.362 |      0.272 |  136/150  
		  178/1000 | 0.000195   |    5.27198   |    5.29138   |      0.331 |      0.314 |  137/150  
		  179/1000 | 0.000195   |    4.90236   |    5.31780   |      0.401 |      0.315 |  138/150  
		  180/1000 | 0.000195   |    5.01250   |    5.39155   |      0.381 |      0.295 |  139/150  
		  181/1000 | 0.000195   |    4.93190   |    5.20498   |      0.412 |      0.338 |  140/150  
		  182/1000 | 0.000195   |    4.84847   |    5.47366   |      0.413 |      0.275 |  141/150  
		  183/1000 | 0.000195   |    4.81455   |    5.52215   |      0.444 |      0.264 |  142/150  
		  184/1000 | 0.000098   |    4.95774   |    5.37820   |      0.418 |      0.300 |  143/150  
		  185/1000 | 0.000098   |    4.33585   |    5.25652   |      0.558 |      0.329 |  144/150  
		  186/1000 | 0.000098   |    5.42777   |    5.43956   |      0.286 |      0.280 |  145/150  
		  187/1000 | 0.000098   |    4.53425   |    5.55891   |      0.487 |      0.254 |  146/150  
		  188/1000 | 0.000098   |    4.98584   |    5.39601   |      0.377 |      0.295 |  147/150  
		  189/1000 | 0.000098   |    4.99557   |    5.42317   |      0.380 |      0.285 |  148/150  
		  190/1000 | 0.000098   |    4.61519   |    5.33509   |      0.488 |      0.308 |  149/150  

		Early stopping triggered.
		[INFO] Case 1 completed.

	3.2 Training Case 2...
		=== Training Log Started: 2025-11-30 00:22:25.693821 ===
		Run Name: STAFV2_25_CASE2
		Device: cuda
		Epochs: 1000, Batch Size: 4, LR: 0.05
		============================================================
		[INFO] Unique quantized indices: 24141
		[INFO] Suggested num_embeddings: 28969
		[INFO] Processed 1545 valid samples.
		[INFO] Saved merged dataset: ./data/training_results/merged_windowed_dataset_STAFV2_25_CASE2.csv  (shape: (1545, 429))
		[INFO] Saved feature metadata: ./data/training_results/feature_info_STAFV2_25_CASE2.json
		[INFO] Dataset split: 1236 train, 309 val
		[INFO] Scalers fitted and saved.

		✅ Model initialized with 38122 params.
		============================================================
		--------------------------------------------------------------------------------------------
		  Epoch    |     LR     |  Train RMSE  |   Val RMSE   |  Train R²  |   Val R²   |  Patience 
		--------------------------------------------------------------------------------------------
		    1/1000 | 0.050000   |    6.56623   |    5.60578   |     -0.047 |      0.252 |    0/150  
		    2/1000 | 0.050000   |    6.00872   |    5.69648   |      0.124 |      0.227 |    0/150  
		    3/1000 | 0.050000   |    5.97026   |    5.74893   |      0.135 |      0.214 |    1/150  
		    4/1000 | 0.050000   |    5.98740   |    5.81507   |      0.130 |      0.197 |    2/150  
		    5/1000 | 0.050000   |    5.98333   |    5.81482   |      0.131 |      0.197 |    3/150  
		    6/1000 | 0.050000   |    5.87737   |    5.43839   |      0.161 |      0.293 |    4/150  
		    7/1000 | 0.050000   |    5.89193   |    5.54684   |      0.157 |      0.267 |    0/150  
		    8/1000 | 0.050000   |    5.89344   |    5.71603   |      0.157 |      0.224 |    1/150  
		    9/1000 | 0.050000   |    5.88735   |    5.44726   |      0.159 |      0.290 |    2/150  
		   10/1000 | 0.050000   |    5.83650   |    5.88664   |      0.173 |      0.178 |    3/150  
		   11/1000 | 0.050000   |    5.80939   |    5.57870   |      0.181 |      0.260 |    4/150  
		   12/1000 | 0.050000   |    5.89760   |    5.53195   |      0.156 |      0.270 |    5/150  
		   13/1000 | 0.050000   |    5.67884   |    5.53934   |      0.217 |      0.269 |    6/150  
		   14/1000 | 0.050000   |    5.77197   |    5.32237   |      0.191 |      0.323 |    7/150  
		   15/1000 | 0.050000   |    5.87342   |    5.63125   |      0.163 |      0.247 |    0/150  
		   16/1000 | 0.050000   |    5.86852   |    5.50616   |      0.164 |      0.278 |    1/150  
		   17/1000 | 0.050000   |    5.79087   |    5.46504   |      0.186 |      0.289 |    2/150  
		   18/1000 | 0.050000   |    5.77225   |    5.34436   |      0.191 |      0.318 |    3/150  
		   19/1000 | 0.050000   |    5.75018   |    5.42783   |      0.197 |      0.296 |    4/150  
		   20/1000 | 0.050000   |    5.79824   |    5.58729   |      0.184 |      0.259 |    5/150  
		   21/1000 | 0.050000   |    5.85305   |    5.59435   |      0.168 |      0.256 |    6/150  
		   22/1000 | 0.050000   |    5.77515   |    5.43437   |      0.190 |      0.295 |    7/150  
		   23/1000 | 0.050000   |    5.82350   |    5.57556   |      0.177 |      0.258 |    8/150  
		   24/1000 | 0.050000   |    5.69482   |    5.73412   |      0.213 |      0.220 |    9/150  
		   25/1000 | 0.050000   |    5.79225   |    5.51705   |      0.186 |      0.274 |   10/150  
		   26/1000 | 0.050000   |    5.79745   |    5.75159   |      0.184 |      0.216 |   11/150  
		   27/1000 | 0.050000   |    5.64135   |    5.21111   |      0.227 |      0.352 |   12/150  
		   28/1000 | 0.050000   |    5.86762   |    5.34392   |      0.164 |      0.319 |    0/150  
		   29/1000 | 0.050000   |    5.69725   |    5.15719   |      0.212 |      0.364 |    1/150  
		   30/1000 | 0.050000   |    5.84749   |    5.51228   |      0.170 |      0.279 |    0/150  
		   31/1000 | 0.050000   |    5.75961   |    5.41692   |      0.195 |      0.299 |    1/150  
		   32/1000 | 0.050000   |    5.82849   |    5.52424   |      0.175 |      0.275 |    2/150  
		   33/1000 | 0.050000   |    5.90822   |    5.44819   |      0.153 |      0.292 |    3/150  
		   34/1000 | 0.050000   |    5.77751   |    5.36078   |      0.190 |      0.314 |    4/150  
		   35/1000 | 0.050000   |    5.78226   |    5.49167   |      0.188 |      0.283 |    5/150  
		   36/1000 | 0.050000   |    5.81460   |    5.22411   |      0.179 |      0.348 |    6/150  
		   37/1000 | 0.050000   |    5.81262   |    5.52982   |      0.180 |      0.274 |    7/150  
		   38/1000 | 0.050000   |    5.79856   |    5.32291   |      0.184 |      0.324 |    8/150  
		   39/1000 | 0.050000   |    5.79378   |    5.29703   |      0.185 |      0.330 |    9/150  
		   40/1000 | 0.050000   |    5.72840   |    5.51310   |      0.203 |      0.277 |   10/150  
		   41/1000 | 0.050000   |    5.79113   |    5.26018   |      0.186 |      0.340 |   11/150  
		   42/1000 | 0.050000   |    5.72280   |    5.31239   |      0.205 |      0.327 |   12/150  
		   43/1000 | 0.050000   |    5.85473   |    5.35070   |      0.168 |      0.318 |   13/150  
		   44/1000 | 0.050000   |    5.83574   |    5.51091   |      0.173 |      0.276 |   14/150  
		   45/1000 | 0.025000   |    5.71688   |    5.34136   |      0.207 |      0.320 |   15/150  
		   46/1000 | 0.025000   |    5.79286   |    5.53597   |      0.185 |      0.271 |   16/150  
		   47/1000 | 0.025000   |    5.81394   |    5.29489   |      0.179 |      0.331 |   17/150  
		   48/1000 | 0.025000   |    5.78070   |    5.36993   |      0.189 |      0.313 |   18/150  
		   49/1000 | 0.025000   |    5.72134   |    5.21217   |      0.205 |      0.351 |   19/150  
		   50/1000 | 0.025000   |    5.62830   |    5.30123   |      0.231 |      0.330 |   20/150  
		   51/1000 | 0.025000   |    5.68282   |    5.36474   |      0.216 |      0.315 |   21/150  
		   52/1000 | 0.025000   |    5.61934   |    5.21833   |      0.233 |      0.351 |   22/150  
		   53/1000 | 0.025000   |    5.65309   |    5.26774   |      0.224 |      0.338 |   23/150  
		   54/1000 | 0.025000   |    5.69000   |    5.35754   |      0.214 |      0.317 |   24/150  
		   55/1000 | 0.025000   |    5.60422   |    5.56293   |      0.238 |      0.260 |   25/150  
		   56/1000 | 0.025000   |    5.71963   |    5.35706   |      0.206 |      0.317 |   26/150  
		   57/1000 | 0.025000   |    5.70271   |    5.15289   |      0.211 |      0.367 |   27/150  
		   58/1000 | 0.025000   |    5.68681   |    5.31531   |      0.215 |      0.326 |    0/150  
		   59/1000 | 0.025000   |    5.70807   |    5.38298   |      0.209 |      0.310 |    1/150  
		   60/1000 | 0.025000   |    5.70414   |    5.40994   |      0.210 |      0.303 |    2/150  
		   61/1000 | 0.025000   |    5.71629   |    5.37299   |      0.207 |      0.312 |    3/150  
		   62/1000 | 0.025000   |    5.59467   |    5.23293   |      0.240 |      0.347 |    4/150  
		   63/1000 | 0.025000   |    5.77201   |    5.28100   |      0.191 |      0.335 |    5/150  
		   64/1000 | 0.025000   |    5.75932   |    5.30701   |      0.195 |      0.329 |    6/150  
		   65/1000 | 0.025000   |    5.74856   |    5.23952   |      0.198 |      0.346 |    7/150  
		   66/1000 | 0.025000   |    5.63539   |    5.28847   |      0.229 |      0.334 |    8/150  
		   67/1000 | 0.025000   |    5.66298   |    5.17676   |      0.221 |      0.361 |    9/150  
		   68/1000 | 0.025000   |    5.62968   |    5.33706   |      0.231 |      0.323 |   10/150  
		   69/1000 | 0.025000   |    5.66422   |    5.30701   |      0.221 |      0.330 |   11/150  
		   70/1000 | 0.025000   |    5.59368   |    5.38984   |      0.240 |      0.310 |   12/150  
		   71/1000 | 0.025000   |    5.74711   |    5.49465   |      0.198 |      0.283 |   13/150  
		   72/1000 | 0.025000   |    5.79826   |    5.25485   |      0.184 |      0.341 |   14/150  
		   73/1000 | 0.012500   |    5.58353   |    5.32860   |      0.243 |      0.325 |   15/150  
		   74/1000 | 0.012500   |    5.58549   |    5.25584   |      0.243 |      0.342 |   16/150  
		   75/1000 | 0.012500   |    5.55972   |    5.17147   |      0.250 |      0.362 |   17/150  
		   76/1000 | 0.012500   |    5.65858   |    5.21517   |      0.223 |      0.351 |   18/150  
		   77/1000 | 0.012500   |    5.60901   |    5.26272   |      0.236 |      0.341 |   19/150  
		   78/1000 | 0.012500   |    5.50466   |    5.07664   |      0.264 |      0.385 |   20/150  
		   79/1000 | 0.012500   |    5.67941   |    5.18609   |      0.217 |      0.358 |    0/150  
		   80/1000 | 0.012500   |    5.55985   |    5.33644   |      0.250 |      0.323 |    1/150  
		   81/1000 | 0.012500   |    5.56663   |    5.25950   |      0.248 |      0.340 |    2/150  
		   82/1000 | 0.012500   |    5.42930   |    5.35514   |      0.284 |      0.318 |    3/150  
		   83/1000 | 0.012500   |    5.59846   |    5.18297   |      0.239 |      0.359 |    4/150  
		   84/1000 | 0.012500   |    5.51874   |    5.18784   |      0.261 |      0.359 |    5/150  
		   85/1000 | 0.012500   |    5.57115   |    5.17211   |      0.247 |      0.362 |    6/150  
		   86/1000 | 0.012500   |    5.57230   |    5.27514   |      0.246 |      0.336 |    7/150  
		   87/1000 | 0.012500   |    5.56096   |    5.23930   |      0.249 |      0.346 |    8/150  
		   88/1000 | 0.012500   |    5.67708   |    5.23976   |      0.218 |      0.346 |    9/150  
		   89/1000 | 0.012500   |    5.39404   |    5.28618   |      0.294 |      0.335 |   10/150  
		   90/1000 | 0.012500   |    5.53437   |    5.16321   |      0.256 |      0.365 |   11/150  
		   91/1000 | 0.012500   |    5.68080   |    5.13379   |      0.217 |      0.371 |   12/150  
		   92/1000 | 0.012500   |    5.55134   |    5.57729   |      0.252 |      0.262 |   13/150  
		   93/1000 | 0.012500   |    5.49469   |    5.12874   |      0.267 |      0.372 |   14/150  
		   94/1000 | 0.006250   |    5.56291   |    5.19336   |      0.249 |      0.358 |   15/150  
		   95/1000 | 0.006250   |    5.58796   |    5.12723   |      0.242 |      0.372 |   16/150  
		   96/1000 | 0.006250   |    5.57140   |    5.13511   |      0.246 |      0.370 |   17/150  
		   97/1000 | 0.006250   |    5.64928   |    5.19555   |      0.225 |      0.356 |   18/150  
		   98/1000 | 0.006250   |    5.48791   |    5.19016   |      0.269 |      0.358 |   19/150  
		   99/1000 | 0.006250   |    5.31174   |    5.11187   |      0.315 |      0.377 |   20/150  
		  100/1000 | 0.006250   |    5.49445   |    5.32763   |      0.267 |      0.325 |   21/150  
		  101/1000 | 0.006250   |    5.40982   |    5.23482   |      0.290 |      0.348 |   22/150  
		  102/1000 | 0.006250   |    5.51819   |    5.19875   |      0.261 |      0.356 |   23/150  
		  103/1000 | 0.006250   |    5.45930   |    5.10329   |      0.276 |      0.379 |   24/150  
		  104/1000 | 0.006250   |    5.55114   |    5.13670   |      0.252 |      0.371 |   25/150  
		  105/1000 | 0.006250   |    5.51278   |    5.17674   |      0.262 |      0.362 |   26/150  
		  106/1000 | 0.006250   |    5.63207   |    5.16957   |      0.230 |      0.364 |   27/150  
		  107/1000 | 0.006250   |    5.48961   |    5.09695   |      0.268 |      0.380 |   28/150  
		  108/1000 | 0.006250   |    5.52869   |    5.03969   |      0.258 |      0.394 |   29/150  
		  109/1000 | 0.006250   |    5.47219   |    5.04719   |      0.273 |      0.392 |    0/150  
		  110/1000 | 0.006250   |    5.57303   |    5.15451   |      0.246 |      0.366 |    1/150  
		  111/1000 | 0.006250   |    5.48078   |    5.06576   |      0.271 |      0.387 |    2/150  
		  112/1000 | 0.006250   |    5.47994   |    5.10738   |      0.271 |      0.378 |    3/150  
		  113/1000 | 0.006250   |    5.64638   |    5.22581   |      0.226 |      0.350 |    4/150  
		  114/1000 | 0.006250   |    5.50623   |    5.06841   |      0.264 |      0.387 |    5/150  
		  115/1000 | 0.006250   |    5.46732   |    5.13341   |      0.274 |      0.370 |    6/150  
		  116/1000 | 0.006250   |    5.54629   |    5.09492   |      0.253 |      0.381 |    7/150  
		  117/1000 | 0.006250   |    5.40526   |    5.12556   |      0.291 |      0.374 |    8/150  
		  118/1000 | 0.006250   |    5.40476   |    5.08559   |      0.291 |      0.383 |    9/150  
		  119/1000 | 0.006250   |    5.53357   |    5.19388   |      0.257 |      0.357 |   10/150  
		  120/1000 | 0.006250   |    5.63170   |    5.16740   |      0.230 |      0.363 |   11/150  
		  121/1000 | 0.006250   |    5.58566   |    5.15343   |      0.243 |      0.367 |   12/150  
		  122/1000 | 0.006250   |    5.63849   |    5.09811   |      0.228 |      0.380 |   13/150  
		  123/1000 | 0.006250   |    5.52691   |    5.16718   |      0.258 |      0.364 |   14/150  
		  124/1000 | 0.003125   |    5.45248   |    5.14054   |      0.278 |      0.370 |   15/150  
		  125/1000 | 0.003125   |    5.49571   |    5.11178   |      0.267 |      0.377 |   16/150  
		  126/1000 | 0.003125   |    5.52765   |    5.25297   |      0.258 |      0.343 |   17/150  
		  127/1000 | 0.003125   |    5.47536   |    5.11419   |      0.272 |      0.376 |   18/150  
		  128/1000 | 0.003125   |    5.51648   |    5.08955   |      0.261 |      0.382 |   19/150  
		  129/1000 | 0.003125   |    5.47803   |    5.15954   |      0.272 |      0.366 |   20/150  
		  130/1000 | 0.003125   |    5.36205   |    5.13984   |      0.302 |      0.370 |   21/150  
		  131/1000 | 0.003125   |    5.62553   |    5.18040   |      0.232 |      0.360 |   22/150  
		  132/1000 | 0.003125   |    5.41727   |    5.09815   |      0.288 |      0.379 |   23/150  
		  133/1000 | 0.003125   |    5.54250   |    5.16861   |      0.254 |      0.362 |   24/150  
		  134/1000 | 0.003125   |    5.56246   |    5.11944   |      0.249 |      0.375 |   25/150  
		  135/1000 | 0.003125   |    5.48229   |    5.13377   |      0.270 |      0.371 |   26/150  
		  136/1000 | 0.003125   |    5.65956   |    5.07526   |      0.222 |      0.386 |   27/150  
		  137/1000 | 0.003125   |    5.46946   |    5.11827   |      0.274 |      0.375 |   28/150  
		  138/1000 | 0.003125   |    5.49898   |    5.02864   |      0.266 |      0.397 |   29/150  
		  139/1000 | 0.003125   |    5.36243   |    5.08273   |      0.302 |      0.384 |    0/150  
		  140/1000 | 0.003125   |    5.60073   |    5.02956   |      0.239 |      0.396 |    1/150  
		  141/1000 | 0.003125   |    5.54826   |    5.08272   |      0.253 |      0.384 |    2/150  
		  142/1000 | 0.003125   |    5.37962   |    5.00495   |      0.297 |      0.403 |    3/150  
		                                          ╚══> ✅ SAVED (RMSE: 5.0050)
		  143/1000 | 0.003125   |    5.51419   |    5.03315   |      0.262 |      0.396 |    0/150  
		  144/1000 | 0.003125   |    5.47431   |    5.07668   |      0.272 |      0.386 |    1/150  
		  145/1000 | 0.003125   |    5.47743   |    5.19864   |      0.272 |      0.356 |    2/150  
		  146/1000 | 0.003125   |    5.30768   |    5.01363   |      0.316 |      0.400 |    3/150  
		  147/1000 | 0.003125   |    5.40085   |    4.93422   |      0.292 |      0.418 |    4/150  
		                                          ╚══> ✅ SAVED (RMSE: 4.9342)
		  148/1000 | 0.003125   |    5.34908   |    5.00502   |      0.305 |      0.402 |    0/150  
		  149/1000 | 0.003125   |    5.46705   |    4.97818   |      0.274 |      0.408 |    1/150  
		  150/1000 | 0.003125   |    5.42045   |    4.95386   |      0.287 |      0.413 |    2/150  
		  151/1000 | 0.003125   |    5.47070   |    4.98307   |      0.273 |      0.407 |    3/150  
		  152/1000 | 0.003125   |    5.39691   |    4.98573   |      0.293 |      0.407 |    4/150  
		  153/1000 | 0.003125   |    5.55465   |    4.96385   |      0.251 |      0.412 |    5/150  
		  154/1000 | 0.003125   |    5.44095   |    5.08274   |      0.281 |      0.384 |    6/150  
		  155/1000 | 0.003125   |    5.42344   |    5.16559   |      0.286 |      0.365 |    7/150  
		  156/1000 | 0.003125   |    5.33871   |    4.89604   |      0.308 |      0.428 |    8/150  
		                                          ╚══> ✅ SAVED (RMSE: 4.8960)
		  157/1000 | 0.003125   |    5.36526   |    5.03957   |      0.301 |      0.394 |    0/150  
		  158/1000 | 0.003125   |    5.39220   |    5.04092   |      0.294 |      0.393 |    1/150  
		  159/1000 | 0.003125   |    5.38504   |    5.04361   |      0.296 |      0.393 |    2/150  
		  160/1000 | 0.003125   |    5.57844   |    5.05896   |      0.245 |      0.389 |    3/150  
		  161/1000 | 0.003125   |    5.52210   |    5.00420   |      0.260 |      0.402 |    4/150  
		  162/1000 | 0.003125   |    5.47428   |    5.11164   |      0.273 |      0.377 |    5/150  
		  163/1000 | 0.003125   |    5.49340   |    5.08670   |      0.267 |      0.383 |    6/150  
		  164/1000 | 0.003125   |    5.51792   |    5.03107   |      0.261 |      0.396 |    7/150  
		  165/1000 | 0.003125   |    5.49396   |    5.12549   |      0.267 |      0.373 |    8/150  
		  166/1000 | 0.003125   |    5.48432   |    5.06535   |      0.270 |      0.387 |    9/150  
		  167/1000 | 0.003125   |    5.34934   |    5.10803   |      0.305 |      0.377 |   10/150  
		  168/1000 | 0.003125   |    5.36330   |    5.01519   |      0.302 |      0.400 |   11/150  
		  169/1000 | 0.003125   |    5.33007   |    5.06105   |      0.310 |      0.389 |   12/150  
		  170/1000 | 0.003125   |    5.41149   |    5.06484   |      0.289 |      0.387 |   13/150  
		  171/1000 | 0.003125   |    5.45697   |    5.03401   |      0.277 |      0.395 |   14/150  
		  172/1000 | 0.001563   |    5.43166   |    5.03891   |      0.284 |      0.394 |   15/150  
		  173/1000 | 0.001563   |    5.41208   |    4.95881   |      0.289 |      0.414 |   16/150  
		  174/1000 | 0.001563   |    5.36736   |    5.06400   |      0.301 |      0.388 |   17/150  
		  175/1000 | 0.001563   |    5.33045   |    4.95895   |      0.310 |      0.413 |   18/150  
		  176/1000 | 0.001563   |    5.38934   |    5.01135   |      0.295 |      0.401 |   19/150  
		  177/1000 | 0.001563   |    5.42848   |    5.07392   |      0.285 |      0.386 |   20/150  
		  178/1000 | 0.001563   |    5.37258   |    4.93734   |      0.299 |      0.418 |   21/150  
		  179/1000 | 0.001563   |    5.38495   |    4.95949   |      0.296 |      0.412 |   22/150  
		  180/1000 | 0.001563   |    5.56786   |    5.05578   |      0.247 |      0.390 |   23/150  
		  181/1000 | 0.001563   |    5.32088   |    5.07830   |      0.313 |      0.383 |   24/150  
		  182/1000 | 0.001563   |    5.30668   |    5.14497   |      0.316 |      0.369 |   25/150  
		  183/1000 | 0.001563   |    5.35335   |    5.01168   |      0.304 |      0.401 |   26/150  
		  184/1000 | 0.001563   |    5.34987   |    5.09976   |      0.305 |      0.379 |   27/150  
		  185/1000 | 0.001563   |    5.43031   |    5.06428   |      0.284 |      0.388 |   28/150  
		  186/1000 | 0.001563   |    5.44627   |    5.01322   |      0.280 |      0.400 |   29/150  
		  187/1000 | 0.001563   |    5.19475   |    5.04650   |      0.345 |      0.392 |   30/150  
		  188/1000 | 0.000781   |    5.41007   |    5.00282   |      0.289 |      0.403 |   31/150  
		  189/1000 | 0.000781   |    5.51408   |    5.04278   |      0.262 |      0.394 |   32/150  
		  190/1000 | 0.000781   |    5.32958   |    5.00140   |      0.310 |      0.403 |   33/150  
		  191/1000 | 0.000781   |    5.25834   |    4.96318   |      0.329 |      0.411 |   34/150  
		  192/1000 | 0.000781   |    5.40930   |    4.97604   |      0.290 |      0.408 |   35/150  
		  193/1000 | 0.000781   |    5.32556   |    5.02566   |      0.311 |      0.397 |   36/150  
		  194/1000 | 0.000781   |    5.40862   |    4.97859   |      0.290 |      0.408 |   37/150  
		  195/1000 | 0.000781   |    5.25920   |    5.01966   |      0.329 |      0.398 |   38/150  
		  196/1000 | 0.000781   |    5.43212   |    5.03502   |      0.284 |      0.396 |   39/150  
		  197/1000 | 0.000781   |    5.31077   |    5.06247   |      0.315 |      0.388 |   40/150  
		  198/1000 | 0.000781   |    5.50318   |    4.99879   |      0.265 |      0.404 |   41/150  
		  199/1000 | 0.000781   |    5.34558   |    4.96999   |      0.306 |      0.411 |   42/150  
		  200/1000 | 0.000781   |    5.47187   |    5.11022   |      0.273 |      0.376 |   43/150  
		  201/1000 | 0.000781   |    5.18280   |    4.95642   |      0.348 |      0.413 |   44/150  
		  202/1000 | 0.000781   |    5.38087   |    5.08360   |      0.297 |      0.383 |   45/150  
		  203/1000 | 0.000781   |    5.40660   |    4.96624   |      0.290 |      0.410 |   46/150  
		  204/1000 | 0.000391   |    5.29587   |    4.92023   |      0.319 |      0.422 |   47/150  
		  205/1000 | 0.000391   |    5.29383   |    5.04020   |      0.320 |      0.394 |   48/150  
		  206/1000 | 0.000391   |    5.43388   |    5.02326   |      0.283 |      0.398 |   49/150  
		  207/1000 | 0.000391   |    5.35889   |    5.04461   |      0.303 |      0.392 |   50/150  
		  208/1000 | 0.000391   |    5.43694   |    5.05270   |      0.282 |      0.390 |   51/150  
		  209/1000 | 0.000391   |    5.45739   |    5.00632   |      0.277 |      0.402 |   52/150  
		  210/1000 | 0.000391   |    5.29053   |    5.08478   |      0.321 |      0.384 |   53/150  
		  211/1000 | 0.000391   |    5.53340   |    5.07114   |      0.257 |      0.386 |   54/150  
		  212/1000 | 0.000391   |    5.31941   |    5.02505   |      0.313 |      0.397 |   55/150  
		  213/1000 | 0.000391   |    5.29800   |    5.09691   |      0.319 |      0.380 |   56/150  
		  214/1000 | 0.000391   |    5.28476   |    4.98610   |      0.322 |      0.406 |   57/150  
		  215/1000 | 0.000391   |    5.35387   |    5.03636   |      0.304 |      0.394 |   58/150  
		  216/1000 | 0.000391   |    5.36871   |    4.99468   |      0.300 |      0.405 |   59/150  
		  217/1000 | 0.000391   |    5.29768   |    5.06215   |      0.319 |      0.388 |   60/150  
		  218/1000 | 0.000391   |    5.32780   |    5.05281   |      0.311 |      0.391 |   61/150  
		  219/1000 | 0.000391   |    5.17054   |    5.02315   |      0.351 |      0.398 |   62/150  
		  220/1000 | 0.000195   |    5.43376   |    4.97124   |      0.283 |      0.410 |   63/150  
		  221/1000 | 0.000195   |    5.35737   |    4.97071   |      0.303 |      0.410 |   64/150  
		  222/1000 | 0.000195   |    5.29911   |    5.05692   |      0.318 |      0.390 |   65/150  
		  223/1000 | 0.000195   |    5.58663   |    4.97568   |      0.242 |      0.409 |   66/150  
		  224/1000 | 0.000195   |    5.45356   |    5.10746   |      0.278 |      0.378 |   67/150  
		  225/1000 | 0.000195   |    5.34287   |    4.97457   |      0.307 |      0.409 |   68/150  
		  226/1000 | 0.000195   |    5.25807   |    5.04565   |      0.329 |      0.392 |   69/150  
		  227/1000 | 0.000195   |    5.50600   |    5.05861   |      0.264 |      0.389 |   70/150  
		  228/1000 | 0.000195   |    5.40061   |    5.11108   |      0.292 |      0.377 |   71/150  
		  229/1000 | 0.000195   |    5.35199   |    4.90624   |      0.305 |      0.425 |   72/150  
		  230/1000 | 0.000195   |    5.43036   |    4.93326   |      0.284 |      0.419 |   73/150  
		  231/1000 | 0.000195   |    5.35995   |    4.85794   |      0.303 |      0.435 |   74/150  
		                                          ╚══> ✅ SAVED (RMSE: 4.8579)
		  232/1000 | 0.000195   |    5.34586   |    5.01267   |      0.306 |      0.401 |    0/150  
		  233/1000 | 0.000195   |    5.39151   |    5.08240   |      0.294 |      0.383 |    1/150  
		  234/1000 | 0.000195   |    5.32011   |    5.15168   |      0.313 |      0.366 |    2/150  
		  235/1000 | 0.000195   |    5.36833   |    5.03338   |      0.300 |      0.395 |    3/150  
		  236/1000 | 0.000195   |    5.22517   |    4.93906   |      0.337 |      0.417 |    4/150  
		  237/1000 | 0.000195   |    5.32196   |    4.94512   |      0.312 |      0.416 |    5/150  
		  238/1000 | 0.000195   |    5.45838   |    5.00126   |      0.277 |      0.403 |    6/150  
		  239/1000 | 0.000195   |    5.37960   |    5.07141   |      0.297 |      0.386 |    7/150  
		  240/1000 | 0.000195   |    5.25309   |    5.09581   |      0.330 |      0.380 |    8/150  
		  241/1000 | 0.000195   |    5.46308   |    5.02224   |      0.275 |      0.398 |    9/150  
		  242/1000 | 0.000195   |    5.43118   |    4.97340   |      0.284 |      0.409 |   10/150  
		  243/1000 | 0.000195   |    5.30079   |    4.95357   |      0.318 |      0.414 |   11/150  
		  244/1000 | 0.000195   |    5.29354   |    5.08852   |      0.320 |      0.381 |   12/150  
		  245/1000 | 0.000195   |    5.42441   |    4.96610   |      0.286 |      0.411 |   13/150  
		  246/1000 | 0.000195   |    5.35402   |    5.09577   |      0.304 |      0.382 |   14/150  
		  247/1000 | 0.000098   |    5.32623   |    5.01499   |      0.311 |      0.400 |   15/150  
		  248/1000 | 0.000098   |    5.41523   |    5.02381   |      0.288 |      0.397 |   16/150  
		  249/1000 | 0.000098   |    5.41469   |    4.93100   |      0.288 |      0.419 |   17/150  
		  250/1000 | 0.000098   |    5.60419   |    5.05503   |      0.238 |      0.390 |   18/150  
		  251/1000 | 0.000098   |    5.31647   |    5.03969   |      0.314 |      0.394 |   19/150  
		  252/1000 | 0.000098   |    5.34693   |    4.97820   |      0.306 |      0.409 |   20/150  
		  253/1000 | 0.000098   |    5.34317   |    5.10743   |      0.307 |      0.377 |   21/150  
		  254/1000 | 0.000098   |    5.39276   |    4.99879   |      0.294 |      0.403 |   22/150  
		  255/1000 | 0.000098   |    5.35041   |    4.99598   |      0.305 |      0.405 |   23/150  
		  256/1000 | 0.000098   |    5.38125   |    5.12754   |      0.297 |      0.372 |   24/150  
		  257/1000 | 0.000098   |    5.36933   |    4.98481   |      0.300 |      0.406 |   25/150  
		  258/1000 | 0.000098   |    5.48037   |    5.16002   |      0.271 |      0.365 |   26/150  
		  259/1000 | 0.000098   |    5.40691   |    5.00755   |      0.290 |      0.401 |   27/150  
		  260/1000 | 0.000098   |    5.44884   |    5.07111   |      0.279 |      0.386 |   28/150  
		  261/1000 | 0.000098   |    5.36429   |    5.09846   |      0.301 |      0.380 |   29/150  
		  262/1000 | 0.000098   |    5.30199   |    4.99195   |      0.318 |      0.405 |   30/150  
		  263/1000 | 0.000049   |    5.23540   |    5.03900   |      0.335 |      0.394 |   31/150  
		  264/1000 | 0.000049   |    5.37123   |    5.04785   |      0.300 |      0.392 |   32/150  
		  265/1000 | 0.000049   |    5.47877   |    5.04594   |      0.271 |      0.392 |   33/150  
		  266/1000 | 0.000049   |    5.32649   |    5.02888   |      0.311 |      0.396 |   34/150  
		  267/1000 | 0.000049   |    5.35644   |    4.99844   |      0.303 |      0.404 |   35/150  
		  268/1000 | 0.000049   |    5.40316   |    5.00972   |      0.291 |      0.402 |   36/150  
		  269/1000 | 0.000049   |    5.27750   |    4.98896   |      0.324 |      0.405 |   37/150  
		  270/1000 | 0.000049   |    5.36837   |    5.04542   |      0.300 |      0.393 |   38/150  
		  271/1000 | 0.000049   |    5.18547   |    5.00728   |      0.347 |      0.401 |   39/150  
		  272/1000 | 0.000049   |    5.42683   |    4.98401   |      0.285 |      0.407 |   40/150  
		  273/1000 | 0.000049   |    5.38976   |    5.04787   |      0.295 |      0.392 |   41/150  
		  274/1000 | 0.000049   |    5.31737   |    4.95160   |      0.314 |      0.414 |   42/150  
		  275/1000 | 0.000049   |    5.34274   |    4.95468   |      0.307 |      0.414 |   43/150  
		  276/1000 | 0.000049   |    5.40752   |    5.01618   |      0.290 |      0.399 |   44/150  
		  277/1000 | 0.000049   |    5.28277   |    5.13174   |      0.323 |      0.372 |   45/150  
		  278/1000 | 0.000049   |    5.37779   |    4.92725   |      0.298 |      0.419 |   46/150  
		  279/1000 | 0.000024   |    5.39896   |    5.02314   |      0.292 |      0.398 |   47/150  
		  280/1000 | 0.000024   |    5.22970   |    5.10553   |      0.336 |      0.377 |   48/150  
		  281/1000 | 0.000024   |    5.28857   |    5.02258   |      0.321 |      0.397 |   49/150  
		  282/1000 | 0.000024   |    5.36503   |    4.99402   |      0.301 |      0.405 |   50/150  
		  283/1000 | 0.000024   |    5.49414   |    5.04934   |      0.267 |      0.391 |   51/150  
		  284/1000 | 0.000024   |    5.50829   |    5.07354   |      0.263 |      0.387 |   52/150  
		  285/1000 | 0.000024   |    5.31691   |    5.02131   |      0.314 |      0.398 |   53/150  
		  286/1000 | 0.000024   |    5.28793   |    4.95749   |      0.321 |      0.413 |   54/150  
		  287/1000 | 0.000024   |    5.40727   |    4.97238   |      0.290 |      0.410 |   55/150  
		  288/1000 | 0.000024   |    5.32701   |    5.01063   |      0.311 |      0.400 |   56/150  
		  289/1000 | 0.000024   |    5.46247   |    5.00771   |      0.276 |      0.401 |   57/150  
		  290/1000 | 0.000024   |    5.26492   |    5.07934   |      0.327 |      0.385 |   58/150  
		  291/1000 | 0.000024   |    5.23633   |    5.13875   |      0.334 |      0.371 |   59/150  
		  292/1000 | 0.000024   |    5.38946   |    4.98909   |      0.295 |      0.406 |   60/150  
		  293/1000 | 0.000024   |    5.29118   |    4.97649   |      0.320 |      0.409 |   61/150  
		  294/1000 | 0.000024   |    5.32209   |    5.01771   |      0.312 |      0.399 |   62/150  
		  295/1000 | 0.000012   |    5.41406   |    5.08474   |      0.288 |      0.383 |   63/150  
		  296/1000 | 0.000012   |    5.20268   |    4.97661   |      0.343 |      0.408 |   64/150  
		  297/1000 | 0.000012   |    5.44895   |    4.93572   |      0.279 |      0.418 |   65/150  
		  298/1000 | 0.000012   |    5.41496   |    5.00118   |      0.288 |      0.402 |   66/150  
		  299/1000 | 0.000012   |    5.41473   |    5.07641   |      0.288 |      0.385 |   67/150  
		  300/1000 | 0.000012   |    5.29454   |    5.03563   |      0.319 |      0.395 |   68/150  
		  301/1000 | 0.000012   |    5.34992   |    5.09808   |      0.305 |      0.379 |   69/150  
		  302/1000 | 0.000012   |    5.38393   |    5.02112   |      0.296 |      0.398 |   70/150  
		  303/1000 | 0.000012   |    5.45891   |    4.98576   |      0.277 |      0.406 |   71/150  
		  304/1000 | 0.000012   |    5.28752   |    4.99802   |      0.321 |      0.404 |   72/150  
		  305/1000 | 0.000012   |    5.36174   |    4.95295   |      0.302 |      0.414 |   73/150  
		  306/1000 | 0.000012   |    5.23469   |    5.11901   |      0.335 |      0.374 |   74/150  
		  307/1000 | 0.000012   |    5.28375   |    5.06763   |      0.322 |      0.388 |   75/150  
		  308/1000 | 0.000012   |    5.29756   |    5.07073   |      0.319 |      0.387 |   76/150  
		  309/1000 | 0.000012   |    5.28780   |    4.97699   |      0.321 |      0.409 |   77/150  
		  310/1000 | 0.000012   |    5.40639   |    4.99803   |      0.290 |      0.403 |   78/150  
		  311/1000 | 0.000006   |    5.54732   |    5.04589   |      0.253 |      0.392 |   79/150  
		  312/1000 | 0.000006   |    5.51532   |    5.11363   |      0.262 |      0.376 |   80/150  
		  313/1000 | 0.000006   |    5.42185   |    4.99357   |      0.286 |      0.405 |   81/150  
		  314/1000 | 0.000006   |    5.24707   |    4.89906   |      0.332 |      0.426 |   82/150  
		  315/1000 | 0.000006   |    5.36950   |    5.09769   |      0.300 |      0.379 |   83/150  
		  316/1000 | 0.000006   |    5.34425   |    5.08326   |      0.307 |      0.384 |   84/150  
		  317/1000 | 0.000006   |    5.32665   |    5.03154   |      0.311 |      0.396 |   85/150  
		  318/1000 | 0.000006   |    5.41935   |    5.05929   |      0.287 |      0.388 |   86/150  
		  319/1000 | 0.000006   |    5.27187   |    5.07798   |      0.325 |      0.386 |   87/150  
		  320/1000 | 0.000006   |    5.37779   |    4.90084   |      0.298 |      0.426 |   88/150  
		  321/1000 | 0.000006   |    5.45823   |    4.98230   |      0.277 |      0.407 |   89/150  
		  322/1000 | 0.000006   |    5.32454   |    5.01184   |      0.312 |      0.401 |   90/150  
		  323/1000 | 0.000006   |    5.45695   |    4.92766   |      0.277 |      0.420 |   91/150  
		  324/1000 | 0.000006   |    5.52319   |    5.00462   |      0.259 |      0.402 |   92/150  
		  325/1000 | 0.000006   |    5.20650   |    5.01825   |      0.342 |      0.399 |   93/150  
		  326/1000 | 0.000006   |    5.42996   |    5.06218   |      0.284 |      0.388 |   94/150  
		  327/1000 | 0.000003   |    5.47565   |    5.13118   |      0.272 |      0.372 |   95/150  
		  328/1000 | 0.000003   |    5.23336   |    5.02918   |      0.335 |      0.397 |   96/150  
		  329/1000 | 0.000003   |    5.37945   |    5.11580   |      0.297 |      0.376 |   97/150  
		  330/1000 | 0.000003   |    5.19765   |    5.01556   |      0.344 |      0.399 |   98/150  
		  331/1000 | 0.000003   |    5.25908   |    5.08481   |      0.329 |      0.383 |   99/150  
		  332/1000 | 0.000003   |    5.29738   |    4.98413   |      0.319 |      0.408 |  100/150  
		  333/1000 | 0.000003   |    5.36737   |    4.90963   |      0.301 |      0.424 |  101/150  
		  334/1000 | 0.000003   |    5.47234   |    4.98499   |      0.273 |      0.406 |  102/150  
		  335/1000 | 0.000003   |    5.44692   |    5.20529   |      0.280 |      0.355 |  103/150  
		  336/1000 | 0.000003   |    5.34069   |    4.95524   |      0.308 |      0.414 |  104/150  
		  337/1000 | 0.000003   |    5.30398   |    4.98972   |      0.317 |      0.406 |  105/150  
		  338/1000 | 0.000003   |    5.34820   |    4.97994   |      0.306 |      0.408 |  106/150  
		  339/1000 | 0.000003   |    5.35706   |    5.06988   |      0.303 |      0.386 |  107/150  
		  340/1000 | 0.000003   |    5.38044   |    5.00253   |      0.297 |      0.402 |  108/150  
		  341/1000 | 0.000003   |    5.49073   |    5.07509   |      0.268 |      0.385 |  109/150  
		  342/1000 | 0.000003   |    5.33869   |    5.10249   |      0.308 |      0.379 |  110/150  
		  343/1000 | 0.000002   |    5.35554   |    5.05342   |      0.304 |      0.391 |  111/150  
		  344/1000 | 0.000002   |    5.45480   |    5.02466   |      0.278 |      0.397 |  112/150  
		  345/1000 | 0.000002   |    5.44145   |    4.86161   |      0.281 |      0.435 |  113/150  
		  346/1000 | 0.000002   |    5.29504   |    5.01758   |      0.319 |      0.399 |  114/150  
		  347/1000 | 0.000002   |    5.34670   |    4.95445   |      0.306 |      0.413 |  115/150  
		  348/1000 | 0.000002   |    5.31071   |    5.09284   |      0.315 |      0.381 |  116/150  
		  349/1000 | 0.000002   |    5.39466   |    4.92443   |      0.294 |      0.420 |  117/150  
		  350/1000 | 0.000002   |    5.34845   |    5.09989   |      0.306 |      0.380 |  118/150  
		  351/1000 | 0.000002   |    5.37736   |    5.19058   |      0.298 |      0.357 |  119/150  
		  352/1000 | 0.000002   |    5.22657   |    4.97997   |      0.337 |      0.408 |  120/150  
		  353/1000 | 0.000002   |    5.44398   |    5.00946   |      0.281 |      0.401 |  121/150  
		  354/1000 | 0.000002   |    5.46643   |    5.09081   |      0.275 |      0.382 |  122/150  
		  355/1000 | 0.000002   |    5.37285   |    5.01520   |      0.299 |      0.400 |  123/150  
		  356/1000 | 0.000002   |    5.44604   |    5.01120   |      0.280 |      0.400 |  124/150  
		  357/1000 | 0.000002   |    5.33035   |    5.07243   |      0.310 |      0.385 |  125/150  
		  358/1000 | 0.000002   |    5.29173   |    4.97229   |      0.320 |      0.409 |  126/150  
		  359/1000 | 0.000001   |    5.38505   |    4.97020   |      0.296 |      0.410 |  127/150  
		  360/1000 | 0.000001   |    5.39362   |    5.02394   |      0.294 |      0.397 |  128/150  
		  361/1000 | 0.000001   |    5.32309   |    5.09234   |      0.312 |      0.381 |  129/150  
		  362/1000 | 0.000001   |    5.34744   |    5.04087   |      0.306 |      0.393 |  130/150  
		  363/1000 | 0.000001   |    5.28240   |    4.96148   |      0.323 |      0.412 |  131/150  
		  364/1000 | 0.000001   |    5.35004   |    5.04361   |      0.305 |      0.393 |  132/150  
		  365/1000 | 0.000001   |    5.38440   |    5.11906   |      0.296 |      0.374 |  133/150  
		  366/1000 | 0.000001   |    5.40189   |    5.14463   |      0.292 |      0.368 |  134/150  
		  367/1000 | 0.000001   |    5.40475   |    4.99538   |      0.291 |      0.404 |  135/150  
		  368/1000 | 0.000001   |    5.31073   |    5.12716   |      0.315 |      0.372 |  136/150  
		  369/1000 | 0.000001   |    5.34323   |    4.96814   |      0.307 |      0.411 |  137/150  
		  370/1000 | 0.000001   |    5.49780   |    4.98586   |      0.266 |      0.407 |  138/150  
		  371/1000 | 0.000001   |    5.26103   |    5.03600   |      0.328 |      0.395 |  139/150  
		  372/1000 | 0.000001   |    5.32896   |    4.93986   |      0.311 |      0.418 |  140/150  
		  373/1000 | 0.000001   |    5.23976   |    5.13149   |      0.334 |      0.372 |  141/150  
		  374/1000 | 0.000001   |    5.41947   |    5.07140   |      0.287 |      0.386 |  142/150  
		  375/1000 | 0.000000   |    5.25356   |    5.08096   |      0.330 |      0.385 |  143/150  
		  376/1000 | 0.000000   |    5.41015   |    4.96950   |      0.289 |      0.410 |  144/150  
		  377/1000 | 0.000000   |    5.42623   |    4.99192   |      0.285 |      0.405 |  145/150  
		  378/1000 | 0.000000   |    5.32413   |    5.00706   |      0.312 |      0.402 |  146/150  
		  379/1000 | 0.000000   |    5.36788   |    5.08653   |      0.301 |      0.383 |  147/150  
		  380/1000 | 0.000000   |    5.40303   |    5.01016   |      0.291 |      0.402 |  148/150  
		  381/1000 | 0.000000   |    5.49658   |    5.08497   |      0.267 |      0.383 |  149/150  

		Early stopping triggered.
		[INFO] Case 2 completed.

	3.3 Training Case 3...
		=== Training Log Started: 2025-11-30 00:38:49.440320 ===
		Run Name: STAFV2_25_CASE3
		Device: cuda
		Epochs: 1000, Batch Size: 4, LR: 0.05
		============================================================
		[INFO] Unique quantized indices: 36535
		[INFO] Suggested num_embeddings: 43842
		[INFO] Processed 3545 valid samples.
		[INFO] Saved merged dataset: ./data/training_results/merged_windowed_dataset_STAFV2_25_CASE3.csv  (shape: (3545, 429))
		[INFO] Saved feature metadata: ./data/training_results/feature_info_STAFV2_25_CASE3.json
		[INFO] Dataset split: 2836 train, 709 val
		[INFO] Scalers fitted and saved.

		✅ Model initialized with 38122 params.
		============================================================
		--------------------------------------------------------------------------------------------
		  Epoch    |     LR     |  Train RMSE  |   Val RMSE   |  Train R²  |   Val R²   |  Patience 
		--------------------------------------------------------------------------------------------
		    1/1000 | 0.050000   |    6.19704   |    5.72917   |      0.033 |      0.215 |    0/150  
		    2/1000 | 0.050000   |    5.91483   |    5.58395   |      0.119 |      0.257 |    0/150  
		    3/1000 | 0.050000   |    5.96759   |    5.64195   |      0.103 |      0.242 |    0/150  
		    4/1000 | 0.050000   |    5.89465   |    5.65788   |      0.125 |      0.237 |    1/150  
		    5/1000 | 0.050000   |    5.82452   |    5.56361   |      0.145 |      0.265 |    2/150  
		    6/1000 | 0.050000   |    5.87836   |    5.74693   |      0.130 |      0.212 |    0/150  
		    7/1000 | 0.050000   |    5.87323   |    5.68444   |      0.131 |      0.231 |    1/150  
		    8/1000 | 0.050000   |    5.88006   |    5.57262   |      0.129 |      0.263 |    2/150  
		    9/1000 | 0.050000   |    5.78295   |    5.52040   |      0.158 |      0.275 |    3/150  
		   10/1000 | 0.050000   |    5.84342   |    5.39397   |      0.140 |      0.310 |    0/150  
		   11/1000 | 0.050000   |    5.77073   |    5.39014   |      0.161 |      0.309 |    0/150  
		   12/1000 | 0.050000   |    5.81056   |    5.56399   |      0.150 |      0.262 |    0/150  
		   13/1000 | 0.050000   |    5.78324   |    5.39393   |      0.157 |      0.306 |    1/150  
		   14/1000 | 0.050000   |    5.73830   |    5.62404   |      0.171 |      0.246 |    2/150  
		   15/1000 | 0.050000   |    5.72528   |    5.87918   |      0.174 |      0.175 |    3/150  
		   16/1000 | 0.050000   |    5.74934   |    5.32421   |      0.167 |      0.325 |    4/150  
		   17/1000 | 0.050000   |    5.82316   |    5.69587   |      0.146 |      0.227 |    0/150  
		   18/1000 | 0.050000   |    5.83815   |    5.61389   |      0.141 |      0.248 |    1/150  
		   19/1000 | 0.050000   |    5.78490   |    5.52180   |      0.157 |      0.273 |    2/150  
		   20/1000 | 0.050000   |    5.73395   |    5.82365   |      0.172 |      0.189 |    3/150  
		   21/1000 | 0.050000   |    5.78357   |    5.91736   |      0.157 |      0.163 |    4/150  
		   22/1000 | 0.050000   |    5.73202   |    5.44421   |      0.172 |      0.295 |    5/150  
		   23/1000 | 0.050000   |    5.80344   |    5.42272   |      0.152 |      0.300 |    6/150  
		   24/1000 | 0.050000   |    5.74070   |    5.39095   |      0.170 |      0.309 |    7/150  
		   25/1000 | 0.050000   |    5.81455   |    5.44322   |      0.148 |      0.294 |    8/150  
		   26/1000 | 0.050000   |    5.85463   |    5.77869   |      0.137 |      0.202 |    9/150  
		   27/1000 | 0.050000   |    5.82871   |    5.49661   |      0.144 |      0.281 |   10/150  
		   28/1000 | 0.050000   |    5.77553   |    5.40033   |      0.160 |      0.304 |   11/150  
		   29/1000 | 0.050000   |    5.82554   |    5.37675   |      0.145 |      0.311 |   12/150  
		   30/1000 | 0.050000   |    5.84840   |    5.51221   |      0.138 |      0.275 |   13/150  
		   31/1000 | 0.050000   |    5.83932   |    5.71006   |      0.141 |      0.221 |   14/150  
		   32/1000 | 0.025000   |    5.74316   |    5.43292   |      0.169 |      0.295 |   15/150  
		   33/1000 | 0.025000   |    5.71541   |    5.42351   |      0.177 |      0.299 |   16/150  
		   34/1000 | 0.025000   |    5.68415   |    5.54871   |      0.186 |      0.266 |   17/150  
		   35/1000 | 0.025000   |    5.71304   |    5.39862   |      0.178 |      0.304 |   18/150  
		   36/1000 | 0.025000   |    5.62804   |    5.44909   |      0.202 |      0.292 |   19/150  
		   37/1000 | 0.025000   |    5.74067   |    5.52724   |      0.170 |      0.272 |   20/150  
		   38/1000 | 0.025000   |    5.79156   |    5.37393   |      0.155 |      0.310 |   21/150  
		   39/1000 | 0.025000   |    5.65716   |    5.29755   |      0.194 |      0.331 |   22/150  
		   40/1000 | 0.025000   |    5.70672   |    5.69200   |      0.180 |      0.227 |    0/150  
		   41/1000 | 0.025000   |    5.67059   |    5.33533   |      0.190 |      0.321 |    1/150  
		   42/1000 | 0.025000   |    5.72315   |    5.56738   |      0.175 |      0.260 |    2/150  
		   43/1000 | 0.025000   |    5.68445   |    5.72151   |      0.186 |      0.217 |    3/150  
		   44/1000 | 0.025000   |    5.69314   |    5.41149   |      0.184 |      0.301 |    4/150  
		   45/1000 | 0.025000   |    5.69226   |    5.39549   |      0.184 |      0.307 |    5/150  
		   46/1000 | 0.025000   |    5.69224   |    5.43791   |      0.184 |      0.296 |    6/150  
		   47/1000 | 0.025000   |    5.70713   |    5.35403   |      0.180 |      0.317 |    7/150  
		   48/1000 | 0.025000   |    5.65270   |    5.31730   |      0.195 |      0.325 |    8/150  
		   49/1000 | 0.025000   |    5.51614   |    5.29360   |      0.234 |      0.332 |    9/150  
		   50/1000 | 0.025000   |    5.58864   |    5.27788   |      0.213 |      0.335 |    0/150  
		   51/1000 | 0.025000   |    5.59014   |    5.14763   |      0.213 |      0.368 |    0/150  
		   52/1000 | 0.025000   |    5.58854   |    5.34115   |      0.213 |      0.320 |    0/150  
		   53/1000 | 0.025000   |    5.63112   |    5.31010   |      0.201 |      0.329 |    1/150  
		   54/1000 | 0.025000   |    5.68247   |    5.28205   |      0.187 |      0.336 |    2/150  
		   55/1000 | 0.025000   |    5.58938   |    5.43066   |      0.213 |      0.296 |    3/150  
		   56/1000 | 0.025000   |    5.69262   |    5.35823   |      0.184 |      0.315 |    4/150  
		   57/1000 | 0.025000   |    5.64368   |    5.34297   |      0.198 |      0.320 |    5/150  
		   58/1000 | 0.025000   |    5.56197   |    5.24953   |      0.221 |      0.344 |    6/150  
		   59/1000 | 0.025000   |    5.63908   |    5.43701   |      0.199 |      0.296 |    7/150  
		   60/1000 | 0.025000   |    5.62903   |    5.32224   |      0.202 |      0.324 |    8/150  
		   61/1000 | 0.025000   |    5.66448   |    5.54984   |      0.192 |      0.266 |    9/150  
		   62/1000 | 0.025000   |    5.52522   |    5.44235   |      0.231 |      0.293 |   10/150  
		   63/1000 | 0.025000   |    5.63338   |    5.33089   |      0.201 |      0.321 |   11/150  
		   64/1000 | 0.025000   |    5.64800   |    5.33050   |      0.196 |      0.323 |   12/150  
		   65/1000 | 0.025000   |    5.64156   |    5.31943   |      0.198 |      0.325 |   13/150  
		   66/1000 | 0.025000   |    5.63201   |    5.59402   |      0.201 |      0.252 |   14/150  
		   67/1000 | 0.012500   |    5.61778   |    5.17227   |      0.205 |      0.363 |   15/150  
		   68/1000 | 0.012500   |    5.59200   |    5.27863   |      0.212 |      0.336 |   16/150  
		   69/1000 | 0.012500   |    5.59391   |    5.24364   |      0.212 |      0.346 |   17/150  
		   70/1000 | 0.012500   |    5.58664   |    5.35452   |      0.214 |      0.314 |   18/150  
		   71/1000 | 0.012500   |    5.56411   |    5.24734   |      0.220 |      0.344 |   19/150  
		   72/1000 | 0.012500   |    5.49285   |    5.22878   |      0.240 |      0.347 |   20/150  
		   73/1000 | 0.012500   |    5.53911   |    5.15396   |      0.227 |      0.368 |   21/150  
		   74/1000 | 0.012500   |    5.54210   |    5.33585   |      0.226 |      0.321 |   22/150  
		   75/1000 | 0.012500   |    5.50344   |    5.16197   |      0.237 |      0.365 |   23/150  
		   76/1000 | 0.012500   |    5.56621   |    5.11697   |      0.220 |      0.376 |   24/150  
		   77/1000 | 0.012500   |    5.49484   |    5.27579   |      0.239 |      0.336 |    0/150  
		   78/1000 | 0.012500   |    5.52911   |    5.22580   |      0.230 |      0.350 |    1/150  
		   79/1000 | 0.012500   |    5.53533   |    5.17231   |      0.228 |      0.361 |    2/150  
		   80/1000 | 0.012500   |    5.51883   |    5.16376   |      0.233 |      0.363 |    3/150  
		   81/1000 | 0.012500   |    5.59521   |    5.41610   |      0.211 |      0.300 |    4/150  
		   82/1000 | 0.012500   |    5.53780   |    5.14425   |      0.227 |      0.369 |    5/150  
		   83/1000 | 0.012500   |    5.46950   |    5.20230   |      0.246 |      0.355 |    6/150  
		   84/1000 | 0.012500   |    5.52610   |    5.26239   |      0.231 |      0.340 |    7/150  
		   85/1000 | 0.012500   |    5.52267   |    5.26357   |      0.232 |      0.339 |    8/150  
		   86/1000 | 0.012500   |    5.48556   |    5.16442   |      0.242 |      0.364 |    9/150  
		   87/1000 | 0.012500   |    5.44745   |    5.18205   |      0.252 |      0.360 |   10/150  
		   88/1000 | 0.012500   |    5.53387   |    5.19678   |      0.229 |      0.356 |   11/150  
		   89/1000 | 0.012500   |    5.47687   |    5.12890   |      0.244 |      0.373 |   12/150  
		   90/1000 | 0.012500   |    5.49392   |    5.20860   |      0.240 |      0.354 |   13/150  
		   91/1000 | 0.012500   |    5.48072   |    5.29878   |      0.243 |      0.331 |   14/150  
		   92/1000 | 0.006250   |    5.51517   |    5.28749   |      0.234 |      0.334 |   15/150  
		   93/1000 | 0.006250   |    5.46901   |    5.15973   |      0.247 |      0.365 |   16/150  
		   94/1000 | 0.006250   |    5.44356   |    5.26534   |      0.254 |      0.338 |   17/150  
		   95/1000 | 0.006250   |    5.50790   |    5.16720   |      0.236 |      0.365 |   18/150  
		   96/1000 | 0.006250   |    5.47422   |    5.16810   |      0.245 |      0.363 |   19/150  
		   97/1000 | 0.006250   |    5.57756   |    5.16552   |      0.216 |      0.362 |   20/150  
		   98/1000 | 0.006250   |    5.41683   |    5.14803   |      0.261 |      0.367 |   21/150  
		   99/1000 | 0.006250   |    5.49092   |    5.20061   |      0.241 |      0.355 |   22/150  
		  100/1000 | 0.006250   |    5.50769   |    5.21050   |      0.236 |      0.351 |   23/150  
		  101/1000 | 0.006250   |    5.43782   |    5.23024   |      0.255 |      0.347 |   24/150  
		  102/1000 | 0.006250   |    5.38975   |    5.16506   |      0.268 |      0.364 |   25/150  
		  103/1000 | 0.006250   |    5.50035   |    5.12275   |      0.238 |      0.373 |   26/150  
		  104/1000 | 0.006250   |    5.44941   |    5.18094   |      0.252 |      0.359 |   27/150  
		  105/1000 | 0.006250   |    5.51618   |    5.18158   |      0.233 |      0.360 |   28/150  
		  106/1000 | 0.006250   |    5.47761   |    5.31858   |      0.244 |      0.326 |   29/150  
		  107/1000 | 0.006250   |    5.47060   |    5.14084   |      0.246 |      0.370 |   30/150  
		  108/1000 | 0.006250   |    5.46877   |    5.11550   |      0.247 |      0.377 |   31/150  
		  109/1000 | 0.006250   |    5.43330   |    5.28587   |      0.256 |      0.333 |    0/150  
		  110/1000 | 0.006250   |    5.41708   |    5.09098   |      0.261 |      0.382 |    1/150  
		  111/1000 | 0.006250   |    5.45653   |    5.18419   |      0.250 |      0.360 |    0/150  
		  112/1000 | 0.006250   |    5.40953   |    5.11636   |      0.263 |      0.375 |    1/150  
		  113/1000 | 0.006250   |    5.39829   |    5.15402   |      0.266 |      0.366 |    2/150  
		  114/1000 | 0.006250   |    5.47582   |    5.17646   |      0.245 |      0.360 |    3/150  
		  115/1000 | 0.006250   |    5.40560   |    5.19620   |      0.264 |      0.355 |    4/150  
		  116/1000 | 0.006250   |    5.43252   |    5.16916   |      0.257 |      0.362 |    5/150  
		  117/1000 | 0.006250   |    5.47676   |    5.25293   |      0.244 |      0.341 |    6/150  
		  118/1000 | 0.006250   |    5.36397   |    5.04433   |      0.275 |      0.393 |    7/150  
		  119/1000 | 0.006250   |    5.43292   |    5.14740   |      0.256 |      0.367 |    0/150  
		  120/1000 | 0.006250   |    5.43707   |    5.16611   |      0.255 |      0.363 |    1/150  
		  121/1000 | 0.006250   |    5.49853   |    5.10351   |      0.238 |      0.379 |    2/150  
		  122/1000 | 0.006250   |    5.43512   |    5.26129   |      0.256 |      0.339 |    3/150  
		  123/1000 | 0.006250   |    5.43775   |    5.21915   |      0.255 |      0.350 |    4/150  
		  124/1000 | 0.006250   |    5.44470   |    5.14187   |      0.253 |      0.369 |    5/150  
		  125/1000 | 0.006250   |    5.46426   |    5.08782   |      0.248 |      0.382 |    6/150  
		  126/1000 | 0.006250   |    5.41867   |    5.19950   |      0.260 |      0.355 |    7/150  
		  127/1000 | 0.006250   |    5.45111   |    5.14726   |      0.251 |      0.368 |    8/150  
		  128/1000 | 0.006250   |    5.44780   |    5.07144   |      0.252 |      0.386 |    9/150  
		  129/1000 | 0.006250   |    5.48205   |    5.20676   |      0.243 |      0.352 |   10/150  
		  130/1000 | 0.006250   |    5.36709   |    5.11777   |      0.274 |      0.374 |   11/150  
		  131/1000 | 0.006250   |    5.49657   |    5.09363   |      0.239 |      0.380 |   12/150  
		  132/1000 | 0.006250   |    5.35687   |    5.19039   |      0.277 |      0.357 |   13/150  
		  133/1000 | 0.006250   |    5.44889   |    5.13892   |      0.252 |      0.370 |   14/150  
		  134/1000 | 0.003125   |    5.39947   |    5.16988   |      0.266 |      0.362 |   15/150  
		  135/1000 | 0.003125   |    5.42961   |    5.11852   |      0.257 |      0.374 |   16/150  
		  136/1000 | 0.003125   |    5.44997   |    5.18680   |      0.252 |      0.358 |   17/150  
		  137/1000 | 0.003125   |    5.36453   |    5.17679   |      0.275 |      0.360 |   18/150  
		  138/1000 | 0.003125   |    5.33774   |    5.09599   |      0.282 |      0.380 |   19/150  
		  139/1000 | 0.003125   |    5.38687   |    5.08099   |      0.269 |      0.383 |   20/150  
		  140/1000 | 0.003125   |    5.44922   |    5.19520   |      0.252 |      0.356 |   21/150  
		  141/1000 | 0.003125   |    5.40599   |    5.15417   |      0.264 |      0.366 |   22/150  
		  142/1000 | 0.003125   |    5.38099   |    5.10449   |      0.271 |      0.377 |   23/150  
		  143/1000 | 0.003125   |    5.43092   |    5.18857   |      0.257 |      0.358 |   24/150  
		  144/1000 | 0.003125   |    5.36347   |    5.18393   |      0.275 |      0.359 |   25/150  
		  145/1000 | 0.003125   |    5.39335   |    5.07166   |      0.267 |      0.386 |   26/150  
		  146/1000 | 0.003125   |    5.40492   |    5.18694   |      0.264 |      0.357 |   27/150  
		  147/1000 | 0.003125   |    5.38309   |    5.20676   |      0.270 |      0.352 |   28/150  
		  148/1000 | 0.003125   |    5.40243   |    4.99140   |      0.265 |      0.405 |   29/150  
		                                          ╚══> ✅ SAVED (RMSE: 4.9914)
		  149/1000 | 0.003125   |    5.39440   |    5.12522   |      0.267 |      0.373 |    0/150  
		  150/1000 | 0.003125   |    5.45352   |    5.15040   |      0.251 |      0.367 |    1/150  
		  151/1000 | 0.003125   |    5.42449   |    5.15982   |      0.259 |      0.364 |    2/150  
		  152/1000 | 0.003125   |    5.45258   |    5.24679   |      0.251 |      0.343 |    3/150  
		  153/1000 | 0.003125   |    5.42819   |    5.12835   |      0.258 |      0.371 |    4/150  
		  154/1000 | 0.003125   |    5.42688   |    5.24953   |      0.258 |      0.342 |    5/150  
		  155/1000 | 0.003125   |    5.44398   |    5.18820   |      0.253 |      0.358 |    6/150  
		  156/1000 | 0.003125   |    5.41739   |    5.23979   |      0.261 |      0.345 |    7/150  
		  157/1000 | 0.003125   |    5.38890   |    5.03036   |      0.268 |      0.396 |    8/150  
		  158/1000 | 0.003125   |    5.38620   |    5.15618   |      0.269 |      0.366 |    9/150  
		  159/1000 | 0.003125   |    5.47685   |    5.24782   |      0.244 |      0.342 |   10/150  
		  160/1000 | 0.003125   |    5.36071   |    5.18458   |      0.276 |      0.358 |   11/150  
		  161/1000 | 0.003125   |    5.39316   |    5.13151   |      0.267 |      0.371 |   12/150  
		  162/1000 | 0.003125   |    5.41900   |    5.11442   |      0.260 |      0.375 |   13/150  
		  163/1000 | 0.003125   |    5.42205   |    5.07977   |      0.259 |      0.384 |   14/150  
		  164/1000 | 0.001563   |    5.39332   |    5.05270   |      0.267 |      0.391 |   15/150  
		  165/1000 | 0.001563   |    5.40977   |    5.14568   |      0.263 |      0.368 |   16/150  
		  166/1000 | 0.001563   |    5.41127   |    5.12411   |      0.262 |      0.373 |   17/150  
		  167/1000 | 0.001563   |    5.49118   |    5.21636   |      0.240 |      0.351 |   18/150  
		  168/1000 | 0.001563   |    5.39458   |    5.11813   |      0.267 |      0.375 |   19/150  
		  169/1000 | 0.001563   |    5.30169   |    5.15157   |      0.292 |      0.367 |   20/150  
		  170/1000 | 0.001563   |    5.36194   |    5.20700   |      0.276 |      0.352 |   21/150  
		  171/1000 | 0.001563   |    5.31843   |    5.09418   |      0.287 |      0.379 |   22/150  
		  172/1000 | 0.001563   |    5.41009   |    5.09149   |      0.263 |      0.380 |   23/150  
		  173/1000 | 0.001563   |    5.41214   |    5.10974   |      0.262 |      0.377 |   24/150  
		  174/1000 | 0.001563   |    5.44874   |    5.21182   |      0.252 |      0.352 |   25/150  
		  175/1000 | 0.001563   |    5.37563   |    5.06066   |      0.272 |      0.389 |   26/150  
		  176/1000 | 0.001563   |    5.40418   |    5.08157   |      0.264 |      0.384 |   27/150  
		  177/1000 | 0.001563   |    5.33865   |    5.13008   |      0.282 |      0.372 |   28/150  
		  178/1000 | 0.001563   |    5.46137   |    5.15409   |      0.249 |      0.366 |   29/150  
		  179/1000 | 0.001563   |    5.41030   |    5.21793   |      0.263 |      0.350 |   30/150  
		  180/1000 | 0.000781   |    5.42375   |    5.13481   |      0.259 |      0.370 |   31/150  
		  181/1000 | 0.000781   |    5.43865   |    5.15282   |      0.255 |      0.366 |   32/150  
		  182/1000 | 0.000781   |    5.45295   |    5.18463   |      0.251 |      0.358 |   33/150  
		  183/1000 | 0.000781   |    5.39305   |    5.17093   |      0.267 |      0.361 |   34/150  
		  184/1000 | 0.000781   |    5.44651   |    5.17542   |      0.253 |      0.361 |   35/150  
		  185/1000 | 0.000781   |    5.34421   |    5.04147   |      0.281 |      0.394 |   36/150  
		  186/1000 | 0.000781   |    5.38185   |    5.00999   |      0.270 |      0.401 |   37/150  
		  187/1000 | 0.000781   |    5.41511   |    5.05640   |      0.261 |      0.390 |   38/150  
		  188/1000 | 0.000781   |    5.36194   |    5.11081   |      0.276 |      0.377 |   39/150  
		  189/1000 | 0.000781   |    5.37952   |    5.21619   |      0.271 |      0.351 |   40/150  
		  190/1000 | 0.000781   |    5.39173   |    5.12439   |      0.268 |      0.373 |   41/150  
		  191/1000 | 0.000781   |    5.43539   |    5.11747   |      0.256 |      0.375 |   42/150  
		  192/1000 | 0.000781   |    5.38767   |    5.16561   |      0.269 |      0.363 |   43/150  
		  193/1000 | 0.000781   |    5.43060   |    5.16259   |      0.257 |      0.364 |   44/150  
		  194/1000 | 0.000781   |    5.37509   |    5.12708   |      0.272 |      0.372 |   45/150  
		  195/1000 | 0.000781   |    5.37373   |    5.19030   |      0.273 |      0.356 |   46/150  
		  196/1000 | 0.000391   |    5.26057   |    4.99870   |      0.303 |      0.403 |   47/150  
		  197/1000 | 0.000391   |    5.39971   |    5.11722   |      0.266 |      0.375 |   48/150  
		  198/1000 | 0.000391   |    5.40991   |    5.08760   |      0.263 |      0.382 |   49/150  
		  199/1000 | 0.000391   |    5.39193   |    5.20935   |      0.268 |      0.352 |   50/150  
		  200/1000 | 0.000391   |    5.35921   |    5.20087   |      0.276 |      0.355 |   51/150  
		  201/1000 | 0.000391   |    5.35546   |    5.11969   |      0.278 |      0.374 |   52/150  
		  202/1000 | 0.000391   |    5.37735   |    5.08151   |      0.272 |      0.383 |   53/150  
		  203/1000 | 0.000391   |    5.40276   |    5.11866   |      0.265 |      0.375 |   54/150  
		  204/1000 | 0.000391   |    5.43715   |    5.05435   |      0.255 |      0.390 |   55/150  
		  205/1000 | 0.000391   |    5.45533   |    5.18896   |      0.250 |      0.357 |   56/150  
		  206/1000 | 0.000391   |    5.30845   |    5.15460   |      0.290 |      0.366 |   57/150  
		  207/1000 | 0.000391   |    5.35131   |    5.14469   |      0.279 |      0.368 |   58/150  
		  208/1000 | 0.000391   |    5.35343   |    5.03060   |      0.278 |      0.396 |   59/150  
		  209/1000 | 0.000391   |    5.39765   |    5.21450   |      0.266 |      0.351 |   60/150  
		  210/1000 | 0.000391   |    5.36921   |    5.15044   |      0.274 |      0.366 |   61/150  
		  211/1000 | 0.000391   |    5.30194   |    5.14332   |      0.292 |      0.368 |   62/150  
		  212/1000 | 0.000195   |    5.44735   |    5.11781   |      0.253 |      0.374 |   63/150  
		  213/1000 | 0.000195   |    5.34868   |    5.08705   |      0.279 |      0.382 |   64/150  
		  214/1000 | 0.000195   |    5.42727   |    5.30153   |      0.258 |      0.328 |   65/150  
		  215/1000 | 0.000195   |    5.43217   |    5.13081   |      0.257 |      0.372 |   66/150  
		  216/1000 | 0.000195   |    5.48214   |    5.15217   |      0.243 |      0.366 |   67/150  
		  217/1000 | 0.000195   |    5.33183   |    5.08735   |      0.284 |      0.382 |   68/150  
		  218/1000 | 0.000195   |    5.32043   |    5.18292   |      0.287 |      0.358 |   69/150  
		  219/1000 | 0.000195   |    5.42200   |    5.23543   |      0.259 |      0.345 |   70/150  
		  220/1000 | 0.000195   |    5.43537   |    5.13793   |      0.256 |      0.370 |   71/150  
		  221/1000 | 0.000195   |    5.40539   |    5.06978   |      0.264 |      0.386 |   72/150  
		  222/1000 | 0.000195   |    5.47995   |    5.16515   |      0.244 |      0.362 |   73/150  
		  223/1000 | 0.000195   |    5.39223   |    5.12738   |      0.268 |      0.373 |   74/150  
		  224/1000 | 0.000195   |    5.38160   |    5.07385   |      0.270 |      0.385 |   75/150  
		  225/1000 | 0.000195   |    5.38169   |    5.13451   |      0.270 |      0.370 |   76/150  
		  226/1000 | 0.000195   |    5.47825   |    5.06063   |      0.244 |      0.389 |   77/150  
		  227/1000 | 0.000195   |    5.44901   |    5.03857   |      0.252 |      0.394 |   78/150  
		  228/1000 | 0.000098   |    5.40099   |    5.02761   |      0.265 |      0.396 |   79/150  
		  229/1000 | 0.000098   |    5.40088   |    5.05894   |      0.265 |      0.389 |   80/150  
		  230/1000 | 0.000098   |    5.46014   |    5.01521   |      0.249 |      0.400 |   81/150  
		  231/1000 | 0.000098   |    5.37630   |    5.06862   |      0.272 |      0.387 |   82/150  
		  232/1000 | 0.000098   |    5.40330   |    5.22631   |      0.265 |      0.348 |   83/150  
		  233/1000 | 0.000098   |    5.36979   |    5.21614   |      0.274 |      0.350 |   84/150  
		  234/1000 | 0.000098   |    5.38202   |    5.13885   |      0.270 |      0.369 |   85/150  
		  235/1000 | 0.000098   |    5.41708   |    5.14351   |      0.261 |      0.368 |   86/150  
		  236/1000 | 0.000098   |    5.37991   |    5.15144   |      0.271 |      0.366 |   87/150  
		  237/1000 | 0.000098   |    5.38216   |    5.12722   |      0.270 |      0.372 |   88/150  
		  238/1000 | 0.000098   |    5.40661   |    5.20833   |      0.264 |      0.353 |   89/150  
		  239/1000 | 0.000098   |    5.36878   |    5.27607   |      0.274 |      0.336 |   90/150  
		  240/1000 | 0.000098   |    5.36022   |    5.19416   |      0.276 |      0.356 |   91/150  
		  241/1000 | 0.000098   |    5.27532   |    5.16714   |      0.299 |      0.362 |   92/150  
		  242/1000 | 0.000098   |    5.44963   |    5.08332   |      0.252 |      0.383 |   93/150  
		  243/1000 | 0.000098   |    5.30213   |    5.12603   |      0.292 |      0.373 |   94/150  
		  244/1000 | 0.000049   |    5.41975   |    5.19460   |      0.260 |      0.356 |   95/150  
		  245/1000 | 0.000049   |    5.27887   |    5.06501   |      0.298 |      0.387 |   96/150  
		  246/1000 | 0.000049   |    5.38891   |    5.18794   |      0.268 |      0.358 |   97/150  
		  247/1000 | 0.000049   |    5.41199   |    5.21501   |      0.262 |      0.350 |   98/150  
		  248/1000 | 0.000049   |    5.40239   |    5.17250   |      0.265 |      0.360 |   99/150  
		  249/1000 | 0.000049   |    5.42371   |    5.10461   |      0.259 |      0.378 |  100/150  
		  250/1000 | 0.000049   |    5.42730   |    5.13639   |      0.258 |      0.370 |  101/150  
		  251/1000 | 0.000049   |    5.35351   |    5.16716   |      0.278 |      0.362 |  102/150  
		  252/1000 | 0.000049   |    5.38550   |    5.06600   |      0.269 |      0.387 |  103/150  
		  253/1000 | 0.000049   |    5.32680   |    5.13808   |      0.285 |      0.370 |  104/150  
		  254/1000 | 0.000049   |    5.38669   |    5.15691   |      0.269 |      0.365 |  105/150  
		  255/1000 | 0.000049   |    5.49154   |    5.14611   |      0.240 |      0.367 |  106/150  
		  256/1000 | 0.000049   |    5.29595   |    5.15449   |      0.293 |      0.365 |  107/150  
		  257/1000 | 0.000049   |    5.37298   |    5.01399   |      0.273 |      0.400 |  108/150  
		  258/1000 | 0.000049   |    5.42964   |    5.09457   |      0.257 |      0.381 |  109/150  
		  259/1000 | 0.000049   |    5.35729   |    5.02005   |      0.277 |      0.398 |  110/150  
		  260/1000 | 0.000024   |    5.29032   |    5.17544   |      0.295 |      0.361 |  111/150  
		  261/1000 | 0.000024   |    5.35312   |    5.29302   |      0.278 |      0.331 |  112/150  
		  262/1000 | 0.000024   |    5.38709   |    5.15430   |      0.269 |      0.365 |  113/150  
		  263/1000 | 0.000024   |    5.41494   |    5.03074   |      0.261 |      0.395 |  114/150  
		  264/1000 | 0.000024   |    5.43479   |    5.14480   |      0.256 |      0.368 |  115/150  
		  265/1000 | 0.000024   |    5.33633   |    5.13032   |      0.283 |      0.372 |  116/150  
		  266/1000 | 0.000024   |    5.40703   |    5.16077   |      0.264 |      0.365 |  117/150  
		  267/1000 | 0.000024   |    5.37197   |    5.09061   |      0.273 |      0.381 |  118/150  
		  268/1000 | 0.000024   |    5.32540   |    5.07011   |      0.286 |      0.386 |  119/150  
		  269/1000 | 0.000024   |    5.44345   |    5.08240   |      0.254 |      0.383 |  120/150  
		  270/1000 | 0.000024   |    5.37108   |    5.12652   |      0.273 |      0.373 |  121/150  
		  271/1000 | 0.000024   |    5.43943   |    5.03766   |      0.255 |      0.394 |  122/150  
		  272/1000 | 0.000024   |    5.32035   |    5.09232   |      0.287 |      0.381 |  123/150  
		  273/1000 | 0.000024   |    5.36655   |    5.05309   |      0.275 |      0.391 |  124/150  
		  274/1000 | 0.000024   |    5.37311   |    5.10294   |      0.273 |      0.378 |  125/150  
		  275/1000 | 0.000024   |    5.46147   |    5.13484   |      0.249 |      0.370 |  126/150  
		  276/1000 | 0.000012   |    5.34357   |    5.14624   |      0.281 |      0.367 |  127/150  
		  277/1000 | 0.000012   |    5.31414   |    5.06690   |      0.289 |      0.387 |  128/150  
		  278/1000 | 0.000012   |    5.38169   |    5.17722   |      0.270 |      0.360 |  129/150  
		  279/1000 | 0.000012   |    5.30369   |    5.13681   |      0.291 |      0.370 |  130/150  
		  280/1000 | 0.000012   |    5.44851   |    5.13214   |      0.252 |      0.372 |  131/150  
		  281/1000 | 0.000012   |    5.42131   |    5.00386   |      0.260 |      0.402 |  132/150  
		  282/1000 | 0.000012   |    5.31734   |    5.11712   |      0.288 |      0.375 |  133/150  
		  283/1000 | 0.000012   |    5.30762   |    5.00745   |      0.290 |      0.401 |  134/150  
		  284/1000 | 0.000012   |    5.37883   |    5.08347   |      0.271 |      0.383 |  135/150  
		  285/1000 | 0.000012   |    5.36650   |    5.19943   |      0.275 |      0.355 |  136/150  
		  286/1000 | 0.000012   |    5.32359   |    5.05432   |      0.286 |      0.390 |  137/150  
		  287/1000 | 0.000012   |    5.29403   |    5.12518   |      0.294 |      0.372 |  138/150  
		  288/1000 | 0.000012   |    5.45516   |    5.11177   |      0.250 |      0.376 |  139/150  
		  289/1000 | 0.000012   |    5.41572   |    5.13886   |      0.261 |      0.369 |  140/150  
		  290/1000 | 0.000012   |    5.37882   |    5.04274   |      0.271 |      0.393 |  141/150  
		  291/1000 | 0.000012   |    5.25592   |    5.13858   |      0.304 |      0.369 |  142/150  
		  292/1000 | 0.000006   |    5.41308   |    5.09587   |      0.262 |      0.379 |  143/150  
		  293/1000 | 0.000006   |    5.34311   |    5.15760   |      0.281 |      0.364 |  144/150  
		  294/1000 | 0.000006   |    5.48253   |    5.19760   |      0.243 |      0.354 |  145/150  
		  295/1000 | 0.000006   |    5.49798   |    5.17163   |      0.239 |      0.361 |  146/150  
		  296/1000 | 0.000006   |    5.32404   |    5.25468   |      0.286 |      0.340 |  147/150  
		  297/1000 | 0.000006   |    5.42982   |    5.03667   |      0.257 |      0.394 |  148/150  
		  298/1000 | 0.000006   |    5.40919   |    5.05907   |      0.263 |      0.389 |  149/150  

		Early stopping triggered.
		[INFO] Case 3 completed.
