nohup: ignoring input
Crash diagnostics ON


==================================================
PART 1: Data preprocess for 2023-01-01 00:00:00 to 2024-09-30 23:00:00...
==================================================

	1.1 Preprocessing radiation data...
		[INFO] Radiation data already exists at './data/timeseries/radiation_data.csv'

	1.2 Preprocessing temperature data...
		[INFO] Temperature data already exists at './data/timeseries/temperature_data.csv'

	1.3 Preprocessing building data...
		[INFO] Building data already exists at './data/timeseries/building_data.csv'

	1.4 Preprocessing electricity cost data...
		[INFO] Electricity cost data already exists at './data/timeseries/electricitycostG2B_data.csv' and './data/timeseries/electricitycostG2V_data.csv'

	1.5 Preprocessing battery demand series data...
		[INFO] Found existing battery data at 'data/battery_demandV2/resample_full.csv' and 'data/battery_demandV2/resample_train.csv'

		[INFO] Number of series for clean windows = (168, 37)
		[INFO] Number of eligible series for Case 2 = (1395, 37)
		[INFO] Case 1 exists — loaded battery demand from 'data/battery_demandV2/case1_real_only/battery_demand.npy' with shape (168, 37).
		[INFO] Case 2 exists — loaded battery demand from 'data/battery_demandV2/case2_nan_filled/battery_demand.npy' with shape (1563, 37).
		[INFO] Case 0 exists — loaded battery demand from 'data/battery_demandV2/case0_test/battery_demand.npy' with shape (2, 49).

	1.6 Generating battery schedule...
		[INFO] Case 0 exists — loaded from 'data/battery_demandV2/case0_test/battery_availability.npy' and 'data/battery_demandV2/case0_test/battery_details.npy' shape (2, 272, 48) and (4, 2, 272)
		[INFO] Case 1 exists — loaded from 'data/battery_demandV2/case1_real_only/battery_availability.npy' and 'data/battery_demandV2/case1_real_only/battery_details.npy' shape (168, 237, 36) and (4, 168, 237)
		[INFO] Case 2 exists — loaded from 'data/battery_demandV2/case2_nan_filled/battery_availability.npy' and 'data/battery_demandV2/case2_nan_filled/battery_details.npy' shape (1563, 237, 36) and (4, 1563, 237)
		[ERROR] Could not load battery demand from 'data/battery_demandV2/case3_extended_generated/battery_demand.npy': [Errno 2] No such file or directory: 'data/battery_demandV2/case3_extended_generated/battery_demand.npy'


==================================================
PART 2: MILP Optimization...
==================================================

	2.0 Optimizing Case 0...
		[INFO] Loaded 2 samples from 'data/battery_demandV2/case0_test'
		[INFO] Results already exist at 'data/optimization_resultsV2/case0_test/immediate_charging/V2B.npy'. Skipping immediate_charging run.
		[INFO] Results already exist at 'data/optimization_resultsV2/case0_test/optimization/V2B.npy'. Skipping optimization run.
		[INFO] Case 0 completed.

	2.1 Optimizing Case 1...
		[INFO] Loaded 168 samples from 'data/battery_demandV2/case1_real_only'
		[INFO] Results already exist at 'data/optimization_resultsV2/case1_real_only/immediate_charging/V2B.npy'. Skipping immediate_charging run.
		[INFO] Results already exist at 'data/optimization_resultsV2/case1_real_only/optimization/V2B.npy'. Skipping optimization run.
		[INFO] Case 1 completed.

	2.2 Optimizing Case 2...
		[INFO] Loaded 1563 samples from 'data/battery_demandV2/case2_nan_filled'
		[INFO] Results already exist at 'data/optimization_resultsV2/case2_nan_filled/immediate_charging/V2B.npy'. Skipping immediate_charging run.
		[INFO] Results already exist at 'data/optimization_resultsV2/case2_nan_filled/optimization/V2B.npy'. Skipping optimization run.
		[INFO] Case 2 completed.


==================================================
PART 3: Supervised Learning...
==================================================

	3.2 Training Case 2...

=== Starting Training Run: STAF_currentSOC_CASE2 ===
Device: cuda
		[INFO] Starting Preprocessing for Case 2...
		[INFO] Unique quantized indices: 28274
		[INFO] Suggested num_embeddings: 33928
		[INFO] Generating sliding windows...
shape current)_soc: (76,)
shape priority: (76,)
shape current)_soc: (76,)
shape priority: (76,)
shape current)_soc: (76,)
shape priority: (76,)
shape current)_soc: (76,)
shape priority: (76,)
shape current)_soc: (76,)
shape priority: (76,)
shape current)_soc: (76,)
shape priority: (76,)
shape current)_soc: (76,)
shape priority: (76,)
shape current)_soc: (76,)
shape priority: (76,)
shape current)_soc: (76,)
shape priority: (76,)
shape current)_soc: (76,)
shape priority: (76,)
shape current)_soc: (76,)
shape priority: (76,)
shape current)_soc: (76,)
shape priority: (76,)
shape current)_soc: (76,)
shape priority: (76,)
shape current)_soc: (76,)
shape priority: (76,)
shape current)_soc: (76,)
shape priority: (76,)
shape current)_soc: (76,)
shape priority: (76,)
shape current)_soc: (76,)
shape priority: (76,)
shape current)_soc: (76,)
shape priority: (76,)
shape current)_soc: (76,)
shape priority: (76,)
shape current)_soc: (76,)
shape priority: (76,)
shape current)_soc: (76,)
shape priority: (76,)
shape current)_soc: (76,)
shape priority: (76,)
shape current)_soc: (76,)
shape priority: (76,)
shape current)_soc: (76,)
shape priority: (76,)
shape current)_soc: (76,)
shape priority: (76,)
shape current)_soc: (76,)
shape priority: (76,)
shape current)_soc: (76,)
shape priority: (76,)
shape current)_soc: (76,)
shape priority: (76,)
shape current)_soc: (76,)
shape priority: (76,)
shape current)_soc: (76,)
shape priority: (76,)
shape current)_soc: (76,)
shape priority: (76,)
shape current)_soc: (76,)
shape priority: (76,)
shape current)_soc: (76,)
shape priority: (76,)
shape current)_soc: (76,)
shape priority: (76,)
shape current)_soc: (76,)
shape priority: (76,)
shape current)_soc: (76,)
shape priority: (76,)
shape current)_soc: (76,)
shape priority: (76,)
shape current)_soc: (76,)
shape priority: (76,)
shape current)_soc: (76,)
shape priority: (76,)
shape current)_soc: (76,)
shape priority: (76,)
shape current)_soc: (76,)
shape priority: (76,)
shape current)_soc: (76,)
shape priority: (76,)
shape current)_soc: (76,)
shape priority: (76,)
shape current)_soc: (76,)
shape priority: (76,)
shape current)_soc: (76,)
shape priority: (76,)
shape current)_soc: (76,)
shape priority: (76,)
shape current)_soc: (76,)
shape priority: (76,)
shape current)_soc: (76,)
shape priority: (76,)
shape current)_soc: (76,)
shape priority: (76,)
shape current)_soc: (76,)
shape priority: (76,)
shape current)_soc: (76,)
shape priority: (76,)
shape current)_soc: (76,)
shape priority: (76,)
shape current)_soc: (76,)
shape priority: (76,)
shape current)_soc: (76,)
shape priority: (76,)
shape current)_soc: (76,)
shape priority: (76,)
shape current)_soc: (76,)
shape priority: (76,)
shape current)_soc: (76,)
shape priority: (76,)
shape current)_soc: (76,)
shape priority: (76,)
shape current)_soc: (76,)
shape priority: (76,)
shape current)_soc: (76,)
shape priority: (76,)
shape current)_soc: (76,)
shape priority: (76,)
shape current)_soc: (76,)
shape priority: (76,)
shape current)_soc: (76,)
shape priority: (76,)
shape current)_soc: (76,)
shape priority: (76,)
shape current)_soc: (76,)
shape priority: (76,)
shape current)_soc: (76,)
shape priority: (76,)
shape current)_soc: (76,)
shape priority: (76,)
shape current)_soc: (76,)
shape priority: (76,)
shape current)_soc: (76,)
shape priority: (76,)
shape current)_soc: (76,)
shape priority: (76,)
shape current)_soc: (76,)
shape priority: (76,)
shape current)_soc: (76,)
shape priority: (76,)
shape current)_soc: (76,)
shape priority: (76,)
shape current)_soc: (76,)
shape priority: (76,)
shape current)_soc: (76,)
shape priority: (76,)
shape current)_soc: (76,)
shape priority: (76,)
shape current)_soc: (76,)
shape priority: (76,)
shape current)_soc: (76,)
shape priority: (76,)
shape current)_soc: (76,)
shape priority: (76,)
shape current)_soc: (76,)
shape priority: (76,)
shape current)_soc: (76,)
shape priority: (76,)
shape current)_soc: (76,)
shape priority: (76,)
shape current)_soc: (76,)
shape priority: (76,)
shape current)_soc: (76,)
shape priority: (76,)
shape current)_soc: (76,)
shape priority: (76,)
shape current)_soc: (76,)
shape priority: (76,)
shape current)_soc: (76,)
shape priority: (76,)
shape current)_soc: (76,)
shape priority: (76,)
shape current)_soc: (76,)
shape priority: (76,)
shape current)_soc: (76,)
shape priority: (76,)
shape current)_soc: (76,)
shape priority: (76,)
shape current)_soc: (76,)
shape priority: (76,)
shape current)_soc: (76,)
shape priority: (76,)
shape current)_soc: (76,)
shape priority: (76,)
shape current)_soc: (76,)
shape priority: (76,)
shape current)_soc: (76,)
shape priority: (76,)
shape current)_soc: (76,)
shape priority: (76,)
shape current)_soc: (76,)
shape priority: (76,)
shape current)_soc: (76,)
shape priority: (76,)
shape current)_soc: (76,)
shape priority: (76,)
shape current)_soc: (76,)
shape priority: (76,)
shape current)_soc: (76,)
shape priority: (76,)
shape current)_soc: (76,)
shape priority: (76,)
shape current)_soc: (76,)
shape priority: (76,)
shape current)_soc: (76,)
shape priority: (76,)
shape current)_soc: (76,)
shape priority: (76,)
shape current)_soc: (76,)
shape priority: (76,)
shape current)_soc: (76,)
shape priority: (76,)
shape current)_soc: (76,)
shape priority: (76,)
shape current)_soc: (76,)
shape priority: (76,)
shape current)_soc: (76,)
shape priority: (76,)
shape current)_soc: (76,)
shape priority: (76,)
shape current)_soc: (76,)
shape priority: (76,)
shape current)_soc: (76,)
shape priority: (76,)
shape current)_soc: (76,)
shape priority: (76,)
shape current)_soc: (76,)
shape priority: (76,)
shape current)_soc: (76,)
shape priority: (76,)
shape current)_soc: (76,)
shape priority: (76,)
shape current)_soc: (76,)
shape priority: (76,)
shape current)_soc: (76,)
shape priority: (76,)
shape current)_soc: (76,)
shape priority: (76,)
shape current)_soc: (76,)
shape priority: (76,)
shape current)_soc: (76,)
shape priority: (76,)
shape current)_soc: (76,)
shape priority: (76,)
shape current)_soc: (76,)
shape priority: (76,)
shape current)_soc: (76,)
shape priority: (76,)
shape current)_soc: (76,)
shape priority: (76,)
shape current)_soc: (76,)
shape priority: (76,)
shape current)_soc: (76,)
shape priority: (76,)
shape current)_soc: (76,)
shape priority: (76,)
shape current)_soc: (76,)
shape priority: (76,)
shape current)_soc: (76,)
shape priority: (76,)
shape current)_soc: (76,)
shape priority: (76,)
shape current)_soc: (76,)
shape priority: (76,)
shape current)_soc: (76,)
shape priority: (76,)
shape current)_soc: (76,)
shape priority: (76,)
shape current)_soc: (76,)
shape priority: (76,)
shape current)_soc: (76,)
shape priority: (76,)
shape current)_soc: (76,)
shape priority: (76,)
shape current)_soc: (76,)
shape priority: (76,)
shape current)_soc: (76,)
shape priority: (76,)
shape current)_soc: (76,)
shape priority: (76,)
shape current)_soc: (76,)
shape priority: (76,)
shape current)_soc: (76,)
shape priority: (76,)
shape current)_soc: (76,)
shape priority: (76,)
shape current)_soc: (76,)
shape priority: (76,)
shape current)_soc: (76,)
shape priority: (76,)
shape current)_soc: (76,)
shape priority: (76,)
shape current)_soc: (76,)
shape priority: (76,)
shape current)_soc: (76,)
shape priority: (76,)
shape current)_soc: (76,)
shape priority: (76,)
shape current)_soc: (76,)
shape priority: (76,)
shape current)_soc: (76,)
shape priority: (76,)
shape current)_soc: (76,)
shape priority: (76,)
shape current)_soc: (76,)
shape priority: (76,)
shape current)_soc: (76,)
shape priority: (76,)
shape current)_soc: (76,)
shape priority: (76,)
shape current)_soc: (76,)
shape priority: (76,)
shape current)_soc: (76,)
shape priority: (76,)
shape current)_soc: (76,)
shape priority: (76,)
shape current)_soc: (76,)
shape priority: (76,)
shape current)_soc: (76,)
shape priority: (76,)
shape current)_soc: (76,)
shape priority: (76,)
shape current)_soc: (76,)
shape priority: (76,)
shape current)_soc: (76,)
shape priority: (76,)
shape current)_soc: (76,)
shape priority: (76,)
shape current)_soc: (76,)
shape priority: (76,)
shape current)_soc: (76,)
shape priority: (76,)
shape current)_soc: (76,)
shape priority: (76,)
shape current)_soc: (76,)
shape priority: (76,)
shape current)_soc: (76,)
shape priority: (76,)
shape current)_soc: (76,)
shape priority: (76,)
shape current)_soc: (76,)
shape priority: (76,)
shape current)_soc: (76,)
shape priority: (76,)
shape current)_soc: (76,)
shape priority: (76,)
shape current)_soc: (76,)
shape priority: (76,)
shape current)_soc: (76,)
shape priority: (76,)
shape current)_soc: (76,)
shape priority: (76,)
shape current)_soc: (76,)
shape priority: (76,)
shape current)_soc: (76,)
shape priority: (76,)
shape current)_soc: (76,)
shape priority: (76,)
shape current)_soc: (76,)
shape priority: (76,)
shape current)_soc: (76,)
shape priority: (76,)
shape current)_soc: (76,)
shape priority: (76,)
shape current)_soc: (76,)
shape priority: (76,)
shape current)_soc: (76,)
shape priority: (76,)
shape current)_soc: (76,)
shape priority: (76,)
shape current)_soc: (76,)
shape priority: (76,)
shape current)_soc: (76,)
shape priority: (76,)
shape current)_soc: (76,)
shape priority: (76,)
shape current)_soc: (76,)
shape priority: (76,)
shape current)_soc: (76,)
shape priority: (76,)
shape current)_soc: (76,)
shape priority: (76,)
shape current)_soc: (76,)
shape priority: (76,)
shape current)_soc: (76,)
shape priority: (76,)
shape current)_soc: (76,)
shape priority: (76,)
shape current)_soc: (76,)
shape priority: (76,)
shape current)_soc: (76,)
shape priority: (76,)
shape current)_soc: (76,)
shape priority: (76,)
shape current)_soc: (76,)
shape priority: (76,)
shape current)_soc: (76,)
shape priority: (76,)
shape current)_soc: (76,)
shape priority: (76,)
shape current)_soc: (76,)
shape priority: (76,)
shape current)_soc: (76,)
shape priority: (76,)
shape current)_soc: (76,)
shape priority: (76,)
shape current)_soc: (76,)
shape priority: (76,)
shape current)_soc: (76,)
shape priority: (76,)
shape current)_soc: (76,)
shape priority: (76,)
shape current)_soc: (76,)
shape priority: (76,)
shape current)_soc: (76,)
shape priority: (76,)
shape current)_soc: (76,)
shape priority: (76,)
shape current)_soc: (76,)
shape priority: (76,)
shape current)_soc: (76,)
shape priority: (76,)
shape current)_soc: (76,)
shape priority: (76,)
shape current)_soc: (76,)
shape priority: (76,)
shape current)_soc: (76,)
shape priority: (76,)
shape current)_soc: (76,)
shape priority: (76,)
shape current)_soc: (76,)
shape priority: (76,)
shape current)_soc: (76,)
shape priority: (76,)
shape current)_soc: (76,)
shape priority: (76,)
shape current)_soc: (76,)
shape priority: (76,)
shape current)_soc: (76,)
shape priority: (76,)
shape current)_soc: (76,)
shape priority: (76,)
shape current)_soc: (76,)
shape priority: (76,)
shape current)_soc: (76,)
shape priority: (76,)
shape current)_soc: (76,)
shape priority: (76,)
shape current)_soc: (76,)
shape priority: (76,)
shape current)_soc: (76,)
shape priority: (76,)
shape current)_soc: (76,)
shape priority: (76,)
shape current)_soc: (76,)
shape priority: (76,)
shape current)_soc: (76,)
shape priority: (76,)
shape current)_soc: (76,)
shape priority: (76,)
shape current)_soc: (76,)
shape priority: (76,)
shape current)_soc: (76,)
shape priority: (76,)
shape current)_soc: (76,)
shape priority: (76,)
shape current)_soc: (76,)
shape priority: (76,)
shape current)_soc: (76,)
shape priority: (76,)
shape current)_soc: (76,)
shape priority: (76,)
shape current)_soc: (76,)
shape priority: (76,)
shape current)_soc: (76,)
shape priority: (76,)
shape current)_soc: (76,)
shape priority: (76,)
shape current)_soc: (76,)
shape priority: (76,)
shape current)_soc: (76,)
shape priority: (76,)
shape current)_soc: (76,)
shape priority: (76,)
shape current)_soc: (76,)
shape priority: (76,)
shape current)_soc: (76,)
shape priority: (76,)
shape current)_soc: (76,)
shape priority: (76,)
shape current)_soc: (76,)
shape priority: (76,)
shape current)_soc: (76,)
shape priority: (76,)
shape current)_soc: (76,)
shape priority: (76,)
shape current)_soc: (76,)
shape priority: (76,)
shape current)_soc: (76,)
shape priority: (76,)
shape current)_soc: (76,)
shape priority: (76,)
shape current)_soc: (76,)
shape priority: (76,)
shape current)_soc: (76,)
shape priority: (76,)
shape current)_soc: (76,)
shape priority: (76,)
shape current)_soc: (76,)
shape priority: (76,)
shape current)_soc: (76,)
shape priority: (76,)
shape current)_soc: (76,)
shape priority: (76,)
shape current)_soc: (76,)
shape priority: (76,)
shape current)_soc: (76,)
shape priority: (76,)
shape current)_soc: (76,)
shape priority: (76,)
shape current)_soc: (76,)
shape priority: (76,)
shape current)_soc: (76,)
shape priority: (76,)
shape current)_soc: (76,)
shape priority: (76,)
shape current)_soc: (76,)
shape priority: (76,)
shape current)_soc: (76,)
shape priority: (76,)
shape current)_soc: (76,)
shape priority: (76,)
shape current)_soc: (76,)
shape priority: (76,)
shape current)_soc: (76,)
shape priority: (76,)
shape current)_soc: (76,)
shape priority: (76,)
shape current)_soc: (76,)
shape priority: (76,)
shape current)_soc: (76,)
shape priority: (76,)
shape current)_soc: (76,)
shape priority: (76,)
shape current)_soc: (76,)
shape priority: (76,)
shape current)_soc: (76,)
shape priority: (76,)
shape current)_soc: (76,)
shape priority: (76,)
shape current)_soc: (76,)
shape priority: (76,)
shape current)_soc: (76,)
shape priority: (76,)
shape current)_soc: (76,)
shape priority: (76,)
shape current)_soc: (76,)
shape priority: (76,)
shape current)_soc: (76,)
shape priority: (76,)
shape current)_soc: (76,)
shape priority: (76,)
shape current)_soc: (76,)
shape priority: (76,)
shape current)_soc: (76,)
shape priority: (76,)
shape current)_soc: (76,)
shape priority: (76,)
shape current)_soc: (76,)
shape priority: (76,)
shape current)_soc: (76,)
shape priority: (76,)
shape current)_soc: (76,)
shape priority: (76,)
shape current)_soc: (76,)
shape priority: (76,)
shape current)_soc: (76,)
shape priority: (76,)
shape current)_soc: (76,)
shape priority: (76,)
shape current)_soc: (76,)
shape priority: (76,)
shape current)_soc: (76,)
shape priority: (76,)
shape current)_soc: (76,)
shape priority: (76,)
shape current)_soc: (76,)
shape priority: (76,)
shape current)_soc: (76,)
shape priority: (76,)
shape current)_soc: (76,)
shape priority: (76,)
shape current)_soc: (76,)
shape priority: (76,)
shape current)_soc: (76,)
shape priority: (76,)
shape current)_soc: (76,)
shape priority: (76,)
shape current)_soc: (76,)
shape priority: (76,)
shape current)_soc: (76,)
shape priority: (76,)
shape current)_soc: (76,)
shape priority: (76,)
shape current)_soc: (76,)
shape priority: (76,)
shape current)_soc: (76,)
shape priority: (76,)
shape current)_soc: (76,)
shape priority: (76,)
shape current)_soc: (76,)
shape priority: (76,)
shape current)_soc: (76,)
shape priority: (76,)
shape current)_soc: (76,)
shape priority: (76,)
shape current)_soc: (76,)
shape priority: (76,)
shape current)_soc: (76,)
shape priority: (76,)
shape current)_soc: (76,)
shape priority: (76,)
shape current)_soc: (76,)
shape priority: (76,)
shape current)_soc: (76,)
shape priority: (76,)
shape current)_soc: (76,)
shape priority: (76,)
shape current)_soc: (76,)
shape priority: (76,)
shape current)_soc: (76,)
shape priority: (76,)
shape current)_soc: (76,)
shape priority: (76,)
shape current)_soc: (76,)
shape priority: (76,)
shape current)_soc: (76,)
shape priority: (76,)
shape current)_soc: (76,)
shape priority: (76,)
shape current)_soc: (76,)
shape priority: (76,)
shape current)_soc: (76,)
shape priority: (76,)
shape current)_soc: (76,)
shape priority: (76,)
shape current)_soc: (76,)
shape priority: (76,)
shape current)_soc: (76,)
shape priority: (76,)
shape current)_soc: (76,)
shape priority: (76,)
shape current)_soc: (76,)
shape priority: (76,)
shape current)_soc: (76,)
shape priority: (76,)
shape current)_soc: (76,)
shape priority: (76,)
shape current)_soc: (76,)
shape priority: (76,)
shape current)_soc: (76,)
shape priority: (76,)
shape current)_soc: (76,)
shape priority: (76,)
shape current)_soc: (76,)
shape priority: (76,)
shape current)_soc: (76,)
shape priority: (76,)
shape current)_soc: (76,)
shape priority: (76,)
shape current)_soc: (76,)
shape priority: (76,)
shape current)_soc: (76,)
shape priority: (76,)
shape current)_soc: (76,)
shape priority: (76,)
shape current)_soc: (76,)
shape priority: (76,)
shape current)_soc: (76,)
shape priority: (76,)
shape current)_soc: (76,)
shape priority: (76,)
shape current)_soc: (76,)
shape priority: (76,)
shape current)_soc: (76,)
shape priority: (76,)
shape current)_soc: (76,)
shape priority: (76,)
shape current)_soc: (76,)
shape priority: (76,)
shape current)_soc: (76,)
shape priority: (76,)
shape current)_soc: (76,)
shape priority: (76,)
shape current)_soc: (76,)
shape priority: (76,)
shape current)_soc: (76,)
shape priority: (76,)
shape current)_soc: (76,)
shape priority: (76,)
shape current)_soc: (76,)
shape priority: (76,)
shape current)_soc: (76,)
shape priority: (76,)
shape current)_soc: (76,)
shape priority: (76,)
shape current)_soc: (76,)
shape priority: (76,)
shape current)_soc: (76,)
shape priority: (76,)
shape current)_soc: (76,)
shape priority: (76,)
shape current)_soc: (76,)
shape priority: (76,)
shape current)_soc: (76,)
shape priority: (76,)
shape current)_soc: (76,)
shape priority: (76,)
shape current)_soc: (76,)
shape priority: (76,)
shape current)_soc: (76,)
shape priority: (76,)
shape current)_soc: (76,)
shape priority: (76,)
shape current)_soc: (76,)
shape priority: (76,)
shape current)_soc: (76,)
shape priority: (76,)
shape current)_soc: (76,)
shape priority: (76,)
shape current)_soc: (76,)
shape priority: (76,)
shape current)_soc: (76,)
shape priority: (76,)
shape current)_soc: (76,)
shape priority: (76,)
shape current)_soc: (76,)
shape priority: (76,)
shape current)_soc: (76,)
shape priority: (76,)
shape current)_soc: (76,)
shape priority: (76,)
shape current)_soc: (76,)
shape priority: (76,)
shape current)_soc: (76,)
shape priority: (76,)
shape current)_soc: (76,)
shape priority: (76,)
shape current)_soc: (76,)
shape priority: (76,)
shape current)_soc: (76,)
shape priority: (76,)
shape current)_soc: (76,)
shape priority: (76,)
shape current)_soc: (76,)
shape priority: (76,)
shape current)_soc: (76,)
shape priority: (76,)
shape current)_soc: (76,)
shape priority: (76,)
shape current)_soc: (76,)
shape priority: (76,)
shape current)_soc: (76,)
shape priority: (76,)
shape current)_soc: (76,)
shape priority: (76,)
shape current)_soc: (76,)
shape priority: (76,)
shape current)_soc: (76,)
shape priority: (76,)
shape current)_soc: (76,)
shape priority: (76,)
shape current)_soc: (76,)
shape priority: (76,)
shape current)_soc: (76,)
shape priority: (76,)
shape current)_soc: (76,)
shape priority: (76,)
shape current)_soc: (76,)
shape priority: (76,)
shape current)_soc: (76,)
shape priority: (76,)
shape current)_soc: (76,)
shape priority: (76,)
shape current)_soc: (76,)
shape priority: (76,)
shape current)_soc: (76,)
shape priority: (76,)
shape current)_soc: (76,)
shape priority: (76,)
shape current)_soc: (76,)
shape priority: (76,)
shape current)_soc: (76,)
shape priority: (76,)
shape current)_soc: (76,)
shape priority: (76,)
shape current)_soc: (76,)
shape priority: (76,)
shape current)_soc: (76,)
shape priority: (76,)
shape current)_soc: (76,)
shape priority: (76,)
shape current)_soc: (76,)
shape priority: (76,)
shape current)_soc: (76,)
shape priority: (76,)
shape current)_soc: (76,)
shape priority: (76,)
shape current)_soc: (76,)
shape priority: (76,)
shape current)_soc: (76,)
shape priority: (76,)
shape current)_soc: (76,)
shape priority: (76,)
shape current)_soc: (76,)
shape priority: (76,)
shape current)_soc: (76,)
shape priority: (76,)
shape current)_soc: (76,)
shape priority: (76,)
shape current)_soc: (76,)
shape priority: (76,)
shape current)_soc: (76,)
shape priority: (76,)
shape current)_soc: (76,)
shape priority: (76,)
shape current)_soc: (76,)
shape priority: (76,)
shape current)_soc: (76,)
shape priority: (76,)
shape current)_soc: (76,)
shape priority: (76,)
shape current)_soc: (76,)
shape priority: (76,)
shape current)_soc: (76,)
shape priority: (76,)
shape current)_soc: (76,)
shape priority: (76,)
shape current)_soc: (76,)
shape priority: (76,)
shape current)_soc: (76,)
shape priority: (76,)
shape current)_soc: (76,)
shape priority: (76,)
shape current)_soc: (76,)
shape priority: (76,)
shape current)_soc: (76,)
shape priority: (76,)
shape current)_soc: (76,)
shape priority: (76,)
shape current)_soc: (76,)
shape priority: (76,)
shape current)_soc: (76,)
shape priority: (76,)
shape current)_soc: (76,)
shape priority: (76,)
shape current)_soc: (76,)
shape priority: (76,)
shape current)_soc: (76,)
shape priority: (76,)
shape current)_soc: (76,)
shape priority: (76,)
shape current)_soc: (76,)
shape priority: (76,)
shape current)_soc: (76,)
shape priority: (76,)
shape current)_soc: (76,)
shape priority: (76,)
shape current)_soc: (76,)
shape priority: (76,)
shape current)_soc: (76,)
shape priority: (76,)
shape current)_soc: (76,)
shape priority: (76,)
shape current)_soc: (76,)
shape priority: (76,)
shape current)_soc: (76,)
shape priority: (76,)
shape current)_soc: (76,)
shape priority: (76,)
shape current)_soc: (76,)
shape priority: (76,)
shape current)_soc: (76,)
shape priority: (76,)
shape current)_soc: (76,)
shape priority: (76,)
shape current)_soc: (76,)
shape priority: (76,)
shape current)_soc: (76,)
shape priority: (76,)
shape current)_soc: (76,)
shape priority: (76,)
shape current)_soc: (76,)
shape priority: (76,)
shape current)_soc: (76,)
shape priority: (76,)
shape current)_soc: (76,)
shape priority: (76,)
shape current)_soc: (76,)
shape priority: (76,)
shape current)_soc: (76,)
shape priority: (76,)
shape current)_soc: (76,)
shape priority: (76,)
shape current)_soc: (76,)
shape priority: (76,)
shape current)_soc: (76,)
shape priority: (76,)
shape current)_soc: (76,)
shape priority: (76,)
shape current)_soc: (76,)
shape priority: (76,)
shape current)_soc: (76,)
shape priority: (76,)
shape current)_soc: (76,)
shape priority: (76,)
shape current)_soc: (76,)
shape priority: (76,)
shape current)_soc: (76,)
shape priority: (76,)
shape current)_soc: (76,)
shape priority: (76,)
shape current)_soc: (76,)
shape priority: (76,)
shape current)_soc: (76,)
shape priority: (76,)
shape current)_soc: (76,)
shape priority: (76,)
shape current)_soc: (76,)
shape priority: (76,)
shape current)_soc: (76,)
shape priority: (76,)
shape current)_soc: (76,)
shape priority: (76,)
shape current)_soc: (76,)
shape priority: (76,)
shape current)_soc: (76,)
shape priority: (76,)
shape current)_soc: (76,)
shape priority: (76,)
shape current)_soc: (76,)
shape priority: (76,)
shape current)_soc: (76,)
shape priority: (76,)
shape current)_soc: (76,)
shape priority: (76,)
shape current)_soc: (76,)
shape priority: (76,)
shape current)_soc: (76,)
shape priority: (76,)
shape current)_soc: (76,)
shape priority: (76,)
shape current)_soc: (76,)
shape priority: (76,)
shape current)_soc: (76,)
shape priority: (76,)
shape current)_soc: (76,)
shape priority: (76,)
shape current)_soc: (76,)
shape priority: (76,)
shape current)_soc: (76,)
shape priority: (76,)
shape current)_soc: (76,)
shape priority: (76,)
shape current)_soc: (76,)
shape priority: (76,)
shape current)_soc: (76,)
shape priority: (76,)
shape current)_soc: (76,)
shape priority: (76,)
shape current)_soc: (76,)
shape priority: (76,)
shape current)_soc: (76,)
shape priority: (76,)
shape current)_soc: (76,)
shape priority: (76,)
shape current)_soc: (76,)
shape priority: (76,)
shape current)_soc: (76,)
shape priority: (76,)
shape current)_soc: (76,)
shape priority: (76,)
shape current)_soc: (76,)
shape priority: (76,)
shape current)_soc: (76,)
shape priority: (76,)
shape current)_soc: (76,)
shape priority: (76,)
shape current)_soc: (76,)
shape priority: (76,)
shape current)_soc: (76,)
shape priority: (76,)
shape current)_soc: (76,)
shape priority: (76,)
shape current)_soc: (76,)
shape priority: (76,)
shape current)_soc: (76,)
shape priority: (76,)
shape current)_soc: (76,)
shape priority: (76,)
shape current)_soc: (76,)
shape priority: (76,)
shape current)_soc: (76,)
shape priority: (76,)
shape current)_soc: (76,)
shape priority: (76,)
shape current)_soc: (76,)
shape priority: (76,)
shape current)_soc: (76,)
shape priority: (76,)
shape current)_soc: (76,)
shape priority: (76,)
shape current)_soc: (76,)
shape priority: (76,)
shape current)_soc: (76,)
shape priority: (76,)
shape current)_soc: (76,)
shape priority: (76,)
shape current)_soc: (76,)
shape priority: (76,)
shape current)_soc: (76,)
shape priority: (76,)
shape current)_soc: (76,)
shape priority: (76,)
shape current)_soc: (76,)
shape priority: (76,)
shape current)_soc: (76,)
shape priority: (76,)
shape current)_soc: (76,)
shape priority: (76,)
shape current)_soc: (76,)
shape priority: (76,)
shape current)_soc: (76,)
shape priority: (76,)
shape current)_soc: (76,)
shape priority: (76,)
shape current)_soc: (76,)
shape priority: (76,)
shape current)_soc: (76,)
shape priority: (76,)
shape current)_soc: (76,)
shape priority: (76,)
shape current)_soc: (76,)
shape priority: (76,)
shape current)_soc: (76,)
shape priority: (76,)
shape current)_soc: (76,)
shape priority: (76,)
shape current)_soc: (76,)
shape priority: (76,)
shape current)_soc: (76,)
shape priority: (76,)
shape current)_soc: (76,)
shape priority: (76,)
shape current)_soc: (76,)
shape priority: (76,)
shape current)_soc: (76,)
shape priority: (76,)
shape current)_soc: (76,)
shape priority: (76,)
shape current)_soc: (76,)
shape priority: (76,)
shape current)_soc: (76,)
shape priority: (76,)
shape current)_soc: (76,)
shape priority: (76,)
shape current)_soc: (76,)
shape priority: (76,)
shape current)_soc: (76,)
shape priority: (76,)
shape current)_soc: (76,)
shape priority: (76,)
shape current)_soc: (76,)
shape priority: (76,)
shape current)_soc: (76,)
shape priority: (76,)
shape current)_soc: (76,)
shape priority: (76,)
shape current)_soc: (76,)
shape priority: (76,)
shape current)_soc: (76,)
shape priority: (76,)
shape current)_soc: (76,)
shape priority: (76,)
shape current)_soc: (76,)
shape priority: (76,)
shape current)_soc: (76,)
shape priority: (76,)
shape current)_soc: (76,)
shape priority: (76,)
shape current)_soc: (76,)
shape priority: (76,)
shape current)_soc: (76,)
shape priority: (76,)
shape current)_soc: (76,)
shape priority: (76,)
shape current)_soc: (76,)
shape priority: (76,)
shape current)_soc: (76,)
shape priority: (76,)
shape current)_soc: (76,)
shape priority: (76,)
shape current)_soc: (76,)
shape priority: (76,)
shape current)_soc: (76,)
shape priority: (76,)
shape current)_soc: (76,)
shape priority: (76,)
shape current)_soc: (76,)
shape priority: (76,)
shape current)_soc: (76,)
shape priority: (76,)
shape current)_soc: (76,)
shape priority: (76,)
shape current)_soc: (76,)
shape priority: (76,)
shape current)_soc: (76,)
shape priority: (76,)
shape current)_soc: (76,)
shape priority: (76,)
shape current)_soc: (76,)
shape priority: (76,)
shape current)_soc: (76,)
shape priority: (76,)
shape current)_soc: (76,)
shape priority: (76,)
shape current)_soc: (76,)
shape priority: (76,)
shape current)_soc: (76,)
shape priority: (76,)
shape current)_soc: (76,)
shape priority: (76,)
shape current)_soc: (76,)
shape priority: (76,)
shape current)_soc: (76,)
shape priority: (76,)
shape current)_soc: (76,)
shape priority: (76,)
shape current)_soc: (76,)
shape priority: (76,)
shape current)_soc: (76,)
shape priority: (76,)
shape current)_soc: (76,)
shape priority: (76,)
shape current)_soc: (76,)
shape priority: (76,)
shape current)_soc: (76,)
shape priority: (76,)
shape current)_soc: (76,)
shape priority: (76,)
shape current)_soc: (76,)
shape priority: (76,)
shape current)_soc: (76,)
shape priority: (76,)
shape current)_soc: (76,)
shape priority: (76,)
shape current)_soc: (76,)
shape priority: (76,)
shape current)_soc: (76,)
shape priority: (76,)
shape current)_soc: (76,)
shape priority: (76,)
shape current)_soc: (76,)
shape priority: (76,)
shape current)_soc: (76,)
shape priority: (76,)
shape current)_soc: (76,)
shape priority: (76,)
shape current)_soc: (76,)
shape priority: (76,)
shape current)_soc: (76,)
shape priority: (76,)
shape current)_soc: (76,)
shape priority: (76,)
shape current)_soc: (76,)
shape priority: (76,)
shape current)_soc: (76,)
shape priority: (76,)
shape current)_soc: (76,)
shape priority: (76,)
shape current)_soc: (76,)
shape priority: (76,)
shape current)_soc: (76,)
shape priority: (76,)
shape current)_soc: (76,)
shape priority: (76,)
shape current)_soc: (76,)
shape priority: (76,)
shape current)_soc: (76,)
shape priority: (76,)
shape current)_soc: (76,)
shape priority: (76,)
shape current)_soc: (76,)
shape priority: (76,)
shape current)_soc: (76,)
shape priority: (76,)
shape current)_soc: (76,)
shape priority: (76,)
shape current)_soc: (76,)
shape priority: (76,)
shape current)_soc: (76,)
shape priority: (76,)
shape current)_soc: (76,)
shape priority: (76,)
shape current)_soc: (76,)
shape priority: (76,)
shape current)_soc: (76,)
shape priority: (76,)
shape current)_soc: (76,)
shape priority: (76,)
shape current)_soc: (76,)
shape priority: (76,)
shape current)_soc: (76,)
shape priority: (76,)
shape current)_soc: (76,)
shape priority: (76,)
shape current)_soc: (76,)
shape priority: (76,)
shape current)_soc: (76,)
shape priority: (76,)
shape current)_soc: (76,)
shape priority: (76,)
shape current)_soc: (76,)
shape priority: (76,)
shape current)_soc: (76,)
shape priority: (76,)
shape current)_soc: (76,)
shape priority: (76,)
shape current)_soc: (76,)
shape priority: (76,)
shape current)_soc: (76,)
shape priority: (76,)
shape current)_soc: (76,)
shape priority: (76,)
shape current)_soc: (76,)
shape priority: (76,)
shape current)_soc: (76,)
shape priority: (76,)
shape current)_soc: (76,)
shape priority: (76,)
shape current)_soc: (76,)
shape priority: (76,)
shape current)_soc: (76,)
shape priority: (76,)
shape current)_soc: (76,)
shape priority: (76,)
shape current)_soc: (76,)
shape priority: (76,)
shape current)_soc: (76,)
shape priority: (76,)
shape current)_soc: (76,)
shape priority: (76,)
shape current)_soc: (76,)
shape priority: (76,)
shape current)_soc: (76,)
shape priority: (76,)
shape current)_soc: (76,)
shape priority: (76,)
shape current)_soc: (76,)
shape priority: (76,)
shape current)_soc: (76,)
shape priority: (76,)
shape current)_soc: (76,)
shape priority: (76,)
shape current)_soc: (76,)
shape priority: (76,)
shape current)_soc: (76,)
shape priority: (76,)
shape current)_soc: (76,)
shape priority: (76,)
shape current)_soc: (76,)
shape priority: (76,)
shape current)_soc: (76,)
shape priority: (76,)
shape current)_soc: (76,)
shape priority: (76,)
shape current)_soc: (76,)
shape priority: (76,)
shape current)_soc: (76,)
shape priority: (76,)
shape current)_soc: (76,)
shape priority: (76,)
shape current)_soc: (76,)
shape priority: (76,)
shape current)_soc: (76,)
shape priority: (76,)
shape current)_soc: (76,)
shape priority: (76,)
shape current)_soc: (76,)
shape priority: (76,)
shape current)_soc: (76,)
shape priority: (76,)
shape current)_soc: (76,)
shape priority: (76,)
shape current)_soc: (76,)
shape priority: (76,)
shape current)_soc: (76,)
shape priority: (76,)
shape current)_soc: (76,)
shape priority: (76,)
shape current)_soc: (76,)
shape priority: (76,)
shape current)_soc: (76,)
shape priority: (76,)
shape current)_soc: (76,)
shape priority: (76,)
shape current)_soc: (76,)
shape priority: (76,)
shape current)_soc: (76,)
shape priority: (76,)
shape current)_soc: (76,)
shape priority: (76,)
shape current)_soc: (76,)
shape priority: (76,)
shape current)_soc: (76,)
shape priority: (76,)
shape current)_soc: (76,)
shape priority: (76,)
shape current)_soc: (76,)
shape priority: (76,)
shape current)_soc: (76,)
shape priority: (76,)
shape current)_soc: (76,)
shape priority: (76,)
shape current)_soc: (76,)
shape priority: (76,)
shape current)_soc: (76,)
shape priority: (76,)
shape current)_soc: (76,)
shape priority: (76,)
shape current)_soc: (76,)
shape priority: (76,)
shape current)_soc: (76,)
shape priority: (76,)
shape current)_soc: (76,)
shape priority: (76,)
shape current)_soc: (76,)
shape priority: (76,)
shape current)_soc: (76,)
shape priority: (76,)
shape current)_soc: (76,)
shape priority: (76,)
shape current)_soc: (76,)
shape priority: (76,)
shape current)_soc: (76,)
shape priority: (76,)
shape current)_soc: (76,)
shape priority: (76,)
shape current)_soc: (76,)
shape priority: (76,)
shape current)_soc: (76,)
shape priority: (76,)
shape current)_soc: (76,)
shape priority: (76,)
shape current)_soc: (76,)
shape priority: (76,)
shape current)_soc: (76,)
shape priority: (76,)
shape current)_soc: (76,)
shape priority: (76,)
shape current)_soc: (76,)
shape priority: (76,)
shape current)_soc: (76,)
shape priority: (76,)
shape current)_soc: (76,)
shape priority: (76,)
shape current)_soc: (76,)
shape priority: (76,)
shape current)_soc: (76,)
shape priority: (76,)
shape current)_soc: (76,)
shape priority: (76,)
shape current)_soc: (76,)
shape priority: (76,)
shape current)_soc: (76,)
shape priority: (76,)
shape current)_soc: (76,)
shape priority: (76,)
shape current)_soc: (76,)
shape priority: (76,)
shape current)_soc: (76,)
shape priority: (76,)
shape current)_soc: (76,)
shape priority: (76,)
shape current)_soc: (76,)
shape priority: (76,)
shape current)_soc: (76,)
shape priority: (76,)
shape current)_soc: (76,)
shape priority: (76,)
shape current)_soc: (76,)
shape priority: (76,)
shape current)_soc: (76,)
shape priority: (76,)
shape current)_soc: (76,)
shape priority: (76,)
shape current)_soc: (76,)
shape priority: (76,)
shape current)_soc: (76,)
shape priority: (76,)
shape current)_soc: (76,)
shape priority: (76,)
shape current)_soc: (76,)
shape priority: (76,)
shape current)_soc: (76,)
shape priority: (76,)
shape current)_soc: (76,)
shape priority: (76,)
shape current)_soc: (76,)
shape priority: (76,)
shape current)_soc: (76,)
shape priority: (76,)
shape current)_soc: (76,)
shape priority: (76,)
shape current)_soc: (76,)
shape priority: (76,)
shape current)_soc: (76,)
shape priority: (76,)
shape current)_soc: (76,)
shape priority: (76,)
shape current)_soc: (76,)
shape priority: (76,)
shape current)_soc: (76,)
shape priority: (76,)
shape current)_soc: (76,)
shape priority: (76,)
shape current)_soc: (76,)
shape priority: (76,)
shape current)_soc: (76,)
shape priority: (76,)
shape current)_soc: (76,)
shape priority: (76,)
shape current)_soc: (76,)
shape priority: (76,)
shape current)_soc: (76,)
shape priority: (76,)
shape current)_soc: (76,)
shape priority: (76,)
shape current)_soc: (76,)
shape priority: (76,)
shape current)_soc: (76,)
shape priority: (76,)
shape current)_soc: (76,)
shape priority: (76,)
shape current)_soc: (76,)
shape priority: (76,)
shape current)_soc: (76,)
shape priority: (76,)
shape current)_soc: (76,)
shape priority: (76,)
shape current)_soc: (76,)
shape priority: (76,)
shape current)_soc: (76,)
shape priority: (76,)
shape current)_soc: (76,)
shape priority: (76,)
shape current)_soc: (76,)
shape priority: (76,)
shape current)_soc: (76,)
shape priority: (76,)
shape current)_soc: (76,)
shape priority: (76,)
shape current)_soc: (76,)
shape priority: (76,)
shape current)_soc: (76,)
shape priority: (76,)
shape current)_soc: (76,)
shape priority: (76,)
shape current)_soc: (76,)
shape priority: (76,)
shape current)_soc: (76,)
shape priority: (76,)
shape current)_soc: (76,)
shape priority: (76,)
shape current)_soc: (76,)
shape priority: (76,)
shape current)_soc: (76,)
shape priority: (76,)
shape current)_soc: (76,)
shape priority: (76,)
shape current)_soc: (76,)
shape priority: (76,)
shape current)_soc: (76,)
shape priority: (76,)
shape current)_soc: (76,)
shape priority: (76,)
shape current)_soc: (76,)
shape priority: (76,)
shape current)_soc: (76,)
shape priority: (76,)
shape current)_soc: (76,)
shape priority: (76,)
shape current)_soc: (76,)
shape priority: (76,)
shape current)_soc: (76,)
shape priority: (76,)
shape current)_soc: (76,)
shape priority: (76,)
shape current)_soc: (76,)
shape priority: (76,)
shape current)_soc: (76,)
shape priority: (76,)
shape current)_soc: (76,)
shape priority: (76,)
shape current)_soc: (76,)
shape priority: (76,)
shape current)_soc: (76,)
shape priority: (76,)
shape current)_soc: (76,)
shape priority: (76,)
shape current)_soc: (76,)
shape priority: (76,)
shape current)_soc: (76,)
shape priority: (76,)
shape current)_soc: (76,)
shape priority: (76,)
shape current)_soc: (76,)
shape priority: (76,)
shape current)_soc: (76,)
shape priority: (76,)
shape current)_soc: (76,)
shape priority: (76,)
shape current)_soc: (76,)
shape priority: (76,)
shape current)_soc: (76,)
shape priority: (76,)
shape current)_soc: (76,)
shape priority: (76,)
shape current)_soc: (76,)
shape priority: (76,)
shape current)_soc: (76,)
shape priority: (76,)
shape current)_soc: (76,)
shape priority: (76,)
shape current)_soc: (76,)
shape priority: (76,)
shape current)_soc: (76,)
shape priority: (76,)
shape current)_soc: (76,)
shape priority: (76,)
shape current)_soc: (76,)
shape priority: (76,)
shape current)_soc: (76,)
shape priority: (76,)
shape current)_soc: (76,)
shape priority: (76,)
shape current)_soc: (76,)
shape priority: (76,)
shape current)_soc: (76,)
shape priority: (76,)
shape current)_soc: (76,)
shape priority: (76,)
shape current)_soc: (76,)
shape priority: (76,)
shape current)_soc: (76,)
shape priority: (76,)
shape current)_soc: (76,)
shape priority: (76,)
shape current)_soc: (76,)
shape priority: (76,)
shape current)_soc: (76,)
shape priority: (76,)
shape current)_soc: (76,)
shape priority: (76,)
shape current)_soc: (76,)
shape priority: (76,)
shape current)_soc: (76,)
shape priority: (76,)
shape current)_soc: (76,)
shape priority: (76,)
shape current)_soc: (76,)
shape priority: (76,)
shape current)_soc: (76,)
shape priority: (76,)
shape current)_soc: (76,)
shape priority: (76,)
shape current)_soc: (76,)
shape priority: (76,)
shape current)_soc: (76,)
shape priority: (76,)
shape current)_soc: (76,)
shape priority: (76,)
shape current)_soc: (76,)
shape priority: (76,)
shape current)_soc: (76,)
shape priority: (76,)
shape current)_soc: (76,)
shape priority: (76,)
shape current)_soc: (76,)
shape priority: (76,)
shape current)_soc: (76,)
shape priority: (76,)
shape current)_soc: (76,)
shape priority: (76,)
shape current)_soc: (76,)
shape priority: (76,)
shape current)_soc: (76,)
shape priority: (76,)
shape current)_soc: (76,)
shape priority: (76,)
shape current)_soc: (76,)
shape priority: (76,)
shape current)_soc: (76,)
shape priority: (76,)
shape current)_soc: (76,)
shape priority: (76,)
shape current)_soc: (76,)
shape priority: (76,)
shape current)_soc: (76,)
shape priority: (76,)
shape current)_soc: (76,)
shape priority: (76,)
shape current)_soc: (76,)
shape priority: (76,)
shape current)_soc: (76,)
shape priority: (76,)
shape current)_soc: (76,)
shape priority: (76,)
shape current)_soc: (76,)
shape priority: (76,)
shape current)_soc: (76,)
shape priority: (76,)
shape current)_soc: (76,)
shape priority: (76,)
shape current)_soc: (76,)
shape priority: (76,)
shape current)_soc: (76,)
shape priority: (76,)
shape current)_soc: (76,)
shape priority: (76,)
shape current)_soc: (76,)
shape priority: (76,)
shape current)_soc: (76,)
shape priority: (76,)
shape current)_soc: (76,)
shape priority: (76,)
shape current)_soc: (76,)
shape priority: (76,)
shape current)_soc: (76,)
shape priority: (76,)
shape current)_soc: (76,)
shape priority: (76,)
shape current)_soc: (76,)
shape priority: (76,)
shape current)_soc: (76,)
shape priority: (76,)
shape current)_soc: (76,)
shape priority: (76,)
shape current)_soc: (76,)
shape priority: (76,)
shape current)_soc: (76,)
shape priority: (76,)
shape current)_soc: (76,)
shape priority: (76,)
shape current)_soc: (76,)
shape priority: (76,)
shape current)_soc: (76,)
shape priority: (76,)
shape current)_soc: (76,)
shape priority: (76,)
shape current)_soc: (76,)
shape priority: (76,)
shape current)_soc: (76,)
shape priority: (76,)
shape current)_soc: (76,)
shape priority: (76,)
shape current)_soc: (76,)
shape priority: (76,)
shape current)_soc: (76,)
shape priority: (76,)
shape current)_soc: (76,)
shape priority: (76,)
shape current)_soc: (76,)
shape priority: (76,)
shape current)_soc: (76,)
shape priority: (76,)
shape current)_soc: (76,)
shape priority: (76,)
shape current)_soc: (76,)
shape priority: (76,)
shape current)_soc: (76,)
shape priority: (76,)
shape current)_soc: (76,)
shape priority: (76,)
shape current)_soc: (76,)
shape priority: (76,)
shape current)_soc: (76,)
shape priority: (76,)
shape current)_soc: (76,)
shape priority: (76,)
shape current)_soc: (76,)
shape priority: (76,)
shape current)_soc: (76,)
shape priority: (76,)
shape current)_soc: (76,)
shape priority: (76,)
shape current)_soc: (76,)
shape priority: (76,)
shape current)_soc: (76,)
shape priority: (76,)
shape current)_soc: (76,)
shape priority: (76,)
shape current)_soc: (76,)
shape priority: (76,)
shape current)_soc: (76,)
shape priority: (76,)
shape current)_soc: (76,)
shape priority: (76,)
shape current)_soc: (76,)
shape priority: (76,)
shape current)_soc: (76,)
shape priority: (76,)
shape current)_soc: (76,)
shape priority: (76,)
shape current)_soc: (76,)
shape priority: (76,)
shape current)_soc: (76,)
shape priority: (76,)
shape current)_soc: (76,)
shape priority: (76,)
shape current)_soc: (76,)
shape priority: (76,)
shape current)_soc: (76,)
shape priority: (76,)
shape current)_soc: (76,)
shape priority: (76,)
shape current)_soc: (76,)
shape priority: (76,)
shape current)_soc: (76,)
shape priority: (76,)
shape current)_soc: (76,)
shape priority: (76,)
shape current)_soc: (76,)
shape priority: (76,)
shape current)_soc: (76,)
shape priority: (76,)
shape current)_soc: (76,)
shape priority: (76,)
shape current)_soc: (76,)
shape priority: (76,)
shape current)_soc: (76,)
shape priority: (76,)
shape current)_soc: (76,)
shape priority: (76,)
shape current)_soc: (76,)
shape priority: (76,)
shape current)_soc: (76,)
shape priority: (76,)
shape current)_soc: (76,)
shape priority: (76,)
shape current)_soc: (76,)
shape priority: (76,)
shape current)_soc: (76,)
shape priority: (76,)
shape current)_soc: (76,)
shape priority: (76,)
shape current)_soc: (76,)
shape priority: (76,)
shape current)_soc: (76,)
shape priority: (76,)
shape current)_soc: (76,)
shape priority: (76,)
shape current)_soc: (76,)
shape priority: (76,)
shape current)_soc: (76,)
shape priority: (76,)
shape current)_soc: (76,)
shape priority: (76,)
shape current)_soc: (76,)
shape priority: (76,)
shape current)_soc: (76,)
shape priority: (76,)
shape current)_soc: (76,)
shape priority: (76,)
shape current)_soc: (76,)
shape priority: (76,)
shape current)_soc: (76,)
shape priority: (76,)
shape current)_soc: (76,)
shape priority: (76,)
shape current)_soc: (76,)
shape priority: (76,)
shape current)_soc: (76,)
shape priority: (76,)
shape current)_soc: (76,)
shape priority: (76,)
shape current)_soc: (76,)
shape priority: (76,)
shape current)_soc: (76,)
shape priority: (76,)
shape current)_soc: (76,)
shape priority: (76,)
shape current)_soc: (76,)
shape priority: (76,)
shape current)_soc: (76,)
shape priority: (76,)
shape current)_soc: (76,)
shape priority: (76,)
shape current)_soc: (76,)
shape priority: (76,)
shape current)_soc: (76,)
shape priority: (76,)
shape current)_soc: (76,)
shape priority: (76,)
shape current)_soc: (76,)
shape priority: (76,)
shape current)_soc: (76,)
shape priority: (76,)
shape current)_soc: (76,)
shape priority: (76,)
shape current)_soc: (76,)
shape priority: (76,)
shape current)_soc: (76,)
shape priority: (76,)
shape current)_soc: (76,)
shape priority: (76,)
shape current)_soc: (76,)
shape priority: (76,)
shape current)_soc: (76,)
shape priority: (76,)
shape current)_soc: (76,)
shape priority: (76,)
shape current)_soc: (76,)
shape priority: (76,)
shape current)_soc: (76,)
shape priority: (76,)
shape current)_soc: (76,)
shape priority: (76,)
shape current)_soc: (76,)
shape priority: (76,)
shape current)_soc: (76,)
shape priority: (76,)
shape current)_soc: (76,)
shape priority: (76,)
shape current)_soc: (76,)
shape priority: (76,)
shape current)_soc: (76,)
shape priority: (76,)
shape current)_soc: (76,)
shape priority: (76,)
shape current)_soc: (76,)
shape priority: (76,)
shape current)_soc: (76,)
shape priority: (76,)
shape current)_soc: (76,)
shape priority: (76,)
shape current)_soc: (76,)
shape priority: (76,)
shape current)_soc: (76,)
shape priority: (76,)
shape current)_soc: (76,)
shape priority: (76,)
shape current)_soc: (76,)
shape priority: (76,)
shape current)_soc: (76,)
shape priority: (76,)
shape current)_soc: (76,)
shape priority: (76,)
shape current)_soc: (76,)
shape priority: (76,)
shape current)_soc: (76,)
shape priority: (76,)
shape current)_soc: (76,)
shape priority: (76,)
shape current)_soc: (76,)
shape priority: (76,)
shape current)_soc: (76,)
shape priority: (76,)
shape current)_soc: (76,)
shape priority: (76,)
shape current)_soc: (76,)
shape priority: (76,)
shape current)_soc: (76,)
shape priority: (76,)
shape current)_soc: (76,)
shape priority: (76,)
shape current)_soc: (76,)
shape priority: (76,)
shape current)_soc: (76,)
shape priority: (76,)
shape current)_soc: (76,)
shape priority: (76,)
shape current)_soc: (76,)
shape priority: (76,)
shape current)_soc: (76,)
shape priority: (76,)
shape current)_soc: (76,)
shape priority: (76,)
shape current)_soc: (76,)
shape priority: (76,)
shape current)_soc: (76,)
shape priority: (76,)
shape current)_soc: (76,)
shape priority: (76,)
shape current)_soc: (76,)
shape priority: (76,)
shape current)_soc: (76,)
shape priority: (76,)
shape current)_soc: (76,)
shape priority: (76,)
shape current)_soc: (76,)
shape priority: (76,)
shape current)_soc: (76,)
shape priority: (76,)
shape current)_soc: (76,)
shape priority: (76,)
shape current)_soc: (76,)
shape priority: (76,)
shape current)_soc: (76,)
shape priority: (76,)
shape current)_soc: (76,)
shape priority: (76,)
shape current)_soc: (76,)
shape priority: (76,)
shape current)_soc: (76,)
shape priority: (76,)
shape current)_soc: (76,)
shape priority: (76,)
shape current)_soc: (76,)
shape priority: (76,)
shape current)_soc: (76,)
shape priority: (76,)
shape current)_soc: (76,)
shape priority: (76,)
shape current)_soc: (76,)
shape priority: (76,)
shape current)_soc: (76,)
shape priority: (76,)
shape current)_soc: (76,)
shape priority: (76,)
shape current)_soc: (76,)
shape priority: (76,)
shape current)_soc: (76,)
shape priority: (76,)
shape current)_soc: (76,)
shape priority: (76,)
shape current)_soc: (76,)
shape priority: (76,)
shape current)_soc: (76,)
shape priority: (76,)
shape current)_soc: (76,)
shape priority: (76,)
shape current)_soc: (76,)
shape priority: (76,)
shape current)_soc: (76,)
shape priority: (76,)
shape current)_soc: (76,)
shape priority: (76,)
shape current)_soc: (76,)
shape priority: (76,)
shape current)_soc: (76,)
shape priority: (76,)
shape current)_soc: (76,)
shape priority: (76,)
shape current)_soc: (76,)
shape priority: (76,)
shape current)_soc: (76,)
shape priority: (76,)
shape current)_soc: (76,)
shape priority: (76,)
shape current)_soc: (76,)
shape priority: (76,)
shape current)_soc: (76,)
shape priority: (76,)
shape current)_soc: (76,)
shape priority: (76,)
shape current)_soc: (76,)
shape priority: (76,)
shape current)_soc: (76,)
shape priority: (76,)
shape current)_soc: (76,)
shape priority: (76,)
shape current)_soc: (76,)
shape priority: (76,)
shape current)_soc: (76,)
shape priority: (76,)
shape current)_soc: (76,)
shape priority: (76,)
shape current)_soc: (76,)
shape priority: (76,)
shape current)_soc: (76,)
shape priority: (76,)
shape current)_soc: (76,)
shape priority: (76,)
shape current)_soc: (76,)
shape priority: (76,)
shape current)_soc: (76,)
shape priority: (76,)
shape current)_soc: (76,)
shape priority: (76,)
shape current)_soc: (76,)
shape priority: (76,)
shape current)_soc: (76,)
shape priority: (76,)
shape current)_soc: (76,)
shape priority: (76,)
shape current)_soc: (76,)
shape priority: (76,)
shape current)_soc: (76,)
shape priority: (76,)
shape current)_soc: (76,)
shape priority: (76,)
shape current)_soc: (76,)
shape priority: (76,)
shape current)_soc: (76,)
shape priority: (76,)
shape current)_soc: (76,)
shape priority: (76,)
shape current)_soc: (76,)
shape priority: (76,)
shape current)_soc: (76,)
shape priority: (76,)
shape current)_soc: (76,)
shape priority: (76,)
shape current)_soc: (76,)
shape priority: (76,)
shape current)_soc: (76,)
shape priority: (76,)
shape current)_soc: (76,)
shape priority: (76,)
shape current)_soc: (76,)
shape priority: (76,)
shape current)_soc: (76,)
shape priority: (76,)
shape current)_soc: (76,)
shape priority: (76,)
shape current)_soc: (76,)
shape priority: (76,)
shape current)_soc: (76,)
shape priority: (76,)
shape current)_soc: (76,)
shape priority: (76,)
shape current)_soc: (76,)
shape priority: (76,)
shape current)_soc: (76,)
shape priority: (76,)
shape current)_soc: (76,)
shape priority: (76,)
shape current)_soc: (76,)
shape priority: (76,)
shape current)_soc: (76,)
shape priority: (76,)
shape current)_soc: (76,)
shape priority: (76,)
shape current)_soc: (76,)
shape priority: (76,)
shape current)_soc: (76,)
shape priority: (76,)
shape current)_soc: (76,)
shape priority: (76,)
shape current)_soc: (76,)
shape priority: (76,)
shape current)_soc: (76,)
shape priority: (76,)
shape current)_soc: (76,)
shape priority: (76,)
shape current)_soc: (76,)
shape priority: (76,)
shape current)_soc: (76,)
shape priority: (76,)
shape current)_soc: (76,)
shape priority: (76,)
shape current)_soc: (76,)
shape priority: (76,)
shape current)_soc: (76,)
shape priority: (76,)
shape current)_soc: (76,)
shape priority: (76,)
shape current)_soc: (76,)
shape priority: (76,)
shape current)_soc: (76,)
shape priority: (76,)
shape current)_soc: (76,)
shape priority: (76,)
shape current)_soc: (76,)
shape priority: (76,)
shape current)_soc: (76,)
shape priority: (76,)
shape current)_soc: (76,)
shape priority: (76,)
shape current)_soc: (76,)
shape priority: (76,)
shape current)_soc: (76,)
shape priority: (76,)
shape current)_soc: (76,)
shape priority: (76,)
shape current)_soc: (76,)
shape priority: (76,)
shape current)_soc: (76,)
shape priority: (76,)
shape current)_soc: (76,)
shape priority: (76,)
shape current)_soc: (76,)
shape priority: (76,)
shape current)_soc: (76,)
shape priority: (76,)
shape current)_soc: (76,)
shape priority: (76,)
shape current)_soc: (76,)
shape priority: (76,)
shape current)_soc: (76,)
shape priority: (76,)
shape current)_soc: (76,)
shape priority: (76,)
shape current)_soc: (76,)
shape priority: (76,)
shape current)_soc: (76,)
shape priority: (76,)
shape current)_soc: (76,)
shape priority: (76,)
shape current)_soc: (76,)
shape priority: (76,)
shape current)_soc: (76,)
shape priority: (76,)
shape current)_soc: (76,)
shape priority: (76,)
shape current)_soc: (76,)
shape priority: (76,)
shape current)_soc: (76,)
shape priority: (76,)
shape current)_soc: (76,)
shape priority: (76,)
shape current)_soc: (76,)
shape priority: (76,)
shape current)_soc: (76,)
shape priority: (76,)
shape current)_soc: (76,)
shape priority: (76,)
shape current)_soc: (76,)
shape priority: (76,)
shape current)_soc: (76,)
shape priority: (76,)
shape current)_soc: (76,)
shape priority: (76,)
shape current)_soc: (76,)
shape priority: (76,)
shape current)_soc: (76,)
shape priority: (76,)
shape current)_soc: (76,)
shape priority: (76,)
shape current)_soc: (76,)
shape priority: (76,)
shape current)_soc: (76,)
shape priority: (76,)
shape current)_soc: (76,)
shape priority: (76,)
shape current)_soc: (76,)
shape priority: (76,)
shape current)_soc: (76,)
shape priority: (76,)
shape current)_soc: (76,)
shape priority: (76,)
shape current)_soc: (76,)
shape priority: (76,)
shape current)_soc: (76,)
shape priority: (76,)
shape current)_soc: (76,)
shape priority: (76,)
shape current)_soc: (76,)
shape priority: (76,)
shape current)_soc: (76,)
shape priority: (76,)
shape current)_soc: (76,)
shape priority: (76,)
shape current)_soc: (76,)
shape priority: (76,)
shape current)_soc: (76,)
shape priority: (76,)
shape current)_soc: (76,)
shape priority: (76,)
shape current)_soc: (76,)
shape priority: (76,)
shape current)_soc: (76,)
shape priority: (76,)
shape current)_soc: (76,)
shape priority: (76,)
shape current)_soc: (76,)
shape priority: (76,)
shape current)_soc: (76,)
shape priority: (76,)
shape current)_soc: (76,)
shape priority: (76,)
shape current)_soc: (76,)
shape priority: (76,)
shape current)_soc: (76,)
shape priority: (76,)
shape current)_soc: (76,)
shape priority: (76,)
shape current)_soc: (76,)
shape priority: (76,)
shape current)_soc: (76,)
shape priority: (76,)
shape current)_soc: (76,)
shape priority: (76,)
shape current)_soc: (76,)
shape priority: (76,)
shape current)_soc: (76,)
shape priority: (76,)
shape current)_soc: (76,)
shape priority: (76,)
shape current)_soc: (76,)
shape priority: (76,)
shape current)_soc: (76,)
shape priority: (76,)
shape current)_soc: (76,)
shape priority: (76,)
shape current)_soc: (76,)
shape priority: (76,)
shape current)_soc: (76,)
shape priority: (76,)
shape current)_soc: (76,)
shape priority: (76,)
shape current)_soc: (76,)
shape priority: (76,)
shape current)_soc: (76,)
shape priority: (76,)
shape current)_soc: (76,)
shape priority: (76,)
shape current)_soc: (76,)
shape priority: (76,)
shape current)_soc: (76,)
shape priority: (76,)
shape current)_soc: (76,)
shape priority: (76,)
shape current)_soc: (76,)
shape priority: (76,)
shape current)_soc: (76,)
shape priority: (76,)
shape current)_soc: (76,)
shape priority: (76,)
shape current)_soc: (76,)
shape priority: (76,)
shape current)_soc: (76,)
shape priority: (76,)
shape current)_soc: (76,)
shape priority: (76,)
shape current)_soc: (76,)
shape priority: (76,)
shape current)_soc: (76,)
shape priority: (76,)
shape current)_soc: (76,)
shape priority: (76,)
shape current)_soc: (76,)
shape priority: (76,)
shape current)_soc: (76,)
shape priority: (76,)
shape current)_soc: (76,)
shape priority: (76,)
shape current)_soc: (76,)
shape priority: (76,)
shape current)_soc: (76,)
shape priority: (76,)
shape current)_soc: (76,)
shape priority: (76,)
shape current)_soc: (76,)
shape priority: (76,)
shape current)_soc: (76,)
shape priority: (76,)
shape current)_soc: (76,)
shape priority: (76,)
shape current)_soc: (76,)
shape priority: (76,)
shape current)_soc: (76,)
shape priority: (76,)
shape current)_soc: (76,)
shape priority: (76,)
shape current)_soc: (76,)
shape priority: (76,)
shape current)_soc: (76,)
shape priority: (76,)
shape current)_soc: (76,)
shape priority: (76,)
shape current)_soc: (76,)
shape priority: (76,)
shape current)_soc: (76,)
shape priority: (76,)
shape current)_soc: (76,)
shape priority: (76,)
shape current)_soc: (76,)
shape priority: (76,)
shape current)_soc: (76,)
shape priority: (76,)
shape current)_soc: (76,)
shape priority: (76,)
shape current)_soc: (76,)
shape priority: (76,)
shape current)_soc: (76,)
shape priority: (76,)
shape current)_soc: (76,)
shape priority: (76,)
shape current)_soc: (76,)
shape priority: (76,)
shape current)_soc: (76,)
shape priority: (76,)
shape current)_soc: (76,)
shape priority: (76,)
shape current)_soc: (76,)
shape priority: (76,)
shape current)_soc: (76,)
shape priority: (76,)
shape current)_soc: (76,)
shape priority: (76,)
shape current)_soc: (76,)
shape priority: (76,)
shape current)_soc: (76,)
shape priority: (76,)
shape current)_soc: (76,)
shape priority: (76,)
shape current)_soc: (76,)
shape priority: (76,)
shape current)_soc: (76,)
shape priority: (76,)
shape current)_soc: (76,)
shape priority: (76,)
shape current)_soc: (76,)
shape priority: (76,)
shape current)_soc: (76,)
shape priority: (76,)
shape current)_soc: (76,)
shape priority: (76,)
shape current)_soc: (76,)
shape priority: (76,)
shape current)_soc: (76,)
shape priority: (76,)
shape current)_soc: (76,)
shape priority: (76,)
shape current)_soc: (76,)
shape priority: (76,)
shape current)_soc: (76,)
shape priority: (76,)
shape current)_soc: (76,)
shape priority: (76,)
shape current)_soc: (76,)
shape priority: (76,)
shape current)_soc: (76,)
shape priority: (76,)
shape current)_soc: (76,)
shape priority: (76,)
shape current)_soc: (76,)
shape priority: (76,)
shape current)_soc: (76,)
shape priority: (76,)
shape current)_soc: (76,)
shape priority: (76,)
shape current)_soc: (76,)
shape priority: (76,)
shape current)_soc: (76,)
shape priority: (76,)
shape current)_soc: (76,)
shape priority: (76,)
shape current)_soc: (76,)
shape priority: (76,)
shape current)_soc: (76,)
shape priority: (76,)
shape current)_soc: (76,)
shape priority: (76,)
shape current)_soc: (76,)
shape priority: (76,)
shape current)_soc: (76,)
shape priority: (76,)
shape current)_soc: (76,)
shape priority: (76,)
shape current)_soc: (76,)
shape priority: (76,)
shape current)_soc: (76,)
shape priority: (76,)
shape current)_soc: (76,)
shape priority: (76,)
shape current)_soc: (76,)
shape priority: (76,)
shape current)_soc: (76,)
shape priority: (76,)
shape current)_soc: (76,)
shape priority: (76,)
shape current)_soc: (76,)
shape priority: (76,)
shape current)_soc: (76,)
shape priority: (76,)
shape current)_soc: (76,)
shape priority: (76,)
shape current)_soc: (76,)
shape priority: (76,)
shape current)_soc: (76,)
shape priority: (76,)
shape current)_soc: (76,)
shape priority: (76,)
shape current)_soc: (76,)
shape priority: (76,)
shape current)_soc: (76,)
shape priority: (76,)
shape current)_soc: (76,)
shape priority: (76,)
shape current)_soc: (76,)
shape priority: (76,)
shape current)_soc: (76,)
shape priority: (76,)
shape current)_soc: (76,)
shape priority: (76,)
shape current)_soc: (76,)
shape priority: (76,)
shape current)_soc: (76,)
shape priority: (76,)
shape current)_soc: (76,)
shape priority: (76,)
shape current)_soc: (76,)
shape priority: (76,)
shape current)_soc: (76,)
shape priority: (76,)
shape current)_soc: (76,)
shape priority: (76,)
shape current)_soc: (76,)
shape priority: (76,)
shape current)_soc: (76,)
shape priority: (76,)
shape current)_soc: (76,)
shape priority: (76,)
shape current)_soc: (76,)
shape priority: (76,)
shape current)_soc: (76,)
shape priority: (76,)
shape current)_soc: (76,)
shape priority: (76,)
shape current)_soc: (76,)
shape priority: (76,)
shape current)_soc: (76,)
shape priority: (76,)
shape current)_soc: (76,)
shape priority: (76,)
shape current)_soc: (76,)
shape priority: (76,)
shape current)_soc: (76,)
shape priority: (76,)
shape current)_soc: (76,)
shape priority: (76,)
shape current)_soc: (76,)
shape priority: (76,)
shape current)_soc: (76,)
shape priority: (76,)
shape current)_soc: (76,)
shape priority: (76,)
shape current)_soc: (76,)
shape priority: (76,)
shape current)_soc: (76,)
shape priority: (76,)
shape current)_soc: (76,)
shape priority: (76,)
shape current)_soc: (76,)
shape priority: (76,)
shape current)_soc: (76,)
shape priority: (76,)
shape current)_soc: (76,)
shape priority: (76,)
shape current)_soc: (76,)
shape priority: (76,)
shape current)_soc: (76,)
shape priority: (76,)
shape current)_soc: (76,)
shape priority: (76,)
shape current)_soc: (76,)
shape priority: (76,)
shape current)_soc: (76,)
shape priority: (76,)
shape current)_soc: (76,)
shape priority: (76,)
shape current)_soc: (76,)
shape priority: (76,)
shape current)_soc: (76,)
shape priority: (76,)
shape current)_soc: (76,)
shape priority: (76,)
shape current)_soc: (76,)
shape priority: (76,)
shape current)_soc: (76,)
shape priority: (76,)
shape current)_soc: (76,)
shape priority: (76,)
shape current)_soc: (76,)
shape priority: (76,)
shape current)_soc: (76,)
shape priority: (76,)
shape current)_soc: (76,)
shape priority: (76,)
shape current)_soc: (76,)
shape priority: (76,)
shape current)_soc: (76,)
shape priority: (76,)
shape current)_soc: (76,)
shape priority: (76,)
shape current)_soc: (76,)
shape priority: (76,)
shape current)_soc: (76,)
shape priority: (76,)
shape current)_soc: (76,)
shape priority: (76,)
shape current)_soc: (76,)
shape priority: (76,)
shape current)_soc: (76,)
shape priority: (76,)
shape current)_soc: (76,)
shape priority: (76,)
shape current)_soc: (76,)
shape priority: (76,)
shape current)_soc: (76,)
shape priority: (76,)
shape current)_soc: (76,)
shape priority: (76,)
shape current)_soc: (76,)
shape priority: (76,)
shape current)_soc: (76,)
shape priority: (76,)
shape current)_soc: (76,)
shape priority: (76,)
shape current)_soc: (76,)
shape priority: (76,)
shape current)_soc: (76,)
shape priority: (76,)
shape current)_soc: (76,)
shape priority: (76,)
shape current)_soc: (76,)
shape priority: (76,)
shape current)_soc: (76,)
shape priority: (76,)
shape current)_soc: (76,)
shape priority: (76,)
shape current)_soc: (76,)
shape priority: (76,)
shape current)_soc: (76,)
shape priority: (76,)
shape current)_soc: (76,)
shape priority: (76,)
shape current)_soc: (76,)
shape priority: (76,)
shape current)_soc: (76,)
shape priority: (76,)
shape current)_soc: (76,)
shape priority: (76,)
shape current)_soc: (76,)
shape priority: (76,)
shape current)_soc: (76,)
shape priority: (76,)
shape current)_soc: (76,)
shape priority: (76,)
shape current)_soc: (76,)
shape priority: (76,)
shape current)_soc: (76,)
shape priority: (76,)
shape current)_soc: (76,)
shape priority: (76,)
shape current)_soc: (76,)
shape priority: (76,)
shape current)_soc: (76,)
shape priority: (76,)
shape current)_soc: (76,)
shape priority: (76,)
shape current)_soc: (76,)
shape priority: (76,)
shape current)_soc: (76,)
shape priority: (76,)
shape current)_soc: (76,)
shape priority: (76,)
shape current)_soc: (76,)
shape priority: (76,)
shape current)_soc: (76,)
shape priority: (76,)
shape current)_soc: (76,)
shape priority: (76,)
shape current)_soc: (76,)
shape priority: (76,)
shape current)_soc: (76,)
shape priority: (76,)
shape current)_soc: (76,)
shape priority: (76,)
shape current)_soc: (76,)
shape priority: (76,)
shape current)_soc: (76,)
shape priority: (76,)
shape current)_soc: (76,)
shape priority: (76,)
shape current)_soc: (76,)
shape priority: (76,)
shape current)_soc: (76,)
shape priority: (76,)
shape current)_soc: (76,)
shape priority: (76,)
shape current)_soc: (76,)
shape priority: (76,)
shape current)_soc: (76,)
shape priority: (76,)
shape current)_soc: (76,)
shape priority: (76,)
shape current)_soc: (76,)
shape priority: (76,)
shape current)_soc: (76,)
shape priority: (76,)
shape current)_soc: (76,)
shape priority: (76,)
shape current)_soc: (76,)
shape priority: (76,)
shape current)_soc: (76,)
shape priority: (76,)
shape current)_soc: (76,)
shape priority: (76,)
shape current)_soc: (76,)
shape priority: (76,)
shape current)_soc: (76,)
shape priority: (76,)
shape current)_soc: (76,)
shape priority: (76,)
shape current)_soc: (76,)
shape priority: (76,)
shape current)_soc: (76,)
shape priority: (76,)
shape current)_soc: (76,)
shape priority: (76,)
shape current)_soc: (76,)
shape priority: (76,)
shape current)_soc: (76,)
shape priority: (76,)
shape current)_soc: (76,)
shape priority: (76,)
shape current)_soc: (76,)
shape priority: (76,)
shape current)_soc: (76,)
shape priority: (76,)
shape current)_soc: (76,)
shape priority: (76,)
shape current)_soc: (76,)
shape priority: (76,)
shape current)_soc: (76,)
shape priority: (76,)
shape current)_soc: (76,)
shape priority: (76,)
shape current)_soc: (76,)
shape priority: (76,)
shape current)_soc: (76,)
shape priority: (76,)
shape current)_soc: (76,)
shape priority: (76,)
shape current)_soc: (76,)
shape priority: (76,)
shape current)_soc: (76,)
shape priority: (76,)
shape current)_soc: (76,)
shape priority: (76,)
shape current)_soc: (76,)
shape priority: (76,)
shape current)_soc: (76,)
shape priority: (76,)
shape current)_soc: (76,)
shape priority: (76,)
shape current)_soc: (76,)
shape priority: (76,)
shape current)_soc: (76,)
shape priority: (76,)
shape current)_soc: (76,)
shape priority: (76,)
shape current)_soc: (76,)
shape priority: (76,)
shape current)_soc: (76,)
shape priority: (76,)
shape current)_soc: (76,)
shape priority: (76,)
shape current)_soc: (76,)
shape priority: (76,)
shape current)_soc: (76,)
shape priority: (76,)
shape current)_soc: (76,)
shape priority: (76,)
shape current)_soc: (76,)
shape priority: (76,)
shape current)_soc: (76,)
shape priority: (76,)
shape current)_soc: (76,)
shape priority: (76,)
shape current)_soc: (76,)
shape priority: (76,)
shape current)_soc: (76,)
shape priority: (76,)
shape current)_soc: (76,)
shape priority: (76,)
shape current)_soc: (76,)
shape priority: (76,)
shape current)_soc: (76,)
shape priority: (76,)
shape current)_soc: (76,)
shape priority: (76,)
shape current)_soc: (76,)
shape priority: (76,)
shape current)_soc: (76,)
shape priority: (76,)
shape current)_soc: (76,)
shape priority: (76,)
shape current)_soc: (76,)
shape priority: (76,)
shape current)_soc: (76,)
shape priority: (76,)
shape current)_soc: (76,)
shape priority: (76,)
shape current)_soc: (76,)
shape priority: (76,)
shape current)_soc: (76,)
shape priority: (76,)
shape current)_soc: (76,)
shape priority: (76,)
shape current)_soc: (76,)
shape priority: (76,)
shape current)_soc: (76,)
shape priority: (76,)
shape current)_soc: (76,)
shape priority: (76,)
shape current)_soc: (76,)
shape priority: (76,)
shape current)_soc: (76,)
shape priority: (76,)
shape current)_soc: (76,)
shape priority: (76,)
shape current)_soc: (76,)
shape priority: (76,)
shape current)_soc: (76,)
shape priority: (76,)
shape current)_soc: (76,)
shape priority: (76,)
shape current)_soc: (76,)
shape priority: (76,)
shape current)_soc: (76,)
shape priority: (76,)
shape current)_soc: (76,)
shape priority: (76,)
shape current)_soc: (76,)
shape priority: (76,)
shape current)_soc: (76,)
shape priority: (76,)
shape current)_soc: (76,)
shape priority: (76,)
shape current)_soc: (76,)
shape priority: (76,)
shape current)_soc: (76,)
shape priority: (76,)
shape current)_soc: (76,)
shape priority: (76,)
shape current)_soc: (76,)
shape priority: (76,)
shape current)_soc: (76,)
shape priority: (76,)
shape current)_soc: (76,)
shape priority: (76,)
shape current)_soc: (76,)
shape priority: (76,)
shape current)_soc: (76,)
shape priority: (76,)
shape current)_soc: (76,)
shape priority: (76,)
shape current)_soc: (76,)
shape priority: (76,)
shape current)_soc: (76,)
shape priority: (76,)
shape current)_soc: (76,)
shape priority: (76,)
shape current)_soc: (76,)
shape priority: (76,)
shape current)_soc: (76,)
shape priority: (76,)
shape current)_soc: (76,)
shape priority: (76,)
shape current)_soc: (76,)
shape priority: (76,)
shape current)_soc: (76,)
shape priority: (76,)
shape current)_soc: (76,)
shape priority: (76,)
shape current)_soc: (76,)
shape priority: (76,)
shape current)_soc: (76,)
shape priority: (76,)
shape current)_soc: (76,)
shape priority: (76,)
shape current)_soc: (76,)
shape priority: (76,)
shape current)_soc: (76,)
shape priority: (76,)
shape current)_soc: (76,)
shape priority: (76,)
shape current)_soc: (76,)
shape priority: (76,)
shape current)_soc: (76,)
shape priority: (76,)
shape current)_soc: (76,)
shape priority: (76,)
shape current)_soc: (76,)
shape priority: (76,)
shape current)_soc: (76,)
shape priority: (76,)
shape current)_soc: (76,)
shape priority: (76,)
shape current)_soc: (76,)
shape priority: (76,)
shape current)_soc: (76,)
shape priority: (76,)
shape current)_soc: (76,)
shape priority: (76,)
shape current)_soc: (76,)
shape priority: (76,)
shape current)_soc: (76,)
shape priority: (76,)
shape current)_soc: (76,)
shape priority: (76,)
shape current)_soc: (76,)
shape priority: (76,)
shape current)_soc: (76,)
shape priority: (76,)
shape current)_soc: (76,)
shape priority: (76,)
shape current)_soc: (76,)
shape priority: (76,)
shape current)_soc: (76,)
shape priority: (76,)
shape current)_soc: (76,)
shape priority: (76,)
shape current)_soc: (76,)
shape priority: (76,)
shape current)_soc: (76,)
shape priority: (76,)
shape current)_soc: (76,)
shape priority: (76,)
shape current)_soc: (76,)
shape priority: (76,)
shape current)_soc: (76,)
shape priority: (76,)
shape current)_soc: (76,)
shape priority: (76,)
shape current)_soc: (76,)
shape priority: (76,)
shape current)_soc: (76,)
shape priority: (76,)
shape current)_soc: (76,)
shape priority: (76,)
shape current)_soc: (76,)
shape priority: (76,)
shape current)_soc: (76,)
shape priority: (76,)
shape current)_soc: (76,)
shape priority: (76,)
shape current)_soc: (76,)
shape priority: (76,)
shape current)_soc: (76,)
shape priority: (76,)
shape current)_soc: (76,)
shape priority: (76,)
shape current)_soc: (76,)
shape priority: (76,)
shape current)_soc: (76,)
shape priority: (76,)
shape current)_soc: (76,)
shape priority: (76,)
shape current)_soc: (76,)
shape priority: (76,)
shape current)_soc: (76,)
shape priority: (76,)
shape current)_soc: (76,)
shape priority: (76,)
shape current)_soc: (76,)
shape priority: (76,)
shape current)_soc: (76,)
shape priority: (76,)
shape current)_soc: (76,)
shape priority: (76,)
shape current)_soc: (76,)
shape priority: (76,)
shape current)_soc: (76,)
shape priority: (76,)
shape current)_soc: (76,)
shape priority: (76,)
shape current)_soc: (76,)
shape priority: (76,)
shape current)_soc: (76,)
shape priority: (76,)
shape current)_soc: (76,)
shape priority: (76,)
shape current)_soc: (76,)
shape priority: (76,)
shape current)_soc: (76,)
shape priority: (76,)
shape current)_soc: (76,)
shape priority: (76,)
shape current)_soc: (76,)
shape priority: (76,)
shape current)_soc: (76,)
shape priority: (76,)
shape current)_soc: (76,)
shape priority: (76,)
shape current)_soc: (76,)
shape priority: (76,)
shape current)_soc: (76,)
shape priority: (76,)
shape current)_soc: (76,)
shape priority: (76,)
shape current)_soc: (76,)
shape priority: (76,)
shape current)_soc: (76,)
shape priority: (76,)
shape current)_soc: (76,)
shape priority: (76,)
shape current)_soc: (76,)
shape priority: (76,)
shape current)_soc: (76,)
shape priority: (76,)
shape current)_soc: (76,)
shape priority: (76,)
shape current)_soc: (76,)
shape priority: (76,)
shape current)_soc: (76,)
shape priority: (76,)
shape current)_soc: (76,)
shape priority: (76,)
shape current)_soc: (76,)
shape priority: (76,)
shape current)_soc: (76,)
shape priority: (76,)
shape current)_soc: (76,)
shape priority: (76,)
shape current)_soc: (76,)
shape priority: (76,)
shape current)_soc: (76,)
shape priority: (76,)
shape current)_soc: (76,)
shape priority: (76,)
shape current)_soc: (76,)
shape priority: (76,)
shape current)_soc: (76,)
shape priority: (76,)
shape current)_soc: (76,)
shape priority: (76,)
shape current)_soc: (76,)
shape priority: (76,)
shape current)_soc: (76,)
shape priority: (76,)
shape current)_soc: (76,)
shape priority: (76,)
shape current)_soc: (76,)
shape priority: (76,)
shape current)_soc: (76,)
shape priority: (76,)
shape current)_soc: (76,)
shape priority: (76,)
shape current)_soc: (76,)
shape priority: (76,)
shape current)_soc: (76,)
shape priority: (76,)
shape current)_soc: (76,)
shape priority: (76,)
shape current)_soc: (76,)
shape priority: (76,)
shape current)_soc: (76,)
shape priority: (76,)
shape current)_soc: (76,)
shape priority: (76,)
shape current)_soc: (76,)
shape priority: (76,)
shape current)_soc: (76,)
shape priority: (76,)
shape current)_soc: (76,)
shape priority: (76,)
shape current)_soc: (76,)
shape priority: (76,)
shape current)_soc: (76,)
shape priority: (76,)
shape current)_soc: (76,)
shape priority: (76,)
shape current)_soc: (76,)
shape priority: (76,)
shape current)_soc: (76,)
shape priority: (76,)
shape current)_soc: (76,)
shape priority: (76,)
shape current)_soc: (76,)
shape priority: (76,)
shape current)_soc: (76,)
shape priority: (76,)
shape current)_soc: (76,)
shape priority: (76,)
shape current)_soc: (76,)
shape priority: (76,)
shape current)_soc: (76,)
shape priority: (76,)
shape current)_soc: (76,)
shape priority: (76,)
shape current)_soc: (76,)
shape priority: (76,)
shape current)_soc: (76,)
shape priority: (76,)
shape current)_soc: (76,)
shape priority: (76,)
shape current)_soc: (76,)
shape priority: (76,)
shape current)_soc: (76,)
shape priority: (76,)
shape current)_soc: (76,)
shape priority: (76,)
shape current)_soc: (76,)
shape priority: (76,)
shape current)_soc: (76,)
shape priority: (76,)
shape current)_soc: (76,)
shape priority: (76,)
shape current)_soc: (76,)
shape priority: (76,)
shape current)_soc: (76,)
shape priority: (76,)
shape current)_soc: (76,)
shape priority: (76,)
shape current)_soc: (76,)
shape priority: (76,)
shape current)_soc: (76,)
shape priority: (76,)
shape current)_soc: (76,)
shape priority: (76,)
shape current)_soc: (76,)
shape priority: (76,)
shape current)_soc: (76,)
shape priority: (76,)
shape current)_soc: (76,)
shape priority: (76,)
shape current)_soc: (76,)
shape priority: (76,)
shape current)_soc: (76,)
shape priority: (76,)
shape current)_soc: (76,)
shape priority: (76,)
shape current)_soc: (76,)
shape priority: (76,)
shape current)_soc: (76,)
shape priority: (76,)
shape current)_soc: (76,)
shape priority: (76,)
shape current)_soc: (76,)
shape priority: (76,)
shape current)_soc: (76,)
shape priority: (76,)
shape current)_soc: (76,)
shape priority: (76,)
shape current)_soc: (76,)
shape priority: (76,)
shape current)_soc: (76,)
shape priority: (76,)
shape current)_soc: (76,)
shape priority: (76,)
shape current)_soc: (76,)
shape priority: (76,)
shape current)_soc: (76,)
shape priority: (76,)
shape current)_soc: (76,)
shape priority: (76,)
shape current)_soc: (76,)
shape priority: (76,)
shape current)_soc: (76,)
shape priority: (76,)
shape current)_soc: (76,)
shape priority: (76,)
shape current)_soc: (76,)
shape priority: (76,)
shape current)_soc: (76,)
shape priority: (76,)
shape current)_soc: (76,)
shape priority: (76,)
shape current)_soc: (76,)
shape priority: (76,)
shape current)_soc: (76,)
shape priority: (76,)
shape current)_soc: (76,)
shape priority: (76,)
shape current)_soc: (76,)
shape priority: (76,)
shape current)_soc: (76,)
shape priority: (76,)
shape current)_soc: (76,)
shape priority: (76,)
shape current)_soc: (76,)
shape priority: (76,)
shape current)_soc: (76,)
shape priority: (76,)
shape current)_soc: (76,)
shape priority: (76,)
shape current)_soc: (76,)
shape priority: (76,)
shape current)_soc: (76,)
shape priority: (76,)
shape current)_soc: (76,)
shape priority: (76,)
shape current)_soc: (76,)
shape priority: (76,)
shape current)_soc: (76,)
shape priority: (76,)
shape current)_soc: (76,)
shape priority: (76,)
shape current)_soc: (76,)
shape priority: (76,)
shape current)_soc: (76,)
shape priority: (76,)
shape current)_soc: (76,)
shape priority: (76,)
shape current)_soc: (76,)
shape priority: (76,)
shape current)_soc: (76,)
shape priority: (76,)
shape current)_soc: (76,)
shape priority: (76,)
shape current)_soc: (76,)
shape priority: (76,)
shape current)_soc: (76,)
shape priority: (76,)
shape current)_soc: (76,)
shape priority: (76,)
shape current)_soc: (76,)
shape priority: (76,)
shape current)_soc: (76,)
shape priority: (76,)
shape current)_soc: (76,)
shape priority: (76,)
shape current)_soc: (76,)
shape priority: (76,)
shape current)_soc: (76,)
shape priority: (76,)
		[INFO] Saved dataset: ./data/training_results/STAF_currentSOC_CASE2/merged_dataset_STAF_currentSOC_CASE2.csv (Shape: (0, 225))
		[INFO] Saved metadata: ./data/training_results/STAF_currentSOC_CASE2/feature_info_STAF_currentSOC_CASE2.json
	[Model Config] Detected Dims: {'static': 4, 'series_count': 6, 'seq_len': 24, 'vehicle': 76, 'emb_vocab': 12000}
Traceback (most recent call last):
  File "/home/lisa4090/Documents/GitHub/V2B_Optimization_with_AI_on_BSS/main.py", line 76, in <module>
    main()
    ~~~~^^
  File "/home/lisa4090/Documents/GitHub/V2B_Optimization_with_AI_on_BSS/main.py", line 44, in main
    train(case_id=case_num, tolerance=target_tolerance, run_name= cfg.RUN_NAME+f"_CASE{case_num}", rerun=False)
    ~~~~~^^^^^^^^^^^^^^^^^^^^^^^^^^^^^^^^^^^^^^^^^^^^^^^^^^^^^^^^^^^^^^^^^^^^^^^^^^^^^^^^^^^^^^^^^^^^^^^^^^^^^^
  File "/home/lisa4090/Documents/GitHub/V2B_Optimization_with_AI_on_BSS/supervised_learning/training.py", line 85, in train
    train_loader, val_loader = get_dataloaders(
                               ~~~~~~~~~~~~~~~^
        merged_csv_path=paths["data_csv"],
        ^^^^^^^^^^^^^^^^^^^^^^^^^^^^^^^^^^
    ...<6 lines>...
        random_seed=cfg.SEED
        ^^^^^^^^^^^^^^^^^^^^
    )
    ^
  File "/home/lisa4090/Documents/GitHub/V2B_Optimization_with_AI_on_BSS/supervised_learning/data_pipeline/loaders.py", line 190, in get_dataloaders
    train_df, val_df = train_test_split(
                       ~~~~~~~~~~~~~~~~^
        df, test_size=0.3, random_state=random_seed, shuffle=True
        ^^^^^^^^^^^^^^^^^^^^^^^^^^^^^^^^^^^^^^^^^^^^^^^^^^^^^^^^^
    )
    ^
  File "/home/lisa4090/anaconda3/envs/AIonBSS/lib/python3.13/site-packages/sklearn/utils/_param_validation.py", line 216, in wrapper
    return func(*args, **kwargs)
  File "/home/lisa4090/anaconda3/envs/AIonBSS/lib/python3.13/site-packages/sklearn/model_selection/_split.py", line 2851, in train_test_split
    n_train, n_test = _validate_shuffle_split(
                      ~~~~~~~~~~~~~~~~~~~~~~~^
        n_samples, test_size, train_size, default_test_size=0.25
        ^^^^^^^^^^^^^^^^^^^^^^^^^^^^^^^^^^^^^^^^^^^^^^^^^^^^^^^^
    )
    ^
  File "/home/lisa4090/anaconda3/envs/AIonBSS/lib/python3.13/site-packages/sklearn/model_selection/_split.py", line 2481, in _validate_shuffle_split
    raise ValueError(
    ...<3 lines>...
    )
ValueError: With n_samples=0, test_size=0.3 and train_size=None, the resulting train set will be empty. Adjust any of the aforementioned parameters.
