nohup: ignoring input
Crash diagnostics ON


==================================================
PART 1: Data preprocess for 2023-01-01 00:00:00 to 2024-09-30 23:00:00...
==================================================

	1.1 Preprocessing radiation data...
		[INFO] Radiation data already exists at './data/timeseries/radiation_data.csv'

	1.2 Preprocessing temperature data...
		[INFO] Temperature data already exists at './data/timeseries/temperature_data.csv'

	1.3 Preprocessing building data...
		[INFO] Building data already exists at './data/timeseries/building_data.csv'

	1.4 Preprocessing electricity cost data...
		[INFO] Electricity cost data already exists at './data/timeseries/electricitycostG2B_data.csv' and './data/timeseries/electricitycostG2V_data.csv'

	1.5 Preprocessing battery demand series data...
		[INFO] Found existing battery data at './data/battery_demand/resample_full.csv' and './data/battery_demand/resample_train.csv'

		[INFO] Number of series for clean windows = (168, 37)
		[INFO] Number of eligible series for Case 2 = (1395, 37)
		[INFO] Case 1 exists — loaded battery demand from './data/battery_demand/case1_real_only/battery_demand.npy' with shape (168, 37).
		[INFO] Building Case 2 (fill NaN)
		[INFO] Resuming Case 2 from checkpoint: './data/battery_demand/case2_nan_filled/battery_demand_ckpt.npz'
		[INFO] Case 2 resume index = 1373, current series shape = (1541, 37)
		[INFO] Case 2 generating:   0%|          | 0/22 [00:00<?, ?it/s]		[INFO] Case 2 generating:   5%|▍         | 1/22 [00:05<01:53,  5.41s/it]		[INFO] Case 2 generating:   9%|▉         | 2/22 [00:10<01:47,  5.36s/it]		[INFO] Case 2 generating:  14%|█▎        | 3/22 [00:15<01:40,  5.32s/it]		[INFO] Case 2 generating:  18%|█▊        | 4/22 [00:21<01:35,  5.31s/it]		[INFO] Case 2 generating:  23%|██▎       | 5/22 [00:26<01:30,  5.30s/it]		[INFO] Case 2 generating:  27%|██▋       | 6/22 [00:31<01:24,  5.30s/it]		[INFO] Case 2 generating:  32%|███▏      | 7/22 [00:37<01:19,  5.28s/it]		[INFO] Case 2 generating:  36%|███▋      | 8/22 [00:42<01:14,  5.32s/it]		[INFO] Case 2 generating:  41%|████      | 9/22 [00:47<01:09,  5.32s/it]		[INFO] Case 2 generating:  45%|████▌     | 10/22 [00:53<01:03,  5.31s/it]		[INFO] Case 2 generating:  50%|█████     | 11/22 [00:58<00:58,  5.30s/it]		[INFO] Case 2 generating:  55%|█████▍    | 12/22 [01:03<00:53,  5.30s/it]		[INFO] Case 2 generating:  55%|█████▍    | 12/22 [01:04<00:54,  5.42s/it]
Traceback (most recent call last):
  File "/home/lisa4090/Documents/GitHub/V2B_Optimization_with_AI_on_BSS/main.py", line 65, in <module>
    main()
    ~~~~^^
  File "/home/lisa4090/Documents/GitHub/V2B_Optimization_with_AI_on_BSS/main.py", line 12, in main
    data = preprocessor.preprocess()
  File "/home/lisa4090/Documents/GitHub/V2B_Optimization_with_AI_on_BSS/preprocess/preprocessor.py", line 231, in preprocess
    gen.generate_battery_series(rerun=False)
    ~~~~~~~~~~~~~~~~~~~~~~~~~~~^^^^^^^^^^^^^
  File "/home/lisa4090/Documents/GitHub/V2B_Optimization_with_AI_on_BSS/preprocess/batterygenerator.py", line 190, in generate_battery_series
    sample = self._generate_artificial_battery_data(chunk, n_samples)[0]
             ~~~~~~~~~~~~~~~~~~~~~~~~~~~~~~~~~~~~~~^^^^^^^^^^^^^^^^^^
  File "/home/lisa4090/Documents/GitHub/V2B_Optimization_with_AI_on_BSS/preprocess/batterygenerator.py", line 349, in _generate_artificial_battery_data
    generator = BlockGenerator(
        seed=seq,
    ...<4 lines>...
        random_state=cfg.RANDOM_STATE,
    )
  File "/home/lisa4090/Documents/GitHub/V2B_Optimization_with_AI_on_BSS/time_series_generator/time_series_generator/core.py", line 577, in __init__
    grouped = datapreparer.generate_grouped_subsequences()
  File "/home/lisa4090/Documents/GitHub/V2B_Optimization_with_AI_on_BSS/time_series_generator/time_series_generator/preprocessing.py", line 33, in generate_grouped_subsequences
    all_subseqs = self._expand_all_sequences(subseqs)
  File "/home/lisa4090/Documents/GitHub/V2B_Optimization_with_AI_on_BSS/time_series_generator/time_series_generator/preprocessing.py", line 92, in _expand_all_sequences
    expanded = self._expand_to_all_right_shifts(seq)
  File "/home/lisa4090/Documents/GitHub/V2B_Optimization_with_AI_on_BSS/time_series_generator/time_series_generator/preprocessing.py", line 83, in _expand_to_all_right_shifts
    left = np.full(shift, np.nan)
  File "/home/lisa4090/anaconda3/envs/AIonBSS/lib/python3.13/site-packages/numpy/_core/numeric.py", line 352, in full
    a = empty(shape, dtype, order, device=device)
TypeError: expected a sequence of integers or a single integer, got '<code object full at 0x73d7761cfcb0, file "/home/lisa4090/anaconda3/envs/AIonBSS/lib/python3.13/site'
