nohup: ignoring input
Crash diagnostics ON


==================================================
PART 1: Data preprocess for 2023-01-01 00:00:00 to 2024-09-30 23:00:00...
==================================================

	1.1 Preprocessing radiation data...
		[INFO] Radiation data already exists at './data/timeseries/radiation_data.csv'

	1.2 Preprocessing temperature data...
		[INFO] Temperature data already exists at './data/timeseries/temperature_data.csv'

	1.3 Preprocessing building data...
		[INFO] Building data already exists at './data/timeseries/building_data.csv'

	1.4 Preprocessing electricity cost data...
		[INFO] Electricity cost data already exists at './data/timeseries/electricitycostG2B_data.csv' and './data/timeseries/electricitycostG2V_data.csv'

	1.5 Preprocessing battery demand series data...
		[INFO] Found existing battery data at 'data/battery_demand/resample_full.csv' and 'data/battery_demand/resample_train.csv'

		[INFO] Number of series for clean windows = (110, 49)
		[INFO] Number of eligible series for Case 2 = (1373, 49)
		[INFO] Case 1 exists — loaded battery demand from 'data/battery_demand/case1_real_only/battery_demand.npy' with shape (168, 37).
		[INFO] Case 2 exists — loaded battery demand from 'data/battery_demand/case2_nan_filled/battery_demand.npy' with shape (1563, 37).
		[INFO] Case 0: Successfully added test pair 2024-03-15 & 2024-03-16
		Data: [10536, 28, 30, 35, 37, 37, 36, 33, 26, 10, 6, 10, 14, 19, 18, 15, 20, 26, 15, 9, 16, 21, 20, 8, 12, 15, 24, 31, 35, 32, 35, 34, 32, 31, 30, 22, 14, 18, 27, 18, 19, 19, 25, 25, 25, 26, 27, 17, 19]
		[INFO] Case 0: Successfully added test pair 2024-03-29 & 2024-03-30
		Data: [10872, 13, 26, 31, 33, 33, 33, 31, 15, 8, 19, 11, 15, 18, 16, 18, 18, 19, 7, 4, 23, 23, 16, 17, 18, 18, 19, 24, 29, 30, 30, 22, 27, 21, 14, 15, 16, 20, 18, 23, 27, 18, 2, 10, 23, 22, 22, 17, 21]

	1.6 Generating battery schedule...
		[INFO] Case 1 exists — loaded from 'data/battery_demand/case1_real_only/battery_availability.npy' and 'data/battery_demand/case1_real_only/battery_details.npy' shape (168, 385, 36) and (4, 168, 385)
		[INFO] Case 2 exists — loaded from 'data/battery_demand/case2_nan_filled/battery_availability.npy' and 'data/battery_demand/case2_nan_filled/battery_details.npy' shape (1563, 385, 36) and (4, 1563, 385)
[ERROR] Could not load battery demand from 'data/battery_demand/case3_extended_generated/battery_demand.npy': [Errno 2] No such file or directory: 'data/battery_demand/case3_extended_generated/battery_demand.npy'


==================================================
PART 2: MILP Optimization...
==================================================

	2.1 Optimizing Case 1...
		[INFO] Loaded 168 samples from 'data/battery_demand/case1_real_only'
		[INFO] Results already exist at './data/optimization_results/case1_real_only/immediate_charging/V2B.npy'. Skipping immediate_charging run.
		[INFO] Results already exist at './data/optimization_results/case1_real_only/optimization/V2B.npy'. Skipping optimization run.
		[INFO] Case 1 completed.

	2.2 Optimizing Case 2...
		[INFO] Loaded 1563 samples from 'data/battery_demand/case2_nan_filled'
		[INFO] Results already exist at './data/optimization_results/case2_nan_filled/immediate_charging/V2B.npy'. Skipping immediate_charging run.
		[INFO] Results already exist at './data/optimization_results/case2_nan_filled/optimization/V2B.npy'. Skipping optimization run.
		[INFO] Case 2 completed.


==================================================
PART 3: Supervised Learning...
==================================================

	3.1 Training Case 1...

=== Starting Training Run: STAFV3_33_CASE1 ===
Device: cuda
		[INFO] Starting Preprocessing for Case 1...
		[INFO] Unique quantized indices: 6686
		[INFO] Suggested num_embeddings: 8023
		[INFO] Generating sliding windows...
[14.         14.         14.         14.         14.         14.
  0.          0.          0.          0.          0.          0.
 14.         14.         14.         14.         14.         14.
 14.         14.         14.         14.         14.         14.
 14.         14.         14.         14.         14.         14.
 14.          6.1551132   2.30444444  0.          8.91555556 12.93888889]
13.999999999999993
14.0
14.0
13.999999999999995
14.0
14.0
13.999999999999991
13.999999999999991
6.1551131999999855
2.3044444444444445
0.0
8.915555555555557
[13.90777778 14.         14.         14.         14.          0.
  0.          0.          0.          0.          0.         14.
 13.22222222 14.         14.         14.         14.         14.
 11.78933124 14.         14.         14.         14.         14.
 14.         14.         14.         14.         14.         14.
  6.1551132   3.26777778  7.34777778  3.87222222  4.13333333 14.        ]
14.000000000000004
13.999999999999998
13.999999999999998
14.0
13.999999999999998
14.000000000000002
13.999999999999993
6.155113200000002
3.267777777777778
7.347777777777778
3.872222222222222
4.133333333333342
[14.         14.         14.         14.          0.17555556  0.09444444
  0.          0.          0.          0.         14.         14.
 14.         14.         14.         14.         14.         14.
 14.         14.         14.         14.         14.         14.
 14.         14.         14.         14.         14.          8.60666667
  1.4730345   1.54888889  0.          5.47140994 14.         14.        ]
13.999999999999998
14.0
14.0
13.999999999999998
14.000000000000002
13.999999999999996
8.606666666666712
1.4730345
1.5488888888888888
0.0
5.471409944444453
13.99999999999999
[14.         14.         14.          8.65035339  5.96957488  1.86007173
  0.          0.85        0.         14.         14.         14.
 14.         14.         14.         14.         14.         14.
 14.         14.         14.         14.         14.         14.
 14.         14.         14.         14.         11.65666667  0.75555556
  0.          0.          0.         14.         14.         14.        ]
13.999999999999998
14.000000000000002
13.999999999999998
14.000000000000002
13.999999999999993
11.65666666666668
0.7555555555555555
0.0
0.0
0.0
13.999999999999993
14.000000000000004
[14.         14.          8.74479783  8.70458486  4.93896062  3.3127678
  0.          0.         14.         14.         14.         14.
 14.         14.         14.         14.         14.         14.
 14.         14.         14.         14.         14.         14.
 14.         14.         14.          6.1551132   0.          0.
  0.          0.         14.         14.         14.         14.        ]
13.999999999999998
14.0
14.000000000000002
13.999999999999993
6.155113199999996
0.0
0.0
0.0
0.0
14.0
14.000000000000002
14.000000000000002
[14.         14.          8.86881716  4.63007173  1.09555556  0.85
  0.         14.         14.         14.         14.         14.
 14.         14.         14.         14.         14.         14.
 14.         14.         14.         14.         14.         14.
 14.         14.          6.1551132   0.          0.          0.
  0.         12.83111111 14.         14.         14.         14.        ]
13.999999999999998
14.0
13.999999999999993
6.1551132
0.0
0.0
0.0
0.0
12.831111111111106
13.999999999999995
14.00000000000001
14.0
[13.78813117 12.99631328  3.82451618  9.22770604  2.32333333  0.
 14.         14.         14.         14.         14.         14.
 14.         14.         14.         14.         14.         14.
 14.         14.         14.         14.         14.         14.
 14.          6.1551132   0.          0.          0.          0.
 10.10555556  9.48222222 13.99666667 14.         13.86111111 13.46777778]
14.0
13.999999999999995
6.155113200000002
0.0
0.0
0.0
0.0
10.105555555555556
9.482222222222223
13.996666666666666
14.000000000000002
13.861111111111109
[14.         14.         13.88222222 14.         14.         14.
 14.         12.67444444 14.          0.         14.         14.
 14.         14.         14.         14.          0.          0.
  0.          0.          0.          0.         14.         14.
  0.         14.         14.         14.         14.         14.
 14.         14.         14.         14.         14.         14.        ]
14.000000000000005
0.0
14.0
14.0
13.999999999999993
14.000000000001736
13.999999999999984
13.999999999999991
13.999999999999998
14.000000000000002
13.99999999999999
13.999999999999996
[14.         14.         14.         14.         14.         14.
 14.         14.          0.         14.         14.         14.
 14.         14.         14.          0.          0.          0.
  0.          0.          0.         14.         14.          0.
 13.22222222 13.22222222 14.         14.         14.          7.41222222
 14.         14.         14.         14.         14.         14.        ]
0.0
13.222222222222221
13.222222222222221
14.000000000000004
13.999999999999998
13.999999999999996
7.412222222222232
13.999999999999998
14.0
13.999999999999993
13.999999999999998
14.000000000000004
[14.         14.         14.         14.         14.         13.34
 14.         14.         14.         13.76666667 14.         14.
 14.         14.          0.          0.          0.          0.
  0.          0.         14.         14.          0.          8.47777778
 14.         14.         13.76666667 14.         12.11888889 14.
 14.         14.         14.         14.         14.         14.        ]
8.477777777777778
14.0
14.000000000000002
13.766666666666666
14.0
12.1188888888889
13.999999999999993
13.999999999999993
14.0
14.000000000000002
14.000000000000004
14.000000000000004
[14.         14.         13.10222222 14.         14.         14.
 14.         14.         13.97       14.         14.         14.
 14.          0.          0.          0.          0.          0.
  0.         14.         14.          0.         14.         14.
 14.         12.98028248 14.         14.         14.         14.
 10.02416197 14.         14.         14.         14.         14.        ]
14.0
13.999999999999996
12.980282477777845
13.999999999999993
13.999999999999986
14.0
14.0
10.024161966666654
14.0
14.0
14.0
14.0
[14.         14.         14.         14.         14.         14.
 14.         14.         14.         14.          0.          1.59698444
  4.96190444  0.          0.          0.         14.         14.
  0.         14.         14.         14.         14.         14.
 14.         14.         14.         14.         14.         14.
 14.         14.         11.88986488 14.         13.4579129   1.85111111]
14.000000000000002
13.999999999999993
13.99999999999998
13.999999999999986
13.99999999999998
13.999999999999993
13.999999999999984
13.999999999999977
13.999999999999986
11.88986487777787
13.999999999999996
13.45791289999999
[14.         14.         14.         14.         14.         14.
 14.         14.         14.          5.64111111  0.          2.99888889
  0.          0.          0.         14.         14.         14.
 14.         14.         14.         14.         14.         14.
 14.         14.         14.         14.         14.         14.
 14.         14.         14.         13.4579129   0.         11.37111111]
13.999999999999957
13.999999999999993
14.0
13.999999999999995
14.0
14.0
14.0
13.999999999999982
14.000000000000004
14.0
13.457912899999954
0.0
[14.         14.         14.         14.         14.         14.
 14.         14.         10.741137    0.          1.43775189  0.
  0.          0.         14.         14.         14.         14.
 14.         14.         14.         14.         14.         11.94764266
 14.         14.         14.         14.         14.         14.
 14.         14.         13.4579129   1.41666667  7.92078598  5.90588069]
11.947642655555605
14.0
13.999999999999986
14.0
13.999999999999998
13.99999999999999
14.0
14.000000000000004
13.999999999999995
13.45791289999999
1.4166666666666665
7.920785977777777
[12.69254    14.         13.09301556 14.         14.         14.
 14.          0.          0.          0.          0.          0.
  0.         14.         14.         14.         14.         14.
 14.         10.92764266 14.         14.         14.         14.
 14.         14.         14.         14.         14.         14.
 14.         13.4579129   1.24666667  7.66888889  4.30666667  4.06111111]
13.999999999999995
14.0
14.0
13.999999999999993
14.0
13.999999999999995
14.0
13.999999999999991
13.45791289999998
1.2466666666666666
7.668888888888889
4.306666666666667
[14.         14.         14.         14.         14.         14.
  0.43444444  1.61351599  0.58301556  0.          0.          0.
 14.         14.         14.         14.         14.         14.
 14.         14.         14.         14.         14.         14.
 14.         14.         14.         14.         14.         14.
 13.4579129   3.66444444  6.65523042  5.11254736  4.06111111  5.83666667]
13.999999999999995
14.0
14.0
14.0
13.999999999999993
14.000000000000005
14.0
13.45791289999997
3.6644444444444444
6.655230422222221
5.112547355555556
4.06111111111111
[14.         14.         14.         14.         14.         10.741137
  4.49206121  5.00555556  0.          0.          0.         14.
 14.         14.         14.         14.         14.         14.
 14.         14.         14.         14.         14.         14.
 14.         14.         14.         14.         14.         13.4579129
  1.43555556  6.3530082   0.64222222  1.05777778  1.84143624 14.        ]
14.0
14.0
14.0
13.99999999999999
13.999999999999986
14.0
13.457912899999975
1.4355555555555555
6.3530082
0.6422222222222221
1.0577777777777777
1.8414362444444428
[14.         14.         14.         14.         10.741137    9.5845167
  6.401901    0.          0.          0.         14.         14.
 14.         14.         14.         14.         14.         14.
 14.         14.         14.         14.         14.         14.
 14.         14.         14.         14.         14.          1.09555556
  2.01355641  0.          0.          0.         14.         14.        ]
14.0
14.0
13.999999999999993
14.000000000000007
13.999999999999998
14.000000000000002
1.0955555555555556
2.0135564111113706
0.0
0.0
0.0
13.999999999999998
[14.         14.         14.          6.82777778  5.66666667  6.25222222
  0.          0.          0.         14.         14.         14.
 14.         14.         14.         14.         14.         14.
 14.         14.         14.         14.         14.         14.
 14.         14.         14.         13.94555556  0.          0.
  0.          0.          0.         14.         14.         14.        ]
14.0
13.999999999999996
13.999999999999993
14.000000000000004
13.945555555555583
0.0
0.0
0.0
0.0
0.0
14.000000000000005
13.999999999999998
[14.         14.          7.83222222  8.84        4.70333333  0.
  0.          0.         14.         14.         14.         14.
 14.         14.         14.         14.         14.         14.
 14.         14.         14.         14.         14.         14.
 14.         14.         13.4579129   0.          0.          0.
  0.          0.         14.         14.         14.         14.        ]
13.999999999999993
14.0
13.999999999999998
13.457912899999979
0.0
0.0
0.0
0.0
0.0
14.000000000000004
13.999999999999995
14.000000000000004
[14.         11.23224811 10.37785003  7.34323519  0.          0.
  0.         14.         14.         14.         14.         14.
 14.         14.         14.         14.         14.         14.
 14.         14.         14.         14.         14.         14.
 14.         13.4579129   0.          0.          0.          0.
  0.         10.38888889 14.         14.         13.74444444 13.86444444]
13.999999999999979
14.0
13.457912899999979
0.0
0.0
0.0
0.0
0.0
10.38888888888889
13.99999999999999
14.000000000000002
13.744444444444454
[11.63698789 10.91777778  9.87745656  0.          0.11333333  0.75555556
 14.         14.         14.         14.         14.         14.
 14.         14.         14.         14.         14.         14.
 14.         14.         14.         14.         14.         14.
 13.4579129   0.          0.          0.          0.          0.
 10.03       13.09555556 14.         14.         14.         14.        ]
13.999999999999993
13.457912899999993
0.0
0.0
0.0
0.0
0.0
10.030000000000001
13.095555555555551
14.000000000000005
13.999999999999998
14.0
[12.39896114  8.73770552  7.21555556  0.          0.         14.
 14.         14.         14.         14.         14.         14.
 14.         14.         14.         14.         14.         14.
 14.         14.         14.         14.         14.         13.4579129
  0.          0.          0.          0.          0.          8.93666667
 14.         14.         14.         13.75111111 14.         14.        ]
13.457912899999986
0.0
0.0
0.0
0.0
0.0
8.936666666666682
13.999999999999993
13.999999999999988
14.000000000000004
13.751111111111113
14.0
[13.27888889  1.98333333  5.04333333  0.         14.         14.
 14.         14.         14.         14.         14.         14.
 14.         14.         14.         14.         14.         14.
 14.         14.         14.         14.         13.4579129   0.
  0.          0.          0.          0.         14.          0.
 14.         14.         14.         14.         14.         14.        ]
0.0
0.0
0.0
0.0
0.0
13.99999999999999
0.0
14.000000000000004
14.000000000000021
13.99999999999999
13.999999999999988
14.0
[ 7.87666667  0.          0.         14.         14.         14.
 14.         14.         14.         14.         14.         14.
 14.         14.         14.         14.         14.         14.
 14.         14.         14.         13.4579129   0.          0.
  0.          0.          0.         14.         14.          0.
 14.         14.         14.         14.         14.         14.        ]
0.0
0.0
0.0
0.0
14.000000000000002
14.0
0.0
13.999999999999998
14.000000000000009
13.999999999999991
13.999999999999982
14.000000000000002
[ 5.30777778  0.         14.         14.         14.         14.
 14.         14.         14.         14.         14.         14.
 14.         14.         14.         14.         14.         14.
 14.         14.         13.4579129   0.          0.          0.
  0.          0.         14.          0.         14.         14.
 14.         14.         13.58       14.         14.         13.58111111]
0.0
0.0
0.0
13.999999999999998
0.0
13.999999999999991
14.0
14.0
14.0
13.580000000000009
14.000000000000002
14.0
[ 7.589946    9.48783178 14.         14.         14.         14.
 14.          0.          0.          0.          0.          0.
  0.         14.         14.         14.         14.         13.86679348
 14.         14.         14.         14.         14.         14.
 14.         11.66648074 14.         14.         14.         14.
 12.61339244  1.68111111  7.50417591  3.3569352   4.66555556  8.84      ]
13.999999999999993
13.999999999999986
11.666480744444499
14.0
14.0
13.99999999999999
14.000000000000007
12.613392444444454
1.681111111111111
7.504175911111112
3.3569351999999997
4.665555555555555
[11.56222222 14.         14.         14.         14.         14.
  0.          0.          0.          0.          0.          0.
 14.         14.         14.         14.         14.         14.
 11.66666667 14.         13.86679348 13.22222222  9.34542874 14.
 14.         14.         14.         14.         14.         14.
  2.32333333  6.21973147  3.3569352   7.00777778  6.38444444  0.77444444]
14.000000000000002
14.0
14.0
14.0
13.999999999999995
14.0
14.0
2.3233333333333333
6.219731466666667
3.356935199999999
7.007777777777778
6.384444444444446
[14.         14.         14.         14.         14.          7.02888889
  2.17222222  0.35555556  0.          0.          0.         14.
 14.         14.         14.         14.         14.         14.
 14.         14.         14.         14.         14.         14.
 14.         14.         14.         14.         14.         10.99862036
  6.72444444  3.3569352   6.51666667  7.48        2.83333333 14.        ]
14.0
13.999999999999998
14.000000000000025
13.999999999999993
13.999999999999995
13.999999999999998
10.998620355555556
6.724444444444444
3.3569351999999997
6.516666666666666
7.4799999999999995
2.833333333333333
[14.         14.         14.         14.          0.         13.05222222
  5.1204096   0.          0.          0.         14.         14.
 14.         14.         14.         14.         14.         14.
 14.         14.         14.         14.         14.         14.
 14.         14.         14.         14.         12.91090802 11.4239694
  3.3569352   2.22888889  0.42777778  0.         14.         14.        ]
14.0
14.0
13.999999999999996
14.0
14.0
12.910908022222362
11.4239694
3.356935199999999
2.228888888888889
0.42777777777777776
0.0
13.999999999999986
[14.         14.         14.         14.          6.17666667  3.66444444
  0.          0.          0.         14.         14.         14.
 14.         14.         14.         14.         14.         14.
 14.         14.         14.         14.         14.         14.
 14.         14.         14.          2.16549644 10.45450356  0.02777778
  0.          0.          0.         14.         14.         14.        ]
14.000000000000002
13.999999999999993
14.0
14.0
2.1654964444445906
10.454503555555558
0.027777777777777776
0.0
0.0
0.0
14.0
14.000000000000014
[14.         14.          4.00444444 12.00181262  5.1204096   0.
  0.          0.         14.         14.         14.         14.
 14.         14.         14.         14.         14.         14.
 14.         14.         14.         14.         14.         14.
 14.         14.          7.93333333  5.28888889  0.          0.
  0.          0.         14.         14.         13.89555556 12.88222222]
14.00000000000001
14.000000000000004
14.0
7.933333333333338
5.288888888888889
0.0
0.0
0.0
0.0
13.999999999999982
14.000000000000004
13.895555555555568
[14.         14.         14.          6.61263182  1.68847929  0.11
  0.64222222 14.         14.         14.         14.         14.
 14.         14.         14.         14.         14.         14.
 14.         14.         14.         14.         14.         14.
 14.         13.83195369  0.          3.3569352   0.          0.
  0.         14.         10.10555556  9.15444444 14.         11.97555556]
14.0
14.0
13.831953688888966
0.0
3.3569351999999992
0.0
0.0
0.0
13.999999999999982
10.105555555555556
9.154444444444461
13.999999999999998
[14.         14.         10.66555556  0.96333333  1.36        0.
 14.         14.         14.         14.         14.         14.
 14.         14.         14.         14.         14.         14.
 14.         14.         14.         14.         14.         14.
 10.31528702  0.          3.3569352   0.          0.          0.
 14.         14.         14.         14.          8.78888889  4.25      ]
14.0
10.31528702222224
0.0
3.356935199999999
0.0
0.0
0.0
13.999999999999984
14.0
14.0
14.000000000000004
8.788888888888899
[14.         10.23444444  4.09888889  1.47333333  0.         14.
 14.         14.         14.         14.         14.         14.
 14.         14.         14.         14.         14.         14.
 14.         14.         14.         14.         14.          5.39888889
  0.          0.          0.          0.          0.         14.
 14.         11.02111111 14.         12.25888889 10.72888889  4.23111111]
5.398888888889044
0.0
0.0
0.0
0.0
0.0
14.0
13.999999999999968
11.021111111111136
14.000000000000004
12.258888888888889
10.72888888888889
[ 8.82263182  5.79736818  3.91        0.         14.         14.
 14.         14.         14.         14.         14.         14.
 14.         14.         14.         14.         14.         14.
 14.         14.         14.         14.          0.          0.
  0.          0.          0.          0.         14.          0.
 14.         14.         14.         14.         14.         14.        ]
0.0
0.0
0.0
0.0
0.0
13.999999999999957
0.0
13.999999999999993
14.0
14.000000000000002
14.0
14.000000000000002
[13.48666667  0.83111111  0.         14.         14.         14.
 14.         14.         14.         14.         14.         14.
 14.         14.         14.         14.         14.         14.
 14.         14.         14.          0.          0.          0.
  0.          0.          0.          9.91666667 12.67901235  0.
 14.         14.         14.         12.47888889 13.29111111 14.        ]
0.0
0.0
0.0
0.0
9.916666666666668
12.679012345678997
0.0
13.999999999999998
14.0
14.000000000000002
12.478888888888886
13.29111111111111
[ 8.29222222  0.         14.         14.         14.         14.
 14.         14.         14.         14.         14.         14.
 14.         14.         14.         14.         14.         14.
 14.         14.          0.          0.          0.          0.
  0.          0.          9.52123457 14.          0.         14.
 14.         14.         12.37444444 14.         14.         12.29666667]
0.0
0.0
0.0
9.521234567901221
13.999999999999995
0.0
14.0
14.0
14.000000000000004
12.374444444444437
14.000000000000002
14.0
[ 0.         14.         14.         14.         14.         14.
 14.         14.         14.         14.         14.         14.
 13.73283951 14.         14.         14.         14.         14.
 14.          0.          0.          0.          0.          0.
  0.         10.57901235 14.          0.         14.         13.76666667
 13.13666667 14.         13.44555556 14.         14.         14.        ]
0.0
0.0
10.579012345679008
14.000000000000002
0.0
14.0
13.766666666666667
13.136666666666667
14.000000000000004
13.445555555555554
14.000000000000002
13.999999999999998
[14.         14.          0.         14.         14.         14.
 14.         14.         14.         14.         14.         14.
 14.         14.         14.         14.         14.         14.
  0.          0.          0.          0.          0.          0.
 14.         14.          0.         12.42222222 14.         14.
 14.         14.         13.54        8.05345679 14.         14.        ]
0.0
13.999999999999957
14.0
0.0
12.42222222222222
13.999999999999998
14.000000000000002
14.000000000000004
13.999999999999998
13.539999999999997
8.05345679012348
14.000000000000002
[14.          0.         14.         14.         14.         14.
 14.         14.         14.         14.         14.         14.
 14.         14.         14.         14.         13.99358025  0.
  0.          0.          0.          0.          0.         14.
 14.          0.         11.22       14.         14.          7.19
 14.         11.05295217 13.38050462 14.         11.05        8.10333333]
13.999999999999972
13.999999999999995
0.0
11.22
13.999999999999995
14.000000000000002
7.190000000000007
14.0
11.05295216790126
13.380504622222226
14.000000000000002
11.05
[ 0.         14.         14.         14.         14.         14.
 14.         14.         14.         14.         14.         14.
 14.         14.         14.         14.          0.          0.
  0.          0.          0.          0.         14.         14.
  0.         14.         13.65666667 13.76666667 14.         10.33222222
 12.78494907 13.95295217 14.          5.04333333  7.25333333 12.99555556]
13.999999999999988
0.0
14.0
13.656666666666666
13.766666666666666
14.000000000000002
10.33222222222222
12.784949066666666
13.95295216790123
14.0
5.043333333333333
7.253333333333333
[14.         14.         14.         14.         14.         11.71419342
 14.         14.          7.03888889 14.         14.         14.
 14.         14.         12.54358436  0.          0.          0.
  0.          0.          0.         14.          0.          7.93333333
 14.         14.         14.         14.         14.         14.
 14.         14.         11.12666667 14.         14.         14.        ]
7.933333333333334
13.999999999999993
14.0
14.0
13.999999999999995
13.999999999999993
13.999999999999996
13.999999999999984
13.999999999999915
11.126666666666784
13.999999999999993
14.000000000000068
[14.         14.         14.          9.50086009 14.         13.7680288
 14.         14.         14.         14.         14.         14.
 14.         14.          0.          0.          0.          0.
  0.          0.         12.67901235  7.93333333  0.         14.
 13.16333333 14.         14.         14.         14.         14.
 14.         14.         14.         14.         14.         14.        ]
13.999999999999996
13.163333333333341
14.0
13.999999999999993
14.0
14.0
14.0
13.999999999999998
13.999999999999996
14.0
14.000000000000002
14.000000000000002
[14.         14.         14.         14.         14.         14.
 14.         14.         14.         14.         14.         14.
 14.          1.32222222  1.75639813  3.3569352   0.          0.
  0.         12.67901235  7.93333333  0.          7.93333333 14.
 14.         14.         14.         14.         14.         14.
 14.         14.          9.10222222 14.         14.         14.        ]
14.0
14.0
14.000000000000004
13.999999999999993
14.000000000000004
13.999999999999993
14.0
14.0
14.0
9.102222222222231
13.999999999999993
14.0
[14.         14.         14.         14.         14.         14.
 14.         14.         14.         14.         14.         14.
  7.66580658  7.42948044  3.3569352   0.          0.          0.
 14.          6.61234568  0.          7.93333333 14.         14.
 14.         14.         14.         10.65555556 14.         14.
 10.25222222 14.         14.         14.         14.         14.        ]
14.0
14.0
14.0
13.999999999999995
10.655555555555557
13.999999999999998
13.999999999999995
10.252222222222226
14.0
13.999999999999998
14.000000000000002
13.999999999999996
[14.         14.         14.         14.         14.         14.
 14.         14.         14.         14.         14.          8.96353984
 11.4239694   3.3569352   0.          0.          0.         10.0345679
 10.57777778  0.          7.93333333 14.         14.         14.
 14.         14.         14.         14.         11.49222222 14.
  4.34111111 14.         14.         14.          7.61222222  7.04222222]
14.0
14.000000000000018
14.0
13.999999999999998
13.999999999999998
11.492222222222221
13.999999999999988
4.341111111111111
14.000000000000002
14.0
14.0
7.612222222222222
[14.         14.         14.         14.         14.         14.
 14.         14.         14.         14.         14.         11.4239694
  4.67915742  0.          0.          0.3690954   6.61234568 14.
  0.          7.93333333 14.         14.         14.         14.
 14.         14.         14.         14.         10.58888889  0.45333333
 14.         14.         14.          4.01333333  8.29222222 13.65666667]
14.0
14.000000000000002
13.999999999999991
13.999999999999998
13.999999999999995
10.588888888888906
0.4533333333333333
14.000000000000002
14.0
13.999999999999998
4.013333333333333
8.292222222222222
[14.         14.         14.         14.         14.         14.
 14.         14.         14.          5.02576207 11.4239694   3.3569352
  0.          0.          0.         14.         14.         12.26494907
  2.64444444 14.         11.9        14.         14.         14.
 14.         11.20616204  1.32222222  1.75        6.42222222 14.
 14.         14.          8.89333333  6.59222222 14.         13.16555556]
14.0
13.99999999999999
11.206162044444444
1.3222222222222222
1.7499999999999996
6.422222222222222
13.999999999999996
14.000000000000004
14.0
8.893333333338184
6.592222222222222
14.000000000003261
[14.         14.         14.         14.         14.         14.
 14.         14.          0.69888889  2.70195369  3.3569352   0.
  0.          0.         14.         14.         14.         14.
 14.         14.          0.         11.66666667 14.         13.22222222
  6.68888889  7.93333333  7.56111111  7.93333333 14.         14.
 14.         14.          2.17222222  3.86888889 11.46555556 14.        ]
13.222222222222221
6.6888888888907605
7.933333333333334
7.56111111111111
7.933333333333334
14.000000000000004
14.0
13.999999999995119
14.000000000004881
2.172222222222222
3.8688888888938537
11.465555555561028
[14.         14.         14.         14.         14.         14.
 14.          0.58111111  0.          0.          0.          0.
  0.          9.25679012 14.          0.          5.28888889 14.
 14.         14.         14.         14.         14.         14.
 14.         14.         10.19777778 14.         14.         14.
  7.57444444 13.31666667  1.49222222  4.72222222 10.74777778 13.78888889]
13.999999999999996
14.0
14.0
10.197777777777798
14.0
13.999999999999995
13.999999999999995
7.5744444444444445
13.316666666666666
1.4922222222222221
4.722222222222222
10.747777777777777
[14.         14.         14.         14.         14.         14.
  5.82195369  1.36        3.3569352   0.          0.          0.
 14.          0.         13.22222222  9.02222222 14.         14.
 14.         14.         14.         14.         14.         14.
 14.          5.13333333 14.         14.         14.         13.70666667
  4.49555556  9.93222222  7.46111111  7.59333333  6.53222222 14.        ]
14.0
14.0
5.133333333333363
14.0
14.0
14.000000000000002
13.706666666666667
4.495555555555556
9.932222222222222
7.46111111111111
7.593333333333333
6.532222222222219
[14.         14.         14.         14.         14.         14.
  5.23639813  3.3569352   0.          0.          0.         14.
  0.         11.38111111 14.          0.         14.         14.
 14.         14.         14.         14.         14.         14.
 14.         14.         14.         14.          4.04222222  5.83333333
 14.          1.81333333  7.40444444 14.         12.67444444 12.61777778]
13.999999999999996
13.999999999999993
14.0
14.0
14.0
4.042222222222222
5.833333333333334
13.999999999999993
1.813333333333333
7.404444444444444
14.0
12.674444444444445
[14.         14.         14.         14.         14.         11.4239694
  4.78491949  0.          1.19        0.         14.          6.61234568
  0.         14.         14.         10.36838427 14.         14.
 14.         14.         14.         14.         14.         14.
 14.         14.         14.         14.         14.          2.27161573
 14.          3.74        4.21222222 10.89888889  7.63111111 11.10666667]
13.999999999999998
14.0
14.0
14.0
14.000000000000002
14.0
2.271615733333378
14.000000000000002
3.7399999999999993
4.212222222222222
10.898888888888889
7.63111111111111
[14.         14.         14.         14.          9.92750924  3.3569352
  0.          0.          0.         10.57777778 10.0345679   0.
 14.         14.         14.         14.         11.27777778 14.
 14.         14.         14.         14.         14.         14.
 14.         14.         14.          4.34444444  5.05555556 13.76666667
 14.          3.86888889  6.06333333  4.55222222 11.01222222  9.97333333]
14.0
14.0
13.999999999999993
13.999999999999986
4.344444444444445
5.055555555555555
13.76666666666667
13.999999999999993
3.8688888888888964
6.063333333333333
4.552222222222222
11.01222222222222
[14.         14.         14.         12.08174718  4.19047504  4.57111111
  1.54888889  0.81222222 13.22222222 12.67901235  0.          2.64444444
 14.         14.         14.         14.         14.         14.
 14.         14.         14.          7.15555556 14.         14.
 14.         14.         14.         13.79888889 14.          1.68111111
 12.50444444  0.98222222  3.94777778  7.59333333 12.91666667 14.        ]
13.999999999999998
14.0
13.999999999999998
13.999999999999993
13.798888888888898
14.0
1.681111111111111
12.504444444444445
0.9822222222222222
3.9477777777777776
7.593333333333332
12.916666666666666
[14.         14.         12.29285829  6.22804631  2.23131762  4.62777778
  1.02       14.          0.         13.22222222  9.8        14.
  6.61111111 14.         14.         11.12222222 14.         14.
 14.         14.          9.25555556 14.         14.         14.
 14.         14.         14.         14.          3.48777778  3.46111111
  5.32333333  6.10111111  7.66888889  7.15888889 14.         13.73222222]
14.0
13.999999999999988
14.0
13.999999999999993
14.0
3.487777777777781
3.4611111111111232
5.323333333333333
6.101111111111111
7.668888888888889
7.158888888888888
14.000000000000004
[14.         14.         14.          3.97555556  7.42333333  0.
 14.         14.          0.          9.8        14.         11.66666667
 11.12345679 14.         14.         10.6017176  14.         14.
 14.         13.53333333 14.         14.         14.         14.
 12.61494907 14.         14.          4.68111111  3.03777778  1.41666667
 14.          6.85666667  7.17777778  5.23222222  7.15888889  7.91444444]
13.999999999999993
12.614949066666686
14.0
13.999999999999991
4.681111111111111
3.0377777777777784
1.4166666666666667
14.0
6.8566666666666665
7.177777777777777
5.232222222222222
7.158888888888888
[14.         14.          8.89666667  7.62444444  0.         13.07679012
 13.22222222  0.         14.          0.         14.         14.
 14.         14.         14.         14.         13.76666667 14.
 14.         14.         14.         14.         14.         14.
 14.         14.         14.          7.82222222  0.          4.91111111
  0.98222222  2.26666667  2.32333333  8.67       12.16444444 13.35444444]
14.0
13.999999999999998
14.0
13.999999999999993
7.822222222222239
0.0
4.9111111111111105
0.9822222222222221
2.2666666666666666
2.3233333333333333
8.670000000000002
12.164444444444444
[14.         14.          0.         11.68555556 14.          6.61234568
  0.          7.93333333 14.         14.         14.         14.
 14.         14.         14.         12.44444444 14.         14.
 14.         14.         14.         14.         10.11111111 14.
  6.61111111 11.73777778 14.          6.44111111  5.93111111  6.42222222
  4.89222222  9.51666667  6.55444444  5.95        5.11888889 10.10555556]
14.0
6.611111111111111
11.737777777777794
14.0
6.441111111111111
5.931111111111111
6.4222222222222225
4.892222222222222
9.516666666666667
6.554444444444444
5.949999999999999
5.118888888888889
[12.01333333  7.72555556 10.12444444 14.          0.          0.
 14.          0.         14.         14.         14.         14.
 14.         14.         14.         14.         14.         14.
 14.         14.         14.         14.          0.          6.61111111
 14.         14.          8.72333333 14.          8.91888889 13.39222222
  4.02333333  4.55222222  3.74        5.06222222  9.06666667 12.58      ]
6.611111111111111
14.0
13.999999999999988
8.723333333333334
14.0
8.918888888888928
13.392222222222221
4.023333333333333
4.5522222222222215
3.7399999999999998
5.062222222222222
9.066666666666666
[13.50555556  8.74555556  0.          0.          7.93333333 14.
 14.         14.         14.         14.          7.85555556 14.
 14.         14.         14.         14.         14.         14.
 14.         13.53333333 14.          0.         14.         14.
 14.         14.         14.          1.96444444 14.          8.1
  5.44        2.87666667  2.67888889  5.61        8.72666667 14.        ]
14.000000000000002
13.999999999999995
14.000000000000004
14.000000000000002
1.9644444444444442
14.000000000000002
8.099999999999998
5.4399999999999995
2.8766666666666696
2.6788888888888884
5.609999999999999
8.726666666666667
[14.          0.          0.         11.9        10.57777778 14.
 14.         14.         14.         14.         14.         14.
 14.         14.          2.64444444 14.         14.         14.
 14.         14.         14.         14.         14.         12.13333333
  8.47777778  3.18888889  2.05555556 13.22222222  0.          5.23222222
 12.22111111  2.28555556 14.          3.36222222 11.21666667 14.        ]
12.133333333333393
8.477777777777778
3.188888888888889
2.055555555555557
13.222222222222221
0.0
5.232222222222222
12.22111111111111
2.2855555555555553
13.999999999999998
3.362222222222222
11.216666666666665
[ 0.          0.          5.28888889 12.73111111 13.54       13.88333333
 14.         14.         14.         14.         14.         14.
 13.28666667  0.         14.         14.         14.         14.
 11.9        14.         14.         14.         14.          1.08888889
 14.          8.47777778  7.93390311 14.          0.11333333  8.22888889
  1.32222222  5.57222222  6.27276356 14.         14.         14.        ]
1.088888888888894
14.0
8.477777777777781
7.93390311111112
13.999999999999996
0.11333333333333334
8.228888888888886
1.3222222222222222
5.572222222222221
6.272763555555554
14.0
14.0
[ 0.         13.9282824   9.93555556 11.73       10.78555556 11.59777778
  9.21777778 13.23716049  7.27222222 13.47949538 12.69333333 10.65555556
 14.         14.         14.         14.         13.76666667 14.
  2.64444444 14.         10.98666667  2.64444444 14.          7.93333333
  0.          0.         14.          8.47777778 14.          8.00056978
  5.34555556  5.47111111  9.67609689 14.         14.         14.        ]
7.933333333333334
0.0
0.0
14.0
8.477777777777778
14.0
8.00056977777778
5.345555555555555
5.471111111111112
9.676096888888887
14.000000000000002
13.999999999999996
[13.40777778 14.         14.         13.07111111 10.2         5.32666667
  5.28888889  3.30555556 14.          6.02555556 13.22222222 14.
 14.         14.         14.          3.78056978 14.         14.
 13.22222222 10.57777778 13.22222222  7.93333333 14.          0.
  3.96666667  6.61111111  3.17333333  9.72777778  0.45333333 11.81111111
  0.          6.88054133 14.         14.         14.         14.        ]
0.0
3.966666666666667
6.611111111111111
3.1733333333333333
9.727777777777778
0.45333333333333337
11.811111111111122
0.0
6.8805413333333325
14.0
14.000000000000005
13.99999999999999
[14.         13.46777778 13.71333333 11.23888889 14.          2.87111111
  8.87444444 12.64838427  6.92050462  3.96666667  8.11555556 14.
 14.         14.          5.6        14.         14.          8.47777778
 10.57777778 14.         14.         13.61056978  9.00666667  3.96666667
  6.61111111  5.28888889 12.32444444  0.          1.32222222  8.32333333
  6.767208   14.         14.         14.         14.         14.        ]
3.966666666666667
6.611111111111111
5.288888888888889
12.324444444444453
0.0
1.3222222222222222
8.323333333333345
6.767207999999998
14.000000000000004
13.999999999999986
14.0
14.000000000000002
[12.73111111 13.29777778 14.         11.08777778  4.77888889  3.98939351
  4.96060649 14.         14.         14.         14.         14.
 14.          7.7         0.         11.75501422 14.         14.
 13.22222222 14.         14.          8.63777778  5.28888889  7.93333333
  6.61111111  9.25555556  0.          1.32222222  1.25888889  6.767208
 14.         14.         14.         14.         14.         14.        ]
7.933333333333334
6.611111111111111
9.255555555555556
0.0
1.3222222222222222
1.2588888888889098
6.767207999999998
13.999999999999996
14.0
13.999999999999996
14.000000000000004
13.999999999999979
[14.         13.38555556  5.74222222  6.83777778 14.         11.78666667
 11.22        1.51111111 14.         14.         14.         14.
 12.33666667  5.28888889 14.         14.          0.         14.
  0.          9.25555556 10.57777778  1.32222222 14.          9.25555556
  2.41111111  9.25555556 10.57777778  9.48834756  9.41165244 14.
 14.         14.         14.         14.         14.         14.        ]
9.255555555555556
2.4111111111111216
9.255555555555556
10.577777777777778
9.488347555555558
9.411652444444442
13.999999999999995
13.999999999999995
14.000000000000004
13.999999999999996
13.999999999999993
13.999999999999998
[14.         11.05717129  8.85555556  8.36777778 11.08060649  2.68222222
  6.70555556  9.25555556 14.         14.         14.         14.
 14.         14.         14.          2.64444444  5.28888889  0.
  8.00444444  0.         14.          1.86666667 12.96390311 14.
 14.          6.61111111  5.05555556  9.41165244 14.         14.
 14.         14.         14.         14.         14.         14.        ]
14.000000000000002
14.000000000000002
6.611111111111111
5.055555555555552
9.411652444444442
14.0
13.999999999999982
14.0
13.999999999999996
13.999999999999995
14.000000000000004
14.0
[14.         14.         12.29666667 10.51444444  2.87111111  1.83222222
  5.96888889 14.         14.         14.          2.64333333  6.61111111
 14.         14.         14.          7.93333333  7.93333333  0.
 11.562792    5.28888889 10.57777778  9.25555556  6.61111111 10.57777778
  3.96666667  7.93333333 10.73387467 14.         14.         14.
 14.         14.         14.         14.         14.         14.        ]
10.577777777777778
3.966666666666667
7.933333333333334
10.733874666666665
14.0
13.999999999999998
14.0
13.999999999999993
13.999999999999993
13.999999999999996
13.999999999999998
14.0
[14.         14.          9.46333333  5.89       14.         10.61777778
 14.         14.         14.         10.87666667 14.          0.
  0.          9.25555556 11.9         2.64444444  1.32222222 13.22222222
  0.54444444 14.         11.9        13.76666667  9.12612533  2.64444444
  1.32222222  6.767208   14.         14.         14.         14.
 14.         14.         14.         14.         14.         14.        ]
2.6444444444444444
1.3222222222222222
6.767207999999998
14.0
14.000000000000002
14.0
13.999999999999998
13.999999999999975
14.0
14.000000000000002
13.99999999999999
14.0
[14.         10.81616204 10.67606018  7.97111111  4.36333333 14.
 14.         14.         10.57777778 13.22222222 14.          1.32222222
  1.32222222  6.92888889  7.93333333 13.53333333 14.          6.61111111
 14.          1.08888889 14.          8.47777778  0.          6.00612533
  6.767208   14.         14.         14.         14.         14.
 14.         14.         14.         14.         14.          6.34666667]
6.006125333333375
6.767207999999998
14.0
13.999999999999993
13.999999999999988
14.000000000000004
13.999999999999982
14.000000000000002
13.999999999999993
14.0
14.0
14.0
[14.         10.10555556 10.65        9.33111111 14.         14.
 14.          2.64444444 14.         14.          2.64444444  5.15555556
 14.          7.93333333  7.93333333  3.96666667  3.96666667  0.
  7.93333333 14.         13.76666667  7.91888889  9.25555556 13.22222222
 14.         14.         14.         14.         14.         14.
 14.         14.         14.         14.          7.00864164 11.88024724]
13.222222222222221
13.999999999999998
13.999999999999993
14.000000000000009
13.99999999999999
13.999999999999984
14.000000000000004
14.0
13.999999999999996
14.000000000000028
13.999999999999993
7.008641644444444
[ 8.82111111 13.46777778  8.34888889 14.         14.         14.
  4.68111111 11.76777778  2.07777778 14.          8.87444444  7.15555556
  0.78666667 10.57777778 14.          3.96666667  9.8        14.
  1.86666667  7.14111111 14.          5.28888889 14.         14.
 14.         14.         14.         14.         14.         14.
 14.         14.         14.          5.47777778 10.59666667  4.45777778]
14.0
13.99999999999999
14.000000000000002
13.999999999999995
13.999999999999998
14.0
14.000000000000002
14.0
14.0
14.0
5.477777777777778
10.596666666666668
[14.         14.         14.         14.         14.          5.76111111
  4.57111111 14.         14.         14.         14.         10.70945867
 14.          4.51111111  7.93333333  7.93333333  9.25555556  0.
  0.          1.35222222  3.18888889 10.73387467 14.         14.
 14.         14.         14.         14.         14.         14.
 14.         14.          9.74753053 11.69222222  5.44        5.68469169]
13.999999999999986
14.000000000000004
13.999999999999996
14.0
14.0
13.999999999999991
13.999999999999993
13.999999999999995
13.999999999999993
9.747530533333334
11.692222222222222
5.4399999999999995
[14.         14.         14.         14.          5.38       13.22222222
  0.         14.          6.61111111 14.         14.         11.9
 14.         14.          6.61111111  2.64444444  9.25555556  0.
  5.28888889 14.          8.54222222 14.         14.         14.
 14.         14.         14.         14.         14.         14.
 14.         10.58555556  6.87555556  1.17111111  2.09666667  6.34666667]
14.0
14.0
13.999999999999993
13.999999999999996
13.999999999999984
13.999999999999991
13.999999999999996
13.999999999999975
10.585555555555622
6.875555555555556
1.1711111111111112
2.0966666666666667
[14.         14.         14.         14.          5.51555556  9.30555556
  7.01666667  8.72666667 14.          7.93333333 14.          4.51111111
  5.28888889  7.77723644  5.94666667 14.          0.          5.28888889
  0.         10.92634413 14.         14.         14.         14.
 14.         14.         14.         14.         14.         14.
  5.02530831  3.45666667  8.80222222  6.21444444 10.71       10.59666667]
14.000000000000002
13.999999999999991
14.0
14.0
13.999999999999998
13.999999999999982
14.0
5.025308311111111
3.4566666666666666
8.802222222222223
6.214444444444444
10.71
[14.         14.         11.48111111 14.          5.04        5.28888889
  6.61111111 14.          7.93333333 13.06612533 14.          7.62444444
  2.64444444  2.64444444 12.58222222  3.52222222  1.32222222  7.15555556
  9.76387467 14.         14.         14.         14.         14.
 14.         14.         14.         14.         14.          4.89222222
 14.          2.85222222  7.62777778  8.00888889  4.70333333  2.58777778]
14.0
14.000000000000002
13.999999999999979
13.999999999999986
13.999999999999998
14.0
4.892222222222221
13.999999999999996
2.8522222222222218
7.627777777777778
8.008888888888889
4.703333333333333
[14.         13.59666667  9.40666667  3.38111111  8.61333333  7.27222222
 14.         14.          8.472792   14.          6.02222222  2.64444444
  2.64444444 14.          7.05498578  1.32222222 13.93666667 14.
 14.         14.         14.         14.         14.         14.
 14.         14.         14.         14.          9.21111111  5.98777778
  2.13444444  1.39777778  6.08222222  4.13666667  1.54888889  6.36555556]
14.0
13.99999999999999
14.000000000000004
14.0
13.999999999999986
9.211111111111109
5.987777777777778
2.134444444444444
1.3977777777777778
6.082222222222222
4.136666666666667
1.5488888888888888
[14.         14.         13.29111111  7.06444444  9.78444444 14.
 13.95555556  7.15390311 14.          5.47444444  9.25555556  2.64444444
 14.          5.28888889  5.28888889  0.          8.63387467 14.
 14.         14.         14.         14.         14.         14.
 14.         14.         14.         14.          6.40333333  3.17333333
  7.53777778  6.57333333  4.06111111  2.15333333  1.87        1.34111111]
14.0
13.999999999999998
14.0
14.000000000000002
14.0
6.403333333333334
3.173333333333333
7.53777777777786
6.573333333333333
4.061111111111112
2.1533333333333333
1.87
[14.         14.         14.         14.         14.          9.36888889
 14.         10.38555556  5.50555556  5.25111111  0.          9.25555556
  2.93666667 14.          7.93333333  8.67777778 14.         14.
 14.         14.         14.         14.         14.         14.
 14.         14.          7.42        7.91444444  2.53111111  2.56888889
  7.06444444  5.17555556  8.16        2.39888889  5.59111111  8.78333333]
14.0
13.999999999999998
14.0
7.419999999999998
7.9144444444444435
2.531111111111111
2.568888888888889
7.064444444444445
5.1755555555555555
8.16
2.398888888888888
5.591111111111111
[14.         14.         13.90222222 14.         11.21666667 11.27168089
 14.          9.02555556 10.57777778  3.18888889  9.81222222 14.
  7.93333333  9.25555556 13.73943022 14.         14.         14.
 14.         14.         14.         14.         14.         14.
 14.         12.77444444  9.16111111  1.94555556  1.22777778  7.29111111
  4.62777778  2.83333333  1.94555556  1.09555556  4.36333333  5.04333333]
13.999999999999995
13.999999999999993
12.774444444444464
9.161111111111111
1.9455555555555555
1.2277777777777779
7.29111111111111
4.627777777777778
2.833333333333333
1.9455555555555555
1.0955555555555556
4.363333333333333
[13.92111111 14.         14.         10.40777778 12.91501422 14.
  1.05777778 10.95222222 14.          9.03444444  0.          7.93333333
  5.28888889  8.71165244 14.         14.         14.         14.
 14.         14.         14.         14.         14.         14.
  8.36530831 10.38802502 14.          3.71111111  6.19555556  4.15555556
  2.11555556  5.38333333  1.49222222  3.68333333  4.76        5.66666667]
13.999999999999984
8.365308311111118
10.388025022222223
14.0
3.7111111111111272
6.195555555555555
4.155555555555555
2.115555555555556
5.383333333333333
1.4922222222222223
3.6833333333333336
4.76
[14.         14.         14.          6.76612533 14.          5.15666667
  7.71555556 14.          0.          6.44111111  4.45777778  7.93333333
 13.92276356 14.         14.         14.         14.         14.
 14.         14.         14.         14.         14.          3.8541972
  7.36666667  5.33691391 14.          7.32888889  9.55777778  2.21
 14.          8.47444444  3.06        5.00555556  5.02444444  4.38222222]
3.854197199999983
7.366666666666667
5.3369139111111625
14.0
7.328888888888889
9.557777777777776
2.21
13.999999999999982
8.474444444444462
3.0599999999999996
5.0055555555555555
5.024444444444445
[14.         13.18111111 13.91612533 14.         14.         10.21888889
  6.58888889 14.          2.04888889  1.13333333  8.51888889 11.29276356
 14.         14.         14.         14.         14.         14.
 14.         14.         14.         14.          4.39864164 14.
  1.17111111 13.59333333 14.          3.89111111  2.64444444 12.33358058
  1.75666667  3.64555556  6.17666667  3.49444444  2.34222222  6.97      ]
13.999999999999993
1.1711111111111112
13.593333333333344
13.999999999999995
3.8911111111111114
2.644444444444445
12.333580577777775
1.7566666666666666
3.6455555555555557
6.176666666666666
3.494444444444444
2.342222222222222
[14.         14.         13.23444444 12.24       10.74777778  2.90555556
  8.51888889 14.          4.96777778 11.82111111 14.         14.
 14.         14.         14.         14.         14.         14.
 14.         14.         14.          3.8541972  14.          5.28888889
  3.96666667 14.          8.55358058  2.39888889 14.          1.17111111
  2.81444444  4.19333333  3.91        5.92777778  6.63        8.29222222]
5.288888888888889
3.966666666666667
13.999999999999993
8.553580577777817
2.398888888888889
14.0
1.1711111111111112
2.8144444444444447
4.193333333333333
3.91
5.927777777777777
6.630000000001706
[14.         10.14       10.93666667  5.55333333  9.18        7.74444444
  3.74723644  9.14222222 10.29444444 14.         14.         14.
 14.         14.         14.         14.         14.         14.
 14.         14.          8.92584964 10.57777778 10.40444444  6.61111111
 14.          3.15024724  0.62333333 14.         10.72888889 14.
  3.98555556  7.80111111 12.88222222  0.         14.          6.55404802]
6.611111111111111
13.999999999999993
3.150247244444443
0.6233333333333333
14.000000000000002
10.728888888888887
14.000000000000004
3.985555555555555
7.80111111111111
12.882222222222222
0.0
14.0
[14.          7.74444444 11.97222222  9.69        6.42222222  1.79444444
  4.23111111 11.48222222 14.         14.         14.         14.
 14.         14.         14.         14.         14.         14.
 14.         14.          0.         13.76666667 14.         12.78111111
 14.          9.25555556  0.         11.9        11.9        14.
  8.89666667  8.55666667  0.          7.14293691 12.27492618 13.81062938]
12.781111111111123
13.999999999999998
9.255555555555556
0.0
11.9
11.899999999999999
13.999999999999986
8.896666666668422
8.556666666666665
0.0
7.1429369135802485
12.274926177777786
[14.          5.06222222 10.67222222  8.38666667  7.96777778  3.47555556
  4.88888889 14.         14.         14.         14.         14.
 14.         14.         14.         14.         14.         14.
 14.         14.          0.          1.32222222 14.          3.96666667
 14.         14.         10.65555556 14.         11.09194926 12.63777778
 14.          0.         14.          0.         14.         14.        ]
3.966666666666667
13.999999999999998
14.000000000000002
10.655555555555555
14.0
11.091949259259257
12.637777777777806
14.000000000000004
0.0
14.000000000000002
0.0
13.999999999999998
[14.          4.64666667  5.64444444  9.86888889  4.02333333  8.31888889
 14.         14.         14.         14.         14.         14.
 14.         14.         14.         14.         14.          7.93333333
  4.59083815 14.          3.96666667  7.46666667 14.         14.
 14.          0.         14.         14.         14.          3.01888889
  0.         14.          0.         14.         14.         14.        ]
14.000000000000002
14.000000000000004
0.0
14.0
14.0
14.000000000000002
3.0188888888888847
0.0
13.999999999999982
0.0
13.999999999999982
14.000000000000005
[14.          7.79612533 11.82111111  3.81555556  4.91111111 13.507208
 14.         14.         14.         14.         14.         14.
 14.         14.         14.         14.          9.01864164 14.
 14.          6.61111111  0.         10.25972704  0.          4.07913613
 14.         14.         14.         11.9        11.10666667  0.
 14.          0.         14.         14.         14.         14.        ]
4.079136133333334
14.0
13.999999999999998
14.0
11.9
11.106666666666667
0.0
13.999999999999982
0.0
14.0
14.0
13.999999999999996
[14.         13.46777778  5.07777778 11.05       14.         14.
 14.         14.         14.         14.         14.         14.
 14.         14.         14.         14.          7.7         0.
  1.86666667 14.         13.98888889 14.         10.57777778  3.96666667
 10.57777778  1.60528259 14.         14.          0.         14.
  0.         14.         14.         14.         14.         14.        ]
3.966666666666667
10.577777777777778
1.6052825925926246
13.999999999999993
13.999999999999995
0.0
14.0
0.0
13.999999999999991
14.000000000000004
14.000000000000004
13.999999999999993
[13.82666667  7.74444444  5.81777778 11.24387467 14.         14.
 14.         14.         14.         14.         14.         14.
 14.         14.         14.          9.02222222  5.28888889 10.57777778
  1.32222222 14.          0.         14.         14.         14.
 13.07612533 14.         11.9         0.         10.38888889  0.
 13.7728516  14.         14.         14.         14.         10.14465321]
13.999999999999998
13.07612533333338
13.999999999999996
11.899999999999999
0.0
10.38888888888889
0.0
13.772851599999981
14.0
14.0
14.0
14.0
[14.          9.46333333 10.76333333 14.         14.         14.
 14.         14.         14.         14.         14.         14.
 14.         13.32864164  3.18888889  0.         14.         14.
 14.          2.64444444 12.19024724 14.         14.         14.
 14.         14.          6.70455581 10.57777778  0.         13.7728516
 14.         14.         14.         14.          0.          5.78      ]
14.0
14.0
14.000000000000007
6.70455580740744
10.577777777777778
0.0
13.772851599999981
13.999999999999988
13.999999999999964
13.999999999999998
13.999999999999982
0.0
[11.27168089 12.43387467 14.         14.         14.         14.
 14.         14.         14.         14.         14.         14.
  5.17641942 14.          0.          2.46       14.         14.
 14.         14.          7.65691391 14.         14.         14.
 14.         11.11888889 14.          0.         13.7728516  14.
 14.         14.         14.         10.22122247  0.         11.84333333]
14.0
14.0
11.118888888888906
13.999999999999991
0.0
13.772851599999996
14.000000000000004
13.99999999999999
14.000000000000007
13.999999999999986
10.221222474074075
0.0
[ 9.67609689 14.         14.         14.         14.         14.
 14.         14.         14.         14.         14.          9.14308609
 14.         12.44444444 10.57777778  9.13469169  6.28612533  6.61111111
  1.32222222 14.         14.         13.22222222 10.57777778 14.
 11.00788914 14.          0.         13.7728516  14.         14.
 14.         14.         12.37222222  0.          8.57555556  4.81666667]
14.0
11.007889140740723
13.999999999999995
0.0
13.772851599999987
14.000000000000007
13.999999999999993
14.000000000000002
13.999999999999977
12.372222222222222
0.0
8.575555555555553
[14.         14.         14.         14.         14.         14.
 14.         14.         14.         14.          5.17641942  4.97555556
 14.         14.         14.         14.         13.22222222  0.11246947
  5.12444444 12.75555556 14.         14.         14.         10.57777778
 11.66048173 14.         13.7728516  14.         14.         14.
 14.         14.          0.         12.24        0.          5.42111111]
10.577777777777778
11.660481733333366
14.0
13.772851599999985
13.999999999999998
13.99999999999998
14.0
14.0
14.0
0.0
12.239999999999998
0.0
[14.         14.         14.         14.         14.         14.
 14.         14.         14.         14.         12.32358058  1.32222222
  6.50308609  0.          6.61111111 10.88888889 14.         14.
 14.         14.         14.         14.          8.23825951 14.
 14.         13.7728516  14.         14.         14.         14.
 14.          0.         12.95777778  3.51333333  0.          8.95333333]
14.0
14.0
13.772851599999996
14.000000000000005
13.999999999999984
14.0
13.999999999999982
14.000000000000018
0.0
12.957777777777778
3.5133333333333328
0.0
[14.         14.         14.         14.         14.         14.
 14.         14.         10.01197498 14.         14.          3.43
 14.          6.42777778  9.02222222  0.11246947 11.9        14.
 10.57777778 14.         14.         10.65555556 14.         14.
 14.         14.         14.         14.         14.         14.
  0.         10.93666667  4.08        0.          5.95        1.24666667]
14.0
13.999999999999995
14.000000000000004
14.0
14.0
14.0
14.0
0.0
10.936666666666666
4.08
0.0
5.9499999999999975
[14.         14.         14.         14.         14.         14.
 14.          6.7441972   5.28888889  9.36555556  0.         14.
 14.          7.2058028  14.         14.         14.         14.
 14.         14.         10.33825951 14.         11.9        13.7728516
 14.         14.         14.         14.         14.          0.
  8.02777778  4.62777778  0.          0.29888889  1.19       14.        ]
13.772851599999985
13.999999999999996
14.0
13.999999999999996
14.0
14.000000000000004
0.0
8.027777777777771
4.627777777777778
0.0
0.29888888888888887
1.1899999999999997
[14.         14.         14.         14.         14.         14.
 14.          4.08777778 14.          5.28888889 12.44444444  2.64444444
 14.          3.96666667 14.         14.         12.21111111 14.
 14.          9.25555556 14.         12.75555556 14.         14.
 14.         14.         14.         14.          0.          0.
  5.11222222  0.          0.          0.         14.         14.        ]
14.000000000000002
13.999999999999995
13.999999999999996
14.000000000000004
14.0
0.0
0.0
5.1122222222222256
0.0
0.0
0.0
13.999999999999996
[14.         14.         14.         14.         14.         12.98308609
  1.09555556 10.57777778 14.         10.49888889 14.          8.24444444
 14.          0.         11.05802502 14.         14.         14.
 14.         11.9        10.11111111 14.         14.         14.
 14.         14.         14.          0.          0.          0.
  0.          0.          0.         14.         14.         14.        ]
13.999999999999993
13.999999999999993
14.000000000000005
13.99999999999999
0.0
0.0
0.0
0.0
0.0
0.0
13.999999999999998
13.999999999999998
[14.         14.         14.         14.          7.46197498 14.
  2.8        14.          8.93024724  4.15222222  7.93333333 14.
 14.         14.         14.         14.         14.         10.57777778
 11.66048173 14.         13.7728516  14.         14.         14.
 14.         14.          0.          0.          0.          0.
  0.          0.         14.         14.         14.         14.        ]
13.999999999999995
14.0
14.000000000000005
0.0
0.0
0.0
0.0
0.0
0.0
14.0
14.000000000000004
13.999999999999998
[14.         14.         14.          9.6841972   5.97246947  2.75777778
 14.          0.         14.         14.         14.         14.
 14.         14.         14.         14.         14.          8.01111111
 14.         14.         14.         14.         14.         14.
 14.          0.          0.          0.          0.          0.
  0.         14.         14.         14.         14.         14.        ]
14.000000000000005
13.999999999999998
0.0
0.0
0.0
0.0
0.0
0.0
14.0
14.000000000000004
14.0
14.0
[14.         14.         14.         14.         13.44777778 14.
 12.14777778 14.          0.86888889  7.93333333 14.         14.
 14.         14.         14.         13.76666667 11.9        10.57159284
 13.7728516  14.         14.         14.         14.         14.
  0.          0.          0.          0.          0.          0.
 13.33555556 14.         13.40444444 14.         14.         13.95555556]
14.00000000000001
0.0
0.0
0.0
0.0
0.0
0.0
13.335555555555555
13.999999999999996
13.404444444444444
14.0
14.0
[14.         14.         14.          3.57        6.04444444 12.57555556
 14.         13.29444444  9.25222222 14.         14.         14.
 14.         14.         14.         12.44444444  9.79381507 13.7728516
 14.         14.         14.         14.         14.          0.
  0.          0.          0.          0.          0.          9.25555556
 12.24       10.62777778 14.         12.23666667 14.         14.        ]
0.0
0.0
0.0
0.0
0.0
0.0
9.255555555555556
12.239999999999998
10.627777777777773
14.0
12.236666666666665
14.0
[14.         14.          5.17555556 13.3158028  14.         14.
 10.65333333  6.18864164 14.         14.          8.59444444 14.
 14.         14.         14.          9.33333333 14.         14.
 14.         14.         14.         14.          0.          0.
  0.          0.          0.          0.          9.25555556 12.48444444
 14.         14.         14.         14.         14.         14.        ]
0.0
0.0
0.0
0.0
0.0
9.255555555555556
12.48444444444446
13.999999999999986
14.000000000000004
14.000000000000004
14.0
13.999999999999998
[14.          7.66222222 14.         14.          6.23       14.
  2.45555556 11.67555556 14.         14.         14.         14.
 11.9        13.53333333 13.22222222 14.         14.         14.
 14.         14.         14.          0.          0.          0.
  0.          0.          0.         12.33444444 11.9        11.73
 14.         14.         10.97666667 14.         14.         14.        ]
0.0
0.0
0.0
0.0
12.334444444444445
11.899999999999999
11.73
13.999999999999998
14.000000000000002
10.97666666666666
14.000000000000005
13.999999999999996
[14.         13.09222222  5.92777778  8.70777778 14.         14.
  7.93       14.         14.         14.         14.         14.
 10.33825951 11.9        13.7728516  14.         14.         14.
 14.         14.          0.          0.          0.          0.
  0.          0.          9.8        14.          5.56888889 11.9
 14.         14.         14.         13.98333333 14.         14.        ]
0.0
0.0
0.0
9.799999999999997
14.000000000000004
5.568888888888889
11.9
14.0
14.000000000000002
14.000000000000004
13.983333333333322
14.00000000000001
[14.         14.          6.89444444 14.         12.62888889 14.
 14.         14.         14.         14.         11.11603729 11.9
 12.99507382 14.         14.         14.         14.         14.
 14.          0.          0.          0.          0.          0.
  0.          9.25555556 14.         14.         14.         14.
 13.81555556 14.         14.         14.         14.         14.        ]
0.0
0.0
9.255555555555556
13.999999999999998
13.999999999999993
13.999999999999995
13.999999999999996
13.815555555555573
14.000000000000002
14.0
13.999999999999995
13.999999999999996
[13.86444444 13.14       10.06777778 14.          5.49666667 12.8
 14.         14.         14.         13.50555556 12.75555556 14.
 14.         14.         14.         14.         14.         14.
  0.          0.          0.          0.          0.          0.
 14.         14.         14.         14.         14.         14.
 14.         14.         14.         14.         14.         14.        ]
0.0
13.999999999999986
14.000000000000002
13.999999999999996
13.999999999999998
13.999999999999993
14.0
13.999999999999996
13.999999999999998
14.000000000000002
13.999999999999996
13.999999999999998
[14.         13.9228516  10.95555556 14.         12.97666667 14.
 14.         14.         14.         14.          8.23825951 14.
 14.         14.         14.         14.         14.          0.
  0.          0.          0.          0.          0.         10.57777778
 14.         10.57777778 14.         14.         13.42222222 14.
 14.         14.         14.         14.         11.40888889 13.41111111]
10.577777777777778
14.0
10.577777777777778
14.000000000000002
14.0
13.422222222222233
13.999999999999995
13.999999999999996
14.0
13.99999999999999
14.0
11.408888888888889
[14. 14. 14. 14. 14. 14. 14. 14. 14. 14. 14. 14. 14. 14. 14. 14.  0.  0.
  0.  0.  0.  0. 14. 14. 14. 14. 14. 14. 14. 14. 14. 14. 14.  0. 14. 14.]
14.0
14.0
13.999999999999996
14.0
14.000000000000002
14.0
13.999999999999986
14.000000000000004
14.0
13.999999999999975
0.0
14.000000000000004
[14. 14. 14. 14. 14. 14. 14. 14. 14. 14. 14. 14. 14. 14. 14.  0.  0.  0.
  0.  0.  0. 14. 14. 14. 14. 14. 14. 14. 14. 14. 14. 14. 14.  0. 14. 14.]
14.0
14.000000000000002
14.0
14.000000000000004
13.999999999999995
14.0
13.999999999999991
13.999999999999993
14.0
13.999999999999995
0.0
13.999999999999986
[14. 14. 14. 14. 14. 14. 14. 14. 14. 14. 14. 14. 14. 14.  0.  0.  0.  0.
  0.  0. 14. 14. 14. 14. 14. 14. 14. 14. 14. 14. 14.  0. 14. 14. 14. 14.]
14.0
14.0
13.999999999999995
13.999999999999998
13.99999999999999
13.999999999999998
14.0
13.99999999999999
0.0
14.000000000000004
13.999999999999996
14.000000000000002
[14. 14. 14. 14. 14. 14. 14. 14. 14. 14. 14. 14. 14.  0.  0.  0.  0.  0.
  0. 14. 14. 14. 14. 14. 14. 14. 14. 14. 14. 14. 14.  0. 14. 14. 14. 14.]
13.999999999999991
14.000000000000002
14.0
13.999999999999993
14.000000000000004
14.0
14.0
14.0
0.0
14.0
14.0
14.0
[14. 14. 14. 14. 14. 14. 14. 14. 14. 14. 14. 14.  0.  0.  0.  0.  0.  0.
 14. 14. 14. 14. 14. 14. 14. 14. 14. 14. 14. 14.  0. 14. 14. 14. 14. 14.]
13.99999999999994
14.000000000000002
13.999999999999986
13.999999999999991
14.0
14.0
13.999999999999993
0.0
13.999999999999998
13.999999999999993
14.000000000000004
14.0
[14.         14.         14.         14.         14.         14.
 14.         14.         14.         14.         14.          0.
  0.          0.          0.          0.          0.         14.
 14.         14.         14.         14.         14.         14.
 14.         14.         14.         14.          0.         14.
 14.         14.         14.         14.         14.          4.47666667]
14.0
13.999999999999998
14.0
14.000000000000002
13.999999999999984
0.0
13.999999999999975
14.000000000000005
14.0
13.999999999999996
13.999999999999993
13.999999999999998
[14.         14.         14.         14.         14.         14.
 14.         14.         14.         14.          0.          0.
  4.02777778  0.          0.          0.         14.         14.
 14.         13.22222222 14.         13.84444444 14.         14.
 14.         14.          9.22617284 14.         14.         14.
 14.         14.         14.         14.          0.          5.00555556]
13.999999999999995
13.999999999999995
14.0
9.226172839506228
13.999999999999996
13.99999999999999
13.999999999999998
13.99999999999998
13.999999999999986
13.999999999999993
13.999999999999991
0.0
[14.         14.         14.         14.         14.         14.
 14.         14.         14.          0.          0.          0.
  0.          0.          0.         14.         14.         14.
 14.         14.         14.         14.         14.         14.
 14.         14.         14.         14.         14.         14.
 14.         14.         14.          4.13666667  0.         12.31555556]
13.999999999999998
13.999999999999977
13.99999999999995
14.0
14.0
13.999999999999991
13.999999999999979
13.999999999999979
13.999999999999993
14.0
4.136666666666667
0.0
[14.         14.         14.         14.         14.         14.
 14.         14.          0.          0.          0.          0.
  0.          0.         14.         14.         14.         14.
 14.         14.         14.         10.57777778 10.88888889 14.
 14.         14.         13.07666667 13.05888889 14.         14.
 14.         14.          2.66333333  3.41888889  6.55444444 10.35111111]
14.0
13.999999999999993
14.0
13.076666666666672
13.058888888891568
14.000000000000002
13.999999999999991
14.0
14.0
2.663333333333333
3.4188888888888886
6.554444444444445
[14.         14.         14.         14.         14.         14.
 14.          0.          0.          0.          0.          0.
  0.         14.         14.         14.         14.         14.
 14.         14.         14.         14.         14.         14.
 14.         14.          9.47777778 14.         14.         14.
 14.          0.88777778  4.25        5.11368032  9.44965301  3.30555556]
14.0
14.0
14.0
9.477777777777778
14.000000000000004
13.999999999999993
13.999999999999991
14.000000000000002
0.8877777777777777
4.25
5.113680322222222
9.44965301111111
[14.         14.         14.         14.         14.         14.
  0.          0.          0.          0.          0.          0.
 14.         14.         14.         14.         14.         14.
 14.         14.         14.         14.         14.         14.
 14.         14.         14.         14.         14.         14.
  2.13444444  3.74        6.41701366  5.42631968  4.47666667  3.89111111]
13.999999999999993
14.0
14.000000000000014
14.0
14.0
13.999999999999991
14.0
2.134444444444444
3.7399999999999998
6.417013655555555
5.426319677777777
4.476666666666667
[14.         14.         14.         14.         14.          0.
  0.          0.          0.          0.          0.         14.
 14.         14.         14.         14.         14.         14.
 14.         14.         14.         13.31888889 14.         14.
 14.         14.         14.         14.         14.          3.07888889
  2.90888889  3.30034699  1.5885419   3.68333333  1.41666667 14.        ]
14.0
14.0
14.000000000000002
14.0
14.000000000000004
14.000000000000004
3.0788888888888892
2.9088888888888884
3.3003469888888888
1.5885418999999958
3.6833333333333336
1.4166666666666665
[14.         14.         14.         14.          2.26666667 13.53904804
  4.9553964   0.          0.          0.         14.         14.
 14.         14.         14.         14.         14.         14.
 14.         14.         14.         14.         14.         14.
 14.         14.         14.         14.          0.90666667  2.28555556
  2.56222222  0.          0.          0.         14.         14.        ]
14.0
13.999999999999995
14.0
13.999999999999993
14.0
0.9066666666666667
2.285555555555556
2.5622222222222226
0.0
0.0
0.0
14.000000000000004
[1.40000000e+01 1.40000000e+01 1.40000000e+01 8.04333333e+00
 9.81888889e+00 1.90777778e+00 0.00000000e+00 0.00000000e+00
 0.00000000e+00 1.40000000e+01 1.40000000e+01 1.40000000e+01
 1.40000000e+01 1.40000000e+01 1.40000000e+01 1.40000000e+01
 1.40000000e+01 1.40000000e+01 1.40000000e+01 1.40000000e+01
 1.40000000e+01 1.40000000e+01 1.40000000e+01 1.40000000e+01
 1.40000000e+01 1.40000000e+01 1.40000000e+01 9.53333333e-01
 0.00000000e+00 1.22222222e-02 0.00000000e+00 0.00000000e+00
 0.00000000e+00 1.40000000e+01 1.40000000e+01 1.40000000e+01]
13.999999999999991
14.0
14.0
14.0
0.9533333333333375
0.0
0.012222222222222955
0.0
0.0
0.0
14.000000000000002
13.999999999999996
[14.         14.          4.47        4.25        4.45777778  0.
  0.          0.         14.         14.         14.         14.
 14.         14.         14.         14.         14.         14.
 14.         14.         14.         14.         14.         14.
 14.         14.          0.          0.          0.          0.
  0.          0.         14.         14.         14.         14.        ]
13.999999999999993
14.0
13.999999999999998
0.0
0.0
0.0
0.0
0.0
0.0
13.999999999999993
14.0
14.000000000000004
[14.         10.78222222  6.23333333  2.98444444  0.          0.
  0.         14.         14.         14.         14.         14.
 14.         14.         14.         14.         14.         14.
 14.         14.         14.         14.         14.         14.
 14.          0.          0.          0.          0.          0.
  0.         14.         13.83555556 14.         14.         14.        ]
13.999999999999993
14.000000000000076
0.0
0.0
0.0
0.0
0.0
0.0
14.0
13.835555555555565
13.99999999999999
14.00000000000001
[14.         14.          7.39206307  0.71777778  0.          0.40571471
 14.         14.         14.         14.         14.         14.
 14.         14.          6.10111111 14.         14.         14.
 14.         14.         14.         14.         14.         14.
  0.          0.          0.          0.          0.          0.
 14.         14.         14.          4.27777778  5.96888889  0.        ]
14.000000000000004
0.0
0.0
0.0
0.0
0.0
0.0
13.999999999998634
14.000000000000002
14.0
4.2777777777791455
5.968888888888888
[14.          6.74650751  0.          3.07238138  0.         14.
 14.         14.         14.         14.         14.         14.
 14.         14.         14.         14.         14.         14.
 14.         14.         14.         14.         14.          0.
  0.          0.          0.          0.          0.         14.
 14.         14.         14.         14.         14.         14.        ]
0.0
0.0
0.0
0.0
0.0
0.0
13.999999999999993
14.000000000000002
14.000000000000002
14.000000000000004
14.0
14.0
[ 9.70888889  7.99        2.05888889  0.         14.         14.
 14.         14.         14.         14.         14.         14.
 14.         14.         14.         14.         14.         14.
 14.         14.         14.         14.          0.          0.
  0.          0.          0.          0.         14.         14.
 14.         14.         14.         14.         14.         14.        ]
0.0
0.0
0.0
0.0
0.0
13.999999999999984
13.999999999999986
13.999999999999979
14.0
14.000000000000002
14.0
13.999999999999979
[ 9.89777778  0.          3.91       14.         14.         14.
 14.         14.         14.         14.         14.         14.
 14.         14.         14.         14.         14.         14.
 14.         14.         14.          0.          0.          0.
  0.          0.          0.         14.         14.         14.
 14.         14.         14.         14.         14.         14.        ]
0.0
0.0
0.0
0.0
13.999999999999993
13.999999999999984
13.999999999999998
14.000000000000002
13.999999999999998
14.0
13.99999999999999
14.000000000000002
[ 8.59444444  0.         14.         14.         14.         14.
 14.         14.         14.         14.         14.         14.
 14.         14.         14.         13.94395062 14.         14.
 14.         14.          0.          0.          0.          0.
  0.          0.         14.         14.         11.88       14.
 14.         14.         14.         14.         13.82333333 14.        ]
0.0
0.0
0.0
14.0
13.99999999999999
11.880000000000026
14.0
14.000000000000002
13.999999999999993
13.999999999999986
14.000000000000002
13.823333333333334
[ 7.87666667 14.         14.         14.         14.         14.
 14.         14.         14.         14.          8.62555556 14.
 11.82555556  8.47777778 14.         14.         14.         14.
 14.          0.          0.          0.          0.          0.
  0.         14.         14.         14.         14.         14.
 14.         14.         14.         14.         14.         14.        ]
0.0
0.0
14.000000000000004
13.999999999999995
13.999999999999998
13.999999999999996
13.999999999999996
13.999999999999993
13.999999999999984
14.0
14.000000000000004
13.999999999999998
[ 9.61444444 13.99333333 14.         14.         12.55777778 12.95777778
 13.31666667 14.         14.         10.08333333 14.         14.
  5.36666667 11.12222222 14.         14.         14.         14.
  0.          0.          0.          0.          0.          0.
 14.         14.         14.         14.         14.         14.
 14.         14.         14.         14.         14.         14.        ]
0.0
14.000000000000004
14.0
14.0
14.0
14.0
14.000000000000002
13.999999999999982
13.999999999999998
14.0
14.0
13.999999999999998
[14.         14.         11.84888889 14.         14.         14.
 14.         13.26888889 14.         14.          0.         14.
 14.         14.         14.         14.         14.          0.
  0.          0.          0.          0.          0.         14.
 14.         14.         14.         14.         14.         14.
 14.         14.         14.         14.         14.         14.        ]
14.000000000000002
14.0
13.999999999999993
13.999999999999998
14.0
14.0
13.999999999999975
14.0
14.000000000000004
14.0
14.0
13.999999999999979
[14. 14. 14. 14. 14. 14. 14. 14. 14. 14.  0. 14. 14. 14. 14. 14.  0.  0.
  0.  0.  0.  0. 14. 14. 14. 14. 14. 14. 14. 14. 14. 14. 14. 14. 14. 14.]
13.999999999999993
14.000000000000004
13.999999999999995
14.000000000000004
14.0
13.999999999999972
13.999999999999996
13.99999999999999
13.999999999999998
14.0
13.99999999999999
14.000000000000002
[13.57333333 14.         14.         13.96444444 14.         14.
 14.         14.         14.         14.         14.         14.
 14.         14.         14.          0.          0.          0.
  0.          0.          0.         14.          9.02222222 14.
 14.         14.         14.         14.         14.         14.
 13.84444444 14.         11.40222222  7.21555556 14.         14.        ]
14.0
13.999999999999998
14.0
14.0
13.999999999999982
13.999999999999996
14.0
13.844444444444466
14.0
11.402222222222214
7.2155555555555555
14.000000000000002
[14.         14.         14.         14.         14.         14.
 14.         14.         14.         14.         14.         14.
 14.         14.          0.          0.          0.          0.
  0.          0.         14.          9.8        14.         14.
 14.         13.69149956 14.         14.         13.37516711 14.
 14.         14.          5.69777778 14.         13.01111111 14.        ]
13.999999999999998
14.000000000000002
13.691499555555582
13.999999999999973
13.999999999999993
13.375167111111114
14.0
14.0
14.0
5.69777777777781
14.0
13.011111111111113
[14.         14.         14.         14.         14.         14.
 14.         14.         14.         14.         14.         14.
 14.          0.          0.          0.          0.          0.
  0.         13.22222222  7.15555556 14.         14.         14.
 14.         14.          9.25555556  7.46666667  3.18888889 14.
 14.         14.         14.         14.         14.         13.07333333]
14.0
13.999999999999995
14.000000000000002
9.255555555555556
7.466666666666669
3.188888888888889
14.0
13.999999999999988
13.999999999999998
13.999999999999998
13.99999999999999
13.999999999999993
[14.         14.         14.         14.         14.         14.
 14.         14.         14.         14.         14.         14.
  0.          0.          0.          0.          0.          0.
 13.22222222  5.28888889  7.93333333 14.         14.         12.21111111
 10.57777778 13.27992794 14.          5.77562761 14.         14.
 14.         14.         14.         14.         14.          4.49444444]
12.21111111111111
10.577777777777778
13.279927944444454
13.99999999999999
5.775627611111112
14.0
13.999999999999996
13.999999999999991
14.0
14.000000000000002
14.000000000000004
14.0
[14.         14.         14.         14.         14.         14.
 14.         14.         14.         14.         14.          0.
  0.          0.          0.          0.          0.         13.22222222
  5.28888889 11.34395062 14.         14.         14.         14.
 14.         14.         14.         14.         14.         14.
 14.         14.         14.         14.          0.          5.15666667]
14.0
13.999999999999961
13.999999999999979
13.999999999999991
14.000000000000021
14.000000000000007
14.0
14.0
14.0
13.99999999999999
13.999999999999979
0.0
[14.         14.         14.         14.         14.         14.
 14.         14.         14.         14.          0.          0.
  0.          0.          0.          0.         13.53333333  9.25555556
 14.         14.         14.         14.         10.67673872 10.40770572
 14.         14.         14.         14.         14.         14.
 14.         14.         14.          3.43777778  0.67666667 14.        ]
10.407705722222229
13.999999999999995
13.999999999999986
13.999999999999984
14.0
13.999999999999993
13.999999999999998
13.999999999999998
14.0
13.999999999999982
3.437777777777777
0.6766666666666655
[14.         14.         14.         14.         14.         14.
 14.         14.         14.          0.          0.          0.
  0.          0.          0.         14.         14.         14.
 14.         14.         14.         14.         14.         14.
 14.         14.         14.         14.         14.         14.
 14.         14.         14.          0.         13.07111111  6.61111111]
13.999999999999993
13.999999999999984
13.999999999999991
13.999999999999993
14.000000000000004
14.000000000000004
13.99999999999998
13.99999999999999
13.999999999999993
13.999999999999986
0.0
13.07111111111111
[14.         14.         14.         14.         14.         14.
 14.         14.          0.          0.          0.          0.
  0.          0.         14.         14.         14.         14.
 14.         14.          6.71659461 14.         14.          2.64444444
 14.         14.         14.         14.         14.         14.
 14.          6.60229428  0.92555556 10.37        3.11786551  3.3232456 ]
2.6444444444444444
13.99999999999999
13.999999999999996
14.000000000000002
13.999999999999998
13.99999999999999
13.99999999999999
13.999999999999996
6.602294277780342
0.9255555555555555
10.37
3.117865511111111
[14.         14.         14.         14.         14.         14.
 14.          0.          0.          0.          0.          0.
  0.         14.         14.         14.         14.         14.
 14.         14.         14.         14.         14.         14.
 14.         14.         14.         14.         14.         14.
 14.          0.         12.92        2.04119884  1.83102338  5.96888889]
14.000000000000032
13.99999999999999
14.0
13.999999999999986
13.999999999999998
13.999999999999988
13.99999999999999
13.99999999999999
0.0
12.92
2.0411988444444447
1.8310233777777776
[14.         14.         14.         14.         14.         14.
  0.          0.          0.          0.          0.          0.
 14.         14.         14.         14.         14.          8.58555556
 14.         14.          6.61111111 12.89666667 14.         14.
 14.         14.         14.         14.         14.         14.
  0.77444444 10.46444444  3.23        3.92888889  4.72222222  4.57111111]
13.999999999999998
14.000000000000002
13.999999999999996
13.999999999999993
13.999999999999993
14.0
14.000000000002004
0.7744444444444444
10.464444444444444
3.23
3.9288888888888884
4.722222222222222
[14.         14.         14.         14.         14.          0.
  0.          0.          0.          0.          0.         14.
 14.         14.         10.33444444 14.         14.         14.
 14.         14.         14.         14.         14.         14.
 14.         14.         14.         14.         14.          0.75555556
 10.99333333  1.22897662  1.47333333  0.69888889  1.3932456  14.        ]
13.999999999999993
14.000000000000007
13.999999999999996
14.0
13.999999999999998
14.000000000000004
0.7555555555555555
10.993333333333332
1.2289766222222223
1.4733333333333332
0.6988888888888888
1.3932455999999949
[14.         14.         14.         14.          1.57        0.
  0.73666667  0.          0.          0.         14.         14.
 14.         14.         14.         14.         14.         14.
 14.         14.         14.         14.         14.         14.
 14.         14.         14.         14.          2.06991227  5.19444444
  1.0967544   0.          0.          0.         14.         14.        ]
13.999999999999988
13.99999999999999
14.000000000000002
14.0
14.0
2.069912266666659
5.194444444444445
1.0967544
0.0
0.0
0.0
14.000000000000004
[14.         14.         14.          9.18        1.07333333  1.95777778
  0.          0.          0.         14.         14.         14.
 14.         14.         14.         14.         14.         14.
 14.         14.         14.         14.         14.         14.
 14.         14.         14.          0.          0.          0.
  0.          0.          0.         14.         14.         13.72222222]
13.999999999999998
13.999999999999998
13.999999999999998
13.999999999999961
0.0
0.0
0.0
0.0
0.0
0.0
14.000000000001542
13.999999999998462
[14.         14.          7.42333333  4.36716401  2.4639471   0.
  0.          0.         14.         14.         12.47333333 13.76666667
 14.         14.         14.         14.         14.         14.
 14.         14.         14.         14.         14.         14.
 14.         14.          0.          0.          0.          0.
  0.          0.         14.         14.          7.36       10.10555556]
14.0
13.999999999999982
13.999999999999954
0.0
0.0
0.0
0.0
0.0
0.0
13.999999999999998
14.000000000000002
7.36
[14.         14.          9.03496924  2.4639471   1.31997254  0.
  0.         14.         14.         14.         14.         14.
 14.         14.         14.         14.         14.         14.
 14.         14.         14.         14.         14.         14.
 14.          0.          0.          0.          0.          0.
  0.         14.         14.         14.         14.         14.        ]
14.0
13.999999999999968
0.0
0.0
0.0
0.0
0.0
0.0
13.999999999999996
14.0
14.000000000000002
14.0
[14.         14.          0.          0.          2.52444444  0.
 14.         14.         14.         14.         14.         14.
 14.         14.         14.         14.         14.         14.
 14.         14.         14.         14.         14.         14.
  0.          0.          0.          0.          0.          0.
 14.         14.         14.         14.         14.         14.        ]
13.999999999999986
0.0
0.0
0.0
0.0
0.0
0.0
13.999999999999988
13.999999999999984
14.0
13.999999999999995
14.0
[10.34777778 14.          0.          0.          3.26777778 14.
 14.         14.         14.         14.         14.         14.
 14.         14.         14.         14.         14.         14.
 14.         14.         14.         14.         14.          0.
  0.          0.          0.          0.          0.         14.
  0.         14.         14.         14.         14.         14.        ]
0.0
0.0
0.0
0.0
0.0
0.0
14.0
0.0
13.999999999999988
14.0
14.0
14.0
[14.          9.29        0.          0.         14.         14.
 14.         14.         14.         14.         14.         14.
 14.         14.         14.         14.         14.         14.
 14.         14.         14.         14.          0.          0.
  0.          0.          0.          0.          6.61111111 14.
 14.         14.         14.         14.         10.61444444 14.        ]
0.0
0.0
0.0
0.0
0.0
6.611111111111111
13.999999999999993
13.99999999999999
13.999999999999993
13.999999999999988
14.0
10.614444444444477
[ 8.89666667  0.          0.         14.         14.         14.
 14.         14.         14.         14.         14.         14.
 14.         14.         14.         14.         14.         14.
 14.         14.         14.          0.          0.          0.
  0.          0.          0.         11.9         3.96666667 14.
 10.80333333 14.         14.         14.         14.         14.        ]
0.0
0.0
0.0
0.0
11.9
3.966666666666667
14.0
10.803333333333335
14.000000000000004
14.000000000000005
13.999999999999998
13.999999999999998
[14.         14.         14.          4.10983861  4.30666667  3.51232269
  0.2812725   0.          0.         14.         14.         14.
 14.         14.         14.         14.         14.         14.
 14.         14.         14.         14.         14.         14.
 14.         14.         14.          3.13555556  1.9387662   0.2778
  0.          0.          0.         14.         14.         14.        ]
14.0
14.0
13.999999999999991
13.999999999999993
3.1355555555555554
1.9387662000000003
0.2778
0.0
0.0
0.0
14.0
13.99999999999999
[14.         14.         10.30667186  8.1528744   3.6547368   0.2812725
  0.          0.         14.         14.         14.         14.
 14.         14.         14.         14.         14.         14.
 14.         14.         14.         14.         14.         14.
 14.         14.          0.42331111  0.          0.2778      0.
  0.          0.         14.         14.         14.         14.        ]
14.0
14.0
14.0
0.42331111111226627
0.0
0.2778
0.0
0.0
0.0
14.000000000000004
13.999999999999993
13.999999999999995
[14.         10.18111111  8.1528744   3.25474199  0.2812725   0.
  0.         14.         14.         14.         14.         14.
 14.         14.         14.         14.         14.         14.
 14.         14.         14.         14.         14.         14.
 14.          0.          0.          0.          0.          0.
  0.         14.         14.         14.         14.         14.        ]
14.0
13.99999999999999
0.0
0.0
0.0
0.0
0.0
0.0
13.99999999999999
14.0
14.000000000000002
14.0
[14.         14.          0.          5.55333333  3.14777778  0.
 14.         14.         14.         14.         14.         14.
 14.         14.         14.         14.         14.         14.
 14.         14.         14.         14.         14.         14.
  0.          0.          0.          0.          0.          0.
 14.         14.         11.83       14.         14.         14.        ]
14.000000000000002
0.0
0.0
0.0
0.0
0.0
0.0
14.0
13.999999999999986
11.830000000000007
14.000000000000002
14.0
[13.27888889 11.56918124  3.92682806  4.26176848  0.         14.
 14.         14.         14.         14.         14.         14.
 14.         14.         14.         14.         14.         14.
 14.         14.         14.         14.         14.          0.
  0.          0.          0.          0.          0.         14.
 14.         13.01444444  8.34555556 10.06777778 13.22222222 13.52444444]
0.0
0.0
0.0
0.0
0.0
0.0
14.0
13.999999999999984
13.014444444444443
8.34555555555557
10.067777777777778
13.222222222222221
[14.          0.          7.30666667  0.         14.         14.
 14.         14.         14.         14.         14.         14.
 14.         14.         14.         14.         14.         14.
 14.         14.         14.         14.          0.          0.
  0.          0.          0.          0.         14.          6.61111111
  0.         14.         14.         11.81111111 14.         14.        ]
0.0
0.0
0.0
0.0
0.0
14.000000000000083
6.611111111111111
0.0
14.000000000000002
13.999999999999995
11.811111111111114
14.000000000000004
[12.54222222  0.          0.         14.         14.         14.
 14.         14.         14.         14.         14.         14.
 14.         14.         14.         14.         14.         14.
 14.         14.         14.          0.          0.          0.
  0.          0.          0.         14.          0.          6.61111111
 14.         14.         12.55111111 12.99222222 14.         14.        ]
0.0
0.0
0.0
0.0
13.999999999999988
0.0
6.611111111111111
13.999999999999993
14.000000000000002
12.551111111111116
12.992222222222223
14.0
[10.37        0.         13.43       13.30950617 14.         14.
 14.         14.         14.         14.         14.         14.
 13.3        14.         14.         13.76666667 14.         14.
 14.         14.          0.          0.          0.          0.
  0.          0.         14.          6.61111111  2.64444444 13.78888889
 13.82666667 13.52444444 13.49273293 14.         13.87393373 13.97777778]
0.0
0.0
0.0
13.999999999999988
6.611111111111111
2.6444444444444444
13.78888888888889
13.826666666666666
13.524444444444445
13.492732933333333
14.0
13.873933733333331
[ 6.93222222 14.         14.         14.         14.         14.
 14.         14.         14.         14.         14.          0.
 14.         14.         14.         14.         14.         14.
 14.          0.          0.          0.          0.          0.
  0.         14.         14.          0.         14.         14.
 14.         13.35666667 14.          9.59555556  5.64777778 14.        ]
0.0
0.0
13.999999999999988
13.999999999999964
0.0
13.999999999999986
14.000000000000002
14.0
13.356666666666674
14.0
9.595555555555556
5.647777777777778
[14.          0.         14.         14.         14.         14.
 14.         14.         14.         14.         14.         14.
 14.          9.33024691 14.         14.         14.         14.
  0.          0.          0.          0.          0.          0.
 14.         14.          0.         14.         13.65666667 14.
 14.         13.98       14.          7.96777778 14.         14.        ]
0.0
14.0
13.999999999999982
0.0
14.000000000000002
13.656666666666666
14.000000000000002
13.999999999999998
13.979999999999995
14.0
7.967777777777776
14.0
[14.         14.         14.         14.         14.         14.
 14.         14.         14.         10.94444444  9.8        11.9
  2.64444444  5.28888889  7.7        14.         13.76666667 13.76666667
 14.         14.         10.57777778 14.         14.         14.
 14.         14.         14.         13.8722961  13.4222718   0.
 14.         14.          6.70555556  9.76555556  0.          7.49888889]
14.0
14.0
13.999999999999984
14.000000000000004
13.872296099999996
13.422271801234604
0.0
13.999999999999993
13.999999999999979
6.705555555555556
9.765555555555554
0.0
		[INFO] Saved dataset: ./data/training_results/merged_dataset_STAFV3_33_CASE1.csv (Shape: (2016, 201))
		[INFO] Saved metadata: ./data/training_results/feature_info_STAFV3_33_CASE1.json
	[Model Config] Detected Dims: {'static': 4, 'series_count': 5, 'seq_len': 24, 'vehicle': 76, 'emb_vocab': 8023}
		[INFO] Data loaded. Train: 1612, Val: 404
		[INFO] Fitting new scalers on training data...

Epoch |   LR   | Trn RMSE | Val RMSE | Trn R2 | Val R2 | Stop
-----------------------------------------------------------------
    1 | 0.0500 |   7.0395 |   6.6489 | -0.092 |  0.225 | 0/150
    2 | 0.0500 |   6.2349 |   6.1023 |  0.143 |  0.347 | 0/150
    3 | 0.0500 |   6.1279 |   6.2940 |  0.172 |  0.306 | 0/150
    4 | 0.0500 |   5.9486 |   6.2174 |  0.220 |  0.323 | 1/150
