nohup: ignoring input
Crash diagnostics ON


==================================================
PART 1: Data preprocess for 2023-01-01 00:00:00 to 2024-09-30 23:00:00...
==================================================

	1.1 Preprocessing radiation data...
		[INFO] Radiation data already exists at './data/timeseries/radiation_data.csv'

	1.2 Preprocessing temperature data...
		[INFO] Temperature data already exists at './data/timeseries/temperature_data.csv'

	1.3 Preprocessing building data...
		[INFO] Building data already exists at './data/timeseries/building_data.csv'

	1.4 Preprocessing electricity cost data...
		[INFO] Electricity cost data already exists at './data/timeseries/electricitycostG2B_data.csv' and './data/timeseries/electricitycostG2V_data.csv'

	1.5 Preprocessing battery demand series data...
		[INFO] Found existing battery data at 'data/battery_demand/resample_full.csv' and 'data/battery_demand/resample_train.csv'

		[INFO] Number of series for clean windows = (110, 49)
		[INFO] Number of eligible series for Case 2 = (1373, 49)
		[INFO] Case 1 exists — loaded battery demand from 'data/battery_demand/case1_real_only/battery_demand.npy' with shape (168, 37).
		[INFO] Case 2 exists — loaded battery demand from 'data/battery_demand/case2_nan_filled/battery_demand.npy' with shape (1563, 37).
		[INFO] Case 0: Successfully added test pair 2024-03-15 & 2024-03-16
		Data: [10536, 28, 30, 35, 37, 37, 36, 33, 26, 10, 6, 10, 14, 19, 18, 15, 20, 26, 15, 9, 16, 21, 20, 8, 12, 15, 24, 31, 35, 32, 35, 34, 32, 31, 30, 22, 14, 18, 27, 18, 19, 19, 25, 25, 25, 26, 27, 17, 19]
		[INFO] Case 0: Successfully added test pair 2024-03-29 & 2024-03-30
		Data: [10872, 13, 26, 31, 33, 33, 33, 31, 15, 8, 19, 11, 15, 18, 16, 18, 18, 19, 7, 4, 23, 23, 16, 17, 18, 18, 19, 24, 29, 30, 30, 22, 27, 21, 14, 15, 16, 20, 18, 23, 27, 18, 2, 10, 23, 22, 22, 17, 21]

	1.6 Generating battery schedule...
		[INFO] Case 1 exists — loaded from 'data/battery_demand/case1_real_only/battery_availability.npy' and 'data/battery_demand/case1_real_only/battery_details.npy' shape (168, 385, 36) and (4, 168, 385)
		[INFO] Case 2 exists — loaded from 'data/battery_demand/case2_nan_filled/battery_availability.npy' and 'data/battery_demand/case2_nan_filled/battery_details.npy' shape (1563, 385, 36) and (4, 1563, 385)
[ERROR] Could not load battery demand from 'data/battery_demand/case3_extended_generated/battery_demand.npy': [Errno 2] No such file or directory: 'data/battery_demand/case3_extended_generated/battery_demand.npy'


==================================================
PART 2: MILP Optimization...
==================================================

	2.1 Optimizing Case 1...
		[INFO] Loaded 168 samples from 'data/battery_demand/case1_real_only'
		[INFO] Results already exist at './data/optimization_results/case1_real_only/immediate_charging/V2B.npy'. Skipping immediate_charging run.
		[INFO] Results already exist at './data/optimization_results/case1_real_only/optimization/V2B.npy'. Skipping optimization run.
		[INFO] Case 1 completed.

	2.2 Optimizing Case 2...
		[INFO] Loaded 1563 samples from 'data/battery_demand/case2_nan_filled'
		[INFO] Results already exist at './data/optimization_results/case2_nan_filled/immediate_charging/V2B.npy'. Skipping immediate_charging run.
		[INFO] Results already exist at './data/optimization_results/case2_nan_filled/optimization/V2B.npy'. Skipping optimization run.
		[INFO] Case 2 completed.


==================================================
PART 3: Supervised Learning...
==================================================

	3.1 Training Case 1...

=== Starting Training Run: STAFV3_CASE1 ===
Device: cuda
		[INFO] Starting Preprocessing for Case 1...
		[INFO] Unique quantized indices: 6686
		[INFO] Suggested num_embeddings: 8023
		[INFO] Generating sliding windows...
		[INFO] Saved dataset: ./data/training_results/merged_dataset_STAFV3_CASE1.csv (Shape: (2016, 201))
		[INFO] Saved metadata: ./data/training_results/feature_info_STAFV3_CASE1.json
	[Model Config] Detected Dims: {'static': 4, 'series_count': 5, 'seq_len': 24, 'vehicle': 76, 'emb_vocab': 8023}
		[INFO] Data loaded. Train: 1612, Val: 404
		[INFO] Fitting new scalers on training data...

Epoch |   LR   | Trn RMSE | Val RMSE | Trn R2 | Val R2 | Stop
-----------------------------------------------------------------
    1 | 0.0010 |  11.0172 |  11.1053 | -1.716 | -1.143 | 0/250
    2 | 0.0010 |  10.8074 |  10.8756 | -1.597 | -1.055 | 0/250
    3 | 0.0010 |  10.6890 |  10.6361 | -1.507 | -0.966 | 0/250
    4 | 0.0010 |  10.5069 |  10.4278 | -1.431 | -0.889 | 0/250
    5 | 0.0010 |  10.3704 |  10.2554 | -1.365 | -0.826 | 0/250
    6 | 0.0010 |  10.2238 |  10.1082 | -1.306 | -0.773 | 0/250
    7 | 0.0010 |  10.0981 |   9.9662 | -1.242 | -0.724 | 0/250
    8 | 0.0010 |   9.9656 |   9.8288 | -1.183 | -0.676 | 0/250
    9 | 0.0010 |   9.8287 |   9.6861 | -1.111 | -0.627 | 0/250
   10 | 0.0010 |   9.6968 |   9.5513 | -1.064 | -0.582 | 0/250
   11 | 0.0010 |   9.4791 |   9.4205 | -0.994 | -0.538 | 0/250
   12 | 0.0010 |   9.3472 |   9.2372 | -0.924 | -0.477 | 0/250
   13 | 0.0010 |   9.2152 |   9.1186 | -0.872 | -0.439 | 0/250
   14 | 0.0010 |   9.0551 |   8.9712 | -0.799 | -0.390 | 0/250
   15 | 0.0010 |   8.8976 |   8.8005 | -0.747 | -0.336 | 0/250
   16 | 0.0010 |   8.6980 |   8.6458 | -0.682 | -0.290 | 0/250
   17 | 0.0010 |   8.5438 |   8.5255 | -0.618 | -0.253 | 0/250
   18 | 0.0010 |   8.4226 |   8.4031 | -0.557 | -0.216 | 0/250
   19 | 0.0010 |   8.1813 |   8.2038 | -0.501 | -0.157 | 0/250
   20 | 0.0010 |   8.1828 |   8.0948 | -0.451 | -0.127 | 0/250
   21 | 0.0010 |   7.9416 |   7.9828 | -0.390 | -0.095 | 0/250
   22 | 0.0010 |   7.8635 |   7.8939 | -0.348 | -0.071 | 0/250
   23 | 0.0010 |   7.6191 |   7.7329 | -0.279 | -0.026 | 0/250
   24 | 0.0010 |   7.4961 |   7.5977 | -0.251 |  0.010 | 0/250
   25 | 0.0010 |   7.2966 |   7.4025 | -0.190 |  0.063 | 0/250
   26 | 0.0010 |   7.1321 |   7.2406 | -0.129 |  0.106 | 0/250
   27 | 0.0010 |   7.0522 |   7.1500 | -0.078 |  0.127 | 0/250
   28 | 0.0010 |   6.8927 |   7.0093 | -0.046 |  0.162 | 0/250
   29 | 0.0010 |   6.6677 |   6.8904 |  0.003 |  0.191 | 0/250
   30 | 0.0010 |   6.5241 |   6.7771 |  0.048 |  0.218 | 0/250
   31 | 0.0010 |   6.4061 |   6.5991 |  0.077 |  0.261 | 0/250
   32 | 0.0010 |   6.3570 |   6.5712 |  0.115 |  0.263 | 0/250
   33 | 0.0010 |   6.1387 |   6.3735 |  0.158 |  0.309 | 0/250
   34 | 0.0010 |   6.0526 |   6.2942 |  0.182 |  0.327 | 0/250
   35 | 0.0010 |   5.9320 |   6.2158 |  0.217 |  0.344 | 0/250
   36 | 0.0010 |   5.9843 |   6.0669 |  0.233 |  0.376 | 0/250
   37 | 0.0010 |   5.7046 |   5.9759 |  0.273 |  0.394 | 0/250
   38 | 0.0010 |   5.7268 |   5.8940 |  0.292 |  0.411 | 0/250
   39 | 0.0010 |   5.5617 |   5.8141 |  0.325 |  0.427 | 0/250
   40 | 0.0010 |   5.4606 |   5.6488 |  0.348 |  0.461 | 0/250
   41 | 0.0010 |   5.4042 |   5.6105 |  0.372 |  0.466 | 0/250
   42 | 0.0010 |   5.1904 |   5.4962 |  0.404 |  0.489 | 0/250
   43 | 0.0010 |   5.2481 |   5.3573 |  0.396 |  0.515 | 0/250
   44 | 0.0010 |   5.0943 |   5.3120 |  0.424 |  0.523 | 0/250
   45 | 0.0010 |   5.0280 |   5.1688 |  0.434 |  0.549 | 0/250
   46 | 0.0010 |   4.8858 |   5.1192 |  0.453 |  0.556 | 0/250
   47 | 0.0010 |   4.9165 |   5.0803 |  0.475 |  0.564 | 0/250
   48 | 0.0010 |   4.8194 |   5.0676 |  0.480 |  0.564 | 0/250
   49 | 0.0010 |   4.7987 |   5.0389 |  0.498 |  0.569 | 0/250
   50 | 0.0010 |   4.7041 |   4.9631 |  0.511 |  0.584 | 0/250
   51 | 0.0010 |   4.7398 |   4.8806 |  0.531 |  0.597 | 0/250
   52 | 0.0010 |   4.6055 |   4.8286 |  0.549 |  0.607 | 0/250
   53 | 0.0010 |   4.5283 |   4.7632 |  0.548 |  0.618 | 0/250
   54 | 0.0010 |   4.4044 |   4.7327 |  0.580 |  0.621 | 0/250
   55 | 0.0010 |   4.3009 |   4.6601 |  0.580 |  0.632 | 0/250
   56 | 0.0010 |   4.3546 |   4.5633 |  0.574 |  0.649 | 0/250
   57 | 0.0010 |   4.2630 |   4.5499 |  0.600 |  0.650 | 0/250
   58 | 0.0010 |   4.3807 |   4.5053 |  0.603 |  0.656 | 0/250
   59 | 0.0010 |   4.0133 |   4.6110 |  0.637 |  0.641 | 0/250
   60 | 0.0010 |   4.0402 |   4.5008 |  0.635 |  0.660 | 1/250
   61 | 0.0010 |   4.0562 |   4.4298 |  0.636 |  0.669 | 0/250
   62 | 0.0010 |   3.9584 |   4.4306 |  0.656 |  0.667 | 0/250
   63 | 0.0010 |   3.9566 |   4.3664 |  0.651 |  0.677 | 1/250
   64 | 0.0010 |   3.8239 |   4.3552 |  0.670 |  0.678 | 0/250
   65 | 0.0010 |   3.8516 |   4.2605 |  0.679 |  0.695 | 0/250
   66 | 0.0010 |   3.8318 |   4.2939 |  0.674 |  0.691 | 0/250
   67 | 0.0010 |   3.7095 |   4.2471 |  0.688 |  0.697 | 1/250
   68 | 0.0010 |   3.7444 |   4.2472 |  0.690 |  0.696 | 0/250
   69 | 0.0010 |   3.6065 |   4.2079 |  0.710 |  0.702 | 1/250
   70 | 0.0010 |   3.7787 |   4.0824 |  0.691 |  0.721 | 0/250
   71 | 0.0010 |   3.6352 |   3.9843 |  0.709 |  0.735 | 0/250
   72 | 0.0010 |   3.6915 |   3.9292 |  0.712 |  0.743 | 0/250
   73 | 0.0010 |   3.5086 |   3.8448 |  0.731 |  0.753 | 0/250
   74 | 0.0010 |   3.4694 |   3.8134 |  0.738 |  0.756 | 0/250
   75 | 0.0010 |   3.4366 |   3.7972 |  0.745 |  0.759 | 0/250
   76 | 0.0010 |   3.4520 |   3.8090 |  0.755 |  0.759 | 0/250
   77 | 0.0010 |   3.3456 |   3.7375 |  0.757 |  0.768 | 1/250
   78 | 0.0010 |   3.3204 |   3.7007 |  0.751 |  0.772 | 0/250
   79 | 0.0010 |   3.1945 |   3.7127 |  0.767 |  0.771 | 0/250
   80 | 0.0010 |   3.3355 |   3.7273 |  0.751 |  0.770 | 1/250
   81 | 0.0010 |   3.3837 |   3.7298 |  0.748 |  0.769 | 2/250
   82 | 0.0010 |   3.2440 |   3.7188 |  0.774 |  0.769 | 3/250
   83 | 0.0010 |   3.2353 |   3.7191 |  0.768 |  0.770 | 4/250
   84 | 0.0010 |   3.3372 |   3.6977 |  0.754 |  0.774 | 5/250
   85 | 0.0010 |   3.2247 |   3.7181 |  0.776 |  0.771 | 0/250
   86 | 0.0010 |   3.1877 |   3.6907 |  0.778 |  0.773 | 1/250
   87 | 0.0010 |   3.1474 |   3.7363 |  0.782 |  0.769 | 0/250
   88 | 0.0010 |   3.1308 |   3.7546 |  0.783 |  0.765 | 1/250
   89 | 0.0010 |   3.1808 |   3.7508 |  0.774 |  0.765 | 2/250
   90 | 0.0010 |   3.1429 |   3.7556 |  0.783 |  0.766 | 3/250
   91 | 0.0010 |   3.1294 |   3.6971 |  0.791 |  0.775 | 4/250
   92 | 0.0010 |   3.0793 |   3.5940 |  0.787 |  0.787 | 5/250
   93 | 0.0010 |   3.0731 |   3.6231 |  0.790 |  0.783 | 0/250
   94 | 0.0010 |   3.0479 |   3.6593 |  0.798 |  0.779 | 1/250
   95 | 0.0010 |   3.1750 |   3.6767 |  0.783 |  0.776 | 2/250
   96 | 0.0010 |   3.0646 |   3.7490 |  0.794 |  0.768 | 3/250
   97 | 0.0010 |   3.0135 |   3.7698 |  0.798 |  0.767 | 4/250
   98 | 0.0010 |   2.9866 |   3.7674 |  0.804 |  0.767 | 5/250
   99 | 0.0010 |   3.1374 |   3.7377 |  0.785 |  0.772 | 6/250
  100 | 0.0010 |   3.0694 |   3.7027 |  0.791 |  0.775 | 7/250
  101 | 0.0010 |   3.0525 |   3.6696 |  0.796 |  0.778 | 8/250
  102 | 0.0010 |   3.0386 |   3.6752 |  0.795 |  0.777 | 9/250
  103 | 0.0010 |   3.1201 |   3.6893 |  0.789 |  0.777 | 10/250
  104 | 0.0010 |   2.9936 |   3.7403 |  0.803 |  0.771 | 11/250
  105 | 0.0010 |   2.9626 |   3.7702 |  0.806 |  0.767 | 12/250
  106 | 0.0010 |   2.8889 |   3.7430 |  0.816 |  0.771 | 13/250
  107 | 0.0010 |   3.0494 |   3.7176 |  0.797 |  0.773 | 14/250
  108 | 0.0010 |   2.9949 |   3.6956 |  0.806 |  0.775 | 15/250
  109 | 0.0010 |   3.0685 |   3.6322 |  0.801 |  0.782 | 16/250
  110 | 0.0010 |   3.0057 |   3.6257 |  0.800 |  0.782 | 17/250
  111 | 0.0010 |   3.0067 |   3.6114 |  0.809 |  0.786 | 18/250
  112 | 0.0010 |   2.9624 |   3.6064 |  0.810 |  0.787 | 19/250
  113 | 0.0010 |   3.0612 |   3.6294 |  0.801 |  0.785 | 20/250
  114 | 0.0010 |   2.9292 |   3.6269 |  0.811 |  0.785 | 21/250
  115 | 0.0010 |   2.8677 |   3.6613 |  0.820 |  0.781 | 22/250
  116 | 0.0010 |   2.9839 |   3.6465 |  0.801 |  0.783 | 23/250
  117 | 0.0010 |   2.9597 |   3.6373 |  0.811 |  0.783 | 24/250
  118 | 0.0010 |   2.9497 |   3.6316 |  0.809 |  0.784 | 25/250
  119 | 0.0010 |   2.9404 |   3.6966 |  0.805 |  0.777 | 26/250
  120 | 0.0010 |   2.9193 |   3.7072 |  0.815 |  0.776 | 27/250
  121 | 0.0010 |   2.8887 |   3.7110 |  0.812 |  0.773 | 28/250
  122 | 0.0010 |   3.0212 |   3.6896 |  0.807 |  0.778 | 29/250
  123 | 0.0010 |   2.7462 |   3.6140 |  0.832 |  0.787 | 30/250
  124 | 0.0010 |   2.8814 |   3.6078 |  0.817 |  0.789 | 31/250
  125 | 0.0010 |   3.0821 |   3.6290 |  0.809 |  0.785 | 32/250
  126 | 0.0010 |   2.7434 |   3.5946 |  0.831 |  0.789 | 33/250
  127 | 0.0010 |   2.8520 |   3.6419 |  0.819 |  0.785 | 34/250
  128 | 0.0010 |   2.8661 |   3.6663 |  0.817 |  0.782 | 35/250
  129 | 0.0010 |   2.8605 |   3.6650 |  0.821 |  0.781 | 36/250
  130 | 0.0010 |   2.8709 |   3.6203 |  0.821 |  0.785 | 37/250
  131 | 0.0010 |   2.8524 |   3.6105 |  0.825 |  0.786 | 38/250
  132 | 0.0010 |   2.9494 |   3.6990 |  0.817 |  0.775 | 39/250
  133 | 0.0010 |   2.9338 |   3.7123 |  0.816 |  0.774 | 40/250
  134 | 0.0010 |   2.8470 |   3.6559 |  0.827 |  0.782 | 41/250
  135 | 0.0010 |   2.8358 |   3.6379 |  0.824 |  0.783 | 42/250
  136 | 0.0010 |   2.9674 |   3.6280 |  0.816 |  0.783 | 43/250
  137 | 0.0010 |   2.9693 |   3.6300 |  0.810 |  0.784 | 44/250
  138 | 0.0010 |   2.9552 |   3.6564 |  0.810 |  0.781 | 45/250
  139 | 0.0010 |   2.7628 |   3.6315 |  0.836 |  0.783 | 46/250
  140 | 0.0010 |   2.9203 |   3.6660 |  0.817 |  0.778 | 47/250
  141 | 0.0010 |   2.8846 |   3.6686 |  0.817 |  0.779 | 48/250
  142 | 0.0010 |   2.7209 |   3.6712 |  0.837 |  0.779 | 49/250
  143 | 0.0010 |   2.7853 |   3.6592 |  0.828 |  0.781 | 50/250
  144 | 0.0010 |   2.7611 |   3.6324 |  0.829 |  0.785 | 51/250
  145 | 0.0010 |   2.9257 |   3.6678 |  0.810 |  0.781 | 52/250
  146 | 0.0010 |   2.8415 |   3.6746 |  0.824 |  0.780 | 53/250
  147 | 0.0010 |   2.8544 |   3.6204 |  0.824 |  0.787 | 54/250
  148 | 0.0010 |   2.8363 |   3.6045 |  0.823 |  0.786 | 55/250
  149 | 0.0010 |   2.7495 |   3.6200 |  0.837 |  0.785 | 56/250
  150 | 0.0010 |   2.8092 |   3.6849 |  0.832 |  0.779 | 57/250
  151 | 0.0010 |   2.7817 |   3.6590 |  0.831 |  0.782 | 58/250
  152 | 0.0010 |   2.7481 |   3.6389 |  0.834 |  0.784 | 59/250
  153 | 0.0008 |   2.7926 |   3.6074 |  0.830 |  0.788 | 60/250
  154 | 0.0008 |   2.8153 |   3.6101 |  0.825 |  0.787 | 61/250
  155 | 0.0008 |   2.7114 |   3.6564 |  0.833 |  0.782 | 62/250
  156 | 0.0008 |   2.7240 |   3.7076 |  0.837 |  0.776 | 63/250
  157 | 0.0008 |   2.7719 |   3.6887 |  0.833 |  0.778 | 64/250
  158 | 0.0008 |   2.7833 |   3.6416 |  0.827 |  0.784 | 65/250
  159 | 0.0008 |   2.7296 |   3.6370 |  0.841 |  0.783 | 66/250
  160 | 0.0008 |   2.7481 |   3.6406 |  0.838 |  0.782 | 67/250
  161 | 0.0008 |   2.7396 |   3.7373 |  0.835 |  0.773 | 68/250
  162 | 0.0008 |   2.7092 |   3.7026 |  0.840 |  0.776 | 69/250
  163 | 0.0008 |   2.6958 |   3.6809 |  0.841 |  0.778 | 70/250
  164 | 0.0008 |   2.7566 |   3.6501 |  0.844 |  0.783 | 71/250
  165 | 0.0008 |   2.7807 |   3.6809 |  0.835 |  0.779 | 72/250
  166 | 0.0008 |   2.6785 |   3.6295 |  0.842 |  0.785 | 73/250
  167 | 0.0008 |   2.8127 |   3.6517 |  0.832 |  0.781 | 74/250
  168 | 0.0008 |   2.7971 |   3.6073 |  0.841 |  0.786 | 75/250
  169 | 0.0008 |   2.6679 |   3.6287 |  0.843 |  0.784 | 76/250
  170 | 0.0008 |   2.6176 |   3.6596 |  0.845 |  0.779 | 77/250
  171 | 0.0008 |   2.7178 |   3.6749 |  0.840 |  0.776 | 78/250
  172 | 0.0008 |   2.6693 |   3.6966 |  0.846 |  0.775 | 79/250
  173 | 0.0008 |   2.5508 |   3.6864 |  0.856 |  0.777 | 80/250
  174 | 0.0008 |   2.5892 |   3.6770 |  0.853 |  0.779 | 81/250
  175 | 0.0008 |   2.6473 |   3.6362 |  0.847 |  0.784 | 82/250
  176 | 0.0008 |   2.7526 |   3.6128 |  0.838 |  0.787 | 83/250
  177 | 0.0008 |   2.7013 |   3.6267 |  0.843 |  0.785 | 84/250
  178 | 0.0008 |   2.5738 |   3.6441 |  0.857 |  0.782 | 85/250
  179 | 0.0006 |   2.5803 |   3.6330 |  0.851 |  0.784 | 86/250
  180 | 0.0006 |   2.6487 |   3.6470 |  0.845 |  0.782 | 87/250
  181 | 0.0006 |   2.5124 |   3.6138 |  0.861 |  0.786 | 88/250
  182 | 0.0006 |   2.7292 |   3.6141 |  0.842 |  0.786 | 89/250
  183 | 0.0006 |   2.7901 |   3.5993 |  0.836 |  0.788 | 90/250
  184 | 0.0006 |   2.6360 |   3.6255 |  0.852 |  0.785 | 91/250
  185 | 0.0006 |   2.5198 |   3.6578 |  0.857 |  0.782 | 92/250
  186 | 0.0006 |   2.5865 |   3.6563 |  0.851 |  0.781 | 93/250
  187 | 0.0006 |   2.7224 |   3.6641 |  0.839 |  0.779 | 94/250
  188 | 0.0006 |   2.6154 |   3.6734 |  0.852 |  0.779 | 95/250
  189 | 0.0006 |   2.5612 |   3.6770 |  0.854 |  0.778 | 96/250
  190 | 0.0006 |   2.8328 |   3.6298 |  0.837 |  0.784 | 97/250
  191 | 0.0006 |   2.6956 |   3.6616 |  0.845 |  0.781 | 98/250
  192 | 0.0006 |   2.6587 |   3.7222 |  0.853 |  0.773 | 99/250
  193 | 0.0006 |   2.7273 |   3.6831 |  0.846 |  0.778 | 100/250
  194 | 0.0006 |   2.5790 |   3.6786 |  0.853 |  0.779 | 101/250
  195 | 0.0006 |   2.5748 |   3.6502 |  0.851 |  0.781 | 102/250
  196 | 0.0006 |   2.7079 |   3.6320 |  0.847 |  0.783 | 103/250
  197 | 0.0006 |   2.6299 |   3.6493 |  0.849 |  0.782 | 104/250
  198 | 0.0006 |   2.6210 |   3.6462 |  0.845 |  0.783 | 105/250
  199 | 0.0006 |   2.6607 |   3.6603 |  0.850 |  0.782 | 106/250
  200 | 0.0006 |   2.5550 |   3.6673 |  0.860 |  0.781 | 107/250
  201 | 0.0006 |   2.4858 |   3.6627 |  0.859 |  0.781 | 108/250
  202 | 0.0006 |   2.6149 |   3.6560 |  0.859 |  0.781 | 109/250
  203 | 0.0006 |   2.5685 |   3.6571 |  0.855 |  0.781 | 110/250
  204 | 0.0006 |   2.6741 |   3.6829 |  0.849 |  0.778 | 111/250
  205 | 0.0004 |   2.4301 |   3.6908 |  0.871 |  0.776 | 112/250
  206 | 0.0004 |   2.5282 |   3.7137 |  0.861 |  0.774 | 113/250
  207 | 0.0004 |   2.5985 |   3.6896 |  0.849 |  0.777 | 114/250
  208 | 0.0004 |   2.5473 |   3.6888 |  0.860 |  0.776 | 115/250
  209 | 0.0004 |   2.5398 |   3.6499 |  0.857 |  0.781 | 116/250
  210 | 0.0004 |   2.4984 |   3.6604 |  0.861 |  0.779 | 117/250
  211 | 0.0004 |   2.4377 |   3.6458 |  0.868 |  0.781 | 118/250
  212 | 0.0004 |   2.5283 |   3.6565 |  0.859 |  0.780 | 119/250
  213 | 0.0004 |   2.5702 |   3.6811 |  0.856 |  0.778 | 120/250
  214 | 0.0004 |   2.4864 |   3.6896 |  0.864 |  0.777 | 121/250
  215 | 0.0004 |   2.4128 |   3.6829 |  0.869 |  0.778 | 122/250
  216 | 0.0004 |   2.4785 |   3.6968 |  0.863 |  0.777 | 123/250
  217 | 0.0004 |   2.6529 |   3.6902 |  0.854 |  0.777 | 124/250
  218 | 0.0004 |   2.5121 |   3.6672 |  0.859 |  0.780 | 125/250
  219 | 0.0004 |   2.5060 |   3.6575 |  0.864 |  0.781 | 126/250
  220 | 0.0004 |   2.5432 |   3.6615 |  0.862 |  0.781 | 127/250
  221 | 0.0004 |   2.5280 |   3.6809 |  0.859 |  0.779 | 128/250
  222 | 0.0004 |   2.4827 |   3.7001 |  0.862 |  0.776 | 129/250
  223 | 0.0004 |   2.4615 |   3.6848 |  0.867 |  0.778 | 130/250
  224 | 0.0004 |   2.5537 |   3.6590 |  0.856 |  0.781 | 131/250
  225 | 0.0004 |   2.5719 |   3.6633 |  0.856 |  0.780 | 132/250
  226 | 0.0004 |   2.5140 |   3.6809 |  0.862 |  0.777 | 133/250
  227 | 0.0004 |   2.5915 |   3.6734 |  0.853 |  0.778 | 134/250
  228 | 0.0004 |   2.5568 |   3.6301 |  0.864 |  0.783 | 135/250
  229 | 0.0004 |   2.5479 |   3.6442 |  0.859 |  0.782 | 136/250
  230 | 0.0004 |   2.4893 |   3.6682 |  0.864 |  0.780 | 137/250
  231 | 0.0003 |   2.6080 |   3.6704 |  0.856 |  0.779 | 138/250
  232 | 0.0003 |   2.5663 |   3.6760 |  0.857 |  0.778 | 139/250
  233 | 0.0003 |   2.5026 |   3.6854 |  0.862 |  0.777 | 140/250
  234 | 0.0003 |   2.4852 |   3.6818 |  0.862 |  0.778 | 141/250
  235 | 0.0003 |   2.6275 |   3.6634 |  0.856 |  0.781 | 142/250
  236 | 0.0003 |   2.5600 |   3.6805 |  0.860 |  0.778 | 143/250
  237 | 0.0003 |   2.5025 |   3.6492 |  0.862 |  0.781 | 144/250
  238 | 0.0003 |   2.5186 |   3.6352 |  0.860 |  0.783 | 145/250
  239 | 0.0003 |   2.4370 |   3.6301 |  0.870 |  0.784 | 146/250
  240 | 0.0003 |   2.4708 |   3.6720 |  0.866 |  0.779 | 147/250
  241 | 0.0003 |   2.5213 |   3.6411 |  0.865 |  0.782 | 148/250
  242 | 0.0003 |   2.3935 |   3.6564 |  0.872 |  0.781 | 149/250
  243 | 0.0003 |   2.4833 |   3.6840 |  0.867 |  0.777 | 150/250
  244 | 0.0003 |   2.5270 |   3.6627 |  0.862 |  0.780 | 151/250
  245 | 0.0003 |   2.5710 |   3.6571 |  0.854 |  0.781 | 152/250
  246 | 0.0003 |   2.4777 |   3.6474 |  0.864 |  0.782 | 153/250
  247 | 0.0003 |   2.5244 |   3.6419 |  0.861 |  0.783 | 154/250
  248 | 0.0003 |   2.4149 |   3.6408 |  0.868 |  0.783 | 155/250
  249 | 0.0003 |   2.4314 |   3.6516 |  0.868 |  0.782 | 156/250
  250 | 0.0003 |   2.3876 |   3.6538 |  0.872 |  0.782 | 157/250
  251 | 0.0003 |   2.4362 |   3.6579 |  0.868 |  0.781 | 158/250
  252 | 0.0003 |   2.5176 |   3.6560 |  0.862 |  0.781 | 159/250
  253 | 0.0003 |   2.4400 |   3.6584 |  0.870 |  0.780 | 160/250
  254 | 0.0003 |   2.3870 |   3.6637 |  0.872 |  0.780 | 161/250
  255 | 0.0003 |   2.4796 |   3.6918 |  0.864 |  0.776 | 162/250
  256 | 0.0003 |   2.3981 |   3.7024 |  0.871 |  0.775 | 163/250
  257 | 0.0002 |   2.6072 |   3.6796 |  0.854 |  0.777 | 164/250
  258 | 0.0002 |   2.4706 |   3.6823 |  0.866 |  0.777 | 165/250
  259 | 0.0002 |   2.5851 |   3.6917 |  0.854 |  0.776 | 166/250
  260 | 0.0002 |   2.4236 |   3.6768 |  0.871 |  0.778 | 167/250
  261 | 0.0002 |   2.4684 |   3.6572 |  0.865 |  0.780 | 168/250
  262 | 0.0002 |   2.4113 |   3.6493 |  0.874 |  0.781 | 169/250
  263 | 0.0002 |   2.3618 |   3.6524 |  0.879 |  0.781 | 170/250
  264 | 0.0002 |   2.5162 |   3.6546 |  0.859 |  0.781 | 171/250
  265 | 0.0002 |   2.5084 |   3.6601 |  0.865 |  0.780 | 172/250
  266 | 0.0002 |   2.4373 |   3.6825 |  0.865 |  0.777 | 173/250
  267 | 0.0002 |   2.5313 |   3.6741 |  0.861 |  0.778 | 174/250
  268 | 0.0002 |   2.4594 |   3.6687 |  0.872 |  0.779 | 175/250
  269 | 0.0002 |   2.5319 |   3.6959 |  0.863 |  0.776 | 176/250
  270 | 0.0002 |   2.4884 |   3.6939 |  0.864 |  0.776 | 177/250
  271 | 0.0002 |   2.4232 |   3.6637 |  0.872 |  0.780 | 178/250
  272 | 0.0002 |   2.4234 |   3.6222 |  0.868 |  0.784 | 179/250
  273 | 0.0002 |   2.4850 |   3.6134 |  0.868 |  0.786 | 180/250
  274 | 0.0002 |   2.4123 |   3.6096 |  0.872 |  0.786 | 181/250
  275 | 0.0002 |   2.4841 |   3.6314 |  0.865 |  0.784 | 182/250
  276 | 0.0002 |   2.5527 |   3.6137 |  0.865 |  0.786 | 183/250
  277 | 0.0002 |   2.4248 |   3.6430 |  0.869 |  0.782 | 184/250
  278 | 0.0002 |   2.4584 |   3.6480 |  0.866 |  0.781 | 185/250
  279 | 0.0002 |   2.3144 |   3.6376 |  0.882 |  0.782 | 186/250
  280 | 0.0002 |   2.5278 |   3.6414 |  0.860 |  0.782 | 187/250
  281 | 0.0002 |   2.4458 |   3.6488 |  0.871 |  0.782 | 188/250
  282 | 0.0002 |   2.5109 |   3.6526 |  0.864 |  0.781 | 189/250
  283 | 0.0002 |   2.3675 |   3.6576 |  0.876 |  0.780 | 190/250
  284 | 0.0002 |   2.4558 |   3.6760 |  0.870 |  0.778 | 191/250
  285 | 0.0002 |   2.4997 |   3.6818 |  0.865 |  0.777 | 192/250
  286 | 0.0002 |   2.3432 |   3.6747 |  0.881 |  0.778 | 193/250
  287 | 0.0002 |   2.5715 |   3.6894 |  0.862 |  0.777 | 194/250
  288 | 0.0002 |   2.3989 |   3.6545 |  0.874 |  0.781 | 195/250
  289 | 0.0002 |   2.3788 |   3.6530 |  0.876 |  0.781 | 196/250
  290 | 0.0002 |   2.5665 |   3.6663 |  0.860 |  0.779 | 197/250
  291 | 0.0002 |   2.4104 |   3.6472 |  0.871 |  0.782 | 198/250
  292 | 0.0002 |   2.4874 |   3.6425 |  0.863 |  0.782 | 199/250
  293 | 0.0002 |   2.3524 |   3.6412 |  0.880 |  0.783 | 200/250
  294 | 0.0002 |   2.4275 |   3.6209 |  0.874 |  0.785 | 201/250
  295 | 0.0002 |   2.5691 |   3.6322 |  0.856 |  0.784 | 202/250
  296 | 0.0002 |   2.5677 |   3.6525 |  0.860 |  0.781 | 203/250
  297 | 0.0002 |   2.3693 |   3.6596 |  0.874 |  0.780 | 204/250
  298 | 0.0002 |   2.4840 |   3.6496 |  0.868 |  0.782 | 205/250
  299 | 0.0002 |   2.4649 |   3.6612 |  0.862 |  0.780 | 206/250
  300 | 0.0002 |   2.4063 |   3.6750 |  0.870 |  0.778 | 207/250
  301 | 0.0002 |   2.4107 |   3.6581 |  0.874 |  0.780 | 208/250
  302 | 0.0002 |   2.4699 |   3.6754 |  0.866 |  0.778 | 209/250
  303 | 0.0002 |   2.4433 |   3.6765 |  0.869 |  0.778 | 210/250
  304 | 0.0002 |   2.3740 |   3.6808 |  0.877 |  0.777 | 211/250
  305 | 0.0002 |   2.4743 |   3.6877 |  0.869 |  0.777 | 212/250
  306 | 0.0002 |   2.4880 |   3.6788 |  0.870 |  0.778 | 213/250
  307 | 0.0002 |   2.3985 |   3.6821 |  0.877 |  0.778 | 214/250
  308 | 0.0002 |   2.4088 |   3.6501 |  0.871 |  0.782 | 215/250
  309 | 0.0001 |   2.4613 |   3.6309 |  0.870 |  0.784 | 216/250
  310 | 0.0001 |   2.4282 |   3.6553 |  0.875 |  0.781 | 217/250
  311 | 0.0001 |   2.4215 |   3.6525 |  0.869 |  0.781 | 218/250
  312 | 0.0001 |   2.5116 |   3.6602 |  0.863 |  0.781 | 219/250
  313 | 0.0001 |   2.4329 |   3.6514 |  0.870 |  0.782 | 220/250
  314 | 0.0001 |   2.3570 |   3.6499 |  0.877 |  0.782 | 221/250
  315 | 0.0001 |   2.3395 |   3.6488 |  0.877 |  0.782 | 222/250
  316 | 0.0001 |   2.3817 |   3.6381 |  0.876 |  0.783 | 223/250
  317 | 0.0001 |   2.3722 |   3.6274 |  0.878 |  0.784 | 224/250
  318 | 0.0001 |   2.4175 |   3.6425 |  0.868 |  0.783 | 225/250
  319 | 0.0001 |   2.5161 |   3.6604 |  0.867 |  0.781 | 226/250
  320 | 0.0001 |   2.3658 |   3.6535 |  0.877 |  0.781 | 227/250
  321 | 0.0001 |   2.4231 |   3.6431 |  0.877 |  0.782 | 228/250
  322 | 0.0001 |   2.4394 |   3.6228 |  0.868 |  0.785 | 229/250
  323 | 0.0001 |   2.4615 |   3.6227 |  0.870 |  0.785 | 230/250
  324 | 0.0001 |   2.4181 |   3.6114 |  0.875 |  0.786 | 231/250
  325 | 0.0001 |   2.3980 |   3.6183 |  0.870 |  0.785 | 232/250
  326 | 0.0001 |   2.4880 |   3.6193 |  0.863 |  0.785 | 233/250
  327 | 0.0001 |   2.3648 |   3.6222 |  0.878 |  0.785 | 234/250
  328 | 0.0001 |   2.4097 |   3.6219 |  0.872 |  0.785 | 235/250
  329 | 0.0001 |   2.4058 |   3.6347 |  0.872 |  0.784 | 236/250
  330 | 0.0001 |   2.4667 |   3.6144 |  0.869 |  0.786 | 237/250
  331 | 0.0001 |   2.5246 |   3.5993 |  0.867 |  0.788 | 238/250
  332 | 0.0001 |   2.4076 |   3.5937 |  0.875 |  0.789 | 239/250
  333 | 0.0001 |   2.6112 |   3.6021 |  0.861 |  0.788 | 0/250
  334 | 0.0001 |   2.3343 |   3.6000 |  0.879 |  0.788 | 1/250
  335 | 0.0001 |   2.4569 |   3.6028 |  0.869 |  0.787 | 2/250
  336 | 0.0001 |   2.4426 |   3.6158 |  0.869 |  0.786 | 3/250
  337 | 0.0001 |   2.4429 |   3.6251 |  0.869 |  0.785 | 4/250
  338 | 0.0001 |   2.4064 |   3.6190 |  0.874 |  0.785 | 5/250
  339 | 0.0001 |   2.4177 |   3.6339 |  0.872 |  0.783 | 6/250
  340 | 0.0001 |   2.4680 |   3.6322 |  0.865 |  0.783 | 7/250
  341 | 0.0001 |   2.2933 |   3.6357 |  0.882 |  0.783 | 8/250
  342 | 0.0001 |   2.3222 |   3.6188 |  0.881 |  0.785 | 9/250
  343 | 0.0001 |   2.3917 |   3.6173 |  0.871 |  0.785 | 10/250
  344 | 0.0001 |   2.4042 |   3.6283 |  0.873 |  0.784 | 11/250
  345 | 0.0001 |   2.4435 |   3.6259 |  0.873 |  0.785 | 12/250
  346 | 0.0001 |   2.3967 |   3.6434 |  0.872 |  0.783 | 13/250
  347 | 0.0001 |   2.4481 |   3.6618 |  0.870 |  0.780 | 14/250
  348 | 0.0001 |   2.3979 |   3.6551 |  0.877 |  0.781 | 15/250
  349 | 0.0001 |   2.4004 |   3.6330 |  0.870 |  0.784 | 16/250
  350 | 0.0001 |   2.3517 |   3.6247 |  0.877 |  0.785 | 17/250
  351 | 0.0001 |   2.3965 |   3.6354 |  0.877 |  0.783 | 18/250
  352 | 0.0001 |   2.7144 |   3.6097 |  0.856 |  0.787 | 19/250
  353 | 0.0001 |   2.4813 |   3.6096 |  0.865 |  0.787 | 20/250
  354 | 0.0001 |   2.4401 |   3.6283 |  0.869 |  0.784 | 21/250
  355 | 0.0001 |   2.3382 |   3.6337 |  0.876 |  0.784 | 22/250
  356 | 0.0001 |   2.3360 |   3.6309 |  0.877 |  0.784 | 23/250
  357 | 0.0001 |   2.3994 |   3.6321 |  0.873 |  0.784 | 24/250
  358 | 0.0001 |   2.4216 |   3.6288 |  0.872 |  0.784 | 25/250
  359 | 0.0001 |   2.4069 |   3.6176 |  0.877 |  0.785 | 26/250
  360 | 0.0001 |   2.3609 |   3.6384 |  0.883 |  0.783 | 27/250
  361 | 0.0001 |   2.3456 |   3.6310 |  0.878 |  0.784 | 28/250
  362 | 0.0001 |   2.4363 |   3.6316 |  0.871 |  0.784 | 29/250
  363 | 0.0001 |   2.4378 |   3.6350 |  0.872 |  0.783 | 30/250
  364 | 0.0001 |   2.4480 |   3.6431 |  0.872 |  0.782 | 31/250
  365 | 0.0001 |   2.3985 |   3.6383 |  0.874 |  0.783 | 32/250
  366 | 0.0001 |   2.3629 |   3.6394 |  0.876 |  0.783 | 33/250
  367 | 0.0001 |   2.3769 |   3.6402 |  0.878 |  0.783 | 34/250
  368 | 0.0001 |   2.3898 |   3.6454 |  0.875 |  0.783 | 35/250
  369 | 0.0001 |   2.3319 |   3.6467 |  0.882 |  0.782 | 36/250
  370 | 0.0001 |   2.3710 |   3.6445 |  0.879 |  0.782 | 37/250
  371 | 0.0001 |   2.4757 |   3.6421 |  0.865 |  0.783 | 38/250
  372 | 0.0001 |   2.3885 |   3.6452 |  0.876 |  0.782 | 39/250
  373 | 0.0001 |   2.3758 |   3.6378 |  0.875 |  0.783 | 40/250
  374 | 0.0001 |   2.3641 |   3.6399 |  0.875 |  0.783 | 41/250
  375 | 0.0001 |   2.4480 |   3.6283 |  0.875 |  0.784 | 42/250
  376 | 0.0001 |   2.3635 |   3.6442 |  0.879 |  0.782 | 43/250
  377 | 0.0001 |   2.2531 |   3.6468 |  0.888 |  0.782 | 44/250
  378 | 0.0001 |   2.5408 |   3.6200 |  0.878 |  0.785 | 45/250
  379 | 0.0001 |   2.3984 |   3.6314 |  0.874 |  0.784 | 46/250
  380 | 0.0001 |   2.5030 |   3.6428 |  0.862 |  0.783 | 47/250
  381 | 0.0001 |   2.4171 |   3.6419 |  0.872 |  0.783 | 48/250
  382 | 0.0001 |   2.3772 |   3.6562 |  0.874 |  0.781 | 49/250
  383 | 0.0001 |   2.3705 |   3.6450 |  0.879 |  0.782 | 50/250
  384 | 0.0001 |   2.3323 |   3.6347 |  0.879 |  0.784 | 51/250
  385 | 0.0001 |   2.4442 |   3.6571 |  0.873 |  0.781 | 52/250
  386 | 0.0001 |   2.3901 |   3.6655 |  0.879 |  0.780 | 53/250
  387 | 0.0001 |   2.4557 |   3.6612 |  0.872 |  0.780 | 54/250
  388 | 0.0001 |   2.2698 |   3.6434 |  0.885 |  0.783 | 55/250
  389 | 0.0001 |   2.4039 |   3.6540 |  0.879 |  0.782 | 56/250
  390 | 0.0001 |   2.3513 |   3.6516 |  0.878 |  0.782 | 57/250
  391 | 0.0001 |   2.3369 |   3.6430 |  0.876 |  0.783 | 58/250
  392 | 0.0001 |   2.4576 |   3.6385 |  0.867 |  0.784 | 59/250
  393 | 0.0001 |   2.5010 |   3.6250 |  0.868 |  0.785 | 60/250
  394 | 0.0001 |   2.3315 |   3.6305 |  0.878 |  0.784 | 61/250
  395 | 0.0001 |   2.4152 |   3.6358 |  0.873 |  0.784 | 62/250
  396 | 0.0001 |   2.4361 |   3.6609 |  0.873 |  0.780 | 63/250
  397 | 0.0001 |   2.3886 |   3.6369 |  0.875 |  0.783 | 64/250
  398 | 0.0001 |   2.4669 |   3.6323 |  0.872 |  0.784 | 65/250
  399 | 0.0001 |   2.3400 |   3.6414 |  0.881 |  0.783 | 66/250
  400 | 0.0001 |   2.4321 |   3.6437 |  0.870 |  0.782 | 67/250
  401 | 0.0001 |   2.3218 |   3.6533 |  0.881 |  0.781 | 68/250
  402 | 0.0001 |   2.3601 |   3.6488 |  0.879 |  0.782 | 69/250
  403 | 0.0001 |   2.4058 |   3.6318 |  0.878 |  0.784 | 70/250
  404 | 0.0001 |   2.5511 |   3.6246 |  0.866 |  0.785 | 71/250
  405 | 0.0001 |   2.4429 |   3.6424 |  0.870 |  0.782 | 72/250
  406 | 0.0001 |   2.3479 |   3.6511 |  0.880 |  0.781 | 73/250
  407 | 0.0001 |   2.3681 |   3.6413 |  0.875 |  0.782 | 74/250
  408 | 0.0001 |   2.3470 |   3.6511 |  0.882 |  0.781 | 75/250
  409 | 0.0001 |   2.3493 |   3.6409 |  0.879 |  0.782 | 76/250
  410 | 0.0001 |   2.3928 |   3.6320 |  0.873 |  0.784 | 77/250
  411 | 0.0001 |   2.2870 |   3.6578 |  0.883 |  0.780 | 78/250
  412 | 0.0001 |   2.4071 |   3.6471 |  0.874 |  0.782 | 79/250
  413 | 0.0000 |   2.5069 |   3.6692 |  0.869 |  0.779 | 80/250
  414 | 0.0000 |   2.3804 |   3.6359 |  0.877 |  0.783 | 81/250
  415 | 0.0000 |   2.3488 |   3.6341 |  0.875 |  0.783 | 82/250
  416 | 0.0000 |   2.4578 |   3.6535 |  0.871 |  0.781 | 83/250
  417 | 0.0000 |   2.5007 |   3.6211 |  0.868 |  0.785 | 84/250
  418 | 0.0000 |   2.3869 |   3.6256 |  0.874 |  0.784 | 85/250
  419 | 0.0000 |   2.4535 |   3.6220 |  0.872 |  0.785 | 86/250
  420 | 0.0000 |   2.4299 |   3.6141 |  0.874 |  0.785 | 87/250
  421 | 0.0000 |   2.2826 |   3.6309 |  0.884 |  0.784 | 88/250
  422 | 0.0000 |   2.4448 |   3.6444 |  0.881 |  0.782 | 89/250
  423 | 0.0000 |   2.3454 |   3.6272 |  0.878 |  0.784 | 90/250
  424 | 0.0000 |   2.2498 |   3.6394 |  0.886 |  0.783 | 91/250
  425 | 0.0000 |   2.5005 |   3.6186 |  0.868 |  0.785 | 92/250
  426 | 0.0000 |   2.4819 |   3.6313 |  0.863 |  0.784 | 93/250
  427 | 0.0000 |   2.4005 |   3.6320 |  0.874 |  0.784 | 94/250
  428 | 0.0000 |   2.2475 |   3.6399 |  0.886 |  0.783 | 95/250
  429 | 0.0000 |   2.5221 |   3.6326 |  0.864 |  0.784 | 96/250
  430 | 0.0000 |   2.4213 |   3.6449 |  0.868 |  0.782 | 97/250
  431 | 0.0000 |   2.3593 |   3.6459 |  0.880 |  0.782 | 98/250
  432 | 0.0000 |   2.3878 |   3.6527 |  0.879 |  0.781 | 99/250
  433 | 0.0000 |   2.4349 |   3.6555 |  0.874 |  0.781 | 100/250
  434 | 0.0000 |   2.4315 |   3.6479 |  0.872 |  0.782 | 101/250
  435 | 0.0000 |   2.3872 |   3.6293 |  0.881 |  0.784 | 102/250
  436 | 0.0000 |   2.3297 |   3.6357 |  0.881 |  0.783 | 103/250
  437 | 0.0000 |   2.4560 |   3.6325 |  0.874 |  0.784 | 104/250
  438 | 0.0000 |   2.3423 |   3.6431 |  0.879 |  0.783 | 105/250
  439 | 0.0000 |   2.3577 |   3.6437 |  0.877 |  0.782 | 106/250
  440 | 0.0000 |   2.4460 |   3.6303 |  0.875 |  0.784 | 107/250
  441 | 0.0000 |   2.4585 |   3.6533 |  0.872 |  0.781 | 108/250
  442 | 0.0000 |   2.2735 |   3.6563 |  0.885 |  0.780 | 109/250
  443 | 0.0000 |   2.3402 |   3.6649 |  0.879 |  0.779 | 110/250
  444 | 0.0000 |   2.2683 |   3.6524 |  0.888 |  0.781 | 111/250
  445 | 0.0000 |   2.4565 |   3.6405 |  0.864 |  0.783 | 112/250
  446 | 0.0000 |   2.3773 |   3.6392 |  0.876 |  0.783 | 113/250
  447 | 0.0000 |   2.4170 |   3.6600 |  0.873 |  0.780 | 114/250
  448 | 0.0000 |   2.3233 |   3.6636 |  0.879 |  0.780 | 115/250
  449 | 0.0000 |   2.3973 |   3.6586 |  0.872 |  0.780 | 116/250
  450 | 0.0000 |   2.4934 |   3.6740 |  0.864 |  0.778 | 117/250
  451 | 0.0000 |   2.3759 |   3.6578 |  0.878 |  0.781 | 118/250
  452 | 0.0000 |   2.3324 |   3.6571 |  0.882 |  0.781 | 119/250
  453 | 0.0000 |   2.3698 |   3.6558 |  0.877 |  0.781 | 120/250
  454 | 0.0000 |   2.4820 |   3.6542 |  0.864 |  0.781 | 121/250
  455 | 0.0000 |   2.4235 |   3.6481 |  0.874 |  0.782 | 122/250
  456 | 0.0000 |   2.4394 |   3.6652 |  0.872 |  0.780 | 123/250
  457 | 0.0000 |   2.3809 |   3.6494 |  0.873 |  0.782 | 124/250
  458 | 0.0000 |   2.4269 |   3.6359 |  0.873 |  0.783 | 125/250
  459 | 0.0000 |   2.4467 |   3.6489 |  0.868 |  0.782 | 126/250
