nohup: ignoring input
Crash diagnostics ON


==================================================
PART 1: Data preprocess for 2023-01-01 00:00:00 to 2024-09-30 23:00:00...
==================================================

	1.1 Preprocessing radiation data...
		[INFO] Radiation data already exists at './data/timeseries/radiation_data.csv'

	1.2 Preprocessing temperature data...
		[INFO] Temperature data already exists at './data/timeseries/temperature_data.csv'

	1.3 Preprocessing building data...
		[INFO] Building data already exists at './data/timeseries/building_data.csv'

	1.4 Preprocessing electricity cost data...
		[INFO] Electricity cost data already exists at './data/timeseries/electricitycostG2B_data.csv' and './data/timeseries/electricitycostG2V_data.csv'

	1.5 Preprocessing battery demand series data...
		[INFO] Found existing battery data at 'data/battery_demand/resample_full.csv' and 'data/battery_demand/resample_train.csv'

		[INFO] Number of series for clean windows = (168, 37)
		[INFO] Number of eligible series for Case 2 = (1395, 37)
		[INFO] Case 1 exists — loaded battery demand from 'data/battery_demand/case1_real_only/battery_demand.npy' with shape (168, 37).
		[INFO] Case 2 exists — loaded battery demand from 'data/battery_demand/case2_nan_filled/battery_demand.npy' with shape (1563, 37).
		[INFO] Case 0: Successfully added test pair 2024-03-15 & 2024-03-16
		Data: [10536, 28, 30, 35, 37, 37, 36, 33, 26, 10, 6, 10, 14, 19, 18, 15, 20, 26, 15, 9, 16, 21, 20, 8, 12, 15, 24, 31, 35, 32, 35, 34, 32, 31, 30, 22, 14, 18, 27, 18, 19, 19, 25, 25, 25, 26, 27, 17, 19]
		[INFO] Case 0: Successfully added test pair 2024-03-29 & 2024-03-30
		Data: [10872, 13, 26, 31, 33, 33, 33, 31, 15, 8, 19, 11, 15, 18, 16, 18, 18, 19, 7, 4, 23, 23, 16, 17, 18, 18, 19, 24, 29, 30, 30, 22, 27, 21, 14, 15, 16, 20, 18, 23, 27, 18, 2, 10, 23, 22, 22, 17, 21]

	1.6 Generating battery schedule...
		[INFO] Case 1 exists — loaded from 'data/battery_demand/case1_real_only/battery_availability.npy' and 'data/battery_demand/case1_real_only/battery_details.npy' shape (168, 385, 36) and (4, 168, 385)
		[INFO] Case 2 exists — loaded from 'data/battery_demand/case2_nan_filled/battery_availability.npy' and 'data/battery_demand/case2_nan_filled/battery_details.npy' shape (1563, 385, 36) and (4, 1563, 385)
[ERROR] Could not load battery demand from 'data/battery_demand/case3_extended_generated/battery_demand.npy': [Errno 2] No such file or directory: 'data/battery_demand/case3_extended_generated/battery_demand.npy'


==================================================
PART 2: MILP Optimization...
==================================================

	2.1 Optimizing Case 1...
		[INFO] Loaded 168 samples from 'data/battery_demand/case1_real_only'
		[INFO] Results already exist at './data/optimization_results/case1_real_only/immediate_charging/V2B.npy'. Skipping immediate_charging run.
		[INFO] Found checkpoint: './data/optimization_results/case1_real_only/optimization_checkpoint.npz'
		[INFO] Resuming from iteration 150
		[INFO] Processing optimization series:   0%|                           | 0/18 [00:00<?, ?series/s]		[INFO] Processing optimization series:   6%|█                  | 1/18 [00:00<00:10,  1.55series/s]		[INFO] Processing optimization series:  11%|██                 | 2/18 [00:01<00:09,  1.73series/s]		[INFO] Processing optimization series:  17%|███▏               | 3/18 [00:01<00:08,  1.80series/s]		[INFO] Processing optimization series:  22%|████▏              | 4/18 [00:02<00:08,  1.73series/s]		[INFO] Processing optimization series:  28%|█████▎             | 5/18 [00:02<00:07,  1.80series/s]		[INFO] Processing optimization series:  33%|██████▎            | 6/18 [00:03<00:06,  1.83series/s]		[INFO] Processing optimization series:  39%|███████▍           | 7/18 [00:03<00:06,  1.77series/s]		[INFO] Processing optimization series:  44%|████████▍          | 8/18 [00:04<00:05,  1.80series/s]		[INFO] Processing optimization series:  50%|█████████▌         | 9/18 [00:05<00:04,  1.81series/s]		[INFO] Processing optimization series:  56%|██████████        | 10/18 [00:05<00:05,  1.51series/s]		[INFO] Processing optimization series:  61%|███████████       | 11/18 [00:06<00:04,  1.60series/s]		[INFO] Processing optimization series:  67%|████████████      | 12/18 [00:07<00:03,  1.67series/s]		[INFO] Processing optimization series:  72%|█████████████     | 13/18 [00:07<00:03,  1.66series/s]		[INFO] Processing optimization series:  78%|██████████████    | 14/18 [00:08<00:02,  1.74series/s]		[INFO] Processing optimization series:  83%|███████████████   | 15/18 [00:08<00:01,  1.78series/s]		[INFO] Processing optimization series:  89%|████████████████  | 16/18 [00:09<00:01,  1.82series/s]		[INFO] Processing optimization series:  94%|█████████████████ | 17/18 [00:09<00:00,  1.76series/s]		[INFO] Processing optimization series: 100%|██████████████████| 18/18 [00:10<00:00,  1.51series/s]		[INFO] Processing optimization series: 100%|██████████████████| 18/18 [00:10<00:00,  1.68series/s]
		[INFO] Saving grid_demand results...
Traceback (most recent call last):
  File "/home/lisa4090/Documents/GitHub/V2B_Optimization_with_AI_on_BSS/main.py", line 65, in <module>
    main()
    ~~~~^^
  File "/home/lisa4090/Documents/GitHub/V2B_Optimization_with_AI_on_BSS/main.py", line 32, in main
    allocator.run_iterations(mode="optimization", rerun=False)
    ~~~~~~~~~~~~~~~~~~~~~~~~^^^^^^^^^^^^^^^^^^^^^^^^^^^^^^^^^^
  File "/home/lisa4090/Documents/GitHub/V2B_Optimization_with_AI_on_BSS/MILP/EnergyAllocator.py", line 206, in run_iterations
            plot_energy_flows_for_random_scenario(
            ~~~~~~~~~~~~~~~~~~~~~~~~~~~~~~~~~~~~~^
                case=self.case_id,
                ^^^^^^^^^^^^^^^^^^
    ...<2 lines>...
                RESULTS_PATH_IMM=os.path.join(self.output_dir, "immediate_charging")
                ^^^^^^^^^^^^^^^^^^^^^^^^^^^^^^^^^^^^^^^^^^^^^^^^^^^^^^^^^^^^^^^^^^^^
    )
    ^
  File "/home/lisa4090/Documents/GitHub/V2B_Optimization_with_AI_on_BSS/MILP/EnergyAllocator.py", line 317, in plot_energy_flows_for_random_scenario
    G2B_OPT = np.load(f"{RESULTS_PATH_OPT}/G2B.npy")
  File "/home/lisa4090/anaconda3/envs/AIonBSS/lib/python3.13/site-packages/numpy/lib/_npyio_impl.py", line 451, in load
    fid = stack.enter_context(open(os.fspath(file), "rb"))
                              ~~~~^^^^^^^^^^^^^^^^^^^^^^^
FileNotFoundError: [Errno 2] No such file or directory: './data/optimization_results/case1_real_only/optimization/G2B.npy'
