nohup: ignoring input
Crash diagnostics ON


==================================================
PART 1: Data preprocess for 2023-01-01 00:00:00 to 2024-09-30 23:00:00...
==================================================

	1.1 Preprocessing radiation data...
		[INFO] Radiation data already exists at './data/timeseries/radiation_data.csv'

	1.2 Preprocessing temperature data...
		[INFO] Temperature data already exists at './data/timeseries/temperature_data.csv'

	1.3 Preprocessing building data...
		[INFO] Building data already exists at './data/timeseries/building_data.csv'

	1.4 Preprocessing electricity cost data...
		[INFO] Electricity cost data already exists at './data/timeseries/electricitycostG2B_data.csv' and './data/timeseries/electricitycostG2V_data.csv'

	1.5 Preprocessing battery demand series data...
		[INFO] Found existing battery data at 'data/battery_demand/resample_full.csv' and 'data/battery_demand/resample_train.csv'

		[INFO] Number of series for clean windows = (168, 37)
		[INFO] Number of eligible series for Case 2 = (1395, 37)
		[INFO] Case 1 exists — loaded battery demand from 'data/battery_demand/case1_real_only/battery_demand.npy' with shape (168, 37).
		[INFO] Case 2 exists — loaded battery demand from 'data/battery_demand/case2_nan_filled/battery_demand.npy' with shape (1563, 37).
		[INFO] Case 0: Successfully added test pair 2024-03-15 & 2024-03-16
		Data: [10536, 28, 30, 35, 37, 37, 36, 33, 26, 10, 6, 10, 14, 19, 18, 15, 20, 26, 15, 9, 16, 21, 20, 8, 12, 15, 24, 31, 35, 32, 35, 34, 32, 31, 30, 22, 14, 18, 27, 18, 19, 19, 25, 25, 25, 26, 27, 17, 19]
		[INFO] Case 0: Successfully added test pair 2024-03-29 & 2024-03-30
		Data: [10872, 13, 26, 31, 33, 33, 33, 31, 15, 8, 19, 11, 15, 18, 16, 18, 18, 19, 7, 4, 23, 23, 16, 17, 18, 18, 19, 24, 29, 30, 30, 22, 27, 21, 14, 15, 16, 20, 18, 23, 27, 18, 2, 10, 23, 22, 22, 17, 21]

	1.6 Generating battery schedule...
		[INFO] Case 1 exists — loaded from 'data/battery_demand/case1_real_only/battery_availability.npy' and 'data/battery_demand/case1_real_only/battery_details.npy' shape (168, 385, 36) and (4, 168, 385)
		[INFO] Case 2 exists — loaded from 'data/battery_demand/case2_nan_filled/battery_availability.npy' and 'data/battery_demand/case2_nan_filled/battery_details.npy' shape (1563, 385, 36) and (4, 1563, 385)
[ERROR] Could not load battery demand from 'data/battery_demand/case3_extended_generated/battery_demand.npy': [Errno 2] No such file or directory: 'data/battery_demand/case3_extended_generated/battery_demand.npy'


==================================================
PART 2: MILP Optimization...
==================================================

	2.1 Optimizing Case 1...
		[INFO] Loaded 168 samples from 'data/battery_demand/case1_real_only'
		[INFO] Found checkpoint: './data/optimization_results/case1_real_only/optimization_checkpoint.npz'
		[INFO] Resuming from iteration 10
		[INFO] Processing optimization series:   0%|                          | 0/158 [00:00<?, ?series/s]		[INFO] Processing optimization series:   1%|                  | 1/158 [00:00<01:59,  1.32series/s]		[INFO] Processing optimization series:   1%|▏                 | 2/158 [00:01<01:53,  1.37series/s]		[INFO] Processing optimization series:   2%|▎                 | 3/158 [00:02<01:52,  1.37series/s]		[INFO] Processing optimization series:   3%|▍                 | 4/158 [00:02<01:54,  1.34series/s]		[INFO] Processing optimization series:   3%|▌                 | 5/158 [00:03<01:50,  1.38series/s]		[INFO] Processing optimization series:   4%|▋                 | 6/158 [00:04<01:48,  1.41series/s]		[INFO] Processing optimization series:   4%|▊                 | 7/158 [00:05<01:49,  1.38series/s]		[INFO] Processing optimization series:   5%|▉                 | 8/158 [00:05<01:47,  1.40series/s]		[INFO] Processing optimization series:   6%|█                 | 9/158 [00:06<01:44,  1.43series/s]		[INFO] Processing optimization series:   6%|█                | 10/158 [00:07<01:45,  1.41series/s]		[INFO] Processing optimization series:   7%|█▏               | 11/158 [00:07<01:42,  1.44series/s]		[INFO] Processing optimization series:   8%|█▎               | 12/158 [00:08<01:40,  1.46series/s]		[INFO] Processing optimization series:   8%|█▍               | 13/158 [00:09<01:40,  1.45series/s]		[INFO] Processing optimization series:   9%|█▌               | 14/158 [00:09<01:37,  1.47series/s]		[INFO] Processing optimization series:   9%|█▌               | 15/158 [00:10<01:34,  1.51series/s]		[INFO] Processing optimization series:  10%|█▋               | 16/158 [00:11<01:35,  1.48series/s]		[INFO] Processing optimization series:  11%|█▊               | 17/158 [00:11<01:35,  1.48series/s]		[INFO] Processing optimization series:  11%|█▉               | 18/158 [00:12<01:33,  1.50series/s]