Crash diagnostics ON


==================================================
PART 1: Data preprocess for 2023-01-01 00:00:00 to 2024-09-30 23:00:00...
==================================================

	1.1 Preprocessing radiation data...
		[INFO] Radiation data already exists at './data/timeseries/radiation_data.csv'

	1.2 Preprocessing temperature data...
		[INFO] Temperature data already exists at './data/timeseries/temperature_data.csv'

	1.3 Preprocessing building data...
		[INFO] Building data already exists at './data/timeseries/building_data.csv'

	1.4 Preprocessing electricity cost data...
		[INFO] Electricity cost data already exists at './data/timeseries/electricitycostG2B_data.csv' and './data/timeseries/electricitycostG2V_data.csv'

	1.5 Preprocessing battery demand series data...
		[INFO] Found existing battery data at './data/battery_demand/tol25/resample_full.csv' and './data/battery_demand/tol25/resample_train.csv'

		[INFO] Number of series for clean windows = (168, 37)
		[INFO] Number of eligible series for Case 2 = (1377, 37)
		[INFO] Number of seeds ready for Case 3  = (2000, 36)

		[INFO] Case 1 exists — loaded battery demand from './data/battery_demand/tol25/case1_real_only/battery_demand.npy' with shape (168, 37).
		[INFO] Case 2 exists — loaded battery demand from './data/battery_demand/tol25/case2_nan_filled/battery_demand.npy' with shape (1545, 37).
		[INFO] Case 3 exists — loaded battery demand from './data/battery_demand/tol25/case3_extended_generated/battery_demand.npy' with shape (3545, 37).
		[INFO] Case 0: Successfully added test pair 2024-03-15 & 2024-03-16
		Data: [10536, 28, 30, 35, 37, 37, 36, 33, 26, 10, 6, 10, 14, 19, 18, 15, 20, 26, 15, 9, 16, 21, 20, 8, 12, 15, 24, 31, 35, 32, 35, 34, 32, 31, 30, 22, 14, 18, 27, 18, 19, 19, 25, 25, 25, 26, 27, 17, 19]
		[INFO] Case 0: Successfully added test pair 2024-03-29 & 2024-03-30
		Data: [10872, 13, 26, 31, 33, 33, 33, 31, 15, 8, 19, 11, 15, 18, 16, 18, 18, 19, 7, 4, 23, 23, 16, 17, 18, 18, 19, 24, 29, 30, 30, 22, 27, 21, 14, 15, 16, 20, 18, 23, 27, 18, 2, 10, 23, 22, 22, 17, 21]

	1.6 Generating battery schedule...
		[INFO] Case 1 exists — loaded from './data/battery_demand/tol25/case1_real_only/battery_availability.npy' and './data/battery_demand/tol25/case1_real_only/battery_details.npy' shape (168, 263, 36) and (4, 168, 263)
		[INFO] Case 2 exists — loaded from './data/battery_demand/tol25/case2_nan_filled/battery_availability.npy' and './data/battery_demand/tol25/case2_nan_filled/battery_details.npy' shape (1545, 311, 36) and (4, 1545, 311)
		[INFO] Case 3 exists — loaded from './data/battery_demand/tol25/case3_extended_generated/battery_availability.npy' and './data/battery_demand/tol25/case3_extended_generated/battery_details.npy' shape (3545, 422, 36) and (4, 3545, 422)


==================================================
PART 2: MILP Optimization...
==================================================

	2.1 Optimizing Case 1...
		[INFO] Loaded 168 samples from './data/battery_demand/tol25/case1_real_only'
		[INFO] Results already exist at './data/optimization_results/tol25/case1_real_only/optimization/V2B.npy'. Skipping optimization run.
		[INFO] Results already exist at './data/optimization_results/tol25/case1_real_only/immediate_charging/V2B.npy'. Skipping immediate_charging run.
		[INFO] Case 1 completed.

	2.2 Optimizing Case 2...
		[INFO] Loaded 1545 samples from './data/battery_demand/tol25/case2_nan_filled'
		[INFO] Results already exist at './data/optimization_results/tol25/case2_nan_filled/optimization/V2B.npy'. Skipping optimization run.
		[INFO] Results already exist at './data/optimization_results/tol25/case2_nan_filled/immediate_charging/V2B.npy'. Skipping immediate_charging run.
		[INFO] Case 2 completed.

	2.3 Optimizing Case 3...
		[INFO] Loaded 3545 samples from './data/battery_demand/tol25/case3_extended_generated'
		[INFO] Results already exist at './data/optimization_results/tol25/case3_extended_generated/optimization/V2B.npy'. Skipping optimization run.
		[INFO] Results already exist at './data/optimization_results/tol25/case3_extended_generated/immediate_charging/V2B.npy'. Skipping immediate_charging run.
		[INFO] Case 3 completed.


==================================================
PART 3: Supervised Learning...
==================================================

	3.1 Training Case 1...
		=== Training Log Started: 2025-11-29 15:20:48.508204 ===
		Run Name: STAFV2_25_CASE1
		Device: cuda
		Epochs: 1000, Batch Size: 128, LR: 0.01
		============================================================
		[INFO] Unique quantized indices: 6686
		[INFO] Suggested num_embeddings: 8023
		[INFO] Processed 168 valid samples.
		[INFO] Saved merged dataset: ./data/training_results/merged_windowed_dataset_STAFV2_25_CASE1.csv  (shape: (168, 429))
		[INFO] Saved feature metadata: ./data/training_results/feature_info_STAFV2_25_CASE1.json
		[INFO] Dataset split: 134 train, 34 val
		[INFO] Scalers fitted and saved.

		✅ Model initialized with 38122 params.
		============================================================
		--------------------------------------------------------------------------------------------
		  Epoch    |     LR     |  Train RMSE  |   Val RMSE   |  Train R²  |   Val R²   |  Patience 
		--------------------------------------------------------------------------------------------
		    1/1000 | 0.010000   |   11.80007   |    9.90461   |     -1.378 |     -1.322 |    0/150  
		    2/1000 | 0.010000   |   10.70898   |    9.82040   |     -1.282 |     -1.283 |    0/150  
		    3/1000 | 0.010000   |    7.51686   |    9.72176   |     -1.240 |     -1.237 |    0/150  
		    4/1000 | 0.010000   |    8.19528   |    9.62945   |     -1.208 |     -1.195 |    0/150  
		    5/1000 | 0.010000   |    9.76720   |    9.58690   |     -1.183 |     -1.175 |    0/150  
		    6/1000 | 0.010000   |    8.52870   |    9.52280   |     -1.145 |     -1.146 |    0/150  
		    7/1000 | 0.010000   |    9.61722   |    9.40649   |     -1.073 |     -1.094 |    0/150  
		    8/1000 | 0.010000   |    9.32438   |    9.28382   |     -1.052 |     -1.040 |    0/150  
		    9/1000 | 0.010000   |    9.13682   |    9.20415   |     -1.009 |     -1.005 |    0/150  
		   10/1000 | 0.010000   |    8.87892   |    9.20268   |     -0.958 |     -1.005 |    0/150  
		   11/1000 | 0.010000   |    8.38723   |    9.14353   |     -0.969 |     -0.979 |    0/150  
		   12/1000 | 0.010000   |    9.89598   |    9.15149   |     -0.891 |     -0.982 |    0/150  
		   13/1000 | 0.010000   |    7.53024   |    9.09413   |     -0.849 |     -0.958 |    1/150  
		   14/1000 | 0.010000   |    9.16514   |    9.00654   |     -0.798 |     -0.920 |    0/150  
		   15/1000 | 0.010000   |    8.48894   |    8.94838   |     -0.772 |     -0.895 |    0/150  
		   16/1000 | 0.010000   |    8.33394   |    8.93127   |     -0.671 |     -0.888 |    0/150  
		   17/1000 | 0.010000   |    8.21999   |    8.82891   |     -0.611 |     -0.845 |    0/150  
		   18/1000 | 0.010000   |    7.49367   |    8.66770   |     -0.617 |     -0.778 |    0/150  
		   19/1000 | 0.010000   |    7.45976   |    8.54257   |     -0.494 |     -0.727 |    0/150  
		   20/1000 | 0.010000   |    7.67783   |    8.39290   |     -0.455 |     -0.667 |    0/150  
		   21/1000 | 0.010000   |    7.94851   |    8.16850   |     -0.532 |     -0.579 |    0/150  
		   22/1000 | 0.010000   |    7.08799   |    8.02070   |     -0.435 |     -0.523 |    0/150  
		   23/1000 | 0.010000   |    7.16844   |    7.95195   |     -0.303 |     -0.497 |    0/150  
		   24/1000 | 0.010000   |    8.12256   |    7.87457   |     -0.395 |     -0.468 |    0/150  
		   25/1000 | 0.010000   |    7.85650   |    7.83977   |     -0.257 |     -0.455 |    0/150  
		   26/1000 | 0.010000   |    5.79115   |    7.75461   |     -0.167 |     -0.423 |    0/150  
		   27/1000 | 0.010000   |    7.98721   |    7.73220   |     -0.216 |     -0.415 |    0/150  
		   28/1000 | 0.010000   |    8.82773   |    7.66268   |     -0.173 |     -0.390 |    0/150  
		   29/1000 | 0.010000   |    6.10770   |    7.63749   |     -0.159 |     -0.381 |    0/150  
		   30/1000 | 0.010000   |    7.33842   |    7.66725   |     -0.071 |     -0.391 |    0/150  
		   31/1000 | 0.010000   |    6.59809   |    7.65485   |      0.073 |     -0.387 |    1/150  
		   32/1000 | 0.010000   |    4.75767   |    7.34434   |      0.094 |     -0.277 |    2/150  
		   33/1000 | 0.010000   |    5.60490   |    7.35896   |      0.049 |     -0.282 |    0/150  
		   34/1000 | 0.010000   |    5.16369   |    7.18008   |      0.137 |     -0.220 |    1/150  
		   35/1000 | 0.010000   |    6.91903   |    7.01574   |      0.057 |     -0.165 |    0/150  
		   36/1000 | 0.010000   |    5.90989   |    6.72659   |      0.111 |     -0.071 |    0/150  
		   37/1000 | 0.010000   |    5.50336   |    6.52268   |      0.132 |     -0.007 |    0/150  
		   38/1000 | 0.010000   |    5.36656   |    6.42000   |      0.236 |      0.024 |    0/150  
		   39/1000 | 0.010000   |    7.19462   |    6.44190   |      0.222 |      0.018 |    0/150  
		   40/1000 | 0.010000   |    6.30787   |    6.24621   |      0.219 |      0.077 |    1/150  
		   41/1000 | 0.010000   |    5.60431   |    6.04399   |      0.265 |      0.135 |    0/150  
		   42/1000 | 0.010000   |    6.26918   |    6.17722   |      0.208 |      0.097 |    0/150  
		   43/1000 | 0.010000   |    4.27761   |    6.12072   |      0.358 |      0.113 |    1/150  
		   44/1000 | 0.010000   |    5.64649   |    5.99091   |      0.368 |      0.150 |    2/150  
		   45/1000 | 0.010000   |    6.89299   |    5.92116   |      0.343 |      0.170 |    0/150  
		   46/1000 | 0.010000   |    5.49875   |    5.66754   |      0.283 |      0.240 |    0/150  
		   47/1000 | 0.010000   |    7.03081   |    5.52196   |      0.333 |      0.278 |    0/150  
		   48/1000 | 0.010000   |    5.64970   |    5.42617   |      0.266 |      0.303 |    0/150  
		   49/1000 | 0.010000   |    4.41824   |    5.39505   |      0.276 |      0.311 |    0/150  
		   50/1000 | 0.010000   |    5.50807   |    5.33081   |      0.289 |      0.327 |    0/150  
		   51/1000 | 0.010000   |    5.23714   |    5.36545   |      0.428 |      0.319 |    0/150  
		   52/1000 | 0.010000   |    5.49707   |    5.37157   |      0.404 |      0.317 |    1/150  
		   53/1000 | 0.010000   |    7.75777   |    5.47798   |      0.230 |      0.290 |    2/150  
		   54/1000 | 0.010000   |    7.38178   |    5.66215   |      0.262 |      0.241 |    3/150  
		   55/1000 | 0.010000   |    6.20461   |    5.71674   |      0.281 |      0.226 |    4/150  
		   56/1000 | 0.010000   |    5.06245   |    5.75856   |      0.329 |      0.215 |    5/150  
		   57/1000 | 0.010000   |    5.62244   |    5.81427   |      0.330 |      0.200 |    6/150  
		   58/1000 | 0.010000   |    4.59365   |    5.90446   |      0.398 |      0.175 |    7/150  
		   59/1000 | 0.010000   |    6.87367   |    5.86356   |      0.244 |      0.186 |    8/150  
		   60/1000 | 0.010000   |    4.22910   |    5.80485   |      0.415 |      0.202 |    9/150  
		   61/1000 | 0.010000   |    5.43802   |    5.78430   |      0.415 |      0.208 |   10/150  
		   62/1000 | 0.010000   |    5.21413   |    5.70576   |      0.451 |      0.229 |   11/150  
		   63/1000 | 0.010000   |    6.15690   |    5.64437   |      0.342 |      0.246 |   12/150  
		   64/1000 | 0.010000   |    5.93444   |    5.54700   |      0.343 |      0.272 |   13/150  
		   65/1000 | 0.010000   |    5.33403   |    5.58337   |      0.506 |      0.262 |   14/150  
		   66/1000 | 0.005000   |    5.38811   |    5.56106   |      0.338 |      0.268 |   15/150  
		   67/1000 | 0.005000   |    4.22856   |    5.56624   |      0.482 |      0.267 |   16/150  
		   68/1000 | 0.005000   |    4.28920   |    5.57400   |      0.459 |      0.265 |   17/150  
		   69/1000 | 0.005000   |    5.49446   |    5.55875   |      0.467 |      0.269 |   18/150  
		   70/1000 | 0.005000   |    5.12654   |    5.54217   |      0.505 |      0.273 |   19/150  
		   71/1000 | 0.005000   |    5.65598   |    5.49727   |      0.422 |      0.285 |   20/150  
		   72/1000 | 0.005000   |    4.58830   |    5.46017   |      0.435 |      0.294 |   21/150  
		   73/1000 | 0.005000   |    4.59709   |    5.49757   |      0.600 |      0.285 |   22/150  
		   74/1000 | 0.005000   |    4.99075   |    5.51215   |      0.537 |      0.281 |   23/150  
		   75/1000 | 0.005000   |    4.13592   |    5.61176   |      0.591 |      0.255 |   24/150  
		   76/1000 | 0.005000   |    3.87865   |    5.61013   |      0.479 |      0.255 |   25/150  
		   77/1000 | 0.005000   |    4.88700   |    5.62024   |      0.539 |      0.252 |   26/150  
		   78/1000 | 0.005000   |    4.81426   |    5.75702   |      0.475 |      0.216 |   27/150  
		   79/1000 | 0.005000   |    4.15631   |    5.83703   |      0.540 |      0.194 |   28/150  
		   80/1000 | 0.005000   |    3.43259   |    5.87221   |      0.512 |      0.184 |   29/150  
		   81/1000 | 0.005000   |    7.35838   |    6.06976   |      0.495 |      0.128 |   30/150  
		   82/1000 | 0.002500   |    3.77698   |    5.81034   |      0.530 |      0.201 |   31/150  
		   83/1000 | 0.002500   |    4.17440   |    5.68275   |      0.475 |      0.236 |   32/150  
		   84/1000 | 0.002500   |    5.72112   |    5.55237   |      0.479 |      0.270 |   33/150  
		   85/1000 | 0.002500   |    4.10847   |    5.53808   |      0.517 |      0.274 |   34/150  
		   86/1000 | 0.002500   |    6.27729   |    5.55866   |      0.456 |      0.269 |   35/150  
		   87/1000 | 0.002500   |    4.66027   |    5.37320   |      0.454 |      0.317 |   36/150  
		   88/1000 | 0.002500   |    5.27337   |    5.32598   |      0.439 |      0.329 |   37/150  
		   89/1000 | 0.002500   |    4.50966   |    5.38986   |      0.564 |      0.312 |    0/150  
		   90/1000 | 0.002500   |    4.41525   |    5.45040   |      0.450 |      0.297 |    1/150  
		   91/1000 | 0.002500   |    4.09050   |    5.47709   |      0.538 |      0.290 |    2/150  
		   92/1000 | 0.002500   |    4.46242   |    5.47442   |      0.577 |      0.291 |    3/150  
		   93/1000 | 0.002500   |    4.50766   |    5.57815   |      0.581 |      0.263 |    4/150  
		   94/1000 | 0.002500   |    4.88655   |    5.58943   |      0.520 |      0.261 |    5/150  
		   95/1000 | 0.002500   |    5.14328   |    5.76586   |      0.441 |      0.213 |    6/150  
		   96/1000 | 0.002500   |    7.87826   |    6.23539   |      0.376 |      0.080 |    7/150  
		   97/1000 | 0.002500   |    5.25633   |    6.25759   |      0.525 |      0.073 |    8/150  
		   98/1000 | 0.002500   |    4.35708   |    6.48257   |      0.588 |      0.005 |    9/150  
		   99/1000 | 0.002500   |    4.72090   |    6.45932   |      0.527 |      0.012 |   10/150  
		  100/1000 | 0.002500   |    5.27735   |    6.39724   |      0.544 |      0.031 |   11/150  
		  101/1000 | 0.002500   |    6.28015   |    6.45864   |      0.378 |      0.013 |   12/150  
		  102/1000 | 0.002500   |    4.34683   |    6.32354   |      0.546 |      0.054 |   13/150  
		  103/1000 | 0.002500   |    4.59033   |    6.08084   |      0.541 |      0.125 |   14/150  
		  104/1000 | 0.001250   |    4.79216   |    5.97612   |      0.455 |      0.155 |   15/150  
		  105/1000 | 0.001250   |    6.05111   |    5.78898   |      0.456 |      0.207 |   16/150  
		  106/1000 | 0.001250   |    3.72240   |    5.66282   |      0.596 |      0.241 |   17/150  
		  107/1000 | 0.001250   |    6.60423   |    5.64881   |      0.397 |      0.245 |   18/150  
		  108/1000 | 0.001250   |    5.39717   |    5.50165   |      0.553 |      0.284 |   19/150  
		  109/1000 | 0.001250   |    6.17553   |    5.51279   |      0.373 |      0.281 |   20/150  
		  110/1000 | 0.001250   |    4.21428   |    5.39400   |      0.473 |      0.311 |   21/150  
		  111/1000 | 0.001250   |    5.36094   |    5.45722   |      0.523 |      0.295 |   22/150  
		  112/1000 | 0.001250   |    4.93600   |    5.46260   |      0.569 |      0.294 |   23/150  
		  113/1000 | 0.001250   |    4.50200   |    5.52768   |      0.570 |      0.277 |   24/150  
		  114/1000 | 0.001250   |    5.32389   |    5.51422   |      0.466 |      0.280 |   25/150  
		  115/1000 | 0.001250   |    3.41655   |    5.41116   |      0.575 |      0.307 |   26/150  
		  116/1000 | 0.001250   |    5.07685   |    5.45365   |      0.451 |      0.296 |   27/150  
		  117/1000 | 0.001250   |    3.83820   |    5.34781   |      0.606 |      0.323 |   28/150  
		  118/1000 | 0.001250   |    5.19388   |    5.44685   |      0.494 |      0.298 |   29/150  
		  119/1000 | 0.001250   |    3.61552   |    5.42325   |      0.538 |      0.304 |   30/150  
		  120/1000 | 0.000625   |    3.78991   |    5.52309   |      0.601 |      0.278 |   31/150  
		  121/1000 | 0.000625   |    3.78175   |    5.47604   |      0.587 |      0.290 |   32/150  
		  122/1000 | 0.000625   |    5.90248   |    5.58784   |      0.525 |      0.261 |   33/150  
		  123/1000 | 0.000625   |    3.92519   |    5.47718   |      0.563 |      0.290 |   34/150  
		  124/1000 | 0.000625   |    6.13770   |    5.56843   |      0.590 |      0.266 |   35/150  
		  125/1000 | 0.000625   |    4.95004   |    5.58803   |      0.589 |      0.261 |   36/150  
		  126/1000 | 0.000625   |    6.08592   |    5.64641   |      0.561 |      0.245 |   37/150  
		  127/1000 | 0.000625   |    5.04431   |    5.63769   |      0.556 |      0.248 |   38/150  
		  128/1000 | 0.000625   |    4.32607   |    5.56195   |      0.589 |      0.268 |   39/150  
		  129/1000 | 0.000625   |    3.35566   |    5.46122   |      0.572 |      0.294 |   40/150  
		  130/1000 | 0.000625   |    4.89064   |    5.46826   |      0.436 |      0.292 |   41/150  
		  131/1000 | 0.000625   |    4.17937   |    5.43978   |      0.547 |      0.300 |   42/150  
		  132/1000 | 0.000625   |    3.33023   |    5.37909   |      0.650 |      0.315 |   43/150  
		  133/1000 | 0.000625   |    4.30817   |    5.42392   |      0.452 |      0.304 |   44/150  
		  134/1000 | 0.000625   |    7.14821   |    5.52010   |      0.507 |      0.279 |   45/150  
		  135/1000 | 0.000625   |    4.32307   |    5.55332   |      0.554 |      0.270 |   46/150  
		  136/1000 | 0.000313   |    5.90708   |    5.54177   |      0.485 |      0.273 |   47/150  
		  137/1000 | 0.000313   |    4.86906   |    5.40419   |      0.564 |      0.309 |   48/150  
		  138/1000 | 0.000313   |    4.97628   |    5.34056   |      0.544 |      0.325 |   49/150  
		  139/1000 | 0.000313   |    5.54533   |    5.43595   |      0.420 |      0.301 |   50/150  
		  140/1000 | 0.000313   |    5.51450   |    5.45339   |      0.531 |      0.296 |   51/150  
		  141/1000 | 0.000313   |    6.40693   |    5.37046   |      0.444 |      0.317 |   52/150  
		  142/1000 | 0.000313   |    5.45768   |    5.42713   |      0.467 |      0.303 |   53/150  
		  143/1000 | 0.000313   |    5.68080   |    5.27605   |      0.470 |      0.341 |   54/150  
		  144/1000 | 0.000313   |    6.95271   |    5.24543   |      0.439 |      0.349 |    0/150  
		  145/1000 | 0.000313   |    4.22734   |    5.21344   |      0.485 |      0.357 |    0/150  
		  146/1000 | 0.000313   |    5.95046   |    5.30315   |      0.470 |      0.334 |    0/150  
		  147/1000 | 0.000313   |    4.80885   |    5.29165   |      0.493 |      0.337 |    1/150  
		  148/1000 | 0.000313   |    4.71706   |    5.40560   |      0.632 |      0.308 |    2/150  
		  149/1000 | 0.000313   |    7.09597   |    5.54558   |      0.566 |      0.272 |    3/150  
		  150/1000 | 0.000313   |    4.78539   |    5.56419   |      0.585 |      0.267 |    4/150  
		  151/1000 | 0.000313   |    5.60432   |    5.59053   |      0.459 |      0.260 |    5/150  
		  152/1000 | 0.000313   |    4.26909   |    5.55389   |      0.611 |      0.270 |    6/150  
		  153/1000 | 0.000313   |    4.50029   |    5.52263   |      0.487 |      0.278 |    7/150  
		  154/1000 | 0.000313   |    5.46458   |    5.39817   |      0.489 |      0.310 |    8/150  
		  155/1000 | 0.000313   |    4.30255   |    5.44549   |      0.589 |      0.298 |    9/150  
		  156/1000 | 0.000313   |    3.85090   |    5.38536   |      0.593 |      0.314 |   10/150  
		  157/1000 | 0.000313   |    6.20907   |    5.29152   |      0.503 |      0.337 |   11/150  
		  158/1000 | 0.000313   |    5.14256   |    5.39332   |      0.594 |      0.311 |   12/150  
		  159/1000 | 0.000313   |    5.49946   |    5.38547   |      0.440 |      0.314 |   13/150  
		  160/1000 | 0.000313   |    4.84922   |    5.37216   |      0.542 |      0.317 |   14/150  
		  161/1000 | 0.000156   |    5.46174   |    5.35948   |      0.499 |      0.320 |   15/150  
		  162/1000 | 0.000156   |    5.41870   |    5.40876   |      0.568 |      0.308 |   16/150  
		  163/1000 | 0.000156   |    3.96074   |    5.31058   |      0.468 |      0.332 |   17/150  
		  164/1000 | 0.000156   |    4.06748   |    5.35987   |      0.615 |      0.320 |   18/150  
		  165/1000 | 0.000156   |    4.66083   |    5.35450   |      0.449 |      0.321 |   19/150  
		  166/1000 | 0.000156   |    5.11169   |    5.37790   |      0.426 |      0.315 |   20/150  
		  167/1000 | 0.000156   |    4.01564   |    5.42133   |      0.556 |      0.304 |   21/150  
		  168/1000 | 0.000156   |    4.35555   |    5.42229   |      0.529 |      0.304 |   22/150  
		  169/1000 | 0.000156   |    5.21431   |    5.41792   |      0.478 |      0.305 |   23/150  
		  170/1000 | 0.000156   |    3.70068   |    5.40949   |      0.635 |      0.307 |   24/150  
		  171/1000 | 0.000156   |    4.73553   |    5.49433   |      0.577 |      0.285 |   25/150  
		  172/1000 | 0.000156   |    3.66857   |    5.52593   |      0.506 |      0.277 |   26/150  
		  173/1000 | 0.000156   |    3.77440   |    5.50747   |      0.586 |      0.282 |   27/150  
		  174/1000 | 0.000156   |    6.04983   |    5.37903   |      0.489 |      0.315 |   28/150  
		  175/1000 | 0.000156   |    3.85506   |    5.43940   |      0.589 |      0.300 |   29/150  
		  176/1000 | 0.000156   |    4.08161   |    5.43027   |      0.505 |      0.302 |   30/150  
		  177/1000 | 0.000078   |    4.91682   |    5.47394   |      0.536 |      0.291 |   31/150  
		  178/1000 | 0.000078   |    5.41929   |    5.45784   |      0.428 |      0.295 |   32/150  
		  179/1000 | 0.000078   |    4.17597   |    5.41125   |      0.498 |      0.307 |   33/150  
		  180/1000 | 0.000078   |    7.49332   |    5.32733   |      0.505 |      0.328 |   34/150  
		  181/1000 | 0.000078   |    4.25064   |    5.37088   |      0.580 |      0.317 |   35/150  
		  182/1000 | 0.000078   |    4.16929   |    5.42877   |      0.491 |      0.302 |   36/150  
		  183/1000 | 0.000078   |    5.41676   |    5.56393   |      0.539 |      0.267 |   37/150  
		  184/1000 | 0.000078   |    4.77690   |    5.56030   |      0.572 |      0.268 |   38/150  
		  185/1000 | 0.000078   |    4.21229   |    5.42483   |      0.548 |      0.303 |   39/150  
		  186/1000 | 0.000078   |    5.10388   |    5.41092   |      0.515 |      0.307 |   40/150  
		  187/1000 | 0.000078   |    4.33930   |    5.46512   |      0.642 |      0.293 |   41/150  
		  188/1000 | 0.000078   |    4.79682   |    5.50392   |      0.516 |      0.283 |   42/150  
		  189/1000 | 0.000078   |    4.55130   |    5.44926   |      0.561 |      0.297 |   43/150  
		  190/1000 | 0.000078   |    4.44857   |    5.41416   |      0.520 |      0.306 |   44/150  
		  191/1000 | 0.000078   |    6.91157   |    5.59346   |      0.479 |      0.259 |   45/150  
		  192/1000 | 0.000078   |    3.96594   |    5.59245   |      0.600 |      0.260 |   46/150  
		  193/1000 | 0.000039   |    5.18791   |    5.49504   |      0.549 |      0.285 |   47/150  
		  194/1000 | 0.000039   |    6.14164   |    5.63659   |      0.516 |      0.248 |   48/150  
		  195/1000 | 0.000039   |    4.81071   |    5.69041   |      0.608 |      0.234 |   49/150  
		  196/1000 | 0.000039   |    4.49127   |    5.62425   |      0.552 |      0.251 |   50/150  
		  197/1000 | 0.000039   |    3.95560   |    5.65163   |      0.608 |      0.244 |   51/150  
		  198/1000 | 0.000039   |    4.31394   |    5.70250   |      0.537 |      0.230 |   52/150  
		  199/1000 | 0.000039   |    3.79101   |    5.64737   |      0.656 |      0.245 |   53/150  
		  200/1000 | 0.000039   |    4.75769   |    5.52493   |      0.536 |      0.277 |   54/150  
		  201/1000 | 0.000039   |    3.36991   |    5.60048   |      0.589 |      0.258 |   55/150  
		  202/1000 | 0.000039   |    4.25676   |    5.63196   |      0.596 |      0.249 |   56/150  
		  203/1000 | 0.000039   |    5.18056   |    5.68761   |      0.567 |      0.234 |   57/150  
		  204/1000 | 0.000039   |    3.69901   |    5.65784   |      0.602 |      0.242 |   58/150  
		  205/1000 | 0.000039   |    4.09967   |    5.71835   |      0.527 |      0.226 |   59/150  
		  206/1000 | 0.000039   |    5.98516   |    5.68124   |      0.505 |      0.236 |   60/150  
		  207/1000 | 0.000039   |    3.95938   |    5.64295   |      0.487 |      0.246 |   61/150  
		  208/1000 | 0.000039   |    5.09470   |    5.72878   |      0.586 |      0.223 |   62/150  
		  209/1000 | 0.000020   |    4.99412   |    5.59675   |      0.464 |      0.259 |   63/150  
		  210/1000 | 0.000020   |    5.68991   |    5.57664   |      0.547 |      0.264 |   64/150  
		  211/1000 | 0.000020   |    4.46666   |    5.52214   |      0.458 |      0.278 |   65/150  
		  212/1000 | 0.000020   |    4.59113   |    5.42242   |      0.558 |      0.304 |   66/150  
		  213/1000 | 0.000020   |    3.90954   |    5.39089   |      0.608 |      0.312 |   67/150  
		  214/1000 | 0.000020   |    4.13805   |    5.36546   |      0.544 |      0.319 |   68/150  
		  215/1000 | 0.000020   |    4.72034   |    5.45989   |      0.508 |      0.294 |   69/150  
		  216/1000 | 0.000020   |    6.73859   |    5.48010   |      0.535 |      0.289 |   70/150  
		  217/1000 | 0.000020   |    4.14137   |    5.39620   |      0.528 |      0.311 |   71/150  
		  218/1000 | 0.000020   |    3.50906   |    5.48477   |      0.573 |      0.288 |   72/150  
		  219/1000 | 0.000020   |    4.03810   |    5.46031   |      0.531 |      0.294 |   73/150  
		  220/1000 | 0.000020   |    4.83862   |    5.48308   |      0.521 |      0.288 |   74/150  
		  221/1000 | 0.000020   |    4.01566   |    5.50685   |      0.599 |      0.282 |   75/150  
		  222/1000 | 0.000020   |    3.55993   |    5.52453   |      0.655 |      0.278 |   76/150  
		  223/1000 | 0.000020   |    5.08346   |    5.54392   |      0.592 |      0.273 |   77/150  
		  224/1000 | 0.000020   |    4.30833   |    5.51077   |      0.562 |      0.281 |   78/150  
		  225/1000 | 0.000010   |    3.67297   |    5.43301   |      0.516 |      0.301 |   79/150  
		  226/1000 | 0.000010   |    5.78831   |    5.48447   |      0.466 |      0.288 |   80/150  
		  227/1000 | 0.000010   |    4.28168   |    5.50906   |      0.525 |      0.282 |   81/150  
		  228/1000 | 0.000010   |    6.58150   |    5.65917   |      0.535 |      0.242 |   82/150  
		  229/1000 | 0.000010   |    3.37460   |    5.57229   |      0.602 |      0.265 |   83/150  
		  230/1000 | 0.000010   |    4.48946   |    5.43934   |      0.496 |      0.300 |   84/150  
		  231/1000 | 0.000010   |    3.33281   |    5.48027   |      0.613 |      0.289 |   85/150  
		  232/1000 | 0.000010   |    3.96046   |    5.51057   |      0.582 |      0.281 |   86/150  
		  233/1000 | 0.000010   |    4.12570   |    5.50221   |      0.525 |      0.283 |   87/150  
		  234/1000 | 0.000010   |    3.93243   |    5.48331   |      0.538 |      0.288 |   88/150  
		  235/1000 | 0.000010   |    5.22171   |    5.55962   |      0.544 |      0.268 |   89/150  
		  236/1000 | 0.000010   |    4.33213   |    5.55917   |      0.528 |      0.269 |   90/150  
		  237/1000 | 0.000010   |    4.33555   |    5.62558   |      0.507 |      0.251 |   91/150  
		  238/1000 | 0.000010   |    7.39197   |    5.81439   |      0.430 |      0.200 |   92/150  
		  239/1000 | 0.000010   |    5.43679   |    5.77646   |      0.519 |      0.210 |   93/150  
		  240/1000 | 0.000010   |    3.64181   |    5.62293   |      0.611 |      0.252 |   94/150  
		  241/1000 | 0.000005   |    3.73909   |    5.66761   |      0.570 |      0.240 |   95/150  
		  242/1000 | 0.000005   |    3.99994   |    5.57753   |      0.552 |      0.264 |   96/150  
		  243/1000 | 0.000005   |    3.40569   |    5.54789   |      0.620 |      0.271 |   97/150  
		  244/1000 | 0.000005   |    4.11937   |    5.47251   |      0.555 |      0.291 |   98/150  
		  245/1000 | 0.000005   |    4.30402   |    5.44938   |      0.477 |      0.297 |   99/150  
		  246/1000 | 0.000005   |    3.29767   |    5.41085   |      0.574 |      0.307 |  100/150  
		  247/1000 | 0.000005   |    4.46038   |    5.35973   |      0.510 |      0.320 |  101/150  
		  248/1000 | 0.000005   |    4.83481   |    5.36085   |      0.439 |      0.320 |  102/150  
		  249/1000 | 0.000005   |    4.31260   |    5.41786   |      0.505 |      0.305 |  103/150  
		  250/1000 | 0.000005   |    3.97866   |    5.36984   |      0.493 |      0.317 |  104/150  
		  251/1000 | 0.000005   |    3.68376   |    5.29573   |      0.641 |      0.336 |  105/150  
		  252/1000 | 0.000005   |    4.54001   |    5.41412   |      0.630 |      0.306 |  106/150  
		  253/1000 | 0.000005   |    3.65973   |    5.37974   |      0.576 |      0.315 |  107/150  
		  254/1000 | 0.000005   |    3.32449   |    5.36831   |      0.536 |      0.318 |  108/150  
		  255/1000 | 0.000005   |    5.52809   |    5.46398   |      0.547 |      0.293 |  109/150  
		  256/1000 | 0.000005   |    4.17267   |    5.38320   |      0.555 |      0.314 |  110/150  
		  257/1000 | 0.000002   |    5.87403   |    5.49449   |      0.474 |      0.285 |  111/150  
		  258/1000 | 0.000002   |    4.58768   |    5.44705   |      0.561 |      0.298 |  112/150  
		  259/1000 | 0.000002   |    5.36640   |    5.51968   |      0.517 |      0.279 |  113/150  
		  260/1000 | 0.000002   |    5.90339   |    5.52706   |      0.504 |      0.277 |  114/150  
		  261/1000 | 0.000002   |    4.56738   |    5.54066   |      0.570 |      0.273 |  115/150  
		  262/1000 | 0.000002   |    3.76724   |    5.62077   |      0.521 |      0.252 |  116/150  
		  263/1000 | 0.000002   |    5.36237   |    5.64963   |      0.495 |      0.245 |  117/150  
		  264/1000 | 0.000002   |    4.22450   |    5.56874   |      0.524 |      0.266 |  118/150  
		  265/1000 | 0.000002   |    5.39249   |    5.43929   |      0.453 |      0.300 |  119/150  
		  266/1000 | 0.000002   |    3.03668   |    5.51169   |      0.605 |      0.281 |  120/150  
		  267/1000 | 0.000002   |    4.32598   |    5.59590   |      0.535 |      0.259 |  121/150  
		  268/1000 | 0.000002   |    5.87730   |    5.50242   |      0.374 |      0.283 |  122/150  
		  269/1000 | 0.000002   |    4.37119   |    5.47835   |      0.619 |      0.290 |  123/150  
		  270/1000 | 0.000002   |    4.24591   |    5.49742   |      0.562 |      0.285 |  124/150  
		  271/1000 | 0.000002   |    5.17665   |    5.54604   |      0.567 |      0.272 |  125/150  
		  272/1000 | 0.000002   |    3.70969   |    5.58083   |      0.540 |      0.263 |  126/150  
		  273/1000 | 0.000001   |    4.36552   |    5.50431   |      0.511 |      0.283 |  127/150  
		  274/1000 | 0.000001   |    3.74429   |    5.47568   |      0.559 |      0.290 |  128/150  
		  275/1000 | 0.000001   |    5.10765   |    5.52878   |      0.592 |      0.276 |  129/150  
		  276/1000 | 0.000001   |    5.03623   |    5.41645   |      0.585 |      0.306 |  130/150  
		  277/1000 | 0.000001   |    5.45617   |    5.47036   |      0.485 |      0.292 |  131/150  
		  278/1000 | 0.000001   |    4.00716   |    5.49636   |      0.570 |      0.285 |  132/150  
		  279/1000 | 0.000001   |    4.13748   |    5.48683   |      0.551 |      0.287 |  133/150  
		  280/1000 | 0.000001   |    3.26156   |    5.52292   |      0.639 |      0.278 |  134/150  
		  281/1000 | 0.000001   |    3.57283   |    5.48664   |      0.591 |      0.287 |  135/150  
		  282/1000 | 0.000001   |    4.93149   |    5.48314   |      0.573 |      0.288 |  136/150  
		  283/1000 | 0.000001   |    5.25584   |    5.42574   |      0.550 |      0.303 |  137/150  
		  284/1000 | 0.000001   |    3.98073   |    5.40775   |      0.580 |      0.308 |  138/150  
		  285/1000 | 0.000001   |    4.99364   |    5.42210   |      0.500 |      0.304 |  139/150  
		  286/1000 | 0.000001   |    3.63046   |    5.46971   |      0.587 |      0.292 |  140/150  
		  287/1000 | 0.000001   |    5.34065   |    5.53259   |      0.565 |      0.275 |  141/150  
		  288/1000 | 0.000001   |    4.14645   |    5.43561   |      0.586 |      0.301 |  142/150  
		  289/1000 | 0.000001   |    3.68560   |    5.31470   |      0.544 |      0.331 |  143/150  
		  290/1000 | 0.000001   |    4.24672   |    5.29997   |      0.614 |      0.335 |  144/150  
		  291/1000 | 0.000001   |    3.16804   |    5.36601   |      0.615 |      0.318 |  145/150  
		  292/1000 | 0.000001   |    3.90232   |    5.42170   |      0.558 |      0.304 |  146/150  
		  293/1000 | 0.000001   |    3.59665   |    5.52500   |      0.580 |      0.277 |  147/150  
		  294/1000 | 0.000001   |    6.18506   |    5.64948   |      0.507 |      0.245 |  148/150  
		  295/1000 | 0.000001   |    6.49878   |    5.75696   |      0.559 |      0.216 |  149/150  

		Early stopping triggered.
		[INFO] Case 1 completed.

	3.2 Training Case 2...
		=== Training Log Started: 2025-11-29 15:22:54.737193 ===
		Run Name: STAFV2_25_CASE2
		Device: cuda
		Epochs: 1000, Batch Size: 128, LR: 0.01
		============================================================
		[INFO] Unique quantized indices: 24141
		[INFO] Suggested num_embeddings: 28969
		[INFO] Processed 1545 valid samples.
		[INFO] Saved merged dataset: ./data/training_results/merged_windowed_dataset_STAFV2_25_CASE2.csv  (shape: (1545, 429))
		[INFO] Saved feature metadata: ./data/training_results/feature_info_STAFV2_25_CASE2.json
		[INFO] Dataset split: 1236 train, 309 val
		[INFO] Scalers fitted and saved.

		✅ Model initialized with 38122 params.
		============================================================
		--------------------------------------------------------------------------------------------
		  Epoch    |     LR     |  Train RMSE  |   Val RMSE   |  Train R²  |   Val R²   |  Patience 
		--------------------------------------------------------------------------------------------
		    1/1000 | 0.010000   |    9.95280   |    9.49504   |     -1.399 |     -1.045 |    0/150  
		    2/1000 | 0.010000   |    9.42030   |    9.10169   |     -1.164 |     -0.879 |    0/150  
		    3/1000 | 0.010000   |    8.87382   |    8.73472   |     -0.904 |     -0.743 |    0/150  
		    4/1000 | 0.010000   |    8.24077   |    8.37039   |     -0.649 |     -0.610 |    0/150  
		    5/1000 | 0.010000   |    7.59144   |    7.42854   |     -0.408 |     -0.277 |    0/150  
		    6/1000 | 0.010000   |    6.94181   |    6.63215   |     -0.169 |     -0.027 |    0/150  
		    7/1000 | 0.010000   |    6.26154   |    6.10127   |      0.040 |      0.130 |    0/150  
		    8/1000 | 0.010000   |    5.91633   |    5.08013   |      0.141 |      0.375 |    0/150  
		    9/1000 | 0.010000   |    5.56877   |    5.05055   |      0.253 |      0.375 |    0/150  
		   10/1000 | 0.010000   |    5.33669   |    4.72937   |      0.308 |      0.448 |    0/150  
		                                          ╚══> ✅ SAVED (RMSE: 4.7294)
		   11/1000 | 0.010000   |    5.45623   |    4.75669   |      0.277 |      0.441 |    0/150  
		   12/1000 | 0.010000   |    5.33122   |    4.89221   |      0.307 |      0.407 |    1/150  
		   13/1000 | 0.010000   |    5.28393   |    4.76965   |      0.326 |      0.438 |    2/150  
		   14/1000 | 0.010000   |    5.19700   |    4.72415   |      0.348 |      0.448 |    3/150  
		                                          ╚══> ✅ SAVED (RMSE: 4.7242)
		   15/1000 | 0.010000   |    5.08104   |    4.77794   |      0.382 |      0.442 |    0/150  
		   16/1000 | 0.010000   |    5.01729   |    4.70886   |      0.383 |      0.447 |    1/150  
		                                          ╚══> ✅ SAVED (RMSE: 4.7089)
		   17/1000 | 0.010000   |    4.82718   |    4.68377   |      0.437 |      0.456 |    0/150  
		                                          ╚══> ✅ SAVED (RMSE: 4.6838)
		   18/1000 | 0.010000   |    4.81965   |    4.82571   |      0.434 |      0.422 |    0/150  
		   19/1000 | 0.010000   |    4.82467   |    4.70278   |      0.438 |      0.455 |    1/150  
		   20/1000 | 0.010000   |    4.76397   |    4.82506   |      0.453 |      0.426 |    2/150  
		   21/1000 | 0.010000   |    4.80045   |    4.69954   |      0.442 |      0.456 |    3/150  
		   22/1000 | 0.010000   |    4.53983   |    4.80769   |      0.498 |      0.427 |    4/150  
		   23/1000 | 0.010000   |    4.64854   |    4.91064   |      0.478 |      0.411 |    5/150  
		   24/1000 | 0.010000   |    4.56981   |    4.85516   |      0.497 |      0.420 |    6/150  
		   25/1000 | 0.010000   |    4.60261   |    5.04289   |      0.487 |      0.377 |    7/150  
		   26/1000 | 0.010000   |    4.37647   |    5.06080   |      0.533 |      0.378 |    8/150  
		   27/1000 | 0.010000   |    4.41781   |    4.71400   |      0.526 |      0.436 |    9/150  
		   28/1000 | 0.010000   |    4.52620   |    4.66311   |      0.504 |      0.449 |   10/150  
		                                          ╚══> ✅ SAVED (RMSE: 4.6631)
		   29/1000 | 0.010000   |    4.40321   |    4.85123   |      0.530 |      0.418 |    0/150  
		   30/1000 | 0.010000   |    4.26318   |    4.93241   |      0.561 |      0.407 |    1/150  
		   31/1000 | 0.010000   |    4.35187   |    4.83448   |      0.542 |      0.424 |    2/150  
		   32/1000 | 0.010000   |    4.20247   |    4.76268   |      0.574 |      0.425 |    3/150  
		   33/1000 | 0.010000   |    4.09257   |    4.87846   |      0.592 |      0.408 |    4/150  
		   34/1000 | 0.010000   |    4.24105   |    4.94128   |      0.562 |      0.392 |    5/150  
		   35/1000 | 0.010000   |    3.99914   |    4.81945   |      0.610 |      0.419 |    6/150  
		   36/1000 | 0.010000   |    4.16588   |    5.05111   |      0.579 |      0.372 |    7/150  
		   37/1000 | 0.005000   |    4.32392   |    4.98443   |      0.546 |      0.384 |    8/150  
		   38/1000 | 0.005000   |    3.97533   |    4.90690   |      0.616 |      0.399 |    9/150  
		   39/1000 | 0.005000   |    3.97551   |    4.90928   |      0.613 |      0.404 |   10/150  
		   40/1000 | 0.005000   |    4.01015   |    4.93524   |      0.608 |      0.395 |   11/150  
		   41/1000 | 0.005000   |    3.97374   |    4.83469   |      0.619 |      0.419 |   12/150  
		   42/1000 | 0.005000   |    3.91453   |    4.76569   |      0.624 |      0.429 |   13/150  
		   43/1000 | 0.005000   |    3.86704   |    4.79631   |      0.636 |      0.423 |   14/150  
		   44/1000 | 0.005000   |    3.90218   |    4.90630   |      0.629 |      0.407 |   15/150  
		   45/1000 | 0.005000   |    3.75705   |    4.87941   |      0.655 |      0.408 |   16/150  
		   46/1000 | 0.005000   |    3.93976   |    4.90465   |      0.621 |      0.401 |   17/150  
		   47/1000 | 0.005000   |    3.92745   |    4.96879   |      0.627 |      0.392 |   18/150  
		   48/1000 | 0.005000   |    3.94650   |    5.01189   |      0.624 |      0.384 |   19/150  
		   49/1000 | 0.005000   |    3.84309   |    4.88098   |      0.641 |      0.407 |   20/150  
		   50/1000 | 0.005000   |    3.85350   |    4.91336   |      0.640 |      0.406 |   21/150  
		   51/1000 | 0.005000   |    3.77473   |    4.99229   |      0.653 |      0.392 |   22/150  
		   52/1000 | 0.005000   |    3.84878   |    5.00084   |      0.639 |      0.390 |   23/150  
		   53/1000 | 0.002500   |    3.80260   |    4.92153   |      0.647 |      0.407 |   24/150  
		   54/1000 | 0.002500   |    3.77256   |    4.91490   |      0.655 |      0.407 |   25/150  
		   55/1000 | 0.002500   |    3.80299   |    4.89575   |      0.652 |      0.407 |   26/150  
		   56/1000 | 0.002500   |    3.77551   |    4.89104   |      0.653 |      0.408 |   27/150  
		   57/1000 | 0.002500   |    3.64636   |    4.90653   |      0.678 |      0.406 |   28/150  
		   58/1000 | 0.002500   |    3.63461   |    4.88225   |      0.679 |      0.410 |   29/150  
		   59/1000 | 0.002500   |    3.80057   |    4.84858   |      0.651 |      0.420 |   30/150  
		   60/1000 | 0.002500   |    3.72044   |    4.85290   |      0.664 |      0.419 |   31/150  
		   61/1000 | 0.002500   |    3.70285   |    4.84688   |      0.665 |      0.423 |   32/150  
		   62/1000 | 0.002500   |    3.81356   |    4.89769   |      0.646 |      0.414 |   33/150  
		   63/1000 | 0.002500   |    3.58815   |    4.93763   |      0.686 |      0.403 |   34/150  
		   64/1000 | 0.002500   |    3.74735   |    4.91808   |      0.662 |      0.405 |   35/150  
		   65/1000 | 0.002500   |    3.68373   |    4.90687   |      0.672 |      0.406 |   36/150  
		   66/1000 | 0.002500   |    3.71783   |    4.90343   |      0.665 |      0.407 |   37/150  
		   67/1000 | 0.002500   |    3.57892   |    4.96330   |      0.692 |      0.395 |   38/150  
		   68/1000 | 0.002500   |    3.61587   |    4.92401   |      0.687 |      0.400 |   39/150  
		   69/1000 | 0.001250   |    3.70859   |    4.92282   |      0.668 |      0.402 |   40/150  
		   70/1000 | 0.001250   |    3.56316   |    4.93054   |      0.693 |      0.403 |   41/150  
		   71/1000 | 0.001250   |    3.50041   |    4.94544   |      0.703 |      0.398 |   42/150  
		   72/1000 | 0.001250   |    3.58537   |    4.95889   |      0.688 |      0.395 |   43/150  
		   73/1000 | 0.001250   |    3.64140   |    4.95657   |      0.676 |      0.395 |   44/150  
		   74/1000 | 0.001250   |    3.39858   |    4.94192   |      0.720 |      0.398 |   45/150  
		   75/1000 | 0.001250   |    3.44757   |    4.98000   |      0.710 |      0.390 |   46/150  
		   76/1000 | 0.001250   |    3.61886   |    4.98501   |      0.687 |      0.391 |   47/150  
		   77/1000 | 0.001250   |    3.55971   |    4.96634   |      0.694 |      0.394 |   48/150  
		   78/1000 | 0.001250   |    3.57150   |    4.98928   |      0.691 |      0.385 |   49/150  
		   79/1000 | 0.001250   |    3.54013   |    4.99096   |      0.694 |      0.384 |   50/150  
		   80/1000 | 0.001250   |    3.58710   |    4.99177   |      0.686 |      0.384 |   51/150  
		   81/1000 | 0.001250   |    3.55275   |    4.99293   |      0.699 |      0.385 |   52/150  
		   82/1000 | 0.001250   |    3.53922   |    4.96743   |      0.695 |      0.391 |   53/150  
		   83/1000 | 0.001250   |    3.65081   |    4.95457   |      0.681 |      0.393 |   54/150  
		   84/1000 | 0.001250   |    3.55437   |    4.95937   |      0.695 |      0.395 |   55/150  
		   85/1000 | 0.000625   |    3.38474   |    4.98360   |      0.722 |      0.391 |   56/150  
		   86/1000 | 0.000625   |    3.51842   |    5.00249   |      0.699 |      0.387 |   57/150  
		   87/1000 | 0.000625   |    3.62956   |    4.98709   |      0.678 |      0.389 |   58/150  
		   88/1000 | 0.000625   |    3.51415   |    4.98448   |      0.696 |      0.390 |   59/150  
		   89/1000 | 0.000625   |    3.47148   |    4.98612   |      0.706 |      0.389 |   60/150  
		   90/1000 | 0.000625   |    3.41863   |    4.98697   |      0.717 |      0.389 |   61/150  
		   91/1000 | 0.000625   |    3.45344   |    5.00315   |      0.708 |      0.385 |   62/150  
		   92/1000 | 0.000625   |    3.41058   |    5.01090   |      0.715 |      0.385 |   63/150  
		   93/1000 | 0.000625   |    3.61593   |    5.03100   |      0.682 |      0.383 |   64/150  
		   94/1000 | 0.000625   |    3.48976   |    5.00945   |      0.705 |      0.385 |   65/150  
		   95/1000 | 0.000625   |    3.55539   |    5.01342   |      0.694 |      0.385 |   66/150  
		   96/1000 | 0.000625   |    3.59005   |    5.00163   |      0.691 |      0.389 |   67/150  
		   97/1000 | 0.000625   |    3.59326   |    5.00067   |      0.687 |      0.390 |   68/150  
		   98/1000 | 0.000625   |    3.42166   |    5.00912   |      0.716 |      0.388 |   69/150  
		   99/1000 | 0.000625   |    3.62888   |    5.01654   |      0.681 |      0.386 |   70/150  
		  100/1000 | 0.000625   |    3.52829   |    5.02335   |      0.699 |      0.383 |   71/150  
		  101/1000 | 0.000313   |    3.41802   |    5.02484   |      0.716 |      0.382 |   72/150  
		  102/1000 | 0.000313   |    3.46852   |    5.03381   |      0.710 |      0.382 |   73/150  
		  103/1000 | 0.000313   |    3.34127   |    5.05316   |      0.727 |      0.377 |   74/150  
		  104/1000 | 0.000313   |    3.52619   |    5.04540   |      0.701 |      0.379 |   75/150  
		  105/1000 | 0.000313   |    3.43999   |    5.03827   |      0.713 |      0.381 |   76/150  
		  106/1000 | 0.000313   |    3.46134   |    5.04783   |      0.708 |      0.378 |   77/150  
		  107/1000 | 0.000313   |    3.48628   |    5.04181   |      0.704 |      0.379 |   78/150  
		  108/1000 | 0.000313   |    3.59074   |    5.02962   |      0.686 |      0.381 |   79/150  
		  109/1000 | 0.000313   |    3.54962   |    5.02344   |      0.693 |      0.383 |   80/150  
		  110/1000 | 0.000313   |    3.48768   |    5.00278   |      0.705 |      0.387 |   81/150  
		  111/1000 | 0.000313   |    3.58445   |    5.00057   |      0.689 |      0.389 |   82/150  
		  112/1000 | 0.000313   |    3.27290   |    4.99464   |      0.740 |      0.388 |   83/150  
		  113/1000 | 0.000313   |    3.41277   |    5.00258   |      0.720 |      0.386 |   84/150  
		  114/1000 | 0.000313   |    3.42136   |    5.01902   |      0.716 |      0.383 |   85/150  
		  115/1000 | 0.000313   |    3.50483   |    5.01257   |      0.703 |      0.385 |   86/150  
		  116/1000 | 0.000313   |    3.44052   |    5.02043   |      0.714 |      0.385 |   87/150  
		  117/1000 | 0.000156   |    3.48560   |    5.00913   |      0.707 |      0.386 |   88/150  
		  118/1000 | 0.000156   |    3.50616   |    5.01261   |      0.704 |      0.386 |   89/150  
		  119/1000 | 0.000156   |    3.46635   |    5.00902   |      0.711 |      0.386 |   90/150  
		  120/1000 | 0.000156   |    3.52914   |    5.00487   |      0.696 |      0.386 |   91/150  
		  121/1000 | 0.000156   |    3.49607   |    5.00817   |      0.704 |      0.387 |   92/150  
		  122/1000 | 0.000156   |    3.46098   |    5.00586   |      0.708 |      0.387 |   93/150  
		  123/1000 | 0.000156   |    3.47712   |    5.00155   |      0.711 |      0.388 |   94/150  
		  124/1000 | 0.000156   |    3.48700   |    5.01049   |      0.702 |      0.386 |   95/150  
		  125/1000 | 0.000156   |    3.59353   |    5.01395   |      0.683 |      0.385 |   96/150  
		  126/1000 | 0.000156   |    3.49052   |    5.02566   |      0.708 |      0.382 |   97/150  
		  127/1000 | 0.000156   |    3.66064   |    5.02998   |      0.674 |      0.382 |   98/150  
		  128/1000 | 0.000156   |    3.50234   |    5.04362   |      0.701 |      0.379 |   99/150  
		  129/1000 | 0.000156   |    3.38277   |    5.03191   |      0.728 |      0.382 |  100/150  
		  130/1000 | 0.000156   |    3.45513   |    5.01772   |      0.710 |      0.384 |  101/150  
		  131/1000 | 0.000156   |    3.66021   |    5.02927   |      0.674 |      0.382 |  102/150  
		  132/1000 | 0.000156   |    3.33682   |    5.02935   |      0.728 |      0.382 |  103/150  
		  133/1000 | 0.000078   |    3.56609   |    5.01516   |      0.697 |      0.384 |  104/150  
		  134/1000 | 0.000078   |    3.45859   |    5.03360   |      0.712 |      0.380 |  105/150  
		  135/1000 | 0.000078   |    3.38045   |    5.03184   |      0.723 |      0.381 |  106/150  
		  136/1000 | 0.000078   |    3.44777   |    5.03137   |      0.717 |      0.382 |  107/150  
		  137/1000 | 0.000078   |    3.51130   |    5.02097   |      0.700 |      0.382 |  108/150  
		  138/1000 | 0.000078   |    3.63209   |    5.03323   |      0.682 |      0.382 |  109/150  
		  139/1000 | 0.000078   |    3.46089   |    5.04197   |      0.707 |      0.380 |  110/150  
		  140/1000 | 0.000078   |    3.32016   |    5.02923   |      0.733 |      0.382 |  111/150  
		  141/1000 | 0.000078   |    3.44477   |    5.04549   |      0.716 |      0.380 |  112/150  
		  142/1000 | 0.000078   |    3.47670   |    5.04263   |      0.706 |      0.380 |  113/150  
		  143/1000 | 0.000078   |    3.54192   |    5.05138   |      0.694 |      0.378 |  114/150  
		  144/1000 | 0.000078   |    3.38823   |    5.05728   |      0.724 |      0.378 |  115/150  
		  145/1000 | 0.000078   |    3.46950   |    5.04816   |      0.705 |      0.378 |  116/150  
		  146/1000 | 0.000078   |    3.48663   |    5.03549   |      0.706 |      0.381 |  117/150  
		  147/1000 | 0.000078   |    3.44388   |    5.04621   |      0.710 |      0.379 |  118/150  
		  148/1000 | 0.000078   |    3.50553   |    5.04145   |      0.708 |      0.380 |  119/150  
		  149/1000 | 0.000039   |    3.52907   |    5.02479   |      0.700 |      0.383 |  120/150  
		  150/1000 | 0.000039   |    3.57272   |    5.02179   |      0.691 |      0.383 |  121/150  
		  151/1000 | 0.000039   |    3.41387   |    5.02272   |      0.717 |      0.383 |  122/150  
		  152/1000 | 0.000039   |    3.43719   |    5.03042   |      0.709 |      0.382 |  123/150  
		  153/1000 | 0.000039   |    3.43161   |    5.04150   |      0.714 |      0.381 |  124/150  
		  154/1000 | 0.000039   |    3.48757   |    5.04071   |      0.707 |      0.382 |  125/150  
		  155/1000 | 0.000039   |    3.50395   |    5.02397   |      0.703 |      0.384 |  126/150  
		  156/1000 | 0.000039   |    3.45986   |    5.01713   |      0.708 |      0.385 |  127/150  
		  157/1000 | 0.000039   |    3.44318   |    5.02907   |      0.709 |      0.382 |  128/150  
		  158/1000 | 0.000039   |    3.45092   |    5.02953   |      0.712 |      0.381 |  129/150  
		  159/1000 | 0.000039   |    3.47321   |    5.02282   |      0.707 |      0.383 |  130/150  
		  160/1000 | 0.000039   |    3.51695   |    5.00826   |      0.703 |      0.385 |  131/150  
		  161/1000 | 0.000039   |    3.42021   |    5.02447   |      0.717 |      0.383 |  132/150  
		  162/1000 | 0.000039   |    3.47340   |    5.03280   |      0.707 |      0.381 |  133/150  
		  163/1000 | 0.000039   |    3.44645   |    5.03222   |      0.711 |      0.381 |  134/150  
		  164/1000 | 0.000039   |    3.37023   |    5.02418   |      0.725 |      0.383 |  135/150  
		  165/1000 | 0.000020   |    3.44511   |    5.02781   |      0.712 |      0.382 |  136/150  
		  166/1000 | 0.000020   |    3.36260   |    5.02968   |      0.725 |      0.381 |  137/150  
		  167/1000 | 0.000020   |    3.40879   |    5.04007   |      0.718 |      0.379 |  138/150  
		  168/1000 | 0.000020   |    3.39933   |    5.03034   |      0.717 |      0.382 |  139/150  
		  169/1000 | 0.000020   |    3.42069   |    5.02544   |      0.715 |      0.384 |  140/150  
		  170/1000 | 0.000020   |    3.38170   |    5.03323   |      0.723 |      0.382 |  141/150  
		  171/1000 | 0.000020   |    3.23645   |    5.02031   |      0.745 |      0.384 |  142/150  
		  172/1000 | 0.000020   |    3.55547   |    5.03021   |      0.694 |      0.382 |  143/150  
		  173/1000 | 0.000020   |    3.54810   |    5.02696   |      0.696 |      0.383 |  144/150  
		  174/1000 | 0.000020   |    3.34573   |    5.02893   |      0.729 |      0.382 |  145/150  
		  175/1000 | 0.000020   |    3.48452   |    5.02915   |      0.705 |      0.384 |  146/150  
		  176/1000 | 0.000020   |    3.46273   |    5.03088   |      0.710 |      0.383 |  147/150  
		  177/1000 | 0.000020   |    3.53357   |    5.04652   |      0.696 |      0.379 |  148/150  
		  178/1000 | 0.000020   |    3.45185   |    5.04213   |      0.710 |      0.380 |  149/150  

		Early stopping triggered.
		[INFO] Case 2 completed.

	3.3 Training Case 3...
		=== Training Log Started: 2025-11-29 15:26:56.626125 ===
		Run Name: STAFV2_25_CASE3
		Device: cuda
		Epochs: 1000, Batch Size: 128, LR: 0.01
		============================================================
		[INFO] Unique quantized indices: 36535
		[INFO] Suggested num_embeddings: 43842
		[INFO] Processed 3545 valid samples.
		[INFO] Saved merged dataset: ./data/training_results/merged_windowed_dataset_STAFV2_25_CASE3.csv  (shape: (3545, 429))
		[INFO] Saved feature metadata: ./data/training_results/feature_info_STAFV2_25_CASE3.json
		[INFO] Dataset split: 2836 train, 709 val
		[INFO] Scalers fitted and saved.

		✅ Model initialized with 38122 params.
		============================================================
		--------------------------------------------------------------------------------------------
		  Epoch    |     LR     |  Train RMSE  |   Val RMSE   |  Train R²  |   Val R²   |  Patience 
		--------------------------------------------------------------------------------------------
		    1/1000 | 0.010000   |    9.43243   |    8.83609   |     -1.260 |     -0.860 |    0/150  
		    2/1000 | 0.010000   |    8.22430   |    7.63370   |     -0.692 |     -0.388 |    0/150  
		    3/1000 | 0.010000   |    6.80787   |    6.25371   |     -0.174 |      0.066 |    0/150  
		    4/1000 | 0.010000   |    5.75803   |    5.24037   |      0.161 |      0.343 |    0/150  
		    5/1000 | 0.010000   |    5.67844   |    5.07687   |      0.184 |      0.384 |    0/150  
		    6/1000 | 0.010000   |    5.45226   |    4.96649   |      0.252 |      0.411 |    0/150  
		                                          ╚══> ✅ SAVED (RMSE: 4.9665)
		    7/1000 | 0.010000   |    5.31498   |    4.91804   |      0.286 |      0.421 |    0/150  
		                                          ╚══> ✅ SAVED (RMSE: 4.9180)
		    8/1000 | 0.010000   |    5.17786   |    4.90718   |      0.315 |      0.424 |    0/150  
		                                          ╚══> ✅ SAVED (RMSE: 4.9072)
		    9/1000 | 0.010000   |    5.03373   |    4.85358   |      0.358 |      0.437 |    0/150  
		                                          ╚══> ✅ SAVED (RMSE: 4.8536)
		   10/1000 | 0.010000   |    5.06969   |    4.97249   |      0.350 |      0.411 |    0/150  
		   11/1000 | 0.010000   |    4.85924   |    4.85928   |      0.405 |      0.435 |    1/150  
		   12/1000 | 0.010000   |    4.86985   |    4.92272   |      0.406 |      0.421 |    2/150  
		   13/1000 | 0.010000   |    4.80198   |    4.84629   |      0.416 |      0.442 |    3/150  
		                                          ╚══> ✅ SAVED (RMSE: 4.8463)
		   14/1000 | 0.010000   |    4.84600   |    4.97696   |      0.403 |      0.411 |    0/150  
		   15/1000 | 0.010000   |    4.83709   |    4.90051   |      0.422 |      0.429 |    1/150  
		   16/1000 | 0.010000   |    4.75721   |    4.83943   |      0.425 |      0.444 |    2/150  
		                                          ╚══> ✅ SAVED (RMSE: 4.8394)
		   17/1000 | 0.010000   |    4.68249   |    4.81044   |      0.435 |      0.448 |    0/150  
		                                          ╚══> ✅ SAVED (RMSE: 4.8104)
		   18/1000 | 0.010000   |    4.53082   |    4.79258   |      0.479 |      0.454 |    0/150  
		                                          ╚══> ✅ SAVED (RMSE: 4.7926)
		   19/1000 | 0.010000   |    4.65626   |    4.82254   |      0.470 |      0.445 |    0/150  
		   20/1000 | 0.010000   |    4.61039   |    4.78099   |      0.464 |      0.455 |    1/150  
		                                          ╚══> ✅ SAVED (RMSE: 4.7810)
		   21/1000 | 0.010000   |    4.51203   |    4.76135   |      0.484 |      0.459 |    0/150  
		                                          ╚══> ✅ SAVED (RMSE: 4.7613)
		   22/1000 | 0.010000   |    4.57692   |    4.81514   |      0.483 |      0.446 |    0/150  
		   23/1000 | 0.010000   |    4.63671   |    4.86541   |      0.473 |      0.437 |    1/150  
		   24/1000 | 0.010000   |    4.61922   |    4.78165   |      0.482 |      0.455 |    2/150  
		   25/1000 | 0.010000   |    4.49292   |    4.81715   |      0.501 |      0.448 |    3/150  
		   26/1000 | 0.010000   |    4.56596   |    4.79850   |      0.495 |      0.452 |    4/150  
		   27/1000 | 0.010000   |    4.44352   |    4.86789   |      0.516 |      0.439 |    5/150  
		   28/1000 | 0.010000   |    4.33443   |    4.81614   |      0.525 |      0.448 |    6/150  
		   29/1000 | 0.010000   |    4.33271   |    4.82712   |      0.528 |      0.442 |    7/150  
		   30/1000 | 0.010000   |    4.42539   |    4.82763   |      0.525 |      0.448 |    8/150  
		   31/1000 | 0.010000   |    4.29689   |    4.78311   |      0.534 |      0.454 |    9/150  
		   32/1000 | 0.010000   |    4.34041   |    4.81818   |      0.521 |      0.448 |   10/150  
		   33/1000 | 0.010000   |    4.24203   |    4.85283   |      0.545 |      0.439 |   11/150  
		   34/1000 | 0.010000   |    4.32043   |    4.86610   |      0.534 |      0.439 |   12/150  
		   35/1000 | 0.010000   |    4.12004   |    4.80293   |      0.572 |      0.450 |   13/150  
		   36/1000 | 0.010000   |    4.16422   |    4.86635   |      0.559 |      0.435 |   14/150  
		   37/1000 | 0.005000   |    4.18810   |    4.81171   |      0.551 |      0.448 |   15/150  
		   38/1000 | 0.005000   |    4.18399   |    4.81054   |      0.556 |      0.448 |   16/150  
		   39/1000 | 0.005000   |    4.07227   |    4.82524   |      0.583 |      0.446 |   17/150  
		   40/1000 | 0.005000   |    4.03659   |    4.82966   |      0.586 |      0.446 |   18/150  
		   41/1000 | 0.005000   |    3.99258   |    4.85045   |      0.604 |      0.440 |   19/150  
		   42/1000 | 0.005000   |    4.03749   |    4.81857   |      0.592 |      0.447 |   20/150  
		   43/1000 | 0.005000   |    4.16604   |    4.79224   |      0.585 |      0.451 |   21/150  
		   44/1000 | 0.005000   |    4.02138   |    4.84741   |      0.595 |      0.437 |   22/150  
		   45/1000 | 0.005000   |    4.00161   |    4.82145   |      0.601 |      0.446 |   23/150  
		   46/1000 | 0.005000   |    3.99583   |    4.82791   |      0.606 |      0.445 |   24/150  
		   47/1000 | 0.005000   |    4.02034   |    4.94411   |      0.592 |      0.418 |   25/150  
		   48/1000 | 0.005000   |    4.03913   |    4.81243   |      0.597 |      0.446 |   26/150  
		   49/1000 | 0.005000   |    3.92907   |    4.89293   |      0.615 |      0.429 |   27/150  
		   50/1000 | 0.005000   |    4.05433   |    4.80689   |      0.603 |      0.448 |   28/150  
		   51/1000 | 0.005000   |    4.01164   |    4.85169   |      0.608 |      0.437 |   29/150  
		   52/1000 | 0.005000   |    3.91267   |    4.82510   |      0.622 |      0.443 |   30/150  
		   53/1000 | 0.002500   |    3.90244   |    4.84824   |      0.625 |      0.436 |   31/150  
		   54/1000 | 0.002500   |    4.01908   |    4.84189   |      0.605 |      0.439 |   32/150  
		   55/1000 | 0.002500   |    3.88064   |    4.83993   |      0.624 |      0.440 |   33/150  
		   56/1000 | 0.002500   |    3.82661   |    4.81297   |      0.635 |      0.446 |   34/150  
		   57/1000 | 0.002500   |    3.86440   |    4.84439   |      0.626 |      0.439 |   35/150  
		   58/1000 | 0.002500   |    3.83175   |    4.93008   |      0.643 |      0.421 |   36/150  
		   59/1000 | 0.002500   |    3.69923   |    4.86263   |      0.658 |      0.434 |   37/150  
		   60/1000 | 0.002500   |    3.93508   |    4.83308   |      0.636 |      0.440 |   38/150  
		   61/1000 | 0.002500   |    3.74445   |    4.87583   |      0.652 |      0.431 |   39/150  
		   62/1000 | 0.002500   |    3.76456   |    4.86026   |      0.653 |      0.433 |   40/150  
		   63/1000 | 0.002500   |    3.76453   |    4.90126   |      0.652 |      0.425 |   41/150  
		   64/1000 | 0.002500   |    3.78166   |    4.84586   |      0.642 |      0.437 |   42/150  
		   65/1000 | 0.002500   |    3.81454   |    4.80242   |      0.642 |      0.448 |   43/150  
		   66/1000 | 0.002500   |    4.04514   |    4.83768   |      0.627 |      0.438 |   44/150  
		   67/1000 | 0.002500   |    3.82670   |    4.90997   |      0.637 |      0.422 |   45/150  
		   68/1000 | 0.002500   |    3.81790   |    4.90050   |      0.641 |      0.425 |   46/150  
		   69/1000 | 0.001250   |    3.74010   |    4.88995   |      0.641 |      0.428 |   47/150  
		   70/1000 | 0.001250   |    3.62912   |    4.89700   |      0.669 |      0.427 |   48/150  
		   71/1000 | 0.001250   |    3.73068   |    4.92805   |      0.653 |      0.420 |   49/150  
		   72/1000 | 0.001250   |    3.75319   |    4.88361   |      0.653 |      0.430 |   50/150  
		   73/1000 | 0.001250   |    4.10618   |    4.90369   |      0.628 |      0.427 |   51/150  
		   74/1000 | 0.001250   |    3.73995   |    4.87626   |      0.669 |      0.432 |   52/150  
		   75/1000 | 0.001250   |    3.73262   |    4.83489   |      0.653 |      0.440 |   53/150  
		   76/1000 | 0.001250   |    3.64139   |    4.84790   |      0.659 |      0.438 |   54/150  
		   77/1000 | 0.001250   |    3.71616   |    4.85539   |      0.654 |      0.435 |   55/150  
		   78/1000 | 0.001250   |    3.71463   |    4.89857   |      0.662 |      0.426 |   56/150  
		   79/1000 | 0.001250   |    3.64667   |    4.84838   |      0.672 |      0.436 |   57/150  
		   80/1000 | 0.001250   |    3.57475   |    4.91331   |      0.678 |      0.423 |   58/150  
		   81/1000 | 0.001250   |    3.68323   |    4.91009   |      0.668 |      0.422 |   59/150  
		   82/1000 | 0.001250   |    3.83982   |    4.91395   |      0.650 |      0.421 |   60/150  
		   83/1000 | 0.001250   |    3.65813   |    4.93113   |      0.674 |      0.420 |   61/150  
		   84/1000 | 0.001250   |    3.58923   |    4.92688   |      0.677 |      0.419 |   62/150  
		   85/1000 | 0.000625   |    3.68550   |    4.90531   |      0.665 |      0.423 |   63/150  
		   86/1000 | 0.000625   |    3.65892   |    4.87643   |      0.666 |      0.430 |   64/150  
		   87/1000 | 0.000625   |    3.62753   |    4.88879   |      0.669 |      0.428 |   65/150  
		   88/1000 | 0.000625   |    3.67720   |    4.91319   |      0.668 |      0.423 |   66/150  
		   89/1000 | 0.000625   |    3.57811   |    4.88365   |      0.682 |      0.429 |   67/150  
		   90/1000 | 0.000625   |    3.70293   |    4.92036   |      0.663 |      0.420 |   68/150  
		   91/1000 | 0.000625   |    3.63745   |    4.87728   |      0.673 |      0.430 |   69/150  
		   92/1000 | 0.000625   |    3.70909   |    4.90643   |      0.660 |      0.423 |   70/150  
		   93/1000 | 0.000625   |    3.52136   |    4.92323   |      0.684 |      0.419 |   71/150  
		   94/1000 | 0.000625   |    3.61384   |    4.88253   |      0.677 |      0.428 |   72/150  
		   95/1000 | 0.000625   |    3.69614   |    4.86945   |      0.669 |      0.431 |   73/150  
		   96/1000 | 0.000625   |    3.60465   |    4.94328   |      0.681 |      0.414 |   74/150  
		   97/1000 | 0.000625   |    3.76239   |    4.95362   |      0.662 |      0.412 |   75/150  
		   98/1000 | 0.000625   |    3.65591   |    4.90671   |      0.671 |      0.423 |   76/150  
		   99/1000 | 0.000625   |    3.59539   |    4.87887   |      0.682 |      0.429 |   77/150  
		  100/1000 | 0.000625   |    3.76707   |    4.93476   |      0.667 |      0.416 |   78/150  
		  101/1000 | 0.000313   |    3.64324   |    4.94345   |      0.668 |      0.414 |   79/150  
		  102/1000 | 0.000313   |    3.73476   |    4.97697   |      0.664 |      0.406 |   80/150  
		  103/1000 | 0.000313   |    3.59057   |    4.92151   |      0.675 |      0.418 |   81/150  
		  104/1000 | 0.000313   |    3.57491   |    4.92393   |      0.685 |      0.419 |   82/150  
		  105/1000 | 0.000313   |    3.61710   |    4.94431   |      0.668 |      0.413 |   83/150  
		  106/1000 | 0.000313   |    3.63223   |    4.89923   |      0.661 |      0.424 |   84/150  
		  107/1000 | 0.000313   |    3.59978   |    4.88691   |      0.677 |      0.426 |   85/150  
		  108/1000 | 0.000313   |    3.64361   |    4.90944   |      0.667 |      0.421 |   86/150  
		  109/1000 | 0.000313   |    3.56930   |    4.92219   |      0.679 |      0.419 |   87/150  
		  110/1000 | 0.000313   |    3.71319   |    4.89324   |      0.651 |      0.425 |   88/150  
		  111/1000 | 0.000313   |    3.65534   |    4.92422   |      0.670 |      0.418 |   89/150  
		  112/1000 | 0.000313   |    3.58388   |    4.93909   |      0.676 |      0.415 |   90/150  
		  113/1000 | 0.000313   |    3.55648   |    4.89443   |      0.684 |      0.425 |   91/150  
		  114/1000 | 0.000313   |    3.63810   |    4.91758   |      0.673 |      0.421 |   92/150  
		  115/1000 | 0.000313   |    3.60060   |    4.88561   |      0.677 |      0.428 |   93/150  
		  116/1000 | 0.000313   |    3.66705   |    4.92191   |      0.676 |      0.419 |   94/150  
		  117/1000 | 0.000156   |    3.57068   |    4.91433   |      0.687 |      0.420 |   95/150  
		  118/1000 | 0.000156   |    3.67916   |    4.86985   |      0.663 |      0.431 |   96/150  
		  119/1000 | 0.000156   |    3.59000   |    4.96782   |      0.686 |      0.409 |   97/150  
		  120/1000 | 0.000156   |    3.57777   |    4.89130   |      0.675 |      0.425 |   98/150  
		  121/1000 | 0.000156   |    3.59026   |    4.89701   |      0.678 |      0.424 |   99/150  
		  122/1000 | 0.000156   |    3.65793   |    4.90858   |      0.671 |      0.421 |  100/150  
		  123/1000 | 0.000156   |    3.55810   |    4.91166   |      0.678 |      0.421 |  101/150  
		  124/1000 | 0.000156   |    3.67193   |    4.91772   |      0.659 |      0.419 |  102/150  
		  125/1000 | 0.000156   |    3.63025   |    4.91355   |      0.673 |      0.420 |  103/150  
		  126/1000 | 0.000156   |    3.59353   |    4.89204   |      0.679 |      0.426 |  104/150  
		  127/1000 | 0.000156   |    3.57867   |    4.87590   |      0.683 |      0.429 |  105/150  
		  128/1000 | 0.000156   |    3.56197   |    4.89062   |      0.678 |      0.425 |  106/150  
		  129/1000 | 0.000156   |    3.64274   |    4.95149   |      0.680 |      0.412 |  107/150  
		  130/1000 | 0.000156   |    3.65956   |    4.92734   |      0.670 |      0.417 |  108/150  
		  131/1000 | 0.000156   |    3.56352   |    4.90314   |      0.685 |      0.422 |  109/150  
		  132/1000 | 0.000156   |    3.61854   |    4.91504   |      0.684 |      0.420 |  110/150  
		  133/1000 | 0.000078   |    3.63199   |    4.89983   |      0.672 |      0.424 |  111/150  
		  134/1000 | 0.000078   |    3.61473   |    4.94761   |      0.679 |      0.412 |  112/150  
		  135/1000 | 0.000078   |    3.62316   |    4.93464   |      0.675 |      0.416 |  113/150  
		  136/1000 | 0.000078   |    3.56593   |    4.89691   |      0.682 |      0.424 |  114/150  
		  137/1000 | 0.000078   |    3.62413   |    4.97467   |      0.680 |      0.407 |  115/150  
		  138/1000 | 0.000078   |    3.75737   |    4.92657   |      0.671 |      0.417 |  116/150  
		  139/1000 | 0.000078   |    3.69149   |    4.87965   |      0.671 |      0.427 |  117/150  
		  140/1000 | 0.000078   |    3.62494   |    4.88123   |      0.669 |      0.427 |  118/150  
		  141/1000 | 0.000078   |    3.57414   |    4.90231   |      0.680 |      0.422 |  119/150  
		  142/1000 | 0.000078   |    3.59252   |    4.96047   |      0.680 |      0.409 |  120/150  
		  143/1000 | 0.000078   |    3.56916   |    4.89012   |      0.682 |      0.425 |  121/150  
		  144/1000 | 0.000078   |    3.68116   |    4.86893   |      0.670 |      0.430 |  122/150  
		  145/1000 | 0.000078   |    3.57664   |    4.93466   |      0.679 |      0.415 |  123/150  
		  146/1000 | 0.000078   |    3.58746   |    4.95459   |      0.686 |      0.411 |  124/150  
		  147/1000 | 0.000078   |    3.47532   |    4.89608   |      0.692 |      0.423 |  125/150  
		  148/1000 | 0.000078   |    3.56262   |    4.88092   |      0.682 |      0.427 |  126/150  
		  149/1000 | 0.000039   |    3.71151   |    4.94363   |      0.671 |      0.414 |  127/150  
		  150/1000 | 0.000039   |    3.46279   |    4.91081   |      0.699 |      0.421 |  128/150  
		  151/1000 | 0.000039   |    3.53389   |    4.90331   |      0.684 |      0.422 |  129/150  
		  152/1000 | 0.000039   |    3.48670   |    4.90423   |      0.690 |      0.422 |  130/150  
		  153/1000 | 0.000039   |    3.59494   |    4.91459   |      0.681 |      0.419 |  131/150  
		  154/1000 | 0.000039   |    3.62713   |    4.90995   |      0.680 |      0.420 |  132/150  
		  155/1000 | 0.000039   |    3.66748   |    4.94789   |      0.679 |      0.412 |  133/150  
		  156/1000 | 0.000039   |    3.61016   |    4.90396   |      0.681 |      0.421 |  134/150  
		  157/1000 | 0.000039   |    3.71828   |    4.89685   |      0.664 |      0.423 |  135/150  
		  158/1000 | 0.000039   |    3.72333   |    4.93393   |      0.671 |      0.415 |  136/150  
		  159/1000 | 0.000039   |    3.67424   |    4.89600   |      0.669 |      0.424 |  137/150  
		  160/1000 | 0.000039   |    3.57972   |    4.91344   |      0.681 |      0.420 |  138/150  
		  161/1000 | 0.000039   |    3.58106   |    4.91919   |      0.682 |      0.418 |  139/150  
		  162/1000 | 0.000039   |    3.62100   |    4.91059   |      0.670 |      0.420 |  140/150  
		  163/1000 | 0.000039   |    3.62125   |    4.92987   |      0.672 |      0.416 |  141/150  
		  164/1000 | 0.000039   |    3.67681   |    4.89885   |      0.665 |      0.423 |  142/150  
		  165/1000 | 0.000020   |    3.59112   |    4.88520   |      0.682 |      0.426 |  143/150  
		  166/1000 | 0.000020   |    3.54170   |    4.88865   |      0.680 |      0.426 |  144/150  
		  167/1000 | 0.000020   |    3.64570   |    4.91350   |      0.675 |      0.419 |  145/150  
		  168/1000 | 0.000020   |    3.80983   |    4.92950   |      0.676 |      0.416 |  146/150  
		  169/1000 | 0.000020   |    3.58716   |    4.93844   |      0.682 |      0.414 |  147/150  
		  170/1000 | 0.000020   |    3.63017   |    4.90700   |      0.670 |      0.422 |  148/150  
		  171/1000 | 0.000020   |    3.60698   |    4.91953   |      0.683 |      0.419 |  149/150  

		Early stopping triggered.
		[INFO] Case 3 completed.
