nohup: ignoring input
Crash diagnostics ON


==================================================
PART 1: Data preprocess for 2023-01-01 00:00:00 to 2024-09-30 23:00:00...
==================================================

	1.1 Preprocessing radiation data...
		[INFO] Radiation data already exists at './data/timeseries/radiation_data.csv'

	1.2 Preprocessing temperature data...
		[INFO] Temperature data already exists at './data/timeseries/temperature_data.csv'

	1.3 Preprocessing building data...
		[INFO] Building data already exists at './data/timeseries/building_data.csv'

	1.4 Preprocessing electricity cost data...
		[INFO] Electricity cost data already exists at './data/timeseries/electricitycostG2B_data.csv' and './data/timeseries/electricitycostG2V_data.csv'

	1.5 Preprocessing battery demand series data...
		[INFO] Found existing battery data at './data/battery_demand/resample_full.csv' and './data/battery_demand/resample_train.csv'

		[INFO] Number of series for clean windows = (168, 37)
		[INFO] Number of eligible series for Case 2 = (1395, 37)
		[INFO] Case 1 exists — loaded battery demand from './data/battery_demand/case1_real_only/battery_demand.npy' with shape (168, 37).
		[INFO] Building Case 2 (fill NaN)
		[INFO] Resuming Case 2 from checkpoint: './data/battery_demand/case2_nan_filled/battery_demand_ckpt.npz'
		[INFO] Case 2 resume index = 997, current series shape = (1165, 37)
		[INFO] Case 2 generating:   0%|          | 0/398 [00:00<?, ?it/s]		[INFO] Case 2 generating:   0%|          | 1/398 [00:05<35:47,  5.41s/it]		[INFO] Case 2 generating:   1%|          | 2/398 [00:10<35:26,  5.37s/it]		[INFO] Case 2 generating:   1%|          | 3/398 [00:16<35:02,  5.32s/it]		[INFO] Case 2 generating:   1%|          | 4/398 [00:21<34:49,  5.30s/it]		[INFO] Case 2 generating:   1%|▏         | 5/398 [00:26<34:43,  5.30s/it]		[INFO] Case 2 generating:   2%|▏         | 6/398 [00:31<34:40,  5.31s/it]		[INFO] Case 2 generating:   2%|▏         | 7/398 [00:37<34:24,  5.28s/it]		[INFO] Case 2 generating:   2%|▏         | 8/398 [00:42<34:30,  5.31s/it]		[INFO] Case 2 generating:   2%|▏         | 9/398 [00:47<34:27,  5.32s/it]		[INFO] Case 2 generating:   3%|▎         | 10/398 [00:53<34:31,  5.34s/it]		[INFO] Case 2 generating:   3%|▎         | 11/398 [00:58<34:17,  5.32s/it]		[INFO] Case 2 generating:   3%|▎         | 12/398 [01:03<34:10,  5.31s/it]		[INFO] Case 2 generating:   3%|▎         | 13/398 [01:09<33:57,  5.29s/it]		[INFO] Case 2 generating:   4%|▎         | 14/398 [01:14<33:52,  5.29s/it]		[INFO] Case 2 generating:   4%|▍         | 15/398 [01:19<33:47,  5.29s/it]		[INFO] Case 2 generating:   4%|▍         | 15/398 [01:20<34:05,  5.34s/it]
Traceback (most recent call last):
  File "/home/lisa4090/Documents/GitHub/V2B_Optimization_with_AI_on_BSS/main.py", line 65, in <module>
    main()
    ~~~~^^
  File "/home/lisa4090/Documents/GitHub/V2B_Optimization_with_AI_on_BSS/main.py", line 12, in main
    data = preprocessor.preprocess()
  File "/home/lisa4090/Documents/GitHub/V2B_Optimization_with_AI_on_BSS/preprocess/preprocessor.py", line 231, in preprocess
    gen.generate_battery_series(rerun=False)
    ~~~~~~~~~~~~~~~~~~~~~~~~~~~^^^^^^^^^^^^^
  File "/home/lisa4090/Documents/GitHub/V2B_Optimization_with_AI_on_BSS/preprocess/batterygenerator.py", line 190, in generate_battery_series
    sample = self._generate_artificial_battery_data(chunk, n_samples)[0]
             ~~~~~~~~~~~~~~~~~~~~~~~~~~~~~~~~~~~~~~^^^^^^^^^^^^^^^^^^
  File "/home/lisa4090/Documents/GitHub/V2B_Optimization_with_AI_on_BSS/preprocess/batterygenerator.py", line 349, in _generate_artificial_battery_data
    generator = BlockGenerator(
        seed=seq,
    ...<4 lines>...
        random_state=cfg.RANDOM_STATE,
    )
  File "/home/lisa4090/Documents/GitHub/V2B_Optimization_with_AI_on_BSS/time_series_generator/time_series_generator/core.py", line 577, in __init__
    grouped = datapreparer.generate_grouped_subsequences()
  File "/home/lisa4090/Documents/GitHub/V2B_Optimization_with_AI_on_BSS/time_series_generator/time_series_generator/preprocessing.py", line 33, in generate_grouped_subsequences
    all_subseqs = self._expand_all_sequences(subseqs)
  File "/home/lisa4090/Documents/GitHub/V2B_Optimization_with_AI_on_BSS/time_series_generator/time_series_generator/preprocessing.py", line 92, in _expand_all_sequences
    expanded = self._expand_to_all_right_shifts(seq)
  File "/home/lisa4090/Documents/GitHub/V2B_Optimization_with_AI_on_BSS/time_series_generator/time_series_generator/preprocessing.py", line 83, in _expand_to_all_right_shifts
    left = np.full(shift, np.nan)
TypeError: 'float' object is not callable
