Crash diagnostics ON


==================================================
PART 1: Data preprocess for 2023-01-01 00:00:00 to 2024-09-30 23:00:00...
==================================================

	1.1 Preprocessing radiation data...
		[INFO] Radiation data already exists at './data/timeseries/radiation_data.csv'

	1.2 Preprocessing temperature data...
		[INFO] Temperature data already exists at './data/timeseries/temperature_data.csv'

	1.3 Preprocessing building data...
		[INFO] Building data already exists at './data/timeseries/building_data.csv'

	1.4 Preprocessing electricity cost data...
		[INFO] Electricity cost data already exists at './data/timeseries/electricitycostG2B_data.csv' and './data/timeseries/electricitycostG2V_data.csv'

	1.5 Preprocessing battery demand series data...
		[INFO] Found existing battery data at './data/battery_demand/tol27/resample_full.csv' and './data/battery_demand/tol27/resample_train.csv'

		[INFO] Number of series for clean windows = (168, 37)
		[INFO] Number of eligible series for Case 2 = (1381, 37)
		[INFO] Number of seeds ready for Case 3  = (2000, 36)

		[INFO] Case 1 exists — loaded battery demand from './data/battery_demand/tol27/case1_real_only/battery_demand.npy' with shape (168, 37).
		[INFO] Case 2 exists — loaded battery demand from './data/battery_demand/tol27/case2_nan_filled/battery_demand.npy' with shape (1549, 37).
		[INFO] Case 3 exists — loaded battery demand from './data/battery_demand/tol27/case3_extended_generated/battery_demand.npy' with shape (3549, 37).
		[INFO] Case 0: Successfully added test pair 2024-03-15 & 2024-03-16
		Data: [10536, 28, 30, 35, 37, 37, 36, 33, 26, 10, 6, 10, 14, 19, 18, 15, 20, 26, 15, 9, 16, 21, 20, 8, 12, 15, 24, 31, 35, 32, 35, 34, 32, 31, 30, 22, 14, 18, 27, 18, 19, 19, 25, 25, 25, 26, 27, 17, 19]
		[INFO] Case 0: Successfully added test pair 2024-03-29 & 2024-03-30
		Data: [10872, 13, 26, 31, 33, 33, 33, 31, 15, 8, 19, 11, 15, 18, 16, 18, 18, 19, 7, 4, 23, 23, 16, 17, 18, 18, 19, 24, 29, 30, 30, 22, 27, 21, 14, 15, 16, 20, 18, 23, 27, 18, 2, 10, 23, 22, 22, 17, 21]

	1.6 Generating battery schedule...
		[INFO] Case 1 exists — loaded from './data/battery_demand/tol27/case1_real_only/battery_availability.npy' and './data/battery_demand/tol27/case1_real_only/battery_details.npy' shape (168, 263, 36) and (4, 168, 263)
		[INFO] Case 2 exists — loaded from './data/battery_demand/tol27/case2_nan_filled/battery_availability.npy' and './data/battery_demand/tol27/case2_nan_filled/battery_details.npy' shape (1549, 311, 36) and (4, 1549, 311)
		[INFO] Case 3 exists — loaded from './data/battery_demand/tol27/case3_extended_generated/battery_availability.npy' and './data/battery_demand/tol27/case3_extended_generated/battery_details.npy' shape (3549, 422, 36) and (4, 3549, 422)


==================================================
PART 2: MILP Optimization...
==================================================

	2.1 Optimizing Case 1...
		[INFO] Loaded 168 samples from './data/battery_demand/tol27/case1_real_only'
		[INFO] Results already exist at './data/optimization_results/tol27/case1_real_only/optimization/V2B.npy'. Skipping optimization run.
		[INFO] Results already exist at './data/optimization_results/tol27/case1_real_only/immediate_charging/V2B.npy'. Skipping immediate_charging run.
		[INFO] Case 1 completed.

	2.2 Optimizing Case 2...
		[INFO] Loaded 1549 samples from './data/battery_demand/tol27/case2_nan_filled'
		[INFO] Results already exist at './data/optimization_results/tol27/case2_nan_filled/optimization/V2B.npy'. Skipping optimization run.
		[INFO] Results already exist at './data/optimization_results/tol27/case2_nan_filled/immediate_charging/V2B.npy'. Skipping immediate_charging run.
		[INFO] Case 2 completed.

	2.3 Optimizing Case 3...
		[INFO] Loaded 3549 samples from './data/battery_demand/tol27/case3_extended_generated'
		[INFO] Results already exist at './data/optimization_results/tol27/case3_extended_generated/optimization/V2B.npy'. Skipping optimization run.
		[INFO] Results already exist at './data/optimization_results/tol27/case3_extended_generated/immediate_charging/V2B.npy'. Skipping immediate_charging run.
		[INFO] Case 3 completed.


==================================================
PART 3: Supervised Learning...
==================================================

	3.1 Training Case 1...
		=== Training Log Started: 2025-11-30 00:20:52.112215 ===
		Run Name: STAFV2_27_CASE1
		Device: cuda
		Epochs: 1000, Batch Size: 4, LR: 0.05
		============================================================
		[INFO] Unique quantized indices: 6686
		[INFO] Suggested num_embeddings: 8023
		[INFO] Processed 168 valid samples.
		[INFO] Saved merged dataset: ./data/training_results/merged_windowed_dataset_STAFV2_27_CASE1.csv  (shape: (168, 429))
		[INFO] Saved feature metadata: ./data/training_results/feature_info_STAFV2_27_CASE1.json
		[INFO] Dataset split: 134 train, 34 val
		[INFO] Scalers fitted and saved.

		✅ Model initialized with 38122 params.
		============================================================
		--------------------------------------------------------------------------------------------
		  Epoch    |     LR     |  Train RMSE  |   Val RMSE   |  Train R²  |   Val R²   |  Patience 
		--------------------------------------------------------------------------------------------
		    1/1000 | 0.050000   |    7.66890   |    6.70856   |     -0.453 |     -0.004 |    0/150  
		    2/1000 | 0.050000   |    6.50917   |    6.70910   |     -0.055 |      0.012 |    0/150  
		    3/1000 | 0.050000   |    6.56641   |    6.60267   |     -0.080 |      0.025 |    1/150  
		    4/1000 | 0.050000   |    6.12281   |    5.42697   |      0.064 |      0.292 |    0/150  
		    5/1000 | 0.050000   |    5.97933   |    5.39203   |      0.119 |      0.330 |    0/150  
		    6/1000 | 0.050000   |    6.01867   |    5.26672   |      0.097 |      0.344 |    0/150  
		    7/1000 | 0.050000   |    5.75747   |    5.76280   |      0.185 |      0.233 |    0/150  
		    8/1000 | 0.050000   |    5.60154   |    5.20869   |      0.217 |      0.350 |    1/150  
		    9/1000 | 0.050000   |    5.89130   |    5.39139   |      0.133 |      0.315 |    0/150  
		   10/1000 | 0.050000   |    5.86982   |    5.06990   |      0.152 |      0.373 |    1/150  
		   11/1000 | 0.050000   |    5.84997   |    5.38251   |      0.152 |      0.314 |    0/150  
		   12/1000 | 0.050000   |    5.30050   |    5.05155   |      0.308 |      0.394 |    1/150  
		   13/1000 | 0.050000   |    4.83885   |    4.92726   |      0.414 |      0.417 |    0/150  
		                                          ╚══> ✅ SAVED (RMSE: 4.9273)
		   14/1000 | 0.050000   |    5.44945   |    5.07028   |      0.257 |      0.396 |    0/150  
		   15/1000 | 0.050000   |    5.24921   |    4.92868   |      0.322 |      0.412 |    1/150  
		   16/1000 | 0.050000   |    5.51554   |    4.89964   |      0.239 |      0.415 |    2/150  
		                                          ╚══> ✅ SAVED (RMSE: 4.8996)
		   17/1000 | 0.050000   |    5.51933   |    5.22790   |      0.239 |      0.355 |    0/150  
		   18/1000 | 0.050000   |    5.72563   |    4.76847   |      0.177 |      0.441 |    1/150  
		                                          ╚══> ✅ SAVED (RMSE: 4.7685)
		   19/1000 | 0.050000   |    5.33610   |    5.24909   |      0.292 |      0.350 |    0/150  
		   20/1000 | 0.050000   |    5.39866   |    5.03058   |      0.272 |      0.403 |    1/150  
		   21/1000 | 0.050000   |    5.47243   |    5.31619   |      0.258 |      0.347 |    2/150  
		   22/1000 | 0.050000   |    5.61171   |    5.19449   |      0.217 |      0.349 |    3/150  
		   23/1000 | 0.050000   |    5.52062   |    5.22475   |      0.256 |      0.353 |    4/150  
		   24/1000 | 0.050000   |    5.51191   |    5.32234   |      0.252 |      0.329 |    5/150  
		   25/1000 | 0.050000   |    5.80225   |    4.84465   |      0.181 |      0.429 |    6/150  
		   26/1000 | 0.050000   |    5.44185   |    4.89132   |      0.273 |      0.409 |    7/150  
		   27/1000 | 0.050000   |    5.96908   |    5.59652   |      0.132 |      0.262 |    8/150  
		   28/1000 | 0.050000   |    5.41134   |    4.90179   |      0.303 |      0.410 |    9/150  
		   29/1000 | 0.050000   |    5.35876   |    5.22195   |      0.295 |      0.333 |   10/150  
		   30/1000 | 0.050000   |    5.37698   |    5.29715   |      0.289 |      0.320 |   11/150  
		   31/1000 | 0.050000   |    5.37171   |    5.20479   |      0.291 |      0.337 |   12/150  
		   32/1000 | 0.050000   |    5.48018   |    5.10359   |      0.255 |      0.359 |   13/150  
		   33/1000 | 0.050000   |    5.40930   |    5.34095   |      0.293 |      0.319 |   14/150  
		   34/1000 | 0.025000   |    5.42495   |    5.16750   |      0.265 |      0.357 |   15/150  
		   35/1000 | 0.025000   |    5.32093   |    5.42392   |      0.305 |      0.290 |   16/150  
		   36/1000 | 0.025000   |    5.36211   |    4.91744   |      0.298 |      0.413 |   17/150  
		   37/1000 | 0.025000   |    5.18475   |    5.22446   |      0.326 |      0.352 |   18/150  
		   38/1000 | 0.025000   |    4.87441   |    5.44781   |      0.407 |      0.288 |   19/150  
		   39/1000 | 0.025000   |    5.35012   |    5.07064   |      0.308 |      0.386 |   20/150  
		   40/1000 | 0.025000   |    5.27894   |    5.15613   |      0.309 |      0.356 |   21/150  
		   41/1000 | 0.025000   |    4.99667   |    5.01984   |      0.389 |      0.393 |   22/150  
		   42/1000 | 0.025000   |    5.14012   |    5.24212   |      0.338 |      0.358 |   23/150  
		   43/1000 | 0.025000   |    5.04818   |    5.35816   |      0.364 |      0.310 |   24/150  
		   44/1000 | 0.025000   |    4.90829   |    5.19708   |      0.406 |      0.343 |   25/150  
		   45/1000 | 0.025000   |    5.33303   |    5.28102   |      0.291 |      0.348 |   26/150  
		   46/1000 | 0.025000   |    5.09635   |    5.03499   |      0.353 |      0.397 |   27/150  
		   47/1000 | 0.025000   |    4.91172   |    5.68125   |      0.395 |      0.223 |   28/150  
		   48/1000 | 0.025000   |    5.29227   |    5.15506   |      0.301 |      0.375 |   29/150  
		   49/1000 | 0.025000   |    5.05573   |    5.02849   |      0.371 |      0.390 |   30/150  
		   50/1000 | 0.012500   |    5.23492   |    5.01404   |      0.313 |      0.396 |   31/150  
		   51/1000 | 0.012500   |    5.00818   |    5.10970   |      0.383 |      0.365 |   32/150  
		   52/1000 | 0.012500   |    5.19780   |    5.38410   |      0.331 |      0.290 |   33/150  
		   53/1000 | 0.012500   |    5.63642   |    5.55167   |      0.210 |      0.272 |   34/150  
		   54/1000 | 0.012500   |    5.16349   |    5.32152   |      0.358 |      0.312 |   35/150  
		   55/1000 | 0.012500   |    4.99760   |    5.70853   |      0.389 |      0.211 |   36/150  
		   56/1000 | 0.012500   |    5.07149   |    5.67049   |      0.358 |      0.223 |   37/150  
		   57/1000 | 0.012500   |    4.86902   |    5.58347   |      0.426 |      0.240 |   38/150  
		   58/1000 | 0.012500   |    5.44283   |    5.55198   |      0.275 |      0.264 |   39/150  
		   59/1000 | 0.012500   |    5.03099   |    5.60162   |      0.378 |      0.253 |   40/150  
		   60/1000 | 0.012500   |    4.91954   |    5.68395   |      0.395 |      0.223 |   41/150  
		   61/1000 | 0.012500   |    5.22545   |    5.43037   |      0.318 |      0.294 |   42/150  
		   62/1000 | 0.012500   |    4.86135   |    5.87576   |      0.409 |      0.177 |   43/150  
		   63/1000 | 0.012500   |    5.85196   |    5.62037   |      0.148 |      0.252 |   44/150  
		   64/1000 | 0.012500   |    4.86418   |    5.50650   |      0.409 |      0.263 |   45/150  
		   65/1000 | 0.012500   |    4.99498   |    5.55659   |      0.376 |      0.253 |   46/150  
		   66/1000 | 0.006250   |    4.88357   |    5.64147   |      0.404 |      0.235 |   47/150  
		   67/1000 | 0.006250   |    5.26950   |    5.44525   |      0.310 |      0.292 |   48/150  
		   68/1000 | 0.006250   |    5.05703   |    5.87042   |      0.401 |      0.155 |   49/150  
		   69/1000 | 0.006250   |    4.90777   |    5.93647   |      0.419 |      0.143 |   50/150  
		   70/1000 | 0.006250   |    5.59984   |    5.35280   |      0.220 |      0.319 |   51/150  
		   71/1000 | 0.006250   |    5.50648   |    5.41914   |      0.245 |      0.299 |   52/150  
		   72/1000 | 0.006250   |    5.21471   |    5.42879   |      0.322 |      0.294 |   53/150  
		   73/1000 | 0.006250   |    5.36564   |    5.74856   |      0.294 |      0.205 |   54/150  
		   74/1000 | 0.006250   |    5.14369   |    5.75242   |      0.358 |      0.199 |   55/150  
		   75/1000 | 0.006250   |    4.81726   |    5.78063   |      0.449 |      0.186 |   56/150  
		   76/1000 | 0.006250   |    4.74912   |    5.34087   |      0.434 |      0.316 |   57/150  
		   77/1000 | 0.006250   |    4.68536   |    6.02448   |      0.473 |      0.114 |   58/150  
		   78/1000 | 0.006250   |    5.08862   |    5.69446   |      0.352 |      0.236 |   59/150  
		   79/1000 | 0.006250   |    4.73434   |    5.70522   |      0.440 |      0.213 |   60/150  
		   80/1000 | 0.006250   |    5.02902   |    5.58569   |      0.386 |      0.235 |   61/150  
		   81/1000 | 0.006250   |    5.39632   |    5.75444   |      0.291 |      0.209 |   62/150  
		   82/1000 | 0.003125   |    5.14435   |    5.44178   |      0.358 |      0.293 |   63/150  
		   83/1000 | 0.003125   |    5.55532   |    5.51816   |      0.248 |      0.260 |   64/150  
		   84/1000 | 0.003125   |    4.92232   |    5.66178   |      0.401 |      0.222 |   65/150  
		   85/1000 | 0.003125   |    5.20926   |    6.70671   |      0.345 |     -0.088 |   66/150  
		   86/1000 | 0.003125   |    4.81819   |    6.06747   |      0.419 |      0.114 |   67/150  
		   87/1000 | 0.003125   |    4.98502   |    5.66409   |      0.397 |      0.206 |   68/150  
		   88/1000 | 0.003125   |    4.62503   |    5.52975   |      0.482 |      0.266 |   69/150  
		   89/1000 | 0.003125   |    4.76153   |    5.43276   |      0.435 |      0.294 |   70/150  
		   90/1000 | 0.003125   |    5.31246   |    5.52282   |      0.307 |      0.270 |   71/150  
		   91/1000 | 0.003125   |    4.98789   |    6.19685   |      0.378 |      0.069 |   72/150  
		   92/1000 | 0.003125   |    5.00398   |    5.58518   |      0.379 |      0.239 |   73/150  
		   93/1000 | 0.003125   |    4.85782   |    5.34653   |      0.431 |      0.315 |   74/150  
		   94/1000 | 0.003125   |    4.71220   |    6.26904   |      0.445 |      0.036 |   75/150  
		   95/1000 | 0.003125   |    4.93130   |    5.67394   |      0.394 |      0.224 |   76/150  
		   96/1000 | 0.003125   |    4.65576   |    6.40135   |      0.490 |     -0.001 |   77/150  
		   97/1000 | 0.003125   |    4.60058   |    5.95717   |      0.480 |      0.121 |   78/150  
		   98/1000 | 0.001563   |    4.79898   |    5.55809   |      0.429 |      0.255 |   79/150  
		   99/1000 | 0.001563   |    5.04277   |    5.45176   |      0.365 |      0.288 |   80/150  
		  100/1000 | 0.001563   |    4.50015   |    5.26550   |      0.494 |      0.326 |   81/150  
		  101/1000 | 0.001563   |    4.81114   |    5.34167   |      0.424 |      0.317 |   82/150  
		  102/1000 | 0.001563   |    5.18933   |    5.57204   |      0.324 |      0.243 |   83/150  
		  103/1000 | 0.001563   |    4.80806   |    5.35625   |      0.427 |      0.308 |   84/150  
		  104/1000 | 0.001563   |    4.83572   |    6.39432   |      0.416 |     -0.009 |   85/150  
		  105/1000 | 0.001563   |    4.49138   |    5.85200   |      0.497 |      0.168 |   86/150  
		  106/1000 | 0.001563   |    4.85332   |    5.18072   |      0.428 |      0.352 |   87/150  
		  107/1000 | 0.001563   |    4.92562   |    5.67740   |      0.395 |      0.218 |   88/150  
		  108/1000 | 0.001563   |    5.12752   |    5.26986   |      0.358 |      0.325 |   89/150  
		  109/1000 | 0.001563   |    5.04328   |    6.25185   |      0.362 |      0.046 |   90/150  
		  110/1000 | 0.001563   |    5.16705   |    5.34034   |      0.332 |      0.314 |   91/150  
		  111/1000 | 0.001563   |    5.14606   |    5.66884   |      0.340 |      0.235 |   92/150  
		  112/1000 | 0.001563   |    4.95692   |    6.20583   |      0.401 |      0.054 |   93/150  
		  113/1000 | 0.001563   |    5.22210   |    5.68524   |      0.318 |      0.219 |   94/150  
		  114/1000 | 0.000781   |    5.58870   |    5.54797   |      0.223 |      0.262 |   95/150  
		  115/1000 | 0.000781   |    5.26534   |    5.39753   |      0.325 |      0.296 |   96/150  
		  116/1000 | 0.000781   |    4.92453   |    5.98178   |      0.422 |      0.141 |   97/150  
		  117/1000 | 0.000781   |    4.75028   |    5.36839   |      0.440 |      0.315 |   98/150  
		  118/1000 | 0.000781   |    4.34951   |    5.51578   |      0.537 |      0.269 |   99/150  
		  119/1000 | 0.000781   |    4.75928   |    5.82795   |      0.462 |      0.171 |  100/150  
		  120/1000 | 0.000781   |    5.13556   |    5.31940   |      0.369 |      0.319 |  101/150  
		  121/1000 | 0.000781   |    4.78147   |    5.25437   |      0.427 |      0.333 |  102/150  
		  122/1000 | 0.000781   |    5.19132   |    5.59701   |      0.347 |      0.239 |  103/150  
		  123/1000 | 0.000781   |    5.12400   |    6.35261   |      0.363 |      0.021 |  104/150  
		  124/1000 | 0.000781   |    4.46443   |    5.64272   |      0.505 |      0.235 |  105/150  
		  125/1000 | 0.000781   |    5.05405   |    6.29887   |      0.381 |      0.044 |  106/150  
		  126/1000 | 0.000781   |    5.35719   |    5.81737   |      0.292 |      0.179 |  107/150  
		  127/1000 | 0.000781   |    5.15693   |    6.11848   |      0.350 |      0.094 |  108/150  
		  128/1000 | 0.000781   |    4.77761   |    5.41196   |      0.430 |      0.291 |  109/150  
		  129/1000 | 0.000781   |    5.35306   |    5.27160   |      0.312 |      0.311 |  110/150  
		  130/1000 | 0.000391   |    5.13398   |    5.89778   |      0.360 |      0.150 |  111/150  
		  131/1000 | 0.000391   |    5.08622   |    5.70954   |      0.357 |      0.199 |  112/150  
		  132/1000 | 0.000391   |    4.18129   |    5.97151   |      0.565 |      0.136 |  113/150  
		  133/1000 | 0.000391   |    4.77812   |    5.54710   |      0.440 |      0.260 |  114/150  
		  134/1000 | 0.000391   |    4.81349   |    6.35538   |      0.429 |      0.033 |  115/150  
		  135/1000 | 0.000391   |    5.12686   |    5.43733   |      0.380 |      0.284 |  116/150  
		  136/1000 | 0.000391   |    5.09514   |    5.78215   |      0.351 |      0.184 |  117/150  
		  137/1000 | 0.000391   |    4.78310   |    5.63820   |      0.428 |      0.229 |  118/150  
		  138/1000 | 0.000391   |    5.07842   |    6.37028   |      0.375 |      0.008 |  119/150  
		  139/1000 | 0.000391   |    5.39032   |    5.87246   |      0.291 |      0.170 |  120/150  
		  140/1000 | 0.000391   |    4.67601   |    6.00007   |      0.476 |      0.130 |  121/150  
		  141/1000 | 0.000391   |    5.28053   |    5.03013   |      0.322 |      0.390 |  122/150  
		  142/1000 | 0.000391   |    5.31812   |    5.47824   |      0.329 |      0.268 |  123/150  
		  143/1000 | 0.000391   |    5.18307   |    6.22878   |      0.343 |      0.050 |  124/150  
		  144/1000 | 0.000391   |    5.30062   |    5.50271   |      0.315 |      0.273 |  125/150  
		  145/1000 | 0.000391   |    4.25043   |    5.80508   |      0.548 |      0.182 |  126/150  
		  146/1000 | 0.000195   |    4.96587   |    5.90343   |      0.388 |      0.156 |  127/150  
		  147/1000 | 0.000195   |    4.93836   |    5.91562   |      0.394 |      0.162 |  128/150  
		  148/1000 | 0.000195   |    5.15844   |    6.49525   |      0.360 |     -0.024 |  129/150  
		  149/1000 | 0.000195   |    4.90451   |    6.23867   |      0.414 |      0.062 |  130/150  
		  150/1000 | 0.000195   |    4.55182   |    5.97087   |      0.487 |      0.129 |  131/150  
		  151/1000 | 0.000195   |    4.70270   |    5.50795   |      0.447 |      0.279 |  132/150  
		  152/1000 | 0.000195   |    5.37133   |    5.28154   |      0.295 |      0.327 |  133/150  
		  153/1000 | 0.000195   |    4.29189   |    5.48202   |      0.540 |      0.274 |  134/150  
		  154/1000 | 0.000195   |    5.40140   |    5.36513   |      0.308 |      0.301 |  135/150  
		  155/1000 | 0.000195   |    4.76432   |    5.90860   |      0.434 |      0.162 |  136/150  
		  156/1000 | 0.000195   |    4.76923   |    5.30955   |      0.450 |      0.318 |  137/150  
		  157/1000 | 0.000195   |    5.14276   |    5.11339   |      0.375 |      0.362 |  138/150  
		  158/1000 | 0.000195   |    5.06760   |    6.05130   |      0.367 |      0.119 |  139/150  
		  159/1000 | 0.000195   |    4.97729   |    5.28570   |      0.401 |      0.317 |  140/150  
		  160/1000 | 0.000195   |    4.79945   |    5.20378   |      0.445 |      0.337 |  141/150  
		  161/1000 | 0.000195   |    5.02964   |    5.86816   |      0.392 |      0.169 |  142/150  
		  162/1000 | 0.000098   |    4.38227   |    5.29779   |      0.529 |      0.328 |  143/150  
		  163/1000 | 0.000098   |    5.33195   |    5.24240   |      0.318 |      0.335 |  144/150  
		  164/1000 | 0.000098   |    5.26845   |    5.94947   |      0.310 |      0.142 |  145/150  
		  165/1000 | 0.000098   |    5.04512   |    5.56457   |      0.371 |      0.242 |  146/150  
		  166/1000 | 0.000098   |    5.26386   |    5.42230   |      0.336 |      0.278 |  147/150  
		  167/1000 | 0.000098   |    5.10607   |    5.45650   |      0.352 |      0.282 |  148/150  
		  168/1000 | 0.000098   |    4.36715   |    6.00018   |      0.528 |      0.130 |  149/150  

		Early stopping triggered.
		[INFO] Case 1 completed.

	3.2 Training Case 2...
		=== Training Log Started: 2025-11-30 00:22:15.344693 ===
		Run Name: STAFV2_27_CASE2
		Device: cuda
		Epochs: 1000, Batch Size: 4, LR: 0.05
		============================================================
		[INFO] Unique quantized indices: 24205
		[INFO] Suggested num_embeddings: 29046
		[INFO] Processed 1549 valid samples.
		[INFO] Saved merged dataset: ./data/training_results/merged_windowed_dataset_STAFV2_27_CASE2.csv  (shape: (1549, 429))
		[INFO] Saved feature metadata: ./data/training_results/feature_info_STAFV2_27_CASE2.json
		[INFO] Dataset split: 1239 train, 310 val
		[INFO] Scalers fitted and saved.

		✅ Model initialized with 38122 params.
		============================================================
		--------------------------------------------------------------------------------------------
		  Epoch    |     LR     |  Train RMSE  |   Val RMSE   |  Train R²  |   Val R²   |  Patience 
		--------------------------------------------------------------------------------------------
		    1/1000 | 0.050000   |    6.47229   |    5.37973   |     -0.027 |      0.286 |    0/150  
		    2/1000 | 0.050000   |    5.85555   |    5.58626   |      0.160 |      0.230 |    0/150  
		    3/1000 | 0.050000   |    5.92039   |    5.55961   |      0.141 |      0.238 |    1/150  
		    4/1000 | 0.050000   |    5.92619   |    5.59493   |      0.140 |      0.228 |    2/150  
		    5/1000 | 0.050000   |    5.85344   |    5.42342   |      0.160 |      0.274 |    3/150  
		    6/1000 | 0.050000   |    5.94208   |    5.61794   |      0.135 |      0.221 |    4/150  
		    7/1000 | 0.050000   |    5.68116   |    5.41021   |      0.209 |      0.278 |    5/150  
		    8/1000 | 0.050000   |    5.76230   |    5.55990   |      0.186 |      0.237 |    6/150  
		    9/1000 | 0.050000   |    5.76236   |    5.40359   |      0.187 |      0.279 |    7/150  
		   10/1000 | 0.050000   |    5.66936   |    5.34020   |      0.212 |      0.296 |    8/150  
		   11/1000 | 0.050000   |    5.67650   |    5.44345   |      0.211 |      0.269 |    0/150  
		   12/1000 | 0.050000   |    5.84341   |    5.30197   |      0.164 |      0.306 |    1/150  
		   13/1000 | 0.050000   |    5.78492   |    5.49079   |      0.180 |      0.256 |    0/150  
		   14/1000 | 0.050000   |    5.81097   |    5.63180   |      0.172 |      0.217 |    1/150  
		   15/1000 | 0.050000   |    5.89129   |    5.40811   |      0.149 |      0.279 |    2/150  
		   16/1000 | 0.050000   |    5.77395   |    5.35274   |      0.183 |      0.293 |    3/150  
		   17/1000 | 0.050000   |    5.64697   |    5.54458   |      0.220 |      0.241 |    4/150  
		   18/1000 | 0.050000   |    5.89469   |    5.67671   |      0.149 |      0.205 |    5/150  
		   19/1000 | 0.050000   |    5.59812   |    5.42876   |      0.232 |      0.273 |    6/150  
		   20/1000 | 0.050000   |    5.73846   |    5.36262   |      0.193 |      0.290 |    7/150  
		   21/1000 | 0.050000   |    5.62265   |    5.36830   |      0.225 |      0.289 |    8/150  
		   22/1000 | 0.050000   |    5.78783   |    5.44686   |      0.180 |      0.268 |    9/150  
		   23/1000 | 0.050000   |    5.77776   |    5.28493   |      0.182 |      0.311 |   10/150  
		   24/1000 | 0.050000   |    5.77242   |    5.37900   |      0.184 |      0.286 |    0/150  
		   25/1000 | 0.050000   |    5.63404   |    5.32463   |      0.222 |      0.300 |    1/150  
		   26/1000 | 0.050000   |    5.63519   |    5.46672   |      0.221 |      0.262 |    2/150  
		   27/1000 | 0.050000   |    5.71032   |    5.25815   |      0.201 |      0.318 |    3/150  
		   28/1000 | 0.050000   |    5.72241   |    5.55159   |      0.197 |      0.240 |    0/150  
		   29/1000 | 0.050000   |    5.74078   |    5.33771   |      0.193 |      0.297 |    1/150  
		   30/1000 | 0.050000   |    5.63321   |    5.59941   |      0.223 |      0.226 |    2/150  
		   31/1000 | 0.050000   |    5.73449   |    5.48138   |      0.195 |      0.258 |    3/150  
		   32/1000 | 0.050000   |    5.78375   |    5.17012   |      0.181 |      0.340 |    4/150  
		   33/1000 | 0.050000   |    5.64142   |    5.30104   |      0.220 |      0.306 |    0/150  
		   34/1000 | 0.050000   |    5.67393   |    5.26475   |      0.211 |      0.316 |    1/150  
		   35/1000 | 0.050000   |    5.65167   |    5.46675   |      0.217 |      0.262 |    2/150  
		   36/1000 | 0.050000   |    5.72197   |    5.42590   |      0.198 |      0.273 |    3/150  
		   37/1000 | 0.050000   |    5.61871   |    5.39691   |      0.227 |      0.281 |    4/150  
		   38/1000 | 0.050000   |    5.71494   |    5.37856   |      0.199 |      0.286 |    5/150  
		   39/1000 | 0.050000   |    5.47970   |    5.24864   |      0.264 |      0.320 |    6/150  
		   40/1000 | 0.050000   |    5.64266   |    5.28881   |      0.221 |      0.310 |    7/150  
		   41/1000 | 0.050000   |    5.67134   |    5.32570   |      0.212 |      0.300 |    8/150  
		   42/1000 | 0.050000   |    5.76037   |    5.31474   |      0.187 |      0.303 |    9/150  
		   43/1000 | 0.050000   |    5.69646   |    5.18973   |      0.205 |      0.335 |   10/150  
		   44/1000 | 0.050000   |    5.51464   |    5.16762   |      0.255 |      0.341 |   11/150  
		   45/1000 | 0.050000   |    5.68220   |    5.43842   |      0.209 |      0.270 |    0/150  
		   46/1000 | 0.050000   |    5.71226   |    5.19419   |      0.200 |      0.334 |    1/150  
		   47/1000 | 0.050000   |    5.70034   |    5.28181   |      0.205 |      0.312 |    2/150  
		   48/1000 | 0.050000   |    5.69293   |    5.59777   |      0.206 |      0.226 |    3/150  
		   49/1000 | 0.050000   |    5.76861   |    5.28151   |      0.184 |      0.312 |    4/150  
		   50/1000 | 0.050000   |    5.68367   |    5.35898   |      0.208 |      0.291 |    5/150  
		   51/1000 | 0.050000   |    5.70199   |    5.35825   |      0.204 |      0.291 |    6/150  
		   52/1000 | 0.050000   |    5.66216   |    5.23390   |      0.215 |      0.324 |    7/150  
		   53/1000 | 0.050000   |    5.53083   |    5.24592   |      0.250 |      0.321 |    8/150  
		   54/1000 | 0.050000   |    5.62761   |    5.37056   |      0.225 |      0.288 |    9/150  
		   55/1000 | 0.050000   |    5.66127   |    5.48979   |      0.215 |      0.256 |   10/150  
		   56/1000 | 0.050000   |    5.68304   |    5.26535   |      0.208 |      0.316 |   11/150  
		   57/1000 | 0.050000   |    5.60298   |    5.35223   |      0.231 |      0.293 |   12/150  
		   58/1000 | 0.050000   |    5.71295   |    5.54258   |      0.200 |      0.242 |   13/150  
		   59/1000 | 0.050000   |    5.70721   |    5.51403   |      0.202 |      0.250 |   14/150  
		   60/1000 | 0.025000   |    5.57718   |    5.36943   |      0.238 |      0.288 |   15/150  
		   61/1000 | 0.025000   |    5.52428   |    5.20092   |      0.252 |      0.332 |   16/150  
		   62/1000 | 0.025000   |    5.46451   |    5.08693   |      0.268 |      0.361 |   17/150  
		   63/1000 | 0.025000   |    5.56602   |    5.44522   |      0.241 |      0.268 |    0/150  
		   64/1000 | 0.025000   |    5.52486   |    5.27298   |      0.252 |      0.314 |    1/150  
		   65/1000 | 0.025000   |    5.47926   |    5.17679   |      0.264 |      0.338 |    2/150  
		   66/1000 | 0.025000   |    5.47506   |    5.19492   |      0.265 |      0.334 |    3/150  
		   67/1000 | 0.025000   |    5.64627   |    5.22216   |      0.218 |      0.327 |    4/150  
		   68/1000 | 0.025000   |    5.52361   |    5.24956   |      0.252 |      0.320 |    5/150  
		   69/1000 | 0.025000   |    5.52994   |    5.19247   |      0.251 |      0.334 |    6/150  
		   70/1000 | 0.025000   |    5.52006   |    5.19351   |      0.254 |      0.334 |    7/150  
		   71/1000 | 0.025000   |    5.46108   |    5.10458   |      0.269 |      0.357 |    8/150  
		   72/1000 | 0.025000   |    5.57432   |    5.26001   |      0.239 |      0.317 |    9/150  
		   73/1000 | 0.025000   |    5.51583   |    5.43882   |      0.255 |      0.270 |   10/150  
		   74/1000 | 0.025000   |    5.51781   |    5.20519   |      0.254 |      0.331 |   11/150  
		   75/1000 | 0.025000   |    5.60321   |    5.28723   |      0.231 |      0.310 |   12/150  
		   76/1000 | 0.025000   |    5.56011   |    5.22430   |      0.242 |      0.326 |   13/150  
		   77/1000 | 0.025000   |    5.47559   |    5.13361   |      0.266 |      0.349 |   14/150  
		   78/1000 | 0.012500   |    5.40790   |    5.16495   |      0.283 |      0.341 |   15/150  
		   79/1000 | 0.012500   |    5.34058   |    5.14030   |      0.301 |      0.348 |   16/150  
		   80/1000 | 0.012500   |    5.35613   |    5.17749   |      0.297 |      0.338 |   17/150  
		   81/1000 | 0.012500   |    5.50072   |    5.24452   |      0.260 |      0.321 |   18/150  
		   82/1000 | 0.012500   |    5.41384   |    5.33844   |      0.282 |      0.296 |   19/150  
		   83/1000 | 0.012500   |    5.40318   |    5.28057   |      0.284 |      0.312 |   20/150  
		   84/1000 | 0.012500   |    5.61614   |    5.35522   |      0.227 |      0.292 |   21/150  
		   85/1000 | 0.012500   |    5.40685   |    5.27781   |      0.284 |      0.312 |   22/150  
		   86/1000 | 0.012500   |    5.44494   |    5.12237   |      0.273 |      0.352 |   23/150  
		   87/1000 | 0.012500   |    5.34540   |    5.16268   |      0.300 |      0.342 |   24/150  
		   88/1000 | 0.012500   |    5.41929   |    5.19208   |      0.281 |      0.334 |   25/150  
		   89/1000 | 0.012500   |    5.35851   |    5.09175   |      0.296 |      0.360 |   26/150  
		   90/1000 | 0.012500   |    5.45695   |    5.22074   |      0.270 |      0.327 |   27/150  
		   91/1000 | 0.012500   |    5.58645   |    5.13990   |      0.236 |      0.348 |   28/150  
		   92/1000 | 0.012500   |    5.39473   |    5.03749   |      0.287 |      0.374 |   29/150  
		   93/1000 | 0.012500   |    5.47757   |    5.22587   |      0.265 |      0.326 |    0/150  
		   94/1000 | 0.012500   |    5.39930   |    5.29614   |      0.286 |      0.308 |    1/150  
		   95/1000 | 0.012500   |    5.30600   |    5.15135   |      0.310 |      0.345 |    2/150  
		   96/1000 | 0.012500   |    5.38960   |    5.04825   |      0.289 |      0.371 |    3/150  
		   97/1000 | 0.012500   |    5.33363   |    5.11302   |      0.303 |      0.355 |    4/150  
		   98/1000 | 0.012500   |    5.41938   |    5.05494   |      0.280 |      0.369 |    5/150  
		   99/1000 | 0.012500   |    5.47984   |    5.17771   |      0.264 |      0.338 |    6/150  
		  100/1000 | 0.012500   |    5.42406   |    5.26522   |      0.279 |      0.316 |    7/150  
		  101/1000 | 0.012500   |    5.50423   |    5.24505   |      0.258 |      0.321 |    8/150  
		  102/1000 | 0.012500   |    5.44911   |    5.20568   |      0.272 |      0.331 |    9/150  
		  103/1000 | 0.012500   |    5.31857   |    5.20431   |      0.307 |      0.331 |   10/150  
		  104/1000 | 0.012500   |    5.40572   |    5.12546   |      0.284 |      0.351 |   11/150  
		  105/1000 | 0.012500   |    5.43143   |    5.17197   |      0.277 |      0.340 |   12/150  
		  106/1000 | 0.012500   |    5.32794   |    5.10857   |      0.304 |      0.356 |   13/150  
		  107/1000 | 0.012500   |    5.40722   |    5.19456   |      0.284 |      0.334 |   14/150  
		  108/1000 | 0.012500   |    5.39147   |    5.03637   |      0.287 |      0.374 |   15/150  
		  109/1000 | 0.012500   |    5.23606   |    5.11504   |      0.329 |      0.354 |    0/150  
		  110/1000 | 0.012500   |    5.33375   |    5.08650   |      0.303 |      0.361 |    1/150  
		  111/1000 | 0.012500   |    5.44565   |    5.05928   |      0.273 |      0.368 |    2/150  
		  112/1000 | 0.012500   |    5.53439   |    5.23396   |      0.249 |      0.324 |    3/150  
		  113/1000 | 0.012500   |    5.41268   |    5.09836   |      0.283 |      0.358 |    4/150  
		  114/1000 | 0.012500   |    5.41511   |    5.11055   |      0.282 |      0.355 |    5/150  
		  115/1000 | 0.012500   |    5.31868   |    5.07075   |      0.307 |      0.365 |    6/150  
		  116/1000 | 0.012500   |    5.42884   |    5.15218   |      0.278 |      0.345 |    7/150  
		  117/1000 | 0.012500   |    5.48748   |    5.20159   |      0.262 |      0.332 |    8/150  
		  118/1000 | 0.012500   |    5.44267   |    5.22887   |      0.274 |      0.325 |    9/150  
		  119/1000 | 0.012500   |    5.45970   |    5.14019   |      0.270 |      0.348 |   10/150  
		  120/1000 | 0.012500   |    5.46152   |    5.11676   |      0.269 |      0.354 |   11/150  
		  121/1000 | 0.012500   |    5.39040   |    5.10950   |      0.288 |      0.356 |   12/150  
		  122/1000 | 0.012500   |    5.42668   |    5.18366   |      0.279 |      0.337 |   13/150  
		  123/1000 | 0.012500   |    5.33459   |    5.19597   |      0.303 |      0.334 |   14/150  
		  124/1000 | 0.006250   |    5.47975   |    5.10496   |      0.264 |      0.357 |   15/150  
		  125/1000 | 0.006250   |    5.31444   |    5.10068   |      0.308 |      0.358 |   16/150  
		  126/1000 | 0.006250   |    5.35119   |    5.12852   |      0.298 |      0.351 |   17/150  
		  127/1000 | 0.006250   |    5.46882   |    5.06359   |      0.267 |      0.367 |   18/150  
		  128/1000 | 0.006250   |    5.33076   |    5.05673   |      0.303 |      0.369 |   19/150  
		  129/1000 | 0.006250   |    5.39866   |    5.10524   |      0.286 |      0.357 |   20/150  
		  130/1000 | 0.006250   |    5.22226   |    5.03414   |      0.331 |      0.374 |   21/150  
		  131/1000 | 0.006250   |    5.34324   |    5.02608   |      0.300 |      0.376 |    0/150  
		  132/1000 | 0.006250   |    5.47065   |    5.13774   |      0.267 |      0.348 |    0/150  
		  133/1000 | 0.006250   |    5.22366   |    5.08480   |      0.331 |      0.362 |    1/150  
		  134/1000 | 0.006250   |    5.26865   |    5.12575   |      0.321 |      0.351 |    2/150  
		  135/1000 | 0.006250   |    5.40848   |    5.24483   |      0.283 |      0.321 |    3/150  
		  136/1000 | 0.006250   |    5.33542   |    5.14854   |      0.303 |      0.346 |    4/150  
		  137/1000 | 0.006250   |    5.30693   |    5.15730   |      0.310 |      0.343 |    5/150  
		  138/1000 | 0.006250   |    5.39247   |    5.13105   |      0.287 |      0.350 |    6/150  
		  139/1000 | 0.006250   |    5.30623   |    5.12904   |      0.310 |      0.351 |    7/150  
		  140/1000 | 0.006250   |    5.32667   |    5.18392   |      0.304 |      0.337 |    8/150  
		  141/1000 | 0.006250   |    5.25460   |    5.05439   |      0.323 |      0.369 |    9/150  
		  142/1000 | 0.006250   |    5.28705   |    5.10591   |      0.315 |      0.356 |   10/150  
		  143/1000 | 0.006250   |    5.31925   |    5.09665   |      0.306 |      0.359 |   11/150  
		  144/1000 | 0.006250   |    5.36377   |    5.13803   |      0.295 |      0.348 |   12/150  
		  145/1000 | 0.006250   |    5.46988   |    5.22234   |      0.267 |      0.327 |   13/150  
		  146/1000 | 0.006250   |    5.34616   |    5.18841   |      0.300 |      0.335 |   14/150  
		  147/1000 | 0.003125   |    5.40163   |    5.15397   |      0.285 |      0.344 |   15/150  
		  148/1000 | 0.003125   |    5.26368   |    5.14723   |      0.321 |      0.346 |   16/150  
		  149/1000 | 0.003125   |    5.28493   |    5.04928   |      0.316 |      0.371 |   17/150  
		  150/1000 | 0.003125   |    5.30287   |    5.06890   |      0.312 |      0.366 |   18/150  
		  151/1000 | 0.003125   |    5.39304   |    5.22047   |      0.287 |      0.327 |   19/150  
		  152/1000 | 0.003125   |    5.21754   |    5.10852   |      0.333 |      0.356 |   20/150  
		  153/1000 | 0.003125   |    5.27441   |    5.19595   |      0.319 |      0.334 |   21/150  
		  154/1000 | 0.003125   |    5.30588   |    5.11324   |      0.310 |      0.355 |   22/150  
		  155/1000 | 0.003125   |    5.30824   |    5.10611   |      0.309 |      0.356 |   23/150  
		  156/1000 | 0.003125   |    5.28368   |    5.17317   |      0.316 |      0.339 |   24/150  
		  157/1000 | 0.003125   |    5.38269   |    5.07422   |      0.290 |      0.364 |   25/150  
		  158/1000 | 0.003125   |    5.31716   |    5.12419   |      0.307 |      0.352 |   26/150  
		  159/1000 | 0.003125   |    5.15047   |    5.10136   |      0.350 |      0.358 |   27/150  
		  160/1000 | 0.003125   |    5.40731   |    5.12899   |      0.284 |      0.351 |   28/150  
		  161/1000 | 0.003125   |    5.24688   |    5.14661   |      0.325 |      0.346 |   29/150  
		  162/1000 | 0.003125   |    5.40066   |    5.15289   |      0.285 |      0.345 |   30/150  
		  163/1000 | 0.001563   |    5.28703   |    5.07220   |      0.315 |      0.365 |   31/150  
		  164/1000 | 0.001563   |    5.23418   |    5.10878   |      0.329 |      0.356 |   32/150  
		  165/1000 | 0.001563   |    5.32637   |    5.06430   |      0.304 |      0.367 |   33/150  
		  166/1000 | 0.001563   |    5.16847   |    5.09068   |      0.345 |      0.360 |   34/150  
		  167/1000 | 0.001563   |    5.44465   |    5.09029   |      0.274 |      0.360 |   35/150  
		  168/1000 | 0.001563   |    5.35950   |    5.13124   |      0.296 |      0.350 |   36/150  
		  169/1000 | 0.001563   |    5.37934   |    5.11637   |      0.291 |      0.354 |   37/150  
		  170/1000 | 0.001563   |    5.20407   |    5.06707   |      0.336 |      0.366 |   38/150  
		  171/1000 | 0.001563   |    5.33207   |    5.29253   |      0.303 |      0.309 |   39/150  
		  172/1000 | 0.001563   |    5.43730   |    5.15090   |      0.275 |      0.345 |   40/150  
		  173/1000 | 0.001563   |    5.19309   |    5.24805   |      0.339 |      0.320 |   41/150  
		  174/1000 | 0.001563   |    5.37248   |    5.12251   |      0.294 |      0.352 |   42/150  
		  175/1000 | 0.001563   |    5.39267   |    5.17557   |      0.287 |      0.339 |   43/150  
		  176/1000 | 0.001563   |    5.22450   |    5.17753   |      0.331 |      0.338 |   44/150  
		  177/1000 | 0.001563   |    5.18607   |    5.15278   |      0.341 |      0.345 |   45/150  
		  178/1000 | 0.001563   |    5.42187   |    5.13628   |      0.279 |      0.349 |   46/150  
		  179/1000 | 0.000781   |    5.29394   |    5.13620   |      0.313 |      0.349 |   47/150  
		  180/1000 | 0.000781   |    5.24197   |    5.12878   |      0.326 |      0.351 |   48/150  
		  181/1000 | 0.000781   |    5.22689   |    5.15211   |      0.330 |      0.345 |   49/150  
		  182/1000 | 0.000781   |    5.34678   |    5.22920   |      0.299 |      0.325 |   50/150  
		  183/1000 | 0.000781   |    5.21462   |    5.22636   |      0.334 |      0.326 |   51/150  
		  184/1000 | 0.000781   |    5.26611   |    5.19910   |      0.320 |      0.333 |   52/150  
		  185/1000 | 0.000781   |    5.33632   |    5.15615   |      0.302 |      0.344 |   53/150  
		  186/1000 | 0.000781   |    5.18952   |    5.15287   |      0.340 |      0.345 |   54/150  
		  187/1000 | 0.000781   |    5.35985   |    5.24753   |      0.296 |      0.320 |   55/150  
		  188/1000 | 0.000781   |    5.38130   |    5.15999   |      0.290 |      0.343 |   56/150  
		  189/1000 | 0.000781   |    5.33810   |    5.14658   |      0.302 |      0.346 |   57/150  
		  190/1000 | 0.000781   |    5.28988   |    5.08946   |      0.314 |      0.361 |   58/150  
		  191/1000 | 0.000781   |    5.20974   |    5.18858   |      0.335 |      0.335 |   59/150  
		  192/1000 | 0.000781   |    5.26231   |    5.11650   |      0.322 |      0.354 |   60/150  
		  193/1000 | 0.000781   |    5.35120   |    5.12521   |      0.298 |      0.352 |   61/150  
		  194/1000 | 0.000781   |    5.19855   |    5.14636   |      0.338 |      0.346 |   62/150  
		  195/1000 | 0.000391   |    5.37819   |    5.09588   |      0.291 |      0.359 |   63/150  
		  196/1000 | 0.000391   |    5.31439   |    5.14483   |      0.308 |      0.347 |   64/150  
		  197/1000 | 0.000391   |    5.15111   |    5.11823   |      0.350 |      0.353 |   65/150  
		  198/1000 | 0.000391   |    5.23118   |    5.16373   |      0.330 |      0.342 |   66/150  
		  199/1000 | 0.000391   |    5.30290   |    5.02742   |      0.311 |      0.376 |   67/150  
		  200/1000 | 0.000391   |    5.30956   |    5.12544   |      0.309 |      0.352 |   68/150  
		  201/1000 | 0.000391   |    5.36317   |    5.10378   |      0.295 |      0.357 |   69/150  
		  202/1000 | 0.000391   |    5.27362   |    5.11966   |      0.318 |      0.353 |   70/150  
		  203/1000 | 0.000391   |    5.19105   |    5.08454   |      0.339 |      0.362 |   71/150  
		  204/1000 | 0.000391   |    5.29853   |    5.14981   |      0.312 |      0.345 |   72/150  
		  205/1000 | 0.000391   |    5.32973   |    5.11214   |      0.304 |      0.355 |   73/150  
		  206/1000 | 0.000391   |    5.28304   |    5.10211   |      0.316 |      0.358 |   74/150  
		  207/1000 | 0.000391   |    5.30304   |    5.27914   |      0.312 |      0.312 |   75/150  
		  208/1000 | 0.000391   |    5.38695   |    5.07526   |      0.289 |      0.364 |   76/150  
		  209/1000 | 0.000391   |    5.34684   |    5.07906   |      0.299 |      0.363 |   77/150  
		  210/1000 | 0.000391   |    5.22473   |    5.14684   |      0.333 |      0.346 |   78/150  
		  211/1000 | 0.000195   |    5.31653   |    5.10278   |      0.307 |      0.357 |   79/150  
		  212/1000 | 0.000195   |    5.27584   |    5.09322   |      0.318 |      0.360 |   80/150  
		  213/1000 | 0.000195   |    5.32090   |    5.09431   |      0.307 |      0.359 |   81/150  
		  214/1000 | 0.000195   |    5.24381   |    5.23064   |      0.326 |      0.325 |   82/150  
		  215/1000 | 0.000195   |    5.25240   |    5.04293   |      0.324 |      0.372 |   83/150  
		  216/1000 | 0.000195   |    5.15610   |    5.15913   |      0.349 |      0.343 |   84/150  
		  217/1000 | 0.000195   |    5.19015   |    5.10798   |      0.340 |      0.356 |   85/150  
		  218/1000 | 0.000195   |    5.29919   |    5.26471   |      0.311 |      0.316 |   86/150  
		  219/1000 | 0.000195   |    5.20612   |    5.20680   |      0.335 |      0.331 |   87/150  
		  220/1000 | 0.000195   |    5.31892   |    5.08442   |      0.306 |      0.362 |   88/150  
		  221/1000 | 0.000195   |    5.24377   |    5.04605   |      0.326 |      0.372 |   89/150  
		  222/1000 | 0.000195   |    5.11356   |    5.12715   |      0.359 |      0.351 |   90/150  
		  223/1000 | 0.000195   |    5.32690   |    5.20098   |      0.305 |      0.332 |   91/150  
		  224/1000 | 0.000195   |    5.43032   |    5.12944   |      0.278 |      0.351 |   92/150  
		  225/1000 | 0.000195   |    5.34108   |    5.15518   |      0.301 |      0.344 |   93/150  
		  226/1000 | 0.000195   |    5.22413   |    5.17278   |      0.331 |      0.339 |   94/150  
		  227/1000 | 0.000195   |    5.24758   |    4.99488   |      0.326 |      0.384 |   95/150  
		  228/1000 | 0.000195   |    5.22218   |    5.18427   |      0.332 |      0.336 |    0/150  
		  229/1000 | 0.000195   |    5.27906   |    5.13062   |      0.317 |      0.350 |    1/150  
		  230/1000 | 0.000195   |    5.25305   |    5.19395   |      0.324 |      0.334 |    2/150  
		  231/1000 | 0.000195   |    5.22077   |    5.11284   |      0.332 |      0.355 |    3/150  
		  232/1000 | 0.000195   |    5.19855   |    5.19524   |      0.338 |      0.334 |    4/150  
		  233/1000 | 0.000195   |    5.30969   |    5.11021   |      0.309 |      0.355 |    5/150  
		  234/1000 | 0.000195   |    5.33585   |    5.07999   |      0.302 |      0.363 |    6/150  
		  235/1000 | 0.000195   |    5.21992   |    5.16046   |      0.332 |      0.343 |    7/150  
		  236/1000 | 0.000195   |    5.31763   |    5.09742   |      0.307 |      0.359 |    8/150  
		  237/1000 | 0.000195   |    5.31285   |    5.11077   |      0.309 |      0.355 |    9/150  
		  238/1000 | 0.000195   |    5.38185   |    5.11875   |      0.291 |      0.353 |   10/150  
		  239/1000 | 0.000195   |    5.27377   |    5.10317   |      0.319 |      0.357 |   11/150  
		  240/1000 | 0.000195   |    5.47660   |    5.05284   |      0.266 |      0.370 |   12/150  
		  241/1000 | 0.000195   |    5.46278   |    5.07269   |      0.268 |      0.365 |   13/150  
		  242/1000 | 0.000195   |    5.33886   |    5.27758   |      0.301 |      0.313 |   14/150  
		  243/1000 | 0.000098   |    5.34390   |    5.09629   |      0.301 |      0.359 |   15/150  
		  244/1000 | 0.000098   |    5.42857   |    5.04487   |      0.278 |      0.372 |   16/150  
		  245/1000 | 0.000098   |    5.24560   |    5.13888   |      0.325 |      0.348 |   17/150  
		  246/1000 | 0.000098   |    5.32198   |    5.14338   |      0.306 |      0.347 |   18/150  
		  247/1000 | 0.000098   |    5.34548   |    5.10356   |      0.300 |      0.357 |   19/150  
		  248/1000 | 0.000098   |    5.28683   |    5.08790   |      0.315 |      0.361 |   20/150  
		  249/1000 | 0.000098   |    5.34659   |    5.24933   |      0.299 |      0.320 |   21/150  
		  250/1000 | 0.000098   |    5.20131   |    5.27825   |      0.337 |      0.312 |   22/150  
		  251/1000 | 0.000098   |    5.27855   |    5.14064   |      0.318 |      0.348 |   23/150  
		  252/1000 | 0.000098   |    5.28234   |    5.09994   |      0.316 |      0.358 |   24/150  
		  253/1000 | 0.000098   |    5.27328   |    5.08562   |      0.319 |      0.362 |   25/150  
		  254/1000 | 0.000098   |    5.21617   |    5.15315   |      0.333 |      0.345 |   26/150  
		  255/1000 | 0.000098   |    5.21712   |    5.08505   |      0.333 |      0.362 |   27/150  
		  256/1000 | 0.000098   |    5.22609   |    5.12824   |      0.331 |      0.351 |   28/150  
		  257/1000 | 0.000098   |    5.44602   |    5.11307   |      0.273 |      0.355 |   29/150  
		  258/1000 | 0.000098   |    5.35136   |    5.13730   |      0.298 |      0.349 |   30/150  
		  259/1000 | 0.000049   |    5.21171   |    5.17324   |      0.334 |      0.339 |   31/150  
		  260/1000 | 0.000049   |    5.19405   |    5.07840   |      0.339 |      0.363 |   32/150  
		  261/1000 | 0.000049   |    5.35410   |    5.20102   |      0.298 |      0.332 |   33/150  
		  262/1000 | 0.000049   |    5.32390   |    5.12423   |      0.306 |      0.352 |   34/150  
		  263/1000 | 0.000049   |    5.35409   |    5.11388   |      0.298 |      0.354 |   35/150  
		  264/1000 | 0.000049   |    5.17505   |    5.09019   |      0.344 |      0.360 |   36/150  
		  265/1000 | 0.000049   |    5.30186   |    5.23518   |      0.311 |      0.323 |   37/150  
		  266/1000 | 0.000049   |    5.15307   |    5.12636   |      0.349 |      0.351 |   38/150  
		  267/1000 | 0.000049   |    5.30178   |    5.20527   |      0.311 |      0.331 |   39/150  
		  268/1000 | 0.000049   |    5.44902   |    5.10287   |      0.272 |      0.357 |   40/150  
		  269/1000 | 0.000049   |    5.38013   |    5.11715   |      0.291 |      0.354 |   41/150  
		  270/1000 | 0.000049   |    5.35518   |    5.09676   |      0.297 |      0.359 |   42/150  
		  271/1000 | 0.000049   |    5.25804   |    5.09326   |      0.322 |      0.360 |   43/150  
		  272/1000 | 0.000049   |    5.21458   |    5.05281   |      0.334 |      0.370 |   44/150  
		  273/1000 | 0.000049   |    5.18128   |    5.10312   |      0.342 |      0.357 |   45/150  
		  274/1000 | 0.000049   |    5.23134   |    5.09231   |      0.329 |      0.360 |   46/150  
		  275/1000 | 0.000024   |    5.33676   |    5.07964   |      0.302 |      0.363 |   47/150  
		  276/1000 | 0.000024   |    5.22163   |    5.17866   |      0.331 |      0.338 |   48/150  
		  277/1000 | 0.000024   |    5.38561   |    5.20515   |      0.289 |      0.331 |   49/150  
		  278/1000 | 0.000024   |    5.20644   |    5.11383   |      0.336 |      0.354 |   50/150  
		  279/1000 | 0.000024   |    5.15259   |    5.14872   |      0.349 |      0.346 |   51/150  
		  280/1000 | 0.000024   |    5.33882   |    5.07507   |      0.302 |      0.364 |   52/150  
		  281/1000 | 0.000024   |    5.47074   |    5.11095   |      0.268 |      0.355 |   53/150  
		  282/1000 | 0.000024   |    5.21944   |    5.05768   |      0.333 |      0.369 |   54/150  
		  283/1000 | 0.000024   |    5.37768   |    5.13736   |      0.291 |      0.348 |   55/150  
		  284/1000 | 0.000024   |    5.22568   |    5.09921   |      0.332 |      0.358 |   56/150  
		  285/1000 | 0.000024   |    5.32129   |    5.06647   |      0.306 |      0.366 |   57/150  
		  286/1000 | 0.000024   |    5.26069   |    5.16354   |      0.322 |      0.342 |   58/150  
		  287/1000 | 0.000024   |    5.27575   |    5.10186   |      0.319 |      0.357 |   59/150  
		  288/1000 | 0.000024   |    5.32847   |    5.14725   |      0.305 |      0.346 |   60/150  
		  289/1000 | 0.000024   |    5.17524   |    5.18862   |      0.343 |      0.336 |   61/150  
		  290/1000 | 0.000024   |    5.21693   |    5.16000   |      0.333 |      0.343 |   62/150  
		  291/1000 | 0.000012   |    5.17415   |    5.08097   |      0.345 |      0.363 |   63/150  
		  292/1000 | 0.000012   |    5.25517   |    5.11841   |      0.323 |      0.353 |   64/150  
		  293/1000 | 0.000012   |    5.20294   |    5.11109   |      0.336 |      0.355 |   65/150  
		  294/1000 | 0.000012   |    5.22712   |    5.13760   |      0.330 |      0.348 |   66/150  
		  295/1000 | 0.000012   |    5.28098   |    5.15485   |      0.316 |      0.344 |   67/150  
		  296/1000 | 0.000012   |    5.40746   |    5.13726   |      0.284 |      0.349 |   68/150  
		  297/1000 | 0.000012   |    5.24638   |    5.10290   |      0.326 |      0.357 |   69/150  
		  298/1000 | 0.000012   |    5.29443   |    5.16309   |      0.313 |      0.342 |   70/150  
		  299/1000 | 0.000012   |    5.34791   |    5.13754   |      0.299 |      0.348 |   71/150  
		  300/1000 | 0.000012   |    5.28852   |    5.09082   |      0.315 |      0.360 |   72/150  
		  301/1000 | 0.000012   |    5.36297   |    5.12453   |      0.295 |      0.352 |   73/150  
		  302/1000 | 0.000012   |    5.28565   |    5.08981   |      0.315 |      0.360 |   74/150  
		  303/1000 | 0.000012   |    5.15033   |    5.08914   |      0.350 |      0.361 |   75/150  
		  304/1000 | 0.000012   |    5.35079   |    5.09350   |      0.299 |      0.360 |   76/150  
		  305/1000 | 0.000012   |    5.23097   |    5.04422   |      0.329 |      0.372 |   77/150  
		  306/1000 | 0.000012   |    5.42546   |    5.09048   |      0.279 |      0.360 |   78/150  
		  307/1000 | 0.000006   |    5.19272   |    5.10387   |      0.339 |      0.357 |   79/150  
		  308/1000 | 0.000006   |    5.23135   |    5.20998   |      0.329 |      0.330 |   80/150  
		  309/1000 | 0.000006   |    5.24106   |    5.11060   |      0.328 |      0.355 |   81/150  
		  310/1000 | 0.000006   |    5.26740   |    5.16501   |      0.320 |      0.342 |   82/150  
		  311/1000 | 0.000006   |    5.21994   |    5.05991   |      0.332 |      0.368 |   83/150  
		  312/1000 | 0.000006   |    5.15728   |    5.19618   |      0.349 |      0.334 |   84/150  
		  313/1000 | 0.000006   |    5.30965   |    5.14799   |      0.309 |      0.346 |   85/150  
		  314/1000 | 0.000006   |    5.33594   |    5.07496   |      0.302 |      0.364 |   86/150  
		  315/1000 | 0.000006   |    5.24655   |    5.12930   |      0.325 |      0.350 |   87/150  
		  316/1000 | 0.000006   |    5.32993   |    5.07320   |      0.304 |      0.365 |   88/150  
		  317/1000 | 0.000006   |    5.29131   |    5.20329   |      0.314 |      0.332 |   89/150  
		  318/1000 | 0.000006   |    5.33563   |    5.12197   |      0.303 |      0.352 |   90/150  
		  319/1000 | 0.000006   |    5.23934   |    5.11548   |      0.327 |      0.354 |   91/150  
		  320/1000 | 0.000006   |    5.34062   |    5.03798   |      0.301 |      0.373 |   92/150  
		  321/1000 | 0.000006   |    5.21611   |    5.14506   |      0.334 |      0.347 |   93/150  
		  322/1000 | 0.000006   |    5.25337   |    5.09405   |      0.324 |      0.359 |   94/150  
		  323/1000 | 0.000003   |    5.26179   |    5.07902   |      0.321 |      0.363 |   95/150  
		  324/1000 | 0.000003   |    5.24799   |    5.20851   |      0.326 |      0.330 |   96/150  
		  325/1000 | 0.000003   |    5.40514   |    5.16625   |      0.284 |      0.341 |   97/150  
		  326/1000 | 0.000003   |    5.31322   |    5.14933   |      0.309 |      0.345 |   98/150  
		  327/1000 | 0.000003   |    5.30789   |    5.08181   |      0.309 |      0.363 |   99/150  
		  328/1000 | 0.000003   |    5.25061   |    5.12592   |      0.324 |      0.351 |  100/150  
		  329/1000 | 0.000003   |    5.23819   |    5.18455   |      0.328 |      0.337 |  101/150  
		  330/1000 | 0.000003   |    5.16796   |    5.06430   |      0.345 |      0.367 |  102/150  
		  331/1000 | 0.000003   |    5.30422   |    5.10076   |      0.311 |      0.358 |  103/150  
		  332/1000 | 0.000003   |    5.14941   |    5.13068   |      0.350 |      0.350 |  104/150  
		  333/1000 | 0.000003   |    5.29484   |    5.07028   |      0.314 |      0.365 |  105/150  
		  334/1000 | 0.000003   |    5.25416   |    5.05340   |      0.323 |      0.370 |  106/150  
		  335/1000 | 0.000003   |    5.31051   |    5.18375   |      0.309 |      0.337 |  107/150  
		  336/1000 | 0.000003   |    5.21187   |    5.20050   |      0.334 |      0.333 |  108/150  
		  337/1000 | 0.000003   |    5.36379   |    5.10446   |      0.295 |      0.357 |  109/150  
		  338/1000 | 0.000003   |    5.38858   |    5.11686   |      0.289 |      0.354 |  110/150  
		  339/1000 | 0.000002   |    5.25259   |    5.14783   |      0.324 |      0.346 |  111/150  
		  340/1000 | 0.000002   |    5.37482   |    5.12952   |      0.292 |      0.350 |  112/150  
		  341/1000 | 0.000002   |    5.34357   |    5.07766   |      0.300 |      0.364 |  113/150  
		  342/1000 | 0.000002   |    5.32088   |    5.40676   |      0.306 |      0.279 |  114/150  
		  343/1000 | 0.000002   |    5.33935   |    5.08527   |      0.301 |      0.362 |  115/150  
		  344/1000 | 0.000002   |    5.24943   |    5.17905   |      0.325 |      0.338 |  116/150  
		  345/1000 | 0.000002   |    5.41441   |    5.07031   |      0.282 |      0.365 |  117/150  
		  346/1000 | 0.000002   |    5.35406   |    5.14437   |      0.297 |      0.347 |  118/150  
		  347/1000 | 0.000002   |    5.29438   |    5.18349   |      0.313 |      0.337 |  119/150  
		  348/1000 | 0.000002   |    5.32058   |    5.39711   |      0.306 |      0.281 |  120/150  
		  349/1000 | 0.000002   |    5.25541   |    5.20076   |      0.324 |      0.332 |  121/150  
		  350/1000 | 0.000002   |    5.28771   |    5.15098   |      0.315 |      0.345 |  122/150  
		  351/1000 | 0.000002   |    5.19030   |    5.09438   |      0.340 |      0.359 |  123/150  
		  352/1000 | 0.000002   |    5.36293   |    5.06670   |      0.296 |      0.366 |  124/150  
		  353/1000 | 0.000002   |    5.18297   |    5.07967   |      0.342 |      0.363 |  125/150  
		  354/1000 | 0.000002   |    5.34370   |    5.11532   |      0.300 |      0.354 |  126/150  
		  355/1000 | 0.000001   |    5.25454   |    5.16408   |      0.323 |      0.342 |  127/150  
		  356/1000 | 0.000001   |    5.23459   |    5.09941   |      0.329 |      0.358 |  128/150  
		  357/1000 | 0.000001   |    5.31937   |    5.09436   |      0.307 |      0.359 |  129/150  
		  358/1000 | 0.000001   |    5.31967   |    5.18244   |      0.306 |      0.337 |  130/150  
		  359/1000 | 0.000001   |    5.27984   |    5.08643   |      0.317 |      0.361 |  131/150  
		  360/1000 | 0.000001   |    5.26317   |    5.09315   |      0.322 |      0.360 |  132/150  
		  361/1000 | 0.000001   |    5.37749   |    5.21146   |      0.292 |      0.329 |  133/150  
		  362/1000 | 0.000001   |    5.30176   |    5.16402   |      0.312 |      0.342 |  134/150  
		  363/1000 | 0.000001   |    5.41102   |    5.03520   |      0.282 |      0.374 |  135/150  
		  364/1000 | 0.000001   |    5.19119   |    5.08079   |      0.340 |      0.363 |  136/150  
		  365/1000 | 0.000001   |    5.32609   |    5.19256   |      0.306 |      0.334 |  137/150  
		  366/1000 | 0.000001   |    5.36976   |    5.13483   |      0.294 |      0.349 |  138/150  
		  367/1000 | 0.000001   |    5.23172   |    5.11939   |      0.329 |      0.353 |  139/150  
		  368/1000 | 0.000001   |    5.31401   |    5.10223   |      0.309 |      0.357 |  140/150  
		  369/1000 | 0.000001   |    5.28276   |    5.14540   |      0.317 |      0.346 |  141/150  
		  370/1000 | 0.000001   |    5.32129   |    5.11521   |      0.306 |      0.354 |  142/150  
		  371/1000 | 0.000000   |    5.26199   |    5.15418   |      0.321 |      0.344 |  143/150  
		  372/1000 | 0.000000   |    5.33956   |    5.16534   |      0.302 |      0.341 |  144/150  
		  373/1000 | 0.000000   |    5.23846   |    5.17681   |      0.328 |      0.338 |  145/150  
		  374/1000 | 0.000000   |    5.31000   |    5.20403   |      0.309 |      0.332 |  146/150  
		  375/1000 | 0.000000   |    5.29837   |    5.33990   |      0.313 |      0.296 |  147/150  
		  376/1000 | 0.000000   |    5.19755   |    5.09249   |      0.338 |      0.360 |  148/150  
		  377/1000 | 0.000000   |    5.37979   |    5.08122   |      0.291 |      0.363 |  149/150  

		Early stopping triggered.
		[INFO] Case 2 completed.

	3.3 Training Case 3...
		=== Training Log Started: 2025-11-30 00:38:24.532180 ===
		Run Name: STAFV2_27_CASE3
		Device: cuda
		Epochs: 1000, Batch Size: 4, LR: 0.05
		============================================================
		[INFO] Unique quantized indices: 36561
		[INFO] Suggested num_embeddings: 43873
		[INFO] Processed 3549 valid samples.
		[INFO] Saved merged dataset: ./data/training_results/merged_windowed_dataset_STAFV2_27_CASE3.csv  (shape: (3549, 429))
		[INFO] Saved feature metadata: ./data/training_results/feature_info_STAFV2_27_CASE3.json
		[INFO] Dataset split: 2839 train, 710 val
		[INFO] Scalers fitted and saved.

		✅ Model initialized with 38122 params.
		============================================================
		--------------------------------------------------------------------------------------------
		  Epoch    |     LR     |  Train RMSE  |   Val RMSE   |  Train R²  |   Val R²   |  Patience 
		--------------------------------------------------------------------------------------------
		    1/1000 | 0.050000   |    6.22849   |    5.76266   |      0.032 |      0.202 |    0/150  
		    2/1000 | 0.050000   |    5.91332   |    5.52861   |      0.127 |      0.265 |    0/150  
		    3/1000 | 0.050000   |    5.90060   |    5.68704   |      0.131 |      0.222 |    0/150  
		    4/1000 | 0.050000   |    5.86638   |    5.67429   |      0.141 |      0.226 |    1/150  
		    5/1000 | 0.050000   |    5.77750   |    5.58683   |      0.167 |      0.250 |    2/150  
		    6/1000 | 0.050000   |    5.79256   |    5.55831   |      0.162 |      0.258 |    3/150  
		    7/1000 | 0.050000   |    5.81615   |    5.45307   |      0.155 |      0.285 |    4/150  
		    8/1000 | 0.050000   |    5.84243   |    5.50828   |      0.148 |      0.271 |    0/150  
		    9/1000 | 0.050000   |    5.76891   |    5.43825   |      0.169 |      0.289 |    1/150  
		   10/1000 | 0.050000   |    5.83578   |    5.59647   |      0.150 |      0.247 |    0/150  
		   11/1000 | 0.050000   |    5.78219   |    5.50795   |      0.165 |      0.271 |    1/150  
		   12/1000 | 0.050000   |    5.89205   |    5.58911   |      0.133 |      0.250 |    2/150  
		   13/1000 | 0.050000   |    5.85599   |    5.42714   |      0.144 |      0.293 |    3/150  
		   14/1000 | 0.050000   |    5.81893   |    5.58825   |      0.155 |      0.250 |    0/150  
		   15/1000 | 0.050000   |    5.75646   |    5.39073   |      0.173 |      0.301 |    1/150  
		   16/1000 | 0.050000   |    5.70425   |    5.37056   |      0.188 |      0.307 |    0/150  
		   17/1000 | 0.050000   |    5.75928   |    5.49719   |      0.172 |      0.274 |    0/150  
		   18/1000 | 0.050000   |    5.79183   |    5.31001   |      0.162 |      0.323 |    1/150  
		   19/1000 | 0.050000   |    5.78661   |    5.50529   |      0.164 |      0.272 |    0/150  
		   20/1000 | 0.050000   |    5.79300   |    5.48625   |      0.162 |      0.278 |    1/150  
		   21/1000 | 0.050000   |    5.88821   |    5.88217   |      0.134 |      0.169 |    2/150  
		   22/1000 | 0.050000   |    5.78668   |    5.54192   |      0.164 |      0.262 |    3/150  
		   23/1000 | 0.050000   |    5.78669   |    5.36985   |      0.164 |      0.307 |    4/150  
		   24/1000 | 0.050000   |    5.85855   |    5.41484   |      0.143 |      0.296 |    5/150  
		   25/1000 | 0.050000   |    5.74214   |    5.52596   |      0.177 |      0.266 |    6/150  
		   26/1000 | 0.050000   |    5.75687   |    5.75824   |      0.173 |      0.204 |    7/150  
		   27/1000 | 0.050000   |    5.76276   |    5.56116   |      0.171 |      0.257 |    8/150  
		   28/1000 | 0.050000   |    5.77607   |    5.36540   |      0.167 |      0.308 |    9/150  
		   29/1000 | 0.050000   |    5.78153   |    5.32884   |      0.166 |      0.317 |   10/150  
		   30/1000 | 0.050000   |    5.83924   |    5.50005   |      0.149 |      0.274 |   11/150  
		   31/1000 | 0.050000   |    5.79043   |    5.26279   |      0.163 |      0.335 |   12/150  
		   32/1000 | 0.050000   |    5.78301   |    5.62218   |      0.165 |      0.241 |    0/150  
		   33/1000 | 0.050000   |    5.78235   |    5.43273   |      0.165 |      0.292 |    1/150  
		   34/1000 | 0.050000   |    5.75549   |    5.54385   |      0.173 |      0.263 |    2/150  
		   35/1000 | 0.050000   |    5.77802   |    5.43872   |      0.167 |      0.290 |    3/150  
		   36/1000 | 0.050000   |    5.77727   |    5.39217   |      0.166 |      0.302 |    4/150  
		   37/1000 | 0.050000   |    5.82540   |    5.33452   |      0.153 |      0.317 |    5/150  
		   38/1000 | 0.050000   |    5.79163   |    5.29687   |      0.163 |      0.326 |    6/150  
		   39/1000 | 0.050000   |    5.72135   |    5.74679   |      0.183 |      0.207 |    7/150  
		   40/1000 | 0.050000   |    5.73873   |    5.46702   |      0.178 |      0.282 |    8/150  
		   41/1000 | 0.050000   |    5.77959   |    5.31547   |      0.166 |      0.321 |    9/150  
		   42/1000 | 0.050000   |    5.79270   |    5.67707   |      0.162 |      0.226 |   10/150  
		   43/1000 | 0.050000   |    5.71058   |    5.27916   |      0.186 |      0.331 |   11/150  
		   44/1000 | 0.050000   |    5.79042   |    5.49945   |      0.163 |      0.274 |   12/150  
		   45/1000 | 0.050000   |    5.80996   |    5.85242   |      0.157 |      0.178 |   13/150  
		   46/1000 | 0.050000   |    5.78954   |    5.81976   |      0.163 |      0.187 |   14/150  
		   47/1000 | 0.025000   |    5.75468   |    5.61373   |      0.173 |      0.243 |   15/150  
		   48/1000 | 0.025000   |    5.67646   |    5.34288   |      0.196 |      0.314 |   16/150  
		   49/1000 | 0.025000   |    5.69623   |    5.28970   |      0.190 |      0.328 |   17/150  
		   50/1000 | 0.025000   |    5.69303   |    5.24762   |      0.191 |      0.338 |   18/150  
		   51/1000 | 0.025000   |    5.73832   |    5.58307   |      0.178 |      0.251 |    0/150  
		   52/1000 | 0.025000   |    5.57934   |    5.37159   |      0.223 |      0.307 |    1/150  
		   53/1000 | 0.025000   |    5.68060   |    5.33200   |      0.194 |      0.317 |    2/150  
		   54/1000 | 0.025000   |    5.70024   |    5.58545   |      0.189 |      0.251 |    3/150  
		   55/1000 | 0.025000   |    5.63280   |    5.20187   |      0.208 |      0.350 |    4/150  
		   56/1000 | 0.025000   |    5.70006   |    5.39463   |      0.189 |      0.301 |    0/150  
		   57/1000 | 0.025000   |    5.70097   |    5.33189   |      0.189 |      0.317 |    1/150  
		   58/1000 | 0.025000   |    5.68689   |    5.15634   |      0.192 |      0.362 |    2/150  
		   59/1000 | 0.025000   |    5.66610   |    5.21820   |      0.199 |      0.346 |    0/150  
		   60/1000 | 0.025000   |    5.68008   |    5.49353   |      0.194 |      0.275 |    1/150  
		   61/1000 | 0.025000   |    5.67309   |    5.16477   |      0.197 |      0.359 |    2/150  
		   62/1000 | 0.025000   |    5.73293   |    5.31449   |      0.179 |      0.322 |    3/150  
		   63/1000 | 0.025000   |    5.58053   |    5.45236   |      0.223 |      0.286 |    4/150  
		   64/1000 | 0.025000   |    5.63060   |    5.18588   |      0.209 |      0.354 |    5/150  
		   65/1000 | 0.025000   |    5.65562   |    5.26508   |      0.202 |      0.335 |    6/150  
		   66/1000 | 0.025000   |    5.64657   |    5.21522   |      0.204 |      0.347 |    7/150  
		   67/1000 | 0.025000   |    5.58960   |    5.28346   |      0.220 |      0.330 |    8/150  
		   68/1000 | 0.025000   |    5.66724   |    5.15804   |      0.198 |      0.361 |    9/150  
		   69/1000 | 0.025000   |    5.69149   |    5.14017   |      0.191 |      0.366 |   10/150  
		   70/1000 | 0.025000   |    5.61055   |    5.31934   |      0.214 |      0.321 |    0/150  
		   71/1000 | 0.025000   |    5.65926   |    5.25297   |      0.200 |      0.337 |    1/150  
		   72/1000 | 0.025000   |    5.64137   |    5.37217   |      0.205 |      0.307 |    2/150  
		   73/1000 | 0.025000   |    5.61797   |    5.25074   |      0.212 |      0.338 |    3/150  
		   74/1000 | 0.025000   |    5.67589   |    5.36570   |      0.196 |      0.309 |    4/150  
		   75/1000 | 0.025000   |    5.71492   |    5.16978   |      0.185 |      0.358 |    5/150  
		   76/1000 | 0.025000   |    5.59143   |    5.16431   |      0.220 |      0.360 |    6/150  
		   77/1000 | 0.025000   |    5.68931   |    5.31542   |      0.192 |      0.322 |    7/150  
		   78/1000 | 0.025000   |    5.65200   |    5.46545   |      0.202 |      0.283 |    8/150  
		   79/1000 | 0.025000   |    5.68873   |    5.19456   |      0.192 |      0.352 |    9/150  
		   80/1000 | 0.025000   |    5.67861   |    5.28821   |      0.195 |      0.328 |   10/150  
		   81/1000 | 0.025000   |    5.62563   |    5.16414   |      0.210 |      0.359 |   11/150  
		   82/1000 | 0.025000   |    5.58421   |    5.28552   |      0.221 |      0.329 |   12/150  
		   83/1000 | 0.025000   |    5.72373   |    5.38704   |      0.182 |      0.303 |   13/150  
		   84/1000 | 0.025000   |    5.64451   |    5.38446   |      0.204 |      0.304 |   14/150  
		   85/1000 | 0.012500   |    5.55985   |    5.29544   |      0.228 |      0.327 |   15/150  
		   86/1000 | 0.012500   |    5.55458   |    5.29950   |      0.230 |      0.326 |   16/150  
		   87/1000 | 0.012500   |    5.51251   |    5.15220   |      0.241 |      0.362 |   17/150  
		   88/1000 | 0.012500   |    5.55258   |    5.39318   |      0.230 |      0.302 |   18/150  
		   89/1000 | 0.012500   |    5.57496   |    5.26697   |      0.224 |      0.335 |   19/150  
		   90/1000 | 0.012500   |    5.66096   |    5.15201   |      0.200 |      0.363 |   20/150  
		   91/1000 | 0.012500   |    5.61210   |    5.21935   |      0.214 |      0.346 |   21/150  
		   92/1000 | 0.012500   |    5.54321   |    5.19863   |      0.233 |      0.352 |   22/150  
		   93/1000 | 0.012500   |    5.56020   |    5.18327   |      0.228 |      0.356 |   23/150  
		   94/1000 | 0.012500   |    5.60335   |    5.04147   |      0.216 |      0.390 |   24/150  
		   95/1000 | 0.012500   |    5.62537   |    5.14043   |      0.210 |      0.366 |    0/150  
		   96/1000 | 0.012500   |    5.62741   |    5.20554   |      0.209 |      0.350 |    1/150  
		   97/1000 | 0.012500   |    5.60307   |    5.13142   |      0.216 |      0.368 |    2/150  
		   98/1000 | 0.012500   |    5.60397   |    5.31329   |      0.216 |      0.322 |    3/150  
		   99/1000 | 0.012500   |    5.60220   |    5.18423   |      0.217 |      0.355 |    4/150  
		  100/1000 | 0.012500   |    5.55930   |    5.19361   |      0.228 |      0.353 |    5/150  
		  101/1000 | 0.012500   |    5.64361   |    5.31491   |      0.205 |      0.322 |    6/150  
		  102/1000 | 0.012500   |    5.57167   |    5.14603   |      0.225 |      0.364 |    7/150  
		  103/1000 | 0.012500   |    5.55702   |    5.15149   |      0.229 |      0.364 |    8/150  
		  104/1000 | 0.012500   |    5.62787   |    5.25988   |      0.209 |      0.336 |    9/150  
		  105/1000 | 0.012500   |    5.51954   |    5.17593   |      0.239 |      0.357 |   10/150  
		  106/1000 | 0.012500   |    5.56960   |    5.24952   |      0.226 |      0.339 |   11/150  
		  107/1000 | 0.012500   |    5.57724   |    5.14878   |      0.223 |      0.364 |   12/150  
		  108/1000 | 0.012500   |    5.52364   |    5.09668   |      0.239 |      0.377 |   13/150  
		  109/1000 | 0.012500   |    5.49058   |    5.18569   |      0.247 |      0.355 |   14/150  
		  110/1000 | 0.006250   |    5.50533   |    5.12889   |      0.243 |      0.368 |   15/150  
		  111/1000 | 0.006250   |    5.51696   |    5.23796   |      0.240 |      0.341 |   16/150  
		  112/1000 | 0.006250   |    5.52348   |    5.12249   |      0.238 |      0.370 |   17/150  
		  113/1000 | 0.006250   |    5.54727   |    5.33579   |      0.232 |      0.317 |   18/150  
		  114/1000 | 0.006250   |    5.54097   |    5.18926   |      0.234 |      0.353 |   19/150  
		  115/1000 | 0.006250   |    5.51190   |    5.12506   |      0.242 |      0.369 |   20/150  
		  116/1000 | 0.006250   |    5.55231   |    5.07964   |      0.230 |      0.381 |   21/150  
		  117/1000 | 0.006250   |    5.57222   |    5.09342   |      0.225 |      0.377 |   22/150  
		  118/1000 | 0.006250   |    5.50392   |    5.15115   |      0.244 |      0.363 |   23/150  
		  119/1000 | 0.006250   |    5.51770   |    5.13744   |      0.240 |      0.367 |   24/150  
		  120/1000 | 0.006250   |    5.53980   |    5.18123   |      0.234 |      0.356 |   25/150  
		  121/1000 | 0.006250   |    5.51542   |    5.07397   |      0.241 |      0.382 |   26/150  
		  122/1000 | 0.006250   |    5.48821   |    5.13437   |      0.248 |      0.367 |   27/150  
		  123/1000 | 0.006250   |    5.48603   |    5.11675   |      0.249 |      0.372 |   28/150  
		  124/1000 | 0.006250   |    5.54024   |    5.08770   |      0.234 |      0.379 |   29/150  
		  125/1000 | 0.006250   |    5.43009   |    5.05869   |      0.264 |      0.386 |   30/150  
		  126/1000 | 0.003125   |    5.50573   |    5.23361   |      0.243 |      0.343 |   31/150  
		  127/1000 | 0.003125   |    5.52701   |    5.19670   |      0.237 |      0.352 |   32/150  
		  128/1000 | 0.003125   |    5.43199   |    5.23256   |      0.263 |      0.343 |   33/150  
		  129/1000 | 0.003125   |    5.46193   |    5.13266   |      0.255 |      0.368 |   34/150  
		  130/1000 | 0.003125   |    5.48820   |    5.08784   |      0.248 |      0.379 |   35/150  
		  131/1000 | 0.003125   |    5.48781   |    5.14213   |      0.248 |      0.365 |   36/150  
		  132/1000 | 0.003125   |    5.53994   |    5.10896   |      0.234 |      0.374 |   37/150  
		  133/1000 | 0.003125   |    5.48912   |    5.11653   |      0.248 |      0.372 |   38/150  
		  134/1000 | 0.003125   |    5.45273   |    5.08975   |      0.258 |      0.379 |   39/150  
		  135/1000 | 0.003125   |    5.43018   |    5.04790   |      0.264 |      0.388 |   40/150  
		  136/1000 | 0.003125   |    5.50397   |    5.12463   |      0.244 |      0.370 |   41/150  
		  137/1000 | 0.003125   |    5.49830   |    5.07417   |      0.245 |      0.382 |   42/150  
		  138/1000 | 0.003125   |    5.38992   |    5.03668   |      0.275 |      0.392 |   43/150  
		  139/1000 | 0.003125   |    5.46359   |    5.01467   |      0.255 |      0.396 |    0/150  
		  140/1000 | 0.003125   |    5.53307   |    5.01591   |      0.236 |      0.396 |    0/150  
		  141/1000 | 0.003125   |    5.43754   |    5.09334   |      0.262 |      0.377 |    1/150  
		  142/1000 | 0.003125   |    5.44671   |    5.05388   |      0.259 |      0.387 |    2/150  
		  143/1000 | 0.003125   |    5.53021   |    4.95440   |      0.237 |      0.411 |    3/150  
		                                          ╚══> ✅ SAVED (RMSE: 4.9544)
		  144/1000 | 0.003125   |    5.44779   |    5.18649   |      0.259 |      0.355 |    0/150  
		  145/1000 | 0.003125   |    5.51781   |    5.09560   |      0.240 |      0.377 |    1/150  
		  146/1000 | 0.003125   |    5.50558   |    5.10346   |      0.243 |      0.375 |    2/150  
		  147/1000 | 0.003125   |    5.47296   |    5.08649   |      0.252 |      0.379 |    3/150  
		  148/1000 | 0.003125   |    5.48085   |    5.09296   |      0.250 |      0.378 |    4/150  
		  149/1000 | 0.003125   |    5.45617   |    5.05716   |      0.257 |      0.387 |    5/150  
		  150/1000 | 0.003125   |    5.46067   |    5.10617   |      0.255 |      0.375 |    6/150  
		  151/1000 | 0.003125   |    5.45816   |    5.12473   |      0.256 |      0.370 |    7/150  
		  152/1000 | 0.003125   |    5.37689   |    5.08800   |      0.278 |      0.379 |    8/150  
		  153/1000 | 0.003125   |    5.38617   |    5.14755   |      0.275 |      0.365 |    9/150  
		  154/1000 | 0.003125   |    5.40427   |    5.09427   |      0.271 |      0.377 |   10/150  
		  155/1000 | 0.003125   |    5.53789   |    5.10343   |      0.234 |      0.375 |   11/150  
		  156/1000 | 0.003125   |    5.48820   |    5.08031   |      0.248 |      0.381 |   12/150  
		  157/1000 | 0.003125   |    5.42003   |    5.10111   |      0.267 |      0.376 |   13/150  
		  158/1000 | 0.003125   |    5.43898   |    5.18950   |      0.262 |      0.354 |   14/150  
		  159/1000 | 0.001563   |    5.41242   |    5.14199   |      0.269 |      0.366 |   15/150  
		  160/1000 | 0.001563   |    5.47551   |    5.05541   |      0.252 |      0.387 |   16/150  
		  161/1000 | 0.001563   |    5.47157   |    5.10970   |      0.253 |      0.374 |   17/150  
		  162/1000 | 0.001563   |    5.43365   |    5.12861   |      0.263 |      0.369 |   18/150  
		  163/1000 | 0.001563   |    5.41606   |    5.19735   |      0.268 |      0.352 |   19/150  
		  164/1000 | 0.001563   |    5.41336   |    5.06635   |      0.268 |      0.384 |   20/150  
		  165/1000 | 0.001563   |    5.46186   |    5.13412   |      0.255 |      0.367 |   21/150  
		  166/1000 | 0.001563   |    5.46726   |    5.02155   |      0.254 |      0.395 |   22/150  
		  167/1000 | 0.001563   |    5.40497   |    5.16490   |      0.271 |      0.360 |   23/150  
		  168/1000 | 0.001563   |    5.44182   |    5.08187   |      0.261 |      0.381 |   24/150  
		  169/1000 | 0.001563   |    5.34010   |    5.00454   |      0.288 |      0.399 |   25/150  
		  170/1000 | 0.001563   |    5.46109   |    5.19227   |      0.256 |      0.353 |   26/150  
		  171/1000 | 0.001563   |    5.43160   |    5.04679   |      0.264 |      0.388 |   27/150  
		  172/1000 | 0.001563   |    5.47299   |    5.04199   |      0.252 |      0.390 |   28/150  
		  173/1000 | 0.001563   |    5.50228   |    5.14919   |      0.245 |      0.364 |   29/150  
		  174/1000 | 0.001563   |    5.45069   |    5.02464   |      0.258 |      0.394 |   30/150  
		  175/1000 | 0.000781   |    5.43310   |    5.12103   |      0.263 |      0.371 |   31/150  
		  176/1000 | 0.000781   |    5.41252   |    5.08342   |      0.269 |      0.379 |   32/150  
		  177/1000 | 0.000781   |    5.46717   |    5.14796   |      0.254 |      0.364 |   33/150  
		  178/1000 | 0.000781   |    5.46437   |    5.10288   |      0.254 |      0.375 |   34/150  
		  179/1000 | 0.000781   |    5.44185   |    5.12180   |      0.261 |      0.371 |   35/150  
		  180/1000 | 0.000781   |    5.43438   |    5.12244   |      0.263 |      0.370 |   36/150  
		  181/1000 | 0.000781   |    5.45658   |    5.19836   |      0.257 |      0.352 |   37/150  
		  182/1000 | 0.000781   |    5.51942   |    5.08468   |      0.240 |      0.380 |   38/150  
		  183/1000 | 0.000781   |    5.42176   |    5.03555   |      0.266 |      0.391 |   39/150  
		  184/1000 | 0.000781   |    5.49326   |    5.10681   |      0.247 |      0.374 |   40/150  
		  185/1000 | 0.000781   |    5.40455   |    5.09464   |      0.271 |      0.377 |   41/150  
		  186/1000 | 0.000781   |    5.40605   |    5.04519   |      0.270 |      0.390 |   42/150  
		  187/1000 | 0.000781   |    5.50823   |    5.11602   |      0.242 |      0.372 |   43/150  
		  188/1000 | 0.000781   |    5.49617   |    5.10528   |      0.246 |      0.375 |   44/150  
		  189/1000 | 0.000781   |    5.37533   |    5.13190   |      0.278 |      0.368 |   45/150  
		  190/1000 | 0.000781   |    5.49882   |    5.36178   |      0.245 |      0.310 |   46/150  
		  191/1000 | 0.000391   |    5.47611   |    5.14865   |      0.251 |      0.363 |   47/150  
		  192/1000 | 0.000391   |    5.44990   |    5.07983   |      0.258 |      0.381 |   48/150  
		  193/1000 | 0.000391   |    5.43546   |    5.16332   |      0.262 |      0.360 |   49/150  
		  194/1000 | 0.000391   |    5.44305   |    5.06785   |      0.260 |      0.384 |   50/150  
		  195/1000 | 0.000391   |    5.42937   |    5.05425   |      0.264 |      0.387 |   51/150  
		  196/1000 | 0.000391   |    5.45338   |    5.16754   |      0.257 |      0.359 |   52/150  
		  197/1000 | 0.000391   |    5.50020   |    5.31325   |      0.245 |      0.323 |   53/150  
		  198/1000 | 0.000391   |    5.43464   |    5.04501   |      0.263 |      0.389 |   54/150  
		  199/1000 | 0.000391   |    5.37338   |    5.02019   |      0.279 |      0.395 |   55/150  
		  200/1000 | 0.000391   |    5.50304   |    5.12858   |      0.244 |      0.369 |   56/150  
		  201/1000 | 0.000391   |    5.44711   |    5.07888   |      0.259 |      0.382 |   57/150  
		  202/1000 | 0.000391   |    5.41550   |    5.17816   |      0.268 |      0.357 |   58/150  
		  203/1000 | 0.000391   |    5.43468   |    5.50687   |      0.263 |      0.271 |   59/150  
		  204/1000 | 0.000391   |    5.40384   |    5.11469   |      0.271 |      0.373 |   60/150  
		  205/1000 | 0.000391   |    5.44077   |    5.01844   |      0.261 |      0.396 |   61/150  
		  206/1000 | 0.000391   |    5.46354   |    5.03963   |      0.255 |      0.390 |   62/150  
		  207/1000 | 0.000195   |    5.39564   |    5.10546   |      0.273 |      0.375 |   63/150  
		  208/1000 | 0.000195   |    5.44068   |    5.08836   |      0.261 |      0.379 |   64/150  
		  209/1000 | 0.000195   |    5.41148   |    5.48047   |      0.269 |      0.279 |   65/150  
		  210/1000 | 0.000195   |    5.42096   |    5.01240   |      0.266 |      0.397 |   66/150  
		  211/1000 | 0.000195   |    5.37705   |    5.00440   |      0.278 |      0.399 |   67/150  
		  212/1000 | 0.000195   |    5.41608   |    5.11968   |      0.268 |      0.371 |   68/150  
		  213/1000 | 0.000195   |    5.46094   |    5.05287   |      0.256 |      0.388 |   69/150  
		  214/1000 | 0.000195   |    5.45742   |    5.02443   |      0.256 |      0.394 |   70/150  
		  215/1000 | 0.000195   |    5.42038   |    4.98207   |      0.267 |      0.405 |   71/150  
		  216/1000 | 0.000195   |    5.39752   |    5.13480   |      0.273 |      0.368 |   72/150  
		  217/1000 | 0.000195   |    5.42396   |    5.05529   |      0.266 |      0.387 |   73/150  
		  218/1000 | 0.000195   |    5.45791   |    5.16679   |      0.256 |      0.359 |   74/150  
		  219/1000 | 0.000195   |    5.44446   |    5.15583   |      0.260 |      0.362 |   75/150  
		  220/1000 | 0.000195   |    5.43722   |    5.09051   |      0.262 |      0.378 |   76/150  
		  221/1000 | 0.000195   |    5.40494   |    5.07463   |      0.271 |      0.382 |   77/150  
		  222/1000 | 0.000195   |    5.46045   |    5.09060   |      0.256 |      0.378 |   78/150  
		  223/1000 | 0.000098   |    5.37161   |    4.99827   |      0.280 |      0.401 |   79/150  
		  224/1000 | 0.000098   |    5.38775   |    5.04842   |      0.276 |      0.389 |   80/150  
		  225/1000 | 0.000098   |    5.41339   |    5.11565   |      0.268 |      0.372 |   81/150  
		  226/1000 | 0.000098   |    5.42159   |    5.15777   |      0.266 |      0.362 |   82/150  
		  227/1000 | 0.000098   |    5.41119   |    5.15828   |      0.269 |      0.362 |   83/150  
		  228/1000 | 0.000098   |    5.47994   |    5.05798   |      0.250 |      0.386 |   84/150  
		  229/1000 | 0.000098   |    5.40688   |    5.01587   |      0.270 |      0.397 |   85/150  
		  230/1000 | 0.000098   |    5.38975   |    5.16812   |      0.275 |      0.359 |   86/150  
		  231/1000 | 0.000098   |    5.46175   |    5.08747   |      0.255 |      0.379 |   87/150  
		  232/1000 | 0.000098   |    5.36827   |    5.03033   |      0.281 |      0.393 |   88/150  
		  233/1000 | 0.000098   |    5.51731   |    5.02913   |      0.240 |      0.393 |   89/150  
		  234/1000 | 0.000098   |    5.46106   |    5.04881   |      0.255 |      0.388 |   90/150  
		  235/1000 | 0.000098   |    5.41983   |    5.08474   |      0.267 |      0.379 |   91/150  
		  236/1000 | 0.000098   |    5.37534   |    4.99596   |      0.279 |      0.401 |   92/150  
		  237/1000 | 0.000098   |    5.37672   |    5.10885   |      0.278 |      0.373 |   93/150  
		  238/1000 | 0.000098   |    5.45624   |    5.06217   |      0.257 |      0.385 |   94/150  
		  239/1000 | 0.000049   |    5.40725   |    5.07243   |      0.270 |      0.383 |   95/150  
		  240/1000 | 0.000049   |    5.50572   |    5.18456   |      0.243 |      0.355 |   96/150  
		  241/1000 | 0.000049   |    5.42635   |    5.21807   |      0.265 |      0.347 |   97/150  
		  242/1000 | 0.000049   |    5.40477   |    4.94075   |      0.271 |      0.415 |   98/150  
		                                          ╚══> ✅ SAVED (RMSE: 4.9407)
		  243/1000 | 0.000049   |    5.47598   |    5.07622   |      0.251 |      0.381 |    0/150  
		  244/1000 | 0.000049   |    5.35760   |    5.07487   |      0.283 |      0.382 |    1/150  
		  245/1000 | 0.000049   |    5.50129   |    5.28627   |      0.245 |      0.330 |    2/150  
		  246/1000 | 0.000049   |    5.39076   |    5.14348   |      0.275 |      0.365 |    3/150  
		  247/1000 | 0.000049   |    5.39178   |    4.97111   |      0.274 |      0.407 |    4/150  
		  248/1000 | 0.000049   |    5.38566   |    5.13504   |      0.276 |      0.367 |    5/150  
		  249/1000 | 0.000049   |    5.51765   |    5.14193   |      0.240 |      0.365 |    6/150  
		  250/1000 | 0.000049   |    5.52988   |    5.04076   |      0.237 |      0.390 |    7/150  
		  251/1000 | 0.000049   |    5.43748   |    5.12962   |      0.262 |      0.368 |    8/150  
		  252/1000 | 0.000049   |    5.31941   |    5.12638   |      0.294 |      0.370 |    9/150  
		  253/1000 | 0.000049   |    5.39544   |    5.14805   |      0.273 |      0.365 |   10/150  
		  254/1000 | 0.000049   |    5.48478   |    5.02789   |      0.249 |      0.393 |   11/150  
		  255/1000 | 0.000049   |    5.45083   |    5.12164   |      0.259 |      0.371 |   12/150  
		  256/1000 | 0.000049   |    5.41480   |    5.17271   |      0.268 |      0.358 |   13/150  
		  257/1000 | 0.000049   |    5.40098   |    5.25473   |      0.272 |      0.337 |   14/150  
		  258/1000 | 0.000024   |    5.50447   |    5.07143   |      0.244 |      0.383 |   15/150  
		  259/1000 | 0.000024   |    5.43746   |    5.14387   |      0.262 |      0.365 |   16/150  
		  260/1000 | 0.000024   |    5.39675   |    5.08975   |      0.273 |      0.378 |   17/150  
		  261/1000 | 0.000024   |    5.41597   |    5.12296   |      0.268 |      0.371 |   18/150  
		  262/1000 | 0.000024   |    5.39557   |    5.13264   |      0.273 |      0.368 |   19/150  
		  263/1000 | 0.000024   |    5.39188   |    5.15677   |      0.274 |      0.362 |   20/150  
		  264/1000 | 0.000024   |    5.41828   |    6.14114   |      0.267 |      0.094 |   21/150  
		  265/1000 | 0.000024   |    5.38344   |    5.39471   |      0.276 |      0.302 |   22/150  
		  266/1000 | 0.000024   |    5.40097   |    5.11733   |      0.272 |      0.372 |   23/150  
		  267/1000 | 0.000024   |    5.41192   |    5.15941   |      0.269 |      0.361 |   24/150  
		  268/1000 | 0.000024   |    5.45240   |    5.07325   |      0.258 |      0.382 |   25/150  
		  269/1000 | 0.000024   |    5.43744   |    5.14627   |      0.262 |      0.364 |   26/150  
		  270/1000 | 0.000024   |    5.38604   |    5.07644   |      0.276 |      0.382 |   27/150  
		  271/1000 | 0.000024   |    5.46237   |    5.04393   |      0.255 |      0.390 |   28/150  
		  272/1000 | 0.000024   |    5.40645   |    5.43786   |      0.270 |      0.290 |   29/150  
		  273/1000 | 0.000024   |    5.38783   |    5.16934   |      0.275 |      0.359 |   30/150  
		  274/1000 | 0.000012   |    5.51483   |    5.09274   |      0.241 |      0.378 |   31/150  
		  275/1000 | 0.000012   |    5.42707   |    5.15120   |      0.265 |      0.363 |   32/150  
		  276/1000 | 0.000012   |    5.41971   |    5.11872   |      0.267 |      0.370 |   33/150  
		  277/1000 | 0.000012   |    5.51820   |    5.02594   |      0.240 |      0.394 |   34/150  
		  278/1000 | 0.000012   |    5.40694   |    5.08980   |      0.270 |      0.378 |   35/150  
		  279/1000 | 0.000012   |    5.34050   |    5.05101   |      0.288 |      0.388 |   36/150  
		  280/1000 | 0.000012   |    5.45328   |    4.98012   |      0.257 |      0.405 |   37/150  
		  281/1000 | 0.000012   |    5.44590   |    5.00679   |      0.259 |      0.399 |   38/150  
		  282/1000 | 0.000012   |    5.45072   |    5.11626   |      0.258 |      0.372 |   39/150  
		  283/1000 | 0.000012   |    5.47175   |    5.11012   |      0.252 |      0.373 |   40/150  
		  284/1000 | 0.000012   |    5.43450   |    4.98591   |      0.263 |      0.403 |   41/150  
		  285/1000 | 0.000012   |    5.42144   |    5.03271   |      0.266 |      0.392 |   42/150  
		  286/1000 | 0.000012   |    5.41565   |    5.07353   |      0.268 |      0.382 |   43/150  
		  287/1000 | 0.000012   |    5.45258   |    5.12946   |      0.258 |      0.369 |   44/150  
		  288/1000 | 0.000012   |    5.41120   |    5.03166   |      0.269 |      0.393 |   45/150  
		  289/1000 | 0.000012   |    5.42690   |    5.25439   |      0.265 |      0.338 |   46/150  
		  290/1000 | 0.000006   |    5.42928   |    5.08613   |      0.264 |      0.379 |   47/150  
		  291/1000 | 0.000006   |    5.36572   |    5.20924   |      0.281 |      0.349 |   48/150  
		  292/1000 | 0.000006   |    5.43610   |    5.12147   |      0.262 |      0.371 |   49/150  
		  293/1000 | 0.000006   |    5.40829   |    4.99550   |      0.270 |      0.401 |   50/150  
		  294/1000 | 0.000006   |    5.43874   |    5.04878   |      0.262 |      0.389 |   51/150  
		  295/1000 | 0.000006   |    5.45725   |    5.05255   |      0.256 |      0.387 |   52/150  
		  296/1000 | 0.000006   |    5.43571   |    5.11415   |      0.263 |      0.373 |   53/150  
		  297/1000 | 0.000006   |    5.33920   |    5.14894   |      0.288 |      0.364 |   54/150  
		  298/1000 | 0.000006   |    5.43349   |    5.23007   |      0.263 |      0.344 |   55/150  
		  299/1000 | 0.000006   |    5.38027   |    5.20710   |      0.278 |      0.350 |   56/150  
		  300/1000 | 0.000006   |    5.42516   |    5.19607   |      0.265 |      0.352 |   57/150  
		  301/1000 | 0.000006   |    5.48576   |    5.22467   |      0.249 |      0.345 |   58/150  
		  302/1000 | 0.000006   |    5.40687   |    5.20247   |      0.270 |      0.350 |   59/150  
		  303/1000 | 0.000006   |    5.34084   |    5.01526   |      0.288 |      0.396 |   60/150  
		  304/1000 | 0.000006   |    5.48526   |    5.41231   |      0.249 |      0.297 |   61/150  
		  305/1000 | 0.000006   |    5.46409   |    5.07382   |      0.254 |      0.383 |   62/150  
		  306/1000 | 0.000003   |    5.42452   |    5.08512   |      0.265 |      0.380 |   63/150  
		  307/1000 | 0.000003   |    5.46933   |    5.14817   |      0.253 |      0.363 |   64/150  
		  308/1000 | 0.000003   |    5.39238   |    5.19643   |      0.274 |      0.352 |   65/150  
		  309/1000 | 0.000003   |    5.40146   |    5.09839   |      0.272 |      0.376 |   66/150  
		  310/1000 | 0.000003   |    5.43810   |    5.10461   |      0.262 |      0.375 |   67/150  
		  311/1000 | 0.000003   |    5.33319   |    5.09112   |      0.290 |      0.378 |   68/150  
		  312/1000 | 0.000003   |    5.44681   |    5.03174   |      0.259 |      0.392 |   69/150  
		  313/1000 | 0.000003   |    5.44159   |    5.13685   |      0.261 |      0.366 |   70/150  
		  314/1000 | 0.000003   |    5.40657   |    5.07870   |      0.270 |      0.381 |   71/150  
		  315/1000 | 0.000003   |    5.35057   |    5.04225   |      0.285 |      0.390 |   72/150  
		  316/1000 | 0.000003   |    5.40930   |    5.15739   |      0.270 |      0.362 |   73/150  
		  317/1000 | 0.000003   |    5.43017   |    5.11747   |      0.264 |      0.372 |   74/150  
		  318/1000 | 0.000003   |    5.38260   |    4.99731   |      0.277 |      0.401 |   75/150  
		  319/1000 | 0.000003   |    5.42827   |    5.05122   |      0.264 |      0.388 |   76/150  
		  320/1000 | 0.000003   |    5.44352   |    5.11794   |      0.260 |      0.372 |   77/150  
		  321/1000 | 0.000003   |    5.37463   |    5.03373   |      0.279 |      0.392 |   78/150  
		  322/1000 | 0.000002   |    5.37025   |    5.11299   |      0.280 |      0.373 |   79/150  
		  323/1000 | 0.000002   |    5.43594   |    5.07420   |      0.263 |      0.382 |   80/150  
		  324/1000 | 0.000002   |    5.43268   |    5.14532   |      0.263 |      0.364 |   81/150  
		  325/1000 | 0.000002   |    5.43377   |    5.11026   |      0.263 |      0.373 |   82/150  
		  326/1000 | 0.000002   |    5.44332   |    5.13530   |      0.260 |      0.367 |   83/150  
		  327/1000 | 0.000002   |    5.48758   |    5.20933   |      0.248 |      0.349 |   84/150  
		  328/1000 | 0.000002   |    5.40819   |    5.05151   |      0.270 |      0.388 |   85/150  
		  329/1000 | 0.000002   |    5.42373   |    5.07899   |      0.265 |      0.381 |   86/150  
		  330/1000 | 0.000002   |    5.46397   |    5.19996   |      0.255 |      0.351 |   87/150  
		  331/1000 | 0.000002   |    5.43025   |    5.06132   |      0.264 |      0.385 |   88/150  
		  332/1000 | 0.000002   |    5.48656   |    5.06881   |      0.248 |      0.383 |   89/150  
		  333/1000 | 0.000002   |    5.38030   |    5.07490   |      0.277 |      0.382 |   90/150  
		  334/1000 | 0.000002   |    5.37570   |    5.05134   |      0.279 |      0.388 |   91/150  
		  335/1000 | 0.000002   |    5.33408   |    5.00560   |      0.290 |      0.399 |   92/150  
		  336/1000 | 0.000002   |    5.41535   |    5.01317   |      0.268 |      0.397 |   93/150  
		  337/1000 | 0.000002   |    5.42244   |    5.02479   |      0.266 |      0.394 |   94/150  
		  338/1000 | 0.000001   |    5.30871   |    5.07154   |      0.296 |      0.383 |   95/150  
		  339/1000 | 0.000001   |    5.37932   |    5.14972   |      0.277 |      0.364 |   96/150  
		  340/1000 | 0.000001   |    5.38605   |    5.04801   |      0.276 |      0.389 |   97/150  
		  341/1000 | 0.000001   |    5.41033   |    5.17043   |      0.269 |      0.359 |   98/150  
		  342/1000 | 0.000001   |    5.48430   |    5.14107   |      0.249 |      0.365 |   99/150  
		  343/1000 | 0.000001   |    5.41445   |    5.05215   |      0.268 |      0.388 |  100/150  
		  344/1000 | 0.000001   |    5.43919   |    5.17601   |      0.261 |      0.357 |  101/150  
		  345/1000 | 0.000001   |    5.26930   |    5.07540   |      0.307 |      0.382 |  102/150  
		  346/1000 | 0.000001   |    5.35727   |    5.13954   |      0.284 |      0.365 |  103/150  
		  347/1000 | 0.000001   |    5.40191   |    5.07536   |      0.271 |      0.382 |  104/150  
		  348/1000 | 0.000001   |    5.40114   |    5.06108   |      0.272 |      0.386 |  105/150  
		  349/1000 | 0.000001   |    5.48254   |    5.15541   |      0.250 |      0.362 |  106/150  
		  350/1000 | 0.000001   |    5.48054   |    5.17394   |      0.250 |      0.358 |  107/150  
		  351/1000 | 0.000001   |    5.40920   |    5.10823   |      0.269 |      0.374 |  108/150  
		  352/1000 | 0.000001   |    5.40749   |    5.07595   |      0.270 |      0.382 |  109/150  
		  353/1000 | 0.000001   |    5.42728   |    5.03581   |      0.265 |      0.391 |  110/150  
		  354/1000 | 0.000000   |    5.40566   |    5.15877   |      0.270 |      0.362 |  111/150  
		  355/1000 | 0.000000   |    5.45987   |    5.20180   |      0.256 |      0.351 |  112/150  
		  356/1000 | 0.000000   |    5.41086   |    5.15853   |      0.269 |      0.361 |  113/150  
		  357/1000 | 0.000000   |    5.37854   |    5.01415   |      0.278 |      0.396 |  114/150  
		  358/1000 | 0.000000   |    5.32526   |    5.00328   |      0.292 |      0.400 |  115/150  
		  359/1000 | 0.000000   |    5.45374   |    4.96114   |      0.257 |      0.410 |  116/150  
		  360/1000 | 0.000000   |    5.45234   |    5.14615   |      0.258 |      0.365 |  117/150  
		  361/1000 | 0.000000   |    5.45558   |    5.01850   |      0.257 |      0.396 |  118/150  
		  362/1000 | 0.000000   |    5.36111   |    5.07570   |      0.282 |      0.382 |  119/150  
		  363/1000 | 0.000000   |    5.48518   |    5.10265   |      0.249 |      0.375 |  120/150  
		  364/1000 | 0.000000   |    5.46578   |    5.01207   |      0.254 |      0.397 |  121/150  
		  365/1000 | 0.000000   |    5.36697   |    5.10804   |      0.281 |      0.373 |  122/150  
		  366/1000 | 0.000000   |    5.43661   |    5.01317   |      0.262 |      0.397 |  123/150  
		  367/1000 | 0.000000   |    5.45964   |    5.09161   |      0.256 |      0.378 |  124/150  
		  368/1000 | 0.000000   |    5.40895   |    5.27923   |      0.269 |      0.331 |  125/150  
		  369/1000 | 0.000000   |    5.42835   |    5.06574   |      0.264 |      0.384 |  126/150  
		  370/1000 | 0.000000   |    5.56640   |    5.20183   |      0.226 |      0.351 |  127/150  
		  371/1000 | 0.000000   |    5.41223   |    5.10638   |      0.269 |      0.374 |  128/150  
		  372/1000 | 0.000000   |    5.43688   |    5.08291   |      0.262 |      0.380 |  129/150  
		  373/1000 | 0.000000   |    5.48201   |    5.30484   |      0.250 |      0.325 |  130/150  
		  374/1000 | 0.000000   |    5.40328   |    5.15811   |      0.271 |      0.361 |  131/150  
		  375/1000 | 0.000000   |    5.52562   |    5.08308   |      0.238 |      0.380 |  132/150  
		  376/1000 | 0.000000   |    5.30645   |    5.10419   |      0.297 |      0.375 |  133/150  
		  377/1000 | 0.000000   |    5.42609   |    5.11151   |      0.265 |      0.373 |  134/150  
		  378/1000 | 0.000000   |    5.36630   |    5.02815   |      0.281 |      0.394 |  135/150  
		  379/1000 | 0.000000   |    5.43675   |    5.11586   |      0.262 |      0.372 |  136/150  
		  380/1000 | 0.000000   |    5.35226   |    5.13691   |      0.285 |      0.367 |  137/150  
		  381/1000 | 0.000000   |    5.44328   |    5.09041   |      0.260 |      0.379 |  138/150  
		  382/1000 | 0.000000   |    5.35667   |    5.14325   |      0.283 |      0.366 |  139/150  
		  383/1000 | 0.000000   |    5.43321   |    5.10293   |      0.263 |      0.375 |  140/150  
		  384/1000 | 0.000000   |    5.40040   |    5.10081   |      0.272 |      0.376 |  141/150  
		  385/1000 | 0.000000   |    5.41666   |    5.16234   |      0.267 |      0.360 |  142/150  
		  386/1000 | 0.000000   |    5.42364   |    5.12898   |      0.266 |      0.368 |  143/150  
		  387/1000 | 0.000000   |    5.36626   |    5.11136   |      0.281 |      0.373 |  144/150  
		  388/1000 | 0.000000   |    5.40731   |    5.12583   |      0.270 |      0.370 |  145/150  
		  389/1000 | 0.000000   |    5.50677   |    5.14080   |      0.243 |      0.366 |  146/150  
		  390/1000 | 0.000000   |    5.41498   |    5.10918   |      0.268 |      0.374 |  147/150  
		  391/1000 | 0.000000   |    5.37987   |    5.04961   |      0.278 |      0.388 |  148/150  
		  392/1000 | 0.000000   |    5.43239   |    5.15714   |      0.263 |      0.362 |  149/150  

		Early stopping triggered.
		[INFO] Case 3 completed.
