nohup: ignoring input
Crash diagnostics ON


==================================================
PART 1: Data preprocess for 2023-01-01 00:00:00 to 2024-09-30 23:00:00...
==================================================

	1.1 Preprocessing radiation data...
		[INFO] Radiation data already exists at './data/timeseries/radiation_data.csv'

	1.2 Preprocessing temperature data...
		[INFO] Temperature data already exists at './data/timeseries/temperature_data.csv'

	1.3 Preprocessing building data...
		[INFO] Building data already exists at './data/timeseries/building_data.csv'

	1.4 Preprocessing electricity cost data...
		[INFO] Electricity cost data already exists at './data/timeseries/electricitycostG2B_data.csv' and './data/timeseries/electricitycostG2V_data.csv'

	1.5 Preprocessing battery demand series data...
		[INFO] Found existing battery data at './data/battery_demand/resample_full.csv' and './data/battery_demand/resample_train.csv'

		[INFO] Number of series for clean windows = (168, 37)
		[INFO] Number of eligible series for Case 2 = (1395, 37)
		[INFO] Case 1 exists — loaded battery demand from './data/battery_demand/case1_real_only/battery_demand.npy' with shape (168, 37).
		[INFO] Building Case 2 (fill NaN)
		[INFO] Resuming Case 2 from checkpoint: './data/battery_demand/case2_nan_filled/battery_demand_ckpt.npz'
		[INFO] Case 2 resume index = 715, current series shape = (883, 37)
		[INFO] Case 2 generating:   0%|          | 0/680 [00:00<?, ?it/s]		[INFO] Case 2 generating:   0%|          | 1/680 [00:05<1:06:05,  5.84s/it]		[INFO] Case 2 generating:   0%|          | 2/680 [00:11<1:02:40,  5.55s/it]		[INFO] Case 2 generating:   0%|          | 3/680 [00:16<1:01:00,  5.41s/it]		[INFO] Case 2 generating:   1%|          | 4/680 [00:21<1:00:25,  5.36s/it]		[INFO] Case 2 generating:   1%|          | 5/680 [00:27<1:00:11,  5.35s/it]		[INFO] Case 2 generating:   1%|          | 6/680 [00:32<59:56,  5.34s/it]  		[INFO] Case 2 generating:   1%|          | 7/680 [00:37<59:32,  5.31s/it]		[INFO] Case 2 generating:   1%|          | 8/680 [00:42<59:32,  5.32s/it]		[INFO] Case 2 generating:   1%|▏         | 9/680 [00:48<59:24,  5.31s/it]		[INFO] Case 2 generating:   1%|▏         | 10/680 [00:53<59:06,  5.29s/it]		[INFO] Case 2 generating:   2%|▏         | 11/680 [00:58<59:02,  5.30s/it]		[INFO] Case 2 generating:   2%|▏         | 12/680 [01:04<58:55,  5.29s/it]		[INFO] Case 2 generating:   2%|▏         | 13/680 [01:09<58:58,  5.31s/it]		[INFO] Case 2 generating:   2%|▏         | 14/680 [01:14<58:50,  5.30s/it]		[INFO] Case 2 generating:   2%|▏         | 15/680 [01:20<58:44,  5.30s/it]		[INFO] Case 2 generating:   2%|▏         | 16/680 [01:25<58:39,  5.30s/it]		[INFO] Case 2 generating:   2%|▏         | 16/680 [01:25<59:05,  5.34s/it]
Traceback (most recent call last):
  File "/home/lisa4090/Documents/GitHub/V2B_Optimization_with_AI_on_BSS/main.py", line 65, in <module>
    main()
    ~~~~^^
  File "/home/lisa4090/Documents/GitHub/V2B_Optimization_with_AI_on_BSS/main.py", line 12, in main
    data = preprocessor.preprocess()
  File "/home/lisa4090/Documents/GitHub/V2B_Optimization_with_AI_on_BSS/preprocess/preprocessor.py", line 231, in preprocess
    gen.generate_battery_series(rerun=False)
    ~~~~~~~~~~~~~~~~~~~~~~~~~~~^^^^^^^^^^^^^
  File "/home/lisa4090/Documents/GitHub/V2B_Optimization_with_AI_on_BSS/preprocess/batterygenerator.py", line 190, in generate_battery_series
    sample = self._generate_artificial_battery_data(chunk, n_samples)[0]
             ~~~~~~~~~~~~~~~~~~~~~~~~~~~~~~~~~~~~~~^^^^^^^^^^^^^^^^^^
  File "/home/lisa4090/Documents/GitHub/V2B_Optimization_with_AI_on_BSS/preprocess/batterygenerator.py", line 349, in _generate_artificial_battery_data
    generator = BlockGenerator(
        seed=seq,
    ...<4 lines>...
        random_state=cfg.RANDOM_STATE,
    )
  File "/home/lisa4090/Documents/GitHub/V2B_Optimization_with_AI_on_BSS/time_series_generator/time_series_generator/core.py", line 577, in __init__
    grouped = datapreparer.generate_grouped_subsequences()
  File "/home/lisa4090/Documents/GitHub/V2B_Optimization_with_AI_on_BSS/time_series_generator/time_series_generator/preprocessing.py", line 32, in generate_grouped_subsequences
    subseqs = self._generate_valid_subsequences(tdf_filled.values)
  File "/home/lisa4090/Documents/GitHub/V2B_Optimization_with_AI_on_BSS/time_series_generator/time_series_generator/preprocessing.py", line 73, in _generate_valid_subsequences
    subseq = arr[i:j]
             ~~~^^^^^
TypeError: only integer scalar arrays can be converted to a scalar index
