Crash diagnostics ON


==================================================
PART 1: Data preprocess for 2023-01-01 00:00:00 to 2024-09-30 23:00:00...
==================================================

	1.1 Preprocessing radiation data...
		[INFO] Radiation data already exists at './data/timeseries/radiation_data.csv'

	1.2 Preprocessing temperature data...
		[INFO] Temperature data already exists at './data/timeseries/temperature_data.csv'

	1.3 Preprocessing building data...
		[INFO] Building data already exists at './data/timeseries/building_data.csv'

	1.4 Preprocessing electricity cost data...
		[INFO] Electricity cost data already exists at './data/timeseries/electricitycostG2B_data.csv' and './data/timeseries/electricitycostG2V_data.csv'

	1.5 Preprocessing battery demand series data...
		[INFO] Found existing battery data at './data/battery_demand/tol26/resample_full.csv' and './data/battery_demand/tol26/resample_train.csv'

		[INFO] Number of series for clean windows = (168, 37)
		[INFO] Number of eligible series for Case 2 = (1378, 37)
		[INFO] Number of seeds ready for Case 3  = (2000, 36)

		[INFO] Case 1 exists — loaded battery demand from './data/battery_demand/tol26/case1_real_only/battery_demand.npy' with shape (168, 37).
		[INFO] Case 2 exists — loaded battery demand from './data/battery_demand/tol26/case2_nan_filled/battery_demand.npy' with shape (1546, 37).
		[INFO] Case 3 exists — loaded battery demand from './data/battery_demand/tol26/case3_extended_generated/battery_demand.npy' with shape (3546, 37).
		[INFO] Case 0: Successfully added test pair 2024-03-15 & 2024-03-16
		Data: [10536, 28, 30, 35, 37, 37, 36, 33, 26, 10, 6, 10, 14, 19, 18, 15, 20, 26, 15, 9, 16, 21, 20, 8, 12, 15, 24, 31, 35, 32, 35, 34, 32, 31, 30, 22, 14, 18, 27, 18, 19, 19, 25, 25, 25, 26, 27, 17, 19]
		[INFO] Case 0: Successfully added test pair 2024-03-29 & 2024-03-30
		Data: [10872, 13, 26, 31, 33, 33, 33, 31, 15, 8, 19, 11, 15, 18, 16, 18, 18, 19, 7, 4, 23, 23, 16, 17, 18, 18, 19, 24, 29, 30, 30, 22, 27, 21, 14, 15, 16, 20, 18, 23, 27, 18, 2, 10, 23, 22, 22, 17, 21]

	1.6 Generating battery schedule...
		[INFO] Case 1 exists — loaded from './data/battery_demand/tol26/case1_real_only/battery_availability.npy' and './data/battery_demand/tol26/case1_real_only/battery_details.npy' shape (168, 263, 36) and (4, 168, 263)
		[INFO] Case 2 exists — loaded from './data/battery_demand/tol26/case2_nan_filled/battery_availability.npy' and './data/battery_demand/tol26/case2_nan_filled/battery_details.npy' shape (1546, 311, 36) and (4, 1546, 311)
		[INFO] Case 3 exists — loaded from './data/battery_demand/tol26/case3_extended_generated/battery_availability.npy' and './data/battery_demand/tol26/case3_extended_generated/battery_details.npy' shape (3546, 422, 36) and (4, 3546, 422)


==================================================
PART 2: MILP Optimization...
==================================================

	2.1 Optimizing Case 1...
		[INFO] Loaded 168 samples from './data/battery_demand/tol26/case1_real_only'
		[INFO] Results already exist at './data/optimization_results/tol26/case1_real_only/optimization/V2B.npy'. Skipping optimization run.
		[INFO] Results already exist at './data/optimization_results/tol26/case1_real_only/immediate_charging/V2B.npy'. Skipping immediate_charging run.
		[INFO] Case 1 completed.

	2.2 Optimizing Case 2...
		[INFO] Loaded 1546 samples from './data/battery_demand/tol26/case2_nan_filled'
		[INFO] Results already exist at './data/optimization_results/tol26/case2_nan_filled/optimization/V2B.npy'. Skipping optimization run.
		[INFO] Results already exist at './data/optimization_results/tol26/case2_nan_filled/immediate_charging/V2B.npy'. Skipping immediate_charging run.
		[INFO] Case 2 completed.

	2.3 Optimizing Case 3...
		[INFO] Loaded 3546 samples from './data/battery_demand/tol26/case3_extended_generated'
		[INFO] Results already exist at './data/optimization_results/tol26/case3_extended_generated/optimization/V2B.npy'. Skipping optimization run.
		[INFO] Results already exist at './data/optimization_results/tol26/case3_extended_generated/immediate_charging/V2B.npy'. Skipping immediate_charging run.
		[INFO] Case 3 completed.


==================================================
PART 3: Supervised Learning...
==================================================

	3.1 Training Case 1...
		=== Training Log Started: 2025-11-29 14:30:26.661174 ===
		Run Name: STAFV2_26_CASE1
		Device: cuda
		Epochs: 1000, Batch Size: 128, LR: 0.01
		============================================================
		[INFO] Unique quantized indices: 6686
		[INFO] Suggested num_embeddings: 8023
		[INFO] Processed 168 valid samples.
		[INFO] Saved merged dataset: ./data/training_results/merged_windowed_dataset_STAFV2_26_CASE1.csv  (shape: (168, 429))
		[INFO] Saved feature metadata: ./data/training_results/feature_info_STAFV2_26_CASE1.json
		[INFO] Dataset split: 134 train, 34 val
		[INFO] Scalers fitted and saved.

		✅ Model initialized with 714970 params.
		============================================================
		--------------------------------------------------------------------------------------------
		  Epoch    |     LR     |  Train RMSE  |   Val RMSE   |  Train R²  |   Val R²   |  Patience 
		--------------------------------------------------------------------------------------------
		    1/1000 | 0.010000   |    7.73734   |    9.25202   |     -1.135 |     -1.044 |    0/150  
		    2/1000 | 0.010000   |    8.66882   |    8.70637   |     -0.995 |     -0.810 |    0/150  
		    3/1000 | 0.010000   |    7.30550   |    8.12698   |     -0.859 |     -0.577 |    0/150  
		    4/1000 | 0.010000   |    8.08327   |    8.00205   |     -0.749 |     -0.529 |    0/150  
		    5/1000 | 0.010000   |    7.72743   |    7.99258   |     -0.649 |     -0.526 |    0/150  
		    6/1000 | 0.010000   |    7.30432   |    7.82443   |     -0.582 |     -0.462 |    0/150  
		    7/1000 | 0.010000   |    6.46866   |    7.68056   |     -0.509 |     -0.409 |    0/150  
		    8/1000 | 0.010000   |    8.47378   |    7.72502   |     -0.392 |     -0.425 |    0/150  
		    9/1000 | 0.010000   |    8.18597   |    7.50978   |     -0.317 |     -0.347 |    1/150  
		   10/1000 | 0.010000   |    7.89342   |    7.11926   |     -0.203 |     -0.210 |    0/150  
		   11/1000 | 0.010000   |    6.06396   |    6.64924   |     -0.077 |     -0.056 |    0/150  
		   12/1000 | 0.010000   |    6.21487   |    6.45425   |      0.030 |      0.005 |    0/150  
		   13/1000 | 0.010000   |    5.66352   |    6.08291   |      0.130 |      0.116 |    0/150  
		   14/1000 | 0.010000   |    5.00537   |    5.87276   |      0.225 |      0.176 |    0/150  
		   15/1000 | 0.010000   |    5.19513   |    5.65948   |      0.267 |      0.235 |    0/150  
		   16/1000 | 0.010000   |    5.14895   |    5.66334   |      0.385 |      0.234 |    0/150  
		   17/1000 | 0.010000   |    4.54137   |    5.63598   |      0.489 |      0.241 |    1/150  
		   18/1000 | 0.010000   |    4.31513   |    5.89392   |      0.545 |      0.170 |    0/150  
		   19/1000 | 0.010000   |    5.36969   |    5.99707   |      0.583 |      0.141 |    1/150  
		   20/1000 | 0.010000   |    5.22510   |    5.97255   |      0.664 |      0.148 |    2/150  
		   21/1000 | 0.010000   |    3.53630   |    5.62127   |      0.721 |      0.245 |    3/150  
		   22/1000 | 0.010000   |    2.49055   |    5.65293   |      0.800 |      0.237 |    0/150  
		   23/1000 | 0.010000   |    2.23101   |    5.52209   |      0.789 |      0.272 |    1/150  
		   24/1000 | 0.010000   |    2.24017   |    5.40692   |      0.830 |      0.302 |    0/150  
		   25/1000 | 0.010000   |    3.73685   |    5.46753   |      0.809 |      0.286 |    0/150  
		   26/1000 | 0.010000   |    3.17171   |    5.51949   |      0.855 |      0.272 |    1/150  
		   27/1000 | 0.010000   |    3.48550   |    5.54312   |      0.875 |      0.266 |    2/150  
		   28/1000 | 0.010000   |    2.75053   |    5.34742   |      0.890 |      0.317 |    3/150  
		   29/1000 | 0.010000   |    1.74373   |    5.27931   |      0.896 |      0.334 |    0/150  
		   30/1000 | 0.010000   |    1.79526   |    5.21075   |      0.888 |      0.352 |    0/150  
		   31/1000 | 0.010000   |    2.84844   |    5.22084   |      0.853 |      0.349 |    0/150  
		   32/1000 | 0.010000   |    1.74347   |    5.15824   |      0.900 |      0.365 |    1/150  
		   33/1000 | 0.010000   |    4.04967   |    5.16481   |      0.861 |      0.363 |    0/150  
		   34/1000 | 0.010000   |    3.33547   |    5.34669   |      0.882 |      0.317 |    1/150  
		   35/1000 | 0.010000   |    2.68475   |    5.52444   |      0.898 |      0.271 |    2/150  
		   36/1000 | 0.010000   |    3.16332   |    5.56961   |      0.871 |      0.259 |    3/150  
		   37/1000 | 0.010000   |    1.98210   |    5.61864   |      0.896 |      0.246 |    4/150  
		   38/1000 | 0.010000   |    1.96075   |    5.69711   |      0.906 |      0.225 |    5/150  
		   39/1000 | 0.010000   |    2.63530   |    5.67185   |      0.884 |      0.232 |    6/150  
		   40/1000 | 0.010000   |    2.89695   |    5.65873   |      0.876 |      0.235 |    7/150  
		   41/1000 | 0.010000   |    7.00143   |    6.18400   |      0.773 |      0.087 |    8/150  
		   42/1000 | 0.010000   |    5.09140   |    6.63331   |      0.830 |     -0.051 |    9/150  
		   43/1000 | 0.010000   |    2.92807   |    7.14283   |      0.818 |     -0.218 |   10/150  
		   44/1000 | 0.010000   |    2.20408   |    7.15856   |      0.804 |     -0.224 |   11/150  
		   45/1000 | 0.010000   |    3.75752   |    6.86335   |      0.775 |     -0.125 |   12/150  
		   46/1000 | 0.010000   |    2.00222   |    6.45620   |      0.833 |      0.005 |   13/150  
		   47/1000 | 0.010000   |    2.52010   |    5.64944   |      0.839 |      0.238 |   14/150  
		   48/1000 | 0.005000   |    3.88273   |    5.25882   |      0.827 |      0.340 |   15/150  
		   49/1000 | 0.005000   |    3.14125   |    5.01869   |      0.830 |      0.398 |   16/150  
		   50/1000 | 0.005000   |    3.70974   |    4.79828   |      0.832 |      0.450 |    0/150  
		                                          ╚══> ✅ SAVED (RMSE: 4.7983)
		   51/1000 | 0.005000   |    2.66999   |    4.79540   |      0.868 |      0.451 |    0/150  
		                                          ╚══> ✅ SAVED (RMSE: 4.7954)
		   52/1000 | 0.005000   |    2.66711   |    4.85100   |      0.867 |      0.438 |    0/150  
		   53/1000 | 0.005000   |    3.32890   |    4.98586   |      0.890 |      0.406 |    1/150  
		   54/1000 | 0.005000   |    2.48298   |    4.97990   |      0.900 |      0.408 |    2/150  
		   55/1000 | 0.005000   |    4.52078   |    5.08862   |      0.853 |      0.382 |    3/150  
		   56/1000 | 0.005000   |    3.23606   |    5.09284   |      0.887 |      0.381 |    4/150  
		   57/1000 | 0.005000   |    3.27890   |    5.08215   |      0.870 |      0.383 |    5/150  
		   58/1000 | 0.005000   |    2.56671   |    5.02877   |      0.904 |      0.396 |    6/150  
		   59/1000 | 0.005000   |    1.63759   |    5.01316   |      0.910 |      0.400 |    7/150  
		   60/1000 | 0.005000   |    2.04607   |    5.01284   |      0.911 |      0.400 |    8/150  
		   61/1000 | 0.005000   |    2.73638   |    4.99336   |      0.892 |      0.405 |    9/150  
		   62/1000 | 0.005000   |    2.88063   |    5.02578   |      0.894 |      0.397 |   10/150  
		   63/1000 | 0.005000   |    4.17978   |    5.09379   |      0.876 |      0.380 |   11/150  
		   64/1000 | 0.005000   |    2.53840   |    5.00681   |      0.915 |      0.401 |   12/150  
		   65/1000 | 0.005000   |    3.06216   |    4.90979   |      0.886 |      0.424 |   13/150  
		   66/1000 | 0.005000   |    1.92231   |    4.84183   |      0.911 |      0.440 |   14/150  
		   67/1000 | 0.005000   |    2.06982   |    4.78300   |      0.917 |      0.454 |   15/150  
		                                          ╚══> ✅ SAVED (RMSE: 4.7830)
		   68/1000 | 0.005000   |    3.94751   |    4.68944   |      0.881 |      0.475 |    0/150  
		                                          ╚══> ✅ SAVED (RMSE: 4.6894)
		   69/1000 | 0.005000   |    1.54761   |    4.62984   |      0.917 |      0.488 |    0/150  
		                                          ╚══> ✅ SAVED (RMSE: 4.6298)
		   70/1000 | 0.005000   |    2.67675   |    4.61026   |      0.895 |      0.492 |    0/150  
		                                          ╚══> ✅ SAVED (RMSE: 4.6103)
		   71/1000 | 0.005000   |    1.87547   |    4.55547   |      0.890 |      0.504 |    0/150  
		                                          ╚══> ✅ SAVED (RMSE: 4.5555)
		   72/1000 | 0.005000   |    1.61010   |    4.54603   |      0.902 |      0.506 |    0/150  
		                                          ╚══> ✅ SAVED (RMSE: 4.5460)
		   73/1000 | 0.005000   |    2.97055   |    4.57455   |      0.882 |      0.500 |    0/150  
		   74/1000 | 0.005000   |    1.83980   |    4.57883   |      0.912 |      0.499 |    1/150  
		   75/1000 | 0.005000   |    3.68247   |    4.65399   |      0.888 |      0.483 |    2/150  
		   76/1000 | 0.005000   |    3.73872   |    4.69804   |      0.885 |      0.473 |    3/150  
		   77/1000 | 0.005000   |    1.98448   |    4.57289   |      0.927 |      0.501 |    4/150  
		   78/1000 | 0.005000   |    3.49177   |    4.60743   |      0.891 |      0.493 |    5/150  
		   79/1000 | 0.005000   |    1.91902   |    4.58557   |      0.918 |      0.498 |    6/150  
		   80/1000 | 0.005000   |    1.74740   |    4.57233   |      0.923 |      0.501 |    7/150  
		   81/1000 | 0.005000   |    2.83515   |    4.57398   |      0.912 |      0.500 |    8/150  
		   82/1000 | 0.005000   |    1.84190   |    4.59545   |      0.915 |      0.496 |    9/150  
		   83/1000 | 0.005000   |    1.46285   |    4.61030   |      0.934 |      0.492 |   10/150  
		   84/1000 | 0.005000   |    1.56965   |    4.64098   |      0.922 |      0.486 |   11/150  
		   85/1000 | 0.005000   |    3.24021   |    4.70862   |      0.892 |      0.470 |   12/150  
		   86/1000 | 0.005000   |    1.43408   |    4.69662   |      0.937 |      0.473 |   13/150  
		   87/1000 | 0.005000   |    3.09500   |    4.64209   |      0.918 |      0.485 |   14/150  
		   88/1000 | 0.002500   |    3.29470   |    4.75462   |      0.913 |      0.460 |   15/150  
		   89/1000 | 0.002500   |    5.99644   |    4.82850   |      0.827 |      0.443 |   16/150  
		   90/1000 | 0.002500   |    1.56120   |    4.83816   |      0.912 |      0.441 |   17/150  
		   91/1000 | 0.002500   |    2.36580   |    4.86841   |      0.915 |      0.434 |   18/150  
		   92/1000 | 0.002500   |    1.58737   |    4.86434   |      0.917 |      0.435 |   19/150  
		   93/1000 | 0.002500   |    1.45091   |    4.87739   |      0.934 |      0.432 |   20/150  
		   94/1000 | 0.002500   |    3.36875   |    4.79517   |      0.905 |      0.451 |   21/150  
		   95/1000 | 0.002500   |    1.74812   |    4.82693   |      0.935 |      0.444 |   22/150  
		   96/1000 | 0.002500   |    2.44415   |    4.79564   |      0.907 |      0.451 |   23/150  
		   97/1000 | 0.002500   |    2.35145   |    4.77305   |      0.904 |      0.456 |   24/150  
		   98/1000 | 0.002500   |    3.09809   |    4.78227   |      0.916 |      0.454 |   25/150  
		   99/1000 | 0.002500   |    3.31657   |    4.72396   |      0.907 |      0.467 |   26/150  
		  100/1000 | 0.002500   |    1.44907   |    4.73126   |      0.912 |      0.465 |   27/150  
		  101/1000 | 0.002500   |    2.14837   |    4.73644   |      0.912 |      0.464 |   28/150  
		  102/1000 | 0.002500   |    1.92554   |    4.73101   |      0.918 |      0.465 |   29/150  
		  103/1000 | 0.002500   |    1.97041   |    4.72504   |      0.920 |      0.467 |   30/150  
		  104/1000 | 0.001250   |    1.67435   |    4.72747   |      0.897 |      0.466 |   31/150  
		  105/1000 | 0.001250   |    1.58354   |    4.75954   |      0.937 |      0.459 |   32/150  
		  106/1000 | 0.001250   |    3.39710   |    4.76072   |      0.909 |      0.459 |   33/150  
		  107/1000 | 0.001250   |    3.86382   |    4.73964   |      0.890 |      0.463 |   34/150  
		  108/1000 | 0.001250   |    3.75360   |    4.82865   |      0.898 |      0.443 |   35/150  
		  109/1000 | 0.001250   |    2.24699   |    4.77184   |      0.918 |      0.456 |   36/150  
		  110/1000 | 0.001250   |    1.93763   |    4.79128   |      0.920 |      0.452 |   37/150  
		  111/1000 | 0.001250   |    2.75526   |    4.82503   |      0.920 |      0.444 |   38/150  
		  112/1000 | 0.001250   |    1.92498   |    4.79069   |      0.917 |      0.452 |   39/150  
		  113/1000 | 0.001250   |    1.53080   |    4.82664   |      0.943 |      0.444 |   40/150  
		  114/1000 | 0.001250   |    1.77199   |    4.77089   |      0.932 |      0.456 |   41/150  
		  115/1000 | 0.001250   |    3.24839   |    4.90312   |      0.900 |      0.426 |   42/150  
		  116/1000 | 0.001250   |    6.42170   |    5.02689   |      0.852 |      0.396 |   43/150  
		  117/1000 | 0.001250   |    1.83720   |    4.89578   |      0.940 |      0.428 |   44/150  
		  118/1000 | 0.001250   |    1.76269   |    4.84787   |      0.930 |      0.439 |   45/150  
		  119/1000 | 0.001250   |    1.92094   |    4.81085   |      0.910 |      0.447 |   46/150  
		  120/1000 | 0.000625   |    3.80711   |    4.89205   |      0.909 |      0.428 |   47/150  
		  121/1000 | 0.000625   |    2.63512   |    4.82085   |      0.933 |      0.445 |   48/150  
		  122/1000 | 0.000625   |    1.72150   |    4.81146   |      0.919 |      0.447 |   49/150  
		  123/1000 | 0.000625   |    1.73183   |    4.78262   |      0.924 |      0.454 |   50/150  
		  124/1000 | 0.000625   |    2.85983   |    4.83193   |      0.921 |      0.442 |   51/150  
		  125/1000 | 0.000625   |    1.38545   |    4.80870   |      0.934 |      0.448 |   52/150  
		  126/1000 | 0.000625   |    1.86095   |    4.79310   |      0.945 |      0.451 |   53/150  
		  127/1000 | 0.000625   |    1.66165   |    4.78992   |      0.925 |      0.452 |   54/150  
		  128/1000 | 0.000625   |    1.62815   |    4.82386   |      0.929 |      0.444 |   55/150  
		  129/1000 | 0.000625   |    2.92647   |    4.81612   |      0.908 |      0.446 |   56/150  
		  130/1000 | 0.000625   |    2.34619   |    4.87089   |      0.924 |      0.433 |   57/150  
		  131/1000 | 0.000625   |    2.73777   |    4.86375   |      0.899 |      0.435 |   58/150  
		  132/1000 | 0.000625   |    2.60459   |    4.87146   |      0.928 |      0.433 |   59/150  
		  133/1000 | 0.000625   |    1.51296   |    4.85551   |      0.918 |      0.437 |   60/150  
		  134/1000 | 0.000625   |    4.13796   |    4.94359   |      0.901 |      0.416 |   61/150  
		  135/1000 | 0.000625   |    3.07725   |    4.97022   |      0.905 |      0.410 |   62/150  
		  136/1000 | 0.000313   |    2.33063   |    4.89909   |      0.927 |      0.427 |   63/150  
		  137/1000 | 0.000313   |    2.22889   |    4.83199   |      0.925 |      0.442 |   64/150  
		  138/1000 | 0.000313   |    1.90204   |    4.83278   |      0.922 |      0.442 |   65/150  
		  139/1000 | 0.000313   |    1.42791   |    4.85155   |      0.938 |      0.438 |   66/150  
		  140/1000 | 0.000313   |    1.67239   |    4.82517   |      0.930 |      0.444 |   67/150  
		  141/1000 | 0.000313   |    3.29775   |    4.79171   |      0.913 |      0.452 |   68/150  
		  142/1000 | 0.000313   |    1.63728   |    4.81868   |      0.924 |      0.445 |   69/150  
		  143/1000 | 0.000313   |    3.71551   |    4.81333   |      0.899 |      0.447 |   70/150  
		  144/1000 | 0.000313   |    3.18045   |    4.84526   |      0.897 |      0.439 |   71/150  
		  145/1000 | 0.000313   |    1.31007   |    4.83928   |      0.928 |      0.441 |   72/150  
		  146/1000 | 0.000313   |    1.60626   |    4.87909   |      0.938 |      0.431 |   73/150  
		  147/1000 | 0.000313   |    2.09277   |    4.90143   |      0.930 |      0.426 |   74/150  
		  148/1000 | 0.000313   |    4.16850   |    4.84842   |      0.882 |      0.439 |   75/150  
		  149/1000 | 0.000313   |    2.97928   |    4.80936   |      0.899 |      0.448 |   76/150  
		  150/1000 | 0.000313   |    1.36962   |    4.83168   |      0.936 |      0.442 |   77/150  
		  151/1000 | 0.000313   |    1.33036   |    4.85712   |      0.939 |      0.437 |   78/150  
		  152/1000 | 0.000156   |    1.72097   |    4.84677   |      0.917 |      0.439 |   79/150  
		  153/1000 | 0.000156   |    3.92113   |    4.91076   |      0.900 |      0.424 |   80/150  
		  154/1000 | 0.000156   |    2.17527   |    4.88962   |      0.908 |      0.429 |   81/150  
		  155/1000 | 0.000156   |    2.28224   |    4.86688   |      0.934 |      0.434 |   82/150  
		  156/1000 | 0.000156   |    1.90722   |    4.88784   |      0.930 |      0.429 |   83/150  
		  157/1000 | 0.000156   |    1.84896   |    4.84296   |      0.921 |      0.440 |   84/150  
		  158/1000 | 0.000156   |    2.06023   |    4.83268   |      0.948 |      0.442 |   85/150  
		  159/1000 | 0.000156   |    2.48767   |    4.85949   |      0.925 |      0.436 |   86/150  
		  160/1000 | 0.000156   |    2.32705   |    4.90042   |      0.935 |      0.426 |   87/150  
		  161/1000 | 0.000156   |    6.26874   |    4.81455   |      0.832 |      0.446 |   88/150  
		  162/1000 | 0.000156   |    1.91296   |    4.78479   |      0.943 |      0.453 |   89/150  
		  163/1000 | 0.000156   |    2.10760   |    4.78275   |      0.911 |      0.454 |   90/150  
		  164/1000 | 0.000156   |    2.09370   |    4.79964   |      0.921 |      0.450 |   91/150  
		  165/1000 | 0.000156   |    2.43560   |    4.84207   |      0.929 |      0.440 |   92/150  
		  166/1000 | 0.000156   |    2.13484   |    4.80926   |      0.916 |      0.448 |   93/150  
		  167/1000 | 0.000156   |    3.35657   |    4.80672   |      0.909 |      0.448 |   94/150  
		  168/1000 | 0.000078   |    3.13518   |    4.80345   |      0.920 |      0.449 |   95/150  
		  169/1000 | 0.000078   |    1.79663   |    4.79322   |      0.936 |      0.451 |   96/150  
		  170/1000 | 0.000078   |    2.20044   |    4.79289   |      0.926 |      0.451 |   97/150  
		  171/1000 | 0.000078   |    1.52692   |    4.84487   |      0.941 |      0.439 |   98/150  
		  172/1000 | 0.000078   |    2.09279   |    4.82588   |      0.942 |      0.444 |   99/150  
		  173/1000 | 0.000078   |    2.00645   |    4.81281   |      0.913 |      0.447 |  100/150  
		  174/1000 | 0.000078   |    2.28762   |    4.79402   |      0.927 |      0.451 |  101/150  
		  175/1000 | 0.000078   |    5.32262   |    4.80847   |      0.871 |      0.448 |  102/150  
		  176/1000 | 0.000078   |    1.74802   |    4.80621   |      0.936 |      0.448 |  103/150  
		  177/1000 | 0.000078   |    1.75358   |    4.78438   |      0.923 |      0.453 |  104/150  
		  178/1000 | 0.000078   |    3.33924   |    4.79632   |      0.911 |      0.451 |  105/150  
		  179/1000 | 0.000078   |    2.46229   |    4.72726   |      0.932 |      0.466 |  106/150  
		  180/1000 | 0.000078   |    1.39945   |    4.70857   |      0.930 |      0.471 |  107/150  
		  181/1000 | 0.000078   |    2.23630   |    4.75961   |      0.940 |      0.459 |  108/150  
		  182/1000 | 0.000078   |    1.62292   |    4.79674   |      0.929 |      0.450 |  109/150  
		  183/1000 | 0.000078   |    1.45416   |    4.79617   |      0.927 |      0.451 |  110/150  
		  184/1000 | 0.000039   |    2.37768   |    4.78779   |      0.929 |      0.453 |  111/150  
		  185/1000 | 0.000039   |    2.78539   |    4.77857   |      0.934 |      0.455 |  112/150  
		  186/1000 | 0.000039   |    1.63523   |    4.76251   |      0.942 |      0.458 |  113/150  
		  187/1000 | 0.000039   |    1.84341   |    4.78771   |      0.929 |      0.453 |  114/150  
		  188/1000 | 0.000039   |    2.24575   |    4.79108   |      0.918 |      0.452 |  115/150  
		  189/1000 | 0.000039   |    2.28182   |    4.80277   |      0.921 |      0.449 |  116/150  
		  190/1000 | 0.000039   |    2.39598   |    4.79410   |      0.922 |      0.451 |  117/150  
		  191/1000 | 0.000039   |    2.48161   |    4.77372   |      0.929 |      0.456 |  118/150  
		  192/1000 | 0.000039   |    1.69465   |    4.77489   |      0.945 |      0.455 |  119/150  
		  193/1000 | 0.000039   |    3.08562   |    4.81095   |      0.914 |      0.447 |  120/150  
		  194/1000 | 0.000039   |    2.27527   |    4.85235   |      0.901 |      0.438 |  121/150  
		  195/1000 | 0.000039   |    1.70485   |    4.83459   |      0.908 |      0.442 |  122/150  
		  196/1000 | 0.000039   |    3.50248   |    4.87150   |      0.903 |      0.433 |  123/150  
		  197/1000 | 0.000039   |    2.23503   |    4.87801   |      0.930 |      0.432 |  124/150  
		  198/1000 | 0.000039   |    2.02293   |    4.89733   |      0.944 |      0.427 |  125/150  
		  199/1000 | 0.000039   |    2.42045   |    4.87596   |      0.913 |      0.432 |  126/150  
		  200/1000 | 0.000020   |    3.00800   |    4.89363   |      0.915 |      0.428 |  127/150  
		  201/1000 | 0.000020   |    3.78711   |    4.93729   |      0.911 |      0.418 |  128/150  
		  202/1000 | 0.000020   |    3.52306   |    4.84008   |      0.896 |      0.441 |  129/150  
		  203/1000 | 0.000020   |    6.25912   |    4.91207   |      0.852 |      0.424 |  130/150  
		  204/1000 | 0.000020   |    1.52363   |    4.84667   |      0.916 |      0.439 |  131/150  
		  205/1000 | 0.000020   |    1.42514   |    4.80643   |      0.950 |      0.448 |  132/150  
		  206/1000 | 0.000020   |    4.07992   |    4.76772   |      0.898 |      0.457 |  133/150  
		  207/1000 | 0.000020   |    1.38465   |    4.76727   |      0.938 |      0.457 |  134/150  
		  208/1000 | 0.000020   |    2.45958   |    4.75123   |      0.924 |      0.461 |  135/150  
		  209/1000 | 0.000020   |    2.48647   |    4.74408   |      0.928 |      0.462 |  136/150  
		  210/1000 | 0.000020   |    6.36995   |    4.85593   |      0.844 |      0.437 |  137/150  
		  211/1000 | 0.000020   |    3.27112   |    4.82479   |      0.914 |      0.444 |  138/150  
		  212/1000 | 0.000020   |    1.51132   |    4.84227   |      0.947 |      0.440 |  139/150  
		  213/1000 | 0.000020   |    2.03729   |    4.82059   |      0.925 |      0.445 |  140/150  
		  214/1000 | 0.000020   |    3.36369   |    4.86414   |      0.881 |      0.435 |  141/150  
		  215/1000 | 0.000020   |    4.03463   |    4.91625   |      0.911 |      0.423 |  142/150  
		  216/1000 | 0.000010   |    1.34870   |    4.82739   |      0.932 |      0.443 |  143/150  
		  217/1000 | 0.000010   |    1.61781   |    4.82349   |      0.929 |      0.444 |  144/150  
		  218/1000 | 0.000010   |    1.59690   |    4.80498   |      0.930 |      0.449 |  145/150  
		  219/1000 | 0.000010   |    2.64516   |    4.81122   |      0.916 |      0.447 |  146/150  
		  220/1000 | 0.000010   |    3.59300   |    4.75765   |      0.884 |      0.459 |  147/150  
		  221/1000 | 0.000010   |    2.57011   |    4.76722   |      0.924 |      0.457 |  148/150  
		  222/1000 | 0.000010   |    1.69758   |    4.76900   |      0.923 |      0.457 |  149/150  

		Early stopping triggered.
		[INFO] Case 1 completed.

	3.2 Training Case 2...
		=== Training Log Started: 2025-11-29 14:31:59.051649 ===
		Run Name: STAFV2_26_CASE2
		Device: cuda
		Epochs: 1000, Batch Size: 128, LR: 0.01
		============================================================
		[INFO] Unique quantized indices: 24154
		[INFO] Suggested num_embeddings: 28984
		[INFO] Processed 1546 valid samples.
		[INFO] Saved merged dataset: ./data/training_results/merged_windowed_dataset_STAFV2_26_CASE2.csv  (shape: (1546, 429))
		[INFO] Saved feature metadata: ./data/training_results/feature_info_STAFV2_26_CASE2.json
		[INFO] Dataset split: 1236 train, 310 val
		[INFO] Scalers fitted and saved.

		✅ Model initialized with 714970 params.
		============================================================
		--------------------------------------------------------------------------------------------
		  Epoch    |     LR     |  Train RMSE  |   Val RMSE   |  Train R²  |   Val R²   |  Patience 
		--------------------------------------------------------------------------------------------
		    1/1000 | 0.010000   |    9.23432   |    8.45159   |     -1.052 |     -0.650 |    0/150  
		    2/1000 | 0.010000   |    7.97582   |    7.47472   |     -0.544 |     -0.284 |    0/150  
		    3/1000 | 0.010000   |    6.61995   |    6.39802   |     -0.065 |      0.069 |    0/150  
		    4/1000 | 0.010000   |    5.06973   |    5.91216   |      0.378 |      0.214 |    0/150  
		    5/1000 | 0.010000   |    3.70539   |    5.06846   |      0.663 |      0.419 |    0/150  
		                                          ╚══> ✅ SAVED (RMSE: 5.0685)
		    6/1000 | 0.010000   |    2.93227   |    4.64145   |      0.791 |      0.494 |    0/150  
		                                          ╚══> ✅ SAVED (RMSE: 4.6414)
		    7/1000 | 0.010000   |    2.60340   |    4.58633   |      0.836 |      0.512 |    0/150  
		                                          ╚══> ✅ SAVED (RMSE: 4.5863)
		    8/1000 | 0.010000   |    2.45210   |    4.55664   |      0.857 |      0.499 |    0/150  
		                                          ╚══> ✅ SAVED (RMSE: 4.5566)
		    9/1000 | 0.010000   |    2.32598   |    4.66971   |      0.868 |      0.478 |    0/150  
		   10/1000 | 0.010000   |    2.11682   |    4.62203   |      0.891 |      0.482 |    1/150  
		   11/1000 | 0.010000   |    2.17317   |    4.61961   |      0.885 |      0.486 |    2/150  
		   12/1000 | 0.010000   |    2.16993   |    4.61263   |      0.889 |      0.481 |    3/150  
		   13/1000 | 0.010000   |    2.09385   |    4.77678   |      0.894 |      0.456 |    4/150  
		   14/1000 | 0.010000   |    2.00951   |    4.61368   |      0.902 |      0.489 |    5/150  
		   15/1000 | 0.010000   |    2.17262   |    4.50869   |      0.887 |      0.502 |    6/150  
		                                          ╚══> ✅ SAVED (RMSE: 4.5087)
		   16/1000 | 0.010000   |    2.04359   |    4.56322   |      0.898 |      0.489 |    0/150  
		   17/1000 | 0.010000   |    1.96654   |    4.63175   |      0.906 |      0.477 |    1/150  
		   18/1000 | 0.010000   |    2.02118   |    4.57541   |      0.900 |      0.490 |    2/150  
		   19/1000 | 0.010000   |    1.92516   |    4.50784   |      0.910 |      0.505 |    3/150  
		                                          ╚══> ✅ SAVED (RMSE: 4.5078)
		   20/1000 | 0.010000   |    2.00718   |    4.39406   |      0.903 |      0.524 |    0/150  
		                                          ╚══> ✅ SAVED (RMSE: 4.3941)
		   21/1000 | 0.010000   |    1.89900   |    4.64278   |      0.912 |      0.485 |    0/150  
		   22/1000 | 0.010000   |    1.97925   |    4.55888   |      0.907 |      0.509 |    1/150  
		   23/1000 | 0.010000   |    1.97940   |    4.37312   |      0.905 |      0.528 |    2/150  
		                                          ╚══> ✅ SAVED (RMSE: 4.3731)
		   24/1000 | 0.010000   |    1.74443   |    4.43550   |      0.926 |      0.519 |    0/150  
		   25/1000 | 0.010000   |    1.86387   |    4.48619   |      0.916 |      0.515 |    1/150  
		   26/1000 | 0.010000   |    1.83001   |    4.44743   |      0.921 |      0.515 |    2/150  
		   27/1000 | 0.010000   |    1.91612   |    4.59884   |      0.911 |      0.486 |    3/150  
		   28/1000 | 0.010000   |    1.82374   |    4.50299   |      0.919 |      0.502 |    4/150  
		   29/1000 | 0.010000   |    1.73428   |    4.50315   |      0.927 |      0.498 |    5/150  
		   30/1000 | 0.010000   |    1.77430   |    4.43579   |      0.924 |      0.510 |    6/150  
		   31/1000 | 0.010000   |    1.73175   |    4.31031   |      0.928 |      0.529 |    7/150  
		                                          ╚══> ✅ SAVED (RMSE: 4.3103)
		   32/1000 | 0.010000   |    1.69665   |    4.38292   |      0.931 |      0.515 |    0/150  
		   33/1000 | 0.010000   |    1.73930   |    4.65644   |      0.929 |      0.464 |    1/150  
		   34/1000 | 0.010000   |    1.69807   |    4.53000   |      0.930 |      0.494 |    2/150  
		   35/1000 | 0.010000   |    1.87280   |    4.63628   |      0.920 |      0.481 |    3/150  
		   36/1000 | 0.010000   |    1.69926   |    4.45073   |      0.931 |      0.516 |    4/150  
		   37/1000 | 0.010000   |    1.72317   |    4.50502   |      0.928 |      0.512 |    5/150  
		   38/1000 | 0.010000   |    1.81047   |    4.35989   |      0.921 |      0.536 |    6/150  
		   39/1000 | 0.010000   |    1.81487   |    4.53388   |      0.921 |      0.509 |    7/150  
		   40/1000 | 0.010000   |    1.68719   |    4.36274   |      0.933 |      0.532 |    8/150  
		   41/1000 | 0.010000   |    1.70144   |    4.35490   |      0.930 |      0.531 |    9/150  
		   42/1000 | 0.010000   |    1.70093   |    4.32106   |      0.931 |      0.542 |   10/150  
		   43/1000 | 0.010000   |    1.70896   |    4.38700   |      0.930 |      0.530 |   11/150  
		   44/1000 | 0.010000   |    1.66286   |    4.27500   |      0.933 |      0.550 |   12/150  
		                                          ╚══> ✅ SAVED (RMSE: 4.2750)
		   45/1000 | 0.010000   |    1.75764   |    4.13213   |      0.924 |      0.566 |    0/150  
		                                          ╚══> ✅ SAVED (RMSE: 4.1321)
		   46/1000 | 0.010000   |    1.61788   |    4.31437   |      0.937 |      0.545 |    0/150  
		   47/1000 | 0.010000   |    1.58891   |    4.49074   |      0.939 |      0.517 |    1/150  
		   48/1000 | 0.010000   |    1.68584   |    4.34504   |      0.931 |      0.533 |    2/150  
		   49/1000 | 0.010000   |    1.64736   |    4.19820   |      0.934 |      0.553 |    3/150  
		   50/1000 | 0.010000   |    1.66923   |    4.24036   |      0.934 |      0.546 |    4/150  
		   51/1000 | 0.010000   |    1.62527   |    4.33602   |      0.936 |      0.524 |    5/150  
		   52/1000 | 0.010000   |    1.63908   |    4.38565   |      0.935 |      0.517 |    6/150  
		   53/1000 | 0.010000   |    1.76872   |    4.40364   |      0.924 |      0.513 |    7/150  
		   54/1000 | 0.010000   |    1.66431   |    4.50109   |      0.932 |      0.494 |    8/150  
		   55/1000 | 0.010000   |    1.66002   |    4.53492   |      0.934 |      0.487 |    9/150  
		   56/1000 | 0.010000   |    1.61779   |    4.40286   |      0.937 |      0.512 |   10/150  
		   57/1000 | 0.010000   |    1.59845   |    4.39279   |      0.938 |      0.511 |   11/150  
		   58/1000 | 0.010000   |    1.61459   |    4.32374   |      0.936 |      0.526 |   12/150  
		   59/1000 | 0.010000   |    1.69111   |    4.29152   |      0.931 |      0.533 |   13/150  
		   60/1000 | 0.010000   |    1.73106   |    4.36084   |      0.927 |      0.520 |   14/150  
		   61/1000 | 0.005000   |    1.68968   |    4.36013   |      0.933 |      0.522 |   15/150  
		   62/1000 | 0.005000   |    1.74623   |    4.18920   |      0.927 |      0.550 |   16/150  
		   63/1000 | 0.005000   |    1.69770   |    4.18037   |      0.931 |      0.549 |   17/150  
		   64/1000 | 0.005000   |    1.57269   |    4.26463   |      0.941 |      0.534 |   18/150  
		   65/1000 | 0.005000   |    1.64608   |    4.34682   |      0.935 |      0.524 |   19/150  
		   66/1000 | 0.005000   |    1.59481   |    4.34748   |      0.938 |      0.522 |   20/150  
		   67/1000 | 0.005000   |    1.51188   |    4.33606   |      0.945 |      0.523 |   21/150  
		   68/1000 | 0.005000   |    1.46763   |    4.35028   |      0.948 |      0.524 |   22/150  
		   69/1000 | 0.005000   |    1.57624   |    4.35591   |      0.940 |      0.521 |   23/150  
		   70/1000 | 0.005000   |    1.64299   |    4.28123   |      0.934 |      0.530 |   24/150  
		   71/1000 | 0.005000   |    1.60112   |    4.20167   |      0.939 |      0.545 |   25/150  
		   72/1000 | 0.005000   |    1.60589   |    4.25055   |      0.938 |      0.539 |   26/150  
		   73/1000 | 0.005000   |    1.63062   |    4.39667   |      0.937 |      0.514 |   27/150  
		   74/1000 | 0.005000   |    1.57226   |    4.40129   |      0.940 |      0.515 |   28/150  
		   75/1000 | 0.005000   |    1.52672   |    4.33016   |      0.943 |      0.527 |   29/150  
		   76/1000 | 0.005000   |    1.49514   |    4.33721   |      0.947 |      0.527 |   30/150  
		   77/1000 | 0.002500   |    1.60498   |    4.24354   |      0.938 |      0.540 |   31/150  
		   78/1000 | 0.002500   |    1.52001   |    4.25765   |      0.944 |      0.539 |   32/150  
		   79/1000 | 0.002500   |    1.51539   |    4.30524   |      0.944 |      0.531 |   33/150  
		   80/1000 | 0.002500   |    1.45122   |    4.33024   |      0.949 |      0.526 |   34/150  
		   81/1000 | 0.002500   |    1.56233   |    4.33742   |      0.941 |      0.527 |   35/150  
		   82/1000 | 0.002500   |    1.58315   |    4.33069   |      0.939 |      0.529 |   36/150  
		   83/1000 | 0.002500   |    1.47296   |    4.29132   |      0.948 |      0.534 |   37/150  
		   84/1000 | 0.002500   |    1.51716   |    4.31634   |      0.945 |      0.530 |   38/150  
		   85/1000 | 0.002500   |    1.52000   |    4.31636   |      0.945 |      0.531 |   39/150  
		   86/1000 | 0.002500   |    1.57227   |    4.34635   |      0.940 |      0.524 |   40/150  
		   87/1000 | 0.002500   |    1.54363   |    4.33809   |      0.942 |      0.525 |   41/150  
		   88/1000 | 0.002500   |    1.47372   |    4.35911   |      0.947 |      0.523 |   42/150  
		   89/1000 | 0.002500   |    1.48568   |    4.37988   |      0.946 |      0.522 |   43/150  
		   90/1000 | 0.002500   |    1.43531   |    4.41297   |      0.950 |      0.519 |   44/150  
		   91/1000 | 0.002500   |    1.46869   |    4.39116   |      0.948 |      0.524 |   45/150  
		   92/1000 | 0.002500   |    1.64096   |    4.36598   |      0.935 |      0.525 |   46/150  
		   93/1000 | 0.001250   |    1.51569   |    4.35243   |      0.944 |      0.527 |   47/150  
		   94/1000 | 0.001250   |    1.56211   |    4.42425   |      0.943 |      0.516 |   48/150  
		   95/1000 | 0.001250   |    1.46591   |    4.42595   |      0.948 |      0.515 |   49/150  
		   96/1000 | 0.001250   |    1.47840   |    4.42318   |      0.948 |      0.515 |   50/150  
		   97/1000 | 0.001250   |    1.49089   |    4.40986   |      0.947 |      0.517 |   51/150  
		   98/1000 | 0.001250   |    1.51754   |    4.42957   |      0.944 |      0.515 |   52/150  
		   99/1000 | 0.001250   |    1.62363   |    4.44749   |      0.939 |      0.512 |   53/150  
		  100/1000 | 0.001250   |    1.49352   |    4.40636   |      0.946 |      0.518 |   54/150  
		  101/1000 | 0.001250   |    1.51209   |    4.39105   |      0.945 |      0.519 |   55/150  
		  102/1000 | 0.001250   |    1.45367   |    4.37398   |      0.949 |      0.522 |   56/150  
		  103/1000 | 0.001250   |    1.39881   |    4.39018   |      0.953 |      0.520 |   57/150  
		  104/1000 | 0.001250   |    1.51355   |    4.38105   |      0.945 |      0.522 |   58/150  
		  105/1000 | 0.001250   |    1.68006   |    4.39283   |      0.935 |      0.521 |   59/150  
		  106/1000 | 0.001250   |    1.48103   |    4.34037   |      0.949 |      0.528 |   60/150  
		  107/1000 | 0.001250   |    1.40763   |    4.35307   |      0.952 |      0.525 |   61/150  
		  108/1000 | 0.001250   |    1.47898   |    4.36585   |      0.947 |      0.524 |   62/150  
		  109/1000 | 0.000625   |    1.50369   |    4.37267   |      0.945 |      0.523 |   63/150  
		  110/1000 | 0.000625   |    1.53720   |    4.38271   |      0.944 |      0.521 |   64/150  
		  111/1000 | 0.000625   |    1.45757   |    4.37820   |      0.949 |      0.521 |   65/150  
		  112/1000 | 0.000625   |    1.74697   |    4.36222   |      0.925 |      0.524 |   66/150  
		  113/1000 | 0.000625   |    1.48384   |    4.37547   |      0.946 |      0.524 |   67/150  
		  114/1000 | 0.000625   |    1.55347   |    4.38162   |      0.941 |      0.522 |   68/150  
		  115/1000 | 0.000625   |    1.43212   |    4.39395   |      0.951 |      0.520 |   69/150  
		  116/1000 | 0.000625   |    1.42950   |    4.40960   |      0.951 |      0.518 |   70/150  
		  117/1000 | 0.000625   |    1.42864   |    4.39202   |      0.951 |      0.521 |   71/150  
		  118/1000 | 0.000625   |    1.52756   |    4.40271   |      0.944 |      0.519 |   72/150  
		  119/1000 | 0.000625   |    1.45933   |    4.43707   |      0.949 |      0.514 |   73/150  
		  120/1000 | 0.000625   |    1.53177   |    4.41496   |      0.944 |      0.516 |   74/150  
		  121/1000 | 0.000625   |    1.46609   |    4.41629   |      0.948 |      0.515 |   75/150  
		  122/1000 | 0.000625   |    1.43473   |    4.43797   |      0.950 |      0.513 |   76/150  
		  123/1000 | 0.000625   |    1.49828   |    4.42154   |      0.946 |      0.516 |   77/150  
		  124/1000 | 0.000625   |    1.41757   |    4.40956   |      0.951 |      0.518 |   78/150  
		  125/1000 | 0.000313   |    1.47529   |    4.39968   |      0.948 |      0.518 |   79/150  
		  126/1000 | 0.000313   |    1.42188   |    4.39892   |      0.952 |      0.518 |   80/150  
		  127/1000 | 0.000313   |    1.45776   |    4.40795   |      0.949 |      0.517 |   81/150  
		  128/1000 | 0.000313   |    1.53261   |    4.39695   |      0.943 |      0.518 |   82/150  
		  129/1000 | 0.000313   |    1.54474   |    4.41945   |      0.943 |      0.516 |   83/150  
		  130/1000 | 0.000313   |    1.47078   |    4.41979   |      0.948 |      0.517 |   84/150  
		  131/1000 | 0.000313   |    1.57368   |    4.40679   |      0.941 |      0.518 |   85/150  
		  132/1000 | 0.000313   |    1.65746   |    4.40456   |      0.935 |      0.518 |   86/150  
		  133/1000 | 0.000313   |    1.54144   |    4.41483   |      0.943 |      0.517 |   87/150  
		  134/1000 | 0.000313   |    1.56145   |    4.41679   |      0.940 |      0.516 |   88/150  
		  135/1000 | 0.000313   |    1.50662   |    4.41077   |      0.945 |      0.517 |   89/150  
		  136/1000 | 0.000313   |    1.51202   |    4.40896   |      0.945 |      0.517 |   90/150  
		  137/1000 | 0.000313   |    1.53612   |    4.41726   |      0.944 |      0.517 |   91/150  
		  138/1000 | 0.000313   |    1.44580   |    4.39820   |      0.950 |      0.519 |   92/150  
		  139/1000 | 0.000313   |    1.39375   |    4.39872   |      0.953 |      0.519 |   93/150  
		  140/1000 | 0.000313   |    1.49304   |    4.39353   |      0.946 |      0.520 |   94/150  
		  141/1000 | 0.000156   |    1.43071   |    4.40309   |      0.950 |      0.519 |   95/150  
		  142/1000 | 0.000156   |    1.55187   |    4.40707   |      0.941 |      0.519 |   96/150  
		  143/1000 | 0.000156   |    1.49679   |    4.42681   |      0.947 |      0.517 |   97/150  
		  144/1000 | 0.000156   |    1.46526   |    4.41434   |      0.949 |      0.518 |   98/150  
		  145/1000 | 0.000156   |    1.46087   |    4.41424   |      0.948 |      0.517 |   99/150  
		  146/1000 | 0.000156   |    1.48869   |    4.40639   |      0.947 |      0.519 |  100/150  
		  147/1000 | 0.000156   |    1.48336   |    4.41671   |      0.948 |      0.518 |  101/150  
		  148/1000 | 0.000156   |    1.44337   |    4.41015   |      0.949 |      0.517 |  102/150  
		  149/1000 | 0.000156   |    1.52095   |    4.39214   |      0.944 |      0.520 |  103/150  
		  150/1000 | 0.000156   |    1.55931   |    4.39247   |      0.941 |      0.520 |  104/150  
		  151/1000 | 0.000156   |    1.50419   |    4.40648   |      0.945 |      0.518 |  105/150  
		  152/1000 | 0.000156   |    1.49210   |    4.40371   |      0.946 |      0.518 |  106/150  
		  153/1000 | 0.000156   |    1.45564   |    4.41418   |      0.949 |      0.516 |  107/150  
		  154/1000 | 0.000156   |    1.51597   |    4.40400   |      0.946 |      0.519 |  108/150  
		  155/1000 | 0.000156   |    1.47833   |    4.41017   |      0.948 |      0.518 |  109/150  
		  156/1000 | 0.000156   |    1.43707   |    4.41780   |      0.950 |      0.516 |  110/150  
		  157/1000 | 0.000078   |    1.54326   |    4.41409   |      0.942 |      0.516 |  111/150  
		  158/1000 | 0.000078   |    1.46599   |    4.41105   |      0.949 |      0.516 |  112/150  
		  159/1000 | 0.000078   |    1.37937   |    4.40646   |      0.953 |      0.517 |  113/150  
		  160/1000 | 0.000078   |    1.41128   |    4.41230   |      0.952 |      0.515 |  114/150  
		  161/1000 | 0.000078   |    1.56328   |    4.42304   |      0.940 |      0.515 |  115/150  
		  162/1000 | 0.000078   |    1.59733   |    4.40114   |      0.939 |      0.518 |  116/150  
		  163/1000 | 0.000078   |    1.42580   |    4.39956   |      0.951 |      0.519 |  117/150  
		  164/1000 | 0.000078   |    1.42449   |    4.40439   |      0.951 |      0.518 |  118/150  
		  165/1000 | 0.000078   |    1.46376   |    4.42651   |      0.949 |      0.515 |  119/150  
		  166/1000 | 0.000078   |    1.45495   |    4.43223   |      0.948 |      0.514 |  120/150  
		  167/1000 | 0.000078   |    1.45462   |    4.43100   |      0.949 |      0.514 |  121/150  
		  168/1000 | 0.000078   |    1.51619   |    4.43606   |      0.945 |      0.514 |  122/150  
		  169/1000 | 0.000078   |    1.46354   |    4.42554   |      0.948 |      0.516 |  123/150  
		  170/1000 | 0.000078   |    1.47828   |    4.41175   |      0.947 |      0.517 |  124/150  
		  171/1000 | 0.000078   |    1.53216   |    4.41619   |      0.943 |      0.516 |  125/150  
		  172/1000 | 0.000078   |    1.53161   |    4.40897   |      0.943 |      0.516 |  126/150  
		  173/1000 | 0.000039   |    1.41916   |    4.41383   |      0.951 |      0.516 |  127/150  
		  174/1000 | 0.000039   |    1.48292   |    4.40637   |      0.947 |      0.517 |  128/150  
		  175/1000 | 0.000039   |    1.50732   |    4.41282   |      0.947 |      0.516 |  129/150  
		  176/1000 | 0.000039   |    1.49138   |    4.41215   |      0.946 |      0.516 |  130/150  
		  177/1000 | 0.000039   |    1.48407   |    4.40503   |      0.946 |      0.517 |  131/150  
		  178/1000 | 0.000039   |    1.46192   |    4.40547   |      0.949 |      0.517 |  132/150  
		  179/1000 | 0.000039   |    1.44380   |    4.40457   |      0.949 |      0.518 |  133/150  
		  180/1000 | 0.000039   |    1.48749   |    4.40529   |      0.946 |      0.518 |  134/150  
		  181/1000 | 0.000039   |    1.48912   |    4.40958   |      0.948 |      0.517 |  135/150  
		  182/1000 | 0.000039   |    1.51816   |    4.41967   |      0.946 |      0.516 |  136/150  
		  183/1000 | 0.000039   |    1.46234   |    4.40519   |      0.949 |      0.517 |  137/150  
		  184/1000 | 0.000039   |    1.49521   |    4.41181   |      0.946 |      0.515 |  138/150  
		  185/1000 | 0.000039   |    1.43559   |    4.39913   |      0.951 |      0.517 |  139/150  
		  186/1000 | 0.000039   |    1.53229   |    4.40616   |      0.943 |      0.517 |  140/150  
		  187/1000 | 0.000039   |    1.46491   |    4.40720   |      0.948 |      0.517 |  141/150  
		  188/1000 | 0.000039   |    1.44851   |    4.40083   |      0.949 |      0.518 |  142/150  
		  189/1000 | 0.000020   |    1.51754   |    4.40600   |      0.944 |      0.517 |  143/150  
		  190/1000 | 0.000020   |    1.40979   |    4.41257   |      0.952 |      0.516 |  144/150  
		  191/1000 | 0.000020   |    1.49951   |    4.41076   |      0.945 |      0.516 |  145/150  
		  192/1000 | 0.000020   |    1.49913   |    4.41379   |      0.946 |      0.516 |  146/150  
		  193/1000 | 0.000020   |    1.56120   |    4.42230   |      0.942 |      0.515 |  147/150  
		  194/1000 | 0.000020   |    1.50273   |    4.43755   |      0.946 |      0.513 |  148/150  
		  195/1000 | 0.000020   |    1.48779   |    4.44203   |      0.946 |      0.513 |  149/150  

		Early stopping triggered.
		[INFO] Case 2 completed.

	3.3 Training Case 3...
		=== Training Log Started: 2025-11-29 14:36:20.925109 ===
		Run Name: STAFV2_26_CASE3
		Device: cuda
		Epochs: 1000, Batch Size: 128, LR: 0.01
		============================================================
		[INFO] Unique quantized indices: 36538
		[INFO] Suggested num_embeddings: 43845
		[INFO] Processed 3546 valid samples.
		[INFO] Saved merged dataset: ./data/training_results/merged_windowed_dataset_STAFV2_26_CASE3.csv  (shape: (3546, 429))
		[INFO] Saved feature metadata: ./data/training_results/feature_info_STAFV2_26_CASE3.json
		[INFO] Dataset split: 2836 train, 710 val
		[INFO] Scalers fitted and saved.

		✅ Model initialized with 714970 params.
		============================================================
		--------------------------------------------------------------------------------------------
		  Epoch    |     LR     |  Train RMSE  |   Val RMSE   |  Train R²  |   Val R²   |  Patience 
		--------------------------------------------------------------------------------------------
		    1/1000 | 0.010000   |    8.27330   |    6.18058   |     -0.742 |      0.058 |    0/150  
		    2/1000 | 0.010000   |    5.67190   |    4.33462   |      0.200 |      0.532 |    0/150  
		                                          ╚══> ✅ SAVED (RMSE: 4.3346)
		    3/1000 | 0.010000   |    3.86978   |    4.13912   |      0.617 |      0.567 |    0/150  
		                                          ╚══> ✅ SAVED (RMSE: 4.1391)
		    4/1000 | 0.010000   |    3.46810   |    4.18943   |      0.697 |      0.560 |    0/150  
		    5/1000 | 0.010000   |    3.03334   |    4.17857   |      0.770 |      0.569 |    1/150  
		    6/1000 | 0.010000   |    2.60907   |    4.16091   |      0.829 |      0.573 |    2/150  
		    7/1000 | 0.010000   |    2.45427   |    4.14338   |      0.850 |      0.576 |    3/150  
		    8/1000 | 0.010000   |    2.38170   |    4.19767   |      0.866 |      0.566 |    4/150  
		    9/1000 | 0.010000   |    2.34529   |    4.18703   |      0.864 |      0.568 |    5/150  
		   10/1000 | 0.010000   |    2.22564   |    4.23020   |      0.878 |      0.559 |    6/150  
		   11/1000 | 0.010000   |    2.16371   |    4.18507   |      0.883 |      0.567 |    7/150  
		   12/1000 | 0.010000   |    2.16610   |    4.18888   |      0.882 |      0.565 |    8/150  
		   13/1000 | 0.010000   |    2.14259   |    4.10810   |      0.886 |      0.583 |    9/150  
		                                          ╚══> ✅ SAVED (RMSE: 4.1081)
		   14/1000 | 0.010000   |    2.08441   |    4.15203   |      0.891 |      0.571 |    0/150  
		   15/1000 | 0.010000   |    2.08214   |    4.08529   |      0.890 |      0.587 |    1/150  
		                                          ╚══> ✅ SAVED (RMSE: 4.0853)
		   16/1000 | 0.010000   |    2.04999   |    4.10856   |      0.893 |      0.582 |    0/150  
		   17/1000 | 0.010000   |    1.95241   |    4.04356   |      0.904 |      0.594 |    1/150  
		                                          ╚══> ✅ SAVED (RMSE: 4.0436)
		   18/1000 | 0.010000   |    1.91708   |    4.13297   |      0.907 |      0.576 |    0/150  
		   19/1000 | 0.010000   |    1.95143   |    4.08947   |      0.904 |      0.585 |    1/150  
		   20/1000 | 0.010000   |    1.87968   |    4.07706   |      0.911 |      0.588 |    2/150  
		   21/1000 | 0.010000   |    2.10645   |    4.02448   |      0.907 |      0.599 |    3/150  
		                                          ╚══> ✅ SAVED (RMSE: 4.0245)
		   22/1000 | 0.010000   |    2.03381   |    4.26084   |      0.898 |      0.554 |    0/150  
		   23/1000 | 0.010000   |    1.98570   |    4.16195   |      0.899 |      0.573 |    1/150  
		   24/1000 | 0.010000   |    2.03815   |    4.13971   |      0.902 |      0.579 |    2/150  
		   25/1000 | 0.010000   |    1.94291   |    4.14384   |      0.905 |      0.579 |    3/150  
		   26/1000 | 0.010000   |    1.78401   |    3.99695   |      0.920 |      0.607 |    4/150  
		                                          ╚══> ✅ SAVED (RMSE: 3.9970)
		   27/1000 | 0.010000   |    1.80121   |    3.99962   |      0.918 |      0.607 |    0/150  
		   28/1000 | 0.010000   |    1.76674   |    3.90992   |      0.924 |      0.622 |    1/150  
		                                          ╚══> ✅ SAVED (RMSE: 3.9099)
		   29/1000 | 0.010000   |    1.74718   |    3.92537   |      0.925 |      0.620 |    0/150  
		   30/1000 | 0.010000   |    1.76678   |    3.89547   |      0.926 |      0.623 |    1/150  
		                                          ╚══> ✅ SAVED (RMSE: 3.8955)
		   31/1000 | 0.010000   |    1.78357   |    3.93124   |      0.920 |      0.618 |    0/150  
		   32/1000 | 0.010000   |    1.81282   |    4.00843   |      0.917 |      0.601 |    1/150  
		   33/1000 | 0.010000   |    1.87406   |    3.87217   |      0.923 |      0.625 |    2/150  
		                                          ╚══> ✅ SAVED (RMSE: 3.8722)
		   34/1000 | 0.010000   |    1.76367   |    3.87909   |      0.922 |      0.625 |    0/150  
		   35/1000 | 0.010000   |    1.80198   |    3.79262   |      0.919 |      0.644 |    1/150  
		                                          ╚══> ✅ SAVED (RMSE: 3.7926)
		   36/1000 | 0.010000   |    1.92674   |    3.87671   |      0.912 |      0.627 |    0/150  
		   37/1000 | 0.010000   |    1.85945   |    4.09570   |      0.920 |      0.586 |    1/150  
		   38/1000 | 0.010000   |    1.85869   |    3.97120   |      0.915 |      0.609 |    2/150  
		   39/1000 | 0.010000   |    1.73331   |    3.97926   |      0.925 |      0.608 |    3/150  
		   40/1000 | 0.010000   |    1.78124   |    4.01944   |      0.925 |      0.601 |    4/150  
		   41/1000 | 0.010000   |    1.96085   |    3.91389   |      0.927 |      0.619 |    5/150  
		   42/1000 | 0.010000   |    1.80184   |    3.98796   |      0.917 |      0.604 |    6/150  
		   43/1000 | 0.010000   |    1.82560   |    3.99940   |      0.921 |      0.601 |    7/150  
		   44/1000 | 0.010000   |    1.74203   |    3.95081   |      0.928 |      0.609 |    8/150  
		   45/1000 | 0.010000   |    1.66446   |    4.03408   |      0.931 |      0.595 |    9/150  
		   46/1000 | 0.010000   |    1.69971   |    4.05578   |      0.928 |      0.591 |   10/150  
		   47/1000 | 0.010000   |    1.65122   |    4.04507   |      0.931 |      0.594 |   11/150  
		   48/1000 | 0.010000   |    1.72926   |    3.95784   |      0.926 |      0.610 |   12/150  
		   49/1000 | 0.010000   |    1.74497   |    3.97558   |      0.926 |      0.607 |   13/150  
		   50/1000 | 0.010000   |    1.61939   |    4.05856   |      0.935 |      0.591 |   14/150  
		   51/1000 | 0.005000   |    1.61024   |    4.09992   |      0.934 |      0.586 |   15/150  
		   52/1000 | 0.005000   |    1.62090   |    4.06426   |      0.937 |      0.592 |   16/150  
		   53/1000 | 0.005000   |    1.60884   |    4.07042   |      0.937 |      0.590 |   17/150  
		   54/1000 | 0.005000   |    1.50711   |    4.06216   |      0.943 |      0.592 |   18/150  
		   55/1000 | 0.005000   |    1.46282   |    4.09157   |      0.947 |      0.586 |   19/150  
		   56/1000 | 0.005000   |    1.54000   |    4.03563   |      0.943 |      0.597 |   20/150  
		   57/1000 | 0.005000   |    1.55476   |    4.07484   |      0.940 |      0.590 |   21/150  
		   58/1000 | 0.005000   |    1.56291   |    4.11337   |      0.942 |      0.583 |   22/150  
		   59/1000 | 0.005000   |    1.51648   |    4.02575   |      0.942 |      0.600 |   23/150  
		   60/1000 | 0.005000   |    1.50619   |    4.01183   |      0.943 |      0.602 |   24/150  
		   61/1000 | 0.005000   |    1.82704   |    4.00412   |      0.935 |      0.604 |   25/150  
		   62/1000 | 0.005000   |    1.54992   |    4.11940   |      0.944 |      0.580 |   26/150  
		   63/1000 | 0.005000   |    1.48105   |    4.10336   |      0.944 |      0.583 |   27/150  
		   64/1000 | 0.005000   |    1.52767   |    4.07119   |      0.944 |      0.589 |   28/150  
		   65/1000 | 0.005000   |    1.59131   |    4.07550   |      0.937 |      0.587 |   29/150  
		   66/1000 | 0.005000   |    1.67568   |    4.12729   |      0.934 |      0.579 |   30/150  
		   67/1000 | 0.002500   |    1.57606   |    4.06242   |      0.943 |      0.589 |   31/150  
		   68/1000 | 0.002500   |    1.50946   |    4.12445   |      0.945 |      0.577 |   32/150  
		   69/1000 | 0.002500   |    1.47136   |    4.18445   |      0.948 |      0.565 |   33/150  
		   70/1000 | 0.002500   |    1.46455   |    4.18858   |      0.947 |      0.564 |   34/150  
		   71/1000 | 0.002500   |    1.46857   |    4.11857   |      0.948 |      0.577 |   35/150  
		   72/1000 | 0.002500   |    1.40726   |    4.19507   |      0.952 |      0.562 |   36/150  
		   73/1000 | 0.002500   |    1.51830   |    4.10147   |      0.943 |      0.581 |   37/150  
		   74/1000 | 0.002500   |    1.45375   |    4.13997   |      0.948 |      0.574 |   38/150  
		   75/1000 | 0.002500   |    1.43262   |    4.13602   |      0.950 |      0.575 |   39/150  
		   76/1000 | 0.002500   |    1.41780   |    4.12832   |      0.949 |      0.576 |   40/150  
		   77/1000 | 0.002500   |    1.41779   |    4.11034   |      0.950 |      0.579 |   41/150  
		   78/1000 | 0.002500   |    1.46181   |    4.24297   |      0.946 |      0.553 |   42/150  
		   79/1000 | 0.002500   |    1.45104   |    4.18405   |      0.950 |      0.566 |   43/150  
		   80/1000 | 0.002500   |    1.53353   |    4.16902   |      0.941 |      0.569 |   44/150  
		   81/1000 | 0.002500   |    1.53334   |    4.08092   |      0.944 |      0.587 |   45/150  
		   82/1000 | 0.002500   |    1.42257   |    4.14416   |      0.949 |      0.575 |   46/150  
		   83/1000 | 0.001250   |    1.59555   |    4.10748   |      0.946 |      0.582 |   47/150  
		   84/1000 | 0.001250   |    1.45763   |    4.15234   |      0.947 |      0.574 |   48/150  
		   85/1000 | 0.001250   |    1.43620   |    4.13265   |      0.948 |      0.578 |   49/150  
		   86/1000 | 0.001250   |    1.44810   |    4.07763   |      0.948 |      0.589 |   50/150  
		   87/1000 | 0.001250   |    1.38301   |    4.11873   |      0.952 |      0.581 |   51/150  
		   88/1000 | 0.001250   |    1.39354   |    4.07925   |      0.953 |      0.588 |   52/150  
		   89/1000 | 0.001250   |    1.49006   |    4.18142   |      0.949 |      0.568 |   53/150  
		   90/1000 | 0.001250   |    1.51357   |    4.13429   |      0.944 |      0.577 |   54/150  
		   91/1000 | 0.001250   |    1.50605   |    4.22357   |      0.951 |      0.560 |   55/150  
		   92/1000 | 0.001250   |    1.41484   |    4.16675   |      0.951 |      0.569 |   56/150  
		   93/1000 | 0.001250   |    1.52802   |    4.10093   |      0.947 |      0.582 |   57/150  
		   94/1000 | 0.001250   |    1.41677   |    4.12129   |      0.951 |      0.578 |   58/150  
		   95/1000 | 0.001250   |    1.36222   |    4.13271   |      0.953 |      0.576 |   59/150  
		   96/1000 | 0.001250   |    1.38167   |    4.09134   |      0.952 |      0.584 |   60/150  
		   97/1000 | 0.001250   |    1.43370   |    4.14353   |      0.949 |      0.574 |   61/150  
		   98/1000 | 0.001250   |    1.45435   |    4.11434   |      0.947 |      0.580 |   62/150  
		   99/1000 | 0.000625   |    1.39923   |    4.11282   |      0.952 |      0.581 |   63/150  
		  100/1000 | 0.000625   |    1.39607   |    4.11093   |      0.951 |      0.581 |   64/150  
		  101/1000 | 0.000625   |    1.38377   |    4.12445   |      0.951 |      0.578 |   65/150  
		  102/1000 | 0.000625   |    1.44953   |    4.09281   |      0.950 |      0.584 |   66/150  
		  103/1000 | 0.000625   |    1.38788   |    4.13710   |      0.951 |      0.576 |   67/150  
		  104/1000 | 0.000625   |    1.35364   |    4.17584   |      0.953 |      0.568 |   68/150  
		  105/1000 | 0.000625   |    1.34500   |    4.15322   |      0.954 |      0.573 |   69/150  
		  106/1000 | 0.000625   |    1.46644   |    4.11116   |      0.950 |      0.580 |   70/150  
		  107/1000 | 0.000625   |    1.49546   |    4.10261   |      0.951 |      0.582 |   71/150  
		  108/1000 | 0.000625   |    1.58559   |    4.07793   |      0.949 |      0.586 |   72/150  
		  109/1000 | 0.000625   |    1.43423   |    4.17523   |      0.948 |      0.568 |   73/150  
		  110/1000 | 0.000625   |    1.43393   |    4.14642   |      0.948 |      0.573 |   74/150  
		  111/1000 | 0.000625   |    1.36247   |    4.15924   |      0.955 |      0.571 |   75/150  
		  112/1000 | 0.000625   |    1.42287   |    4.12438   |      0.949 |      0.578 |   76/150  
		  113/1000 | 0.000625   |    1.34218   |    4.16970   |      0.955 |      0.569 |   77/150  
		  114/1000 | 0.000625   |    1.39183   |    4.15302   |      0.952 |      0.572 |   78/150  
		  115/1000 | 0.000313   |    1.42584   |    4.17016   |      0.954 |      0.568 |   79/150  
		  116/1000 | 0.000313   |    1.43539   |    4.11182   |      0.952 |      0.580 |   80/150  
		  117/1000 | 0.000313   |    1.53036   |    4.21361   |      0.949 |      0.560 |   81/150  
		  118/1000 | 0.000313   |    1.36998   |    4.17758   |      0.954 |      0.567 |   82/150  
		  119/1000 | 0.000313   |    1.40932   |    4.10520   |      0.954 |      0.581 |   83/150  
		  120/1000 | 0.000313   |    1.35227   |    4.16649   |      0.955 |      0.569 |   84/150  
		  121/1000 | 0.000313   |    1.38106   |    4.13902   |      0.952 |      0.575 |   85/150  
		  122/1000 | 0.000313   |    1.49206   |    4.19622   |      0.947 |      0.563 |   86/150  
		  123/1000 | 0.000313   |    1.34074   |    4.17116   |      0.954 |      0.568 |   87/150  
		  124/1000 | 0.000313   |    1.32265   |    4.17518   |      0.956 |      0.568 |   88/150  
		  125/1000 | 0.000313   |    1.35841   |    4.19010   |      0.955 |      0.565 |   89/150  
		  126/1000 | 0.000313   |    1.41784   |    4.10539   |      0.954 |      0.581 |   90/150  
		  127/1000 | 0.000313   |    1.35902   |    4.18945   |      0.955 |      0.565 |   91/150  
		  128/1000 | 0.000313   |    1.35526   |    4.15739   |      0.954 |      0.571 |   92/150  
		  129/1000 | 0.000313   |    1.38542   |    4.20583   |      0.952 |      0.562 |   93/150  
		  130/1000 | 0.000313   |    1.38208   |    4.21281   |      0.952 |      0.560 |   94/150  
		  131/1000 | 0.000156   |    1.34545   |    4.14565   |      0.955 |      0.574 |   95/150  
		  132/1000 | 0.000156   |    1.40503   |    4.14598   |      0.951 |      0.573 |   96/150  
		  133/1000 | 0.000156   |    1.52278   |    4.14753   |      0.945 |      0.573 |   97/150  
		  134/1000 | 0.000156   |    1.39848   |    4.21867   |      0.956 |      0.559 |   98/150  
		  135/1000 | 0.000156   |    1.41041   |    4.17311   |      0.954 |      0.568 |   99/150  
		  136/1000 | 0.000156   |    1.44860   |    4.24773   |      0.950 |      0.553 |  100/150  
		  137/1000 | 0.000156   |    1.33985   |    4.14703   |      0.955 |      0.573 |  101/150  
		  138/1000 | 0.000156   |    1.37179   |    4.16213   |      0.954 |      0.571 |  102/150  
		  139/1000 | 0.000156   |    1.37322   |    4.14579   |      0.953 |      0.574 |  103/150  
		  140/1000 | 0.000156   |    1.41189   |    4.15758   |      0.950 |      0.571 |  104/150  
		  141/1000 | 0.000156   |    1.34703   |    4.15536   |      0.955 |      0.572 |  105/150  
		  142/1000 | 0.000156   |    1.33671   |    4.17963   |      0.956 |      0.567 |  106/150  
		  143/1000 | 0.000156   |    1.43591   |    4.23587   |      0.952 |      0.556 |  107/150  
		  144/1000 | 0.000156   |    1.37798   |    4.15705   |      0.953 |      0.572 |  108/150  
		  145/1000 | 0.000156   |    1.41307   |    4.15959   |      0.949 |      0.571 |  109/150  
		  146/1000 | 0.000156   |    1.41224   |    4.11148   |      0.956 |      0.580 |  110/150  
		  147/1000 | 0.000078   |    1.42513   |    4.18070   |      0.949 |      0.567 |  111/150  
		  148/1000 | 0.000078   |    1.35188   |    4.20382   |      0.956 |      0.562 |  112/150  
		  149/1000 | 0.000078   |    1.36600   |    4.18193   |      0.953 |      0.567 |  113/150  
		  150/1000 | 0.000078   |    1.33911   |    4.16495   |      0.956 |      0.570 |  114/150  
		  151/1000 | 0.000078   |    1.36284   |    4.16324   |      0.953 |      0.570 |  115/150  
		  152/1000 | 0.000078   |    1.52476   |    4.11088   |      0.953 |      0.580 |  116/150  
		  153/1000 | 0.000078   |    1.38550   |    4.21303   |      0.955 |      0.560 |  117/150  
		  154/1000 | 0.000078   |    1.41037   |    4.14717   |      0.950 |      0.573 |  118/150  
		  155/1000 | 0.000078   |    1.72848   |    4.12580   |      0.947 |      0.577 |  119/150  
		  156/1000 | 0.000078   |    1.37664   |    4.15234   |      0.952 |      0.572 |  120/150  
		  157/1000 | 0.000078   |    1.42194   |    4.16932   |      0.950 |      0.569 |  121/150  
		  158/1000 | 0.000078   |    1.43876   |    4.20889   |      0.954 |      0.561 |  122/150  
		  159/1000 | 0.000078   |    1.47429   |    4.20780   |      0.951 |      0.562 |  123/150  
		  160/1000 | 0.000078   |    1.43454   |    4.16026   |      0.949 |      0.571 |  124/150  
		  161/1000 | 0.000078   |    1.37942   |    4.16213   |      0.951 |      0.571 |  125/150  
		  162/1000 | 0.000078   |    1.46801   |    4.19505   |      0.949 |      0.564 |  126/150  
		  163/1000 | 0.000039   |    1.40583   |    4.16673   |      0.950 |      0.570 |  127/150  
		  164/1000 | 0.000039   |    1.34643   |    4.11680   |      0.957 |      0.579 |  128/150  
		  165/1000 | 0.000039   |    1.40876   |    4.17731   |      0.949 |      0.568 |  129/150  
		  166/1000 | 0.000039   |    1.44729   |    4.19599   |      0.949 |      0.564 |  130/150  
		  167/1000 | 0.000039   |    1.31803   |    4.16047   |      0.958 |      0.571 |  131/150  
		  168/1000 | 0.000039   |    1.44515   |    4.21274   |      0.951 |      0.561 |  132/150  
		  169/1000 | 0.000039   |    1.38670   |    4.16263   |      0.951 |      0.570 |  133/150  
		  170/1000 | 0.000039   |    1.33591   |    4.17708   |      0.955 |      0.568 |  134/150  
		  171/1000 | 0.000039   |    1.42720   |    4.20331   |      0.949 |      0.563 |  135/150  
		  172/1000 | 0.000039   |    1.33459   |    4.17260   |      0.955 |      0.569 |  136/150  
		  173/1000 | 0.000039   |    1.57819   |    4.12427   |      0.949 |      0.578 |  137/150  
		  174/1000 | 0.000039   |    1.35915   |    4.21686   |      0.955 |      0.560 |  138/150  
		  175/1000 | 0.000039   |    1.38397   |    4.17387   |      0.952 |      0.568 |  139/150  
		  176/1000 | 0.000039   |    1.41410   |    4.20430   |      0.952 |      0.562 |  140/150  
		  177/1000 | 0.000039   |    1.41163   |    4.19014   |      0.951 |      0.565 |  141/150  
		  178/1000 | 0.000039   |    1.32541   |    4.20194   |      0.955 |      0.563 |  142/150  
		  179/1000 | 0.000020   |    1.36693   |    4.18028   |      0.955 |      0.567 |  143/150  
		  180/1000 | 0.000020   |    1.38922   |    4.18107   |      0.952 |      0.567 |  144/150  
		  181/1000 | 0.000020   |    1.36102   |    4.19217   |      0.954 |      0.565 |  145/150  
		  182/1000 | 0.000020   |    1.34155   |    4.20028   |      0.955 |      0.563 |  146/150  
		  183/1000 | 0.000020   |    1.34867   |    4.18352   |      0.956 |      0.567 |  147/150  
		  184/1000 | 0.000020   |    1.36839   |    4.18472   |      0.954 |      0.566 |  148/150  
		  185/1000 | 0.000020   |    1.32149   |    4.18724   |      0.957 |      0.566 |  149/150  

		Early stopping triggered.
		[INFO] Case 3 completed.
