nohup: ignoring input
Crash diagnostics ON


==================================================
PART 1: Data preprocess for 2023-01-01 00:00:00 to 2024-09-30 23:00:00...
==================================================

	1.1 Preprocessing radiation data...
		[INFO] Radiation data already exists at './data/timeseries/radiation_data.csv'

	1.2 Preprocessing temperature data...
		[INFO] Temperature data already exists at './data/timeseries/temperature_data.csv'

	1.3 Preprocessing building data...
		[INFO] Building data already exists at './data/timeseries/building_data.csv'

	1.4 Preprocessing electricity cost data...
		[INFO] Electricity cost data already exists at './data/timeseries/electricitycostG2B_data.csv' and './data/timeseries/electricitycostG2V_data.csv'

	1.5 Preprocessing battery demand series data...
		[INFO] Found existing battery data at 'data/battery_demandV2/resample_full.csv' and 'data/battery_demandV2/resample_train.csv'

		[INFO] Number of series for clean windows = (110, 49)
		[INFO] Number of eligible series for Case 2 = (1373, 49)
		[INFO] Case 1 exists — loaded battery demand from 'data/battery_demandV2/case1_real_only/battery_demand.npy' with shape (110, 49).
		[INFO] Building Case 2 (fill NaN)
		[INFO] Resuming Case 2 from checkpoint: 'data/battery_demandV2/case2_nan_filled/battery_demand_ckpt.npz'
		[INFO] Case 2 resume index = 8, current series shape = (118, 49)
		[INFO] Case 2 generating:   0%|          | 0/1365 [00:00<?, ?it/s]		[INFO] Case 2 generating:   0%|          | 1/1365 [00:10<3:56:29, 10.40s/it]		[INFO] Case 2 generating:   0%|          | 2/1365 [00:20<3:53:14, 10.27s/it]		[INFO] Case 2 generating:   0%|          | 3/1365 [00:30<3:51:55, 10.22s/it]		[INFO] Case 2 generating:   0%|          | 4/1365 [00:40<3:51:37, 10.21s/it]		[INFO] Case 2 generating:   0%|          | 5/1365 [00:51<3:51:30, 10.21s/it]		[INFO] Case 2 generating:   0%|          | 6/1365 [01:01<3:50:59, 10.20s/it]		[INFO] Case 2 generating:   1%|          | 7/1365 [01:11<3:50:14, 10.17s/it]		[INFO] Case 2 generating:   1%|          | 8/1365 [01:21<3:49:59, 10.17s/it]		[INFO] Case 2 generating:   1%|          | 9/1365 [01:31<3:49:36, 10.16s/it]		[INFO] Case 2 generating:   1%|          | 10/1365 [01:41<3:49:38, 10.17s/it]