Crash diagnostics ON


==================================================
PART 1: Data preprocess for 2023-01-01 00:00:00 to 2024-09-30 23:00:00...
==================================================

	1.1 Preprocessing radiation data...
		[INFO] Radiation data already exists at './data/timeseries/radiation_data.csv'

	1.2 Preprocessing temperature data...
		[INFO] Temperature data already exists at './data/timeseries/temperature_data.csv'

	1.3 Preprocessing building data...
		[INFO] Building data already exists at './data/timeseries/building_data.csv'

	1.4 Preprocessing electricity cost data...
		[INFO] Electricity cost data already exists at './data/timeseries/electricitycostG2B_data.csv' and './data/timeseries/electricitycostG2V_data.csv'

	1.5 Preprocessing battery demand series data...
		[INFO] Found existing battery data at './data/battery_demand/tol24/resample_full.csv' and './data/battery_demand/tol24/resample_train.csv'

		[INFO] Number of series for clean windows = (168, 37)
		[INFO] Number of eligible series for Case 2 = (1377, 37)
		[INFO] Number of seeds ready for Case 3  = (2000, 36)

		[INFO] Case 1 exists — loaded battery demand from './data/battery_demand/tol24/case1_real_only/battery_demand.npy' with shape (168, 37).
		[INFO] Case 2 exists — loaded battery demand from './data/battery_demand/tol24/case2_nan_filled/battery_demand.npy' with shape (1545, 37).
		[INFO] Case 3 exists — loaded battery demand from './data/battery_demand/tol24/case3_extended_generated/battery_demand.npy' with shape (3545, 37).
		[INFO] Case 0: Successfully added test pair 2024-03-15 & 2024-03-16
		Data: [10536, 28, 30, 35, 37, 37, 36, 33, 26, 10, 6, 10, 14, 19, 18, 15, 20, 26, 15, 9, 16, 21, 20, 8, 12, 15, 24, 31, 35, 32, 35, 34, 32, 31, 30, 22, 14, 18, 27, 18, 19, 19, 25, 25, 25, 26, 27, 17, 19]
		[INFO] Case 0: Successfully added test pair 2024-03-29 & 2024-03-30
		Data: [10872, 13, 26, 31, 33, 33, 33, 31, 15, 8, 19, 11, 15, 18, 16, 18, 18, 19, 7, 4, 23, 23, 16, 17, 18, 18, 19, 24, 29, 30, 30, 22, 27, 21, 14, 15, 16, 20, 18, 23, 27, 18, 2, 10, 23, 22, 22, 17, 21]

	1.6 Generating battery schedule...
		[INFO] Case 1 exists — loaded from './data/battery_demand/tol24/case1_real_only/battery_availability.npy' and './data/battery_demand/tol24/case1_real_only/battery_details.npy' shape (168, 263, 36) and (4, 168, 263)
		[INFO] Case 2 exists — loaded from './data/battery_demand/tol24/case2_nan_filled/battery_availability.npy' and './data/battery_demand/tol24/case2_nan_filled/battery_details.npy' shape (1545, 311, 36) and (4, 1545, 311)
		[INFO] Case 3 exists — loaded from './data/battery_demand/tol24/case3_extended_generated/battery_availability.npy' and './data/battery_demand/tol24/case3_extended_generated/battery_details.npy' shape (3545, 422, 36) and (4, 3545, 422)


==================================================
PART 2: MILP Optimization...
==================================================

	2.1 Optimizing Case 1...
		[INFO] Loaded 168 samples from './data/battery_demand/tol24/case1_real_only'
		[INFO] Results already exist at './data/optimization_results/tol24/case1_real_only/optimization/V2B.npy'. Skipping optimization run.
		[INFO] Results already exist at './data/optimization_results/tol24/case1_real_only/immediate_charging/V2B.npy'. Skipping immediate_charging run.
		[INFO] Case 1 completed.

	2.2 Optimizing Case 2...
		[INFO] Loaded 1545 samples from './data/battery_demand/tol24/case2_nan_filled'
		[INFO] Results already exist at './data/optimization_results/tol24/case2_nan_filled/optimization/V2B.npy'. Skipping optimization run.
		[INFO] Results already exist at './data/optimization_results/tol24/case2_nan_filled/immediate_charging/V2B.npy'. Skipping immediate_charging run.
		[INFO] Case 2 completed.

	2.3 Optimizing Case 3...
		[INFO] Loaded 3545 samples from './data/battery_demand/tol24/case3_extended_generated'
		[INFO] Results already exist at './data/optimization_results/tol24/case3_extended_generated/optimization/V2B.npy'. Skipping optimization run.
		[INFO] Results already exist at './data/optimization_results/tol24/case3_extended_generated/immediate_charging/V2B.npy'. Skipping immediate_charging run.
		[INFO] Case 3 completed.


==================================================
PART 3: Supervised Learning...
==================================================

	3.1 Training Case 1...
		=== Training Log Started: 2025-11-29 14:30:26.683117 ===
		Run Name: STAFV2_24_CASE1
		Device: cuda
		Epochs: 1000, Batch Size: 128, LR: 0.01
		============================================================
		[INFO] Unique quantized indices: 6686
		[INFO] Suggested num_embeddings: 8023
		[INFO] Processed 168 valid samples.
		[INFO] Saved merged dataset: ./data/training_results/merged_windowed_dataset_STAFV2_24_CASE1.csv  (shape: (168, 429))
		[INFO] Saved feature metadata: ./data/training_results/feature_info_STAFV2_24_CASE1.json
		[INFO] Dataset split: 134 train, 34 val
		[INFO] Scalers fitted and saved.

		✅ Model initialized with 714970 params.
		============================================================
		--------------------------------------------------------------------------------------------
		  Epoch    |     LR     |  Train RMSE  |   Val RMSE   |  Train R²  |   Val R²   |  Patience 
		--------------------------------------------------------------------------------------------
		    1/1000 | 0.010000   |    7.84059   |    8.99133   |     -1.141 |     -0.918 |    0/150  
		    2/1000 | 0.010000   |    8.55866   |    8.85785   |     -0.997 |     -0.862 |    0/150  
		    3/1000 | 0.010000   |    7.51093   |    8.53395   |     -0.859 |     -0.728 |    0/150  
		    4/1000 | 0.010000   |    8.37211   |    8.11362   |     -0.775 |     -0.562 |    0/150  
		    5/1000 | 0.010000   |    8.05773   |    7.61077   |     -0.687 |     -0.374 |    0/150  
		    6/1000 | 0.010000   |    7.18719   |    7.13625   |     -0.614 |     -0.208 |    0/150  
		    7/1000 | 0.010000   |    7.12617   |    6.67691   |     -0.519 |     -0.058 |    0/150  
		    8/1000 | 0.010000   |    7.58483   |    6.58175   |     -0.401 |     -0.028 |    0/150  
		    9/1000 | 0.010000   |    7.97257   |    6.51148   |     -0.299 |     -0.006 |    0/150  
		   10/1000 | 0.010000   |    7.10287   |    6.40216   |     -0.202 |      0.028 |    0/150  
		   11/1000 | 0.010000   |    5.98976   |    6.46754   |     -0.080 |      0.008 |    0/150  
		   12/1000 | 0.010000   |    6.08946   |    6.59539   |      0.044 |     -0.032 |    1/150  
		   13/1000 | 0.010000   |    6.18249   |    6.50339   |      0.137 |     -0.003 |    2/150  
		   14/1000 | 0.010000   |    4.69421   |    6.24065   |      0.226 |      0.076 |    3/150  
		   15/1000 | 0.010000   |    5.36294   |    6.15636   |      0.285 |      0.101 |    0/150  
		   16/1000 | 0.010000   |    5.61626   |    6.20866   |      0.388 |      0.085 |    0/150  
		   17/1000 | 0.010000   |    4.75570   |    6.21658   |      0.470 |      0.083 |    1/150  
		   18/1000 | 0.010000   |    4.66094   |    6.15660   |      0.531 |      0.101 |    2/150  
		   19/1000 | 0.010000   |    5.31220   |    6.03453   |      0.588 |      0.136 |    3/150  
		   20/1000 | 0.010000   |    5.33620   |    6.03857   |      0.670 |      0.135 |    0/150  
		   21/1000 | 0.010000   |    2.72938   |    5.73501   |      0.758 |      0.220 |    1/150  
		   22/1000 | 0.010000   |    2.67615   |    5.55418   |      0.802 |      0.268 |    0/150  
		   23/1000 | 0.010000   |    2.20268   |    5.41064   |      0.808 |      0.305 |    0/150  
		   24/1000 | 0.010000   |    2.41275   |    5.31692   |      0.831 |      0.329 |    0/150  
		   25/1000 | 0.010000   |    3.80471   |    5.31627   |      0.821 |      0.329 |    0/150  
		   26/1000 | 0.010000   |    3.09409   |    5.32572   |      0.864 |      0.327 |    0/150  
		   27/1000 | 0.010000   |    2.85895   |    5.29740   |      0.895 |      0.334 |    1/150  
		   28/1000 | 0.010000   |    3.05223   |    5.21942   |      0.897 |      0.354 |    0/150  
		   29/1000 | 0.010000   |    1.68742   |    5.20945   |      0.914 |      0.356 |    0/150  
		   30/1000 | 0.010000   |    2.52529   |    5.32478   |      0.900 |      0.327 |    0/150  
		   31/1000 | 0.010000   |    2.80434   |    5.51143   |      0.869 |      0.279 |    1/150  
		   32/1000 | 0.010000   |    1.64397   |    5.61505   |      0.907 |      0.252 |    2/150  
		   33/1000 | 0.010000   |    3.86789   |    5.63924   |      0.857 |      0.246 |    3/150  
		   34/1000 | 0.010000   |    2.88211   |    5.63162   |      0.886 |      0.248 |    4/150  
		   35/1000 | 0.010000   |    2.91760   |    5.56936   |      0.903 |      0.264 |    5/150  
		   36/1000 | 0.010000   |    2.99605   |    5.49866   |      0.886 |      0.283 |    6/150  
		   37/1000 | 0.010000   |    1.71206   |    5.46178   |      0.896 |      0.292 |    7/150  
		   38/1000 | 0.010000   |    2.55605   |    5.48321   |      0.905 |      0.287 |    8/150  
		   39/1000 | 0.010000   |    2.85928   |    5.42242   |      0.856 |      0.302 |    9/150  
		   40/1000 | 0.010000   |    3.87543   |    5.32751   |      0.871 |      0.327 |   10/150  
		   41/1000 | 0.010000   |    6.31687   |    5.39390   |      0.810 |      0.310 |   11/150  
		   42/1000 | 0.010000   |    3.72615   |    5.63402   |      0.875 |      0.247 |   12/150  
		   43/1000 | 0.010000   |    2.27342   |    5.80415   |      0.866 |      0.201 |   13/150  
		   44/1000 | 0.010000   |    3.24398   |    5.83162   |      0.840 |      0.193 |   14/150  
		   45/1000 | 0.005000   |    1.97341   |    5.91488   |      0.854 |      0.170 |   15/150  
		   46/1000 | 0.005000   |    2.00347   |    5.90659   |      0.849 |      0.172 |   16/150  
		   47/1000 | 0.005000   |    2.35773   |    5.81319   |      0.825 |      0.198 |   17/150  
		   48/1000 | 0.005000   |    4.95123   |    5.92929   |      0.805 |      0.166 |   18/150  
		   49/1000 | 0.005000   |    3.03016   |    5.89197   |      0.891 |      0.176 |   19/150  
		   50/1000 | 0.005000   |    2.62856   |    5.83096   |      0.860 |      0.193 |   20/150  
		   51/1000 | 0.005000   |    3.20298   |    5.78488   |      0.854 |      0.206 |   21/150  
		   52/1000 | 0.005000   |    2.82453   |    5.72949   |      0.866 |      0.221 |   22/150  
		   53/1000 | 0.005000   |    3.35949   |    5.61692   |      0.879 |      0.251 |   23/150  
		   54/1000 | 0.005000   |    2.45875   |    5.51187   |      0.902 |      0.279 |   24/150  
		   55/1000 | 0.005000   |    4.46023   |    5.39432   |      0.850 |      0.310 |   25/150  
		   56/1000 | 0.005000   |    3.35098   |    5.32859   |      0.886 |      0.326 |   26/150  
		   57/1000 | 0.005000   |    3.18381   |    5.25266   |      0.859 |      0.345 |   27/150  
		   58/1000 | 0.005000   |    2.24504   |    5.16915   |      0.894 |      0.366 |   28/150  
		   59/1000 | 0.005000   |    2.08762   |    5.08137   |      0.903 |      0.387 |    0/150  
		   60/1000 | 0.005000   |    1.79522   |    5.08071   |      0.922 |      0.388 |    0/150  
		   61/1000 | 0.005000   |    2.31208   |    5.02638   |      0.900 |      0.401 |    0/150  
		                                          ╚══> ✅ SAVED (RMSE: 5.0264)
		   62/1000 | 0.005000   |    3.35647   |    5.04154   |      0.904 |      0.397 |    0/150  
		   63/1000 | 0.005000   |    3.72523   |    5.13405   |      0.886 |      0.375 |    1/150  
		   64/1000 | 0.005000   |    2.34821   |    5.12521   |      0.906 |      0.377 |    2/150  
		   65/1000 | 0.005000   |    3.49584   |    5.27278   |      0.894 |      0.340 |    3/150  
		   66/1000 | 0.005000   |    1.77255   |    5.30576   |      0.914 |      0.332 |    4/150  
		   67/1000 | 0.005000   |    2.36267   |    5.26033   |      0.920 |      0.343 |    5/150  
		   68/1000 | 0.005000   |    4.48260   |    5.30121   |      0.881 |      0.333 |    6/150  
		   69/1000 | 0.005000   |    1.90904   |    5.29194   |      0.927 |      0.336 |    7/150  
		   70/1000 | 0.005000   |    2.34240   |    5.25471   |      0.908 |      0.345 |    8/150  
		   71/1000 | 0.005000   |    1.67534   |    5.23583   |      0.903 |      0.350 |    9/150  
		   72/1000 | 0.005000   |    1.49068   |    5.22080   |      0.922 |      0.353 |   10/150  
		   73/1000 | 0.005000   |    1.64411   |    5.18502   |      0.908 |      0.362 |   11/150  
		   74/1000 | 0.005000   |    1.73285   |    5.13631   |      0.917 |      0.374 |   12/150  
		   75/1000 | 0.005000   |    2.59531   |    5.14233   |      0.913 |      0.373 |   13/150  
		   76/1000 | 0.005000   |    3.22803   |    5.18312   |      0.902 |      0.363 |   14/150  
		   77/1000 | 0.002500   |    2.23834   |    5.12067   |      0.929 |      0.378 |   15/150  
		   78/1000 | 0.002500   |    2.53451   |    5.16849   |      0.916 |      0.366 |   16/150  
		   79/1000 | 0.002500   |    1.98813   |    5.16219   |      0.927 |      0.368 |   17/150  
		   80/1000 | 0.002500   |    2.28619   |    5.07494   |      0.923 |      0.389 |   18/150  
		   81/1000 | 0.002500   |    2.03059   |    5.06507   |      0.928 |      0.391 |   19/150  
		   82/1000 | 0.002500   |    1.86628   |    5.04897   |      0.924 |      0.395 |   20/150  
		   83/1000 | 0.002500   |    1.61320   |    5.01409   |      0.943 |      0.404 |   21/150  
		                                          ╚══> ✅ SAVED (RMSE: 5.0141)
		   84/1000 | 0.002500   |    1.76541   |    5.01278   |      0.916 |      0.404 |    0/150  
		                                          ╚══> ✅ SAVED (RMSE: 5.0128)
		   85/1000 | 0.002500   |    3.01327   |    4.97159   |      0.906 |      0.414 |    0/150  
		                                          ╚══> ✅ SAVED (RMSE: 4.9716)
		   86/1000 | 0.002500   |    1.31906   |    4.98401   |      0.938 |      0.411 |    0/150  
		   87/1000 | 0.002500   |    2.94849   |    4.99658   |      0.914 |      0.408 |    1/150  
		   88/1000 | 0.002500   |    2.08824   |    5.05176   |      0.935 |      0.395 |    2/150  
		   89/1000 | 0.002500   |    6.40372   |    5.09972   |      0.839 |      0.383 |    3/150  
		   90/1000 | 0.002500   |    1.66957   |    5.02576   |      0.912 |      0.401 |    4/150  
		   91/1000 | 0.002500   |    1.61743   |    5.04441   |      0.917 |      0.396 |    5/150  
		   92/1000 | 0.002500   |    1.49309   |    4.99992   |      0.922 |      0.407 |    6/150  
		   93/1000 | 0.002500   |    1.92635   |    4.95709   |      0.926 |      0.417 |    7/150  
		                                          ╚══> ✅ SAVED (RMSE: 4.9571)
		   94/1000 | 0.002500   |    3.32835   |    4.98064   |      0.906 |      0.411 |    0/150  
		   95/1000 | 0.002500   |    2.42876   |    5.08933   |      0.928 |      0.385 |    1/150  
		   96/1000 | 0.002500   |    2.27269   |    5.05069   |      0.900 |      0.395 |    2/150  
		   97/1000 | 0.002500   |    2.04597   |    5.03907   |      0.913 |      0.398 |    3/150  
		   98/1000 | 0.002500   |    1.76162   |    4.94588   |      0.927 |      0.420 |    4/150  
		                                          ╚══> ✅ SAVED (RMSE: 4.9459)
		   99/1000 | 0.002500   |    3.03256   |    4.98821   |      0.909 |      0.410 |    0/150  
		  100/1000 | 0.002500   |    1.68307   |    4.94217   |      0.904 |      0.421 |    1/150  
		                                          ╚══> ✅ SAVED (RMSE: 4.9422)
		  101/1000 | 0.002500   |    4.27197   |    5.02998   |      0.884 |      0.400 |    0/150  
		  102/1000 | 0.002500   |    1.59536   |    4.97837   |      0.918 |      0.412 |    1/150  
		  103/1000 | 0.002500   |    2.31977   |    4.96244   |      0.908 |      0.416 |    2/150  
		  104/1000 | 0.002500   |    1.60039   |    4.93821   |      0.899 |      0.421 |    3/150  
		                                          ╚══> ✅ SAVED (RMSE: 4.9382)
		  105/1000 | 0.002500   |    1.77217   |    4.97544   |      0.919 |      0.413 |    0/150  
		  106/1000 | 0.002500   |    2.95620   |    5.01997   |      0.915 |      0.402 |    1/150  
		  107/1000 | 0.002500   |    2.86655   |    4.95337   |      0.902 |      0.418 |    2/150  
		  108/1000 | 0.002500   |    3.94754   |    4.92990   |      0.896 |      0.423 |    3/150  
		                                          ╚══> ✅ SAVED (RMSE: 4.9299)
		  109/1000 | 0.002500   |    2.18548   |    4.88856   |      0.920 |      0.433 |    0/150  
		                                          ╚══> ✅ SAVED (RMSE: 4.8886)
		  110/1000 | 0.002500   |    2.72948   |    4.91297   |      0.915 |      0.427 |    0/150  
		  111/1000 | 0.002500   |    2.99319   |    4.91107   |      0.918 |      0.428 |    1/150  
		  112/1000 | 0.002500   |    2.12455   |    4.87604   |      0.912 |      0.436 |    2/150  
		                                          ╚══> ✅ SAVED (RMSE: 4.8760)
		  113/1000 | 0.002500   |    1.79857   |    4.85648   |      0.934 |      0.440 |    0/150  
		                                          ╚══> ✅ SAVED (RMSE: 4.8565)
		  114/1000 | 0.002500   |    1.66175   |    4.85411   |      0.927 |      0.441 |    0/150  
		                                          ╚══> ✅ SAVED (RMSE: 4.8541)
		  115/1000 | 0.002500   |    1.97568   |    4.96489   |      0.919 |      0.415 |    0/150  
		  116/1000 | 0.002500   |    6.68600   |    5.12215   |      0.845 |      0.378 |    1/150  
		  117/1000 | 0.002500   |    2.18138   |    5.04981   |      0.933 |      0.395 |    2/150  
		  118/1000 | 0.002500   |    1.74193   |    4.99561   |      0.935 |      0.408 |    3/150  
		  119/1000 | 0.002500   |    1.56957   |    4.98532   |      0.918 |      0.410 |    4/150  
		  120/1000 | 0.002500   |    2.38023   |    5.03951   |      0.926 |      0.397 |    5/150  
		  121/1000 | 0.002500   |    1.34823   |    5.03605   |      0.935 |      0.398 |    6/150  
		  122/1000 | 0.002500   |    2.20835   |    5.04071   |      0.913 |      0.397 |    7/150  
		  123/1000 | 0.002500   |    1.70075   |    5.00060   |      0.921 |      0.407 |    8/150  
		  124/1000 | 0.002500   |    2.89831   |    5.01176   |      0.916 |      0.404 |    9/150  
		  125/1000 | 0.002500   |    2.12431   |    5.00789   |      0.930 |      0.405 |   10/150  
		  126/1000 | 0.002500   |    1.94756   |    5.00130   |      0.930 |      0.407 |   11/150  
		  127/1000 | 0.002500   |    1.63319   |    4.99694   |      0.928 |      0.408 |   12/150  
		  128/1000 | 0.002500   |    2.30095   |    5.06131   |      0.928 |      0.392 |   13/150  
		  129/1000 | 0.002500   |    2.23632   |    5.08687   |      0.918 |      0.386 |   14/150  
		  130/1000 | 0.001250   |    2.11520   |    5.13081   |      0.921 |      0.375 |   15/150  
		  131/1000 | 0.001250   |    2.93599   |    5.09349   |      0.896 |      0.384 |   16/150  
		  132/1000 | 0.001250   |    2.04543   |    5.10596   |      0.930 |      0.381 |   17/150  
		  133/1000 | 0.001250   |    1.61617   |    5.11872   |      0.905 |      0.378 |   18/150  
		  134/1000 | 0.001250   |    4.19129   |    5.05023   |      0.889 |      0.395 |   19/150  
		  135/1000 | 0.001250   |    2.20379   |    5.00940   |      0.918 |      0.405 |   20/150  
		  136/1000 | 0.001250   |    1.98290   |    4.99010   |      0.926 |      0.409 |   21/150  
		  137/1000 | 0.001250   |    2.63246   |    5.01091   |      0.918 |      0.404 |   22/150  
		  138/1000 | 0.001250   |    2.13904   |    4.97053   |      0.913 |      0.414 |   23/150  
		  139/1000 | 0.001250   |    1.48286   |    5.03909   |      0.928 |      0.398 |   24/150  
		  140/1000 | 0.001250   |    1.48098   |    5.02467   |      0.934 |      0.401 |   25/150  
		  141/1000 | 0.001250   |    2.40689   |    5.03506   |      0.926 |      0.399 |   26/150  
		  142/1000 | 0.001250   |    2.08693   |    5.13263   |      0.929 |      0.375 |   27/150  
		  143/1000 | 0.001250   |    3.20731   |    5.10694   |      0.902 |      0.381 |   28/150  
		  144/1000 | 0.001250   |    3.27312   |    5.16079   |      0.902 |      0.368 |   29/150  
		  145/1000 | 0.001250   |    1.39511   |    5.14346   |      0.931 |      0.372 |   30/150  
		  146/1000 | 0.000625   |    1.60256   |    5.17324   |      0.940 |      0.365 |   31/150  
		  147/1000 | 0.000625   |    2.35703   |    5.18280   |      0.923 |      0.363 |   32/150  
		  148/1000 | 0.000625   |    2.72969   |    5.02366   |      0.912 |      0.401 |   33/150  
		  149/1000 | 0.000625   |    2.83908   |    5.03197   |      0.893 |      0.399 |   34/150  
		  150/1000 | 0.000625   |    1.38009   |    5.05717   |      0.931 |      0.393 |   35/150  
		  151/1000 | 0.000625   |    1.61646   |    5.08428   |      0.930 |      0.387 |   36/150  
		  152/1000 | 0.000625   |    2.20975   |    5.11966   |      0.912 |      0.378 |   37/150  
		  153/1000 | 0.000625   |    3.45069   |    5.06365   |      0.900 |      0.392 |   38/150  
		  154/1000 | 0.000625   |    2.24813   |    5.09872   |      0.900 |      0.383 |   39/150  
		  155/1000 | 0.000625   |    2.66507   |    5.06756   |      0.922 |      0.391 |   40/150  
		  156/1000 | 0.000625   |    1.64572   |    5.03507   |      0.928 |      0.399 |   41/150  
		  157/1000 | 0.000625   |    1.90341   |    4.99874   |      0.924 |      0.407 |   42/150  
		  158/1000 | 0.000625   |    2.33835   |    4.98866   |      0.943 |      0.410 |   43/150  
		  159/1000 | 0.000625   |    1.45247   |    4.98753   |      0.938 |      0.410 |   44/150  
		  160/1000 | 0.000625   |    2.45092   |    5.03614   |      0.934 |      0.398 |   45/150  
		  161/1000 | 0.000625   |    4.37184   |    5.08043   |      0.879 |      0.388 |   46/150  
		  162/1000 | 0.000313   |    2.10090   |    5.02903   |      0.935 |      0.400 |   47/150  
		  163/1000 | 0.000313   |    1.80472   |    5.01281   |      0.917 |      0.404 |   48/150  
		  164/1000 | 0.000313   |    2.44051   |    4.96406   |      0.927 |      0.415 |   49/150  
		  165/1000 | 0.000313   |    2.39745   |    5.05772   |      0.934 |      0.393 |   50/150  
		  166/1000 | 0.000313   |    2.16406   |    5.05109   |      0.918 |      0.395 |   51/150  
		  167/1000 | 0.000313   |    3.78873   |    5.15644   |      0.898 |      0.369 |   52/150  
		  168/1000 | 0.000313   |    2.55686   |    5.05555   |      0.921 |      0.394 |   53/150  
		  169/1000 | 0.000313   |    1.81416   |    5.09810   |      0.934 |      0.383 |   54/150  
		  170/1000 | 0.000313   |    2.31866   |    5.16176   |      0.920 |      0.368 |   55/150  
		  171/1000 | 0.000313   |    2.18999   |    5.23938   |      0.926 |      0.349 |   56/150  
		  172/1000 | 0.000313   |    3.51659   |    5.07283   |      0.928 |      0.389 |   57/150  
		  173/1000 | 0.000313   |    2.10367   |    5.07831   |      0.918 |      0.388 |   58/150  
		  174/1000 | 0.000313   |    2.08821   |    5.08495   |      0.927 |      0.387 |   59/150  
		  175/1000 | 0.000313   |    4.11903   |    5.14792   |      0.904 |      0.371 |   60/150  
		  176/1000 | 0.000313   |    1.78928   |    5.13776   |      0.932 |      0.374 |   61/150  
		  177/1000 | 0.000313   |    1.64653   |    5.05727   |      0.931 |      0.393 |   62/150  
		  178/1000 | 0.000156   |    3.46456   |    5.12644   |      0.912 |      0.376 |   63/150  
		  179/1000 | 0.000156   |    2.27824   |    4.97251   |      0.932 |      0.413 |   64/150  
		  180/1000 | 0.000156   |    1.81922   |    4.93964   |      0.925 |      0.421 |   65/150  
		  181/1000 | 0.000156   |    1.77381   |    4.92967   |      0.938 |      0.423 |   66/150  
		  182/1000 | 0.000156   |    1.82370   |    4.98636   |      0.927 |      0.410 |   67/150  
		  183/1000 | 0.000156   |    1.56557   |    4.97755   |      0.924 |      0.412 |   68/150  
		  184/1000 | 0.000156   |    1.60415   |    4.99708   |      0.937 |      0.408 |   69/150  
		  185/1000 | 0.000156   |    2.45553   |    4.94585   |      0.930 |      0.420 |   70/150  
		  186/1000 | 0.000156   |    1.58630   |    4.96076   |      0.938 |      0.416 |   71/150  
		  187/1000 | 0.000156   |    1.85817   |    4.97581   |      0.934 |      0.413 |   72/150  
		  188/1000 | 0.000156   |    1.94743   |    4.98871   |      0.917 |      0.410 |   73/150  
		  189/1000 | 0.000156   |    2.54096   |    4.92459   |      0.909 |      0.425 |   74/150  
		  190/1000 | 0.000156   |    1.79222   |    4.94758   |      0.926 |      0.419 |   75/150  
		  191/1000 | 0.000156   |    1.50185   |    4.98525   |      0.935 |      0.410 |   76/150  
		  192/1000 | 0.000156   |    1.64598   |    4.98492   |      0.939 |      0.410 |   77/150  
		  193/1000 | 0.000156   |    3.25309   |    4.94272   |      0.907 |      0.420 |   78/150  
		  194/1000 | 0.000078   |    2.39443   |    5.02612   |      0.898 |      0.401 |   79/150  
		  195/1000 | 0.000078   |    1.57543   |    5.02970   |      0.914 |      0.400 |   80/150  
		  196/1000 | 0.000078   |    2.25128   |    5.06570   |      0.922 |      0.391 |   81/150  
		  197/1000 | 0.000078   |    2.09741   |    5.07835   |      0.935 |      0.388 |   82/150  
		  198/1000 | 0.000078   |    1.76884   |    5.08820   |      0.940 |      0.386 |   83/150  
		  199/1000 | 0.000078   |    2.66274   |    5.12925   |      0.917 |      0.376 |   84/150  
		  200/1000 | 0.000078   |    2.80347   |    5.15241   |      0.914 |      0.370 |   85/150  
		  201/1000 | 0.000078   |    5.30057   |    5.17789   |      0.881 |      0.364 |   86/150  
		  202/1000 | 0.000078   |    3.97145   |    5.12852   |      0.891 |      0.376 |   87/150  
		  203/1000 | 0.000078   |    6.26350   |    5.23206   |      0.844 |      0.351 |   88/150  
		  204/1000 | 0.000078   |    1.64754   |    5.16771   |      0.920 |      0.366 |   89/150  
		  205/1000 | 0.000078   |    1.25632   |    5.13627   |      0.948 |      0.374 |   90/150  
		  206/1000 | 0.000078   |    3.49725   |    5.08966   |      0.903 |      0.385 |   91/150  
		  207/1000 | 0.000078   |    1.48739   |    5.05939   |      0.948 |      0.393 |   92/150  
		  208/1000 | 0.000078   |    2.54681   |    5.04647   |      0.931 |      0.396 |   93/150  
		  209/1000 | 0.000078   |    2.07932   |    5.03399   |      0.933 |      0.399 |   94/150  
		  210/1000 | 0.000039   |    6.65582   |    5.24950   |      0.829 |      0.346 |   95/150  
		  211/1000 | 0.000039   |    2.61762   |    5.18491   |      0.928 |      0.362 |   96/150  
		  212/1000 | 0.000039   |    1.74468   |    5.12159   |      0.942 |      0.378 |   97/150  
		  213/1000 | 0.000039   |    1.74086   |    5.11623   |      0.930 |      0.379 |   98/150  
		  214/1000 | 0.000039   |    2.63134   |    5.20710   |      0.888 |      0.357 |   99/150  
		  215/1000 | 0.000039   |    3.27409   |    5.32580   |      0.921 |      0.327 |  100/150  
		  216/1000 | 0.000039   |    1.75491   |    5.16105   |      0.932 |      0.368 |  101/150  
		  217/1000 | 0.000039   |    1.72406   |    5.12622   |      0.924 |      0.377 |  102/150  
		  218/1000 | 0.000039   |    1.69328   |    5.06841   |      0.926 |      0.391 |  103/150  
		  219/1000 | 0.000039   |    2.30960   |    5.10807   |      0.924 |      0.381 |  104/150  
		  220/1000 | 0.000039   |    3.48669   |    4.95049   |      0.886 |      0.419 |  105/150  
		  221/1000 | 0.000039   |    2.60102   |    4.95541   |      0.920 |      0.417 |  106/150  
		  222/1000 | 0.000039   |    2.03203   |    4.94078   |      0.916 |      0.421 |  107/150  
		  223/1000 | 0.000039   |    2.91056   |    4.97643   |      0.913 |      0.412 |  108/150  
		  224/1000 | 0.000039   |    1.93216   |    5.00934   |      0.930 |      0.405 |  109/150  
		  225/1000 | 0.000039   |    2.58327   |    4.97574   |      0.928 |      0.413 |  110/150  
		  226/1000 | 0.000020   |    2.62204   |    4.98317   |      0.926 |      0.411 |  111/150  
		  227/1000 | 0.000020   |    2.60972   |    4.96775   |      0.934 |      0.414 |  112/150  
		  228/1000 | 0.000020   |    2.74499   |    4.95450   |      0.915 |      0.418 |  113/150  
		  229/1000 | 0.000020   |    1.97438   |    5.01410   |      0.943 |      0.404 |  114/150  
		  230/1000 | 0.000020   |    2.63251   |    5.08914   |      0.917 |      0.386 |  115/150  
		  231/1000 | 0.000020   |    2.27458   |    5.03630   |      0.933 |      0.398 |  116/150  
		  232/1000 | 0.000020   |    1.90170   |    5.03421   |      0.941 |      0.399 |  117/150  
		  233/1000 | 0.000020   |    1.73362   |    5.03676   |      0.946 |      0.398 |  118/150  
		  234/1000 | 0.000020   |    2.51838   |    5.03484   |      0.912 |      0.399 |  119/150  
		  235/1000 | 0.000020   |    4.82768   |    5.02600   |      0.875 |      0.401 |  120/150  
		  236/1000 | 0.000020   |    2.14591   |    5.06785   |      0.935 |      0.391 |  121/150  
		  237/1000 | 0.000020   |    2.06130   |    5.03210   |      0.924 |      0.399 |  122/150  
		  238/1000 | 0.000020   |    3.23429   |    4.99423   |      0.907 |      0.408 |  123/150  
		  239/1000 | 0.000020   |    2.15798   |    4.96342   |      0.931 |      0.416 |  124/150  
		  240/1000 | 0.000020   |    2.34162   |    5.01476   |      0.931 |      0.403 |  125/150  
		  241/1000 | 0.000020   |    1.52977   |    5.04322   |      0.949 |      0.397 |  126/150  
		  242/1000 | 0.000010   |    1.99802   |    5.06254   |      0.910 |      0.392 |  127/150  
		  243/1000 | 0.000010   |    3.59502   |    5.09081   |      0.916 |      0.385 |  128/150  
		  244/1000 | 0.000010   |    3.35613   |    5.13225   |      0.919 |      0.375 |  129/150  
		  245/1000 | 0.000010   |    1.85231   |    5.06658   |      0.925 |      0.391 |  130/150  
		  246/1000 | 0.000010   |    3.34612   |    5.01562   |      0.933 |      0.403 |  131/150  
		  247/1000 | 0.000010   |    1.99894   |    5.02687   |      0.930 |      0.400 |  132/150  
		  248/1000 | 0.000010   |    3.25946   |    5.06533   |      0.897 |      0.391 |  133/150  
		  249/1000 | 0.000010   |    1.79073   |    5.09253   |      0.918 |      0.385 |  134/150  
		  250/1000 | 0.000010   |    4.60066   |    5.18940   |      0.864 |      0.361 |  135/150  
		  251/1000 | 0.000010   |    1.88276   |    5.12288   |      0.930 |      0.377 |  136/150  
		  252/1000 | 0.000010   |    2.13915   |    5.13566   |      0.926 |      0.374 |  137/150  
		  253/1000 | 0.000010   |    1.60221   |    5.06618   |      0.930 |      0.391 |  138/150  
		  254/1000 | 0.000010   |    1.97602   |    5.01005   |      0.938 |      0.404 |  139/150  
		  255/1000 | 0.000010   |    1.40372   |    4.98029   |      0.942 |      0.412 |  140/150  
		  256/1000 | 0.000010   |    1.86089   |    5.00508   |      0.927 |      0.406 |  141/150  
		  257/1000 | 0.000010   |    1.68818   |    5.10457   |      0.921 |      0.382 |  142/150  
		  258/1000 | 0.000005   |    2.23920   |    5.14012   |      0.911 |      0.373 |  143/150  
		  259/1000 | 0.000005   |    3.10010   |    5.03425   |      0.926 |      0.399 |  144/150  
		  260/1000 | 0.000005   |    1.95136   |    4.99479   |      0.932 |      0.408 |  145/150  
		  261/1000 | 0.000005   |    2.33146   |    5.06695   |      0.925 |      0.391 |  146/150  
		  262/1000 | 0.000005   |    2.11853   |    5.09500   |      0.926 |      0.384 |  147/150  
		  263/1000 | 0.000005   |    2.47002   |    5.09549   |      0.929 |      0.384 |  148/150  
		  264/1000 | 0.000005   |    2.24349   |    5.08016   |      0.921 |      0.388 |  149/150  

		Early stopping triggered.
		[INFO] Case 1 completed.

	3.2 Training Case 2...
		=== Training Log Started: 2025-11-29 14:32:17.351322 ===
		Run Name: STAFV2_24_CASE2
		Device: cuda
		Epochs: 1000, Batch Size: 128, LR: 0.01
		============================================================
		[INFO] Unique quantized indices: 24142
		[INFO] Suggested num_embeddings: 28970
		[INFO] Processed 1545 valid samples.
		[INFO] Saved merged dataset: ./data/training_results/merged_windowed_dataset_STAFV2_24_CASE2.csv  (shape: (1545, 429))
		[INFO] Saved feature metadata: ./data/training_results/feature_info_STAFV2_24_CASE2.json
		[INFO] Dataset split: 1236 train, 309 val
		[INFO] Scalers fitted and saved.

		✅ Model initialized with 714970 params.
		============================================================
		--------------------------------------------------------------------------------------------
		  Epoch    |     LR     |  Train RMSE  |   Val RMSE   |  Train R²  |   Val R²   |  Patience 
		--------------------------------------------------------------------------------------------
		    1/1000 | 0.010000   |    9.18276   |    6.01420   |     -1.084 |      0.153 |    0/150  
		    2/1000 | 0.010000   |    7.97905   |    4.98819   |     -0.569 |      0.414 |    0/150  
		                                          ╚══> ✅ SAVED (RMSE: 4.9882)
		    3/1000 | 0.010000   |    6.64793   |    4.73211   |     -0.095 |      0.481 |    0/150  
		                                          ╚══> ✅ SAVED (RMSE: 4.7321)
		    4/1000 | 0.010000   |    5.27104   |    4.77489   |      0.315 |      0.468 |    0/150  
		    5/1000 | 0.010000   |    4.08623   |    4.51562   |      0.588 |      0.511 |    1/150  
		                                          ╚══> ✅ SAVED (RMSE: 4.5156)
		    6/1000 | 0.010000   |    3.33045   |    4.46557   |      0.729 |      0.517 |    0/150  
		                                          ╚══> ✅ SAVED (RMSE: 4.4656)
		    7/1000 | 0.010000   |    2.94073   |    4.42108   |      0.789 |      0.508 |    0/150  
		                                          ╚══> ✅ SAVED (RMSE: 4.4211)
		    8/1000 | 0.010000   |    2.86990   |    4.38274   |      0.796 |      0.528 |    0/150  
		                                          ╚══> ✅ SAVED (RMSE: 4.3827)
		    9/1000 | 0.010000   |    2.67869   |    4.24299   |      0.825 |      0.542 |    0/150  
		                                          ╚══> ✅ SAVED (RMSE: 4.2430)
		   10/1000 | 0.010000   |    2.39424   |    4.29352   |      0.859 |      0.520 |    0/150  
		   11/1000 | 0.010000   |    2.42238   |    4.26535   |      0.854 |      0.534 |    1/150  
		   12/1000 | 0.010000   |    2.38131   |    4.28526   |      0.865 |      0.534 |    2/150  
		   13/1000 | 0.010000   |    2.32905   |    4.30772   |      0.865 |      0.532 |    3/150  
		   14/1000 | 0.010000   |    2.21900   |    4.27345   |      0.879 |      0.537 |    4/150  
		   15/1000 | 0.010000   |    2.19873   |    4.24575   |      0.881 |      0.544 |    5/150  
		   16/1000 | 0.010000   |    2.10744   |    4.30514   |      0.891 |      0.532 |    6/150  
		   17/1000 | 0.010000   |    1.96336   |    4.20924   |      0.906 |      0.560 |    7/150  
		                                          ╚══> ✅ SAVED (RMSE: 4.2092)
		   18/1000 | 0.010000   |    1.93689   |    4.24613   |      0.907 |      0.552 |    0/150  
		   19/1000 | 0.010000   |    2.02411   |    4.25969   |      0.900 |      0.543 |    1/150  
		   20/1000 | 0.010000   |    2.05290   |    4.23286   |      0.896 |      0.557 |    2/150  
		   21/1000 | 0.010000   |    1.93674   |    4.17815   |      0.909 |      0.563 |    3/150  
		                                          ╚══> ✅ SAVED (RMSE: 4.1781)
		   22/1000 | 0.010000   |    2.01225   |    4.41384   |      0.902 |      0.520 |    0/150  
		   23/1000 | 0.010000   |    2.06052   |    4.20397   |      0.895 |      0.567 |    1/150  
		   24/1000 | 0.010000   |    1.85489   |    4.39649   |      0.917 |      0.537 |    2/150  
		   25/1000 | 0.010000   |    1.80960   |    4.25109   |      0.921 |      0.550 |    3/150  
		   26/1000 | 0.010000   |    1.82965   |    4.25902   |      0.918 |      0.552 |    4/150  
		   27/1000 | 0.010000   |    1.96063   |    4.21394   |      0.907 |      0.556 |    5/150  
		   28/1000 | 0.010000   |    1.76209   |    4.16631   |      0.924 |      0.567 |    6/150  
		                                          ╚══> ✅ SAVED (RMSE: 4.1663)
		   29/1000 | 0.010000   |    1.88312   |    4.16132   |      0.914 |      0.563 |    0/150  
		                                          ╚══> ✅ SAVED (RMSE: 4.1613)
		   30/1000 | 0.010000   |    1.79610   |    4.20974   |      0.921 |      0.555 |    0/150  
		   31/1000 | 0.010000   |    1.77622   |    4.25556   |      0.922 |      0.548 |    1/150  
		   32/1000 | 0.010000   |    1.78372   |    4.22440   |      0.923 |      0.559 |    2/150  
		   33/1000 | 0.010000   |    1.74463   |    4.31562   |      0.926 |      0.533 |    3/150  
		   34/1000 | 0.010000   |    1.89795   |    4.26770   |      0.912 |      0.531 |    4/150  
		   35/1000 | 0.010000   |    1.79119   |    4.19194   |      0.926 |      0.558 |    5/150  
		   36/1000 | 0.010000   |    1.72237   |    4.24888   |      0.927 |      0.547 |    6/150  
		   37/1000 | 0.010000   |    1.69592   |    4.24250   |      0.930 |      0.541 |    7/150  
		   38/1000 | 0.010000   |    1.75935   |    4.27212   |      0.924 |      0.537 |    8/150  
		   39/1000 | 0.005000   |    1.75498   |    4.17843   |      0.925 |      0.559 |    9/150  
		   40/1000 | 0.005000   |    1.58851   |    4.14658   |      0.938 |      0.566 |   10/150  
		                                          ╚══> ✅ SAVED (RMSE: 4.1466)
		   41/1000 | 0.005000   |    1.80955   |    4.11005   |      0.919 |      0.571 |    0/150  
		                                          ╚══> ✅ SAVED (RMSE: 4.1100)
		   42/1000 | 0.005000   |    1.67401   |    4.07631   |      0.931 |      0.578 |    0/150  
		                                          ╚══> ✅ SAVED (RMSE: 4.0763)
		   43/1000 | 0.005000   |    1.67331   |    4.11716   |      0.931 |      0.570 |    0/150  
		   44/1000 | 0.005000   |    1.58740   |    4.16248   |      0.939 |      0.561 |    1/150  
		   45/1000 | 0.005000   |    1.54548   |    4.15703   |      0.941 |      0.561 |    2/150  
		   46/1000 | 0.005000   |    1.63658   |    4.12951   |      0.935 |      0.570 |    3/150  
		   47/1000 | 0.005000   |    1.54590   |    4.15110   |      0.941 |      0.565 |    4/150  
		   48/1000 | 0.005000   |    1.61761   |    4.10276   |      0.935 |      0.571 |    5/150  
		   49/1000 | 0.005000   |    1.62351   |    4.10992   |      0.936 |      0.567 |    6/150  
		   50/1000 | 0.005000   |    1.55208   |    4.08509   |      0.941 |      0.567 |    7/150  
		   51/1000 | 0.005000   |    1.56097   |    4.12366   |      0.940 |      0.555 |    8/150  
		   52/1000 | 0.005000   |    1.61307   |    4.04839   |      0.936 |      0.574 |    9/150  
		                                          ╚══> ✅ SAVED (RMSE: 4.0484)
		   53/1000 | 0.005000   |    1.58626   |    4.10452   |      0.938 |      0.564 |    0/150  
		   54/1000 | 0.005000   |    1.64386   |    4.12530   |      0.934 |      0.561 |    1/150  
		   55/1000 | 0.005000   |    1.68052   |    4.14021   |      0.931 |      0.559 |    2/150  
		   56/1000 | 0.005000   |    1.54067   |    4.17514   |      0.943 |      0.553 |    3/150  
		   57/1000 | 0.005000   |    1.63008   |    4.19842   |      0.935 |      0.551 |    4/150  
		   58/1000 | 0.002500   |    1.59753   |    4.14514   |      0.937 |      0.558 |    5/150  
		   59/1000 | 0.002500   |    1.59086   |    4.14914   |      0.939 |      0.557 |    6/150  
		   60/1000 | 0.002500   |    1.53721   |    4.17726   |      0.942 |      0.552 |    7/150  
		   61/1000 | 0.002500   |    1.51729   |    4.21508   |      0.944 |      0.543 |    8/150  
		   62/1000 | 0.002500   |    1.50717   |    4.20810   |      0.944 |      0.547 |    9/150  
		   63/1000 | 0.002500   |    1.51236   |    4.21641   |      0.944 |      0.545 |   10/150  
		   64/1000 | 0.002500   |    1.62125   |    4.20337   |      0.936 |      0.546 |   11/150  
		   65/1000 | 0.002500   |    1.49211   |    4.20907   |      0.946 |      0.543 |   12/150  
		   66/1000 | 0.002500   |    1.50897   |    4.20694   |      0.945 |      0.541 |   13/150  
		   67/1000 | 0.002500   |    1.52989   |    4.20175   |      0.944 |      0.542 |   14/150  
		   68/1000 | 0.002500   |    1.53688   |    4.16954   |      0.943 |      0.549 |   15/150  
		   69/1000 | 0.002500   |    1.59994   |    4.20866   |      0.937 |      0.540 |   16/150  
		   70/1000 | 0.002500   |    1.52024   |    4.16200   |      0.944 |      0.548 |   17/150  
		   71/1000 | 0.002500   |    1.50807   |    4.16804   |      0.945 |      0.546 |   18/150  
		   72/1000 | 0.002500   |    1.56956   |    4.16707   |      0.939 |      0.546 |   19/150  
		   73/1000 | 0.002500   |    1.42940   |    4.15547   |      0.949 |      0.550 |   20/150  
		   74/1000 | 0.001250   |    1.53382   |    4.17054   |      0.944 |      0.550 |   21/150  
		   75/1000 | 0.001250   |    1.44075   |    4.18665   |      0.949 |      0.548 |   22/150  
		   76/1000 | 0.001250   |    1.40413   |    4.19255   |      0.952 |      0.548 |   23/150  
		   77/1000 | 0.001250   |    1.54095   |    4.20498   |      0.942 |      0.545 |   24/150  
		   78/1000 | 0.001250   |    1.50505   |    4.19148   |      0.945 |      0.549 |   25/150  
		   79/1000 | 0.001250   |    1.48892   |    4.19045   |      0.945 |      0.549 |   26/150  
		   80/1000 | 0.001250   |    1.48339   |    4.21786   |      0.946 |      0.544 |   27/150  
		   81/1000 | 0.001250   |    1.58201   |    4.23094   |      0.939 |      0.541 |   28/150  
		   82/1000 | 0.001250   |    1.48029   |    4.22775   |      0.945 |      0.541 |   29/150  
		   83/1000 | 0.001250   |    1.43592   |    4.21695   |      0.949 |      0.543 |   30/150  
		   84/1000 | 0.001250   |    1.47948   |    4.23437   |      0.947 |      0.539 |   31/150  
		   85/1000 | 0.001250   |    1.47742   |    4.22901   |      0.948 |      0.540 |   32/150  
		   86/1000 | 0.001250   |    1.55877   |    4.24808   |      0.941 |      0.536 |   33/150  
		   87/1000 | 0.001250   |    1.49948   |    4.23784   |      0.945 |      0.539 |   34/150  
		   88/1000 | 0.001250   |    1.38243   |    4.23459   |      0.953 |      0.539 |   35/150  
		   89/1000 | 0.001250   |    1.48659   |    4.23417   |      0.945 |      0.538 |   36/150  
		   90/1000 | 0.000625   |    1.42125   |    4.21847   |      0.951 |      0.541 |   37/150  
		   91/1000 | 0.000625   |    1.45310   |    4.23731   |      0.949 |      0.535 |   38/150  
		   92/1000 | 0.000625   |    1.55758   |    4.24860   |      0.941 |      0.534 |   39/150  
		   93/1000 | 0.000625   |    1.58985   |    4.25413   |      0.937 |      0.533 |   40/150  
		   94/1000 | 0.000625   |    1.49100   |    4.24697   |      0.946 |      0.536 |   41/150  
		   95/1000 | 0.000625   |    1.45404   |    4.24382   |      0.948 |      0.537 |   42/150  
		   96/1000 | 0.000625   |    1.40811   |    4.23398   |      0.951 |      0.538 |   43/150  
		   97/1000 | 0.000625   |    1.39818   |    4.22123   |      0.952 |      0.541 |   44/150  
		   98/1000 | 0.000625   |    1.51876   |    4.21765   |      0.943 |      0.543 |   45/150  
		   99/1000 | 0.000625   |    1.44848   |    4.22978   |      0.948 |      0.541 |   46/150  
		  100/1000 | 0.000625   |    1.40456   |    4.23231   |      0.952 |      0.541 |   47/150  
		  101/1000 | 0.000625   |    1.51261   |    4.22237   |      0.943 |      0.543 |   48/150  
		  102/1000 | 0.000625   |    1.47448   |    4.22709   |      0.946 |      0.541 |   49/150  
		  103/1000 | 0.000625   |    1.47754   |    4.23039   |      0.947 |      0.540 |   50/150  
		  104/1000 | 0.000625   |    1.44472   |    4.22314   |      0.949 |      0.543 |   51/150  
		  105/1000 | 0.000625   |    1.37846   |    4.21786   |      0.953 |      0.544 |   52/150  
		  106/1000 | 0.000313   |    1.44783   |    4.23590   |      0.950 |      0.539 |   53/150  
		  107/1000 | 0.000313   |    1.31478   |    4.24433   |      0.958 |      0.537 |   54/150  
		  108/1000 | 0.000313   |    1.51396   |    4.22790   |      0.943 |      0.541 |   55/150  
		  109/1000 | 0.000313   |    1.46853   |    4.20350   |      0.949 |      0.548 |   56/150  
		  110/1000 | 0.000313   |    1.43207   |    4.21575   |      0.949 |      0.545 |   57/150  
		  111/1000 | 0.000313   |    1.45482   |    4.21646   |      0.949 |      0.545 |   58/150  
		  112/1000 | 0.000313   |    1.41440   |    4.22819   |      0.951 |      0.541 |   59/150  
		  113/1000 | 0.000313   |    1.34327   |    4.23214   |      0.955 |      0.540 |   60/150  
		  114/1000 | 0.000313   |    1.35035   |    4.22894   |      0.955 |      0.541 |   61/150  
		  115/1000 | 0.000313   |    1.52688   |    4.21198   |      0.944 |      0.545 |   62/150  
		  116/1000 | 0.000313   |    1.40858   |    4.21300   |      0.951 |      0.544 |   63/150  
		  117/1000 | 0.000313   |    1.45594   |    4.22502   |      0.948 |      0.541 |   64/150  
		  118/1000 | 0.000313   |    1.52768   |    4.22405   |      0.944 |      0.541 |   65/150  
		  119/1000 | 0.000313   |    1.41555   |    4.22041   |      0.951 |      0.543 |   66/150  
		  120/1000 | 0.000313   |    1.51062   |    4.20767   |      0.944 |      0.547 |   67/150  
		  121/1000 | 0.000313   |    1.47710   |    4.23141   |      0.946 |      0.541 |   68/150  
		  122/1000 | 0.000156   |    1.41400   |    4.23229   |      0.951 |      0.541 |   69/150  
		  123/1000 | 0.000156   |    1.41471   |    4.24189   |      0.951 |      0.538 |   70/150  
		  124/1000 | 0.000156   |    1.51700   |    4.22868   |      0.943 |      0.541 |   71/150  
		  125/1000 | 0.000156   |    1.44090   |    4.24571   |      0.949 |      0.537 |   72/150  
		  126/1000 | 0.000156   |    1.62662   |    4.21880   |      0.939 |      0.544 |   73/150  
		  127/1000 | 0.000156   |    1.52140   |    4.22386   |      0.943 |      0.543 |   74/150  
		  128/1000 | 0.000156   |    1.52089   |    4.26001   |      0.944 |      0.534 |   75/150  
		  129/1000 | 0.000156   |    1.46385   |    4.25156   |      0.948 |      0.536 |   76/150  
		  130/1000 | 0.000156   |    1.39210   |    4.24321   |      0.952 |      0.538 |   77/150  
		  131/1000 | 0.000156   |    1.48388   |    4.24958   |      0.946 |      0.536 |   78/150  
		  132/1000 | 0.000156   |    1.48547   |    4.25455   |      0.946 |      0.535 |   79/150  
		  133/1000 | 0.000156   |    1.44067   |    4.23713   |      0.949 |      0.539 |   80/150  
		  134/1000 | 0.000156   |    1.37490   |    4.24192   |      0.953 |      0.538 |   81/150  
		  135/1000 | 0.000156   |    1.46646   |    4.23940   |      0.947 |      0.539 |   82/150  
		  136/1000 | 0.000156   |    1.53346   |    4.25085   |      0.942 |      0.536 |   83/150  
		  137/1000 | 0.000156   |    1.45349   |    4.24785   |      0.948 |      0.537 |   84/150  
		  138/1000 | 0.000078   |    1.37770   |    4.24175   |      0.954 |      0.538 |   85/150  
		  139/1000 | 0.000078   |    1.35561   |    4.24969   |      0.955 |      0.536 |   86/150  
		  140/1000 | 0.000078   |    1.42295   |    4.24328   |      0.950 |      0.538 |   87/150  
		  141/1000 | 0.000078   |    1.47370   |    4.21847   |      0.947 |      0.544 |   88/150  
		  142/1000 | 0.000078   |    1.40562   |    4.22673   |      0.951 |      0.542 |   89/150  
		  143/1000 | 0.000078   |    1.48499   |    4.24004   |      0.947 |      0.538 |   90/150  
		  144/1000 | 0.000078   |    1.38742   |    4.23973   |      0.952 |      0.538 |   91/150  
		  145/1000 | 0.000078   |    1.45176   |    4.22481   |      0.948 |      0.542 |   92/150  
		  146/1000 | 0.000078   |    1.46486   |    4.24273   |      0.947 |      0.538 |   93/150  
		  147/1000 | 0.000078   |    1.39983   |    4.24287   |      0.952 |      0.538 |   94/150  
		  148/1000 | 0.000078   |    1.39983   |    4.24583   |      0.952 |      0.537 |   95/150  
		  149/1000 | 0.000078   |    1.39631   |    4.25187   |      0.951 |      0.536 |   96/150  
		  150/1000 | 0.000078   |    1.44786   |    4.24979   |      0.949 |      0.536 |   97/150  
		  151/1000 | 0.000078   |    1.47372   |    4.24104   |      0.947 |      0.538 |   98/150  
		  152/1000 | 0.000078   |    1.38048   |    4.24250   |      0.953 |      0.538 |   99/150  
		  153/1000 | 0.000078   |    1.44615   |    4.23644   |      0.949 |      0.539 |  100/150  
		  154/1000 | 0.000039   |    1.45704   |    4.24684   |      0.949 |      0.537 |  101/150  
		  155/1000 | 0.000039   |    1.52073   |    4.24703   |      0.943 |      0.537 |  102/150  
		  156/1000 | 0.000039   |    1.42569   |    4.25107   |      0.950 |      0.536 |  103/150  
		  157/1000 | 0.000039   |    1.47841   |    4.24427   |      0.946 |      0.537 |  104/150  
		  158/1000 | 0.000039   |    1.42545   |    4.25133   |      0.950 |      0.535 |  105/150  
		  159/1000 | 0.000039   |    1.52292   |    4.24944   |      0.943 |      0.536 |  106/150  
		  160/1000 | 0.000039   |    1.30690   |    4.25324   |      0.958 |      0.535 |  107/150  
		  161/1000 | 0.000039   |    1.47613   |    4.23954   |      0.947 |      0.539 |  108/150  
		  162/1000 | 0.000039   |    1.35285   |    4.23871   |      0.955 |      0.539 |  109/150  
		  163/1000 | 0.000039   |    1.44006   |    4.24966   |      0.949 |      0.536 |  110/150  
		  164/1000 | 0.000039   |    1.38491   |    4.24047   |      0.952 |      0.538 |  111/150  
		  165/1000 | 0.000039   |    1.39890   |    4.24775   |      0.952 |      0.537 |  112/150  
		  166/1000 | 0.000039   |    1.49270   |    4.23788   |      0.946 |      0.539 |  113/150  
		  167/1000 | 0.000039   |    1.38010   |    4.24032   |      0.953 |      0.539 |  114/150  
		  168/1000 | 0.000039   |    1.45389   |    4.24566   |      0.948 |      0.537 |  115/150  
		  169/1000 | 0.000039   |    1.39638   |    4.24921   |      0.952 |      0.536 |  116/150  
		  170/1000 | 0.000020   |    1.33312   |    4.24800   |      0.957 |      0.536 |  117/150  
		  171/1000 | 0.000020   |    1.49255   |    4.24033   |      0.945 |      0.538 |  118/150  
		  172/1000 | 0.000020   |    1.43119   |    4.24897   |      0.950 |      0.536 |  119/150  
		  173/1000 | 0.000020   |    1.33371   |    4.24571   |      0.956 |      0.537 |  120/150  
		  174/1000 | 0.000020   |    1.42285   |    4.24545   |      0.950 |      0.537 |  121/150  
		  175/1000 | 0.000020   |    1.48382   |    4.25216   |      0.947 |      0.535 |  122/150  
		  176/1000 | 0.000020   |    1.40792   |    4.25188   |      0.952 |      0.535 |  123/150  
		  177/1000 | 0.000020   |    1.42067   |    4.24459   |      0.950 |      0.537 |  124/150  
		  178/1000 | 0.000020   |    1.50212   |    4.23955   |      0.945 |      0.538 |  125/150  
		  179/1000 | 0.000020   |    1.41008   |    4.23964   |      0.951 |      0.539 |  126/150  
		  180/1000 | 0.000020   |    1.41131   |    4.25963   |      0.951 |      0.533 |  127/150  
		  181/1000 | 0.000020   |    1.46075   |    4.25014   |      0.949 |      0.536 |  128/150  
		  182/1000 | 0.000020   |    1.36260   |    4.25073   |      0.955 |      0.535 |  129/150  
		  183/1000 | 0.000020   |    1.44029   |    4.25732   |      0.950 |      0.534 |  130/150  
		  184/1000 | 0.000020   |    1.39893   |    4.26413   |      0.951 |      0.532 |  131/150  
		  185/1000 | 0.000020   |    1.35894   |    4.25331   |      0.955 |      0.535 |  132/150  
		  186/1000 | 0.000010   |    1.44074   |    4.25429   |      0.949 |      0.535 |  133/150  
		  187/1000 | 0.000010   |    1.40625   |    4.23968   |      0.953 |      0.538 |  134/150  
		  188/1000 | 0.000010   |    1.44452   |    4.23497   |      0.949 |      0.540 |  135/150  
		  189/1000 | 0.000010   |    1.44711   |    4.24991   |      0.949 |      0.536 |  136/150  
		  190/1000 | 0.000010   |    1.39010   |    4.24188   |      0.953 |      0.538 |  137/150  
		  191/1000 | 0.000010   |    1.45792   |    4.24546   |      0.948 |      0.537 |  138/150  
		  192/1000 | 0.000010   |    1.36814   |    4.26072   |      0.955 |      0.533 |  139/150  
		  193/1000 | 0.000010   |    1.50700   |    4.23440   |      0.945 |      0.540 |  140/150  
		  194/1000 | 0.000010   |    1.53754   |    4.22697   |      0.943 |      0.542 |  141/150  
		  195/1000 | 0.000010   |    1.34873   |    4.23806   |      0.955 |      0.539 |  142/150  
		  196/1000 | 0.000010   |    1.43963   |    4.25109   |      0.949 |      0.535 |  143/150  
		  197/1000 | 0.000010   |    1.45271   |    4.26182   |      0.949 |      0.533 |  144/150  
		  198/1000 | 0.000010   |    1.46714   |    4.25556   |      0.947 |      0.535 |  145/150  
		  199/1000 | 0.000010   |    1.44702   |    4.24366   |      0.949 |      0.538 |  146/150  
		  200/1000 | 0.000010   |    1.34487   |    4.25881   |      0.955 |      0.534 |  147/150  
		  201/1000 | 0.000010   |    1.38078   |    4.24285   |      0.954 |      0.538 |  148/150  
		  202/1000 | 0.000005   |    1.35368   |    4.24353   |      0.955 |      0.538 |  149/150  

		Early stopping triggered.
		[INFO] Case 2 completed.

	3.3 Training Case 3...
		=== Training Log Started: 2025-11-29 14:36:50.339511 ===
		Run Name: STAFV2_24_CASE3
		Device: cuda
		Epochs: 1000, Batch Size: 128, LR: 0.01
		============================================================
		[INFO] Unique quantized indices: 36535
		[INFO] Suggested num_embeddings: 43842
		[INFO] Processed 3545 valid samples.
		[INFO] Saved merged dataset: ./data/training_results/merged_windowed_dataset_STAFV2_24_CASE3.csv  (shape: (3545, 429))
		[INFO] Saved feature metadata: ./data/training_results/feature_info_STAFV2_24_CASE3.json
		[INFO] Dataset split: 2836 train, 709 val
		[INFO] Scalers fitted and saved.

		✅ Model initialized with 714970 params.
		============================================================
		--------------------------------------------------------------------------------------------
		  Epoch    |     LR     |  Train RMSE  |   Val RMSE   |  Train R²  |   Val R²   |  Patience 
		--------------------------------------------------------------------------------------------
		    1/1000 | 0.010000   |    8.33151   |    6.56385   |     -0.761 |     -0.071 |    0/150  
		    2/1000 | 0.010000   |    5.69540   |    5.03960   |      0.177 |      0.360 |    0/150  
		    3/1000 | 0.010000   |    4.15828   |    4.04336   |      0.582 |      0.588 |    0/150  
		                                          ╚══> ✅ SAVED (RMSE: 4.0434)
		    4/1000 | 0.010000   |    3.61743   |    3.89188   |      0.684 |      0.621 |    0/150  
		                                          ╚══> ✅ SAVED (RMSE: 3.8919)
		    5/1000 | 0.010000   |    3.07823   |    4.24950   |      0.762 |      0.550 |    0/150  
		    6/1000 | 0.010000   |    2.81702   |    3.98691   |      0.810 |      0.606 |    1/150  
		    7/1000 | 0.010000   |    2.51101   |    3.94971   |      0.840 |      0.610 |    2/150  
		    8/1000 | 0.010000   |    2.36995   |    4.02017   |      0.859 |      0.594 |    3/150  
		    9/1000 | 0.010000   |    2.44435   |    3.94896   |      0.862 |      0.610 |    4/150  
		   10/1000 | 0.010000   |    2.32432   |    3.92662   |      0.865 |      0.615 |    5/150  
		   11/1000 | 0.010000   |    2.25819   |    3.96153   |      0.871 |      0.606 |    6/150  
		   12/1000 | 0.010000   |    2.32856   |    3.97742   |      0.866 |      0.605 |    7/150  
		   13/1000 | 0.010000   |    2.12436   |    3.93430   |      0.885 |      0.617 |    8/150  
		   14/1000 | 0.010000   |    2.15757   |    4.03573   |      0.887 |      0.595 |    9/150  
		   15/1000 | 0.010000   |    2.15263   |    4.03475   |      0.888 |      0.597 |   10/150  
		   16/1000 | 0.010000   |    2.15841   |    3.96918   |      0.883 |      0.608 |   11/150  
		   17/1000 | 0.010000   |    2.06048   |    4.04623   |      0.893 |      0.592 |   12/150  
		   18/1000 | 0.010000   |    2.02973   |    3.96930   |      0.899 |      0.610 |   13/150  
		   19/1000 | 0.010000   |    2.00382   |    4.01529   |      0.898 |      0.601 |   14/150  
		   20/1000 | 0.005000   |    2.01086   |    3.93857   |      0.904 |      0.615 |   15/150  
		   21/1000 | 0.005000   |    1.82099   |    4.00826   |      0.917 |      0.601 |   16/150  
		   22/1000 | 0.005000   |    1.87189   |    3.97660   |      0.917 |      0.608 |   17/150  
		   23/1000 | 0.005000   |    1.75941   |    3.98258   |      0.922 |      0.606 |   18/150  
		   24/1000 | 0.005000   |    1.74191   |    3.93976   |      0.923 |      0.615 |   19/150  
		   25/1000 | 0.005000   |    1.65209   |    3.89749   |      0.932 |      0.624 |   20/150  
		   26/1000 | 0.005000   |    1.82272   |    3.95934   |      0.918 |      0.612 |   21/150  
		   27/1000 | 0.005000   |    1.70471   |    3.99325   |      0.928 |      0.602 |   22/150  
		   28/1000 | 0.005000   |    1.69626   |    3.99500   |      0.930 |      0.603 |   23/150  
		   29/1000 | 0.005000   |    1.68799   |    3.99216   |      0.929 |      0.604 |   24/150  
		   30/1000 | 0.005000   |    1.80575   |    4.03267   |      0.927 |      0.595 |   25/150  
		   31/1000 | 0.005000   |    1.69139   |    3.91470   |      0.929 |      0.619 |   26/150  
		   32/1000 | 0.005000   |    1.75508   |    3.95045   |      0.928 |      0.614 |   27/150  
		   33/1000 | 0.005000   |    1.74517   |    4.01670   |      0.930 |      0.597 |   28/150  
		   34/1000 | 0.005000   |    1.65052   |    3.93140   |      0.932 |      0.616 |   29/150  
		   35/1000 | 0.005000   |    1.68502   |    3.96810   |      0.928 |      0.606 |   30/150  
		   36/1000 | 0.005000   |    1.67838   |    3.88298   |      0.932 |      0.625 |   31/150  
		                                          ╚══> ✅ SAVED (RMSE: 3.8830)
		   37/1000 | 0.005000   |    1.72563   |    3.98015   |      0.930 |      0.606 |    0/150  
		   38/1000 | 0.005000   |    1.73064   |    3.99678   |      0.925 |      0.603 |    1/150  
		   39/1000 | 0.005000   |    1.70623   |    3.97692   |      0.927 |      0.606 |    2/150  
		   40/1000 | 0.005000   |    1.68997   |    3.92719   |      0.930 |      0.616 |    3/150  
		   41/1000 | 0.005000   |    1.59118   |    4.02192   |      0.937 |      0.596 |    4/150  
		   42/1000 | 0.005000   |    1.61603   |    3.97976   |      0.935 |      0.607 |    5/150  
		   43/1000 | 0.005000   |    1.68193   |    4.02491   |      0.928 |      0.601 |    6/150  
		   44/1000 | 0.005000   |    1.82305   |    3.93414   |      0.930 |      0.617 |    7/150  
		   45/1000 | 0.005000   |    1.58151   |    3.90871   |      0.937 |      0.624 |    8/150  
		   46/1000 | 0.005000   |    1.66692   |    3.91487   |      0.933 |      0.619 |    9/150  
		   47/1000 | 0.005000   |    1.64722   |    3.91824   |      0.934 |      0.617 |   10/150  
		   48/1000 | 0.005000   |    1.76375   |    4.01760   |      0.931 |      0.601 |   11/150  
		   49/1000 | 0.005000   |    1.63959   |    3.81631   |      0.931 |      0.638 |   12/150  
		                                          ╚══> ✅ SAVED (RMSE: 3.8163)
		   50/1000 | 0.005000   |    1.63081   |    3.94168   |      0.935 |      0.613 |    0/150  
		   51/1000 | 0.005000   |    1.67353   |    3.89773   |      0.931 |      0.625 |    1/150  
		   52/1000 | 0.005000   |    1.76484   |    3.94137   |      0.926 |      0.616 |    2/150  
		   53/1000 | 0.005000   |    1.76077   |    3.95172   |      0.925 |      0.609 |    3/150  
		   54/1000 | 0.005000   |    1.62117   |    3.94371   |      0.938 |      0.615 |    4/150  
		   55/1000 | 0.005000   |    1.68419   |    3.86546   |      0.931 |      0.628 |    5/150  
		   56/1000 | 0.005000   |    1.60673   |    3.90288   |      0.935 |      0.618 |    6/150  
		   57/1000 | 0.005000   |    1.67155   |    3.96572   |      0.932 |      0.607 |    7/150  
		   58/1000 | 0.005000   |    1.63789   |    3.85215   |      0.934 |      0.630 |    8/150  
		   59/1000 | 0.005000   |    1.58314   |    3.93607   |      0.937 |      0.613 |    9/150  
		   60/1000 | 0.005000   |    1.58890   |    3.89924   |      0.938 |      0.620 |   10/150  
		   61/1000 | 0.005000   |    1.54398   |    3.89176   |      0.941 |      0.622 |   11/150  
		   62/1000 | 0.005000   |    1.62489   |    3.90342   |      0.935 |      0.621 |   12/150  
		   63/1000 | 0.005000   |    1.59216   |    3.92169   |      0.939 |      0.613 |   13/150  
		   64/1000 | 0.005000   |    1.61680   |    3.89193   |      0.940 |      0.619 |   14/150  
		   65/1000 | 0.002500   |    1.57763   |    3.88992   |      0.940 |      0.621 |   15/150  
		   66/1000 | 0.002500   |    1.63292   |    3.87058   |      0.933 |      0.626 |   16/150  
		   67/1000 | 0.002500   |    1.49912   |    3.86110   |      0.945 |      0.626 |   17/150  
		   68/1000 | 0.002500   |    1.53555   |    3.92113   |      0.941 |      0.615 |   18/150  
		   69/1000 | 0.002500   |    1.55104   |    3.95236   |      0.945 |      0.609 |   19/150  
		   70/1000 | 0.002500   |    1.46936   |    3.91525   |      0.947 |      0.615 |   20/150  
		   71/1000 | 0.002500   |    1.42276   |    3.89190   |      0.950 |      0.622 |   21/150  
		   72/1000 | 0.002500   |    1.43745   |    3.88439   |      0.948 |      0.622 |   22/150  
		   73/1000 | 0.002500   |    1.52310   |    3.92674   |      0.942 |      0.614 |   23/150  
		   74/1000 | 0.002500   |    1.48648   |    3.94706   |      0.946 |      0.610 |   24/150  
		   75/1000 | 0.002500   |    1.57131   |    3.88898   |      0.942 |      0.623 |   25/150  
		   76/1000 | 0.002500   |    1.42588   |    3.87192   |      0.948 |      0.626 |   26/150  
		   77/1000 | 0.002500   |    1.40285   |    3.89700   |      0.950 |      0.622 |   27/150  
		   78/1000 | 0.002500   |    1.47554   |    3.95792   |      0.946 |      0.612 |   28/150  
		   79/1000 | 0.002500   |    1.44847   |    3.89485   |      0.947 |      0.623 |   29/150  
		   80/1000 | 0.002500   |    1.58168   |    3.89845   |      0.940 |      0.623 |   30/150  
		   81/1000 | 0.001250   |    1.52753   |    3.88744   |      0.944 |      0.624 |   31/150  
		   82/1000 | 0.001250   |    1.54844   |    3.91907   |      0.947 |      0.617 |   32/150  
		   83/1000 | 0.001250   |    1.57250   |    3.92471   |      0.946 |      0.616 |   33/150  
		   84/1000 | 0.001250   |    1.58444   |    3.93886   |      0.942 |      0.615 |   34/150  
		   85/1000 | 0.001250   |    1.55603   |    3.94903   |      0.941 |      0.614 |   35/150  
		   86/1000 | 0.001250   |    1.46509   |    3.93419   |      0.948 |      0.616 |   36/150  
		   87/1000 | 0.001250   |    1.58664   |    3.94704   |      0.946 |      0.612 |   37/150  
		   88/1000 | 0.001250   |    1.42696   |    3.95286   |      0.951 |      0.612 |   38/150  
		   89/1000 | 0.001250   |    1.41911   |    3.92499   |      0.949 |      0.618 |   39/150  
		   90/1000 | 0.001250   |    1.45903   |    3.93199   |      0.948 |      0.617 |   40/150  
		   91/1000 | 0.001250   |    1.43768   |    3.94019   |      0.951 |      0.616 |   41/150  
		   92/1000 | 0.001250   |    1.45000   |    3.92903   |      0.948 |      0.618 |   42/150  
		   93/1000 | 0.001250   |    1.41542   |    3.96301   |      0.951 |      0.610 |   43/150  
		   94/1000 | 0.001250   |    1.35840   |    3.95247   |      0.954 |      0.612 |   44/150  
		   95/1000 | 0.001250   |    1.41035   |    3.95607   |      0.951 |      0.613 |   45/150  
		   96/1000 | 0.001250   |    1.38717   |    3.96254   |      0.952 |      0.610 |   46/150  
		   97/1000 | 0.000625   |    1.56103   |    3.98306   |      0.941 |      0.607 |   47/150  
		   98/1000 | 0.000625   |    1.49405   |    3.98948   |      0.949 |      0.606 |   48/150  
		   99/1000 | 0.000625   |    1.50148   |    3.98789   |      0.945 |      0.606 |   49/150  
		  100/1000 | 0.000625   |    1.54456   |    3.96450   |      0.947 |      0.609 |   50/150  
		  101/1000 | 0.000625   |    1.42116   |    3.98271   |      0.953 |      0.606 |   51/150  
		  102/1000 | 0.000625   |    1.52142   |    3.97880   |      0.949 |      0.607 |   52/150  
		  103/1000 | 0.000625   |    1.41101   |    3.96778   |      0.950 |      0.609 |   53/150  
		  104/1000 | 0.000625   |    1.42958   |    3.98221   |      0.948 |      0.606 |   54/150  
		  105/1000 | 0.000625   |    1.49107   |    3.99144   |      0.946 |      0.605 |   55/150  
		  106/1000 | 0.000625   |    1.39563   |    3.99536   |      0.950 |      0.604 |   56/150  
		  107/1000 | 0.000625   |    1.47422   |    4.01362   |      0.947 |      0.600 |   57/150  
		  108/1000 | 0.000625   |    1.38076   |    3.99911   |      0.953 |      0.603 |   58/150  
		  109/1000 | 0.000625   |    1.40332   |    3.98088   |      0.951 |      0.608 |   59/150  
		  110/1000 | 0.000625   |    1.43172   |    4.01571   |      0.948 |      0.602 |   60/150  
		  111/1000 | 0.000625   |    1.42484   |    3.99761   |      0.949 |      0.605 |   61/150  
		  112/1000 | 0.000625   |    1.51475   |    4.00577   |      0.947 |      0.603 |   62/150  
		  113/1000 | 0.000313   |    1.39033   |    4.01012   |      0.953 |      0.602 |   63/150  
		  114/1000 | 0.000313   |    1.58653   |    4.00860   |      0.942 |      0.601 |   64/150  
		  115/1000 | 0.000313   |    1.37507   |    4.00878   |      0.954 |      0.602 |   65/150  
		  116/1000 | 0.000313   |    1.49040   |    3.99129   |      0.947 |      0.605 |   66/150  
		  117/1000 | 0.000313   |    1.41223   |    4.02123   |      0.950 |      0.600 |   67/150  
		  118/1000 | 0.000313   |    1.40012   |    4.01708   |      0.952 |      0.601 |   68/150  
		  119/1000 | 0.000313   |    1.42432   |    4.01373   |      0.953 |      0.600 |   69/150  
		  120/1000 | 0.000313   |    1.37255   |    4.00575   |      0.953 |      0.602 |   70/150  
		  121/1000 | 0.000313   |    1.34137   |    4.00054   |      0.954 |      0.603 |   71/150  
		  122/1000 | 0.000313   |    1.45644   |    4.01177   |      0.948 |      0.601 |   72/150  
		  123/1000 | 0.000313   |    1.43023   |    3.99671   |      0.949 |      0.604 |   73/150  
		  124/1000 | 0.000313   |    1.38272   |    3.97698   |      0.952 |      0.608 |   74/150  
		  125/1000 | 0.000313   |    1.33718   |    3.98264   |      0.956 |      0.607 |   75/150  
		  126/1000 | 0.000313   |    1.48171   |    3.99270   |      0.948 |      0.604 |   76/150  
		  127/1000 | 0.000313   |    1.45330   |    3.98366   |      0.948 |      0.606 |   77/150  
		  128/1000 | 0.000313   |    1.49891   |    3.98955   |      0.944 |      0.605 |   78/150  
		  129/1000 | 0.000156   |    1.40458   |    4.02038   |      0.952 |      0.600 |   79/150  
		  130/1000 | 0.000156   |    1.44257   |    4.00913   |      0.947 |      0.602 |   80/150  
		  131/1000 | 0.000156   |    1.49684   |    3.99865   |      0.949 |      0.604 |   81/150  
		  132/1000 | 0.000156   |    1.44854   |    4.00694   |      0.951 |      0.601 |   82/150  
		  133/1000 | 0.000156   |    1.46675   |    4.00394   |      0.945 |      0.603 |   83/150  
		  134/1000 | 0.000156   |    1.37660   |    3.98321   |      0.953 |      0.607 |   84/150  
		  135/1000 | 0.000156   |    1.32224   |    3.99290   |      0.955 |      0.605 |   85/150  
		  136/1000 | 0.000156   |    1.42148   |    4.01064   |      0.949 |      0.602 |   86/150  
		  137/1000 | 0.000156   |    1.42299   |    3.99568   |      0.950 |      0.605 |   87/150  
		  138/1000 | 0.000156   |    1.36961   |    4.00388   |      0.954 |      0.603 |   88/150  
		  139/1000 | 0.000156   |    1.47605   |    4.00550   |      0.953 |      0.602 |   89/150  
		  140/1000 | 0.000156   |    1.62650   |    3.99064   |      0.945 |      0.606 |   90/150  
		  141/1000 | 0.000156   |    1.45516   |    3.98156   |      0.952 |      0.607 |   91/150  
		  142/1000 | 0.000156   |    1.43117   |    3.98567   |      0.951 |      0.606 |   92/150  
		  143/1000 | 0.000156   |    1.38518   |    3.97416   |      0.951 |      0.609 |   93/150  
		  144/1000 | 0.000156   |    1.41664   |    3.99433   |      0.949 |      0.605 |   94/150  
		  145/1000 | 0.000078   |    1.46092   |    3.97825   |      0.946 |      0.608 |   95/150  
		  146/1000 | 0.000078   |    1.39143   |    3.97559   |      0.952 |      0.608 |   96/150  
		  147/1000 | 0.000078   |    1.47078   |    4.00469   |      0.946 |      0.604 |   97/150  
		  148/1000 | 0.000078   |    1.38411   |    3.99831   |      0.952 |      0.605 |   98/150  
		  149/1000 | 0.000078   |    1.38339   |    4.00237   |      0.952 |      0.603 |   99/150  
		  150/1000 | 0.000078   |    1.37255   |    4.00161   |      0.954 |      0.604 |  100/150  
		  151/1000 | 0.000078   |    1.39463   |    3.97806   |      0.951 |      0.608 |  101/150  
		  152/1000 | 0.000078   |    1.47260   |    3.98103   |      0.953 |      0.607 |  102/150  
		  153/1000 | 0.000078   |    1.35665   |    3.98990   |      0.954 |      0.606 |  103/150  
		  154/1000 | 0.000078   |    1.34901   |    3.99741   |      0.955 |      0.604 |  104/150  
		  155/1000 | 0.000078   |    1.47592   |    4.00339   |      0.946 |      0.603 |  105/150  
		  156/1000 | 0.000078   |    1.42706   |    3.97261   |      0.951 |      0.608 |  106/150  
		  157/1000 | 0.000078   |    1.37609   |    3.99178   |      0.953 |      0.605 |  107/150  
		  158/1000 | 0.000078   |    1.39496   |    3.99380   |      0.953 |      0.605 |  108/150  
		  159/1000 | 0.000078   |    1.37871   |    3.98398   |      0.953 |      0.607 |  109/150  
		  160/1000 | 0.000078   |    1.35695   |    4.00569   |      0.956 |      0.604 |  110/150  
		  161/1000 | 0.000039   |    1.41925   |    3.99371   |      0.949 |      0.605 |  111/150  
		  162/1000 | 0.000039   |    1.37680   |    3.98492   |      0.952 |      0.607 |  112/150  
		  163/1000 | 0.000039   |    1.43801   |    4.00169   |      0.949 |      0.603 |  113/150  
		  164/1000 | 0.000039   |    1.35556   |    3.98460   |      0.955 |      0.607 |  114/150  
		  165/1000 | 0.000039   |    1.39325   |    3.98095   |      0.952 |      0.608 |  115/150  
		  166/1000 | 0.000039   |    1.39708   |    3.99569   |      0.952 |      0.605 |  116/150  
		  167/1000 | 0.000039   |    1.39054   |    3.98497   |      0.955 |      0.607 |  117/150  
		  168/1000 | 0.000039   |    1.34128   |    3.98635   |      0.957 |      0.607 |  118/150  
		  169/1000 | 0.000039   |    1.36882   |    3.97993   |      0.953 |      0.608 |  119/150  
		  170/1000 | 0.000039   |    1.34201   |    3.98622   |      0.955 |      0.607 |  120/150  
		  171/1000 | 0.000039   |    1.71341   |    3.98504   |      0.943 |      0.606 |  121/150  
		  172/1000 | 0.000039   |    1.40716   |    3.99499   |      0.950 |      0.605 |  122/150  
		  173/1000 | 0.000039   |    1.39661   |    4.00836   |      0.954 |      0.602 |  123/150  
		  174/1000 | 0.000039   |    1.41038   |    3.98651   |      0.951 |      0.607 |  124/150  
		  175/1000 | 0.000039   |    1.36086   |    4.00788   |      0.953 |      0.603 |  125/150  
		  176/1000 | 0.000039   |    1.44068   |    3.99811   |      0.948 |      0.604 |  126/150  
		  177/1000 | 0.000020   |    1.49538   |    4.01518   |      0.954 |      0.602 |  127/150  
		  178/1000 | 0.000020   |    1.41490   |    3.99484   |      0.949 |      0.606 |  128/150  
		  179/1000 | 0.000020   |    1.44127   |    4.01448   |      0.950 |      0.601 |  129/150  
		  180/1000 | 0.000020   |    1.42779   |    3.98720   |      0.950 |      0.607 |  130/150  
		  181/1000 | 0.000020   |    1.39544   |    4.00699   |      0.952 |      0.603 |  131/150  
		  182/1000 | 0.000020   |    1.37301   |    3.99289   |      0.952 |      0.606 |  132/150  
		  183/1000 | 0.000020   |    1.41468   |    3.99586   |      0.950 |      0.605 |  133/150  
		  184/1000 | 0.000020   |    1.39363   |    3.99744   |      0.951 |      0.605 |  134/150  
		  185/1000 | 0.000020   |    1.39674   |    4.00001   |      0.951 |      0.604 |  135/150  
		  186/1000 | 0.000020   |    1.44200   |    4.01872   |      0.951 |      0.601 |  136/150  
		  187/1000 | 0.000020   |    1.33253   |    3.98441   |      0.955 |      0.607 |  137/150  
		  188/1000 | 0.000020   |    1.36545   |    3.99763   |      0.954 |      0.605 |  138/150  
		  189/1000 | 0.000020   |    1.35962   |    4.00645   |      0.953 |      0.603 |  139/150  
		  190/1000 | 0.000020   |    1.39897   |    4.00804   |      0.951 |      0.603 |  140/150  
		  191/1000 | 0.000020   |    1.38219   |    3.99284   |      0.955 |      0.605 |  141/150  
		  192/1000 | 0.000020   |    1.49833   |    4.00692   |      0.949 |      0.602 |  142/150  
		  193/1000 | 0.000010   |    1.46354   |    4.00737   |      0.952 |      0.604 |  143/150  
		  194/1000 | 0.000010   |    1.35538   |    4.01536   |      0.955 |      0.601 |  144/150  
		  195/1000 | 0.000010   |    1.40767   |    4.00926   |      0.949 |      0.603 |  145/150  
		  196/1000 | 0.000010   |    1.37288   |    3.99810   |      0.954 |      0.604 |  146/150  
		  197/1000 | 0.000010   |    1.34894   |    4.00053   |      0.954 |      0.604 |  147/150  
		  198/1000 | 0.000010   |    1.38187   |    3.99806   |      0.953 |      0.605 |  148/150  
		  199/1000 | 0.000010   |    1.38050   |    3.97649   |      0.952 |      0.609 |  149/150  

		Early stopping triggered.
		[INFO] Case 3 completed.
