nohup: ignoring input
Crash diagnostics ON


==================================================
PART 1: Data preprocess for 2023-01-01 00:00:00 to 2024-09-30 23:00:00...
==================================================

	1.1 Preprocessing radiation data...
		[INFO] Radiation data already exists at './data/timeseries/radiation_data.csv'

	1.2 Preprocessing temperature data...
		[INFO] Temperature data already exists at './data/timeseries/temperature_data.csv'

	1.3 Preprocessing building data...
		[INFO] Building data already exists at './data/timeseries/building_data.csv'

	1.4 Preprocessing electricity cost data...
		[INFO] Electricity cost data already exists at './data/timeseries/electricitycostG2B_data.csv' and './data/timeseries/electricitycostG2V_data.csv'

	1.5 Preprocessing battery demand series data...
		[INFO] Found existing battery data at 'data/battery_demandV2/resample_full.csv' and 'data/battery_demandV2/resample_train.csv'

		[INFO] Number of series for clean windows = (168, 37)
		[INFO] Number of eligible series for Case 2 = (1395, 37)
		[INFO] Case 1 exists — loaded battery demand from 'data/battery_demandV2/case1_real_only/battery_demand.npy' with shape (168, 37).
		[INFO] Case 2 exists — loaded battery demand from 'data/battery_demandV2/case2_nan_filled/battery_demand.npy' with shape (1563, 37).
		[INFO] Case 0 exists — loaded battery demand from 'data/battery_demandV2/case0_test/battery_demand.npy' with shape (2, 49).

	1.6 Generating battery schedule...
		[INFO] Case 0 exists — loaded from 'data/battery_demandV2/case0_test/battery_availability.npy' and 'data/battery_demandV2/case0_test/battery_details.npy' shape (2, 272, 48) and (4, 2, 272)
		[INFO] Case 1 exists — loaded from 'data/battery_demandV2/case1_real_only/battery_availability.npy' and 'data/battery_demandV2/case1_real_only/battery_details.npy' shape (168, 237, 36) and (4, 168, 237)
		[INFO] Case 2 exists — loaded from 'data/battery_demandV2/case2_nan_filled/battery_availability.npy' and 'data/battery_demandV2/case2_nan_filled/battery_details.npy' shape (1563, 237, 36) and (4, 1563, 237)
		[ERROR] Could not load battery demand from 'data/battery_demandV2/case3_extended_generated/battery_demand.npy': [Errno 2] No such file or directory: 'data/battery_demandV2/case3_extended_generated/battery_demand.npy'


==================================================
PART 2: MILP Optimization...
==================================================

	2.0 Optimizing Case 0...
		[INFO] Loaded 2 samples from 'data/battery_demandV2/case0_test'
		[INFO] Results already exist at 'data/optimization_resultsV2/case0_test/immediate_charging/V2B.npy'. Skipping immediate_charging run.
		[INFO] Results already exist at 'data/optimization_resultsV2/case0_test/optimization/V2B.npy'. Skipping optimization run.
		[INFO] Case 0 completed.

	2.1 Optimizing Case 1...
		[INFO] Loaded 168 samples from 'data/battery_demandV2/case1_real_only'
		[INFO] Results already exist at 'data/optimization_resultsV2/case1_real_only/immediate_charging/V2B.npy'. Skipping immediate_charging run.
		[INFO] Results already exist at 'data/optimization_resultsV2/case1_real_only/optimization/V2B.npy'. Skipping optimization run.
		[INFO] Case 1 completed.

	2.2 Optimizing Case 2...
		[INFO] Loaded 1563 samples from 'data/battery_demandV2/case2_nan_filled'
		[INFO] Results already exist at 'data/optimization_resultsV2/case2_nan_filled/immediate_charging/V2B.npy'. Skipping immediate_charging run.
		[INFO] Results already exist at 'data/optimization_resultsV2/case2_nan_filled/optimization/V2B.npy'. Skipping optimization run.
		[INFO] Case 2 completed.


==================================================
PART 3: Supervised Learning...
==================================================

	3.2 Training Case 2...

=== Starting Training Run: STAFV7_CASE2 ===
Device: cuda
		[INFO] Starting Preprocessing for Case 2...
		[INFO] Unique quantized indices: 28274
		[INFO] Suggested num_embeddings: 33928
		[INFO] Generating sliding windows...
		[INFO] Saved dataset: ./data/training_results/STAFV7_CASE2/merged_dataset_STAFV7_CASE2.csv (Shape: (18756, 225))
		[INFO] Saved metadata: ./data/training_results/STAFV7_CASE2/feature_info_STAFV7_CASE2.json
	[Model Config] Detected Dims: {'static': 4, 'series_count': 6, 'seq_len': 24, 'vehicle': 76, 'emb_vocab': 12000}
		[INFO] Data loaded. Train: 13129, Val: 5627
		[INFO] Fitting new scalers on training data...
		[INFO] Calculating weights for imbalanced regression...
		[INFO] 
==================================================
		[INFO] 🚀 TRAINING SESSION: STAFV7_CASE2
		[INFO] ==================================================
		[INFO] Device:             cuda
		[INFO] Model Parameters:   268,370
		[INFO] --------------------------------------------------
		[INFO] Epochs:             5000
		[INFO] Batch Size:         64
		[INFO] Learning Rate:      0.001
		[INFO] Weight Decay:       0.001
		[INFO] Dropout:            0.6
		[INFO] --------------------------------------------------
		[INFO] Hidden Layers:      [256, 64]
		[INFO] Embedding Dim:      16
		[INFO] Attention Heads:    4
		[INFO]==================================================


		[INFO]Epoch |    LR    | Trn RMSE | Val RMSE | Trn R2 | Val R2 | Stop
-----------------------------------------------------------------
		[INFO]    1 | 0.001000 |   6.8401 |   5.9048 |  0.301 |  0.334 | 0/150
		[INFO]    2 | 0.001000 |   5.3260 |   5.2932 |  0.582 |  0.465 | 0/150
		[INFO]    3 | 0.001000 |   5.0852 |   4.5699 |  0.616 |  0.601 | 0/150
		[INFO]    4 | 0.001000 |   4.9388 |   4.8313 |  0.637 |  0.554 | 0/150
		[INFO]    5 | 0.001000 |   4.8345 |   4.5388 |  0.655 |  0.606 | 1/150
		[INFO]    6 | 0.001000 |   4.7633 |   4.5880 |  0.669 |  0.598 | 0/150
		[INFO]    7 | 0.001000 |   4.6492 |   4.2891 |  0.675 |  0.649 | 1/150
		[INFO]    8 | 0.001000 |   4.6629 |   4.5594 |  0.679 |  0.603 | 0/150
		[INFO]    9 | 0.001000 |   4.5686 |   4.2929 |  0.692 |  0.648 | 1/150
		[INFO]   10 | 0.001000 |   4.5333 |   4.3183 |  0.690 |  0.644 | 2/150
		[INFO]   11 | 0.001000 |   4.4747 |   4.3707 |  0.702 |  0.635 | 3/150
		[INFO]   12 | 0.001000 |   4.4126 |   4.5196 |  0.706 |  0.610 | 4/150
		[INFO]   13 | 0.001000 |   4.3443 |   4.4298 |  0.724 |  0.625 | 5/150
		[INFO]   14 | 0.001000 |   4.3707 |   4.2899 |  0.713 |  0.648 | 6/150
		[INFO]   15 | 0.001000 |   4.3012 |   4.2644 |  0.725 |  0.653 | 7/150
		[INFO]   16 | 0.001000 |   4.3407 |   4.0480 |  0.724 |  0.687 | 0/150
		[INFO]   17 | 0.001000 |   4.3132 |   4.5155 |  0.725 |  0.611 | 0/150
		[INFO]   18 | 0.001000 |   4.2125 |   4.1535 |  0.734 |  0.670 | 1/150
		[INFO]   19 | 0.001000 |   4.1885 |   4.0743 |  0.738 |  0.683 | 2/150
		[INFO]   20 | 0.001000 |   4.2044 |   4.0877 |  0.737 |  0.681 | 3/150
		[INFO]   21 | 0.001000 |   4.1269 |   4.2374 |  0.746 |  0.657 | 4/150
		[INFO]   22 | 0.001000 |   4.1163 |   4.1975 |  0.745 |  0.663 | 5/150
		[INFO]   23 | 0.001000 |   4.1288 |   4.0791 |  0.748 |  0.682 | 6/150
		[INFO]   24 | 0.001000 |   4.1288 |   4.2363 |  0.747 |  0.657 | 7/150
		[INFO]   25 | 0.001000 |   4.1248 |   4.2406 |  0.748 |  0.656 | 8/150
		[INFO]   26 | 0.001000 |   4.0761 |   4.1513 |  0.755 |  0.671 | 9/150
		[INFO]   27 | 0.001000 |   4.0491 |   4.0737 |  0.756 |  0.683 | 10/150
		[INFO]   28 | 0.001000 |   4.0647 |   4.1079 |  0.755 |  0.678 | 11/150
		[INFO]   29 | 0.001000 |   4.0626 |   4.0566 |  0.757 |  0.686 | 12/150
		[INFO]   30 | 0.001000 |   4.0103 |   4.0984 |  0.762 |  0.679 | 13/150
		[INFO]   31 | 0.001000 |   3.9772 |   4.0875 |  0.763 |  0.681 | 14/150
		[INFO]   32 | 0.001000 |   3.9582 |   3.9743 |  0.767 |  0.698 | 15/150
		[INFO]   33 | 0.001000 |   4.0084 |   4.1633 |  0.760 |  0.669 | 0/150
		[INFO]   34 | 0.001000 |   4.0183 |   4.2743 |  0.760 |  0.651 | 1/150
		[INFO]   35 | 0.001000 |   3.9227 |   4.1483 |  0.773 |  0.671 | 2/150
		[INFO]   36 | 0.001000 |   3.9416 |   3.9568 |  0.767 |  0.701 | 3/150
		[INFO]   37 | 0.001000 |   3.9469 |   4.1724 |  0.770 |  0.667 | 0/150
		[INFO]   38 | 0.001000 |   3.9079 |   4.1886 |  0.776 |  0.665 | 1/150
		[INFO]   39 | 0.001000 |   3.8840 |   3.9827 |  0.773 |  0.697 | 2/150
		[INFO]   40 | 0.001000 |   3.8642 |   4.1513 |  0.777 |  0.671 | 3/150
		[INFO]   41 | 0.001000 |   3.9148 |   3.9972 |  0.773 |  0.695 | 4/150
		[INFO]   42 | 0.001000 |   3.8894 |   4.0661 |  0.778 |  0.684 | 5/150
		[INFO]   43 | 0.001000 |   3.8838 |   4.2797 |  0.779 |  0.650 | 6/150
		[INFO]   44 | 0.001000 |   3.8217 |   3.9829 |  0.783 |  0.697 | 7/150
		[INFO]   45 | 0.001000 |   3.8985 |   3.9947 |  0.775 |  0.695 | 8/150
		[INFO]   46 | 0.001000 |   3.8500 |   4.0262 |  0.780 |  0.690 | 9/150
		[INFO]   47 | 0.001000 |   3.8480 |   3.9479 |  0.777 |  0.702 | 10/150
		[INFO]   48 | 0.001000 |   3.8302 |   4.0169 |  0.783 |  0.692 | 0/150
		[INFO]   49 | 0.001000 |   3.8828 |   4.0915 |  0.778 |  0.680 | 1/150
		[INFO]   50 | 0.001000 |   3.8080 |   3.9967 |  0.783 |  0.695 | 2/150
		[INFO]   51 | 0.001000 |   3.7876 |   4.1643 |  0.789 |  0.669 | 3/150
		[INFO]   52 | 0.001000 |   3.8404 |   4.0661 |  0.785 |  0.684 | 4/150
		[INFO]   53 | 0.001000 |   3.8080 |   4.0049 |  0.783 |  0.694 | 5/150
		[INFO]   54 | 0.001000 |   3.8443 |   4.1918 |  0.783 |  0.664 | 6/150
		[INFO]   55 | 0.001000 |   3.8574 |   4.0906 |  0.781 |  0.680 | 7/150
		[INFO]   56 | 0.001000 |   3.7691 |   3.9956 |  0.791 |  0.695 | 8/150
		[INFO]   57 | 0.001000 |   3.7540 |   3.9471 |  0.791 |  0.702 | 9/150
		[INFO]   58 | 0.001000 |   3.8141 |   4.0924 |  0.787 |  0.680 | 0/150
		[INFO]   59 | 0.001000 |   3.7698 |   4.1088 |  0.789 |  0.678 | 1/150
		[INFO]   60 | 0.001000 |   3.7203 |   3.8640 |  0.790 |  0.715 | 2/150
		[INFO]   61 | 0.001000 |   3.7289 |   4.0307 |  0.791 |  0.690 | 0/150
		[INFO]   62 | 0.001000 |   3.7671 |   3.8624 |  0.787 |  0.715 | 1/150
		[INFO]   63 | 0.001000 |   3.6850 |   3.9837 |  0.796 |  0.697 | 0/150
		[INFO]   64 | 0.001000 |   3.7381 |   3.9923 |  0.795 |  0.696 | 1/150
		[INFO]   65 | 0.001000 |   3.7756 |   3.9767 |  0.789 |  0.698 | 2/150
		[INFO]   66 | 0.001000 |   3.7513 |   4.1299 |  0.791 |  0.674 | 3/150
		[INFO]   67 | 0.001000 |   3.6973 |   4.0072 |  0.797 |  0.693 | 4/150
		[INFO]   68 | 0.001000 |   3.7405 |   3.8217 |  0.793 |  0.721 | 5/150
		[INFO]   69 | 0.001000 |   3.7474 |   3.9258 |  0.792 |  0.706 | 0/150
		[INFO]   70 | 0.001000 |   3.7627 |   3.9189 |  0.788 |  0.707 | 1/150
		[INFO]   71 | 0.001000 |   3.7218 |   4.0798 |  0.796 |  0.682 | 2/150
		[INFO]   72 | 0.001000 |   3.6150 |   3.9906 |  0.804 |  0.696 | 3/150
		[INFO]   73 | 0.001000 |   3.6144 |   4.0345 |  0.805 |  0.689 | 4/150
		[INFO]   74 | 0.001000 |   3.6888 |   3.9785 |  0.801 |  0.698 | 5/150
		[INFO]   75 | 0.001000 |   3.7561 |   4.2005 |  0.793 |  0.663 | 6/150
		[INFO]   76 | 0.001000 |   3.7093 |   4.1893 |  0.795 |  0.665 | 7/150
		[INFO]   77 | 0.001000 |   3.6888 |   3.9688 |  0.794 |  0.699 | 8/150
		[INFO]   78 | 0.001000 |   3.7083 |   3.8174 |  0.799 |  0.722 | 9/150
		[INFO]   79 | 0.001000 |   3.7212 |   4.0663 |  0.799 |  0.684 | 0/150
		[INFO]   80 | 0.001000 |   3.6793 |   3.8089 |  0.798 |  0.723 | 1/150
		[INFO]   81 | 0.001000 |   3.7214 |   4.0569 |  0.795 |  0.686 | 0/150
		[INFO]   82 | 0.001000 |   3.7238 |   4.0160 |  0.792 |  0.692 | 1/150
		[INFO]   83 | 0.001000 |   3.6826 |   3.9467 |  0.801 |  0.702 | 2/150
		[INFO]   84 | 0.001000 |   3.6641 |   3.9682 |  0.803 |  0.699 | 3/150
		[INFO]   85 | 0.001000 |   3.6518 |   3.8291 |  0.802 |  0.720 | 4/150
		[INFO]   86 | 0.001000 |   3.6620 |   3.9630 |  0.805 |  0.700 | 5/150
		[INFO]   87 | 0.001000 |   3.6972 |   4.2868 |  0.800 |  0.649 | 6/150
		[INFO]   88 | 0.001000 |   3.6450 |   3.9366 |  0.802 |  0.704 | 7/150
		[INFO]   89 | 0.001000 |   3.6776 |   3.8759 |  0.805 |  0.713 | 8/150
		[INFO]   90 | 0.001000 |   3.6331 |   4.0824 |  0.802 |  0.682 | 9/150
		[INFO]   91 | 0.001000 |   3.6676 |   3.7791 |  0.803 |  0.727 | 10/150
		[INFO]   92 | 0.001000 |   3.6574 |   3.9777 |  0.802 |  0.698 | 0/150
		[INFO]   93 | 0.001000 |   3.6698 |   3.8957 |  0.807 |  0.710 | 1/150
		[INFO]   94 | 0.001000 |   3.6287 |   3.8993 |  0.805 |  0.710 | 2/150
		[INFO]   95 | 0.001000 |   3.6724 |   3.8664 |  0.801 |  0.714 | 3/150
		[INFO]   96 | 0.001000 |   3.6013 |   3.9277 |  0.810 |  0.705 | 4/150
		[INFO]   97 | 0.001000 |   3.6879 |   3.8559 |  0.802 |  0.716 | 5/150
		[INFO]   98 | 0.001000 |   3.6478 |   3.9310 |  0.804 |  0.705 | 6/150
		[INFO]   99 | 0.001000 |   3.6054 |   3.8378 |  0.809 |  0.719 | 7/150
		[INFO]  100 | 0.001000 |   3.6041 |   4.1250 |  0.804 |  0.675 | 8/150
		[INFO]  101 | 0.001000 |   3.5412 |   4.0158 |  0.812 |  0.692 | 9/150
		[INFO]  102 | 0.001000 |   3.5887 |   3.9662 |  0.808 |  0.700 | 10/150
		[INFO]  103 | 0.001000 |   3.6032 |   3.9468 |  0.806 |  0.702 | 11/150
		[INFO]  104 | 0.001000 |   3.6713 |   3.8540 |  0.805 |  0.716 | 12/150
		[INFO]  105 | 0.001000 |   3.5718 |   3.9060 |  0.808 |  0.709 | 13/150
		[INFO]  106 | 0.001000 |   3.5844 |   3.8539 |  0.812 |  0.716 | 14/150
		[INFO]  107 | 0.001000 |   3.5695 |   4.1161 |  0.812 |  0.676 | 15/150
		[INFO]  108 | 0.001000 |   3.5886 |   3.8479 |  0.810 |  0.717 | 16/150
		[INFO]  109 | 0.001000 |   3.5741 |   3.9321 |  0.811 |  0.705 | 17/150
		[INFO]  110 | 0.001000 |   3.5749 |   4.0596 |  0.808 |  0.685 | 18/150
		[INFO]  111 | 0.001000 |   3.5514 |   4.0039 |  0.812 |  0.694 | 19/150
		[INFO]  112 | 0.001000 |   3.5679 |   4.1152 |  0.810 |  0.677 | 20/150
		[INFO]  113 | 0.000750 |   3.6049 |   3.8896 |  0.806 |  0.711 | 21/150
		[INFO]  114 | 0.000750 |   3.5460 |   3.9209 |  0.812 |  0.706 | 22/150
		[INFO]  115 | 0.000750 |   3.4921 |   4.1095 |  0.818 |  0.677 | 23/150
		[INFO]  116 | 0.000750 |   3.5137 |   3.9257 |  0.814 |  0.706 | 24/150
		[INFO]  117 | 0.000750 |   3.5251 |   3.9189 |  0.814 |  0.707 | 25/150
		[INFO]  118 | 0.000750 |   3.5025 |   3.9026 |  0.814 |  0.709 | 26/150
		[INFO]  119 | 0.000750 |   3.5107 |   4.0337 |  0.818 |  0.689 | 27/150
		[INFO]  120 | 0.000750 |   3.5260 |   3.9319 |  0.816 |  0.705 | 28/150
		[INFO]  121 | 0.000750 |   3.5489 |   4.0359 |  0.813 |  0.689 | 29/150
		[INFO]  122 | 0.000750 |   3.5176 |   3.9132 |  0.817 |  0.708 | 30/150
		[INFO]  123 | 0.000750 |   3.5064 |   3.9260 |  0.817 |  0.706 | 31/150
		[INFO]  124 | 0.000750 |   3.5112 |   4.2134 |  0.814 |  0.661 | 32/150
		[INFO]  125 | 0.000750 |   3.4469 |   4.0624 |  0.822 |  0.685 | 33/150
		[INFO]  126 | 0.000750 |   3.5179 |   3.8147 |  0.817 |  0.722 | 34/150
		[INFO]  127 | 0.000750 |   3.5319 |   3.9250 |  0.816 |  0.706 | 35/150
		[INFO]  128 | 0.000750 |   3.5657 |   4.0192 |  0.819 |  0.691 | 36/150
		[INFO]  129 | 0.000750 |   3.5102 |   4.1121 |  0.817 |  0.677 | 37/150
		[INFO]  130 | 0.000750 |   3.4855 |   3.8208 |  0.820 |  0.721 | 38/150
		[INFO]  131 | 0.000750 |   3.4996 |   3.9721 |  0.818 |  0.699 | 39/150
		[INFO]  132 | 0.000750 |   3.5227 |   3.8262 |  0.819 |  0.720 | 40/150
		[INFO]  133 | 0.000750 |   3.5181 |   3.7736 |  0.819 |  0.728 | 41/150
		[INFO]  134 | 0.000750 |   3.4824 |   3.7992 |  0.820 |  0.724 | 0/150
		[INFO]  135 | 0.000750 |   3.5001 |   3.8732 |  0.818 |  0.713 | 1/150
		[INFO]  136 | 0.000750 |   3.4966 |   4.0088 |  0.820 |  0.693 | 2/150
		[INFO]  137 | 0.000750 |   3.5191 |   3.9885 |  0.819 |  0.696 | 3/150
		[INFO]  138 | 0.000750 |   3.4794 |   3.7925 |  0.820 |  0.725 | 4/150
		[INFO]  139 | 0.000750 |   3.4526 |   3.9850 |  0.825 |  0.697 | 5/150
		[INFO]  140 | 0.000750 |   3.4399 |   3.8030 |  0.822 |  0.724 | 6/150
		[INFO]  141 | 0.000750 |   3.4867 |   3.8950 |  0.819 |  0.710 | 7/150
		[INFO]  142 | 0.000750 |   3.4592 |   4.2023 |  0.820 |  0.663 | 8/150
		[INFO]  143 | 0.000750 |   3.4739 |   3.7726 |  0.823 |  0.728 | 9/150
		[INFO]  144 | 0.000750 |   3.5144 |   4.0099 |  0.814 |  0.693 | 0/150
		[INFO]  145 | 0.000750 |   3.5344 |   3.9563 |  0.818 |  0.701 | 1/150
		[INFO]  146 | 0.000750 |   3.4781 |   3.9306 |  0.819 |  0.705 | 2/150
		[INFO]  147 | 0.000750 |   3.4422 |   3.8448 |  0.824 |  0.718 | 3/150
		[INFO]  148 | 0.000750 |   3.4460 |   3.7810 |  0.824 |  0.727 | 4/150
		[INFO]  149 | 0.000750 |   3.4792 |   3.8470 |  0.823 |  0.717 | 5/150
		[INFO]  150 | 0.000750 |   3.4886 |   3.8856 |  0.819 |  0.712 | 6/150
		[INFO]  151 | 0.000750 |   3.4713 |   3.8367 |  0.821 |  0.719 | 7/150
		[INFO]  152 | 0.000750 |   3.5186 |   4.2989 |  0.814 |  0.647 | 8/150
		[INFO]  153 | 0.000750 |   3.4338 |   3.8421 |  0.825 |  0.718 | 9/150
		[INFO]  154 | 0.000750 |   3.4594 |   3.8470 |  0.821 |  0.717 | 10/150
		[INFO]  155 | 0.000750 |   3.4870 |   4.0260 |  0.820 |  0.690 | 11/150
		[INFO]  156 | 0.000750 |   3.4443 |   3.8486 |  0.824 |  0.717 | 12/150
		[INFO]  157 | 0.000750 |   3.4327 |   3.8972 |  0.823 |  0.710 | 13/150
		[INFO]  158 | 0.000750 |   3.4653 |   3.8857 |  0.822 |  0.712 | 14/150
		[INFO]  159 | 0.000750 |   3.4777 |   3.9755 |  0.818 |  0.698 | 15/150
		[INFO]  160 | 0.000750 |   3.4596 |   3.9245 |  0.822 |  0.706 | 16/150
		[INFO]  161 | 0.000750 |   3.3993 |   3.9346 |  0.826 |  0.704 | 17/150
		[INFO]  162 | 0.000750 |   3.4790 |   3.7742 |  0.822 |  0.728 | 18/150
		[INFO]  163 | 0.000750 |   3.4807 |   3.8670 |  0.818 |  0.714 | 19/150
		[INFO]  164 | 0.000750 |   3.4258 |   4.0776 |  0.824 |  0.682 | 20/150
		[INFO]  165 | 0.000563 |   3.4353 |   3.8830 |  0.823 |  0.712 | 21/150
		[INFO]  166 | 0.000563 |   3.4466 |   3.9356 |  0.821 |  0.704 | 22/150
		[INFO]  167 | 0.000563 |   3.4372 |   4.0335 |  0.828 |  0.689 | 23/150
		[INFO]  168 | 0.000563 |   3.4113 |   3.9020 |  0.825 |  0.709 | 24/150
		[INFO]  169 | 0.000563 |   3.3846 |   3.7063 |  0.832 |  0.738 | 25/150
		[INFO]  170 | 0.000563 |   3.4390 |   3.7457 |  0.826 |  0.732 | 0/150
		[INFO]  171 | 0.000563 |   3.4273 |   3.9098 |  0.826 |  0.708 | 1/150
		[INFO]  172 | 0.000563 |   3.4325 |   4.0842 |  0.827 |  0.681 | 2/150
		[INFO]  173 | 0.000563 |   3.4117 |   3.7824 |  0.826 |  0.727 | 3/150
		[INFO]  174 | 0.000563 |   3.3604 |   3.7740 |  0.833 |  0.728 | 4/150
		[INFO]  175 | 0.000563 |   3.3648 |   3.7842 |  0.831 |  0.726 | 5/150
		[INFO]  176 | 0.000563 |   3.4297 |   3.7632 |  0.824 |  0.729 | 6/150
		[INFO]  177 | 0.000563 |   3.4432 |   3.9791 |  0.826 |  0.698 | 7/150
		[INFO]  178 | 0.000563 |   3.4077 |   3.8654 |  0.827 |  0.715 | 8/150
		[INFO]  179 | 0.000563 |   3.3564 |   3.8066 |  0.832 |  0.723 | 9/150
		[INFO]  180 | 0.000563 |   3.3923 |   3.7906 |  0.830 |  0.726 | 10/150
		[INFO]  181 | 0.000563 |   3.3508 |   3.8000 |  0.831 |  0.724 | 11/150
		[INFO]  182 | 0.000563 |   3.4086 |   4.0735 |  0.828 |  0.683 | 12/150
		[INFO]  183 | 0.000563 |   3.3888 |   3.7748 |  0.829 |  0.728 | 13/150
		[INFO]  184 | 0.000563 |   3.3936 |   3.8884 |  0.830 |  0.711 | 14/150
		[INFO]  185 | 0.000563 |   3.3629 |   3.8521 |  0.832 |  0.717 | 15/150
		[INFO]  186 | 0.000563 |   3.3944 |   4.1526 |  0.829 |  0.671 | 16/150
		[INFO]  187 | 0.000563 |   3.3505 |   3.8684 |  0.835 |  0.714 | 17/150
		[INFO]  188 | 0.000563 |   3.3806 |   3.9462 |  0.827 |  0.703 | 18/150
		[INFO]  189 | 0.000563 |   3.3777 |   3.8921 |  0.830 |  0.711 | 19/150
		[INFO]  190 | 0.000563 |   3.3788 |   3.7355 |  0.831 |  0.733 | 20/150
		[INFO]  191 | 0.000422 |   3.3685 |   3.8982 |  0.833 |  0.710 | 21/150
		[INFO]  192 | 0.000422 |   3.4022 |   3.8969 |  0.827 |  0.710 | 22/150
		[INFO]  193 | 0.000422 |   3.3732 |   4.0695 |  0.832 |  0.684 | 23/150
		[INFO]  194 | 0.000422 |   3.3699 |   3.8464 |  0.828 |  0.717 | 24/150
		[INFO]  195 | 0.000422 |   3.3987 |   3.9655 |  0.830 |  0.700 | 25/150
		[INFO]  196 | 0.000422 |   3.3677 |   3.8820 |  0.832 |  0.712 | 26/150
		[INFO]  197 | 0.000422 |   3.3266 |   3.8021 |  0.835 |  0.724 | 27/150
		[INFO]  198 | 0.000422 |   3.2930 |   3.9050 |  0.837 |  0.709 | 28/150
		[INFO]  199 | 0.000422 |   3.3688 |   3.9621 |  0.835 |  0.700 | 29/150
		[INFO]  200 | 0.000422 |   3.3469 |   3.8312 |  0.833 |  0.720 | 30/150
		[INFO]  201 | 0.000422 |   3.3070 |   3.9536 |  0.838 |  0.701 | 31/150
		[INFO]  202 | 0.000422 |   3.3160 |   4.0285 |  0.836 |  0.690 | 32/150
		[INFO]  203 | 0.000422 |   3.3551 |   3.8023 |  0.831 |  0.724 | 33/150
		[INFO]  204 | 0.000422 |   3.3453 |   3.7845 |  0.833 |  0.726 | 34/150
		[INFO]  205 | 0.000422 |   3.3036 |   3.7563 |  0.839 |  0.730 | 35/150
		[INFO]  206 | 0.000422 |   3.3758 |   3.7169 |  0.832 |  0.736 | 36/150
		[INFO]  207 | 0.000422 |   3.3669 |   3.9306 |  0.830 |  0.705 | 37/150
		[INFO]  208 | 0.000422 |   3.3910 |   3.8151 |  0.828 |  0.722 | 38/150
		[INFO]  209 | 0.000422 |   3.3041 |   3.8628 |  0.838 |  0.715 | 39/150
		[INFO]  210 | 0.000422 |   3.3234 |   4.0297 |  0.836 |  0.690 | 40/150
		[INFO]  211 | 0.000422 |   3.3403 |   3.8559 |  0.832 |  0.716 | 41/150
		[INFO]  212 | 0.000316 |   3.3429 |   3.9789 |  0.835 |  0.698 | 42/150
		[INFO]  213 | 0.000316 |   3.3546 |   3.8744 |  0.832 |  0.713 | 43/150
		[INFO]  214 | 0.000316 |   3.3089 |   3.9324 |  0.834 |  0.705 | 44/150
		[INFO]  215 | 0.000316 |   3.3462 |   3.9755 |  0.831 |  0.698 | 45/150
		[INFO]  216 | 0.000316 |   3.3397 |   3.7889 |  0.834 |  0.726 | 46/150
		[INFO]  217 | 0.000316 |   3.3194 |   3.7916 |  0.840 |  0.725 | 47/150
		[INFO]  218 | 0.000316 |   3.3212 |   3.8561 |  0.836 |  0.716 | 48/150
		[INFO]  219 | 0.000316 |   3.3279 |   4.1802 |  0.835 |  0.666 | 49/150
		[INFO]  220 | 0.000316 |   3.2699 |   3.8482 |  0.841 |  0.717 | 50/150
		[INFO]  221 | 0.000316 |   3.3186 |   3.7874 |  0.841 |  0.726 | 51/150
		[INFO]  222 | 0.000316 |   3.3172 |   3.8752 |  0.837 |  0.713 | 52/150
		[INFO]  223 | 0.000316 |   3.3139 |   3.9059 |  0.837 |  0.709 | 53/150
		[INFO]  224 | 0.000316 |   3.2780 |   3.9088 |  0.839 |  0.708 | 54/150
		[INFO]  225 | 0.000316 |   3.3103 |   3.9274 |  0.835 |  0.705 | 55/150
		[INFO]  226 | 0.000316 |   3.3054 |   3.7980 |  0.836 |  0.724 | 56/150
		[INFO]  227 | 0.000316 |   3.3358 |   3.7126 |  0.837 |  0.737 | 57/150
		[INFO]  228 | 0.000316 |   3.3244 |   3.8969 |  0.833 |  0.710 | 58/150
		[INFO]  229 | 0.000316 |   3.2934 |   3.8253 |  0.838 |  0.721 | 59/150
		[INFO]  230 | 0.000316 |   3.3551 |   4.0415 |  0.835 |  0.688 | 60/150
		[INFO]  231 | 0.000316 |   3.3397 |   3.7984 |  0.834 |  0.724 | 61/150
		[INFO]  232 | 0.000316 |   3.3313 |   3.8940 |  0.837 |  0.710 | 62/150
		[INFO]  233 | 0.000237 |   3.3209 |   3.9610 |  0.836 |  0.700 | 63/150
		[INFO]  234 | 0.000237 |   3.2995 |   3.9174 |  0.838 |  0.707 | 64/150
		[INFO]  235 | 0.000237 |   3.3224 |   3.7679 |  0.840 |  0.729 | 65/150
		[INFO]  236 | 0.000237 |   3.2876 |   3.7529 |  0.842 |  0.731 | 66/150
		[INFO]  237 | 0.000237 |   3.2318 |   3.7033 |  0.846 |  0.738 | 67/150
		[INFO]  238 | 0.000237 |   3.2922 |   3.7993 |  0.840 |  0.724 | 0/150
		[INFO]  239 | 0.000237 |   3.2409 |   3.8745 |  0.843 |  0.713 | 1/150
		[INFO]  240 | 0.000237 |   3.2969 |   3.8071 |  0.838 |  0.723 | 2/150
		[INFO]  241 | 0.000237 |   3.2665 |   4.2004 |  0.839 |  0.663 | 3/150
		[INFO]  242 | 0.000237 |   3.2713 |   3.8961 |  0.840 |  0.710 | 4/150
		[INFO]  243 | 0.000237 |   3.2786 |   3.9127 |  0.840 |  0.708 | 5/150
		[INFO]  244 | 0.000237 |   3.2182 |   3.7472 |  0.846 |  0.732 | 6/150
		[INFO]  245 | 0.000237 |   3.3136 |   4.1206 |  0.837 |  0.676 | 7/150
		[INFO]  246 | 0.000237 |   3.2698 |   3.7584 |  0.844 |  0.730 | 8/150
		[INFO]  247 | 0.000237 |   3.2918 |   3.8232 |  0.840 |  0.721 | 9/150
		[INFO]  248 | 0.000237 |   3.3343 |   3.7086 |  0.837 |  0.737 | 10/150
		[INFO]  249 | 0.000237 |   3.2810 |   3.7538 |  0.841 |  0.731 | 11/150
		[INFO]  250 | 0.000237 |   3.3221 |   3.8158 |  0.838 |  0.722 | 12/150
		[INFO]  251 | 0.000237 |   3.2690 |   3.7531 |  0.842 |  0.731 | 13/150
		[INFO]  252 | 0.000237 |   3.2627 |   3.6974 |  0.845 |  0.739 | 14/150
		[INFO]  253 | 0.000237 |   3.2193 |   4.0165 |  0.846 |  0.692 | 0/150
		[INFO]  254 | 0.000237 |   3.2410 |   3.9371 |  0.843 |  0.704 | 1/150
		[INFO]  255 | 0.000237 |   3.2822 |   3.7812 |  0.840 |  0.727 | 2/150
		[INFO]  256 | 0.000237 |   3.2917 |   3.7816 |  0.844 |  0.727 | 3/150
		[INFO]  257 | 0.000237 |   3.2953 |   4.0731 |  0.838 |  0.683 | 4/150
		[INFO]  258 | 0.000237 |   3.2828 |   3.8950 |  0.842 |  0.710 | 5/150
		[INFO]  259 | 0.000237 |   3.2697 |   3.8122 |  0.840 |  0.722 | 6/150
		[INFO]  260 | 0.000237 |   3.2813 |   3.9229 |  0.843 |  0.706 | 7/150
		[INFO]  261 | 0.000237 |   3.2486 |   3.7772 |  0.845 |  0.727 | 8/150
		[INFO]  262 | 0.000237 |   3.2639 |   3.8179 |  0.843 |  0.722 | 9/150
		[INFO]  263 | 0.000237 |   3.2749 |   3.9286 |  0.842 |  0.705 | 10/150
		[INFO]  264 | 0.000237 |   3.2765 |   3.6512 |  0.841 |  0.745 | 11/150
		[INFO]  265 | 0.000237 |   3.2445 |   3.8142 |  0.843 |  0.722 | 0/150
		[INFO]  266 | 0.000237 |   3.2429 |   3.7866 |  0.841 |  0.726 | 1/150
		[INFO]  267 | 0.000237 |   3.2587 |   3.8828 |  0.843 |  0.712 | 2/150
		[INFO]  268 | 0.000237 |   3.2925 |   3.8090 |  0.841 |  0.723 | 3/150
		[INFO]  269 | 0.000237 |   3.2498 |   3.6868 |  0.844 |  0.740 | 4/150
		[INFO]  270 | 0.000237 |   3.2381 |   3.8900 |  0.843 |  0.711 | 5/150
		[INFO]  271 | 0.000237 |   3.2862 |   3.7081 |  0.840 |  0.737 | 6/150
		[INFO]  272 | 0.000237 |   3.2838 |   3.8208 |  0.841 |  0.721 | 7/150
		[INFO]  273 | 0.000237 |   3.2526 |   3.8355 |  0.839 |  0.719 | 8/150
		[INFO]  274 | 0.000237 |   3.2362 |   3.8647 |  0.843 |  0.715 | 9/150
		[INFO]  275 | 0.000237 |   3.2976 |   3.9823 |  0.840 |  0.697 | 10/150
		[INFO]  276 | 0.000237 |   3.2096 |   3.9228 |  0.846 |  0.706 | 11/150
		[INFO]  277 | 0.000237 |   3.2404 |   3.7903 |  0.844 |  0.726 | 12/150
		[INFO]  278 | 0.000237 |   3.2357 |   3.8225 |  0.843 |  0.721 | 13/150
		[INFO]  279 | 0.000237 |   3.2194 |   3.7985 |  0.847 |  0.724 | 14/150
		[INFO]  280 | 0.000237 |   3.2812 |   3.6251 |  0.842 |  0.749 | 15/150
		[INFO]  281 | 0.000237 |   3.2613 |   3.7930 |  0.843 |  0.725 | 0/150
		[INFO]  282 | 0.000237 |   3.2391 |   3.7398 |  0.844 |  0.733 | 1/150
		[INFO]  283 | 0.000237 |   3.2382 |   4.0316 |  0.842 |  0.690 | 2/150
		[INFO]  284 | 0.000237 |   3.2857 |   3.8556 |  0.840 |  0.716 | 3/150
		[INFO]  285 | 0.000237 |   3.2480 |   4.0698 |  0.844 |  0.684 | 4/150
		[INFO]  286 | 0.000237 |   3.2578 |   3.8030 |  0.846 |  0.724 | 5/150
		[INFO]  287 | 0.000237 |   3.2408 |   4.0219 |  0.844 |  0.691 | 6/150
		[INFO]  288 | 0.000237 |   3.2963 |   3.6925 |  0.840 |  0.740 | 7/150
		[INFO]  289 | 0.000237 |   3.2459 |   3.7727 |  0.843 |  0.728 | 8/150
		[INFO]  290 | 0.000237 |   3.2910 |   3.9291 |  0.837 |  0.705 | 9/150
		[INFO]  291 | 0.000237 |   3.2896 |   3.8507 |  0.841 |  0.717 | 10/150
		[INFO]  292 | 0.000237 |   3.2756 |   3.8400 |  0.843 |  0.718 | 11/150
		[INFO]  293 | 0.000237 |   3.2575 |   3.7521 |  0.844 |  0.731 | 12/150
		[INFO]  294 | 0.000237 |   3.2806 |   4.0407 |  0.841 |  0.688 | 13/150
		[INFO]  295 | 0.000237 |   3.2879 |   3.7320 |  0.837 |  0.734 | 14/150
		[INFO]  296 | 0.000237 |   3.2687 |   3.7260 |  0.841 |  0.735 | 15/150
		[INFO]  297 | 0.000237 |   3.2768 |   3.8331 |  0.840 |  0.719 | 16/150
		[INFO]  298 | 0.000237 |   3.2425 |   3.9227 |  0.844 |  0.706 | 17/150
		[INFO]  299 | 0.000237 |   3.1889 |   3.8134 |  0.849 |  0.722 | 18/150
		[INFO]  300 | 0.000237 |   3.2720 |   3.7311 |  0.844 |  0.734 | 19/150
		[INFO]  301 | 0.000237 |   3.3330 |   3.8789 |  0.840 |  0.713 | 20/150
		[INFO]  302 | 0.000178 |   3.2178 |   4.0621 |  0.847 |  0.685 | 21/150
		[INFO]  303 | 0.000178 |   3.2892 |   3.7870 |  0.841 |  0.726 | 22/150
		[INFO]  304 | 0.000178 |   3.2671 |   3.9640 |  0.841 |  0.700 | 23/150
		[INFO]  305 | 0.000178 |   3.3254 |   3.7754 |  0.838 |  0.728 | 24/150
		[INFO]  306 | 0.000178 |   3.2289 |   3.8007 |  0.846 |  0.724 | 25/150
		[INFO]  307 | 0.000178 |   3.2382 |   4.0375 |  0.843 |  0.689 | 26/150
		[INFO]  308 | 0.000178 |   3.2498 |   3.7214 |  0.844 |  0.735 | 27/150
		[INFO]  309 | 0.000178 |   3.2309 |   3.8576 |  0.848 |  0.716 | 28/150
		[INFO]  310 | 0.000178 |   3.2288 |   3.9157 |  0.846 |  0.707 | 29/150
		[INFO]  311 | 0.000178 |   3.2512 |   3.8595 |  0.843 |  0.715 | 30/150
		[INFO]  312 | 0.000178 |   3.2211 |   3.8483 |  0.847 |  0.717 | 31/150
		[INFO]  313 | 0.000178 |   3.2338 |   3.7557 |  0.844 |  0.731 | 32/150
		[INFO]  314 | 0.000178 |   3.3077 |   3.8720 |  0.841 |  0.714 | 33/150
		[INFO]  315 | 0.000178 |   3.2566 |   3.8723 |  0.842 |  0.714 | 34/150
		[INFO]  316 | 0.000178 |   3.1998 |   3.9593 |  0.848 |  0.701 | 35/150
		[INFO]  317 | 0.000178 |   3.2303 |   4.0812 |  0.844 |  0.682 | 36/150
		[INFO]  318 | 0.000178 |   3.2746 |   3.6914 |  0.840 |  0.740 | 37/150
		[INFO]  319 | 0.000178 |   3.2270 |   3.8761 |  0.843 |  0.713 | 38/150
		[INFO]  320 | 0.000178 |   3.2524 |   3.8192 |  0.844 |  0.721 | 39/150
		[INFO]  321 | 0.000178 |   3.2448 |   3.9859 |  0.844 |  0.697 | 40/150
		[INFO]  322 | 0.000178 |   3.2517 |   3.8120 |  0.843 |  0.722 | 41/150
		[INFO]  323 | 0.000133 |   3.2099 |   3.8484 |  0.843 |  0.717 | 42/150
		[INFO]  324 | 0.000133 |   3.3133 |   3.8880 |  0.837 |  0.711 | 43/150
		[INFO]  325 | 0.000133 |   3.2255 |   3.8470 |  0.844 |  0.717 | 44/150
		[INFO]  326 | 0.000133 |   3.2136 |   3.7870 |  0.845 |  0.726 | 45/150
		[INFO]  327 | 0.000133 |   3.2537 |   3.6943 |  0.842 |  0.739 | 46/150
		[INFO]  328 | 0.000133 |   3.2400 |   3.7614 |  0.843 |  0.730 | 47/150
		[INFO]  329 | 0.000133 |   3.2673 |   3.8512 |  0.842 |  0.717 | 48/150
		[INFO]  330 | 0.000133 |   3.2443 |   3.7644 |  0.842 |  0.729 | 49/150
		[INFO]  331 | 0.000133 |   3.2191 |   3.8766 |  0.850 |  0.713 | 50/150
		[INFO]  332 | 0.000133 |   3.1608 |   3.8597 |  0.851 |  0.715 | 51/150
		[INFO]  333 | 0.000133 |   3.1716 |   3.7491 |  0.849 |  0.732 | 52/150
		[INFO]  334 | 0.000133 |   3.2081 |   3.8031 |  0.846 |  0.724 | 53/150
		[INFO]  335 | 0.000133 |   3.2277 |   3.8166 |  0.847 |  0.722 | 54/150
		[INFO]  336 | 0.000133 |   3.2557 |   3.8290 |  0.846 |  0.720 | 55/150
		[INFO]  337 | 0.000133 |   3.2233 |   3.7386 |  0.847 |  0.733 | 56/150
		[INFO]  338 | 0.000133 |   3.2367 |   3.8167 |  0.847 |  0.722 | 57/150
		[INFO]  339 | 0.000133 |   3.2195 |   4.2003 |  0.848 |  0.663 | 58/150
		[INFO]  340 | 0.000133 |   3.1746 |   3.7943 |  0.849 |  0.725 | 59/150
		[INFO]  341 | 0.000133 |   3.2269 |   3.8262 |  0.846 |  0.720 | 60/150
		[INFO]  342 | 0.000133 |   3.2092 |   3.6634 |  0.847 |  0.744 | 61/150
		[INFO]  343 | 0.000133 |   3.2048 |   3.7608 |  0.849 |  0.730 | 62/150
		[INFO]  344 | 0.000100 |   3.2683 |   4.0291 |  0.847 |  0.690 | 63/150
		[INFO]  345 | 0.000100 |   3.2699 |   3.8272 |  0.844 |  0.720 | 64/150
		[INFO]  346 | 0.000100 |   3.2091 |   3.7832 |  0.849 |  0.727 | 65/150
		[INFO]  347 | 0.000100 |   3.1981 |   3.7011 |  0.847 |  0.738 | 66/150
		[INFO]  348 | 0.000100 |   3.2159 |   3.8239 |  0.848 |  0.721 | 67/150
		[INFO]  349 | 0.000100 |   3.1930 |   3.7245 |  0.848 |  0.735 | 68/150
		[INFO]  350 | 0.000100 |   3.2030 |   3.8862 |  0.845 |  0.712 | 69/150
		[INFO]  351 | 0.000100 |   3.2126 |   3.8899 |  0.846 |  0.711 | 70/150
		[INFO]  352 | 0.000100 |   3.1675 |   3.7641 |  0.853 |  0.729 | 71/150
		[INFO]  353 | 0.000100 |   3.2600 |   3.9338 |  0.841 |  0.704 | 72/150
		[INFO]  354 | 0.000100 |   3.1828 |   3.8786 |  0.849 |  0.713 | 73/150
		[INFO]  355 | 0.000100 |   3.2586 |   3.7815 |  0.846 |  0.727 | 74/150
		[INFO]  356 | 0.000100 |   3.2474 |   3.9187 |  0.846 |  0.707 | 75/150
		[INFO]  357 | 0.000100 |   3.2296 |   3.7052 |  0.844 |  0.738 | 76/150
		[INFO]  358 | 0.000100 |   3.2256 |   3.8427 |  0.846 |  0.718 | 77/150
		[INFO]  359 | 0.000100 |   3.2299 |   3.7699 |  0.847 |  0.729 | 78/150
		[INFO]  360 | 0.000100 |   3.1873 |   3.7760 |  0.849 |  0.728 | 79/150
		[INFO]  361 | 0.000100 |   3.1906 |   3.7619 |  0.850 |  0.730 | 80/150
		[INFO]  362 | 0.000100 |   3.1714 |   4.0110 |  0.850 |  0.693 | 81/150
		[INFO]  363 | 0.000100 |   3.2182 |   3.8383 |  0.848 |  0.719 | 82/150
		[INFO]  364 | 0.000100 |   3.2392 |   4.0648 |  0.841 |  0.684 | 83/150
		[INFO]  365 | 0.000075 |   3.2077 |   3.7244 |  0.845 |  0.735 | 84/150
		[INFO]  366 | 0.000075 |   3.2017 |   3.7595 |  0.848 |  0.730 | 85/150
		[INFO]  367 | 0.000075 |   3.2463 |   3.8780 |  0.845 |  0.713 | 86/150
		[INFO]  368 | 0.000075 |   3.2348 |   3.8071 |  0.844 |  0.723 | 87/150
		[INFO]  369 | 0.000075 |   3.1930 |   3.8778 |  0.850 |  0.713 | 88/150
		[INFO]  370 | 0.000075 |   3.1879 |   3.8787 |  0.850 |  0.713 | 89/150
		[INFO]  371 | 0.000075 |   3.1638 |   3.8245 |  0.848 |  0.721 | 90/150
		[INFO]  372 | 0.000075 |   3.2311 |   3.6512 |  0.846 |  0.745 | 91/150
		[INFO]  373 | 0.000075 |   3.2203 |   3.8317 |  0.847 |  0.720 | 92/150
		[INFO]  374 | 0.000075 |   3.2101 |   3.8043 |  0.846 |  0.724 | 93/150
		[INFO]  375 | 0.000075 |   3.1815 |   3.8737 |  0.848 |  0.713 | 94/150
		[INFO]  376 | 0.000075 |   3.1772 |   3.8291 |  0.849 |  0.720 | 95/150
		[INFO]  377 | 0.000075 |   3.2339 |   3.7042 |  0.844 |  0.738 | 96/150
		[INFO]  378 | 0.000075 |   3.1908 |   3.9620 |  0.850 |  0.700 | 97/150
		[INFO]  379 | 0.000075 |   3.2377 |   3.7701 |  0.847 |  0.729 | 98/150
		[INFO]  380 | 0.000075 |   3.1607 |   3.8380 |  0.853 |  0.719 | 99/150
		[INFO]  381 | 0.000075 |   3.2329 |   3.7366 |  0.847 |  0.733 | 100/150
		[INFO]  382 | 0.000075 |   3.2031 |   3.9444 |  0.851 |  0.703 | 101/150
		[INFO]  383 | 0.000075 |   3.2047 |   3.9300 |  0.849 |  0.705 | 102/150
		[INFO]  384 | 0.000075 |   3.1299 |   3.7113 |  0.856 |  0.737 | 103/150
		[INFO]  385 | 0.000075 |   3.2293 |   3.7410 |  0.845 |  0.733 | 104/150
		[INFO]  386 | 0.000056 |   3.1925 |   3.6799 |  0.851 |  0.741 | 105/150
		[INFO]  387 | 0.000056 |   3.1970 |   3.6658 |  0.849 |  0.743 | 106/150
		[INFO]  388 | 0.000056 |   3.2160 |   3.6908 |  0.847 |  0.740 | 107/150
		[INFO]  389 | 0.000056 |   3.1942 |   3.8925 |  0.849 |  0.711 | 108/150
		[INFO]  390 | 0.000056 |   3.2351 |   4.1669 |  0.847 |  0.668 | 109/150
		[INFO]  391 | 0.000056 |   3.1206 |   3.8979 |  0.856 |  0.710 | 110/150
		[INFO]  392 | 0.000056 |   3.2017 |   3.8473 |  0.846 |  0.717 | 111/150
		[INFO]  393 | 0.000056 |   3.2035 |   3.9434 |  0.846 |  0.703 | 112/150
		[INFO]  394 | 0.000056 |   3.2325 |   3.7643 |  0.844 |  0.729 | 113/150
		[INFO]  395 | 0.000056 |   3.2133 |   3.9493 |  0.848 |  0.702 | 114/150
		[INFO]  396 | 0.000056 |   3.1490 |   3.8705 |  0.852 |  0.714 | 115/150
		[INFO]  397 | 0.000056 |   3.1455 |   3.8817 |  0.853 |  0.712 | 116/150
		[INFO]  398 | 0.000056 |   3.2630 |   3.7714 |  0.846 |  0.728 | 117/150
		[INFO]  399 | 0.000056 |   3.2077 |   3.7535 |  0.850 |  0.731 | 118/150
		[INFO]  400 | 0.000056 |   3.2217 |   4.1196 |  0.846 |  0.676 | 119/150
		[INFO]  401 | 0.000056 |   3.1265 |   3.7046 |  0.853 |  0.738 | 120/150
		[INFO]  402 | 0.000056 |   3.1904 |   3.8107 |  0.850 |  0.723 | 121/150
		[INFO]  403 | 0.000056 |   3.1887 |   3.9199 |  0.849 |  0.706 | 122/150
		[INFO]  404 | 0.000056 |   3.1936 |   3.8549 |  0.848 |  0.716 | 123/150
		[INFO]  405 | 0.000056 |   3.1626 |   3.7912 |  0.852 |  0.725 | 124/150
		[INFO]  406 | 0.000056 |   3.2025 |   3.8289 |  0.850 |  0.720 | 125/150
		[INFO]  407 | 0.000042 |   3.2501 |   3.6401 |  0.847 |  0.747 | 126/150
		[INFO]  408 | 0.000042 |   3.2128 |   3.9130 |  0.847 |  0.708 | 127/150
		[INFO]  409 | 0.000042 |   3.1887 |   3.8151 |  0.849 |  0.722 | 128/150
		[INFO]  410 | 0.000042 |   3.2034 |   3.7551 |  0.849 |  0.731 | 129/150
		[INFO]  411 | 0.000042 |   3.1762 |   3.9510 |  0.849 |  0.702 | 130/150
		[INFO]  412 | 0.000042 |   3.2351 |   3.9595 |  0.849 |  0.701 | 131/150
		[INFO]  413 | 0.000042 |   3.1663 |   3.9320 |  0.851 |  0.705 | 132/150
		[INFO]  414 | 0.000042 |   3.1560 |   3.6911 |  0.852 |  0.740 | 133/150
		[INFO]  415 | 0.000042 |   3.1402 |   3.7079 |  0.852 |  0.737 | 134/150
		[INFO]  416 | 0.000042 |   3.1864 |   3.7891 |  0.849 |  0.726 | 135/150
		[INFO]  417 | 0.000042 |   3.1881 |   3.8618 |  0.851 |  0.715 | 136/150
		[INFO]  418 | 0.000042 |   3.2032 |   3.9109 |  0.850 |  0.708 | 137/150
		[INFO]  419 | 0.000042 |   3.1744 |   3.9428 |  0.850 |  0.703 | 138/150
		[INFO]  420 | 0.000042 |   3.2597 |   3.7654 |  0.844 |  0.729 | 139/150
		[INFO]  421 | 0.000042 |   3.2177 |   3.8184 |  0.848 |  0.721 | 140/150
		[INFO]  422 | 0.000042 |   3.1833 |   3.7856 |  0.848 |  0.726 | 141/150
		[INFO]  423 | 0.000042 |   3.2305 |   3.7177 |  0.843 |  0.736 | 142/150
		[INFO]  424 | 0.000042 |   3.1792 |   3.7369 |  0.851 |  0.733 | 143/150
		[INFO]  425 | 0.000042 |   3.1927 |   3.8192 |  0.849 |  0.721 | 144/150
		[INFO]  426 | 0.000042 |   3.1565 |   3.9722 |  0.852 |  0.699 | 145/150
		[INFO]  427 | 0.000042 |   3.1867 |   3.6664 |  0.851 |  0.743 | 146/150
		[INFO]  428 | 0.000032 |   3.1622 |   3.6343 |  0.850 |  0.748 | 147/150
		[INFO]  429 | 0.000032 |   3.2258 |   3.7355 |  0.850 |  0.733 | 148/150
		[INFO]  430 | 0.000032 |   3.2062 |   4.0452 |  0.848 |  0.687 | 149/150

[Stopping] Early stopping triggered after 430 epochs.
Training Complete. Results saved to: ./data/training_results/STAFV7_CASE2
		[INFO] Case 2 completed.

	3.1 Training Case 1...

=== Starting Training Run: STAFV7_CASE1 ===
Device: cuda
		[INFO] Starting Preprocessing for Case 1...
		[INFO] Unique quantized indices: 6686
		[INFO] Suggested num_embeddings: 8023
		[INFO] Generating sliding windows...
		[INFO] Saved dataset: ./data/training_results/STAFV7_CASE1/merged_dataset_STAFV7_CASE1.csv (Shape: (2016, 225))
		[INFO] Saved metadata: ./data/training_results/STAFV7_CASE1/feature_info_STAFV7_CASE1.json
	[Model Config] Detected Dims: {'static': 4, 'series_count': 6, 'seq_len': 24, 'vehicle': 76, 'emb_vocab': 12000}
		[INFO] Data loaded. Train: 1411, Val: 605
		[INFO] Fitting new scalers on training data...
		[INFO] Calculating weights for imbalanced regression...
		[INFO] 
==================================================
		[INFO] 🚀 TRAINING SESSION: STAFV7_CASE1
		[INFO] ==================================================
		[INFO] Device:             cuda
		[INFO] Model Parameters:   268,370
		[INFO] --------------------------------------------------
		[INFO] Epochs:             5000
		[INFO] Batch Size:         64
		[INFO] Learning Rate:      0.001
		[INFO] Weight Decay:       0.001
		[INFO] Dropout:            0.6
		[INFO] --------------------------------------------------
		[INFO] Hidden Layers:      [256, 64]
		[INFO] Embedding Dim:      16
		[INFO] Attention Heads:    4
		[INFO]==================================================


		[INFO]Epoch |    LR    | Trn RMSE | Val RMSE | Trn R2 | Val R2 | Stop
-----------------------------------------------------------------
		[INFO]    1 | 0.001000 |   8.2515 |  11.1232 | -0.184 | -1.404 | 0/150
		[INFO]    2 | 0.001000 |   7.5568 |   9.6384 |  0.010 | -0.807 | 0/150
		[INFO]    3 | 0.001000 |   7.0908 |   8.5223 |  0.153 | -0.408 | 0/150
		[INFO]    4 | 0.001000 |   6.3194 |   7.6310 |  0.296 | -0.130 | 0/150
		[INFO]    5 | 0.001000 |   6.0893 |   6.9332 |  0.357 |  0.065 | 0/150
		[INFO]    6 | 0.001000 |   5.6033 |   6.5865 |  0.392 |  0.153 | 0/150
		[INFO]    7 | 0.001000 |   5.7194 |   6.1923 |  0.483 |  0.250 | 0/150
		[INFO]    8 | 0.001000 |   5.4321 |   5.7814 |  0.523 |  0.349 | 0/150
		[INFO]    9 | 0.001000 |   5.2695 |   5.5667 |  0.525 |  0.395 | 0/150
		[INFO]   10 | 0.001000 |   4.7453 |   5.1999 |  0.568 |  0.473 | 0/150
		[INFO]   11 | 0.001000 |   4.7350 |   4.8989 |  0.606 |  0.532 | 0/150
		[INFO]   12 | 0.001000 |   5.2509 |   4.6113 |  0.590 |  0.582 | 0/150
		[INFO]   13 | 0.001000 |   4.8365 |   4.7060 |  0.572 |  0.562 | 0/150
		[INFO]   14 | 0.001000 |   5.1140 |   4.9826 |  0.584 |  0.516 | 1/150
		[INFO]   15 | 0.001000 |   4.9437 |   4.8087 |  0.620 |  0.547 | 2/150
		[INFO]   16 | 0.001000 |   4.7133 |   4.9549 |  0.620 |  0.515 | 3/150
		[INFO]   17 | 0.001000 |   4.5053 |   5.2974 |  0.635 |  0.451 | 4/150
		[INFO]   18 | 0.001000 |   4.4442 |   4.7251 |  0.648 |  0.562 | 5/150
		[INFO]   19 | 0.001000 |   4.6193 |   5.1638 |  0.651 |  0.477 | 6/150
		[INFO]   20 | 0.001000 |   4.4146 |   5.1024 |  0.691 |  0.489 | 7/150
		[INFO]   21 | 0.001000 |   4.4046 |   5.0699 |  0.663 |  0.495 | 8/150
		[INFO]   22 | 0.001000 |   4.7573 |   4.9245 |  0.633 |  0.524 | 9/150
		[INFO]   23 | 0.001000 |   4.4268 |   4.9912 |  0.664 |  0.507 | 10/150
		[INFO]   24 | 0.001000 |   4.6118 |   4.5396 |  0.642 |  0.595 | 11/150
		[INFO]   25 | 0.001000 |   4.3656 |   4.3856 |  0.677 |  0.623 | 0/150
		[INFO]   26 | 0.001000 |   4.4628 |   4.9319 |  0.663 |  0.524 | 0/150
		[INFO]   27 | 0.001000 |   4.6095 |   4.6902 |  0.689 |  0.567 | 1/150
		[INFO]   28 | 0.001000 |   4.2780 |   4.0969 |  0.691 |  0.671 | 2/150
		[INFO]   29 | 0.001000 |   4.3134 |   4.4992 |  0.693 |  0.604 | 0/150
		[INFO]   30 | 0.001000 |   4.1217 |   4.5532 |  0.679 |  0.592 | 1/150
		[INFO]   31 | 0.001000 |   4.3780 |   4.6744 |  0.700 |  0.571 | 2/150
		[INFO]   32 | 0.001000 |   4.2025 |   4.4645 |  0.686 |  0.606 | 3/150
		[INFO]   33 | 0.001000 |   4.4216 |   4.4139 |  0.677 |  0.617 | 4/150
		[INFO]   34 | 0.001000 |   4.4103 |   4.3721 |  0.664 |  0.625 | 5/150
		[INFO]   35 | 0.001000 |   4.8032 |   4.2822 |  0.690 |  0.641 | 6/150
		[INFO]   36 | 0.001000 |   4.1075 |   4.4031 |  0.714 |  0.619 | 7/150
		[INFO]   37 | 0.001000 |   4.5929 |   4.1336 |  0.686 |  0.666 | 8/150
		[INFO]   38 | 0.001000 |   4.3316 |   4.5656 |  0.680 |  0.592 | 9/150
		[INFO]   39 | 0.001000 |   4.3308 |   4.0160 |  0.703 |  0.683 | 10/150
		[INFO]   40 | 0.001000 |   4.1997 |   4.2177 |  0.713 |  0.650 | 0/150
		[INFO]   41 | 0.001000 |   4.1751 |   4.5808 |  0.691 |  0.587 | 1/150
		[INFO]   42 | 0.001000 |   3.9200 |   3.9846 |  0.735 |  0.690 | 2/150
		[INFO]   43 | 0.001000 |   4.4890 |   4.4504 |  0.710 |  0.612 | 0/150
		[INFO]   44 | 0.001000 |   4.2305 |   4.3561 |  0.687 |  0.628 | 1/150
		[INFO]   45 | 0.001000 |   4.3916 |   3.8069 |  0.705 |  0.715 | 2/150
		[INFO]   46 | 0.001000 |   3.8697 |   4.3489 |  0.717 |  0.628 | 0/150
		[INFO]   47 | 0.001000 |   4.3453 |   4.1108 |  0.692 |  0.667 | 1/150
		[INFO]   48 | 0.001000 |   4.5718 |   4.1357 |  0.713 |  0.663 | 2/150
		[INFO]   49 | 0.001000 |   4.2291 |   4.4060 |  0.690 |  0.618 | 3/150
		[INFO]   50 | 0.001000 |   4.1516 |   4.6062 |  0.709 |  0.583 | 4/150
		[INFO]   51 | 0.001000 |   4.1674 |   4.1636 |  0.706 |  0.659 | 5/150
		[INFO]   52 | 0.001000 |   3.9289 |   4.4508 |  0.737 |  0.611 | 6/150
		[INFO]   53 | 0.001000 |   3.8573 |   4.3206 |  0.734 |  0.633 | 7/150
		[INFO]   54 | 0.001000 |   3.9584 |   4.5181 |  0.731 |  0.600 | 8/150
		[INFO]   55 | 0.001000 |   3.9389 |   4.1558 |  0.722 |  0.661 | 9/150
		[INFO]   56 | 0.001000 |   4.3868 |   4.2509 |  0.730 |  0.646 | 10/150
		[INFO]   57 | 0.001000 |   4.2364 |   3.9706 |  0.734 |  0.691 | 11/150
		[INFO]   58 | 0.001000 |   4.4547 |   4.4206 |  0.680 |  0.616 | 12/150
		[INFO]   59 | 0.001000 |   4.4715 |   4.6945 |  0.724 |  0.568 | 13/150
		[INFO]   60 | 0.001000 |   3.9318 |   4.2693 |  0.726 |  0.644 | 14/150
		[INFO]   61 | 0.001000 |   4.0775 |   4.3756 |  0.708 |  0.627 | 15/150
		[INFO]   62 | 0.001000 |   4.0486 |   4.4636 |  0.744 |  0.609 | 16/150
		[INFO]   63 | 0.001000 |   3.9611 |   3.9525 |  0.757 |  0.692 | 17/150
		[INFO]   64 | 0.001000 |   4.1345 |   4.0382 |  0.725 |  0.681 | 18/150
		[INFO]   65 | 0.001000 |   3.7732 |   4.4274 |  0.734 |  0.616 | 19/150
		[INFO]   66 | 0.001000 |   3.8246 |   4.7025 |  0.758 |  0.566 | 20/150
		[INFO]   67 | 0.000750 |   3.6955 |   4.5157 |  0.748 |  0.600 | 21/150
		[INFO]   68 | 0.000750 |   4.0831 |   4.2760 |  0.741 |  0.641 | 22/150
		[INFO]   69 | 0.000750 |   3.6982 |   4.3269 |  0.751 |  0.634 | 23/150
		[INFO]   70 | 0.000750 |   3.7445 |   4.0137 |  0.748 |  0.684 | 24/150
		[INFO]   71 | 0.000750 |   4.1027 |   3.9531 |  0.734 |  0.692 | 25/150
		[INFO]   72 | 0.000750 |   4.0166 |   4.5555 |  0.734 |  0.593 | 26/150
		[INFO]   73 | 0.000750 |   3.7212 |   4.2594 |  0.764 |  0.646 | 27/150
		[INFO]   74 | 0.000750 |   3.9795 |   4.0638 |  0.749 |  0.676 | 28/150
		[INFO]   75 | 0.000750 |   4.0535 |   3.9768 |  0.748 |  0.689 | 29/150
		[INFO]   76 | 0.000750 |   3.9703 |   4.3905 |  0.758 |  0.621 | 30/150
		[INFO]   77 | 0.000750 |   3.6785 |   4.0745 |  0.763 |  0.674 | 31/150
		[INFO]   78 | 0.000750 |   3.7491 |   4.0332 |  0.760 |  0.680 | 32/150
		[INFO]   79 | 0.000750 |   3.8738 |   4.2004 |  0.769 |  0.653 | 33/150
		[INFO]   80 | 0.000750 |   3.8995 |   4.4818 |  0.745 |  0.606 | 34/150
		[INFO]   81 | 0.000750 |   3.6302 |   4.1292 |  0.763 |  0.665 | 35/150
		[INFO]   82 | 0.000750 |   3.8250 |   4.2901 |  0.747 |  0.638 | 36/150
		[INFO]   83 | 0.000750 |   3.7937 |   4.1029 |  0.760 |  0.670 | 37/150
		[INFO]   84 | 0.000750 |   3.9376 |   4.0454 |  0.743 |  0.678 | 38/150
		[INFO]   85 | 0.000750 |   4.2340 |   4.0396 |  0.767 |  0.680 | 39/150
		[INFO]   86 | 0.000750 |   3.7771 |   4.2016 |  0.759 |  0.654 | 40/150
		[INFO]   87 | 0.000750 |   3.8731 |   4.4426 |  0.777 |  0.613 | 41/150
		[INFO]   88 | 0.000563 |   3.6123 |   4.4629 |  0.751 |  0.610 | 42/150
		[INFO]   89 | 0.000563 |   3.6233 |   4.0374 |  0.766 |  0.679 | 43/150
		[INFO]   90 | 0.000563 |   3.6675 |   4.0310 |  0.776 |  0.681 | 44/150
		[INFO]   91 | 0.000563 |   3.7149 |   3.8048 |  0.781 |  0.716 | 45/150
		[INFO]   92 | 0.000563 |   3.5136 |   4.1022 |  0.768 |  0.669 | 0/150
		[INFO]   93 | 0.000563 |   3.7781 |   4.1319 |  0.788 |  0.664 | 1/150
		[INFO]   94 | 0.000563 |   4.3159 |   4.1093 |  0.774 |  0.668 | 2/150
		[INFO]   95 | 0.000563 |   3.5579 |   4.1893 |  0.781 |  0.656 | 3/150
		[INFO]   96 | 0.000563 |   3.6967 |   4.1546 |  0.745 |  0.663 | 4/150
		[INFO]   97 | 0.000563 |   3.7934 |   3.9069 |  0.769 |  0.700 | 5/150
		[INFO]   98 | 0.000563 |   3.7937 |   4.1768 |  0.777 |  0.658 | 6/150
		[INFO]   99 | 0.000563 |   3.5172 |   4.3462 |  0.782 |  0.632 | 7/150
		[INFO]  100 | 0.000563 |   4.2309 |   3.8735 |  0.743 |  0.706 | 8/150
		[INFO]  101 | 0.000563 |   3.5680 |   3.8853 |  0.775 |  0.703 | 9/150
		[INFO]  102 | 0.000563 |   3.6513 |   3.9557 |  0.772 |  0.692 | 10/150
		[INFO]  103 | 0.000563 |   3.7234 |   3.9874 |  0.782 |  0.688 | 11/150
		[INFO]  104 | 0.000563 |   3.5249 |   4.0703 |  0.789 |  0.676 | 12/150
		[INFO]  105 | 0.000563 |   3.5084 |   4.0241 |  0.767 |  0.683 | 13/150
		[INFO]  106 | 0.000563 |   3.4378 |   4.3729 |  0.794 |  0.627 | 14/150
		[INFO]  107 | 0.000563 |   3.4080 |   4.0909 |  0.791 |  0.673 | 15/150
		[INFO]  108 | 0.000563 |   3.6830 |   4.1816 |  0.776 |  0.658 | 16/150
		[INFO]  109 | 0.000563 |   3.3883 |   3.8977 |  0.793 |  0.703 | 17/150
		[INFO]  110 | 0.000563 |   3.5463 |   3.9370 |  0.772 |  0.695 | 18/150
		[INFO]  111 | 0.000563 |   3.5289 |   3.9871 |  0.789 |  0.687 | 19/150
		[INFO]  112 | 0.000563 |   3.3887 |   4.1014 |  0.807 |  0.670 | 20/150
		[INFO]  113 | 0.000422 |   4.0450 |   3.8659 |  0.786 |  0.708 | 21/150
		[INFO]  114 | 0.000422 |   3.5583 |   3.8822 |  0.804 |  0.705 | 22/150
		[INFO]  115 | 0.000422 |   3.5721 |   3.9987 |  0.814 |  0.688 | 23/150
		[INFO]  116 | 0.000422 |   3.5978 |   4.1711 |  0.764 |  0.659 | 24/150
		[INFO]  117 | 0.000422 |   3.4930 |   3.8754 |  0.799 |  0.706 | 25/150
		[INFO]  118 | 0.000422 |   3.4440 |   3.8726 |  0.778 |  0.704 | 26/150
		[INFO]  119 | 0.000422 |   4.1044 |   4.2546 |  0.768 |  0.645 | 27/150
		[INFO]  120 | 0.000422 |   4.1516 |   4.4483 |  0.757 |  0.613 | 28/150
		[INFO]  121 | 0.000422 |   3.5345 |   3.8074 |  0.785 |  0.715 | 29/150
		[INFO]  122 | 0.000422 |   3.6666 |   4.0613 |  0.775 |  0.677 | 30/150
		[INFO]  123 | 0.000422 |   3.5409 |   3.9361 |  0.776 |  0.695 | 31/150
		[INFO]  124 | 0.000422 |   3.5326 |   4.0173 |  0.791 |  0.683 | 32/150
		[INFO]  125 | 0.000422 |   3.5543 |   3.9643 |  0.804 |  0.691 | 33/150
		[INFO]  126 | 0.000422 |   3.4141 |   4.0961 |  0.800 |  0.670 | 34/150
		[INFO]  127 | 0.000422 |   3.5548 |   4.0313 |  0.785 |  0.680 | 35/150
		[INFO]  128 | 0.000422 |   3.6376 |   3.8320 |  0.785 |  0.711 | 36/150
		[INFO]  129 | 0.000422 |   3.9893 |   3.7739 |  0.802 |  0.719 | 37/150
		[INFO]  130 | 0.000422 |   4.2127 |   3.8822 |  0.794 |  0.702 | 0/150
		[INFO]  131 | 0.000422 |   3.8325 |   3.7683 |  0.797 |  0.721 | 1/150
		[INFO]  132 | 0.000422 |   3.3277 |   4.0665 |  0.813 |  0.674 | 0/150
		[INFO]  133 | 0.000422 |   4.1726 |   4.2211 |  0.776 |  0.650 | 1/150
		[INFO]  134 | 0.000422 |   3.5578 |   3.9006 |  0.796 |  0.700 | 2/150
		[INFO]  135 | 0.000422 |   3.4715 |   4.0843 |  0.787 |  0.672 | 3/150
		[INFO]  136 | 0.000422 |   3.6903 |   4.2828 |  0.782 |  0.639 | 4/150
		[INFO]  137 | 0.000422 |   3.4873 |   4.2459 |  0.797 |  0.645 | 5/150
		[INFO]  138 | 0.000422 |   3.7742 |   4.2974 |  0.796 |  0.638 | 6/150
		[INFO]  139 | 0.000422 |   3.4427 |   4.1824 |  0.795 |  0.656 | 7/150
		[INFO]  140 | 0.000422 |   3.7071 |   4.5686 |  0.778 |  0.591 | 8/150
		[INFO]  141 | 0.000422 |   3.4578 |   4.2762 |  0.804 |  0.642 | 9/150
		[INFO]  142 | 0.000422 |   3.7666 |   4.1839 |  0.798 |  0.657 | 10/150
		[INFO]  143 | 0.000422 |   3.3942 |   3.8968 |  0.801 |  0.700 | 11/150
		[INFO]  144 | 0.000422 |   3.7533 |   3.9061 |  0.780 |  0.699 | 12/150
		[INFO]  145 | 0.000422 |   3.5441 |   3.8878 |  0.781 |  0.702 | 13/150
		[INFO]  146 | 0.000422 |   3.6592 |   4.1469 |  0.780 |  0.662 | 14/150
		[INFO]  147 | 0.000422 |   3.5433 |   3.8814 |  0.789 |  0.703 | 15/150
		[INFO]  148 | 0.000422 |   3.8791 |   3.8423 |  0.791 |  0.708 | 16/150
		[INFO]  149 | 0.000422 |   3.4709 |   3.9441 |  0.798 |  0.693 | 17/150
		[INFO]  150 | 0.000422 |   3.5655 |   4.0721 |  0.783 |  0.672 | 18/150
		[INFO]  151 | 0.000422 |   3.8388 |   3.8564 |  0.802 |  0.707 | 19/150
		[INFO]  152 | 0.000422 |   3.8936 |   3.9484 |  0.797 |  0.693 | 20/150
		[INFO]  153 | 0.000316 |   3.5334 |   4.3251 |  0.787 |  0.633 | 21/150
		[INFO]  154 | 0.000316 |   3.4869 |   3.9592 |  0.788 |  0.691 | 22/150
		[INFO]  155 | 0.000316 |   3.5117 |   3.8712 |  0.782 |  0.705 | 23/150
		[INFO]  156 | 0.000316 |   3.7131 |   4.1830 |  0.819 |  0.656 | 24/150
		[INFO]  157 | 0.000316 |   3.7618 |   4.1474 |  0.788 |  0.662 | 25/150
		[INFO]  158 | 0.000316 |   3.3727 |   4.3254 |  0.798 |  0.632 | 26/150
		[INFO]  159 | 0.000316 |   3.3926 |   4.1770 |  0.804 |  0.656 | 27/150
		[INFO]  160 | 0.000316 |   3.4361 |   3.7875 |  0.799 |  0.717 | 28/150
		[INFO]  161 | 0.000316 |   3.4700 |   3.9856 |  0.797 |  0.687 | 29/150
		[INFO]  162 | 0.000316 |   3.4606 |   4.0155 |  0.803 |  0.683 | 30/150
		[INFO]  163 | 0.000316 |   3.8527 |   3.8072 |  0.810 |  0.713 | 31/150
		[INFO]  164 | 0.000316 |   3.6259 |   3.9527 |  0.798 |  0.692 | 32/150
		[INFO]  165 | 0.000316 |   3.3212 |   4.1316 |  0.810 |  0.665 | 33/150
		[INFO]  166 | 0.000316 |   3.5964 |   4.0901 |  0.803 |  0.672 | 34/150
		[INFO]  167 | 0.000316 |   3.5190 |   3.8761 |  0.805 |  0.704 | 35/150
		[INFO]  168 | 0.000316 |   3.6324 |   4.2155 |  0.784 |  0.651 | 36/150
		[INFO]  169 | 0.000316 |   3.2399 |   4.0048 |  0.812 |  0.685 | 37/150
		[INFO]  170 | 0.000316 |   3.4014 |   3.9467 |  0.793 |  0.695 | 38/150
		[INFO]  171 | 0.000316 |   3.3801 |   3.8700 |  0.805 |  0.705 | 39/150
		[INFO]  172 | 0.000316 |   3.5081 |   3.8416 |  0.803 |  0.710 | 40/150
		[INFO]  173 | 0.000316 |   3.8849 |   4.2957 |  0.790 |  0.639 | 41/150
		[INFO]  174 | 0.000237 |   3.4281 |   4.1148 |  0.804 |  0.668 | 42/150
		[INFO]  175 | 0.000237 |   3.8381 |   4.0362 |  0.792 |  0.680 | 43/150
		[INFO]  176 | 0.000237 |   3.4624 |   3.8645 |  0.802 |  0.706 | 44/150
		[INFO]  177 | 0.000237 |   3.3796 |   3.8041 |  0.805 |  0.714 | 45/150
		[INFO]  178 | 0.000237 |   3.4283 |   4.1259 |  0.822 |  0.665 | 46/150
		[INFO]  179 | 0.000237 |   3.3885 |   3.8023 |  0.817 |  0.714 | 47/150
		[INFO]  180 | 0.000237 |   3.8898 |   3.7590 |  0.813 |  0.722 | 48/150
		[INFO]  181 | 0.000237 |   3.2471 |   4.0639 |  0.828 |  0.674 | 0/150
		[INFO]  182 | 0.000237 |   3.3985 |   3.8626 |  0.824 |  0.706 | 1/150
		[INFO]  183 | 0.000237 |   3.1228 |   4.1160 |  0.819 |  0.668 | 2/150
		[INFO]  184 | 0.000237 |   3.5678 |   4.2561 |  0.815 |  0.644 | 3/150
		[INFO]  185 | 0.000237 |   3.5461 |   4.0907 |  0.809 |  0.670 | 4/150
		[INFO]  186 | 0.000237 |   3.2770 |   4.1024 |  0.803 |  0.668 | 5/150
		[INFO]  187 | 0.000237 |   4.1327 |   3.6810 |  0.805 |  0.732 | 6/150
		[INFO]  188 | 0.000237 |   3.4121 |   3.8312 |  0.806 |  0.710 | 0/150
		[INFO]  189 | 0.000237 |   3.5277 |   3.8368 |  0.807 |  0.710 | 1/150
		[INFO]  190 | 0.000237 |   3.7780 |   3.9096 |  0.801 |  0.699 | 2/150
		[INFO]  191 | 0.000237 |   3.1245 |   3.9811 |  0.822 |  0.690 | 3/150
		[INFO]  192 | 0.000237 |   3.3596 |   4.1585 |  0.807 |  0.660 | 4/150
		[INFO]  193 | 0.000237 |   3.2750 |   3.9014 |  0.817 |  0.700 | 5/150
		[INFO]  194 | 0.000237 |   3.3950 |   4.0575 |  0.792 |  0.676 | 6/150
		[INFO]  195 | 0.000237 |   3.2470 |   3.9197 |  0.811 |  0.698 | 7/150
		[INFO]  196 | 0.000237 |   3.3218 |   4.0295 |  0.799 |  0.681 | 8/150
		[INFO]  197 | 0.000237 |   3.4481 |   4.2651 |  0.801 |  0.644 | 9/150
		[INFO]  198 | 0.000237 |   3.4584 |   4.1584 |  0.806 |  0.660 | 10/150
		[INFO]  199 | 0.000237 |   3.5544 |   3.7962 |  0.812 |  0.716 | 11/150
		[INFO]  200 | 0.000237 |   3.4171 |   3.7744 |  0.813 |  0.719 | 12/150
		[INFO]  201 | 0.000237 |   3.4621 |   4.1520 |  0.822 |  0.662 | 13/150
		[INFO]  202 | 0.000237 |   3.5185 |   3.8614 |  0.819 |  0.706 | 14/150
		[INFO]  203 | 0.000237 |   3.6361 |   3.8763 |  0.810 |  0.704 | 15/150
		[INFO]  204 | 0.000237 |   3.5146 |   3.8440 |  0.799 |  0.708 | 16/150
		[INFO]  205 | 0.000237 |   3.3989 |   4.2176 |  0.814 |  0.651 | 17/150
		[INFO]  206 | 0.000237 |   3.3028 |   4.1805 |  0.804 |  0.657 | 18/150
		[INFO]  207 | 0.000237 |   3.6629 |   3.9560 |  0.806 |  0.691 | 19/150
		[INFO]  208 | 0.000237 |   3.8661 |   4.2507 |  0.803 |  0.645 | 20/150
		[INFO]  209 | 0.000178 |   3.4240 |   4.0582 |  0.813 |  0.675 | 21/150
		[INFO]  210 | 0.000178 |   3.2758 |   4.0796 |  0.809 |  0.671 | 22/150
		[INFO]  211 | 0.000178 |   3.3778 |   4.1273 |  0.817 |  0.665 | 23/150
		[INFO]  212 | 0.000178 |   3.5790 |   3.7066 |  0.816 |  0.729 | 24/150
		[INFO]  213 | 0.000178 |   3.2541 |   3.6617 |  0.817 |  0.735 | 25/150
		[INFO]  214 | 0.000178 |   3.6854 |   3.7450 |  0.805 |  0.724 | 0/150
		[INFO]  215 | 0.000178 |   3.8865 |   3.7736 |  0.799 |  0.718 | 1/150
		[INFO]  216 | 0.000178 |   3.6974 |   3.9937 |  0.794 |  0.685 | 2/150
		[INFO]  217 | 0.000178 |   3.6640 |   3.9027 |  0.790 |  0.700 | 3/150
		[INFO]  218 | 0.000178 |   3.7623 |   3.9555 |  0.779 |  0.690 | 4/150
		[INFO]  219 | 0.000178 |   3.0820 |   3.8598 |  0.834 |  0.706 | 5/150
		[INFO]  220 | 0.000178 |   3.6400 |   3.7581 |  0.802 |  0.721 | 6/150
		[INFO]  221 | 0.000178 |   3.5657 |   3.8682 |  0.793 |  0.705 | 7/150
		[INFO]  222 | 0.000178 |   3.5631 |   4.0448 |  0.822 |  0.677 | 8/150
		[INFO]  223 | 0.000178 |   3.3820 |   3.6612 |  0.812 |  0.735 | 9/150
		[INFO]  224 | 0.000178 |   3.5699 |   4.0354 |  0.812 |  0.679 | 0/150
		[INFO]  225 | 0.000178 |   3.3836 |   3.9813 |  0.815 |  0.687 | 1/150
		[INFO]  226 | 0.000178 |   3.2505 |   3.9182 |  0.825 |  0.698 | 2/150
		[INFO]  227 | 0.000178 |   3.2794 |   3.7799 |  0.810 |  0.717 | 3/150
		[INFO]  228 | 0.000178 |   3.8362 |   3.9357 |  0.786 |  0.695 | 4/150
		[INFO]  229 | 0.000178 |   3.1177 |   4.0016 |  0.821 |  0.685 | 5/150
		[INFO]  230 | 0.000178 |   3.0795 |   3.8163 |  0.827 |  0.713 | 6/150
		[INFO]  231 | 0.000178 |   3.5809 |   4.1608 |  0.810 |  0.659 | 7/150
		[INFO]  232 | 0.000178 |   3.3145 |   3.8535 |  0.819 |  0.707 | 8/150
		[INFO]  233 | 0.000178 |   3.3428 |   3.9326 |  0.814 |  0.696 | 9/150
		[INFO]  234 | 0.000178 |   3.1603 |   4.2211 |  0.830 |  0.650 | 10/150
		[INFO]  235 | 0.000178 |   3.2123 |   3.9939 |  0.824 |  0.685 | 11/150
		[INFO]  236 | 0.000178 |   3.3298 |   3.8768 |  0.828 |  0.703 | 12/150
		[INFO]  237 | 0.000178 |   3.1046 |   3.9565 |  0.821 |  0.692 | 13/150
		[INFO]  238 | 0.000178 |   3.3976 |   3.8148 |  0.816 |  0.714 | 14/150
		[INFO]  239 | 0.000178 |   3.2901 |   3.8538 |  0.820 |  0.707 | 15/150
		[INFO]  240 | 0.000178 |   3.2531 |   3.9904 |  0.811 |  0.686 | 16/150
		[INFO]  241 | 0.000178 |   3.5832 |   4.2109 |  0.801 |  0.651 | 17/150
		[INFO]  242 | 0.000178 |   3.0997 |   3.8155 |  0.824 |  0.712 | 18/150
		[INFO]  243 | 0.000178 |   3.2978 |   4.0055 |  0.819 |  0.684 | 19/150
		[INFO]  244 | 0.000178 |   3.5834 |   3.8590 |  0.801 |  0.707 | 20/150
		[INFO]  245 | 0.000133 |   3.2662 |   3.8697 |  0.817 |  0.704 | 21/150
		[INFO]  246 | 0.000133 |   3.4877 |   3.8687 |  0.810 |  0.705 | 22/150
		[INFO]  247 | 0.000133 |   3.2617 |   3.7327 |  0.826 |  0.726 | 23/150
		[INFO]  248 | 0.000133 |   3.7810 |   3.6737 |  0.816 |  0.734 | 24/150
		[INFO]  249 | 0.000133 |   3.7281 |   4.1375 |  0.808 |  0.664 | 25/150
		[INFO]  250 | 0.000133 |   3.7500 |   3.8648 |  0.812 |  0.706 | 26/150
		[INFO]  251 | 0.000133 |   3.0873 |   3.7853 |  0.841 |  0.717 | 27/150
		[INFO]  252 | 0.000133 |   3.1043 |   3.7017 |  0.834 |  0.729 | 28/150
		[INFO]  253 | 0.000133 |   3.5548 |   4.2081 |  0.806 |  0.652 | 29/150
		[INFO]  254 | 0.000133 |   3.2514 |   3.7425 |  0.834 |  0.724 | 30/150
		[INFO]  255 | 0.000133 |   3.4749 |   3.9271 |  0.814 |  0.696 | 31/150
		[INFO]  256 | 0.000133 |   3.6780 |   3.9948 |  0.832 |  0.686 | 32/150
		[INFO]  257 | 0.000133 |   3.4467 |   3.6821 |  0.809 |  0.732 | 33/150
		[INFO]  258 | 0.000133 |   3.2734 |   3.9103 |  0.823 |  0.698 | 34/150
		[INFO]  259 | 0.000133 |   3.2840 |   4.1531 |  0.826 |  0.660 | 35/150
		[INFO]  260 | 0.000133 |   3.1620 |   3.8185 |  0.822 |  0.712 | 36/150
		[INFO]  261 | 0.000133 |   3.3422 |   3.8329 |  0.816 |  0.710 | 37/150
		[INFO]  262 | 0.000133 |   3.1146 |   3.9125 |  0.828 |  0.698 | 38/150
		[INFO]  263 | 0.000133 |   3.3572 |   3.9168 |  0.807 |  0.697 | 39/150
		[INFO]  264 | 0.000133 |   2.9803 |   3.8181 |  0.839 |  0.713 | 40/150
		[INFO]  265 | 0.000133 |   3.4553 |   4.2264 |  0.800 |  0.650 | 41/150
		[INFO]  266 | 0.000100 |   3.2238 |   4.1711 |  0.818 |  0.658 | 42/150
		[INFO]  267 | 0.000100 |   3.3081 |   3.8981 |  0.810 |  0.701 | 43/150
		[INFO]  268 | 0.000100 |   3.3991 |   3.9731 |  0.797 |  0.689 | 44/150
		[INFO]  269 | 0.000100 |   3.3370 |   3.7635 |  0.813 |  0.720 | 45/150
		[INFO]  270 | 0.000100 |   3.1412 |   3.8791 |  0.832 |  0.703 | 46/150
		[INFO]  271 | 0.000100 |   3.6079 |   3.9290 |  0.820 |  0.697 | 47/150
		[INFO]  272 | 0.000100 |   3.6491 |   4.0311 |  0.811 |  0.681 | 48/150
		[INFO]  273 | 0.000100 |   3.4968 |   3.6858 |  0.804 |  0.731 | 49/150
		[INFO]  274 | 0.000100 |   3.4023 |   3.7269 |  0.841 |  0.725 | 50/150
		[INFO]  275 | 0.000100 |   3.6357 |   3.9383 |  0.808 |  0.694 | 51/150
		[INFO]  276 | 0.000100 |   3.3354 |   3.9911 |  0.829 |  0.687 | 52/150
		[INFO]  277 | 0.000100 |   3.1682 |   3.9140 |  0.821 |  0.698 | 53/150
		[INFO]  278 | 0.000100 |   3.7927 |   3.9016 |  0.802 |  0.700 | 54/150
		[INFO]  279 | 0.000100 |   3.1719 |   3.9640 |  0.830 |  0.691 | 55/150
		[INFO]  280 | 0.000100 |   3.2040 |   4.0634 |  0.812 |  0.674 | 56/150
		[INFO]  281 | 0.000100 |   3.4546 |   3.8775 |  0.814 |  0.704 | 57/150
		[INFO]  282 | 0.000100 |   3.5115 |   3.8237 |  0.822 |  0.711 | 58/150
		[INFO]  283 | 0.000100 |   3.2601 |   4.1586 |  0.822 |  0.660 | 59/150
		[INFO]  284 | 0.000100 |   3.2587 |   4.1846 |  0.821 |  0.656 | 60/150
		[INFO]  285 | 0.000100 |   3.2480 |   3.8980 |  0.810 |  0.700 | 61/150
		[INFO]  286 | 0.000100 |   3.5378 |   3.8808 |  0.822 |  0.702 | 62/150
		[INFO]  287 | 0.000075 |   3.7024 |   3.8313 |  0.822 |  0.711 | 63/150
		[INFO]  288 | 0.000075 |   3.0475 |   4.0425 |  0.837 |  0.677 | 64/150
		[INFO]  289 | 0.000075 |   3.2381 |   3.9639 |  0.818 |  0.690 | 65/150
		[INFO]  290 | 0.000075 |   4.0203 |   3.8034 |  0.825 |  0.715 | 66/150
		[INFO]  291 | 0.000075 |   3.2767 |   3.9585 |  0.821 |  0.691 | 67/150
		[INFO]  292 | 0.000075 |   3.3947 |   4.1031 |  0.830 |  0.670 | 68/150
		[INFO]  293 | 0.000075 |   3.0792 |   3.9402 |  0.832 |  0.695 | 69/150
		[INFO]  294 | 0.000075 |   3.0978 |   3.9830 |  0.824 |  0.687 | 70/150
		[INFO]  295 | 0.000075 |   3.7040 |   3.8482 |  0.808 |  0.707 | 71/150
		[INFO]  296 | 0.000075 |   3.7187 |   3.8546 |  0.803 |  0.707 | 72/150
		[INFO]  297 | 0.000075 |   3.2443 |   3.8771 |  0.823 |  0.704 | 73/150
		[INFO]  298 | 0.000075 |   3.8992 |   3.7823 |  0.835 |  0.718 | 74/150
		[INFO]  299 | 0.000075 |   4.5305 |   3.8533 |  0.830 |  0.707 | 75/150
		[INFO]  300 | 0.000075 |   3.4219 |   3.8471 |  0.824 |  0.709 | 76/150
		[INFO]  301 | 0.000075 |   3.3139 |   3.9376 |  0.809 |  0.695 | 77/150
		[INFO]  302 | 0.000075 |   3.4457 |   3.9295 |  0.826 |  0.696 | 78/150
		[INFO]  303 | 0.000075 |   3.6365 |   3.8614 |  0.829 |  0.707 | 79/150
		[INFO]  304 | 0.000075 |   3.9314 |   3.9419 |  0.816 |  0.695 | 80/150
		[INFO]  305 | 0.000075 |   3.4525 |   3.7188 |  0.815 |  0.727 | 81/150
		[INFO]  306 | 0.000075 |   3.2456 |   4.1594 |  0.828 |  0.660 | 82/150
		[INFO]  307 | 0.000075 |   4.5877 |   3.7620 |  0.800 |  0.722 | 83/150
		[INFO]  308 | 0.000056 |   3.2548 |   3.9298 |  0.836 |  0.696 | 84/150
		[INFO]  309 | 0.000056 |   3.4178 |   3.9354 |  0.827 |  0.695 | 85/150
		[INFO]  310 | 0.000056 |   3.1209 |   4.1128 |  0.824 |  0.667 | 86/150
		[INFO]  311 | 0.000056 |   3.8092 |   3.8516 |  0.824 |  0.708 | 87/150
		[INFO]  312 | 0.000056 |   2.9780 |   4.0249 |  0.837 |  0.681 | 88/150
		[INFO]  313 | 0.000056 |   3.0931 |   3.7935 |  0.826 |  0.716 | 89/150
		[INFO]  314 | 0.000056 |   3.5050 |   4.1708 |  0.805 |  0.659 | 90/150
		[INFO]  315 | 0.000056 |   3.1427 |   4.1210 |  0.835 |  0.667 | 91/150
		[INFO]  316 | 0.000056 |   3.2321 |   4.0537 |  0.810 |  0.676 | 92/150
		[INFO]  317 | 0.000056 |   3.2593 |   3.9405 |  0.820 |  0.695 | 93/150
		[INFO]  318 | 0.000056 |   3.4222 |   3.9250 |  0.843 |  0.697 | 94/150
		[INFO]  319 | 0.000056 |   3.0966 |   4.0553 |  0.829 |  0.677 | 95/150
		[INFO]  320 | 0.000056 |   3.2514 |   3.9678 |  0.839 |  0.691 | 96/150
		[INFO]  321 | 0.000056 |   3.2530 |   3.9934 |  0.816 |  0.686 | 97/150
		[INFO]  322 | 0.000056 |   3.2497 |   4.1542 |  0.828 |  0.662 | 98/150
		[INFO]  323 | 0.000056 |   3.4312 |   4.0944 |  0.831 |  0.671 | 99/150
		[INFO]  324 | 0.000056 |   3.1249 |   3.8682 |  0.824 |  0.705 | 100/150
		[INFO]  325 | 0.000056 |   3.2372 |   3.7915 |  0.813 |  0.716 | 101/150
		[INFO]  326 | 0.000056 |   3.7790 |   3.6331 |  0.814 |  0.739 | 102/150
		[INFO]  327 | 0.000056 |   3.3198 |   3.7961 |  0.819 |  0.716 | 0/150
		[INFO]  328 | 0.000056 |   3.6525 |   4.1814 |  0.807 |  0.657 | 1/150
		[INFO]  329 | 0.000056 |   3.4093 |   4.0943 |  0.818 |  0.671 | 2/150
		[INFO]  330 | 0.000056 |   3.0982 |   3.6542 |  0.829 |  0.736 | 3/150
		[INFO]  331 | 0.000056 |   3.1736 |   3.6632 |  0.828 |  0.735 | 4/150
		[INFO]  332 | 0.000056 |   3.2339 |   3.9179 |  0.799 |  0.698 | 5/150
		[INFO]  333 | 0.000056 |   2.9737 |   3.8475 |  0.852 |  0.709 | 6/150
		[INFO]  334 | 0.000056 |   3.4551 |   4.0413 |  0.809 |  0.679 | 7/150
		[INFO]  335 | 0.000056 |   3.8510 |   4.0202 |  0.815 |  0.682 | 8/150
		[INFO]  336 | 0.000056 |   3.3463 |   4.2199 |  0.816 |  0.650 | 9/150
		[INFO]  337 | 0.000056 |   3.4072 |   4.1104 |  0.824 |  0.667 | 10/150
		[INFO]  338 | 0.000056 |   3.1985 |   3.8315 |  0.834 |  0.711 | 11/150
		[INFO]  339 | 0.000056 |   3.3519 |   3.8424 |  0.811 |  0.709 | 12/150
		[INFO]  340 | 0.000056 |   3.3941 |   3.9962 |  0.832 |  0.688 | 13/150
		[INFO]  341 | 0.000056 |   3.1666 |   3.8105 |  0.819 |  0.714 | 14/150
		[INFO]  342 | 0.000056 |   3.3878 |   3.7107 |  0.830 |  0.728 | 15/150
		[INFO]  343 | 0.000056 |   3.5668 |   3.7889 |  0.820 |  0.717 | 16/150
		[INFO]  344 | 0.000056 |   3.5241 |   3.8181 |  0.829 |  0.713 | 17/150
		[INFO]  345 | 0.000056 |   3.3051 |   3.9256 |  0.833 |  0.697 | 18/150
		[INFO]  346 | 0.000056 |   3.3733 |   3.9619 |  0.814 |  0.692 | 19/150
		[INFO]  347 | 0.000056 |   3.1327 |   3.8638 |  0.825 |  0.705 | 20/150
		[INFO]  348 | 0.000042 |   4.3247 |   3.8152 |  0.818 |  0.713 | 21/150
		[INFO]  349 | 0.000042 |   3.6603 |   3.9608 |  0.817 |  0.690 | 22/150
		[INFO]  350 | 0.000042 |   3.6301 |   4.2506 |  0.811 |  0.645 | 23/150
		[INFO]  351 | 0.000042 |   3.7621 |   3.8285 |  0.812 |  0.711 | 24/150
		[INFO]  352 | 0.000042 |   3.5456 |   3.6661 |  0.820 |  0.735 | 25/150
		[INFO]  353 | 0.000042 |   3.2047 |   3.7503 |  0.819 |  0.723 | 26/150
		[INFO]  354 | 0.000042 |   3.3084 |   3.9109 |  0.814 |  0.699 | 27/150
		[INFO]  355 | 0.000042 |   3.5781 |   4.0453 |  0.829 |  0.678 | 28/150
		[INFO]  356 | 0.000042 |   3.3347 |   3.6769 |  0.832 |  0.733 | 29/150
		[INFO]  357 | 0.000042 |   3.1582 |   3.8820 |  0.819 |  0.703 | 30/150
		[INFO]  358 | 0.000042 |   3.2279 |   3.8513 |  0.820 |  0.708 | 31/150
		[INFO]  359 | 0.000042 |   3.8658 |   4.1090 |  0.819 |  0.669 | 32/150
		[INFO]  360 | 0.000042 |   3.2094 |   4.1743 |  0.818 |  0.657 | 33/150
		[INFO]  361 | 0.000042 |   3.3035 |   3.7812 |  0.822 |  0.718 | 34/150
		[INFO]  362 | 0.000042 |   3.2847 |   3.9912 |  0.822 |  0.686 | 35/150
		[INFO]  363 | 0.000042 |   3.3492 |   4.0363 |  0.820 |  0.680 | 36/150
		[INFO]  364 | 0.000042 |   3.1708 |   4.0890 |  0.809 |  0.670 | 37/150
		[INFO]  365 | 0.000042 |   3.4359 |   3.7767 |  0.840 |  0.719 | 38/150
		[INFO]  366 | 0.000042 |   3.5925 |   3.7053 |  0.825 |  0.729 | 39/150
		[INFO]  367 | 0.000042 |   3.3002 |   3.9001 |  0.815 |  0.701 | 40/150
		[INFO]  368 | 0.000042 |   2.9628 |   3.8576 |  0.836 |  0.706 | 41/150
		[INFO]  369 | 0.000032 |   3.5094 |   4.0253 |  0.824 |  0.682 | 42/150
		[INFO]  370 | 0.000032 |   3.1818 |   3.8895 |  0.818 |  0.702 | 43/150
		[INFO]  371 | 0.000032 |   3.4417 |   3.9978 |  0.811 |  0.685 | 44/150
		[INFO]  372 | 0.000032 |   3.5452 |   3.9337 |  0.824 |  0.696 | 45/150
		[INFO]  373 | 0.000032 |   3.1624 |   3.9714 |  0.816 |  0.690 | 46/150
		[INFO]  374 | 0.000032 |   3.1886 |   3.8462 |  0.830 |  0.708 | 47/150
		[INFO]  375 | 0.000032 |   2.9858 |   3.8135 |  0.842 |  0.713 | 48/150
		[INFO]  376 | 0.000032 |   3.3316 |   3.7255 |  0.823 |  0.727 | 49/150
		[INFO]  377 | 0.000032 |   3.5689 |   3.7444 |  0.828 |  0.724 | 50/150
		[INFO]  378 | 0.000032 |   3.0680 |   3.8968 |  0.825 |  0.701 | 51/150
		[INFO]  379 | 0.000032 |   3.6700 |   4.2303 |  0.820 |  0.649 | 52/150
		[INFO]  380 | 0.000032 |   3.2032 |   3.9584 |  0.816 |  0.692 | 53/150
		[INFO]  381 | 0.000032 |   3.5967 |   3.9265 |  0.826 |  0.698 | 54/150
		[INFO]  382 | 0.000032 |   3.2956 |   3.9622 |  0.823 |  0.691 | 55/150
		[INFO]  383 | 0.000032 |   3.4736 |   3.7582 |  0.841 |  0.722 | 56/150
		[INFO]  384 | 0.000032 |   3.1587 |   3.9712 |  0.825 |  0.690 | 57/150
		[INFO]  385 | 0.000032 |   3.9811 |   4.1160 |  0.824 |  0.667 | 58/150
		[INFO]  386 | 0.000032 |   3.6666 |   3.7629 |  0.823 |  0.722 | 59/150
		[INFO]  387 | 0.000032 |   3.2654 |   3.8708 |  0.840 |  0.706 | 60/150
		[INFO]  388 | 0.000032 |   3.4983 |   3.9268 |  0.807 |  0.697 | 61/150
		[INFO]  389 | 0.000032 |   3.1163 |   4.2261 |  0.823 |  0.649 | 62/150
		[INFO]  390 | 0.000024 |   3.7444 |   3.8385 |  0.827 |  0.710 | 63/150
		[INFO]  391 | 0.000024 |   3.3262 |   3.9789 |  0.819 |  0.690 | 64/150
		[INFO]  392 | 0.000024 |   3.6880 |   3.9596 |  0.821 |  0.692 | 65/150
		[INFO]  393 | 0.000024 |   3.1778 |   4.0554 |  0.836 |  0.677 | 66/150
		[INFO]  394 | 0.000024 |   3.3192 |   4.0004 |  0.839 |  0.685 | 67/150
		[INFO]  395 | 0.000024 |   3.0978 |   4.0388 |  0.839 |  0.679 | 68/150
		[INFO]  396 | 0.000024 |   3.1875 |   3.9285 |  0.833 |  0.696 | 69/150
		[INFO]  397 | 0.000024 |   3.3755 |   3.8097 |  0.831 |  0.714 | 70/150
		[INFO]  398 | 0.000024 |   3.1909 |   4.0889 |  0.829 |  0.672 | 71/150
		[INFO]  399 | 0.000024 |   3.8123 |   4.1284 |  0.816 |  0.665 | 72/150
		[INFO]  400 | 0.000024 |   3.3837 |   3.9230 |  0.831 |  0.697 | 73/150
		[INFO]  401 | 0.000024 |   2.9637 |   3.7022 |  0.842 |  0.730 | 74/150
		[INFO]  402 | 0.000024 |   3.2581 |   3.9884 |  0.833 |  0.687 | 75/150
		[INFO]  403 | 0.000024 |   3.2794 |   3.6734 |  0.809 |  0.733 | 76/150
		[INFO]  404 | 0.000024 |   3.3967 |   3.7436 |  0.821 |  0.724 | 77/150
		[INFO]  405 | 0.000024 |   3.1541 |   3.9019 |  0.829 |  0.700 | 78/150
		[INFO]  406 | 0.000024 |   3.2488 |   3.7903 |  0.838 |  0.717 | 79/150
		[INFO]  407 | 0.000024 |   3.3775 |   3.9841 |  0.824 |  0.688 | 80/150
		[INFO]  408 | 0.000024 |   3.1579 |   3.8287 |  0.843 |  0.711 | 81/150
		[INFO]  409 | 0.000024 |   3.4170 |   3.8535 |  0.813 |  0.708 | 82/150
		[INFO]  410 | 0.000024 |   3.4234 |   3.9155 |  0.832 |  0.698 | 83/150
		[INFO]  411 | 0.000018 |   3.3861 |   3.9757 |  0.827 |  0.690 | 84/150
		[INFO]  412 | 0.000018 |   3.8890 |   3.7716 |  0.827 |  0.720 | 85/150
		[INFO]  413 | 0.000018 |   2.9713 |   4.0131 |  0.836 |  0.683 | 86/150
		[INFO]  414 | 0.000018 |   3.1880 |   3.9650 |  0.816 |  0.691 | 87/150
		[INFO]  415 | 0.000018 |   3.2834 |   3.7852 |  0.824 |  0.718 | 88/150
		[INFO]  416 | 0.000018 |   3.2196 |   3.8369 |  0.830 |  0.711 | 89/150
		[INFO]  417 | 0.000018 |   3.3429 |   3.8248 |  0.826 |  0.712 | 90/150
		[INFO]  418 | 0.000018 |   3.3498 |   3.7268 |  0.821 |  0.726 | 91/150
		[INFO]  419 | 0.000018 |   3.7031 |   3.7615 |  0.818 |  0.722 | 92/150
		[INFO]  420 | 0.000018 |   3.7164 |   3.8802 |  0.826 |  0.703 | 93/150
		[INFO]  421 | 0.000018 |   3.1330 |   4.2986 |  0.832 |  0.637 | 94/150
		[INFO]  422 | 0.000018 |   3.0444 |   3.8127 |  0.836 |  0.713 | 95/150
		[INFO]  423 | 0.000018 |   3.2480 |   3.9684 |  0.824 |  0.691 | 96/150
		[INFO]  424 | 0.000018 |   4.0030 |   3.7476 |  0.844 |  0.723 | 97/150
		[INFO]  425 | 0.000018 |   3.3478 |   3.7169 |  0.828 |  0.727 | 98/150
		[INFO]  426 | 0.000018 |   3.3095 |   3.9065 |  0.824 |  0.700 | 99/150
		[INFO]  427 | 0.000018 |   3.4194 |   4.0369 |  0.837 |  0.680 | 100/150
		[INFO]  428 | 0.000018 |   3.2373 |   3.9104 |  0.820 |  0.699 | 101/150
		[INFO]  429 | 0.000018 |   3.2250 |   3.7530 |  0.829 |  0.722 | 102/150
		[INFO]  430 | 0.000018 |   3.9611 |   3.7117 |  0.812 |  0.728 | 103/150
		[INFO]  431 | 0.000018 |   3.5698 |   4.0609 |  0.828 |  0.676 | 104/150
		[INFO]  432 | 0.000013 |   3.2823 |   4.0545 |  0.835 |  0.677 | 105/150
		[INFO]  433 | 0.000013 |   3.0836 |   3.6439 |  0.840 |  0.738 | 106/150
		[INFO]  434 | 0.000013 |   3.2565 |   3.7688 |  0.811 |  0.720 | 107/150
		[INFO]  435 | 0.000013 |   3.1388 |   3.9141 |  0.833 |  0.698 | 108/150
		[INFO]  436 | 0.000013 |   3.3449 |   3.7880 |  0.829 |  0.717 | 109/150
		[INFO]  437 | 0.000013 |   3.0876 |   3.8925 |  0.834 |  0.702 | 110/150
		[INFO]  438 | 0.000013 |   3.6159 |   3.8903 |  0.825 |  0.703 | 111/150
		[INFO]  439 | 0.000013 |   3.1938 |   4.0848 |  0.821 |  0.672 | 112/150
		[INFO]  440 | 0.000013 |   2.9647 |   3.8127 |  0.836 |  0.713 | 113/150
		[INFO]  441 | 0.000013 |   3.1488 |   3.7658 |  0.831 |  0.721 | 114/150
		[INFO]  442 | 0.000013 |   3.1452 |   3.7203 |  0.839 |  0.727 | 115/150
		[INFO]  443 | 0.000013 |   3.2946 |   3.7597 |  0.825 |  0.721 | 116/150
		[INFO]  444 | 0.000013 |   3.5031 |   3.7470 |  0.831 |  0.723 | 117/150
		[INFO]  445 | 0.000013 |   3.5550 |   3.9319 |  0.826 |  0.696 | 118/150
		[INFO]  446 | 0.000013 |   3.5837 |   3.8595 |  0.827 |  0.708 | 119/150
		[INFO]  447 | 0.000013 |   3.2505 |   3.9964 |  0.833 |  0.686 | 120/150
		[INFO]  448 | 0.000013 |   3.5037 |   4.1589 |  0.835 |  0.660 | 121/150
		[INFO]  449 | 0.000013 |   3.3138 |   4.0616 |  0.824 |  0.677 | 122/150
		[INFO]  450 | 0.000013 |   3.1321 |   3.8324 |  0.828 |  0.711 | 123/150
		[INFO]  451 | 0.000013 |   3.1204 |   3.9709 |  0.823 |  0.691 | 124/150
		[INFO]  452 | 0.000013 |   3.1454 |   3.8682 |  0.835 |  0.706 | 125/150
		[INFO]  453 | 0.000010 |   4.4434 |   3.5524 |  0.828 |  0.751 | 126/150
		[INFO]  454 | 0.000010 |   3.5137 |   3.8185 |  0.816 |  0.712 | 0/150
		[INFO]  455 | 0.000010 |   3.3777 |   4.2632 |  0.836 |  0.644 | 1/150
		[INFO]  456 | 0.000010 |   3.1890 |   3.8935 |  0.842 |  0.701 | 2/150
		[INFO]  457 | 0.000010 |   3.6050 |   3.8140 |  0.836 |  0.713 | 3/150
		[INFO]  458 | 0.000010 |   3.1734 |   3.9153 |  0.822 |  0.698 | 4/150
		[INFO]  459 | 0.000010 |   3.1689 |   3.9293 |  0.824 |  0.697 | 5/150
		[INFO]  460 | 0.000010 |   3.1468 |   3.7575 |  0.833 |  0.722 | 6/150
		[INFO]  461 | 0.000010 |   3.8049 |   4.0767 |  0.832 |  0.675 | 7/150
		[INFO]  462 | 0.000010 |   3.1703 |   3.9420 |  0.828 |  0.695 | 8/150
		[INFO]  463 | 0.000010 |   3.0322 |   4.0526 |  0.835 |  0.678 | 9/150
		[INFO]  464 | 0.000010 |   3.7256 |   3.9298 |  0.816 |  0.697 | 10/150
		[INFO]  465 | 0.000010 |   3.7228 |   3.7784 |  0.826 |  0.720 | 11/150
		[INFO]  466 | 0.000010 |   3.3491 |   3.9627 |  0.830 |  0.691 | 12/150
		[INFO]  467 | 0.000010 |   3.4261 |   4.0982 |  0.834 |  0.669 | 13/150
		[INFO]  468 | 0.000010 |   3.2317 |   3.9969 |  0.800 |  0.686 | 14/150
		[INFO]  469 | 0.000010 |   3.3097 |   3.9989 |  0.827 |  0.686 | 15/150
		[INFO]  470 | 0.000010 |   3.1225 |   3.8543 |  0.841 |  0.707 | 16/150
		[INFO]  471 | 0.000010 |   3.2422 |   3.8378 |  0.819 |  0.710 | 17/150
		[INFO]  472 | 0.000010 |   3.4509 |   3.8923 |  0.831 |  0.702 | 18/150
		[INFO]  473 | 0.000010 |   3.2986 |   3.7220 |  0.831 |  0.727 | 19/150
		[INFO]  474 | 0.000010 |   3.4679 |   4.0242 |  0.822 |  0.681 | 20/150
		[INFO]  475 | 0.000008 |   2.9368 |   4.0702 |  0.842 |  0.674 | 21/150
		[INFO]  476 | 0.000008 |   3.0126 |   3.7764 |  0.852 |  0.718 | 22/150
		[INFO]  477 | 0.000008 |   3.0427 |   4.0216 |  0.847 |  0.682 | 23/150
		[INFO]  478 | 0.000008 |   3.2373 |   3.8846 |  0.815 |  0.702 | 24/150
		[INFO]  479 | 0.000008 |   3.6539 |   4.0545 |  0.816 |  0.677 | 25/150
		[INFO]  480 | 0.000008 |   3.1535 |   3.8239 |  0.820 |  0.712 | 26/150
		[INFO]  481 | 0.000008 |   3.3398 |   3.8833 |  0.831 |  0.703 | 27/150
		[INFO]  482 | 0.000008 |   3.8624 |   4.0182 |  0.805 |  0.682 | 28/150
		[INFO]  483 | 0.000008 |   3.1746 |   4.0779 |  0.834 |  0.673 | 29/150
		[INFO]  484 | 0.000008 |   3.3122 |   4.0513 |  0.809 |  0.678 | 30/150
		[INFO]  485 | 0.000008 |   3.5170 |   3.9199 |  0.835 |  0.698 | 31/150
		[INFO]  486 | 0.000008 |   3.4720 |   3.9718 |  0.814 |  0.690 | 32/150
		[INFO]  487 | 0.000008 |   3.4269 |   3.7746 |  0.819 |  0.719 | 33/150
		[INFO]  488 | 0.000008 |   3.5519 |   3.9278 |  0.821 |  0.697 | 34/150
		[INFO]  489 | 0.000008 |   3.0513 |   3.8243 |  0.824 |  0.711 | 35/150
		[INFO]  490 | 0.000008 |   2.8883 |   4.0635 |  0.845 |  0.675 | 36/150
		[INFO]  491 | 0.000008 |   3.4904 |   4.0231 |  0.813 |  0.682 | 37/150
		[INFO]  492 | 0.000008 |   3.2077 |   4.0072 |  0.840 |  0.684 | 38/150
		[INFO]  493 | 0.000008 |   3.7662 |   4.3772 |  0.815 |  0.624 | 39/150
		[INFO]  494 | 0.000008 |   3.2399 |   3.8931 |  0.818 |  0.701 | 40/150
		[INFO]  495 | 0.000008 |   3.3147 |   3.9640 |  0.830 |  0.691 | 41/150
		[INFO]  496 | 0.000006 |   3.4882 |   3.9597 |  0.834 |  0.693 | 42/150
		[INFO]  497 | 0.000006 |   3.0090 |   3.9368 |  0.828 |  0.696 | 43/150
		[INFO]  498 | 0.000006 |   3.0268 |   3.7561 |  0.830 |  0.722 | 44/150
		[INFO]  499 | 0.000006 |   2.9549 |   3.7956 |  0.837 |  0.716 | 45/150
		[INFO]  500 | 0.000006 |   3.3432 |   3.7909 |  0.812 |  0.717 | 46/150
		[INFO]  501 | 0.000006 |   3.2614 |   3.9570 |  0.833 |  0.692 | 47/150
		[INFO]  502 | 0.000006 |   3.3198 |   3.9084 |  0.819 |  0.700 | 48/150
		[INFO]  503 | 0.000006 |   3.6649 |   3.6074 |  0.833 |  0.743 | 49/150
		[INFO]  504 | 0.000006 |   3.3793 |   3.6867 |  0.817 |  0.731 | 50/150
		[INFO]  505 | 0.000006 |   3.9507 |   3.7845 |  0.830 |  0.719 | 51/150
		[INFO]  506 | 0.000006 |   3.5274 |   4.0578 |  0.829 |  0.677 | 52/150
		[INFO]  507 | 0.000006 |   3.2843 |   3.9047 |  0.826 |  0.700 | 53/150
		[INFO]  508 | 0.000006 |   3.4544 |   4.1743 |  0.811 |  0.657 | 54/150
		[INFO]  509 | 0.000006 |   3.1401 |   3.7835 |  0.848 |  0.718 | 55/150
		[INFO]  510 | 0.000006 |   3.6023 |   3.9496 |  0.837 |  0.694 | 56/150
		[INFO]  511 | 0.000006 |   3.4297 |   4.0099 |  0.824 |  0.684 | 57/150
		[INFO]  512 | 0.000006 |   3.0797 |   3.9232 |  0.840 |  0.697 | 58/150
		[INFO]  513 | 0.000006 |   3.5961 |   4.0157 |  0.830 |  0.683 | 59/150
		[INFO]  514 | 0.000006 |   3.3550 |   3.7336 |  0.818 |  0.726 | 60/150
		[INFO]  515 | 0.000006 |   3.1451 |   3.8585 |  0.819 |  0.707 | 61/150
		[INFO]  516 | 0.000006 |   3.1431 |   3.7626 |  0.826 |  0.722 | 62/150
		[INFO]  517 | 0.000004 |   3.1365 |   4.1677 |  0.834 |  0.658 | 63/150
		[INFO]  518 | 0.000004 |   2.8886 |   3.7578 |  0.840 |  0.721 | 64/150
		[INFO]  519 | 0.000004 |   4.3850 |   3.6407 |  0.825 |  0.739 | 65/150
		[INFO]  520 | 0.000004 |   3.1450 |   3.8482 |  0.822 |  0.709 | 66/150
		[INFO]  521 | 0.000004 |   2.9876 |   4.0292 |  0.849 |  0.681 | 67/150
		[INFO]  522 | 0.000004 |   3.1377 |   3.8634 |  0.830 |  0.706 | 68/150
		[INFO]  523 | 0.000004 |   3.6892 |   4.0302 |  0.813 |  0.681 | 69/150
		[INFO]  524 | 0.000004 |   3.0697 |   3.8916 |  0.830 |  0.702 | 70/150
		[INFO]  525 | 0.000004 |   3.3260 |   3.9145 |  0.831 |  0.698 | 71/150
		[INFO]  526 | 0.000004 |   3.1646 |   3.8780 |  0.834 |  0.705 | 72/150
		[INFO]  527 | 0.000004 |   3.3668 |   3.8472 |  0.841 |  0.709 | 73/150
		[INFO]  528 | 0.000004 |   3.8633 |   3.7820 |  0.816 |  0.718 | 74/150
		[INFO]  529 | 0.000004 |   3.2002 |   4.0480 |  0.830 |  0.678 | 75/150
		[INFO]  530 | 0.000004 |   3.0681 |   3.7621 |  0.839 |  0.721 | 76/150
		[INFO]  531 | 0.000004 |   3.2181 |   4.0207 |  0.835 |  0.683 | 77/150
		[INFO]  532 | 0.000004 |   3.2220 |   3.8313 |  0.821 |  0.711 | 78/150
		[INFO]  533 | 0.000004 |   3.2480 |   3.9087 |  0.842 |  0.699 | 79/150
		[INFO]  534 | 0.000004 |   3.0301 |   4.0961 |  0.847 |  0.671 | 80/150
		[INFO]  535 | 0.000004 |   3.2514 |   3.7640 |  0.830 |  0.721 | 81/150
		[INFO]  536 | 0.000004 |   3.6055 |   3.9281 |  0.836 |  0.696 | 82/150
		[INFO]  537 | 0.000004 |   3.0309 |   3.7548 |  0.835 |  0.722 | 83/150
		[INFO]  538 | 0.000003 |   3.0366 |   3.6561 |  0.833 |  0.736 | 84/150
		[INFO]  539 | 0.000003 |   3.5011 |   3.7215 |  0.835 |  0.727 | 85/150
		[INFO]  540 | 0.000003 |   3.2165 |   3.8061 |  0.812 |  0.714 | 86/150
		[INFO]  541 | 0.000003 |   3.1293 |   3.9290 |  0.840 |  0.697 | 87/150
		[INFO]  542 | 0.000003 |   3.1692 |   3.9915 |  0.841 |  0.688 | 88/150
		[INFO]  543 | 0.000003 |   3.3307 |   3.9125 |  0.836 |  0.698 | 89/150
		[INFO]  544 | 0.000003 |   3.0324 |   3.7590 |  0.844 |  0.721 | 90/150
		[INFO]  545 | 0.000003 |   3.8002 |   4.2185 |  0.809 |  0.650 | 91/150
		[INFO]  546 | 0.000003 |   3.2579 |   3.7830 |  0.827 |  0.717 | 92/150
		[INFO]  547 | 0.000003 |   3.2355 |   4.0838 |  0.830 |  0.672 | 93/150
		[INFO]  548 | 0.000003 |   3.1039 |   3.8342 |  0.828 |  0.711 | 94/150
		[INFO]  549 | 0.000003 |   3.1877 |   3.9263 |  0.838 |  0.697 | 95/150
		[INFO]  550 | 0.000003 |   3.2273 |   3.7893 |  0.821 |  0.717 | 96/150
		[INFO]  551 | 0.000003 |   3.0959 |   3.6758 |  0.842 |  0.733 | 97/150
		[INFO]  552 | 0.000003 |   3.8490 |   3.5765 |  0.807 |  0.747 | 98/150
		[INFO]  553 | 0.000003 |   3.1197 |   3.8801 |  0.827 |  0.704 | 99/150
		[INFO]  554 | 0.000003 |   3.1690 |   3.6164 |  0.828 |  0.741 | 100/150
		[INFO]  555 | 0.000003 |   3.0505 |   3.7068 |  0.849 |  0.729 | 101/150
		[INFO]  556 | 0.000003 |   3.5894 |   4.0792 |  0.830 |  0.674 | 102/150
		[INFO]  557 | 0.000003 |   3.3748 |   3.6758 |  0.821 |  0.733 | 103/150
		[INFO]  558 | 0.000003 |   3.1886 |   3.9344 |  0.823 |  0.695 | 104/150
		[INFO]  559 | 0.000002 |   3.1363 |   3.9965 |  0.831 |  0.685 | 105/150
		[INFO]  560 | 0.000002 |   3.5238 |   3.6384 |  0.825 |  0.738 | 106/150
		[INFO]  561 | 0.000002 |   3.0511 |   4.0162 |  0.837 |  0.683 | 107/150
		[INFO]  562 | 0.000002 |   3.0944 |   3.9036 |  0.819 |  0.700 | 108/150
		[INFO]  563 | 0.000002 |   3.1518 |   3.9979 |  0.830 |  0.686 | 109/150
		[INFO]  564 | 0.000002 |   3.2946 |   3.8471 |  0.818 |  0.708 | 110/150
		[INFO]  565 | 0.000002 |   3.4548 |   3.9644 |  0.823 |  0.692 | 111/150
		[INFO]  566 | 0.000002 |   3.2425 |   3.8984 |  0.838 |  0.701 | 112/150
		[INFO]  567 | 0.000002 |   3.2586 |   4.0485 |  0.833 |  0.678 | 113/150
		[INFO]  568 | 0.000002 |   3.0717 |   3.9871 |  0.836 |  0.688 | 114/150
		[INFO]  569 | 0.000002 |   3.5196 |   4.0728 |  0.833 |  0.675 | 115/150
		[INFO]  570 | 0.000002 |   3.6550 |   4.0575 |  0.828 |  0.677 | 116/150
		[INFO]  571 | 0.000002 |   3.3889 |   4.0862 |  0.821 |  0.672 | 117/150
		[INFO]  572 | 0.000002 |   3.0647 |   4.0083 |  0.833 |  0.684 | 118/150
		[INFO]  573 | 0.000002 |   3.7439 |   3.8509 |  0.833 |  0.708 | 119/150
		[INFO]  574 | 0.000002 |   3.1257 |   4.0918 |  0.832 |  0.672 | 120/150
		[INFO]  575 | 0.000002 |   3.2690 |   4.0318 |  0.827 |  0.681 | 121/150
		[INFO]  576 | 0.000002 |   3.1891 |   3.9205 |  0.826 |  0.698 | 122/150
		[INFO]  577 | 0.000002 |   3.2906 |   3.7704 |  0.840 |  0.719 | 123/150
		[INFO]  578 | 0.000002 |   3.2341 |   4.0037 |  0.817 |  0.685 | 124/150
		[INFO]  579 | 0.000002 |   3.1664 |   4.0875 |  0.835 |  0.671 | 125/150
		[INFO]  580 | 0.000002 |   3.1083 |   4.0680 |  0.835 |  0.676 | 126/150
		[INFO]  581 | 0.000002 |   3.1372 |   3.8439 |  0.833 |  0.709 | 127/150
		[INFO]  582 | 0.000002 |   3.6746 |   3.8069 |  0.822 |  0.715 | 128/150
		[INFO]  583 | 0.000002 |   3.5709 |   3.8739 |  0.812 |  0.706 | 129/150
		[INFO]  584 | 0.000002 |   3.0422 |   3.8692 |  0.827 |  0.705 | 130/150
		[INFO]  585 | 0.000002 |   3.2290 |   4.1493 |  0.832 |  0.662 | 131/150
		[INFO]  586 | 0.000002 |   3.2602 |   3.9504 |  0.809 |  0.693 | 132/150
		[INFO]  587 | 0.000002 |   3.2242 |   3.9317 |  0.832 |  0.695 | 133/150
		[INFO]  588 | 0.000002 |   3.9773 |   4.4022 |  0.813 |  0.621 | 134/150
		[INFO]  589 | 0.000002 |   3.2217 |   4.2149 |  0.840 |  0.651 | 135/150
		[INFO]  590 | 0.000002 |   3.1655 |   4.0060 |  0.825 |  0.684 | 136/150
		[INFO]  591 | 0.000002 |   3.5683 |   3.6998 |  0.811 |  0.730 | 137/150
		[INFO]  592 | 0.000002 |   3.0531 |   3.9644 |  0.830 |  0.691 | 138/150
		[INFO]  593 | 0.000002 |   3.2438 |   4.0026 |  0.823 |  0.685 | 139/150
		[INFO]  594 | 0.000002 |   3.2331 |   3.6828 |  0.825 |  0.733 | 140/150
		[INFO]  595 | 0.000002 |   3.3131 |   3.8719 |  0.811 |  0.705 | 141/150
		[INFO]  596 | 0.000002 |   3.3222 |   3.9964 |  0.825 |  0.687 | 142/150
		[INFO]  597 | 0.000002 |   3.0796 |   4.2805 |  0.837 |  0.641 | 143/150
		[INFO]  598 | 0.000002 |   3.0937 |   4.0609 |  0.834 |  0.676 | 144/150
		[INFO]  599 | 0.000002 |   2.9670 |   4.0576 |  0.836 |  0.677 | 145/150
		[INFO]  600 | 0.000002 |   3.7497 |   4.1554 |  0.834 |  0.661 | 146/150
		[INFO]  601 | 0.000001 |   3.3418 |   4.1702 |  0.824 |  0.659 | 147/150
		[INFO]  602 | 0.000001 |   3.1098 |   4.1778 |  0.834 |  0.656 | 148/150
/home/lisa4090/Documents/GitHub/V2B_Optimization_with_AI_on_BSS/testcase/testcaseV4.py:203: FutureWarning: You are using `torch.load` with `weights_only=False` (the current default value), which uses the default pickle module implicitly. It is possible to construct malicious pickle data which will execute arbitrary code during unpickling (See https://github.com/pytorch/pytorch/blob/main/SECURITY.md#untrusted-models for more details). In a future release, the default value for `weights_only` will be flipped to `True`. This limits the functions that could be executed during unpickling. Arbitrary objects will no longer be allowed to be loaded via this mode unless they are explicitly allowlisted by the user via `torch.serialization.add_safe_globals`. We recommend you start setting `weights_only=True` for any use case where you don't have full control of the loaded file. Please open an issue on GitHub for any issues related to this experimental feature.
  model.load_state_dict(torch.load(os.path.join(base_path, "checkpoints", "best_model.pth"), map_location=cfg.DEVICE))
		[INFO]  603 | 0.000001 |   3.0947 |   4.0594 |  0.841 |  0.677 | 149/150

[Stopping] Early stopping triggered after 603 epochs.
Training Complete. Results saved to: ./data/training_results/STAFV7_CASE1
		[INFO] Case 1 completed.


==================================================
PART 4: Testing...
==================================================

	4.2 Testing Case 2...
🚀 Starting Dynamic Simulation (Updating SOC per hour)
Traceback (most recent call last):
  File "/home/lisa4090/Documents/GitHub/V2B_Optimization_with_AI_on_BSS/main.py", line 76, in <module>
    main()
    ~~~~^^
  File "/home/lisa4090/Documents/GitHub/V2B_Optimization_with_AI_on_BSS/main.py", line 54, in main
    run_dynamic_simulation(case_id=case_num, run_name= cfg.RUN_NAME+f"_CASE{case_num}")
    ~~~~~~~~~~~~~~~~~~~~~~^^^^^^^^^^^^^^^^^^^^^^^^^^^^^^^^^^^^^^^^^^^^^^^^^^^^^^^^^^^^^
  File "/home/lisa4090/Documents/GitHub/V2B_Optimization_with_AI_on_BSS/testcase/testcaseV4.py", line 228, in run_dynamic_simulation
    model, feat_info, b_demand, rad, temp, price, batt_demand, batt_details, batt_sched = load_data_and_model(case_id, run_name)
                                                                                          ~~~~~~~~~~~~~~~~~~~^^^^^^^^^^^^^^^^^^^
  File "/home/lisa4090/Documents/GitHub/V2B_Optimization_with_AI_on_BSS/testcase/testcaseV4.py", line 203, in load_data_and_model
    model.load_state_dict(torch.load(os.path.join(base_path, "checkpoints", "best_model.pth"), map_location=cfg.DEVICE))
    ~~~~~~~~~~~~~~~~~~~~~^^^^^^^^^^^^^^^^^^^^^^^^^^^^^^^^^^^^^^^^^^^^^^^^^^^^^^^^^^^^^^^^^^^^^^^^^^^^^^^^^^^^^^^^^^^^^^^
  File "/home/lisa4090/anaconda3/envs/AIonBSS/lib/python3.13/site-packages/torch/nn/modules/module.py", line 2584, in load_state_dict
    raise RuntimeError(
    ...<3 lines>...
    )
RuntimeError: Error(s) in loading state_dict for TemporalAttentiveFusionNet:
	size mismatch for series_embedding.weight: copying a param with shape torch.Size([12000, 16]) from checkpoint, the shape in current model is torch.Size([33928, 16]).
