Crash diagnostics ON


==================================================
PART 1: Data preprocess for 2023-01-01 00:00:00 to 2024-09-30 23:00:00...
==================================================

	1.1 Preprocessing radiation data...
		[INFO] Radiation data already exists at './data/timeseries/radiation_data.csv'

	1.2 Preprocessing temperature data...
		[INFO] Temperature data already exists at './data/timeseries/temperature_data.csv'

	1.3 Preprocessing building data...
		[INFO] Building data already exists at './data/timeseries/building_data.csv'

	1.4 Preprocessing electricity cost data...
		[INFO] Electricity cost data already exists at './data/timeseries/electricitycostG2B_data.csv' and './data/timeseries/electricitycostG2V_data.csv'

	1.5 Preprocessing battery demand series data...
		[INFO] Found existing battery data at './data/battery_demand/tol24/resample_full.csv' and './data/battery_demand/tol24/resample_train.csv'

		[INFO] Number of series for clean windows = (168, 37)
		[INFO] Number of eligible series for Case 2 = (1377, 37)
		[INFO] Number of seeds ready for Case 3  = (2000, 36)

		[INFO] Case 1 exists — loaded battery demand from './data/battery_demand/tol24/case1_real_only/battery_demand.npy' with shape (168, 37).
		[INFO] Case 2 exists — loaded battery demand from './data/battery_demand/tol24/case2_nan_filled/battery_demand.npy' with shape (1545, 37).
		[INFO] Case 3 exists — loaded battery demand from './data/battery_demand/tol24/case3_extended_generated/battery_demand.npy' with shape (3545, 37).
		[INFO] Case 0: Successfully added test pair 2024-03-15 & 2024-03-16
		Data: [10536, 28, 30, 35, 37, 37, 36, 33, 26, 10, 6, 10, 14, 19, 18, 15, 20, 26, 15, 9, 16, 21, 20, 8, 12, 15, 24, 31, 35, 32, 35, 34, 32, 31, 30, 22, 14, 18, 27, 18, 19, 19, 25, 25, 25, 26, 27, 17, 19]
		[INFO] Case 0: Successfully added test pair 2024-03-29 & 2024-03-30
		Data: [10872, 13, 26, 31, 33, 33, 33, 31, 15, 8, 19, 11, 15, 18, 16, 18, 18, 19, 7, 4, 23, 23, 16, 17, 18, 18, 19, 24, 29, 30, 30, 22, 27, 21, 14, 15, 16, 20, 18, 23, 27, 18, 2, 10, 23, 22, 22, 17, 21]

	1.6 Generating battery schedule...
		[INFO] Case 1 exists — loaded from './data/battery_demand/tol24/case1_real_only/battery_availability.npy' and './data/battery_demand/tol24/case1_real_only/battery_details.npy' shape (168, 263, 36) and (4, 168, 263)
		[INFO] Case 2 exists — loaded from './data/battery_demand/tol24/case2_nan_filled/battery_availability.npy' and './data/battery_demand/tol24/case2_nan_filled/battery_details.npy' shape (1545, 311, 36) and (4, 1545, 311)
		[INFO] Case 3 exists — loaded from './data/battery_demand/tol24/case3_extended_generated/battery_availability.npy' and './data/battery_demand/tol24/case3_extended_generated/battery_details.npy' shape (3545, 422, 36) and (4, 3545, 422)


==================================================
PART 2: MILP Optimization...
==================================================

	2.1 Optimizing Case 1...
		[INFO] Loaded 168 samples from './data/battery_demand/tol24/case1_real_only'
		[INFO] Results already exist at './data/optimization_results/tol24/case1_real_only/optimization/V2B.npy'. Skipping optimization run.
		[INFO] Results already exist at './data/optimization_results/tol24/case1_real_only/immediate_charging/V2B.npy'. Skipping immediate_charging run.
		[INFO] Case 1 completed.

	2.2 Optimizing Case 2...
		[INFO] Loaded 1545 samples from './data/battery_demand/tol24/case2_nan_filled'
		[INFO] Results already exist at './data/optimization_results/tol24/case2_nan_filled/optimization/V2B.npy'. Skipping optimization run.
		[INFO] Results already exist at './data/optimization_results/tol24/case2_nan_filled/immediate_charging/V2B.npy'. Skipping immediate_charging run.
		[INFO] Case 2 completed.

	2.3 Optimizing Case 3...
		[INFO] Loaded 3545 samples from './data/battery_demand/tol24/case3_extended_generated'
		[INFO] Results already exist at './data/optimization_results/tol24/case3_extended_generated/optimization/V2B.npy'. Skipping optimization run.
		[INFO] Results already exist at './data/optimization_results/tol24/case3_extended_generated/immediate_charging/V2B.npy'. Skipping immediate_charging run.
		[INFO] Case 3 completed.


==================================================
PART 3: Supervised Learning...
==================================================

	3.1 Training Case 1...
		=== Training Log Started: 2025-11-30 00:20:52.101366 ===
		Run Name: STAFV2_24_CASE1
		Device: cuda
		Epochs: 1000, Batch Size: 4, LR: 0.05
		============================================================
		[INFO] Unique quantized indices: 6686
		[INFO] Suggested num_embeddings: 8023
		[INFO] Processed 168 valid samples.
		[INFO] Saved merged dataset: ./data/training_results/merged_windowed_dataset_STAFV2_24_CASE1.csv  (shape: (168, 429))
		[INFO] Saved feature metadata: ./data/training_results/feature_info_STAFV2_24_CASE1.json
		[INFO] Dataset split: 134 train, 34 val
		[INFO] Scalers fitted and saved.

		✅ Model initialized with 38122 params.
		============================================================
		--------------------------------------------------------------------------------------------
		  Epoch    |     LR     |  Train RMSE  |   Val RMSE   |  Train R²  |   Val R²   |  Patience 
		--------------------------------------------------------------------------------------------
		    1/1000 | 0.050000   |    7.66890   |    6.70856   |     -0.453 |     -0.004 |    0/150  
		    2/1000 | 0.050000   |    6.50917   |    6.70910   |     -0.055 |      0.012 |    0/150  
		    3/1000 | 0.050000   |    6.56641   |    6.60267   |     -0.080 |      0.025 |    1/150  
		    4/1000 | 0.050000   |    6.12281   |    5.42697   |      0.064 |      0.292 |    0/150  
		    5/1000 | 0.050000   |    5.97933   |    5.39203   |      0.119 |      0.330 |    0/150  
		    6/1000 | 0.050000   |    6.01867   |    5.26672   |      0.097 |      0.344 |    0/150  
		    7/1000 | 0.050000   |    5.75747   |    5.76280   |      0.185 |      0.233 |    0/150  
		    8/1000 | 0.050000   |    5.60154   |    5.20869   |      0.217 |      0.350 |    1/150  
		    9/1000 | 0.050000   |    5.89130   |    5.39139   |      0.133 |      0.315 |    0/150  
		   10/1000 | 0.050000   |    5.86982   |    5.06990   |      0.152 |      0.373 |    1/150  
		   11/1000 | 0.050000   |    5.84997   |    5.38251   |      0.152 |      0.314 |    0/150  
		   12/1000 | 0.050000   |    5.30050   |    5.05155   |      0.308 |      0.394 |    1/150  
		   13/1000 | 0.050000   |    4.83885   |    4.92726   |      0.414 |      0.417 |    0/150  
		                                          ╚══> ✅ SAVED (RMSE: 4.9273)
		   14/1000 | 0.050000   |    5.44945   |    5.07028   |      0.257 |      0.396 |    0/150  
		   15/1000 | 0.050000   |    5.24921   |    4.92868   |      0.322 |      0.412 |    1/150  
		   16/1000 | 0.050000   |    5.51554   |    4.89964   |      0.239 |      0.415 |    2/150  
		                                          ╚══> ✅ SAVED (RMSE: 4.8996)
		   17/1000 | 0.050000   |    5.51933   |    5.22790   |      0.239 |      0.355 |    0/150  
		   18/1000 | 0.050000   |    5.72563   |    4.76847   |      0.177 |      0.441 |    1/150  
		                                          ╚══> ✅ SAVED (RMSE: 4.7685)
		   19/1000 | 0.050000   |    5.33610   |    5.24909   |      0.292 |      0.350 |    0/150  
		   20/1000 | 0.050000   |    5.39866   |    5.03058   |      0.272 |      0.403 |    1/150  
		   21/1000 | 0.050000   |    5.47243   |    5.31619   |      0.258 |      0.347 |    2/150  
		   22/1000 | 0.050000   |    5.61171   |    5.19449   |      0.217 |      0.349 |    3/150  
		   23/1000 | 0.050000   |    5.52062   |    5.22475   |      0.256 |      0.353 |    4/150  
		   24/1000 | 0.050000   |    5.51191   |    5.32234   |      0.252 |      0.329 |    5/150  
		   25/1000 | 0.050000   |    5.80225   |    4.84465   |      0.181 |      0.429 |    6/150  
		   26/1000 | 0.050000   |    5.44185   |    4.89132   |      0.273 |      0.409 |    7/150  
		   27/1000 | 0.050000   |    5.96908   |    5.59652   |      0.132 |      0.262 |    8/150  
		   28/1000 | 0.050000   |    5.41134   |    4.90179   |      0.303 |      0.410 |    9/150  
		   29/1000 | 0.050000   |    5.35876   |    5.22195   |      0.295 |      0.333 |   10/150  
		   30/1000 | 0.050000   |    5.37698   |    5.29715   |      0.289 |      0.320 |   11/150  
		   31/1000 | 0.050000   |    5.37171   |    5.20479   |      0.291 |      0.337 |   12/150  
		   32/1000 | 0.050000   |    5.48018   |    5.10359   |      0.255 |      0.359 |   13/150  
		   33/1000 | 0.050000   |    5.40930   |    5.34095   |      0.293 |      0.319 |   14/150  
		   34/1000 | 0.025000   |    5.42495   |    5.16750   |      0.265 |      0.357 |   15/150  
		   35/1000 | 0.025000   |    5.32093   |    5.42392   |      0.305 |      0.290 |   16/150  
		   36/1000 | 0.025000   |    5.36211   |    4.91744   |      0.298 |      0.413 |   17/150  
		   37/1000 | 0.025000   |    5.18475   |    5.22446   |      0.326 |      0.352 |   18/150  
		   38/1000 | 0.025000   |    4.87441   |    5.44781   |      0.407 |      0.288 |   19/150  
		   39/1000 | 0.025000   |    5.35012   |    5.07064   |      0.308 |      0.386 |   20/150  
		   40/1000 | 0.025000   |    5.27894   |    5.15613   |      0.309 |      0.356 |   21/150  
		   41/1000 | 0.025000   |    4.99667   |    5.01984   |      0.389 |      0.393 |   22/150  
		   42/1000 | 0.025000   |    5.14012   |    5.24212   |      0.338 |      0.358 |   23/150  
		   43/1000 | 0.025000   |    5.04818   |    5.35816   |      0.364 |      0.310 |   24/150  
		   44/1000 | 0.025000   |    4.90829   |    5.19708   |      0.406 |      0.343 |   25/150  
		   45/1000 | 0.025000   |    5.33303   |    5.28102   |      0.291 |      0.348 |   26/150  
		   46/1000 | 0.025000   |    5.09635   |    5.03499   |      0.353 |      0.397 |   27/150  
		   47/1000 | 0.025000   |    4.91172   |    5.68125   |      0.395 |      0.223 |   28/150  
		   48/1000 | 0.025000   |    5.29227   |    5.15506   |      0.301 |      0.375 |   29/150  
		   49/1000 | 0.025000   |    5.05573   |    5.02849   |      0.371 |      0.390 |   30/150  
		   50/1000 | 0.012500   |    5.23492   |    5.01404   |      0.313 |      0.396 |   31/150  
		   51/1000 | 0.012500   |    5.00818   |    5.10970   |      0.383 |      0.365 |   32/150  
		   52/1000 | 0.012500   |    5.19780   |    5.38410   |      0.331 |      0.290 |   33/150  
		   53/1000 | 0.012500   |    5.63642   |    5.55167   |      0.210 |      0.272 |   34/150  
		   54/1000 | 0.012500   |    5.16349   |    5.32152   |      0.358 |      0.312 |   35/150  
		   55/1000 | 0.012500   |    4.99760   |    5.70853   |      0.389 |      0.211 |   36/150  
		   56/1000 | 0.012500   |    5.07149   |    5.67049   |      0.358 |      0.223 |   37/150  
		   57/1000 | 0.012500   |    4.86902   |    5.58347   |      0.426 |      0.240 |   38/150  
		   58/1000 | 0.012500   |    5.44283   |    5.55198   |      0.275 |      0.264 |   39/150  
		   59/1000 | 0.012500   |    5.03099   |    5.60162   |      0.378 |      0.253 |   40/150  
		   60/1000 | 0.012500   |    4.91954   |    5.68395   |      0.395 |      0.223 |   41/150  
		   61/1000 | 0.012500   |    5.22545   |    5.43037   |      0.318 |      0.294 |   42/150  
		   62/1000 | 0.012500   |    4.86135   |    5.87576   |      0.409 |      0.177 |   43/150  
		   63/1000 | 0.012500   |    5.85196   |    5.62037   |      0.148 |      0.252 |   44/150  
		   64/1000 | 0.012500   |    4.86418   |    5.50650   |      0.409 |      0.263 |   45/150  
		   65/1000 | 0.012500   |    4.99498   |    5.55659   |      0.376 |      0.253 |   46/150  
		   66/1000 | 0.006250   |    4.88357   |    5.64147   |      0.404 |      0.235 |   47/150  
		   67/1000 | 0.006250   |    5.26950   |    5.44525   |      0.310 |      0.292 |   48/150  
		   68/1000 | 0.006250   |    5.05703   |    5.87042   |      0.401 |      0.155 |   49/150  
		   69/1000 | 0.006250   |    4.90777   |    5.93647   |      0.419 |      0.143 |   50/150  
		   70/1000 | 0.006250   |    5.59984   |    5.35280   |      0.220 |      0.319 |   51/150  
		   71/1000 | 0.006250   |    5.50648   |    5.41914   |      0.245 |      0.299 |   52/150  
		   72/1000 | 0.006250   |    5.21471   |    5.42879   |      0.322 |      0.294 |   53/150  
		   73/1000 | 0.006250   |    5.36564   |    5.74856   |      0.294 |      0.205 |   54/150  
		   74/1000 | 0.006250   |    5.14369   |    5.75242   |      0.358 |      0.199 |   55/150  
		   75/1000 | 0.006250   |    4.81726   |    5.78063   |      0.449 |      0.186 |   56/150  
		   76/1000 | 0.006250   |    4.74912   |    5.34087   |      0.434 |      0.316 |   57/150  
		   77/1000 | 0.006250   |    4.68536   |    6.02448   |      0.473 |      0.114 |   58/150  
		   78/1000 | 0.006250   |    5.08862   |    5.69446   |      0.352 |      0.236 |   59/150  
		   79/1000 | 0.006250   |    4.73434   |    5.70522   |      0.440 |      0.213 |   60/150  
		   80/1000 | 0.006250   |    5.02902   |    5.58569   |      0.386 |      0.235 |   61/150  
		   81/1000 | 0.006250   |    5.39632   |    5.75444   |      0.291 |      0.209 |   62/150  
		   82/1000 | 0.003125   |    5.14435   |    5.44178   |      0.358 |      0.293 |   63/150  
		   83/1000 | 0.003125   |    5.55532   |    5.51816   |      0.248 |      0.260 |   64/150  
		   84/1000 | 0.003125   |    4.92232   |    5.66178   |      0.401 |      0.222 |   65/150  
		   85/1000 | 0.003125   |    5.20926   |    6.70671   |      0.345 |     -0.088 |   66/150  
		   86/1000 | 0.003125   |    4.81819   |    6.06747   |      0.419 |      0.114 |   67/150  
		   87/1000 | 0.003125   |    4.98502   |    5.66409   |      0.397 |      0.206 |   68/150  
		   88/1000 | 0.003125   |    4.62503   |    5.52975   |      0.482 |      0.266 |   69/150  
		   89/1000 | 0.003125   |    4.76153   |    5.43276   |      0.435 |      0.294 |   70/150  
		   90/1000 | 0.003125   |    5.31246   |    5.52282   |      0.307 |      0.270 |   71/150  
		   91/1000 | 0.003125   |    4.98789   |    6.19685   |      0.378 |      0.069 |   72/150  
		   92/1000 | 0.003125   |    5.00398   |    5.58518   |      0.379 |      0.239 |   73/150  
		   93/1000 | 0.003125   |    4.85782   |    5.34653   |      0.431 |      0.315 |   74/150  
		   94/1000 | 0.003125   |    4.71220   |    6.26904   |      0.445 |      0.036 |   75/150  
		   95/1000 | 0.003125   |    4.93130   |    5.67394   |      0.394 |      0.224 |   76/150  
		   96/1000 | 0.003125   |    4.65576   |    6.40135   |      0.490 |     -0.001 |   77/150  
		   97/1000 | 0.003125   |    4.60058   |    5.95717   |      0.480 |      0.121 |   78/150  
		   98/1000 | 0.001563   |    4.79898   |    5.55809   |      0.429 |      0.255 |   79/150  
		   99/1000 | 0.001563   |    5.04277   |    5.45176   |      0.365 |      0.288 |   80/150  
		  100/1000 | 0.001563   |    4.50015   |    5.26550   |      0.494 |      0.326 |   81/150  
		  101/1000 | 0.001563   |    4.81114   |    5.34167   |      0.424 |      0.317 |   82/150  
		  102/1000 | 0.001563   |    5.18933   |    5.57204   |      0.324 |      0.243 |   83/150  
		  103/1000 | 0.001563   |    4.80806   |    5.35625   |      0.427 |      0.308 |   84/150  
		  104/1000 | 0.001563   |    4.83572   |    6.39432   |      0.416 |     -0.009 |   85/150  
		  105/1000 | 0.001563   |    4.49138   |    5.85200   |      0.497 |      0.168 |   86/150  
		  106/1000 | 0.001563   |    4.85332   |    5.18072   |      0.428 |      0.352 |   87/150  
		  107/1000 | 0.001563   |    4.92562   |    5.67740   |      0.395 |      0.218 |   88/150  
		  108/1000 | 0.001563   |    5.12752   |    5.26986   |      0.358 |      0.325 |   89/150  
		  109/1000 | 0.001563   |    5.04328   |    6.25185   |      0.362 |      0.046 |   90/150  
		  110/1000 | 0.001563   |    5.16705   |    5.34034   |      0.332 |      0.314 |   91/150  
		  111/1000 | 0.001563   |    5.14606   |    5.66884   |      0.340 |      0.235 |   92/150  
		  112/1000 | 0.001563   |    4.95692   |    6.20583   |      0.401 |      0.054 |   93/150  
		  113/1000 | 0.001563   |    5.22210   |    5.68524   |      0.318 |      0.219 |   94/150  
		  114/1000 | 0.000781   |    5.58870   |    5.54797   |      0.223 |      0.262 |   95/150  
		  115/1000 | 0.000781   |    5.26534   |    5.39753   |      0.325 |      0.296 |   96/150  
		  116/1000 | 0.000781   |    4.92453   |    5.98178   |      0.422 |      0.141 |   97/150  
		  117/1000 | 0.000781   |    4.75028   |    5.36839   |      0.440 |      0.315 |   98/150  
		  118/1000 | 0.000781   |    4.34951   |    5.51578   |      0.537 |      0.269 |   99/150  
		  119/1000 | 0.000781   |    4.75928   |    5.82795   |      0.462 |      0.171 |  100/150  
		  120/1000 | 0.000781   |    5.13556   |    5.31940   |      0.369 |      0.319 |  101/150  
		  121/1000 | 0.000781   |    4.78147   |    5.25437   |      0.427 |      0.333 |  102/150  
		  122/1000 | 0.000781   |    5.19132   |    5.59701   |      0.347 |      0.239 |  103/150  
		  123/1000 | 0.000781   |    5.12400   |    6.35261   |      0.363 |      0.021 |  104/150  
		  124/1000 | 0.000781   |    4.46443   |    5.64272   |      0.505 |      0.235 |  105/150  
		  125/1000 | 0.000781   |    5.05405   |    6.29887   |      0.381 |      0.044 |  106/150  
		  126/1000 | 0.000781   |    5.35719   |    5.81737   |      0.292 |      0.179 |  107/150  
		  127/1000 | 0.000781   |    5.15693   |    6.11848   |      0.350 |      0.094 |  108/150  
		  128/1000 | 0.000781   |    4.77761   |    5.41196   |      0.430 |      0.291 |  109/150  
		  129/1000 | 0.000781   |    5.35306   |    5.27160   |      0.312 |      0.311 |  110/150  
		  130/1000 | 0.000391   |    5.13398   |    5.89778   |      0.360 |      0.150 |  111/150  
		  131/1000 | 0.000391   |    5.08622   |    5.70954   |      0.357 |      0.199 |  112/150  
		  132/1000 | 0.000391   |    4.18129   |    5.97151   |      0.565 |      0.136 |  113/150  
		  133/1000 | 0.000391   |    4.77812   |    5.54710   |      0.440 |      0.260 |  114/150  
		  134/1000 | 0.000391   |    4.81349   |    6.35538   |      0.429 |      0.033 |  115/150  
		  135/1000 | 0.000391   |    5.12686   |    5.43733   |      0.380 |      0.284 |  116/150  
		  136/1000 | 0.000391   |    5.09514   |    5.78215   |      0.351 |      0.184 |  117/150  
		  137/1000 | 0.000391   |    4.78310   |    5.63820   |      0.428 |      0.229 |  118/150  
		  138/1000 | 0.000391   |    5.07842   |    6.37028   |      0.375 |      0.008 |  119/150  
		  139/1000 | 0.000391   |    5.39032   |    5.87246   |      0.291 |      0.170 |  120/150  
		  140/1000 | 0.000391   |    4.67601   |    6.00007   |      0.476 |      0.130 |  121/150  
		  141/1000 | 0.000391   |    5.28053   |    5.03013   |      0.322 |      0.390 |  122/150  
		  142/1000 | 0.000391   |    5.31812   |    5.47824   |      0.329 |      0.268 |  123/150  
		  143/1000 | 0.000391   |    5.18307   |    6.22878   |      0.343 |      0.050 |  124/150  
		  144/1000 | 0.000391   |    5.30062   |    5.50271   |      0.315 |      0.273 |  125/150  
		  145/1000 | 0.000391   |    4.25043   |    5.80508   |      0.548 |      0.182 |  126/150  
		  146/1000 | 0.000195   |    4.96587   |    5.90343   |      0.388 |      0.156 |  127/150  
		  147/1000 | 0.000195   |    4.93836   |    5.91562   |      0.394 |      0.162 |  128/150  
		  148/1000 | 0.000195   |    5.15844   |    6.49525   |      0.360 |     -0.024 |  129/150  
		  149/1000 | 0.000195   |    4.90451   |    6.23867   |      0.414 |      0.062 |  130/150  
		  150/1000 | 0.000195   |    4.55182   |    5.97087   |      0.487 |      0.129 |  131/150  
		  151/1000 | 0.000195   |    4.70270   |    5.50795   |      0.447 |      0.279 |  132/150  
		  152/1000 | 0.000195   |    5.37133   |    5.28154   |      0.295 |      0.327 |  133/150  
		  153/1000 | 0.000195   |    4.29189   |    5.48202   |      0.540 |      0.274 |  134/150  
		  154/1000 | 0.000195   |    5.40140   |    5.36513   |      0.308 |      0.301 |  135/150  
		  155/1000 | 0.000195   |    4.76432   |    5.90860   |      0.434 |      0.162 |  136/150  
		  156/1000 | 0.000195   |    4.76923   |    5.30955   |      0.450 |      0.318 |  137/150  
		  157/1000 | 0.000195   |    5.14276   |    5.11339   |      0.375 |      0.362 |  138/150  
		  158/1000 | 0.000195   |    5.06760   |    6.05130   |      0.367 |      0.119 |  139/150  
		  159/1000 | 0.000195   |    4.97729   |    5.28570   |      0.401 |      0.317 |  140/150  
		  160/1000 | 0.000195   |    4.79945   |    5.20378   |      0.445 |      0.337 |  141/150  
		  161/1000 | 0.000195   |    5.02964   |    5.86816   |      0.392 |      0.169 |  142/150  
		  162/1000 | 0.000098   |    4.38227   |    5.29779   |      0.529 |      0.328 |  143/150  
		  163/1000 | 0.000098   |    5.33195   |    5.24240   |      0.318 |      0.335 |  144/150  
		  164/1000 | 0.000098   |    5.26845   |    5.94947   |      0.310 |      0.142 |  145/150  
		  165/1000 | 0.000098   |    5.04512   |    5.56457   |      0.371 |      0.242 |  146/150  
		  166/1000 | 0.000098   |    5.26386   |    5.42230   |      0.336 |      0.278 |  147/150  
		  167/1000 | 0.000098   |    5.10607   |    5.45650   |      0.352 |      0.282 |  148/150  
		  168/1000 | 0.000098   |    4.36715   |    6.00018   |      0.528 |      0.130 |  149/150  

		Early stopping triggered.
		[INFO] Case 1 completed.

	3.2 Training Case 2...
		=== Training Log Started: 2025-11-30 00:22:15.008923 ===
		Run Name: STAFV2_24_CASE2
		Device: cuda
		Epochs: 1000, Batch Size: 4, LR: 0.05
		============================================================
		[INFO] Unique quantized indices: 24142
		[INFO] Suggested num_embeddings: 28970
		[INFO] Processed 1545 valid samples.
		[INFO] Saved merged dataset: ./data/training_results/merged_windowed_dataset_STAFV2_24_CASE2.csv  (shape: (1545, 429))
		[INFO] Saved feature metadata: ./data/training_results/feature_info_STAFV2_24_CASE2.json
		[INFO] Dataset split: 1236 train, 309 val
		[INFO] Scalers fitted and saved.

		✅ Model initialized with 38122 params.
		============================================================
		--------------------------------------------------------------------------------------------
		  Epoch    |     LR     |  Train RMSE  |   Val RMSE   |  Train R²  |   Val R²   |  Patience 
		--------------------------------------------------------------------------------------------
		    1/1000 | 0.050000   |    6.57086   |    5.32726   |     -0.060 |      0.304 |    0/150  
		    2/1000 | 0.050000   |    5.92603   |    5.40570   |      0.138 |      0.282 |    0/150  
		    3/1000 | 0.050000   |    5.85058   |    5.31346   |      0.160 |      0.305 |    1/150  
		    4/1000 | 0.050000   |    5.85289   |    5.57401   |      0.159 |      0.238 |    0/150  
		    5/1000 | 0.050000   |    5.92022   |    5.42070   |      0.139 |      0.281 |    1/150  
		    6/1000 | 0.050000   |    5.81320   |    5.33020   |      0.170 |      0.302 |    2/150  
		    7/1000 | 0.050000   |    5.76673   |    5.56928   |      0.183 |      0.242 |    3/150  
		    8/1000 | 0.050000   |    5.77759   |    5.43315   |      0.180 |      0.277 |    4/150  
		    9/1000 | 0.050000   |    5.77708   |    6.03259   |      0.180 |      0.106 |    5/150  
		   10/1000 | 0.050000   |    5.87373   |    5.43354   |      0.153 |      0.278 |    6/150  
		   11/1000 | 0.050000   |    5.64822   |    5.33810   |      0.217 |      0.301 |    7/150  
		   12/1000 | 0.050000   |    5.80513   |    5.24602   |      0.173 |      0.324 |    8/150  
		   13/1000 | 0.050000   |    5.69832   |    5.44143   |      0.203 |      0.275 |    0/150  
		   14/1000 | 0.050000   |    5.67611   |    5.39664   |      0.209 |      0.286 |    1/150  
		   15/1000 | 0.050000   |    5.76044   |    5.38272   |      0.185 |      0.291 |    2/150  
		   16/1000 | 0.050000   |    5.78943   |    5.26005   |      0.177 |      0.321 |    3/150  
		   17/1000 | 0.050000   |    5.74212   |    5.42887   |      0.190 |      0.277 |    4/150  
		   18/1000 | 0.050000   |    5.72605   |    5.48340   |      0.195 |      0.266 |    5/150  
		   19/1000 | 0.050000   |    5.79904   |    5.36779   |      0.174 |      0.294 |    6/150  
		   20/1000 | 0.050000   |    5.76556   |    5.46217   |      0.184 |      0.267 |    7/150  
		   21/1000 | 0.050000   |    5.81069   |    5.47888   |      0.171 |      0.267 |    8/150  
		   22/1000 | 0.050000   |    5.66652   |    5.17778   |      0.212 |      0.343 |    9/150  
		   23/1000 | 0.050000   |    5.76181   |    5.39850   |      0.185 |      0.281 |    0/150  
		   24/1000 | 0.050000   |    5.73057   |    5.54632   |      0.194 |      0.248 |    1/150  
		   25/1000 | 0.050000   |    5.74344   |    5.34352   |      0.190 |      0.300 |    2/150  
		   26/1000 | 0.050000   |    5.71038   |    5.22411   |      0.199 |      0.334 |    3/150  
		   27/1000 | 0.050000   |    5.55896   |    5.20981   |      0.241 |      0.335 |    4/150  
		   28/1000 | 0.050000   |    5.75166   |    5.31431   |      0.188 |      0.309 |    5/150  
		   29/1000 | 0.050000   |    5.76397   |    5.23891   |      0.184 |      0.327 |    6/150  
		   30/1000 | 0.050000   |    5.69930   |    5.00039   |      0.202 |      0.388 |    7/150  
		   31/1000 | 0.050000   |    5.79634   |    5.15940   |      0.175 |      0.348 |    0/150  
		   32/1000 | 0.050000   |    5.66373   |    5.21168   |      0.212 |      0.335 |    1/150  
		   33/1000 | 0.050000   |    5.75525   |    5.27241   |      0.187 |      0.317 |    2/150  
		   34/1000 | 0.050000   |    5.71875   |    5.20047   |      0.197 |      0.336 |    3/150  
		   35/1000 | 0.050000   |    5.72605   |    5.21848   |      0.195 |      0.333 |    4/150  
		   36/1000 | 0.050000   |    5.64635   |    4.94337   |      0.217 |      0.399 |    5/150  
		   37/1000 | 0.050000   |    5.79366   |    5.49767   |      0.176 |      0.260 |    0/150  
		   38/1000 | 0.050000   |    5.76910   |    5.05091   |      0.183 |      0.374 |    1/150  
		   39/1000 | 0.050000   |    5.66879   |    5.16860   |      0.211 |      0.343 |    2/150  
		   40/1000 | 0.050000   |    5.75213   |    5.14076   |      0.188 |      0.354 |    3/150  
		   41/1000 | 0.050000   |    5.62571   |    5.06012   |      0.223 |      0.372 |    4/150  
		   42/1000 | 0.050000   |    5.62744   |    5.02906   |      0.222 |      0.381 |    5/150  
		   43/1000 | 0.050000   |    5.77853   |    5.21835   |      0.180 |      0.335 |    6/150  
		   44/1000 | 0.050000   |    5.70847   |    5.42700   |      0.200 |      0.278 |    7/150  
		   45/1000 | 0.050000   |    5.62287   |    4.93359   |      0.224 |      0.404 |    8/150  
		                                          ╚══> ✅ SAVED (RMSE: 4.9336)
		   46/1000 | 0.050000   |    5.80493   |    5.46013   |      0.173 |      0.271 |    0/150  
		   47/1000 | 0.050000   |    5.65801   |    5.24532   |      0.214 |      0.323 |    1/150  
		   48/1000 | 0.050000   |    5.79794   |    5.29704   |      0.175 |      0.311 |    2/150  
		   49/1000 | 0.050000   |    5.66852   |    4.98815   |      0.211 |      0.390 |    3/150  
		   50/1000 | 0.050000   |    5.59979   |    5.04411   |      0.230 |      0.377 |    4/150  
		   51/1000 | 0.050000   |    5.55803   |    5.29266   |      0.241 |      0.317 |    5/150  
		   52/1000 | 0.050000   |    5.55496   |    5.40172   |      0.242 |      0.289 |    6/150  
		   53/1000 | 0.050000   |    5.58957   |    5.30328   |      0.233 |      0.311 |    7/150  
		   54/1000 | 0.050000   |    5.59319   |    5.16550   |      0.232 |      0.348 |    8/150  
		   55/1000 | 0.050000   |    5.62753   |    5.11636   |      0.222 |      0.357 |    9/150  
		   56/1000 | 0.050000   |    5.69906   |    4.89072   |      0.202 |      0.414 |   10/150  
		                                          ╚══> ✅ SAVED (RMSE: 4.8907)
		   57/1000 | 0.050000   |    5.72698   |    5.11491   |      0.195 |      0.356 |    0/150  
		   58/1000 | 0.050000   |    5.70810   |    5.21074   |      0.200 |      0.337 |    1/150  
		   59/1000 | 0.050000   |    5.69774   |    5.04966   |      0.203 |      0.376 |    2/150  
		   60/1000 | 0.050000   |    5.61960   |    5.18055   |      0.225 |      0.340 |    3/150  
		   61/1000 | 0.050000   |    5.59487   |    5.27274   |      0.231 |      0.320 |    4/150  
		   62/1000 | 0.050000   |    5.54201   |    5.08453   |      0.246 |      0.365 |    5/150  
		   63/1000 | 0.050000   |    5.81045   |    5.31459   |      0.171 |      0.308 |    6/150  
		   64/1000 | 0.050000   |    5.65720   |    5.18236   |      0.214 |      0.342 |    7/150  
		   65/1000 | 0.050000   |    5.79567   |    5.18316   |      0.175 |      0.345 |    8/150  
		   66/1000 | 0.050000   |    5.72179   |    5.07632   |      0.196 |      0.369 |    9/150  
		   67/1000 | 0.050000   |    5.72570   |    5.27658   |      0.195 |      0.318 |   10/150  
		   68/1000 | 0.050000   |    5.62556   |    5.44191   |      0.223 |      0.277 |   11/150  
		   69/1000 | 0.050000   |    5.69494   |    5.21872   |      0.204 |      0.333 |   12/150  
		   70/1000 | 0.050000   |    5.51261   |    5.33699   |      0.254 |      0.302 |   13/150  
		   71/1000 | 0.050000   |    5.62937   |    5.22801   |      0.222 |      0.330 |   14/150  
		   72/1000 | 0.025000   |    5.66855   |    5.08977   |      0.211 |      0.366 |   15/150  
		   73/1000 | 0.025000   |    5.60480   |    5.14776   |      0.229 |      0.351 |   16/150  
		   74/1000 | 0.025000   |    5.65942   |    5.10459   |      0.214 |      0.362 |   17/150  
		   75/1000 | 0.025000   |    5.63111   |    4.88634   |      0.221 |      0.413 |   18/150  
		                                          ╚══> ✅ SAVED (RMSE: 4.8863)
		   76/1000 | 0.025000   |    5.49731   |    5.11371   |      0.258 |      0.359 |    0/150  
		   77/1000 | 0.025000   |    5.50466   |    4.91074   |      0.256 |      0.408 |    1/150  
		   78/1000 | 0.025000   |    5.53991   |    5.02304   |      0.246 |      0.382 |    2/150  
		   79/1000 | 0.025000   |    5.68164   |    4.97549   |      0.207 |      0.392 |    3/150  
		   80/1000 | 0.025000   |    5.49069   |    5.19071   |      0.260 |      0.342 |    4/150  
		   81/1000 | 0.025000   |    5.59873   |    5.06585   |      0.230 |      0.371 |    5/150  
		   82/1000 | 0.025000   |    5.54529   |    5.16542   |      0.245 |      0.347 |    6/150  
		   83/1000 | 0.025000   |    5.44812   |    4.92025   |      0.271 |      0.404 |    7/150  
		   84/1000 | 0.025000   |    5.42145   |    5.00297   |      0.278 |      0.387 |    8/150  
		   85/1000 | 0.025000   |    5.56126   |    4.91345   |      0.241 |      0.407 |    9/150  
		   86/1000 | 0.025000   |    5.45979   |    4.91341   |      0.268 |      0.408 |   10/150  
		   87/1000 | 0.025000   |    5.58727   |    5.13733   |      0.233 |      0.355 |   11/150  
		   88/1000 | 0.012500   |    5.52182   |    4.98960   |      0.251 |      0.389 |   12/150  
		   89/1000 | 0.012500   |    5.37321   |    4.94079   |      0.291 |      0.404 |   13/150  
		   90/1000 | 0.012500   |    5.51527   |    4.86274   |      0.253 |      0.420 |   14/150  
		                                          ╚══> ✅ SAVED (RMSE: 4.8627)
		   91/1000 | 0.012500   |    5.52083   |    4.98427   |      0.252 |      0.392 |    0/150  
		   92/1000 | 0.012500   |    5.50581   |    5.06114   |      0.256 |      0.374 |    1/150  
		   93/1000 | 0.012500   |    5.43754   |    5.02145   |      0.274 |      0.381 |    2/150  
		   94/1000 | 0.012500   |    5.51709   |    4.93375   |      0.253 |      0.403 |    3/150  
		   95/1000 | 0.012500   |    5.49776   |    4.83571   |      0.258 |      0.427 |    4/150  
		                                          ╚══> ✅ SAVED (RMSE: 4.8357)
		   96/1000 | 0.012500   |    5.48958   |    5.00087   |      0.260 |      0.386 |    0/150  
		   97/1000 | 0.012500   |    5.51851   |    5.04364   |      0.252 |      0.375 |    1/150  
		   98/1000 | 0.012500   |    5.46923   |    4.93724   |      0.266 |      0.402 |    2/150  
		   99/1000 | 0.012500   |    5.32535   |    4.94138   |      0.304 |      0.400 |    3/150  
		  100/1000 | 0.012500   |    5.41690   |    4.95452   |      0.279 |      0.400 |    4/150  
		  101/1000 | 0.012500   |    5.27861   |    4.88314   |      0.316 |      0.415 |    5/150  
		  102/1000 | 0.012500   |    5.50016   |    5.07594   |      0.257 |      0.369 |    6/150  
		  103/1000 | 0.012500   |    5.35056   |    4.90006   |      0.297 |      0.412 |    7/150  
		  104/1000 | 0.012500   |    5.43226   |    4.93311   |      0.275 |      0.403 |    8/150  
		  105/1000 | 0.012500   |    5.35598   |    4.87675   |      0.296 |      0.415 |    9/150  
		  106/1000 | 0.012500   |    5.52587   |    4.91660   |      0.250 |      0.408 |   10/150  
		  107/1000 | 0.012500   |    5.49284   |    4.96389   |      0.259 |      0.397 |   11/150  
		  108/1000 | 0.012500   |    5.43020   |    4.84623   |      0.276 |      0.424 |   12/150  
		  109/1000 | 0.012500   |    5.41531   |    4.88296   |      0.280 |      0.415 |   13/150  
		  110/1000 | 0.012500   |    5.41880   |    4.88998   |      0.279 |      0.412 |   14/150  
		  111/1000 | 0.006250   |    5.55629   |    5.00847   |      0.242 |      0.386 |   15/150  
		  112/1000 | 0.006250   |    5.36303   |    5.02787   |      0.294 |      0.380 |   16/150  
		  113/1000 | 0.006250   |    5.50097   |    5.06978   |      0.257 |      0.370 |   17/150  
		  114/1000 | 0.006250   |    5.40344   |    4.84163   |      0.283 |      0.425 |   18/150  
		  115/1000 | 0.006250   |    5.32363   |    4.90653   |      0.304 |      0.407 |   19/150  
		  116/1000 | 0.006250   |    5.39904   |    4.68215   |      0.284 |      0.461 |   20/150  
		                                          ╚══> ✅ SAVED (RMSE: 4.6822)
		  117/1000 | 0.006250   |    5.36056   |    4.89043   |      0.294 |      0.412 |    0/150  
		  118/1000 | 0.006250   |    5.36160   |    4.93746   |      0.294 |      0.403 |    1/150  
		  119/1000 | 0.006250   |    5.39820   |    5.04555   |      0.284 |      0.375 |    2/150  
		  120/1000 | 0.006250   |    5.54445   |    5.01099   |      0.245 |      0.384 |    3/150  
		  121/1000 | 0.006250   |    5.50481   |    4.89179   |      0.256 |      0.414 |    4/150  
		  122/1000 | 0.006250   |    5.39597   |    4.88017   |      0.285 |      0.415 |    5/150  
		  123/1000 | 0.006250   |    5.45995   |    4.89351   |      0.268 |      0.414 |    6/150  
		  124/1000 | 0.006250   |    5.40936   |    4.88313   |      0.282 |      0.416 |    7/150  
		  125/1000 | 0.006250   |    5.47165   |    5.01494   |      0.265 |      0.385 |    8/150  
		  126/1000 | 0.006250   |    5.44980   |    5.05248   |      0.271 |      0.375 |    9/150  
		  127/1000 | 0.006250   |    5.41885   |    4.85512   |      0.279 |      0.421 |   10/150  
		  128/1000 | 0.006250   |    5.36095   |    4.70320   |      0.294 |      0.457 |   11/150  
		  129/1000 | 0.006250   |    5.31027   |    4.87411   |      0.308 |      0.419 |   12/150  
		  130/1000 | 0.006250   |    5.47920   |    4.89920   |      0.263 |      0.412 |   13/150  
		  131/1000 | 0.006250   |    5.46727   |    4.95425   |      0.266 |      0.398 |   14/150  
		  132/1000 | 0.003125   |    5.41957   |    4.85113   |      0.279 |      0.423 |   15/150  
		  133/1000 | 0.003125   |    5.40711   |    4.90222   |      0.282 |      0.409 |   16/150  
		  134/1000 | 0.003125   |    5.41232   |    4.93249   |      0.281 |      0.404 |   17/150  
		  135/1000 | 0.003125   |    5.37690   |    4.87137   |      0.290 |      0.416 |   18/150  
		  136/1000 | 0.003125   |    5.53759   |    4.84670   |      0.247 |      0.424 |   19/150  
		  137/1000 | 0.003125   |    5.27958   |    4.87149   |      0.316 |      0.418 |   20/150  
		  138/1000 | 0.003125   |    5.39584   |    4.86458   |      0.285 |      0.419 |   21/150  
		  139/1000 | 0.003125   |    5.34957   |    4.84198   |      0.297 |      0.425 |   22/150  
		  140/1000 | 0.003125   |    5.46343   |    4.92592   |      0.267 |      0.405 |   23/150  
		  141/1000 | 0.003125   |    5.52278   |    4.94850   |      0.251 |      0.400 |   24/150  
		  142/1000 | 0.003125   |    5.41107   |    4.94909   |      0.281 |      0.400 |   25/150  
		  143/1000 | 0.003125   |    5.29530   |    4.90711   |      0.311 |      0.411 |   26/150  
		  144/1000 | 0.003125   |    5.56763   |    4.98926   |      0.239 |      0.390 |   27/150  
		  145/1000 | 0.003125   |    5.50421   |    5.12026   |      0.256 |      0.358 |   28/150  
		  146/1000 | 0.003125   |    5.34017   |    4.90769   |      0.300 |      0.409 |   29/150  
		  147/1000 | 0.003125   |    5.32837   |    4.88685   |      0.303 |      0.414 |   30/150  
		  148/1000 | 0.001563   |    5.32109   |    4.80972   |      0.305 |      0.433 |   31/150  
		  149/1000 | 0.001563   |    5.38148   |    4.86581   |      0.289 |      0.419 |   32/150  
		  150/1000 | 0.001563   |    5.32692   |    4.93500   |      0.303 |      0.401 |   33/150  
		  151/1000 | 0.001563   |    5.38497   |    4.84446   |      0.288 |      0.424 |   34/150  
		  152/1000 | 0.001563   |    5.27763   |    4.80301   |      0.316 |      0.434 |   35/150  
		  153/1000 | 0.001563   |    5.42400   |    4.83693   |      0.278 |      0.425 |   36/150  
		  154/1000 | 0.001563   |    5.39862   |    4.89504   |      0.284 |      0.412 |   37/150  
		  155/1000 | 0.001563   |    5.36621   |    4.98657   |      0.293 |      0.391 |   38/150  
		  156/1000 | 0.001563   |    5.25452   |    4.90168   |      0.322 |      0.412 |   39/150  
		  157/1000 | 0.001563   |    5.27819   |    4.83825   |      0.316 |      0.426 |   40/150  
		  158/1000 | 0.001563   |    5.34148   |    4.91201   |      0.299 |      0.408 |   41/150  
		  159/1000 | 0.001563   |    5.32394   |    4.87702   |      0.304 |      0.416 |   42/150  
		  160/1000 | 0.001563   |    5.53262   |    4.87964   |      0.248 |      0.415 |   43/150  
		  161/1000 | 0.001563   |    5.45252   |    4.84020   |      0.270 |      0.426 |   44/150  
		  162/1000 | 0.001563   |    5.35996   |    4.83608   |      0.295 |      0.427 |   45/150  
		  163/1000 | 0.001563   |    5.36956   |    4.92398   |      0.292 |      0.404 |   46/150  
		  164/1000 | 0.000781   |    5.50937   |    5.00261   |      0.255 |      0.387 |   47/150  
		  165/1000 | 0.000781   |    5.46860   |    4.95130   |      0.266 |      0.398 |   48/150  
		  166/1000 | 0.000781   |    5.43478   |    4.98842   |      0.275 |      0.387 |   49/150  
		  167/1000 | 0.000781   |    5.31297   |    4.96469   |      0.307 |      0.395 |   50/150  
		  168/1000 | 0.000781   |    5.27731   |    4.84626   |      0.316 |      0.424 |   51/150  
		  169/1000 | 0.000781   |    5.21742   |    4.89720   |      0.332 |      0.412 |   52/150  
		  170/1000 | 0.000781   |    5.48453   |    4.89731   |      0.261 |      0.411 |   53/150  
		  171/1000 | 0.000781   |    5.36250   |    4.81190   |      0.294 |      0.432 |   54/150  
		  172/1000 | 0.000781   |    5.31952   |    4.85806   |      0.305 |      0.421 |   55/150  
		  173/1000 | 0.000781   |    5.32482   |    4.81719   |      0.304 |      0.431 |   56/150  
		  174/1000 | 0.000781   |    5.28545   |    4.84872   |      0.314 |      0.423 |   57/150  
		  175/1000 | 0.000781   |    5.37193   |    4.84467   |      0.291 |      0.424 |   58/150  
		  176/1000 | 0.000781   |    5.35399   |    4.88620   |      0.296 |      0.414 |   59/150  
		  177/1000 | 0.000781   |    5.31274   |    4.84709   |      0.307 |      0.423 |   60/150  
		  178/1000 | 0.000781   |    5.46375   |    4.82500   |      0.267 |      0.428 |   61/150  
		  179/1000 | 0.000781   |    5.34413   |    4.91058   |      0.299 |      0.408 |   62/150  
		  180/1000 | 0.000391   |    5.41470   |    4.82634   |      0.280 |      0.428 |   63/150  
		  181/1000 | 0.000391   |    5.30311   |    4.99920   |      0.309 |      0.386 |   64/150  
		  182/1000 | 0.000391   |    5.29672   |    4.91774   |      0.311 |      0.408 |   65/150  
		  183/1000 | 0.000391   |    5.30734   |    4.86045   |      0.308 |      0.421 |   66/150  
		  184/1000 | 0.000391   |    5.34691   |    4.92085   |      0.298 |      0.406 |   67/150  
		  185/1000 | 0.000391   |    5.31083   |    4.82022   |      0.307 |      0.430 |   68/150  
		  186/1000 | 0.000391   |    5.37959   |    4.85930   |      0.289 |      0.421 |   69/150  
		  187/1000 | 0.000391   |    5.20156   |    4.88423   |      0.336 |      0.415 |   70/150  
		  188/1000 | 0.000391   |    5.33895   |    4.88885   |      0.300 |      0.413 |   71/150  
		  189/1000 | 0.000391   |    5.40392   |    4.95264   |      0.283 |      0.400 |   72/150  
		  190/1000 | 0.000391   |    5.28685   |    4.86215   |      0.314 |      0.419 |   73/150  
		  191/1000 | 0.000391   |    5.29228   |    4.85917   |      0.312 |      0.420 |   74/150  
		  192/1000 | 0.000391   |    5.38143   |    4.88254   |      0.289 |      0.414 |   75/150  
		  193/1000 | 0.000391   |    5.34647   |    4.86077   |      0.298 |      0.420 |   76/150  
		  194/1000 | 0.000391   |    5.40247   |    4.92181   |      0.283 |      0.406 |   77/150  
		  195/1000 | 0.000391   |    5.36117   |    4.87716   |      0.294 |      0.417 |   78/150  
		  196/1000 | 0.000195   |    5.51148   |    4.86174   |      0.254 |      0.420 |   79/150  
		  197/1000 | 0.000195   |    5.22492   |    4.91907   |      0.330 |      0.405 |   80/150  
		  198/1000 | 0.000195   |    5.48605   |    4.85460   |      0.261 |      0.422 |   81/150  
		  199/1000 | 0.000195   |    5.25996   |    4.85235   |      0.321 |      0.423 |   82/150  
		  200/1000 | 0.000195   |    5.39664   |    5.02274   |      0.285 |      0.379 |   83/150  
		  201/1000 | 0.000195   |    5.28798   |    4.88389   |      0.313 |      0.415 |   84/150  
		  202/1000 | 0.000195   |    5.29733   |    4.97909   |      0.311 |      0.391 |   85/150  
		  203/1000 | 0.000195   |    5.38896   |    4.85675   |      0.287 |      0.421 |   86/150  
		  204/1000 | 0.000195   |    5.30459   |    4.78172   |      0.309 |      0.438 |   87/150  
		  205/1000 | 0.000195   |    5.34559   |    4.81191   |      0.298 |      0.431 |   88/150  
		  206/1000 | 0.000195   |    5.38237   |    4.91888   |      0.289 |      0.407 |   89/150  
		  207/1000 | 0.000195   |    5.33538   |    4.93084   |      0.301 |      0.404 |   90/150  
		  208/1000 | 0.000195   |    5.35264   |    4.97510   |      0.296 |      0.392 |   91/150  
		  209/1000 | 0.000195   |    5.46275   |    4.83147   |      0.267 |      0.427 |   92/150  
		  210/1000 | 0.000195   |    5.37117   |    4.97479   |      0.292 |      0.395 |   93/150  
		  211/1000 | 0.000195   |    5.49587   |    4.92819   |      0.258 |      0.404 |   94/150  
		  212/1000 | 0.000098   |    5.31851   |    4.89623   |      0.305 |      0.412 |   95/150  
		  213/1000 | 0.000098   |    5.26794   |    4.98509   |      0.319 |      0.391 |   96/150  
		  214/1000 | 0.000098   |    5.34425   |    4.85556   |      0.299 |      0.421 |   97/150  
		  215/1000 | 0.000098   |    5.33179   |    4.89941   |      0.302 |      0.411 |   98/150  
		  216/1000 | 0.000098   |    5.39492   |    4.84461   |      0.285 |      0.424 |   99/150  
		  217/1000 | 0.000098   |    5.24575   |    4.89119   |      0.324 |      0.413 |  100/150  
		  218/1000 | 0.000098   |    5.34896   |    4.92076   |      0.297 |      0.407 |  101/150  
		  219/1000 | 0.000098   |    5.21414   |    4.91337   |      0.332 |      0.409 |  102/150  
		  220/1000 | 0.000098   |    5.39910   |    4.90764   |      0.284 |      0.409 |  103/150  
		  221/1000 | 0.000098   |    5.30360   |    4.90244   |      0.309 |      0.410 |  104/150  
		  222/1000 | 0.000098   |    5.36132   |    4.91664   |      0.294 |      0.407 |  105/150  
		  223/1000 | 0.000098   |    5.52102   |    4.88343   |      0.252 |      0.416 |  106/150  
		  224/1000 | 0.000098   |    5.41895   |    5.01583   |      0.279 |      0.384 |  107/150  
		  225/1000 | 0.000098   |    5.42637   |    4.86760   |      0.277 |      0.419 |  108/150  
		  226/1000 | 0.000098   |    5.20752   |    4.88833   |      0.334 |      0.414 |  109/150  
		  227/1000 | 0.000098   |    5.49890   |    4.93857   |      0.258 |      0.402 |  110/150  
		  228/1000 | 0.000049   |    5.32423   |    4.88673   |      0.304 |      0.414 |  111/150  
		  229/1000 | 0.000049   |    5.39372   |    4.82600   |      0.286 |      0.428 |  112/150  
		  230/1000 | 0.000049   |    5.47300   |    4.84131   |      0.264 |      0.425 |  113/150  
		  231/1000 | 0.000049   |    5.44988   |    4.83664   |      0.271 |      0.426 |  114/150  
		  232/1000 | 0.000049   |    5.33642   |    4.90300   |      0.301 |      0.411 |  115/150  
		  233/1000 | 0.000049   |    5.34890   |    4.87817   |      0.297 |      0.416 |  116/150  
		  234/1000 | 0.000049   |    5.34623   |    4.92021   |      0.298 |      0.405 |  117/150  
		  235/1000 | 0.000049   |    5.47679   |    4.95940   |      0.263 |      0.398 |  118/150  
		  236/1000 | 0.000049   |    5.27754   |    4.87916   |      0.316 |      0.415 |  119/150  
		  237/1000 | 0.000049   |    5.38717   |    4.94462   |      0.287 |      0.401 |  120/150  
		  238/1000 | 0.000049   |    5.42665   |    4.89609   |      0.277 |      0.411 |  121/150  
		  239/1000 | 0.000049   |    5.35434   |    4.90991   |      0.296 |      0.408 |  122/150  
		  240/1000 | 0.000049   |    5.33553   |    4.92687   |      0.301 |      0.405 |  123/150  
		  241/1000 | 0.000049   |    5.33167   |    4.86103   |      0.302 |      0.421 |  124/150  
		  242/1000 | 0.000049   |    5.40959   |    4.91989   |      0.281 |      0.405 |  125/150  
		  243/1000 | 0.000049   |    5.33173   |    4.91088   |      0.302 |      0.409 |  126/150  
		  244/1000 | 0.000024   |    5.35512   |    4.88356   |      0.296 |      0.414 |  127/150  
		  245/1000 | 0.000024   |    5.44445   |    4.89683   |      0.272 |      0.411 |  128/150  
		  246/1000 | 0.000024   |    5.32702   |    4.95465   |      0.303 |      0.400 |  129/150  
		  247/1000 | 0.000024   |    5.28242   |    4.93855   |      0.315 |      0.401 |  130/150  
		  248/1000 | 0.000024   |    5.44002   |    4.89899   |      0.273 |      0.411 |  131/150  
		  249/1000 | 0.000024   |    5.37993   |    4.83013   |      0.289 |      0.428 |  132/150  
		  250/1000 | 0.000024   |    5.50977   |    4.92566   |      0.255 |      0.405 |  133/150  
		  251/1000 | 0.000024   |    5.27009   |    4.88247   |      0.318 |      0.415 |  134/150  
		  252/1000 | 0.000024   |    5.31785   |    4.86056   |      0.306 |      0.421 |  135/150  
		  253/1000 | 0.000024   |    5.34858   |    4.81905   |      0.298 |      0.429 |  136/150  
		  254/1000 | 0.000024   |    5.40435   |    4.81913   |      0.283 |      0.429 |  137/150  
		  255/1000 | 0.000024   |    5.35077   |    4.94968   |      0.297 |      0.400 |  138/150  
		  256/1000 | 0.000024   |    5.41837   |    4.88257   |      0.279 |      0.414 |  139/150  
		  257/1000 | 0.000024   |    5.30707   |    4.91563   |      0.308 |      0.407 |  140/150  
		  258/1000 | 0.000024   |    5.52418   |    4.93839   |      0.251 |      0.401 |  141/150  
		  259/1000 | 0.000024   |    5.47368   |    4.91547   |      0.264 |      0.407 |  142/150  
		  260/1000 | 0.000012   |    5.26934   |    4.99504   |      0.318 |      0.388 |  143/150  
		  261/1000 | 0.000012   |    5.29726   |    4.95674   |      0.311 |      0.397 |  144/150  
		  262/1000 | 0.000012   |    5.21055   |    4.82488   |      0.333 |      0.429 |  145/150  
		  263/1000 | 0.000012   |    5.25071   |    4.86242   |      0.323 |      0.420 |  146/150  
		  264/1000 | 0.000012   |    5.36278   |    4.87937   |      0.294 |      0.416 |  147/150  
		  265/1000 | 0.000012   |    5.45268   |    4.90108   |      0.270 |      0.410 |  148/150  
		  266/1000 | 0.000012   |    5.34204   |    4.88199   |      0.299 |      0.415 |  149/150  

		Early stopping triggered.
		[INFO] Case 2 completed.

	3.3 Training Case 3...
		=== Training Log Started: 2025-11-30 00:33:38.691498 ===
		Run Name: STAFV2_24_CASE3
		Device: cuda
		Epochs: 1000, Batch Size: 4, LR: 0.05
		============================================================
		[INFO] Unique quantized indices: 36535
		[INFO] Suggested num_embeddings: 43842
		[INFO] Processed 3545 valid samples.
		[INFO] Saved merged dataset: ./data/training_results/merged_windowed_dataset_STAFV2_24_CASE3.csv  (shape: (3545, 429))
		[INFO] Saved feature metadata: ./data/training_results/feature_info_STAFV2_24_CASE3.json
		[INFO] Dataset split: 2836 train, 709 val
		[INFO] Scalers fitted and saved.

		✅ Model initialized with 38122 params.
		============================================================
		--------------------------------------------------------------------------------------------
		  Epoch    |     LR     |  Train RMSE  |   Val RMSE   |  Train R²  |   Val R²   |  Patience 
		--------------------------------------------------------------------------------------------
		    1/1000 | 0.050000   |    6.23412   |    5.54685   |      0.030 |      0.248 |    0/150  
		    2/1000 | 0.050000   |    5.92452   |    5.47127   |      0.124 |      0.268 |    0/150  
		    3/1000 | 0.050000   |    5.98164   |    5.56375   |      0.107 |      0.243 |    0/150  
		    4/1000 | 0.050000   |    5.87909   |    5.40802   |      0.137 |      0.286 |    1/150  
		    5/1000 | 0.050000   |    5.83544   |    5.32085   |      0.150 |      0.312 |    0/150  
		    6/1000 | 0.050000   |    5.87393   |    5.38001   |      0.139 |      0.297 |    0/150  
		    7/1000 | 0.050000   |    5.89656   |    5.46417   |      0.132 |      0.274 |    1/150  
		    8/1000 | 0.050000   |    5.86929   |    5.31869   |      0.140 |      0.313 |    2/150  
		    9/1000 | 0.050000   |    5.87244   |    5.21958   |      0.139 |      0.340 |    0/150  
		   10/1000 | 0.050000   |    5.87086   |    5.25436   |      0.140 |      0.334 |    0/150  
		   11/1000 | 0.050000   |    5.75313   |    5.19536   |      0.174 |      0.346 |    1/150  
		   12/1000 | 0.050000   |    5.84697   |    5.58139   |      0.147 |      0.239 |    0/150  
		   13/1000 | 0.050000   |    5.84595   |    5.27400   |      0.147 |      0.322 |    1/150  
		   14/1000 | 0.050000   |    5.83986   |    5.46627   |      0.149 |      0.271 |    2/150  
		   15/1000 | 0.050000   |    5.78227   |    5.83056   |      0.165 |      0.168 |    3/150  
		   16/1000 | 0.050000   |    5.79841   |    5.36477   |      0.161 |      0.298 |    4/150  
		   17/1000 | 0.050000   |    5.78294   |    5.38395   |      0.165 |      0.294 |    5/150  
		   18/1000 | 0.050000   |    5.85514   |    5.59872   |      0.144 |      0.235 |    6/150  
		   19/1000 | 0.050000   |    5.79185   |    5.24685   |      0.163 |      0.331 |    7/150  
		   20/1000 | 0.050000   |    5.79328   |    5.51573   |      0.162 |      0.256 |    8/150  
		   21/1000 | 0.050000   |    5.75781   |    5.60031   |      0.172 |      0.233 |    9/150  
		   22/1000 | 0.050000   |    5.80910   |    5.24869   |      0.158 |      0.328 |   10/150  
		   23/1000 | 0.050000   |    5.76429   |    5.27347   |      0.171 |      0.323 |   11/150  
		   24/1000 | 0.050000   |    5.81005   |    5.24004   |      0.157 |      0.331 |   12/150  
		   25/1000 | 0.050000   |    5.77866   |    5.11003   |      0.166 |      0.365 |   13/150  
		   26/1000 | 0.050000   |    5.85395   |    5.43136   |      0.145 |      0.280 |    0/150  
		   27/1000 | 0.050000   |    5.81252   |    5.24536   |      0.157 |      0.332 |    1/150  
		   28/1000 | 0.050000   |    5.85727   |    5.23016   |      0.144 |      0.335 |    2/150  
		   29/1000 | 0.050000   |    5.79592   |    5.27383   |      0.161 |      0.322 |    3/150  
		   30/1000 | 0.050000   |    5.88105   |    5.55787   |      0.137 |      0.244 |    4/150  
		   31/1000 | 0.050000   |    5.87993   |    5.53496   |      0.137 |      0.251 |    5/150  
		   32/1000 | 0.050000   |    5.81086   |    5.38018   |      0.157 |      0.293 |    6/150  
		   33/1000 | 0.050000   |    5.78054   |    5.11350   |      0.166 |      0.365 |    7/150  
		   34/1000 | 0.050000   |    5.83228   |    5.33061   |      0.151 |      0.307 |    8/150  
		   35/1000 | 0.050000   |    5.81497   |    5.76936   |      0.156 |      0.185 |    9/150  
		   36/1000 | 0.050000   |    5.81709   |    5.60071   |      0.155 |      0.234 |   10/150  
		   37/1000 | 0.050000   |    5.79921   |    5.51678   |      0.160 |      0.255 |   11/150  
		   38/1000 | 0.050000   |    5.84693   |    5.53976   |      0.147 |      0.249 |   12/150  
		   39/1000 | 0.050000   |    5.83839   |    5.40937   |      0.149 |      0.287 |   13/150  
		   40/1000 | 0.050000   |    5.80197   |    5.18540   |      0.160 |      0.346 |   14/150  
		   41/1000 | 0.050000   |    5.82557   |    5.18396   |      0.153 |      0.347 |   15/150  
		   42/1000 | 0.050000   |    5.84555   |    5.19697   |      0.147 |      0.341 |   16/150  
		   43/1000 | 0.050000   |    5.77076   |    5.58722   |      0.169 |      0.236 |   17/150  
		   44/1000 | 0.050000   |    5.82184   |    5.46903   |      0.154 |      0.269 |   18/150  
		   45/1000 | 0.050000   |    5.80810   |    5.24456   |      0.158 |      0.329 |   19/150  
		   46/1000 | 0.050000   |    5.82656   |    5.56372   |      0.153 |      0.244 |   20/150  
		   47/1000 | 0.050000   |    5.82691   |    5.34800   |      0.152 |      0.301 |   21/150  
		   48/1000 | 0.050000   |    5.75493   |    5.80058   |      0.173 |      0.176 |   22/150  
		   49/1000 | 0.025000   |    5.70862   |    5.17926   |      0.187 |      0.347 |   23/150  
		   50/1000 | 0.025000   |    5.68814   |    5.29301   |      0.192 |      0.316 |   24/150  
		   51/1000 | 0.025000   |    5.66975   |    5.08080   |      0.198 |      0.371 |   25/150  
		   52/1000 | 0.025000   |    5.67639   |    5.18301   |      0.196 |      0.346 |    0/150  
		   53/1000 | 0.025000   |    5.69622   |    5.10989   |      0.190 |      0.366 |    1/150  
		   54/1000 | 0.025000   |    5.74502   |    5.48711   |      0.176 |      0.264 |    2/150  
		   55/1000 | 0.025000   |    5.72567   |    5.33341   |      0.182 |      0.306 |    3/150  
		   56/1000 | 0.025000   |    5.71400   |    5.23097   |      0.185 |      0.333 |    4/150  
		   57/1000 | 0.025000   |    5.69287   |    5.18665   |      0.191 |      0.344 |    5/150  
		   58/1000 | 0.025000   |    5.65482   |    5.07348   |      0.202 |      0.374 |    6/150  
		   59/1000 | 0.025000   |    5.71280   |    5.27308   |      0.185 |      0.323 |    0/150  
		   60/1000 | 0.025000   |    5.71348   |    5.22995   |      0.185 |      0.333 |    1/150  
		   61/1000 | 0.025000   |    5.69085   |    5.09469   |      0.192 |      0.370 |    2/150  
		   62/1000 | 0.025000   |    5.65393   |    5.27032   |      0.202 |      0.322 |    3/150  
		   63/1000 | 0.025000   |    5.68492   |    5.05009   |      0.193 |      0.379 |    4/150  
		   64/1000 | 0.025000   |    5.68878   |    5.38321   |      0.192 |      0.291 |    0/150  
		   65/1000 | 0.025000   |    5.71460   |    5.16394   |      0.185 |      0.350 |    1/150  
		   66/1000 | 0.025000   |    5.71537   |    5.56522   |      0.185 |      0.242 |    2/150  
		   67/1000 | 0.025000   |    5.68813   |    5.21256   |      0.192 |      0.338 |    3/150  
		   68/1000 | 0.025000   |    5.69803   |    5.25165   |      0.190 |      0.327 |    4/150  
		   69/1000 | 0.025000   |    5.61585   |    5.09005   |      0.213 |      0.370 |    5/150  
		   70/1000 | 0.025000   |    5.66431   |    5.21505   |      0.199 |      0.336 |    6/150  
		   71/1000 | 0.025000   |    5.69324   |    5.03747   |      0.191 |      0.383 |    7/150  
		   72/1000 | 0.025000   |    5.59910   |    5.20936   |      0.217 |      0.337 |    0/150  
		   73/1000 | 0.025000   |    5.68003   |    5.10871   |      0.195 |      0.364 |    1/150  
		   74/1000 | 0.025000   |    5.68404   |    5.29175   |      0.193 |      0.316 |    2/150  
		   75/1000 | 0.025000   |    5.67088   |    5.17167   |      0.197 |      0.349 |    3/150  
		   76/1000 | 0.025000   |    5.63297   |    5.05606   |      0.208 |      0.377 |    4/150  
		   77/1000 | 0.025000   |    5.68868   |    5.17761   |      0.192 |      0.345 |    5/150  
		   78/1000 | 0.025000   |    5.66498   |    5.20100   |      0.199 |      0.340 |    6/150  
		   79/1000 | 0.025000   |    5.67551   |    5.22033   |      0.196 |      0.334 |    7/150  
		   80/1000 | 0.025000   |    5.68988   |    5.30667   |      0.192 |      0.312 |    8/150  
		   81/1000 | 0.025000   |    5.76597   |    5.49340   |      0.170 |      0.261 |    9/150  
		   82/1000 | 0.025000   |    5.61820   |    5.03601   |      0.212 |      0.383 |   10/150  
		   83/1000 | 0.025000   |    5.57662   |    5.34835   |      0.224 |      0.301 |    0/150  
		   84/1000 | 0.025000   |    5.61034   |    5.16746   |      0.214 |      0.348 |    1/150  
		   85/1000 | 0.025000   |    5.65687   |    5.12133   |      0.201 |      0.360 |    2/150  
		   86/1000 | 0.025000   |    5.62004   |    5.30531   |      0.212 |      0.312 |    3/150  
		   87/1000 | 0.025000   |    5.66971   |    5.06619   |      0.198 |      0.376 |    4/150  
		   88/1000 | 0.025000   |    5.63791   |    5.06172   |      0.207 |      0.375 |    5/150  
		   89/1000 | 0.025000   |    5.59492   |    5.09471   |      0.219 |      0.367 |    6/150  
		   90/1000 | 0.025000   |    5.70659   |    5.37189   |      0.187 |      0.296 |    7/150  
		   91/1000 | 0.025000   |    5.69461   |    5.18731   |      0.190 |      0.344 |    8/150  
		   92/1000 | 0.025000   |    5.61007   |    4.91572   |      0.214 |      0.415 |    9/150  
		                                          ╚══> ✅ SAVED (RMSE: 4.9157)
		   93/1000 | 0.025000   |    5.59950   |    5.18933   |      0.217 |      0.343 |    0/150  
		   94/1000 | 0.025000   |    5.66497   |    5.43987   |      0.199 |      0.275 |    1/150  
		   95/1000 | 0.025000   |    5.69595   |    5.07987   |      0.190 |      0.371 |    2/150  
		   96/1000 | 0.025000   |    5.70142   |    5.11497   |      0.189 |      0.363 |    3/150  
		   97/1000 | 0.025000   |    5.69503   |    5.19732   |      0.190 |      0.340 |    4/150  
		   98/1000 | 0.025000   |    5.63468   |    5.10357   |      0.207 |      0.365 |    5/150  
		   99/1000 | 0.025000   |    5.58083   |    5.23084   |      0.223 |      0.333 |    6/150  
		  100/1000 | 0.025000   |    5.68388   |    5.38149   |      0.194 |      0.293 |    7/150  
		  101/1000 | 0.025000   |    5.69928   |    5.47599   |      0.189 |      0.267 |    8/150  
		  102/1000 | 0.025000   |    5.61735   |    5.15910   |      0.212 |      0.351 |    9/150  
		  103/1000 | 0.025000   |    5.70551   |    5.48333   |      0.187 |      0.265 |   10/150  
		  104/1000 | 0.025000   |    5.62174   |    4.93754   |      0.211 |      0.408 |   11/150  
		  105/1000 | 0.025000   |    5.70249   |    5.01663   |      0.188 |      0.388 |   12/150  
		  106/1000 | 0.025000   |    5.69579   |    5.20726   |      0.190 |      0.341 |   13/150  
		  107/1000 | 0.025000   |    5.66247   |    5.00400   |      0.200 |      0.392 |   14/150  
		  108/1000 | 0.012500   |    5.66977   |    5.16369   |      0.198 |      0.352 |   15/150  
		  109/1000 | 0.012500   |    5.61563   |    5.23048   |      0.213 |      0.332 |   16/150  
		  110/1000 | 0.012500   |    5.59557   |    5.09934   |      0.218 |      0.366 |   17/150  
		  111/1000 | 0.012500   |    5.61486   |    5.22416   |      0.213 |      0.334 |   18/150  
		  112/1000 | 0.012500   |    5.59820   |    5.36925   |      0.218 |      0.295 |   19/150  
		  113/1000 | 0.012500   |    5.55675   |    5.12224   |      0.229 |      0.360 |   20/150  
		  114/1000 | 0.012500   |    5.58977   |    5.05150   |      0.220 |      0.379 |   21/150  
		  115/1000 | 0.012500   |    5.55299   |    5.03379   |      0.230 |      0.382 |   22/150  
		  116/1000 | 0.012500   |    5.54850   |    5.03849   |      0.231 |      0.382 |   23/150  
		  117/1000 | 0.012500   |    5.64768   |    5.02983   |      0.204 |      0.383 |   24/150  
		  118/1000 | 0.012500   |    5.55189   |    5.04181   |      0.231 |      0.380 |   25/150  
		  119/1000 | 0.012500   |    5.59823   |    5.21020   |      0.218 |      0.336 |   26/150  
		  120/1000 | 0.012500   |    5.61359   |    5.19498   |      0.213 |      0.343 |   27/150  
		  121/1000 | 0.012500   |    5.58625   |    4.97745   |      0.221 |      0.397 |   28/150  
		  122/1000 | 0.012500   |    5.56030   |    5.04457   |      0.228 |      0.381 |   29/150  
		  123/1000 | 0.012500   |    5.55403   |    5.04216   |      0.230 |      0.381 |   30/150  
		  124/1000 | 0.006250   |    5.62610   |    5.06946   |      0.210 |      0.374 |   31/150  
		  125/1000 | 0.006250   |    5.62219   |    4.97873   |      0.211 |      0.395 |   32/150  
		  126/1000 | 0.006250   |    5.58825   |    5.04185   |      0.220 |      0.381 |   33/150  
		  127/1000 | 0.006250   |    5.54643   |    5.08750   |      0.232 |      0.370 |   34/150  
		  128/1000 | 0.006250   |    5.62358   |    5.00017   |      0.211 |      0.391 |   35/150  
		  129/1000 | 0.006250   |    5.52811   |    5.08475   |      0.237 |      0.369 |   36/150  
		  130/1000 | 0.006250   |    5.53157   |    4.95713   |      0.236 |      0.401 |   37/150  
		  131/1000 | 0.006250   |    5.56324   |    5.01981   |      0.227 |      0.386 |   38/150  
		  132/1000 | 0.006250   |    5.50183   |    5.05250   |      0.244 |      0.378 |   39/150  
		  133/1000 | 0.006250   |    5.57376   |    5.01298   |      0.224 |      0.388 |   40/150  
		  134/1000 | 0.006250   |    5.55361   |    5.05801   |      0.230 |      0.377 |   41/150  
		  135/1000 | 0.006250   |    5.50818   |    5.10381   |      0.243 |      0.364 |   42/150  
		  136/1000 | 0.006250   |    5.52803   |    5.05646   |      0.237 |      0.376 |   43/150  
		  137/1000 | 0.006250   |    5.54132   |    5.27606   |      0.233 |      0.320 |   44/150  
		  138/1000 | 0.006250   |    5.51269   |    5.06258   |      0.241 |      0.375 |   45/150  
		  139/1000 | 0.006250   |    5.50512   |    5.17620   |      0.243 |      0.347 |   46/150  
		  140/1000 | 0.003125   |    5.56939   |    5.13962   |      0.226 |      0.356 |   47/150  
		  141/1000 | 0.003125   |    5.53671   |    5.02828   |      0.235 |      0.384 |   48/150  
		  142/1000 | 0.003125   |    5.56411   |    5.07566   |      0.227 |      0.372 |   49/150  
		  143/1000 | 0.003125   |    5.50111   |    5.01298   |      0.245 |      0.387 |   50/150  
		  144/1000 | 0.003125   |    5.55137   |    5.04540   |      0.231 |      0.380 |   51/150  
		  145/1000 | 0.003125   |    5.49087   |    4.93695   |      0.247 |      0.406 |   52/150  
		  146/1000 | 0.003125   |    5.49258   |    5.02423   |      0.247 |      0.383 |   53/150  
		  147/1000 | 0.003125   |    5.50096   |    4.90548   |      0.245 |      0.412 |   54/150  
		                                          ╚══> ✅ SAVED (RMSE: 4.9055)
		  148/1000 | 0.003125   |    5.53028   |    4.95729   |      0.237 |      0.399 |    0/150  
		  149/1000 | 0.003125   |    5.40080   |    5.00102   |      0.272 |      0.390 |    1/150  
		  150/1000 | 0.003125   |    5.55556   |    4.94892   |      0.230 |      0.402 |    2/150  
		  151/1000 | 0.003125   |    5.44493   |    4.94058   |      0.260 |      0.405 |    3/150  
		  152/1000 | 0.003125   |    5.53212   |    5.14294   |      0.236 |      0.354 |    4/150  
		  153/1000 | 0.003125   |    5.46636   |    4.88862   |      0.254 |      0.417 |    5/150  
		                                          ╚══> ✅ SAVED (RMSE: 4.8886)
		  154/1000 | 0.003125   |    5.51298   |    5.00769   |      0.241 |      0.389 |    0/150  
		  155/1000 | 0.003125   |    5.52049   |    5.05082   |      0.239 |      0.378 |    1/150  
		  156/1000 | 0.003125   |    5.44109   |    5.01164   |      0.261 |      0.389 |    2/150  
		  157/1000 | 0.003125   |    5.54589   |    4.98495   |      0.232 |      0.395 |    3/150  
		  158/1000 | 0.003125   |    5.43638   |    4.95708   |      0.262 |      0.402 |    4/150  
		  159/1000 | 0.003125   |    5.44016   |    4.90793   |      0.261 |      0.412 |    5/150  
		  160/1000 | 0.003125   |    5.43334   |    5.01259   |      0.263 |      0.389 |    6/150  
		  161/1000 | 0.003125   |    5.46749   |    4.98373   |      0.254 |      0.394 |    7/150  
		  162/1000 | 0.003125   |    5.46979   |    4.93885   |      0.253 |      0.405 |    8/150  
		  163/1000 | 0.003125   |    5.54553   |    5.03105   |      0.232 |      0.382 |    9/150  
		  164/1000 | 0.003125   |    5.48100   |    4.91252   |      0.250 |      0.412 |   10/150  
		  165/1000 | 0.003125   |    5.47870   |    4.93849   |      0.251 |      0.405 |   11/150  
		  166/1000 | 0.003125   |    5.49371   |    5.02177   |      0.247 |      0.385 |   12/150  
		  167/1000 | 0.003125   |    5.45220   |    4.88871   |      0.258 |      0.419 |   13/150  
		  168/1000 | 0.003125   |    5.49520   |    4.88845   |      0.246 |      0.419 |   14/150  
		                                          ╚══> ✅ SAVED (RMSE: 4.8884)
		  169/1000 | 0.003125   |    5.46210   |    4.88384   |      0.255 |      0.419 |    0/150  
		                                          ╚══> ✅ SAVED (RMSE: 4.8838)
		  170/1000 | 0.003125   |    5.45346   |    4.98733   |      0.258 |      0.393 |    0/150  
		  171/1000 | 0.003125   |    5.36794   |    4.80687   |      0.281 |      0.437 |    1/150  
		                                          ╚══> ✅ SAVED (RMSE: 4.8069)
		  172/1000 | 0.003125   |    5.37273   |    4.86066   |      0.279 |      0.424 |    0/150  
		  173/1000 | 0.003125   |    5.41112   |    4.75013   |      0.269 |      0.450 |    1/150  
		                                          ╚══> ✅ SAVED (RMSE: 4.7501)
		  174/1000 | 0.003125   |    5.43763   |    5.03177   |      0.262 |      0.383 |    0/150  
		  175/1000 | 0.003125   |    5.37541   |    4.77884   |      0.279 |      0.443 |    1/150  
		  176/1000 | 0.003125   |    5.43827   |    4.89740   |      0.262 |      0.415 |    2/150  
		  177/1000 | 0.003125   |    5.40619   |    4.87015   |      0.270 |      0.422 |    3/150  
		  178/1000 | 0.003125   |    5.46393   |    4.98389   |      0.255 |      0.393 |    4/150  
		  179/1000 | 0.003125   |    5.40379   |    4.85083   |      0.271 |      0.427 |    5/150  
		  180/1000 | 0.003125   |    5.47184   |    4.93860   |      0.253 |      0.405 |    6/150  
		  181/1000 | 0.003125   |    5.48374   |    5.07870   |      0.249 |      0.371 |    7/150  
		  182/1000 | 0.003125   |    5.44927   |    4.90126   |      0.259 |      0.414 |    8/150  
		  183/1000 | 0.003125   |    5.44293   |    4.97987   |      0.260 |      0.395 |    9/150  
		  184/1000 | 0.003125   |    5.43435   |    4.91839   |      0.263 |      0.410 |   10/150  
		  185/1000 | 0.003125   |    5.35906   |    4.85820   |      0.283 |      0.425 |   11/150  
		  186/1000 | 0.003125   |    5.36247   |    4.87511   |      0.282 |      0.420 |   12/150  
		  187/1000 | 0.003125   |    5.41111   |    4.89447   |      0.269 |      0.415 |   13/150  
		  188/1000 | 0.003125   |    5.39501   |    4.96631   |      0.273 |      0.398 |   14/150  
		  189/1000 | 0.001563   |    5.46088   |    4.93815   |      0.256 |      0.406 |   15/150  
		  190/1000 | 0.001563   |    5.44870   |    5.02527   |      0.259 |      0.384 |   16/150  
		  191/1000 | 0.001563   |    5.41581   |    5.06814   |      0.268 |      0.372 |   17/150  
		  192/1000 | 0.001563   |    5.46195   |    4.98200   |      0.255 |      0.394 |   18/150  
		  193/1000 | 0.001563   |    5.39982   |    4.95450   |      0.272 |      0.403 |   19/150  
		  194/1000 | 0.001563   |    5.40286   |    4.95159   |      0.271 |      0.402 |   20/150  
		  195/1000 | 0.001563   |    5.37114   |    4.92018   |      0.280 |      0.409 |   21/150  
		  196/1000 | 0.001563   |    5.38700   |    4.86937   |      0.276 |      0.422 |   22/150  
		  197/1000 | 0.001563   |    5.42598   |    5.04029   |      0.265 |      0.380 |   23/150  
		  198/1000 | 0.001563   |    5.39050   |    4.96109   |      0.275 |      0.399 |   24/150  
		  199/1000 | 0.001563   |    5.41574   |    4.96160   |      0.268 |      0.400 |   25/150  
		  200/1000 | 0.001563   |    5.43458   |    4.96260   |      0.263 |      0.400 |   26/150  
		  201/1000 | 0.001563   |    5.37038   |    4.92308   |      0.280 |      0.409 |   27/150  
		  202/1000 | 0.001563   |    5.41199   |    4.92459   |      0.269 |      0.409 |   28/150  
		  203/1000 | 0.001563   |    5.49208   |    4.96216   |      0.247 |      0.399 |   29/150  
		  204/1000 | 0.001563   |    5.39453   |    4.91952   |      0.274 |      0.409 |   30/150  
		  205/1000 | 0.000781   |    5.45538   |    4.98485   |      0.257 |      0.394 |   31/150  
		  206/1000 | 0.000781   |    5.33126   |    4.99091   |      0.290 |      0.393 |   32/150  
		  207/1000 | 0.000781   |    5.42252   |    4.92936   |      0.266 |      0.407 |   33/150  
		  208/1000 | 0.000781   |    5.38092   |    4.93128   |      0.277 |      0.407 |   34/150  
		  209/1000 | 0.000781   |    5.36368   |    4.97503   |      0.282 |      0.397 |   35/150  
		  210/1000 | 0.000781   |    5.31716   |    4.97002   |      0.294 |      0.396 |   36/150  
		  211/1000 | 0.000781   |    5.30940   |    4.81816   |      0.296 |      0.433 |   37/150  
		  212/1000 | 0.000781   |    5.39845   |    4.83180   |      0.273 |      0.431 |   38/150  
		  213/1000 | 0.000781   |    5.39187   |    4.84767   |      0.274 |      0.427 |   39/150  
		  214/1000 | 0.000781   |    5.42595   |    5.10260   |      0.265 |      0.364 |   40/150  
		  215/1000 | 0.000781   |    5.48247   |    4.93688   |      0.250 |      0.406 |   41/150  
		  216/1000 | 0.000781   |    5.45455   |    4.98226   |      0.257 |      0.394 |   42/150  
		  217/1000 | 0.000781   |    5.24070   |    4.83601   |      0.314 |      0.431 |   43/150  
		  218/1000 | 0.000781   |    5.35950   |    5.01474   |      0.283 |      0.387 |   44/150  
		  219/1000 | 0.000781   |    5.43578   |    4.98564   |      0.262 |      0.393 |   45/150  
		  220/1000 | 0.000781   |    5.44180   |    4.91730   |      0.261 |      0.410 |   46/150  
		  221/1000 | 0.000391   |    5.33493   |    4.83420   |      0.290 |      0.430 |   47/150  
		  222/1000 | 0.000391   |    5.42504   |    4.88889   |      0.265 |      0.417 |   48/150  
		  223/1000 | 0.000391   |    5.47751   |    4.90160   |      0.251 |      0.415 |   49/150  
		  224/1000 | 0.000391   |    5.38587   |    4.87728   |      0.276 |      0.420 |   50/150  
		  225/1000 | 0.000391   |    5.39241   |    4.91104   |      0.274 |      0.411 |   51/150  
		  226/1000 | 0.000391   |    5.42582   |    4.89513   |      0.265 |      0.417 |   52/150  
		  227/1000 | 0.000391   |    5.43664   |    4.93940   |      0.262 |      0.405 |   53/150  
		  228/1000 | 0.000391   |    5.38492   |    4.81271   |      0.276 |      0.436 |   54/150  
		  229/1000 | 0.000391   |    5.41260   |    4.83279   |      0.269 |      0.430 |   55/150  
		  230/1000 | 0.000391   |    5.43356   |    4.90191   |      0.263 |      0.415 |   56/150  
		  231/1000 | 0.000391   |    5.38128   |    4.93119   |      0.277 |      0.407 |   57/150  
		  232/1000 | 0.000391   |    5.35396   |    4.98367   |      0.284 |      0.395 |   58/150  
		  233/1000 | 0.000391   |    5.35512   |    4.90120   |      0.284 |      0.414 |   59/150  
		  234/1000 | 0.000391   |    5.40845   |    4.85410   |      0.270 |      0.426 |   60/150  
		  235/1000 | 0.000391   |    5.39345   |    4.86161   |      0.274 |      0.425 |   61/150  
		  236/1000 | 0.000391   |    5.39629   |    4.91720   |      0.273 |      0.410 |   62/150  
		  237/1000 | 0.000195   |    5.42558   |    4.90886   |      0.265 |      0.413 |   63/150  
		  238/1000 | 0.000195   |    5.37656   |    4.92401   |      0.278 |      0.409 |   64/150  
		  239/1000 | 0.000195   |    5.32228   |    4.95036   |      0.293 |      0.402 |   65/150  
		  240/1000 | 0.000195   |    5.37890   |    4.90719   |      0.278 |      0.412 |   66/150  
		  241/1000 | 0.000195   |    5.38900   |    4.93626   |      0.275 |      0.405 |   67/150  
		  242/1000 | 0.000195   |    5.40876   |    4.84205   |      0.270 |      0.429 |   68/150  
		  243/1000 | 0.000195   |    5.40937   |    4.96425   |      0.270 |      0.400 |   69/150  
		  244/1000 | 0.000195   |    5.40024   |    4.97236   |      0.272 |      0.397 |   70/150  
		  245/1000 | 0.000195   |    5.38514   |    4.86958   |      0.276 |      0.422 |   71/150  
		  246/1000 | 0.000195   |    5.39394   |    4.97868   |      0.274 |      0.395 |   72/150  
		  247/1000 | 0.000195   |    5.44088   |    4.94497   |      0.261 |      0.404 |   73/150  
		  248/1000 | 0.000195   |    5.35628   |    4.95487   |      0.284 |      0.400 |   74/150  
		  249/1000 | 0.000195   |    5.43450   |    4.98014   |      0.263 |      0.394 |   75/150  
		  250/1000 | 0.000195   |    5.43943   |    4.94296   |      0.261 |      0.405 |   76/150  
		  251/1000 | 0.000195   |    5.34896   |    5.00285   |      0.286 |      0.388 |   77/150  
		  252/1000 | 0.000195   |    5.36568   |    4.78175   |      0.281 |      0.444 |   78/150  
		  253/1000 | 0.000098   |    5.35353   |    4.94506   |      0.285 |      0.403 |   79/150  
		  254/1000 | 0.000098   |    5.41460   |    4.91737   |      0.268 |      0.410 |   80/150  
		  255/1000 | 0.000098   |    5.43738   |    4.94504   |      0.262 |      0.405 |   81/150  
		  256/1000 | 0.000098   |    5.34236   |    4.96138   |      0.288 |      0.398 |   82/150  
		  257/1000 | 0.000098   |    5.38874   |    4.87049   |      0.275 |      0.422 |   83/150  
		  258/1000 | 0.000098   |    5.47791   |    4.89204   |      0.251 |      0.417 |   84/150  
		  259/1000 | 0.000098   |    5.42637   |    4.86429   |      0.265 |      0.422 |   85/150  
		  260/1000 | 0.000098   |    5.30651   |    4.88981   |      0.297 |      0.416 |   86/150  
		  261/1000 | 0.000098   |    5.37542   |    4.97179   |      0.279 |      0.397 |   87/150  
		  262/1000 | 0.000098   |    5.30134   |    4.85386   |      0.298 |      0.426 |   88/150  
		  263/1000 | 0.000098   |    5.39262   |    4.78702   |      0.274 |      0.441 |   89/150  
		  264/1000 | 0.000098   |    5.45885   |    4.95036   |      0.256 |      0.401 |   90/150  
		  265/1000 | 0.000098   |    5.26325   |    4.87173   |      0.308 |      0.422 |   91/150  
		  266/1000 | 0.000098   |    5.44066   |    4.92838   |      0.261 |      0.409 |   92/150  
		  267/1000 | 0.000098   |    5.32293   |    4.80056   |      0.293 |      0.438 |   93/150  
		  268/1000 | 0.000098   |    5.36551   |    4.85487   |      0.281 |      0.425 |   94/150  
		  269/1000 | 0.000049   |    5.45074   |    4.94435   |      0.258 |      0.403 |   95/150  
		  270/1000 | 0.000049   |    5.37953   |    4.94729   |      0.278 |      0.402 |   96/150  
		  271/1000 | 0.000049   |    5.50537   |    4.90409   |      0.243 |      0.413 |   97/150  
		  272/1000 | 0.000049   |    5.36419   |    4.93362   |      0.282 |      0.406 |   98/150  
		  273/1000 | 0.000049   |    5.36494   |    4.77101   |      0.282 |      0.445 |   99/150  
		  274/1000 | 0.000049   |    5.35351   |    4.95708   |      0.285 |      0.401 |  100/150  
		  275/1000 | 0.000049   |    5.43191   |    4.84217   |      0.263 |      0.428 |  101/150  
		  276/1000 | 0.000049   |    5.39209   |    4.88078   |      0.274 |      0.418 |  102/150  
		  277/1000 | 0.000049   |    5.37036   |    4.92952   |      0.280 |      0.407 |  103/150  
		  278/1000 | 0.000049   |    5.44213   |    4.93670   |      0.261 |      0.405 |  104/150  
		  279/1000 | 0.000049   |    5.29564   |    4.98446   |      0.300 |      0.394 |  105/150  
		  280/1000 | 0.000049   |    5.42011   |    4.93341   |      0.267 |      0.407 |  106/150  
		  281/1000 | 0.000049   |    5.42863   |    4.77954   |      0.264 |      0.443 |  107/150  
		  282/1000 | 0.000049   |    5.33070   |    4.88762   |      0.291 |      0.417 |  108/150  
		  283/1000 | 0.000049   |    5.36427   |    4.87921   |      0.282 |      0.419 |  109/150  
		  284/1000 | 0.000049   |    5.37582   |    4.80835   |      0.279 |      0.436 |  110/150  
		  285/1000 | 0.000024   |    5.37845   |    5.00730   |      0.278 |      0.389 |  111/150  
		  286/1000 | 0.000024   |    5.34215   |    4.93392   |      0.288 |      0.406 |  112/150  
		  287/1000 | 0.000024   |    5.37455   |    4.95402   |      0.279 |      0.400 |  113/150  
		  288/1000 | 0.000024   |    5.44786   |    4.92908   |      0.259 |      0.407 |  114/150  
		  289/1000 | 0.000024   |    5.42527   |    4.89520   |      0.265 |      0.415 |  115/150  
		  290/1000 | 0.000024   |    5.37435   |    4.87981   |      0.279 |      0.420 |  116/150  
		  291/1000 | 0.000024   |    5.32739   |    4.93436   |      0.292 |      0.406 |  117/150  
		  292/1000 | 0.000024   |    5.37622   |    4.96564   |      0.278 |      0.397 |  118/150  
		  293/1000 | 0.000024   |    5.37392   |    4.94902   |      0.279 |      0.402 |  119/150  
		  294/1000 | 0.000024   |    5.49605   |    4.97616   |      0.246 |      0.395 |  120/150  
		  295/1000 | 0.000024   |    5.40367   |    4.95306   |      0.271 |      0.401 |  121/150  
		  296/1000 | 0.000024   |    5.37261   |    5.00587   |      0.279 |      0.388 |  122/150  
		  297/1000 | 0.000024   |    5.44397   |    4.84026   |      0.260 |      0.428 |  123/150  
		  298/1000 | 0.000024   |    5.38593   |    4.85379   |      0.276 |      0.426 |  124/150  
		  299/1000 | 0.000024   |    5.37779   |    4.94594   |      0.278 |      0.403 |  125/150  
		  300/1000 | 0.000024   |    5.41592   |    4.95544   |      0.268 |      0.400 |  126/150  
		  301/1000 | 0.000012   |    5.32050   |    4.87474   |      0.293 |      0.421 |  127/150  
		  302/1000 | 0.000012   |    5.45879   |    4.91347   |      0.256 |      0.412 |  128/150  
		  303/1000 | 0.000012   |    5.40297   |    4.96947   |      0.271 |      0.397 |  129/150  
		  304/1000 | 0.000012   |    5.46215   |    4.93288   |      0.255 |      0.406 |  130/150  
		  305/1000 | 0.000012   |    5.34315   |    4.83971   |      0.287 |      0.429 |  131/150  
		  306/1000 | 0.000012   |    5.39096   |    4.89968   |      0.275 |      0.414 |  132/150  
		  307/1000 | 0.000012   |    5.33511   |    4.94539   |      0.289 |      0.403 |  133/150  
		  308/1000 | 0.000012   |    5.43013   |    4.84141   |      0.264 |      0.430 |  134/150  
		  309/1000 | 0.000012   |    5.33601   |    4.95215   |      0.289 |      0.402 |  135/150  
		  310/1000 | 0.000012   |    5.29730   |    4.87888   |      0.300 |      0.419 |  136/150  
		  311/1000 | 0.000012   |    5.42235   |    4.88158   |      0.266 |      0.419 |  137/150  
		  312/1000 | 0.000012   |    5.41371   |    5.04972   |      0.268 |      0.378 |  138/150  
		  313/1000 | 0.000012   |    5.39621   |    4.86834   |      0.273 |      0.422 |  139/150  
		  314/1000 | 0.000012   |    5.37839   |    4.91332   |      0.278 |      0.413 |  140/150  
		  315/1000 | 0.000012   |    5.38405   |    4.92541   |      0.276 |      0.409 |  141/150  
		  316/1000 | 0.000012   |    5.34359   |    4.90255   |      0.287 |      0.413 |  142/150  
		  317/1000 | 0.000006   |    5.30254   |    4.85886   |      0.298 |      0.424 |  143/150  
		  318/1000 | 0.000006   |    5.48622   |    4.85495   |      0.249 |      0.425 |  144/150  
		  319/1000 | 0.000006   |    5.38509   |    4.96685   |      0.276 |      0.397 |  145/150  
		  320/1000 | 0.000006   |    5.46821   |    4.89076   |      0.254 |      0.417 |  146/150  
		  321/1000 | 0.000006   |    5.37513   |    4.93090   |      0.279 |      0.407 |  147/150  
		  322/1000 | 0.000006   |    5.41588   |    4.90312   |      0.268 |      0.414 |  148/150  
		  323/1000 | 0.000006   |    5.33191   |    4.92769   |      0.290 |      0.408 |  149/150  

		Early stopping triggered.
		[INFO] Case 3 completed.
