Crash diagnostics ON


==================================================
PART 1: Data preprocess for 2023-01-01 00:00:00 to 2024-09-30 23:00:00...
==================================================

	1.1 Preprocessing radiation data...
		[INFO] Radiation data already exists at './data/timeseries/radiation_data.csv'

	1.2 Preprocessing temperature data...
		[INFO] Temperature data already exists at './data/timeseries/temperature_data.csv'

	1.3 Preprocessing building data...
		[INFO] Building data already exists at './data/timeseries/building_data.csv'

	1.4 Preprocessing electricity cost data...
		[INFO] Electricity cost data already exists at './data/timeseries/electricitycostG2B_data.csv' and './data/timeseries/electricitycostG2V_data.csv'

	1.5 Preprocessing battery demand series data...
		[INFO] Found existing battery data at './data/battery_demand/tol26/resample_full.csv' and './data/battery_demand/tol26/resample_train.csv'

		[INFO] Number of series for clean windows = (168, 37)
		[INFO] Number of eligible series for Case 2 = (1378, 37)
		[INFO] Number of seeds ready for Case 3  = (2000, 36)

		[INFO] Case 1 exists — loaded battery demand from './data/battery_demand/tol26/case1_real_only/battery_demand.npy' with shape (168, 37).
		[INFO] Case 2 exists — loaded battery demand from './data/battery_demand/tol26/case2_nan_filled/battery_demand.npy' with shape (1546, 37).
		[INFO] Case 3 exists — loaded battery demand from './data/battery_demand/tol26/case3_extended_generated/battery_demand.npy' with shape (3546, 37).
		[INFO] Case 0: Successfully added test pair 2024-03-15 & 2024-03-16
		Data: [10536, 28, 30, 35, 37, 37, 36, 33, 26, 10, 6, 10, 14, 19, 18, 15, 20, 26, 15, 9, 16, 21, 20, 8, 12, 15, 24, 31, 35, 32, 35, 34, 32, 31, 30, 22, 14, 18, 27, 18, 19, 19, 25, 25, 25, 26, 27, 17, 19]
		[INFO] Case 0: Successfully added test pair 2024-03-29 & 2024-03-30
		Data: [10872, 13, 26, 31, 33, 33, 33, 31, 15, 8, 19, 11, 15, 18, 16, 18, 18, 19, 7, 4, 23, 23, 16, 17, 18, 18, 19, 24, 29, 30, 30, 22, 27, 21, 14, 15, 16, 20, 18, 23, 27, 18, 2, 10, 23, 22, 22, 17, 21]

	1.6 Generating battery schedule...
		[INFO] Case 1 exists — loaded from './data/battery_demand/tol26/case1_real_only/battery_availability.npy' and './data/battery_demand/tol26/case1_real_only/battery_details.npy' shape (168, 263, 36) and (4, 168, 263)
		[INFO] Case 2 exists — loaded from './data/battery_demand/tol26/case2_nan_filled/battery_availability.npy' and './data/battery_demand/tol26/case2_nan_filled/battery_details.npy' shape (1546, 311, 36) and (4, 1546, 311)
		[INFO] Case 3 exists — loaded from './data/battery_demand/tol26/case3_extended_generated/battery_availability.npy' and './data/battery_demand/tol26/case3_extended_generated/battery_details.npy' shape (3546, 422, 36) and (4, 3546, 422)


==================================================
PART 2: MILP Optimization...
==================================================

	2.1 Optimizing Case 1...
		[INFO] Loaded 168 samples from './data/battery_demand/tol26/case1_real_only'
		[INFO] Results already exist at './data/optimization_results/tol26/case1_real_only/optimization/V2B.npy'. Skipping optimization run.
		[INFO] Results already exist at './data/optimization_results/tol26/case1_real_only/immediate_charging/V2B.npy'. Skipping immediate_charging run.
		[INFO] Case 1 completed.

	2.2 Optimizing Case 2...
		[INFO] Loaded 1546 samples from './data/battery_demand/tol26/case2_nan_filled'
		[INFO] Results already exist at './data/optimization_results/tol26/case2_nan_filled/optimization/V2B.npy'. Skipping optimization run.
		[INFO] Results already exist at './data/optimization_results/tol26/case2_nan_filled/immediate_charging/V2B.npy'. Skipping immediate_charging run.
		[INFO] Case 2 completed.

	2.3 Optimizing Case 3...
		[INFO] Loaded 3546 samples from './data/battery_demand/tol26/case3_extended_generated'
		[INFO] Results already exist at './data/optimization_results/tol26/case3_extended_generated/optimization/V2B.npy'. Skipping optimization run.
		[INFO] Results already exist at './data/optimization_results/tol26/case3_extended_generated/immediate_charging/V2B.npy'. Skipping immediate_charging run.
		[INFO] Case 3 completed.


==================================================
PART 3: Supervised Learning...
==================================================

	3.1 Training Case 1...
		=== Training Log Started: 2025-11-29 15:20:48.547221 ===
		Run Name: STAFV2_26_CASE1
		Device: cuda
		Epochs: 1000, Batch Size: 128, LR: 0.01
		============================================================
		[INFO] Unique quantized indices: 6686
		[INFO] Suggested num_embeddings: 8023
		[INFO] Processed 168 valid samples.
		[INFO] Saved merged dataset: ./data/training_results/merged_windowed_dataset_STAFV2_26_CASE1.csv  (shape: (168, 429))
		[INFO] Saved feature metadata: ./data/training_results/feature_info_STAFV2_26_CASE1.json
		[INFO] Dataset split: 134 train, 34 val
		[INFO] Scalers fitted and saved.

		✅ Model initialized with 38122 params.
		============================================================
		--------------------------------------------------------------------------------------------
		  Epoch    |     LR     |  Train RMSE  |   Val RMSE   |  Train R²  |   Val R²   |  Patience 
		--------------------------------------------------------------------------------------------
		    1/1000 | 0.010000   |   11.52777   |    9.67368   |     -1.357 |     -1.235 |    0/150  
		    2/1000 | 0.010000   |   10.66605   |    9.58370   |     -1.259 |     -1.194 |    0/150  
		    3/1000 | 0.010000   |    7.45660   |    9.50740   |     -1.227 |     -1.159 |    0/150  
		    4/1000 | 0.010000   |    8.09043   |    9.40663   |     -1.182 |     -1.113 |    0/150  
		    5/1000 | 0.010000   |    9.67763   |    9.33177   |     -1.161 |     -1.080 |    0/150  
		    6/1000 | 0.010000   |    8.45437   |    9.25352   |     -1.123 |     -1.045 |    0/150  
		    7/1000 | 0.010000   |    9.12780   |    9.15819   |     -1.063 |     -1.003 |    0/150  
		    8/1000 | 0.010000   |    9.28388   |    9.04472   |     -1.002 |     -0.954 |    0/150  
		    9/1000 | 0.010000   |    9.15074   |    8.93062   |     -0.971 |     -0.905 |    0/150  
		   10/1000 | 0.010000   |    8.79452   |    8.91243   |     -0.904 |     -0.897 |    0/150  
		   11/1000 | 0.010000   |    8.07329   |    8.83742   |     -0.887 |     -0.865 |    0/150  
		   12/1000 | 0.010000   |    9.60527   |    8.84099   |     -0.810 |     -0.867 |    0/150  
		   13/1000 | 0.010000   |    7.67715   |    8.83269   |     -0.790 |     -0.863 |    1/150  
		   14/1000 | 0.010000   |    9.19494   |    8.77340   |     -0.769 |     -0.838 |    0/150  
		   15/1000 | 0.010000   |    8.49931   |    8.62202   |     -0.742 |     -0.775 |    0/150  
		   16/1000 | 0.010000   |    8.29619   |    8.48699   |     -0.624 |     -0.720 |    0/150  
		   17/1000 | 0.010000   |    7.80960   |    8.36347   |     -0.509 |     -0.671 |    0/150  
		   18/1000 | 0.010000   |    7.50870   |    8.12782   |     -0.557 |     -0.578 |    0/150  
		   19/1000 | 0.010000   |    7.30107   |    7.97237   |     -0.408 |     -0.518 |    0/150  
		   20/1000 | 0.010000   |    8.00495   |    7.81782   |     -0.431 |     -0.460 |    0/150  
		   21/1000 | 0.010000   |    7.75324   |    7.67382   |     -0.479 |     -0.406 |    0/150  
		   22/1000 | 0.010000   |    7.50091   |    7.56676   |     -0.401 |     -0.367 |    0/150  
		   23/1000 | 0.010000   |    6.98724   |    7.37024   |     -0.277 |     -0.297 |    0/150  
		   24/1000 | 0.010000   |    7.84505   |    7.32359   |     -0.305 |     -0.281 |    0/150  
		   25/1000 | 0.010000   |    7.79589   |    7.20739   |     -0.197 |     -0.241 |    0/150  
		   26/1000 | 0.010000   |    5.80639   |    7.04255   |     -0.126 |     -0.185 |    0/150  
		   27/1000 | 0.010000   |    7.85723   |    6.95551   |     -0.181 |     -0.155 |    0/150  
		   28/1000 | 0.010000   |    8.53113   |    6.91689   |     -0.093 |     -0.143 |    0/150  
		   29/1000 | 0.010000   |    6.19483   |    6.75436   |     -0.140 |     -0.090 |    0/150  
		   30/1000 | 0.010000   |    7.22495   |    6.74018   |     -0.040 |     -0.085 |    0/150  
		   31/1000 | 0.010000   |    6.42390   |    6.67276   |      0.144 |     -0.063 |    0/150  
		   32/1000 | 0.010000   |    4.73541   |    6.45859   |      0.112 |      0.004 |    0/150  
		   33/1000 | 0.010000   |    5.11784   |    6.35851   |      0.109 |      0.034 |    0/150  
		   34/1000 | 0.010000   |    4.95702   |    6.27251   |      0.144 |      0.060 |    0/150  
		   35/1000 | 0.010000   |    6.93340   |    6.24397   |      0.046 |      0.069 |    0/150  
		   36/1000 | 0.010000   |    5.31148   |    6.10116   |      0.176 |      0.111 |    0/150  
		   37/1000 | 0.010000   |    5.62167   |    6.05069   |      0.143 |      0.126 |    0/150  
		   38/1000 | 0.010000   |    6.20211   |    5.94034   |      0.277 |      0.157 |    0/150  
		   39/1000 | 0.010000   |    7.26846   |    5.99753   |      0.235 |      0.141 |    0/150  
		   40/1000 | 0.010000   |    5.57828   |    5.92609   |      0.238 |      0.161 |    1/150  
		   41/1000 | 0.010000   |    5.58865   |    5.80823   |      0.232 |      0.194 |    0/150  
		   42/1000 | 0.010000   |    6.57312   |    5.95428   |      0.183 |      0.153 |    0/150  
		   43/1000 | 0.010000   |    4.37906   |    5.99741   |      0.362 |      0.141 |    1/150  
		   44/1000 | 0.010000   |    5.35147   |    6.03277   |      0.351 |      0.131 |    2/150  
		   45/1000 | 0.010000   |    6.64764   |    6.28301   |      0.424 |      0.057 |    3/150  
		   46/1000 | 0.010000   |    4.00929   |    6.28215   |      0.457 |      0.057 |    4/150  
		   47/1000 | 0.010000   |    6.56958   |    6.28351   |      0.360 |      0.057 |    5/150  
		   48/1000 | 0.010000   |    5.94213   |    6.17736   |      0.273 |      0.089 |    6/150  
		   49/1000 | 0.010000   |    4.46054   |    5.85387   |      0.400 |      0.182 |    7/150  
		   50/1000 | 0.010000   |    5.80866   |    5.65275   |      0.307 |      0.237 |    8/150  
		   51/1000 | 0.010000   |    5.06750   |    5.53042   |      0.465 |      0.270 |    0/150  
		   52/1000 | 0.010000   |    5.04893   |    5.43198   |      0.450 |      0.295 |    0/150  
		   53/1000 | 0.010000   |    7.50885   |    5.48603   |      0.206 |      0.281 |    0/150  
		   54/1000 | 0.010000   |    5.09781   |    5.54693   |      0.364 |      0.265 |    1/150  
		   55/1000 | 0.010000   |    4.93769   |    5.60772   |      0.368 |      0.249 |    2/150  
		   56/1000 | 0.010000   |    5.07510   |    5.82719   |      0.423 |      0.189 |    3/150  
		   57/1000 | 0.010000   |    4.46207   |    6.22087   |      0.346 |      0.076 |    4/150  
		   58/1000 | 0.010000   |    4.73167   |    6.54519   |      0.418 |     -0.023 |    5/150  
		   59/1000 | 0.010000   |    5.85168   |    6.45913   |      0.372 |      0.004 |    6/150  
		   60/1000 | 0.010000   |    4.17189   |    6.46379   |      0.383 |      0.002 |    7/150  
		   61/1000 | 0.010000   |    6.16751   |    7.23883   |      0.343 |     -0.251 |    8/150  
		   62/1000 | 0.010000   |    4.71151   |    7.77077   |      0.431 |     -0.442 |    9/150  
		   63/1000 | 0.010000   |    5.60523   |    7.86673   |      0.359 |     -0.478 |   10/150  
		   64/1000 | 0.010000   |    5.48005   |    8.23306   |      0.396 |     -0.619 |   11/150  
		   65/1000 | 0.010000   |    5.05554   |    8.44768   |      0.543 |     -0.704 |   12/150  
		   66/1000 | 0.010000   |    5.74915   |    8.42475   |      0.371 |     -0.695 |   13/150  
		   67/1000 | 0.010000   |    4.31030   |    8.40464   |      0.541 |     -0.687 |   14/150  
		   68/1000 | 0.005000   |    4.33155   |    8.18269   |      0.526 |     -0.599 |   15/150  
		   69/1000 | 0.005000   |    4.14973   |    7.69763   |      0.531 |     -0.415 |   16/150  
		   70/1000 | 0.005000   |    4.66243   |    7.22075   |      0.553 |     -0.245 |   17/150  
		   71/1000 | 0.005000   |    5.23489   |    6.68700   |      0.467 |     -0.068 |   18/150  
		   72/1000 | 0.005000   |    5.34813   |    6.05801   |      0.444 |      0.124 |   19/150  
		   73/1000 | 0.005000   |    4.66969   |    5.61308   |      0.546 |      0.248 |   20/150  
		   74/1000 | 0.005000   |    5.30643   |    5.42083   |      0.533 |      0.298 |   21/150  
		   75/1000 | 0.005000   |    4.27923   |    5.35537   |      0.612 |      0.315 |    0/150  
		   76/1000 | 0.005000   |    3.70657   |    5.21770   |      0.469 |      0.350 |    0/150  
		   77/1000 | 0.005000   |    4.33314   |    5.15984   |      0.532 |      0.364 |    0/150  
		   78/1000 | 0.005000   |    4.34776   |    5.13171   |      0.523 |      0.371 |    0/150  
		   79/1000 | 0.005000   |    4.18352   |    5.11023   |      0.544 |      0.376 |    0/150  
		   80/1000 | 0.005000   |    3.65939   |    5.09859   |      0.551 |      0.379 |    0/150  
		   81/1000 | 0.005000   |    7.32081   |    5.14740   |      0.510 |      0.367 |    0/150  
		   82/1000 | 0.005000   |    4.05133   |    5.20163   |      0.490 |      0.354 |    1/150  
		   83/1000 | 0.005000   |    3.91299   |    5.20460   |      0.540 |      0.353 |    2/150  
		   84/1000 | 0.005000   |    5.42199   |    5.20042   |      0.477 |      0.354 |    3/150  
		   85/1000 | 0.005000   |    5.32515   |    5.22520   |      0.483 |      0.348 |    4/150  
		   86/1000 | 0.005000   |    5.86242   |    5.25843   |      0.544 |      0.340 |    5/150  
		   87/1000 | 0.005000   |    5.55180   |    5.19312   |      0.445 |      0.356 |    6/150  
		   88/1000 | 0.005000   |    5.02650   |    5.19066   |      0.416 |      0.357 |    7/150  
		   89/1000 | 0.005000   |    4.93217   |    5.28947   |      0.494 |      0.332 |    8/150  
		   90/1000 | 0.005000   |    4.79926   |    5.37285   |      0.412 |      0.311 |    9/150  
		   91/1000 | 0.005000   |    4.21139   |    5.36988   |      0.492 |      0.311 |   10/150  
		   92/1000 | 0.005000   |    6.36505   |    5.29382   |      0.492 |      0.331 |   11/150  
		   93/1000 | 0.005000   |    5.37319   |    5.40675   |      0.502 |      0.302 |   12/150  
		   94/1000 | 0.005000   |    4.53031   |    5.26215   |      0.513 |      0.339 |   13/150  
		   95/1000 | 0.005000   |    4.81856   |    5.22016   |      0.449 |      0.349 |   14/150  
		   96/1000 | 0.002500   |    6.96098   |    5.30819   |      0.255 |      0.327 |   15/150  
		   97/1000 | 0.002500   |    5.97811   |    5.17566   |      0.457 |      0.360 |   16/150  
		   98/1000 | 0.002500   |    4.58355   |    5.14928   |      0.563 |      0.367 |   17/150  
		   99/1000 | 0.002500   |    4.50929   |    5.10033   |      0.480 |      0.379 |   18/150  
		  100/1000 | 0.002500   |    5.19308   |    5.06505   |      0.493 |      0.387 |   19/150  
		  101/1000 | 0.002500   |    5.88842   |    5.14155   |      0.455 |      0.369 |    0/150  
		  102/1000 | 0.002500   |    4.53743   |    5.14377   |      0.545 |      0.368 |    1/150  
		  103/1000 | 0.002500   |    3.70487   |    5.06305   |      0.527 |      0.388 |    2/150  
		  104/1000 | 0.002500   |    4.27908   |    5.09825   |      0.496 |      0.379 |    0/150  
		  105/1000 | 0.002500   |    4.77243   |    5.08157   |      0.440 |      0.383 |    1/150  
		  106/1000 | 0.002500   |    2.90977   |    5.04490   |      0.612 |      0.392 |    2/150  
		  107/1000 | 0.002500   |    4.69327   |    5.07793   |      0.476 |      0.384 |    0/150  
		  108/1000 | 0.002500   |    5.31652   |    5.06484   |      0.532 |      0.387 |    1/150  
		  109/1000 | 0.002500   |    4.64283   |    5.15860   |      0.457 |      0.364 |    2/150  
		  110/1000 | 0.002500   |    6.28256   |    5.08923   |      0.429 |      0.381 |    3/150  
		  111/1000 | 0.002500   |    5.82428   |    5.11960   |      0.498 |      0.374 |    4/150  
		  112/1000 | 0.002500   |    5.33110   |    5.13113   |      0.542 |      0.371 |    5/150  
		  113/1000 | 0.002500   |    4.74401   |    5.11703   |      0.559 |      0.375 |    6/150  
		  114/1000 | 0.002500   |    3.47820   |    5.08555   |      0.582 |      0.382 |    7/150  
		  115/1000 | 0.002500   |    3.51112   |    4.99133   |      0.593 |      0.405 |    8/150  
		                                          ╚══> ✅ SAVED (RMSE: 4.9913)
		  116/1000 | 0.002500   |    5.52666   |    5.05323   |      0.417 |      0.390 |    0/150  
		  117/1000 | 0.002500   |    5.41060   |    4.98529   |      0.581 |      0.406 |    1/150  
		                                          ╚══> ✅ SAVED (RMSE: 4.9853)
		  118/1000 | 0.002500   |    5.20722   |    4.96933   |      0.532 |      0.410 |    0/150  
		                                          ╚══> ✅ SAVED (RMSE: 4.9693)
		  119/1000 | 0.002500   |    3.22316   |    4.94683   |      0.567 |      0.416 |    0/150  
		                                          ╚══> ✅ SAVED (RMSE: 4.9468)
		  120/1000 | 0.002500   |    3.82462   |    4.95718   |      0.588 |      0.413 |    0/150  
		  121/1000 | 0.002500   |    4.46732   |    4.94159   |      0.528 |      0.417 |    1/150  
		                                          ╚══> ✅ SAVED (RMSE: 4.9416)
		  122/1000 | 0.002500   |    6.95486   |    4.98282   |      0.520 |      0.407 |    0/150  
		  123/1000 | 0.002500   |    4.08099   |    4.97712   |      0.529 |      0.408 |    1/150  
		  124/1000 | 0.002500   |    5.63682   |    5.05364   |      0.600 |      0.390 |    2/150  
		  125/1000 | 0.002500   |    4.92421   |    5.05005   |      0.599 |      0.391 |    3/150  
		  126/1000 | 0.002500   |    5.81873   |    5.01904   |      0.550 |      0.398 |    4/150  
		  127/1000 | 0.002500   |    5.37511   |    5.01916   |      0.524 |      0.398 |    5/150  
		  128/1000 | 0.002500   |    4.29298   |    4.96821   |      0.554 |      0.411 |    6/150  
		  129/1000 | 0.002500   |    3.53712   |    4.93845   |      0.587 |      0.418 |    7/150  
		                                          ╚══> ✅ SAVED (RMSE: 4.9384)
		  130/1000 | 0.002500   |    5.79902   |    4.92811   |      0.396 |      0.420 |    0/150  
		                                          ╚══> ✅ SAVED (RMSE: 4.9281)
		  131/1000 | 0.002500   |    4.12208   |    4.91061   |      0.561 |      0.424 |    0/150  
		                                          ╚══> ✅ SAVED (RMSE: 4.9106)
		  132/1000 | 0.002500   |    3.95604   |    4.89002   |      0.627 |      0.429 |    0/150  
		                                          ╚══> ✅ SAVED (RMSE: 4.8900)
		  133/1000 | 0.002500   |    4.17818   |    4.91319   |      0.499 |      0.423 |    0/150  
		  134/1000 | 0.002500   |    6.37053   |    4.98867   |      0.543 |      0.406 |    1/150  
		  135/1000 | 0.002500   |    3.84853   |    4.96911   |      0.541 |      0.410 |    2/150  
		  136/1000 | 0.002500   |    4.61700   |    4.97220   |      0.490 |      0.410 |    3/150  
		  137/1000 | 0.002500   |    4.34352   |    4.90613   |      0.568 |      0.425 |    4/150  
		  138/1000 | 0.002500   |    5.11550   |    4.89994   |      0.555 |      0.427 |    5/150  
		  139/1000 | 0.002500   |    5.27686   |    4.96501   |      0.469 |      0.411 |    6/150  
		  140/1000 | 0.002500   |    5.83792   |    4.92688   |      0.578 |      0.420 |    7/150  
		  141/1000 | 0.002500   |    5.37951   |    4.91428   |      0.491 |      0.423 |    8/150  
		  142/1000 | 0.002500   |    5.25836   |    4.91587   |      0.493 |      0.423 |    9/150  
		  143/1000 | 0.002500   |    6.99026   |    4.87440   |      0.403 |      0.433 |   10/150  
		                                          ╚══> ✅ SAVED (RMSE: 4.8744)
		  144/1000 | 0.002500   |    5.98047   |    4.89159   |      0.520 |      0.429 |    0/150  
		  145/1000 | 0.002500   |    4.16850   |    4.91300   |      0.525 |      0.424 |    1/150  
		  146/1000 | 0.002500   |    4.30178   |    4.96122   |      0.500 |      0.412 |    2/150  
		  147/1000 | 0.002500   |    4.36368   |    4.97538   |      0.526 |      0.409 |    3/150  
		  148/1000 | 0.002500   |    5.11075   |    5.04845   |      0.617 |      0.391 |    4/150  
		  149/1000 | 0.002500   |    7.32671   |    5.13659   |      0.551 |      0.370 |    5/150  
		  150/1000 | 0.002500   |    5.21849   |    5.16048   |      0.595 |      0.364 |    6/150  
		  151/1000 | 0.002500   |    5.25892   |    5.25383   |      0.514 |      0.341 |    7/150  
		  152/1000 | 0.002500   |    4.00499   |    5.21890   |      0.630 |      0.350 |    8/150  
		  153/1000 | 0.002500   |    4.93152   |    5.18401   |      0.549 |      0.358 |    9/150  
		  154/1000 | 0.002500   |    5.03808   |    5.16969   |      0.525 |      0.362 |   10/150  
		  155/1000 | 0.002500   |    4.11141   |    5.20523   |      0.597 |      0.353 |   11/150  
		  156/1000 | 0.002500   |    3.48371   |    5.17413   |      0.597 |      0.361 |   12/150  
		  157/1000 | 0.002500   |    5.40801   |    5.16736   |      0.578 |      0.362 |   13/150  
		  158/1000 | 0.002500   |    4.35734   |    5.24493   |      0.692 |      0.343 |   14/150  
		  159/1000 | 0.001250   |    5.12851   |    5.18962   |      0.568 |      0.357 |   15/150  
		  160/1000 | 0.001250   |    4.75908   |    5.18253   |      0.619 |      0.359 |   16/150  
		  161/1000 | 0.001250   |    3.87526   |    5.18432   |      0.552 |      0.358 |   17/150  
		  162/1000 | 0.001250   |    5.56729   |    5.19985   |      0.581 |      0.354 |   18/150  
		  163/1000 | 0.001250   |    3.11729   |    5.10878   |      0.583 |      0.377 |   19/150  
		  164/1000 | 0.001250   |    4.07774   |    5.13832   |      0.651 |      0.369 |   20/150  
		  165/1000 | 0.001250   |    4.42019   |    5.13132   |      0.465 |      0.371 |   21/150  
		  166/1000 | 0.001250   |    4.12170   |    5.12589   |      0.512 |      0.372 |   22/150  
		  167/1000 | 0.001250   |    3.36683   |    5.16890   |      0.585 |      0.362 |   23/150  
		  168/1000 | 0.001250   |    3.63241   |    5.17342   |      0.548 |      0.361 |   24/150  
		  169/1000 | 0.001250   |    3.93679   |    5.18085   |      0.574 |      0.359 |   25/150  
		  170/1000 | 0.001250   |    3.71723   |    5.17515   |      0.651 |      0.360 |   26/150  
		  171/1000 | 0.001250   |    4.78119   |    5.24286   |      0.647 |      0.344 |   27/150  
		  172/1000 | 0.001250   |    3.74870   |    5.25621   |      0.601 |      0.340 |   28/150  
		  173/1000 | 0.001250   |    3.96874   |    5.23590   |      0.587 |      0.345 |   29/150  
		  174/1000 | 0.001250   |    4.93201   |    5.14483   |      0.629 |      0.368 |   30/150  
		  175/1000 | 0.000625   |    3.50635   |    5.17929   |      0.636 |      0.359 |   31/150  
		  176/1000 | 0.000625   |    3.73470   |    5.17740   |      0.594 |      0.360 |   32/150  
		  177/1000 | 0.000625   |    4.09673   |    5.15767   |      0.595 |      0.365 |   33/150  
		  178/1000 | 0.000625   |    4.37672   |    5.16837   |      0.478 |      0.362 |   34/150  
		  179/1000 | 0.000625   |    4.18737   |    5.16606   |      0.587 |      0.363 |   35/150  
		  180/1000 | 0.000625   |    6.97391   |    5.09327   |      0.552 |      0.380 |   36/150  
		  181/1000 | 0.000625   |    4.38448   |    5.11724   |      0.628 |      0.375 |   37/150  
		  182/1000 | 0.000625   |    3.64319   |    5.16760   |      0.571 |      0.362 |   38/150  
		  183/1000 | 0.000625   |    5.17663   |    5.26939   |      0.589 |      0.337 |   39/150  
		  184/1000 | 0.000625   |    5.28399   |    5.20086   |      0.616 |      0.354 |   40/150  
		  185/1000 | 0.000625   |    4.73169   |    5.10903   |      0.575 |      0.377 |   41/150  
		  186/1000 | 0.000625   |    4.72116   |    5.13696   |      0.515 |      0.370 |   42/150  
		  187/1000 | 0.000625   |    4.70539   |    5.22900   |      0.639 |      0.347 |   43/150  
		  188/1000 | 0.000625   |    4.64952   |    5.27292   |      0.566 |      0.336 |   44/150  
		  189/1000 | 0.000625   |    3.52824   |    5.21702   |      0.643 |      0.350 |   45/150  
		  190/1000 | 0.000625   |    3.81756   |    5.25301   |      0.601 |      0.341 |   46/150  
		  191/1000 | 0.000313   |    6.59499   |    5.37459   |      0.560 |      0.310 |   47/150  
		  192/1000 | 0.000313   |    3.97284   |    5.46417   |      0.627 |      0.287 |   48/150  
		  193/1000 | 0.000313   |    4.73823   |    5.27648   |      0.598 |      0.335 |   49/150  
		  194/1000 | 0.000313   |    5.29734   |    5.40519   |      0.545 |      0.302 |   50/150  
		  195/1000 | 0.000313   |    3.80812   |    5.45714   |      0.633 |      0.289 |   51/150  
		  196/1000 | 0.000313   |    5.23452   |    5.37931   |      0.572 |      0.309 |   52/150  
		  197/1000 | 0.000313   |    4.17794   |    5.35028   |      0.609 |      0.316 |   53/150  
		  198/1000 | 0.000313   |    4.39557   |    5.44134   |      0.574 |      0.293 |   54/150  
		  199/1000 | 0.000313   |    3.85012   |    5.36693   |      0.660 |      0.312 |   55/150  
		  200/1000 | 0.000313   |    4.09804   |    5.27799   |      0.586 |      0.335 |   56/150  
		  201/1000 | 0.000313   |    3.25401   |    5.36599   |      0.666 |      0.312 |   57/150  
		  202/1000 | 0.000313   |    3.71756   |    5.38295   |      0.661 |      0.308 |   58/150  
		  203/1000 | 0.000313   |    5.14701   |    5.42783   |      0.602 |      0.296 |   59/150  
		  204/1000 | 0.000313   |    3.40258   |    5.40320   |      0.654 |      0.303 |   60/150  
		  205/1000 | 0.000313   |    4.26120   |    5.43781   |      0.584 |      0.294 |   61/150  
		  206/1000 | 0.000313   |    4.79111   |    5.38235   |      0.621 |      0.308 |   62/150  
		  207/1000 | 0.000156   |    3.55114   |    5.32371   |      0.544 |      0.323 |   63/150  
		  208/1000 | 0.000156   |    4.84603   |    5.39587   |      0.615 |      0.305 |   64/150  
		  209/1000 | 0.000156   |    5.01992   |    5.28527   |      0.509 |      0.333 |   65/150  
		  210/1000 | 0.000156   |    4.76042   |    5.31355   |      0.655 |      0.326 |   66/150  
		  211/1000 | 0.000156   |    4.54362   |    5.30563   |      0.586 |      0.328 |   67/150  
		  212/1000 | 0.000156   |    4.99058   |    5.23798   |      0.573 |      0.345 |   68/150  
		  213/1000 | 0.000156   |    4.09480   |    5.19837   |      0.659 |      0.355 |   69/150  
		  214/1000 | 0.000156   |    5.43211   |    5.20908   |      0.575 |      0.352 |   70/150  
		  215/1000 | 0.000156   |    5.06577   |    5.24382   |      0.520 |      0.343 |   71/150  
		  216/1000 | 0.000156   |    6.04084   |    5.28558   |      0.595 |      0.333 |   72/150  
		  217/1000 | 0.000156   |    4.23594   |    5.16863   |      0.608 |      0.362 |   73/150  
		  218/1000 | 0.000156   |    3.26149   |    5.20754   |      0.599 |      0.352 |   74/150  
		  219/1000 | 0.000156   |    3.65282   |    5.20017   |      0.616 |      0.354 |   75/150  
		  220/1000 | 0.000156   |    3.71073   |    5.22867   |      0.577 |      0.347 |   76/150  
		  221/1000 | 0.000156   |    3.55861   |    5.22876   |      0.658 |      0.347 |   77/150  
		  222/1000 | 0.000156   |    2.91378   |    5.26016   |      0.671 |      0.339 |   78/150  
		  223/1000 | 0.000078   |    4.77430   |    5.26520   |      0.663 |      0.338 |   79/150  
		  224/1000 | 0.000078   |    3.61988   |    5.29325   |      0.624 |      0.331 |   80/150  
		  225/1000 | 0.000078   |    3.49034   |    5.26128   |      0.577 |      0.339 |   81/150  
		  226/1000 | 0.000078   |    5.32784   |    5.29935   |      0.487 |      0.329 |   82/150  
		  227/1000 | 0.000078   |    4.02153   |    5.34425   |      0.544 |      0.318 |   83/150  
		  228/1000 | 0.000078   |    6.63397   |    5.41467   |      0.575 |      0.300 |   84/150  
		  229/1000 | 0.000078   |    4.40276   |    5.33847   |      0.625 |      0.319 |   85/150  
		  230/1000 | 0.000078   |    4.69165   |    5.28035   |      0.563 |      0.334 |   86/150  
		  231/1000 | 0.000078   |    3.44396   |    5.25643   |      0.658 |      0.340 |   87/150  
		  232/1000 | 0.000078   |    4.32193   |    5.29288   |      0.584 |      0.331 |   88/150  
		  233/1000 | 0.000078   |    3.14188   |    5.31866   |      0.616 |      0.324 |   89/150  
		  234/1000 | 0.000078   |    4.57603   |    5.22516   |      0.581 |      0.348 |   90/150  
		  235/1000 | 0.000078   |    5.29157   |    5.27109   |      0.597 |      0.336 |   91/150  
		  236/1000 | 0.000078   |    4.17068   |    5.24425   |      0.616 |      0.343 |   92/150  
		  237/1000 | 0.000078   |    3.52196   |    5.25883   |      0.575 |      0.340 |   93/150  
		  238/1000 | 0.000078   |    7.33266   |    5.44589   |      0.514 |      0.292 |   94/150  
		  239/1000 | 0.000039   |    5.04220   |    5.40346   |      0.637 |      0.303 |   95/150  
		  240/1000 | 0.000039   |    3.39282   |    5.28035   |      0.655 |      0.334 |   96/150  
		  241/1000 | 0.000039   |    3.13871   |    5.26653   |      0.643 |      0.338 |   97/150  
		  242/1000 | 0.000039   |    3.89296   |    5.23416   |      0.627 |      0.346 |   98/150  
		  243/1000 | 0.000039   |    2.96275   |    5.19254   |      0.628 |      0.356 |   99/150  
		  244/1000 | 0.000039   |    3.99673   |    5.18355   |      0.582 |      0.358 |  100/150  
		  245/1000 | 0.000039   |    4.86252   |    5.22295   |      0.532 |      0.349 |  101/150  
		  246/1000 | 0.000039   |    3.24267   |    5.23311   |      0.579 |      0.346 |  102/150  
		  247/1000 | 0.000039   |    4.03789   |    5.23644   |      0.615 |      0.345 |  103/150  
		  248/1000 | 0.000039   |    4.21038   |    5.23775   |      0.537 |      0.345 |  104/150  
		  249/1000 | 0.000039   |    4.42874   |    5.27088   |      0.558 |      0.336 |  105/150  
		  250/1000 | 0.000039   |    3.15515   |    5.22603   |      0.609 |      0.348 |  106/150  
		  251/1000 | 0.000039   |    2.91652   |    5.19233   |      0.680 |      0.356 |  107/150  
		  252/1000 | 0.000039   |    4.57803   |    5.22727   |      0.655 |      0.347 |  108/150  
		  253/1000 | 0.000039   |    3.70898   |    5.19350   |      0.664 |      0.356 |  109/150  
		  254/1000 | 0.000039   |    3.52855   |    5.21391   |      0.570 |      0.351 |  110/150  
		  255/1000 | 0.000020   |    5.95781   |    5.24456   |      0.580 |      0.343 |  111/150  
		  256/1000 | 0.000020   |    4.30944   |    5.19745   |      0.646 |      0.355 |  112/150  
		  257/1000 | 0.000020   |    4.96217   |    5.31748   |      0.572 |      0.325 |  113/150  
		  258/1000 | 0.000020   |    4.60172   |    5.24999   |      0.558 |      0.342 |  114/150  
		  259/1000 | 0.000020   |    4.96088   |    5.27999   |      0.531 |      0.334 |  115/150  
		  260/1000 | 0.000020   |    4.29337   |    5.33187   |      0.527 |      0.321 |  116/150  
		  261/1000 | 0.000020   |    4.14503   |    5.32062   |      0.635 |      0.324 |  117/150  
		  262/1000 | 0.000020   |    3.40021   |    5.41084   |      0.615 |      0.301 |  118/150  
		  263/1000 | 0.000020   |    5.13753   |    5.35749   |      0.559 |      0.315 |  119/150  
		  264/1000 | 0.000020   |    4.04596   |    5.31527   |      0.502 |      0.325 |  120/150  
		  265/1000 | 0.000020   |    4.60038   |    5.26333   |      0.554 |      0.338 |  121/150  
		  266/1000 | 0.000020   |    2.92066   |    5.33059   |      0.661 |      0.321 |  122/150  
		  267/1000 | 0.000020   |    4.93279   |    5.34758   |      0.571 |      0.317 |  123/150  
		  268/1000 | 0.000020   |    5.14364   |    5.26498   |      0.434 |      0.338 |  124/150  
		  269/1000 | 0.000020   |    3.60307   |    5.22668   |      0.629 |      0.348 |  125/150  
		  270/1000 | 0.000020   |    3.69027   |    5.26954   |      0.655 |      0.337 |  126/150  
		  271/1000 | 0.000010   |    5.64325   |    5.32845   |      0.587 |      0.322 |  127/150  
		  272/1000 | 0.000010   |    3.44181   |    5.33899   |      0.567 |      0.319 |  128/150  
		  273/1000 | 0.000010   |    3.67657   |    5.28325   |      0.581 |      0.333 |  129/150  
		  274/1000 | 0.000010   |    3.21502   |    5.24663   |      0.638 |      0.343 |  130/150  
		  275/1000 | 0.000010   |    4.36371   |    5.28719   |      0.631 |      0.332 |  131/150  
		  276/1000 | 0.000010   |    4.77184   |    5.18000   |      0.600 |      0.359 |  132/150  
		  277/1000 | 0.000010   |    3.53385   |    5.18172   |      0.554 |      0.359 |  133/150  
		  278/1000 | 0.000010   |    3.95380   |    5.24392   |      0.633 |      0.343 |  134/150  
		  279/1000 | 0.000010   |    3.58930   |    5.18133   |      0.622 |      0.359 |  135/150  
		  280/1000 | 0.000010   |    3.32033   |    5.23012   |      0.651 |      0.347 |  136/150  
		  281/1000 | 0.000010   |    3.30833   |    5.25404   |      0.586 |      0.341 |  137/150  
		  282/1000 | 0.000010   |    4.49239   |    5.30627   |      0.595 |      0.328 |  138/150  
		  283/1000 | 0.000010   |    4.16534   |    5.22749   |      0.644 |      0.347 |  139/150  
		  284/1000 | 0.000010   |    3.02386   |    5.21522   |      0.689 |      0.350 |  140/150  
		  285/1000 | 0.000010   |    4.95895   |    5.24022   |      0.555 |      0.344 |  141/150  
		  286/1000 | 0.000010   |    2.88137   |    5.27278   |      0.688 |      0.336 |  142/150  
		  287/1000 | 0.000005   |    5.00532   |    5.26870   |      0.621 |      0.337 |  143/150  
		  288/1000 | 0.000005   |    4.36649   |    5.17963   |      0.649 |      0.359 |  144/150  
		  289/1000 | 0.000005   |    3.26153   |    5.12116   |      0.583 |      0.374 |  145/150  
		  290/1000 | 0.000005   |    3.77863   |    5.16038   |      0.644 |      0.364 |  146/150  
		  291/1000 | 0.000005   |    3.51553   |    5.21105   |      0.689 |      0.351 |  147/150  
		  292/1000 | 0.000005   |    3.93596   |    5.23052   |      0.579 |      0.347 |  148/150  
		  293/1000 | 0.000005   |    3.02169   |    5.26826   |      0.685 |      0.337 |  149/150  

		Early stopping triggered.
		[INFO] Case 1 completed.

	3.2 Training Case 2...
		=== Training Log Started: 2025-11-29 15:22:53.595019 ===
		Run Name: STAFV2_26_CASE2
		Device: cuda
		Epochs: 1000, Batch Size: 128, LR: 0.01
		============================================================
		[INFO] Unique quantized indices: 24154
		[INFO] Suggested num_embeddings: 28984
		[INFO] Processed 1546 valid samples.
		[INFO] Saved merged dataset: ./data/training_results/merged_windowed_dataset_STAFV2_26_CASE2.csv  (shape: (1546, 429))
		[INFO] Saved feature metadata: ./data/training_results/feature_info_STAFV2_26_CASE2.json
		[INFO] Dataset split: 1236 train, 310 val
		[INFO] Scalers fitted and saved.

		✅ Model initialized with 38122 params.
		============================================================
		--------------------------------------------------------------------------------------------
		  Epoch    |     LR     |  Train RMSE  |   Val RMSE   |  Train R²  |   Val R²   |  Patience 
		--------------------------------------------------------------------------------------------
		    1/1000 | 0.010000   |    9.91596   |    9.66166   |     -1.380 |     -1.163 |    0/150  
		    2/1000 | 0.010000   |    9.39182   |    9.37289   |     -1.138 |     -1.038 |    0/150  
		    3/1000 | 0.010000   |    8.82959   |    9.15450   |     -0.890 |     -0.944 |    0/150  
		    4/1000 | 0.010000   |    8.18804   |    8.73347   |     -0.630 |     -0.776 |    0/150  
		    5/1000 | 0.010000   |    7.49130   |    7.11831   |     -0.368 |     -0.182 |    0/150  
		    6/1000 | 0.010000   |    7.00306   |    6.85147   |     -0.178 |     -0.095 |    0/150  
		    7/1000 | 0.010000   |    6.24017   |    6.19081   |      0.051 |      0.090 |    0/150  
		    8/1000 | 0.010000   |    5.82939   |    4.92336   |      0.173 |      0.418 |    0/150  
		                                          ╚══> ✅ SAVED (RMSE: 4.9234)
		    9/1000 | 0.010000   |    5.42589   |    4.79086   |      0.284 |      0.439 |    0/150  
		                                          ╚══> ✅ SAVED (RMSE: 4.7909)
		   10/1000 | 0.010000   |    5.40250   |    5.01632   |      0.300 |      0.400 |    0/150  
		   11/1000 | 0.010000   |    5.35231   |    5.03908   |      0.307 |      0.398 |    1/150  
		   12/1000 | 0.010000   |    5.07220   |    4.89816   |      0.378 |      0.426 |    2/150  
		   13/1000 | 0.010000   |    5.26977   |    4.70071   |      0.331 |      0.460 |    3/150  
		                                          ╚══> ✅ SAVED (RMSE: 4.7007)
		   14/1000 | 0.010000   |    5.26315   |    4.71169   |      0.332 |      0.460 |    0/150  
		   15/1000 | 0.010000   |    5.05538   |    4.53905   |      0.382 |      0.490 |    1/150  
		                                          ╚══> ✅ SAVED (RMSE: 4.5391)
		   16/1000 | 0.010000   |    4.82939   |    4.59798   |      0.437 |      0.478 |    0/150  
		   17/1000 | 0.010000   |    4.82405   |    4.65291   |      0.441 |      0.471 |    1/150  
		   18/1000 | 0.010000   |    4.99989   |    4.89347   |      0.397 |      0.421 |    2/150  
		   19/1000 | 0.010000   |    4.76806   |    4.57628   |      0.450 |      0.480 |    3/150  
		   20/1000 | 0.010000   |    4.64559   |    5.01383   |      0.477 |      0.388 |    4/150  
		   21/1000 | 0.010000   |    4.64816   |    4.46353   |      0.481 |      0.500 |    5/150  
		                                          ╚══> ✅ SAVED (RMSE: 4.4635)
		   22/1000 | 0.010000   |    4.48601   |    4.54050   |      0.517 |      0.494 |    0/150  
		   23/1000 | 0.010000   |    4.49373   |    4.59294   |      0.510 |      0.483 |    1/150  
		   24/1000 | 0.010000   |    4.52759   |    4.64074   |      0.507 |      0.473 |    2/150  
		   25/1000 | 0.010000   |    4.50438   |    4.42133   |      0.511 |      0.513 |    3/150  
		                                          ╚══> ✅ SAVED (RMSE: 4.4213)
		   26/1000 | 0.010000   |    4.37424   |    4.62470   |      0.536 |      0.479 |    0/150  
		   27/1000 | 0.010000   |    4.48435   |    4.55463   |      0.518 |      0.494 |    1/150  
		   28/1000 | 0.010000   |    4.40456   |    4.50353   |      0.531 |      0.503 |    2/150  
		   29/1000 | 0.010000   |    4.25609   |    4.73548   |      0.560 |      0.455 |    3/150  
		   30/1000 | 0.010000   |    4.15500   |    4.71843   |      0.581 |      0.452 |    4/150  
		   31/1000 | 0.010000   |    4.23308   |    4.50137   |      0.568 |      0.496 |    5/150  
		   32/1000 | 0.010000   |    4.22421   |    4.56936   |      0.576 |      0.486 |    6/150  
		   33/1000 | 0.010000   |    4.29255   |    4.62789   |      0.553 |      0.475 |    7/150  
		   34/1000 | 0.010000   |    4.16551   |    4.57037   |      0.577 |      0.487 |    8/150  
		   35/1000 | 0.010000   |    4.13296   |    4.46255   |      0.585 |      0.508 |    9/150  
		   36/1000 | 0.010000   |    3.98026   |    4.64323   |      0.617 |      0.475 |   10/150  
		   37/1000 | 0.010000   |    4.16700   |    4.77090   |      0.581 |      0.452 |   11/150  
		   38/1000 | 0.010000   |    3.93910   |    4.78410   |      0.626 |      0.454 |   12/150  
		   39/1000 | 0.010000   |    4.00218   |    4.69528   |      0.612 |      0.471 |   13/150  
		   40/1000 | 0.010000   |    3.90239   |    4.45271   |      0.636 |      0.515 |   14/150  
		   41/1000 | 0.010000   |    3.94755   |    4.66764   |      0.627 |      0.476 |   15/150  
		   42/1000 | 0.010000   |    4.02132   |    4.62165   |      0.611 |      0.487 |   16/150  
		   43/1000 | 0.010000   |    3.84571   |    4.73375   |      0.643 |      0.462 |   17/150  
		   44/1000 | 0.010000   |    3.98068   |    4.35983   |      0.617 |      0.532 |   18/150  
		                                          ╚══> ✅ SAVED (RMSE: 4.3598)
		   45/1000 | 0.010000   |    3.98204   |    4.65913   |      0.617 |      0.481 |    0/150  
		   46/1000 | 0.010000   |    3.79338   |    4.57210   |      0.651 |      0.491 |    1/150  
		   47/1000 | 0.010000   |    3.81808   |    4.57454   |      0.649 |      0.490 |    2/150  
		   48/1000 | 0.010000   |    3.85620   |    4.48542   |      0.643 |      0.510 |    3/150  
		   49/1000 | 0.010000   |    3.73184   |    4.44590   |      0.659 |      0.515 |    4/150  
		   50/1000 | 0.010000   |    3.61781   |    4.49193   |      0.686 |      0.510 |    5/150  
		   51/1000 | 0.010000   |    3.60528   |    4.55095   |      0.686 |      0.501 |    6/150  
		   52/1000 | 0.010000   |    3.71898   |    4.68367   |      0.666 |      0.477 |    7/150  
		   53/1000 | 0.010000   |    3.63706   |    4.76194   |      0.681 |      0.456 |    8/150  
		   54/1000 | 0.010000   |    3.63235   |    4.61000   |      0.679 |      0.483 |    9/150  
		   55/1000 | 0.010000   |    3.60420   |    4.72035   |      0.692 |      0.466 |   10/150  
		   56/1000 | 0.010000   |    3.63654   |    4.76652   |      0.679 |      0.456 |   11/150  
		   57/1000 | 0.010000   |    3.70312   |    4.73411   |      0.667 |      0.464 |   12/150  
		   58/1000 | 0.010000   |    3.58052   |    4.67326   |      0.693 |      0.474 |   13/150  
		   59/1000 | 0.010000   |    3.45424   |    4.49136   |      0.712 |      0.510 |   14/150  
		   60/1000 | 0.005000   |    3.63463   |    4.55972   |      0.680 |      0.502 |   15/150  
		   61/1000 | 0.005000   |    3.66658   |    4.57466   |      0.674 |      0.501 |   16/150  
		   62/1000 | 0.005000   |    3.54391   |    4.50789   |      0.700 |      0.513 |   17/150  
		   63/1000 | 0.005000   |    3.38592   |    4.48227   |      0.725 |      0.516 |   18/150  
		   64/1000 | 0.005000   |    3.42182   |    4.61027   |      0.718 |      0.495 |   19/150  
		   65/1000 | 0.005000   |    3.35852   |    4.56795   |      0.726 |      0.502 |   20/150  
		   66/1000 | 0.005000   |    3.47358   |    4.55311   |      0.710 |      0.502 |   21/150  
		   67/1000 | 0.005000   |    3.37615   |    4.61299   |      0.730 |      0.496 |   22/150  
		   68/1000 | 0.005000   |    3.42375   |    4.52994   |      0.720 |      0.511 |   23/150  
		   69/1000 | 0.005000   |    3.32942   |    4.61738   |      0.732 |      0.496 |   24/150  
		   70/1000 | 0.005000   |    3.52328   |    4.58235   |      0.701 |      0.500 |   25/150  
		   71/1000 | 0.005000   |    3.33885   |    4.68349   |      0.734 |      0.485 |   26/150  
		   72/1000 | 0.005000   |    3.31690   |    4.62188   |      0.735 |      0.491 |   27/150  
		   73/1000 | 0.005000   |    3.41963   |    4.58677   |      0.715 |      0.495 |   28/150  
		   74/1000 | 0.005000   |    3.33817   |    4.52612   |      0.732 |      0.506 |   29/150  
		   75/1000 | 0.005000   |    3.34679   |    4.58796   |      0.733 |      0.498 |   30/150  
		   76/1000 | 0.002500   |    3.33901   |    4.54763   |      0.733 |      0.506 |   31/150  
		   77/1000 | 0.002500   |    3.45207   |    4.53822   |      0.716 |      0.507 |   32/150  
		   78/1000 | 0.002500   |    3.35384   |    4.62444   |      0.731 |      0.493 |   33/150  
		   79/1000 | 0.002500   |    3.16817   |    4.63134   |      0.757 |      0.493 |   34/150  
		   80/1000 | 0.002500   |    3.35513   |    4.66386   |      0.729 |      0.486 |   35/150  
		   81/1000 | 0.002500   |    3.26161   |    4.65545   |      0.744 |      0.486 |   36/150  
		   82/1000 | 0.002500   |    3.23485   |    4.64853   |      0.746 |      0.487 |   37/150  
		   83/1000 | 0.002500   |    3.23591   |    4.62358   |      0.747 |      0.490 |   38/150  
		   84/1000 | 0.002500   |    3.25239   |    4.67524   |      0.743 |      0.482 |   39/150  
		   85/1000 | 0.002500   |    3.24612   |    4.67644   |      0.749 |      0.480 |   40/150  
		   86/1000 | 0.002500   |    3.26078   |    4.64503   |      0.741 |      0.486 |   41/150  
		   87/1000 | 0.002500   |    3.42962   |    4.61955   |      0.715 |      0.490 |   42/150  
		   88/1000 | 0.002500   |    3.26714   |    4.70717   |      0.740 |      0.473 |   43/150  
		   89/1000 | 0.002500   |    3.31013   |    4.72039   |      0.734 |      0.471 |   44/150  
		   90/1000 | 0.002500   |    3.31542   |    4.66223   |      0.732 |      0.480 |   45/150  
		   91/1000 | 0.002500   |    3.11142   |    4.65586   |      0.765 |      0.482 |   46/150  
		   92/1000 | 0.001250   |    3.29122   |    4.65632   |      0.739 |      0.483 |   47/150  
		   93/1000 | 0.001250   |    3.25950   |    4.67042   |      0.744 |      0.481 |   48/150  
		   94/1000 | 0.001250   |    3.18473   |    4.69107   |      0.754 |      0.475 |   49/150  
		   95/1000 | 0.001250   |    3.35464   |    4.67986   |      0.728 |      0.477 |   50/150  
		   96/1000 | 0.001250   |    3.27770   |    4.68735   |      0.742 |      0.476 |   51/150  
		   97/1000 | 0.001250   |    3.30947   |    4.69136   |      0.739 |      0.476 |   52/150  
		   98/1000 | 0.001250   |    3.31525   |    4.68489   |      0.735 |      0.480 |   53/150  
		   99/1000 | 0.001250   |    3.36680   |    4.65845   |      0.728 |      0.484 |   54/150  
		  100/1000 | 0.001250   |    3.27389   |    4.67578   |      0.746 |      0.481 |   55/150  
		  101/1000 | 0.001250   |    3.19667   |    4.67899   |      0.757 |      0.480 |   56/150  
		  102/1000 | 0.001250   |    3.14991   |    4.63269   |      0.761 |      0.488 |   57/150  
		  103/1000 | 0.001250   |    3.10889   |    4.65446   |      0.766 |      0.484 |   58/150  
		  104/1000 | 0.001250   |    3.35964   |    4.73548   |      0.725 |      0.471 |   59/150  
		  105/1000 | 0.001250   |    3.10716   |    4.69724   |      0.766 |      0.477 |   60/150  
		  106/1000 | 0.001250   |    3.13032   |    4.66657   |      0.761 |      0.482 |   61/150  
		  107/1000 | 0.001250   |    3.24783   |    4.65805   |      0.744 |      0.485 |   62/150  
		  108/1000 | 0.000625   |    3.11066   |    4.61722   |      0.765 |      0.491 |   63/150  
		  109/1000 | 0.000625   |    3.20794   |    4.64253   |      0.753 |      0.487 |   64/150  
		  110/1000 | 0.000625   |    3.08334   |    4.63854   |      0.772 |      0.489 |   65/150  
		  111/1000 | 0.000625   |    2.99471   |    4.66685   |      0.785 |      0.485 |   66/150  
		  112/1000 | 0.000625   |    3.22574   |    4.64924   |      0.747 |      0.486 |   67/150  
		  113/1000 | 0.000625   |    3.12538   |    4.66732   |      0.764 |      0.483 |   68/150  
		  114/1000 | 0.000625   |    3.17905   |    4.64902   |      0.758 |      0.485 |   69/150  
		  115/1000 | 0.000625   |    3.07523   |    4.65351   |      0.773 |      0.485 |   70/150  
		  116/1000 | 0.000625   |    3.12323   |    4.67926   |      0.766 |      0.482 |   71/150  
		  117/1000 | 0.000625   |    3.13808   |    4.68512   |      0.763 |      0.481 |   72/150  
		  118/1000 | 0.000625   |    3.18672   |    4.73002   |      0.757 |      0.474 |   73/150  
		  119/1000 | 0.000625   |    3.03113   |    4.68415   |      0.779 |      0.480 |   74/150  
		  120/1000 | 0.000625   |    3.18140   |    4.70273   |      0.756 |      0.477 |   75/150  
		  121/1000 | 0.000625   |    3.04644   |    4.69032   |      0.776 |      0.478 |   76/150  
		  122/1000 | 0.000625   |    3.11179   |    4.70148   |      0.767 |      0.475 |   77/150  
		  123/1000 | 0.000625   |    3.18413   |    4.72619   |      0.761 |      0.471 |   78/150  
		  124/1000 | 0.000313   |    3.13800   |    4.66944   |      0.763 |      0.481 |   79/150  
		  125/1000 | 0.000313   |    3.13477   |    4.66365   |      0.763 |      0.482 |   80/150  
		  126/1000 | 0.000313   |    3.14897   |    4.64717   |      0.759 |      0.484 |   81/150  
		  127/1000 | 0.000313   |    3.08575   |    4.66785   |      0.771 |      0.480 |   82/150  
		  128/1000 | 0.000313   |    3.09034   |    4.69729   |      0.769 |      0.476 |   83/150  
		  129/1000 | 0.000313   |    3.23490   |    4.71876   |      0.751 |      0.472 |   84/150  
		  130/1000 | 0.000313   |    3.09702   |    4.67707   |      0.771 |      0.479 |   85/150  
		  131/1000 | 0.000313   |    3.22523   |    4.71563   |      0.751 |      0.474 |   86/150  
		  132/1000 | 0.000313   |    3.20922   |    4.70119   |      0.753 |      0.476 |   87/150  
		  133/1000 | 0.000313   |    3.28963   |    4.65818   |      0.741 |      0.483 |   88/150  
		  134/1000 | 0.000313   |    3.12219   |    4.67156   |      0.766 |      0.482 |   89/150  
		  135/1000 | 0.000313   |    3.04746   |    4.68392   |      0.774 |      0.479 |   90/150  
		  136/1000 | 0.000313   |    3.05948   |    4.69784   |      0.775 |      0.477 |   91/150  
		  137/1000 | 0.000313   |    3.36111   |    4.68830   |      0.726 |      0.478 |   92/150  
		  138/1000 | 0.000313   |    3.34195   |    4.71343   |      0.730 |      0.474 |   93/150  
		  139/1000 | 0.000313   |    3.17401   |    4.74037   |      0.758 |      0.469 |   94/150  
		  140/1000 | 0.000156   |    3.19018   |    4.70568   |      0.753 |      0.475 |   95/150  
		  141/1000 | 0.000156   |    3.14767   |    4.73949   |      0.765 |      0.469 |   96/150  
		  142/1000 | 0.000156   |    3.14743   |    4.72511   |      0.759 |      0.471 |   97/150  
		  143/1000 | 0.000156   |    3.07375   |    4.72456   |      0.770 |      0.472 |   98/150  
		  144/1000 | 0.000156   |    3.05990   |    4.71104   |      0.774 |      0.474 |   99/150  
		  145/1000 | 0.000156   |    3.17742   |    4.70492   |      0.754 |      0.475 |  100/150  
		  146/1000 | 0.000156   |    3.11858   |    4.69594   |      0.766 |      0.477 |  101/150  
		  147/1000 | 0.000156   |    3.16028   |    4.71901   |      0.758 |      0.473 |  102/150  
		  148/1000 | 0.000156   |    3.14711   |    4.71798   |      0.763 |      0.473 |  103/150  
		  149/1000 | 0.000156   |    3.15145   |    4.69556   |      0.761 |      0.477 |  104/150  
		  150/1000 | 0.000156   |    3.26136   |    4.70304   |      0.748 |      0.475 |  105/150  
		  151/1000 | 0.000156   |    3.03129   |    4.76162   |      0.777 |      0.466 |  106/150  
		  152/1000 | 0.000156   |    3.17307   |    4.72798   |      0.755 |      0.471 |  107/150  
		  153/1000 | 0.000156   |    3.09941   |    4.73981   |      0.767 |      0.470 |  108/150  
		  154/1000 | 0.000156   |    3.18951   |    4.67879   |      0.755 |      0.480 |  109/150  
		  155/1000 | 0.000156   |    3.05637   |    4.68220   |      0.775 |      0.479 |  110/150  
		  156/1000 | 0.000078   |    3.13661   |    4.71328   |      0.764 |      0.474 |  111/150  
		  157/1000 | 0.000078   |    3.18870   |    4.73342   |      0.755 |      0.471 |  112/150  
		  158/1000 | 0.000078   |    3.18134   |    4.71098   |      0.757 |      0.474 |  113/150  
		  159/1000 | 0.000078   |    3.11681   |    4.68875   |      0.762 |      0.478 |  114/150  
		  160/1000 | 0.000078   |    3.20242   |    4.69749   |      0.752 |      0.477 |  115/150  
		  161/1000 | 0.000078   |    3.00394   |    4.69153   |      0.779 |      0.478 |  116/150  
		  162/1000 | 0.000078   |    3.17511   |    4.71467   |      0.758 |      0.474 |  117/150  
		  163/1000 | 0.000078   |    3.09828   |    4.72452   |      0.768 |      0.473 |  118/150  
		  164/1000 | 0.000078   |    3.21292   |    4.70511   |      0.751 |      0.476 |  119/150  
		  165/1000 | 0.000078   |    3.08966   |    4.72324   |      0.770 |      0.473 |  120/150  
		  166/1000 | 0.000078   |    3.16865   |    4.73794   |      0.757 |      0.470 |  121/150  
		  167/1000 | 0.000078   |    3.07001   |    4.67548   |      0.772 |      0.480 |  122/150  
		  168/1000 | 0.000078   |    3.15935   |    4.72293   |      0.761 |      0.472 |  123/150  
		  169/1000 | 0.000078   |    3.06002   |    4.72274   |      0.773 |      0.473 |  124/150  
		  170/1000 | 0.000078   |    3.07370   |    4.73336   |      0.770 |      0.470 |  125/150  
		  171/1000 | 0.000078   |    3.10919   |    4.75180   |      0.767 |      0.467 |  126/150  
		  172/1000 | 0.000039   |    3.20077   |    4.76972   |      0.750 |      0.464 |  127/150  
		  173/1000 | 0.000039   |    3.17019   |    4.68288   |      0.759 |      0.478 |  128/150  
		  174/1000 | 0.000039   |    3.08286   |    4.69371   |      0.770 |      0.477 |  129/150  
		  175/1000 | 0.000039   |    3.17630   |    4.69407   |      0.759 |      0.477 |  130/150  
		  176/1000 | 0.000039   |    3.03395   |    4.68932   |      0.775 |      0.478 |  131/150  
		  177/1000 | 0.000039   |    3.07186   |    4.70658   |      0.771 |      0.475 |  132/150  
		  178/1000 | 0.000039   |    3.16685   |    4.70616   |      0.762 |      0.475 |  133/150  
		  179/1000 | 0.000039   |    3.07981   |    4.73802   |      0.772 |      0.470 |  134/150  
		  180/1000 | 0.000039   |    3.18602   |    4.67928   |      0.758 |      0.479 |  135/150  
		  181/1000 | 0.000039   |    3.12726   |    4.71308   |      0.761 |      0.474 |  136/150  
		  182/1000 | 0.000039   |    3.20307   |    4.70369   |      0.754 |      0.476 |  137/150  
		  183/1000 | 0.000039   |    3.09092   |    4.73413   |      0.771 |      0.471 |  138/150  
		  184/1000 | 0.000039   |    3.14959   |    4.71546   |      0.760 |      0.473 |  139/150  
		  185/1000 | 0.000039   |    3.07772   |    4.71242   |      0.771 |      0.474 |  140/150  
		  186/1000 | 0.000039   |    2.99880   |    4.72040   |      0.784 |      0.473 |  141/150  
		  187/1000 | 0.000039   |    3.16222   |    4.72893   |      0.758 |      0.472 |  142/150  
		  188/1000 | 0.000020   |    3.14191   |    4.74592   |      0.761 |      0.469 |  143/150  
		  189/1000 | 0.000020   |    3.06245   |    4.72369   |      0.771 |      0.473 |  144/150  
		  190/1000 | 0.000020   |    3.10291   |    4.72385   |      0.769 |      0.472 |  145/150  
		  191/1000 | 0.000020   |    3.00178   |    4.75322   |      0.782 |      0.467 |  146/150  
		  192/1000 | 0.000020   |    3.04063   |    4.71884   |      0.776 |      0.473 |  147/150  
		  193/1000 | 0.000020   |    3.03595   |    4.69028   |      0.778 |      0.478 |  148/150  
		  194/1000 | 0.000020   |    3.15917   |    4.69777   |      0.761 |      0.476 |  149/150  

		Early stopping triggered.
		[INFO] Case 2 completed.

	3.3 Training Case 3...
		=== Training Log Started: 2025-11-29 15:27:17.387974 ===
		Run Name: STAFV2_26_CASE3
		Device: cuda
		Epochs: 1000, Batch Size: 128, LR: 0.01
		============================================================
		[INFO] Unique quantized indices: 36538
		[INFO] Suggested num_embeddings: 43845
		[INFO] Processed 3546 valid samples.
		[INFO] Saved merged dataset: ./data/training_results/merged_windowed_dataset_STAFV2_26_CASE3.csv  (shape: (3546, 429))
		[INFO] Saved feature metadata: ./data/training_results/feature_info_STAFV2_26_CASE3.json
		[INFO] Dataset split: 2836 train, 710 val
		[INFO] Scalers fitted and saved.

		✅ Model initialized with 38122 params.
		============================================================
		--------------------------------------------------------------------------------------------
		  Epoch    |     LR     |  Train RMSE  |   Val RMSE   |  Train R²  |   Val R²   |  Patience 
		--------------------------------------------------------------------------------------------
		    1/1000 | 0.010000   |    9.40178   |    8.70565   |     -1.222 |     -0.851 |    0/150  
		    2/1000 | 0.010000   |    8.12506   |    7.14076   |     -0.659 |     -0.251 |    0/150  
		    3/1000 | 0.010000   |    6.71070   |    5.24494   |     -0.143 |      0.322 |    0/150  
		    4/1000 | 0.010000   |    5.86968   |    5.65403   |      0.138 |      0.209 |    0/150  
		    5/1000 | 0.010000   |    5.61493   |    4.82980   |      0.193 |      0.423 |    1/150  
		                                          ╚══> ✅ SAVED (RMSE: 4.8298)
		    6/1000 | 0.010000   |    5.59355   |    4.78929   |      0.221 |      0.434 |    0/150  
		                                          ╚══> ✅ SAVED (RMSE: 4.7893)
		    7/1000 | 0.010000   |    5.47851   |    4.66070   |      0.251 |      0.462 |    0/150  
		                                          ╚══> ✅ SAVED (RMSE: 4.6607)
		    8/1000 | 0.010000   |    5.43772   |    4.77122   |      0.267 |      0.435 |    0/150  
		    9/1000 | 0.010000   |    5.18486   |    4.52445   |      0.323 |      0.490 |    1/150  
		                                          ╚══> ✅ SAVED (RMSE: 4.5244)
		   10/1000 | 0.010000   |    5.30709   |    4.58432   |      0.306 |      0.477 |    0/150  
		   11/1000 | 0.010000   |    5.13095   |    4.59004   |      0.345 |      0.476 |    1/150  
		   12/1000 | 0.010000   |    5.06930   |    4.42136   |      0.359 |      0.515 |    2/150  
		                                          ╚══> ✅ SAVED (RMSE: 4.4214)
		   13/1000 | 0.010000   |    5.02937   |    4.41062   |      0.379 |      0.515 |    0/150  
		                                          ╚══> ✅ SAVED (RMSE: 4.4106)
		   14/1000 | 0.010000   |    5.04355   |    4.43516   |      0.369 |      0.508 |    0/150  
		   15/1000 | 0.010000   |    5.00973   |    4.52772   |      0.386 |      0.489 |    1/150  
		   16/1000 | 0.010000   |    4.90145   |    4.43004   |      0.406 |      0.511 |    2/150  
		   17/1000 | 0.010000   |    4.83601   |    4.45540   |      0.422 |      0.506 |    3/150  
		   18/1000 | 0.010000   |    4.69540   |    4.50969   |      0.443 |      0.493 |    4/150  
		   19/1000 | 0.010000   |    4.72532   |    4.33269   |      0.445 |      0.528 |    5/150  
		                                          ╚══> ✅ SAVED (RMSE: 4.3327)
		   20/1000 | 0.010000   |    4.67306   |    4.29910   |      0.450 |      0.538 |    0/150  
		                                          ╚══> ✅ SAVED (RMSE: 4.2991)
		   21/1000 | 0.010000   |    4.61164   |    4.25121   |      0.469 |      0.549 |    0/150  
		                                          ╚══> ✅ SAVED (RMSE: 4.2512)
		   22/1000 | 0.010000   |    4.62847   |    4.25462   |      0.463 |      0.548 |    0/150  
		   23/1000 | 0.010000   |    4.69998   |    4.38050   |      0.455 |      0.521 |    1/150  
		   24/1000 | 0.010000   |    4.66053   |    4.38717   |      0.470 |      0.521 |    2/150  
		   25/1000 | 0.010000   |    4.52580   |    4.35004   |      0.488 |      0.529 |    3/150  
		   26/1000 | 0.010000   |    4.55803   |    4.26241   |      0.482 |      0.547 |    4/150  
		   27/1000 | 0.010000   |    4.54439   |    4.32990   |      0.486 |      0.531 |    5/150  
		   28/1000 | 0.010000   |    4.53246   |    4.30537   |      0.487 |      0.535 |    6/150  
		   29/1000 | 0.010000   |    4.38324   |    4.28566   |      0.520 |      0.538 |    7/150  
		   30/1000 | 0.010000   |    4.43480   |    4.23263   |      0.508 |      0.550 |    8/150  
		                                          ╚══> ✅ SAVED (RMSE: 4.2326)
		   31/1000 | 0.010000   |    4.30076   |    4.25337   |      0.536 |      0.546 |    0/150  
		   32/1000 | 0.010000   |    4.39634   |    4.26743   |      0.516 |      0.543 |    1/150  
		   33/1000 | 0.010000   |    4.26692   |    4.21700   |      0.541 |      0.554 |    2/150  
		                                          ╚══> ✅ SAVED (RMSE: 4.2170)
		   34/1000 | 0.010000   |    4.27978   |    4.40359   |      0.534 |      0.513 |    0/150  
		   35/1000 | 0.010000   |    4.43373   |    4.22769   |      0.522 |      0.551 |    1/150  
		   36/1000 | 0.010000   |    4.30112   |    4.29443   |      0.539 |      0.536 |    2/150  
		   37/1000 | 0.010000   |    4.20024   |    4.27227   |      0.553 |      0.538 |    3/150  
		   38/1000 | 0.010000   |    4.34052   |    4.24478   |      0.530 |      0.546 |    4/150  
		   39/1000 | 0.010000   |    4.25168   |    4.21333   |      0.554 |      0.552 |    5/150  
		                                          ╚══> ✅ SAVED (RMSE: 4.2133)
		   40/1000 | 0.010000   |    4.21811   |    4.29043   |      0.545 |      0.538 |    0/150  
		   41/1000 | 0.010000   |    4.13250   |    4.21821   |      0.570 |      0.553 |    1/150  
		   42/1000 | 0.010000   |    4.25743   |    4.27936   |      0.541 |      0.539 |    2/150  
		   43/1000 | 0.010000   |    4.20522   |    4.23911   |      0.579 |      0.546 |    3/150  
		   44/1000 | 0.010000   |    4.12449   |    4.35833   |      0.570 |      0.522 |    4/150  
		   45/1000 | 0.010000   |    4.12920   |    4.29288   |      0.568 |      0.536 |    5/150  
		   46/1000 | 0.010000   |    4.20475   |    4.22337   |      0.578 |      0.553 |    6/150  
		   47/1000 | 0.010000   |    4.19664   |    4.27215   |      0.560 |      0.541 |    7/150  
		   48/1000 | 0.010000   |    4.09333   |    4.18129   |      0.577 |      0.561 |    8/150  
		                                          ╚══> ✅ SAVED (RMSE: 4.1813)
		   49/1000 | 0.010000   |    4.25602   |    4.31746   |      0.559 |      0.532 |    0/150  
		   50/1000 | 0.010000   |    4.18150   |    4.33985   |      0.589 |      0.528 |    1/150  
		   51/1000 | 0.010000   |    4.07351   |    4.35639   |      0.587 |      0.524 |    2/150  
		   52/1000 | 0.010000   |    4.00889   |    4.33166   |      0.588 |      0.527 |    3/150  
		   53/1000 | 0.010000   |    3.98035   |    4.33934   |      0.604 |      0.527 |    4/150  
		   54/1000 | 0.010000   |    4.02757   |    4.26213   |      0.600 |      0.542 |    5/150  
		   55/1000 | 0.010000   |    4.05998   |    4.25608   |      0.598 |      0.543 |    6/150  
		   56/1000 | 0.010000   |    4.02728   |    4.45017   |      0.598 |      0.500 |    7/150  
		   57/1000 | 0.010000   |    3.98764   |    4.23235   |      0.605 |      0.547 |    8/150  
		   58/1000 | 0.010000   |    4.03981   |    4.32327   |      0.592 |      0.528 |    9/150  
		   59/1000 | 0.010000   |    3.94743   |    4.33069   |      0.622 |      0.527 |   10/150  
		   60/1000 | 0.010000   |    4.10874   |    4.37881   |      0.604 |      0.517 |   11/150  
		   61/1000 | 0.010000   |    4.03151   |    4.42173   |      0.597 |      0.505 |   12/150  
		   62/1000 | 0.010000   |    4.08448   |    4.43131   |      0.591 |      0.503 |   13/150  
		   63/1000 | 0.010000   |    3.98077   |    4.49354   |      0.602 |      0.492 |   14/150  
		   64/1000 | 0.005000   |    4.07822   |    4.45072   |      0.587 |      0.501 |   15/150  
		   65/1000 | 0.005000   |    4.05490   |    4.38915   |      0.587 |      0.514 |   16/150  
		   66/1000 | 0.005000   |    3.96497   |    4.34866   |      0.612 |      0.522 |   17/150  
		   67/1000 | 0.005000   |    3.84144   |    4.41956   |      0.628 |      0.506 |   18/150  
		   68/1000 | 0.005000   |    3.88947   |    4.41443   |      0.627 |      0.507 |   19/150  
		   69/1000 | 0.005000   |    3.87594   |    4.34751   |      0.627 |      0.522 |   20/150  
		   70/1000 | 0.005000   |    3.84422   |    4.36967   |      0.642 |      0.519 |   21/150  
		   71/1000 | 0.005000   |    3.80830   |    4.39079   |      0.643 |      0.513 |   22/150  
		   72/1000 | 0.005000   |    3.68371   |    4.38562   |      0.651 |      0.513 |   23/150  
		   73/1000 | 0.005000   |    3.82402   |    4.39672   |      0.656 |      0.513 |   24/150  
		   74/1000 | 0.005000   |    3.82547   |    4.46517   |      0.639 |      0.495 |   25/150  
		   75/1000 | 0.005000   |    3.74935   |    4.46563   |      0.645 |      0.496 |   26/150  
		   76/1000 | 0.005000   |    3.77233   |    4.46042   |      0.639 |      0.497 |   27/150  
		   77/1000 | 0.005000   |    3.76645   |    4.46582   |      0.652 |      0.496 |   28/150  
		   78/1000 | 0.005000   |    3.69889   |    4.51530   |      0.667 |      0.484 |   29/150  
		   79/1000 | 0.005000   |    3.81241   |    4.47328   |      0.647 |      0.496 |   30/150  
		   80/1000 | 0.002500   |    3.65878   |    4.54636   |      0.667 |      0.478 |   31/150  
		   81/1000 | 0.002500   |    3.68974   |    4.49636   |      0.669 |      0.489 |   32/150  
		   82/1000 | 0.002500   |    3.72021   |    4.46999   |      0.658 |      0.493 |   33/150  
		   83/1000 | 0.002500   |    3.67391   |    4.48976   |      0.667 |      0.490 |   34/150  
		   84/1000 | 0.002500   |    3.63893   |    4.44125   |      0.674 |      0.500 |   35/150  
		   85/1000 | 0.002500   |    3.62828   |    4.44230   |      0.672 |      0.501 |   36/150  
		   86/1000 | 0.002500   |    3.70530   |    4.42066   |      0.656 |      0.506 |   37/150  
		   87/1000 | 0.002500   |    3.72656   |    4.45371   |      0.658 |      0.499 |   38/150  
		   88/1000 | 0.002500   |    3.74753   |    4.40485   |      0.657 |      0.509 |   39/150  
		   89/1000 | 0.002500   |    3.63277   |    4.45612   |      0.677 |      0.497 |   40/150  
		   90/1000 | 0.002500   |    3.67862   |    4.48234   |      0.659 |      0.492 |   41/150  
		   91/1000 | 0.002500   |    3.66212   |    4.47422   |      0.678 |      0.494 |   42/150  
		   92/1000 | 0.002500   |    3.62278   |    4.42277   |      0.678 |      0.505 |   43/150  
		   93/1000 | 0.002500   |    3.75960   |    4.48130   |      0.659 |      0.491 |   44/150  
		   94/1000 | 0.002500   |    3.64765   |    4.48287   |      0.671 |      0.491 |   45/150  
		   95/1000 | 0.002500   |    3.69238   |    4.55134   |      0.669 |      0.475 |   46/150  
		   96/1000 | 0.001250   |    3.69409   |    4.51767   |      0.681 |      0.484 |   47/150  
		   97/1000 | 0.001250   |    3.71940   |    4.51501   |      0.665 |      0.483 |   48/150  
		   98/1000 | 0.001250   |    3.54848   |    4.45121   |      0.686 |      0.498 |   49/150  
		   99/1000 | 0.001250   |    3.65737   |    4.47888   |      0.675 |      0.492 |   50/150  
		  100/1000 | 0.001250   |    3.71116   |    4.50349   |      0.676 |      0.486 |   51/150  
		  101/1000 | 0.001250   |    3.62045   |    4.48415   |      0.677 |      0.490 |   52/150  
		  102/1000 | 0.001250   |    3.62807   |    4.53980   |      0.668 |      0.478 |   53/150  
		  103/1000 | 0.001250   |    3.56999   |    4.49907   |      0.680 |      0.487 |   54/150  
		  104/1000 | 0.001250   |    3.63694   |    4.50463   |      0.692 |      0.486 |   55/150  
		  105/1000 | 0.001250   |    3.51411   |    4.52336   |      0.690 |      0.482 |   56/150  
		  106/1000 | 0.001250   |    3.66225   |    4.48871   |      0.668 |      0.490 |   57/150  
		  107/1000 | 0.001250   |    3.54679   |    4.45502   |      0.686 |      0.498 |   58/150  
		  108/1000 | 0.001250   |    3.64865   |    4.52280   |      0.671 |      0.482 |   59/150  
		  109/1000 | 0.001250   |    3.51980   |    4.44769   |      0.685 |      0.499 |   60/150  
		  110/1000 | 0.001250   |    3.51728   |    4.47211   |      0.694 |      0.494 |   61/150  
		  111/1000 | 0.001250   |    3.65026   |    4.50117   |      0.667 |      0.487 |   62/150  
		  112/1000 | 0.000625   |    3.54656   |    4.55670   |      0.685 |      0.474 |   63/150  
		  113/1000 | 0.000625   |    3.47808   |    4.50737   |      0.693 |      0.485 |   64/150  
		  114/1000 | 0.000625   |    3.72865   |    4.58588   |      0.680 |      0.466 |   65/150  
		  115/1000 | 0.000625   |    3.68181   |    4.46169   |      0.687 |      0.495 |   66/150  
		  116/1000 | 0.000625   |    3.59013   |    4.50464   |      0.684 |      0.485 |   67/150  
		  117/1000 | 0.000625   |    3.54246   |    4.53005   |      0.692 |      0.480 |   68/150  
		  118/1000 | 0.000625   |    3.59485   |    4.54010   |      0.679 |      0.477 |   69/150  
		  119/1000 | 0.000625   |    3.57849   |    4.51948   |      0.681 |      0.482 |   70/150  
		  120/1000 | 0.000625   |    3.54201   |    4.49995   |      0.694 |      0.487 |   71/150  
		  121/1000 | 0.000625   |    3.59025   |    4.52092   |      0.682 |      0.482 |   72/150  
		  122/1000 | 0.000625   |    3.53413   |    4.49373   |      0.690 |      0.488 |   73/150  
		  123/1000 | 0.000625   |    3.50758   |    4.52341   |      0.695 |      0.481 |   74/150  
		  124/1000 | 0.000625   |    3.56126   |    4.50674   |      0.684 |      0.485 |   75/150  
		  125/1000 | 0.000625   |    3.53653   |    4.51726   |      0.696 |      0.482 |   76/150  
		  126/1000 | 0.000625   |    3.60191   |    4.52894   |      0.698 |      0.480 |   77/150  
		  127/1000 | 0.000625   |    3.51238   |    4.53085   |      0.690 |      0.479 |   78/150  
		  128/1000 | 0.000313   |    3.61639   |    4.51668   |      0.687 |      0.482 |   79/150  
		  129/1000 | 0.000313   |    3.51740   |    4.55332   |      0.697 |      0.474 |   80/150  
		  130/1000 | 0.000313   |    3.53775   |    4.52700   |      0.701 |      0.480 |   81/150  
		  131/1000 | 0.000313   |    3.60245   |    4.52034   |      0.680 |      0.481 |   82/150  
		  132/1000 | 0.000313   |    3.57983   |    4.51806   |      0.687 |      0.483 |   83/150  
		  133/1000 | 0.000313   |    3.68605   |    4.48627   |      0.670 |      0.489 |   84/150  
		  134/1000 | 0.000313   |    3.53112   |    4.51744   |      0.692 |      0.483 |   85/150  
		  135/1000 | 0.000313   |    3.44631   |    4.53890   |      0.698 |      0.478 |   86/150  
		  136/1000 | 0.000313   |    3.45913   |    4.51335   |      0.694 |      0.484 |   87/150  
		  137/1000 | 0.000313   |    3.46632   |    4.51810   |      0.697 |      0.483 |   88/150  
		  138/1000 | 0.000313   |    3.63241   |    4.55238   |      0.684 |      0.474 |   89/150  
		  139/1000 | 0.000313   |    3.52205   |    4.52227   |      0.693 |      0.482 |   90/150  
		  140/1000 | 0.000313   |    3.49362   |    4.57522   |      0.697 |      0.469 |   91/150  
		  141/1000 | 0.000313   |    3.46384   |    4.55059   |      0.702 |      0.475 |   92/150  
		  142/1000 | 0.000313   |    3.43617   |    4.50920   |      0.699 |      0.485 |   93/150  
		  143/1000 | 0.000313   |    3.63365   |    4.51459   |      0.695 |      0.484 |   94/150  
		  144/1000 | 0.000156   |    3.48187   |    4.50015   |      0.700 |      0.487 |   95/150  
		  145/1000 | 0.000156   |    3.43989   |    4.55946   |      0.711 |      0.473 |   96/150  
		  146/1000 | 0.000156   |    3.54506   |    4.52670   |      0.696 |      0.480 |   97/150  
		  147/1000 | 0.000156   |    3.68191   |    4.53968   |      0.691 |      0.477 |   98/150  
		  148/1000 | 0.000156   |    3.51927   |    4.49446   |      0.697 |      0.488 |   99/150  
		  149/1000 | 0.000156   |    3.44094   |    4.49125   |      0.707 |      0.488 |  100/150  
		  150/1000 | 0.000156   |    3.49479   |    4.54496   |      0.704 |      0.476 |  101/150  
		  151/1000 | 0.000156   |    3.59446   |    4.53074   |      0.682 |      0.480 |  102/150  
		  152/1000 | 0.000156   |    3.52554   |    4.53755   |      0.697 |      0.478 |  103/150  
		  153/1000 | 0.000156   |    3.66348   |    4.58446   |      0.686 |      0.466 |  104/150  
		  154/1000 | 0.000156   |    3.46635   |    4.50462   |      0.701 |      0.486 |  105/150  
		  155/1000 | 0.000156   |    3.67010   |    4.51768   |      0.689 |      0.483 |  106/150  
		  156/1000 | 0.000156   |    3.57672   |    4.52658   |      0.691 |      0.480 |  107/150  
		  157/1000 | 0.000156   |    3.60002   |    4.50357   |      0.677 |      0.486 |  108/150  
		  158/1000 | 0.000156   |    3.50920   |    4.51790   |      0.702 |      0.483 |  109/150  
		  159/1000 | 0.000156   |    3.34933   |    4.51766   |      0.713 |      0.483 |  110/150  
		  160/1000 | 0.000078   |    3.49168   |    4.52778   |      0.696 |      0.481 |  111/150  
		  161/1000 | 0.000078   |    3.52712   |    4.52307   |      0.697 |      0.481 |  112/150  
		  162/1000 | 0.000078   |    3.45255   |    4.51858   |      0.705 |      0.482 |  113/150  
		  163/1000 | 0.000078   |    3.48038   |    4.54000   |      0.705 |      0.477 |  114/150  
		  164/1000 | 0.000078   |    3.56723   |    4.59549   |      0.694 |      0.464 |  115/150  
		  165/1000 | 0.000078   |    3.56034   |    4.59285   |      0.687 |      0.465 |  116/150  
		  166/1000 | 0.000078   |    3.53670   |    4.50770   |      0.681 |      0.485 |  117/150  
		  167/1000 | 0.000078   |    3.49139   |    4.55107   |      0.697 |      0.475 |  118/150  
		  168/1000 | 0.000078   |    3.57764   |    4.57108   |      0.684 |      0.470 |  119/150  
		  169/1000 | 0.000078   |    3.54488   |    4.60693   |      0.695 |      0.461 |  120/150  
		  170/1000 | 0.000078   |    3.41714   |    4.56007   |      0.707 |      0.473 |  121/150  
		  171/1000 | 0.000078   |    3.58829   |    4.51732   |      0.677 |      0.483 |  122/150  
		  172/1000 | 0.000078   |    3.46894   |    4.55081   |      0.706 |      0.475 |  123/150  
		  173/1000 | 0.000078   |    3.55971   |    4.57964   |      0.691 |      0.468 |  124/150  
		  174/1000 | 0.000078   |    3.49185   |    4.55278   |      0.701 |      0.475 |  125/150  
		  175/1000 | 0.000078   |    3.53238   |    4.63755   |      0.701 |      0.454 |  126/150  
		  176/1000 | 0.000039   |    3.56475   |    4.56408   |      0.677 |      0.472 |  127/150  
		  177/1000 | 0.000039   |    3.46695   |    4.53981   |      0.703 |      0.477 |  128/150  
		  178/1000 | 0.000039   |    3.57205   |    4.54837   |      0.682 |      0.475 |  129/150  
		  179/1000 | 0.000039   |    3.40268   |    4.53612   |      0.708 |      0.478 |  130/150  
		  180/1000 | 0.000039   |    3.68636   |    4.50940   |      0.689 |      0.485 |  131/150  
		  181/1000 | 0.000039   |    3.52701   |    4.56630   |      0.703 |      0.472 |  132/150  
		  182/1000 | 0.000039   |    3.41461   |    4.48986   |      0.703 |      0.489 |  133/150  
		  183/1000 | 0.000039   |    3.60357   |    4.51814   |      0.701 |      0.483 |  134/150  
		  184/1000 | 0.000039   |    3.52662   |    4.52198   |      0.690 |      0.481 |  135/150  
		  185/1000 | 0.000039   |    3.55841   |    4.51198   |      0.688 |      0.484 |  136/150  
		  186/1000 | 0.000039   |    3.52257   |    4.52002   |      0.703 |      0.483 |  137/150  
		  187/1000 | 0.000039   |    3.63909   |    4.56004   |      0.690 |      0.473 |  138/150  
		  188/1000 | 0.000039   |    3.65026   |    4.57702   |      0.685 |      0.469 |  139/150  
		  189/1000 | 0.000039   |    3.59090   |    4.54759   |      0.682 |      0.476 |  140/150  
		  190/1000 | 0.000039   |    3.56161   |    4.50705   |      0.710 |      0.485 |  141/150  
		  191/1000 | 0.000039   |    3.51335   |    4.53276   |      0.705 |      0.480 |  142/150  
		  192/1000 | 0.000020   |    3.48457   |    4.52491   |      0.696 |      0.481 |  143/150  
		  193/1000 | 0.000020   |    3.69224   |    4.57316   |      0.687 |      0.469 |  144/150  
		  194/1000 | 0.000020   |    3.48266   |    4.55770   |      0.698 |      0.473 |  145/150  
		  195/1000 | 0.000020   |    3.60382   |    4.54873   |      0.683 |      0.476 |  146/150  
		  196/1000 | 0.000020   |    3.52733   |    4.52741   |      0.695 |      0.480 |  147/150  
		  197/1000 | 0.000020   |    3.42899   |    4.56118   |      0.711 |      0.472 |  148/150  
		  198/1000 | 0.000020   |    3.48886   |    4.53514   |      0.695 |      0.478 |  149/150  

		Early stopping triggered.
		[INFO] Case 3 completed.
