Crash diagnostics ON


==================================================
PART 1: Data preprocess for 2023-01-01 00:00:00 to 2024-09-30 23:00:00...
==================================================

	1.1 Preprocessing radiation data...
		[INFO] Radiation data already exists at './data/timeseries/radiation_data.csv'

	1.2 Preprocessing temperature data...
		[INFO] Temperature data already exists at './data/timeseries/temperature_data.csv'

	1.3 Preprocessing building data...
		[INFO] Building data already exists at './data/timeseries/building_data.csv'

	1.4 Preprocessing electricity cost data...
		[INFO] Electricity cost data already exists at './data/timeseries/electricitycostG2B_data.csv' and './data/timeseries/electricitycostG2V_data.csv'

	1.5 Preprocessing battery demand series data...
		[INFO] Found existing battery data at './data/battery_demand/tol26/resample_full.csv' and './data/battery_demand/tol26/resample_train.csv'

		[INFO] Number of series for clean windows = (168, 37)
		[INFO] Number of eligible series for Case 2 = (1378, 37)
		[INFO] Number of seeds ready for Case 3  = (2000, 36)

		[INFO] Case 1 exists — loaded battery demand from './data/battery_demand/tol26/case1_real_only/battery_demand.npy' with shape (168, 37).
		[INFO] Case 2 exists — loaded battery demand from './data/battery_demand/tol26/case2_nan_filled/battery_demand.npy' with shape (1546, 37).
		[INFO] Case 3 exists — loaded battery demand from './data/battery_demand/tol26/case3_extended_generated/battery_demand.npy' with shape (3546, 37).
		[INFO] Case 0: Successfully added test pair 2024-03-15 & 2024-03-16
		Data: [10536, 28, 30, 35, 37, 37, 36, 33, 26, 10, 6, 10, 14, 19, 18, 15, 20, 26, 15, 9, 16, 21, 20, 8, 12, 15, 24, 31, 35, 32, 35, 34, 32, 31, 30, 22, 14, 18, 27, 18, 19, 19, 25, 25, 25, 26, 27, 17, 19]
		[INFO] Case 0: Successfully added test pair 2024-03-29 & 2024-03-30
		Data: [10872, 13, 26, 31, 33, 33, 33, 31, 15, 8, 19, 11, 15, 18, 16, 18, 18, 19, 7, 4, 23, 23, 16, 17, 18, 18, 19, 24, 29, 30, 30, 22, 27, 21, 14, 15, 16, 20, 18, 23, 27, 18, 2, 10, 23, 22, 22, 17, 21]

	1.6 Generating battery schedule...
		[INFO] Case 1 exists — loaded from './data/battery_demand/tol26/case1_real_only/battery_availability.npy' and './data/battery_demand/tol26/case1_real_only/battery_details.npy' shape (168, 263, 36) and (4, 168, 263)
		[INFO] Case 2 exists — loaded from './data/battery_demand/tol26/case2_nan_filled/battery_availability.npy' and './data/battery_demand/tol26/case2_nan_filled/battery_details.npy' shape (1546, 311, 36) and (4, 1546, 311)
		[INFO] Case 3 exists — loaded from './data/battery_demand/tol26/case3_extended_generated/battery_availability.npy' and './data/battery_demand/tol26/case3_extended_generated/battery_details.npy' shape (3546, 422, 36) and (4, 3546, 422)


==================================================
PART 2: MILP Optimization...
==================================================

	2.1 Optimizing Case 1...
		[INFO] Loaded 168 samples from './data/battery_demand/tol26/case1_real_only'
		[INFO] Results already exist at './data/optimization_results/tol26/case1_real_only/optimization/V2B.npy'. Skipping optimization run.
		[INFO] Results already exist at './data/optimization_results/tol26/case1_real_only/immediate_charging/V2B.npy'. Skipping immediate_charging run.
		[INFO] Case 1 completed.

	2.2 Optimizing Case 2...
		[INFO] Loaded 1546 samples from './data/battery_demand/tol26/case2_nan_filled'
		[INFO] Results already exist at './data/optimization_results/tol26/case2_nan_filled/optimization/V2B.npy'. Skipping optimization run.
		[INFO] Results already exist at './data/optimization_results/tol26/case2_nan_filled/immediate_charging/V2B.npy'. Skipping immediate_charging run.
		[INFO] Case 2 completed.

	2.3 Optimizing Case 3...
		[INFO] Loaded 3546 samples from './data/battery_demand/tol26/case3_extended_generated'
		[INFO] Results already exist at './data/optimization_results/tol26/case3_extended_generated/optimization/V2B.npy'. Skipping optimization run.
		[INFO] Results already exist at './data/optimization_results/tol26/case3_extended_generated/immediate_charging/V2B.npy'. Skipping immediate_charging run.
		[INFO] Case 3 completed.


==================================================
PART 3: Supervised Learning...
==================================================

	3.1 Training Case 1...
		=== Training Log Started: 2025-11-28 22:07:21.368944 ===
		Run Name: STAFV2_26_CASE1
		Device: cuda
		Epochs: 1000, Batch Size: 128, LR: 0.01
		============================================================
		[INFO] Unique quantized indices: 6686
		[INFO] Suggested num_embeddings: 8023
		[INFO] Processed 168 valid samples.
		[INFO] Saved merged dataset: ./data/training_results/merged_windowed_dataset_STAFV2_26_CASE1.csv  (shape: (168, 429))
		[INFO] Saved feature metadata: ./data/training_results/feature_info_STAFV2_26_CASE1.json
		[INFO] Dataset split: 134 train, 34 val
		[INFO] Scalers fitted and saved.

		✅ Model initialized with 715620 params.
		============================================================
		--------------------------------------------------------------------------------------------
		  Epoch    |     LR     |  Train RMSE  |   Val RMSE   |  Train R²  |   Val R²   |  Patience 
		--------------------------------------------------------------------------------------------
		    1/1000 | 0.010000   |    8.50913   |    8.78728   |     -1.096 |     -0.844 |    0/150  
		    2/1000 | 0.010000   |    7.34783   |    8.26274   |     -0.954 |     -0.631 |    0/150  
		    3/1000 | 0.010000   |    7.57316   |    7.83768   |     -0.858 |     -0.467 |    0/150  
		    4/1000 | 0.010000   |    9.26761   |    7.79429   |     -0.793 |     -0.451 |    0/150  
		    5/1000 | 0.010000   |    7.77852   |    7.66617   |     -0.712 |     -0.404 |    0/150  
		    6/1000 | 0.010000   |    7.84776   |    7.55869   |     -0.613 |     -0.365 |    0/150  
		    7/1000 | 0.010000   |    8.05302   |    7.32111   |     -0.571 |     -0.280 |    0/150  
		    8/1000 | 0.010000   |    7.86374   |    7.25501   |     -0.470 |     -0.257 |    0/150  
		    9/1000 | 0.010000   |    7.58325   |    7.14707   |     -0.342 |     -0.220 |    0/150  
		   10/1000 | 0.010000   |    7.64361   |    7.03007   |     -0.282 |     -0.180 |    0/150  
		   11/1000 | 0.010000   |    5.85424   |    6.66807   |     -0.183 |     -0.062 |    0/150  
		   12/1000 | 0.010000   |    6.70332   |    6.67184   |     -0.038 |     -0.063 |    0/150  
		   13/1000 | 0.010000   |    6.21038   |    6.40235   |      0.033 |      0.021 |    1/150  
		   14/1000 | 0.010000   |    7.31137   |    6.38447   |      0.062 |      0.027 |    0/150  
		   15/1000 | 0.010000   |    5.08204   |    6.09527   |      0.159 |      0.113 |    0/150  
		   16/1000 | 0.010000   |    5.68125   |    5.96303   |      0.270 |      0.151 |    0/150  
		   17/1000 | 0.010000   |    5.26284   |    5.80966   |      0.365 |      0.194 |    0/150  
		   18/1000 | 0.010000   |    4.71975   |    5.72177   |      0.483 |      0.218 |    0/150  
		   19/1000 | 0.010000   |    4.56375   |    5.57745   |      0.510 |      0.257 |    0/150  
		   20/1000 | 0.010000   |    3.77371   |    5.50147   |      0.620 |      0.277 |    0/150  
		   21/1000 | 0.010000   |    2.83125   |    5.43179   |      0.662 |      0.295 |    0/150  
		   22/1000 | 0.010000   |    4.92369   |    5.63000   |      0.705 |      0.243 |    0/150  
		   23/1000 | 0.010000   |    3.36459   |    5.67320   |      0.726 |      0.231 |    1/150  
		   24/1000 | 0.010000   |    2.80407   |    5.78894   |      0.772 |      0.200 |    2/150  
		   25/1000 | 0.010000   |    2.75477   |    5.92795   |      0.818 |      0.161 |    3/150  
		   26/1000 | 0.010000   |    3.04192   |    5.93982   |      0.824 |      0.157 |    4/150  
		   27/1000 | 0.010000   |    2.67196   |    5.87380   |      0.868 |      0.176 |    5/150  
		   28/1000 | 0.010000   |    2.91528   |    5.66625   |      0.857 |      0.233 |    6/150  
		   29/1000 | 0.010000   |    2.66220   |    5.65883   |      0.884 |      0.235 |    7/150  
		   30/1000 | 0.010000   |    4.72682   |    5.53476   |      0.833 |      0.268 |    8/150  
		   31/1000 | 0.010000   |    2.77208   |    5.67012   |      0.871 |      0.232 |    9/150  
		   32/1000 | 0.010000   |    2.58813   |    5.75780   |      0.851 |      0.208 |   10/150  
		   33/1000 | 0.010000   |    4.81783   |    5.63528   |      0.839 |      0.242 |   11/150  
		   34/1000 | 0.010000   |    2.40471   |    5.59011   |      0.882 |      0.254 |   12/150  
		   35/1000 | 0.010000   |    2.53031   |    5.64916   |      0.864 |      0.238 |   13/150  
		   36/1000 | 0.010000   |    4.10603   |    5.65040   |      0.859 |      0.237 |   14/150  
		   37/1000 | 0.005000   |    2.88117   |    5.44566   |      0.858 |      0.292 |   15/150  
		   38/1000 | 0.005000   |    2.00666   |    5.40715   |      0.897 |      0.302 |   16/150  
		   39/1000 | 0.005000   |    2.46966   |    5.38176   |      0.884 |      0.308 |    0/150  
		   40/1000 | 0.005000   |    1.90300   |    5.32743   |      0.912 |      0.322 |    0/150  
		   41/1000 | 0.005000   |    2.59736   |    5.29868   |      0.878 |      0.329 |    0/150  
		   42/1000 | 0.005000   |    2.29307   |    5.24638   |      0.895 |      0.343 |    0/150  
		   43/1000 | 0.005000   |    6.41261   |    5.44107   |      0.820 |      0.293 |    0/150  
		   44/1000 | 0.005000   |    2.43585   |    5.28006   |      0.888 |      0.334 |    1/150  
		   45/1000 | 0.005000   |    2.40021   |    5.14400   |      0.899 |      0.368 |    2/150  
		   46/1000 | 0.005000   |    2.75719   |    5.09783   |      0.879 |      0.379 |    0/150  
		   47/1000 | 0.005000   |    2.23622   |    5.03327   |      0.876 |      0.395 |    0/150  
		   48/1000 | 0.005000   |    2.49178   |    5.01937   |      0.873 |      0.398 |    0/150  
		   49/1000 | 0.005000   |    2.38300   |    5.08328   |      0.907 |      0.383 |    0/150  
		   50/1000 | 0.005000   |    2.70916   |    5.10534   |      0.887 |      0.378 |    1/150  
		   51/1000 | 0.005000   |    3.39820   |    5.10185   |      0.870 |      0.378 |    2/150  
		   52/1000 | 0.005000   |    2.89216   |    5.16144   |      0.896 |      0.364 |    3/150  
		   53/1000 | 0.005000   |    1.69019   |    5.17802   |      0.905 |      0.360 |    4/150  
		   54/1000 | 0.005000   |    2.06788   |    5.24806   |      0.903 |      0.342 |    5/150  
		   55/1000 | 0.005000   |    2.89447   |    5.25488   |      0.884 |      0.341 |    6/150  
		   56/1000 | 0.005000   |    2.10781   |    5.25172   |      0.895 |      0.341 |    7/150  
		   57/1000 | 0.005000   |    3.96394   |    5.19152   |      0.865 |      0.356 |    8/150  
		   58/1000 | 0.005000   |    5.09850   |    5.16094   |      0.843 |      0.364 |    9/150  
		   59/1000 | 0.005000   |    1.49556   |    5.11652   |      0.924 |      0.375 |   10/150  
		   60/1000 | 0.005000   |    1.91913   |    5.06036   |      0.901 |      0.388 |   11/150  
		   61/1000 | 0.005000   |    4.31707   |    5.13092   |      0.873 |      0.371 |   12/150  
		   62/1000 | 0.005000   |    2.38936   |    5.15950   |      0.900 |      0.364 |   13/150  
		   63/1000 | 0.005000   |    1.80459   |    5.11845   |      0.916 |      0.374 |   14/150  
		   64/1000 | 0.002500   |    2.22381   |    5.07832   |      0.901 |      0.384 |   15/150  
		   65/1000 | 0.002500   |    1.88179   |    5.07110   |      0.894 |      0.386 |   16/150  
		   66/1000 | 0.002500   |    3.19363   |    5.03124   |      0.883 |      0.395 |   17/150  
		   67/1000 | 0.002500   |    3.19389   |    5.03271   |      0.867 |      0.395 |   18/150  
		   68/1000 | 0.002500   |    1.72757   |    5.03985   |      0.907 |      0.393 |   19/150  
		   69/1000 | 0.002500   |    2.41892   |    5.04268   |      0.904 |      0.393 |   20/150  
		   70/1000 | 0.002500   |    2.86044   |    5.03762   |      0.881 |      0.394 |   21/150  
		   71/1000 | 0.002500   |    1.76949   |    5.03932   |      0.899 |      0.394 |   22/150  
		   72/1000 | 0.002500   |    1.83685   |    5.05445   |      0.900 |      0.390 |   23/150  
		   73/1000 | 0.002500   |    1.81051   |    5.11152   |      0.876 |      0.376 |   24/150  
		   74/1000 | 0.002500   |    2.01001   |    5.11855   |      0.902 |      0.374 |   25/150  
		   75/1000 | 0.002500   |    2.49327   |    5.10193   |      0.885 |      0.378 |   26/150  
		   76/1000 | 0.002500   |    2.13199   |    5.08877   |      0.891 |      0.382 |   27/150  
		   77/1000 | 0.002500   |    2.31432   |    5.10986   |      0.916 |      0.376 |   28/150  
		   78/1000 | 0.002500   |    2.75277   |    5.09154   |      0.883 |      0.381 |   29/150  
		   79/1000 | 0.002500   |    5.20844   |    5.10695   |      0.857 |      0.377 |   30/150  
		   80/1000 | 0.001250   |    2.32737   |    5.10073   |      0.907 |      0.379 |   31/150  
		   81/1000 | 0.001250   |    2.05019   |    5.08554   |      0.898 |      0.382 |   32/150  
		   82/1000 | 0.001250   |    2.84960   |    5.13362   |      0.906 |      0.371 |   33/150  
		   83/1000 | 0.001250   |    2.24899   |    5.14601   |      0.883 |      0.368 |   34/150  
		   84/1000 | 0.001250   |    2.67962   |    5.26521   |      0.897 |      0.338 |   35/150  
		   85/1000 | 0.001250   |    1.88397   |    5.32387   |      0.886 |      0.323 |   36/150  
		   86/1000 | 0.001250   |    1.91475   |    5.30743   |      0.893 |      0.327 |   37/150  
		   87/1000 | 0.001250   |    1.95275   |    5.40571   |      0.919 |      0.302 |   38/150  
		   88/1000 | 0.001250   |    1.53938   |    5.41665   |      0.904 |      0.299 |   39/150  
		   89/1000 | 0.001250   |    4.04067   |    5.67573   |      0.864 |      0.231 |   40/150  
		   90/1000 | 0.001250   |    2.80970   |    5.76647   |      0.897 |      0.206 |   41/150  
		   91/1000 | 0.001250   |    4.16836   |    5.60261   |      0.862 |      0.250 |   42/150  
		   92/1000 | 0.001250   |    2.57472   |    5.54402   |      0.899 |      0.266 |   43/150  
		   93/1000 | 0.001250   |    2.18051   |    5.46462   |      0.883 |      0.287 |   44/150  
		   94/1000 | 0.001250   |    1.58560   |    5.51821   |      0.908 |      0.273 |   45/150  
		   95/1000 | 0.001250   |    1.62589   |    5.51684   |      0.900 |      0.273 |   46/150  
		   96/1000 | 0.000625   |    1.80127   |    5.48799   |      0.879 |      0.281 |   47/150  
		   97/1000 | 0.000625   |    2.02196   |    5.46810   |      0.898 |      0.286 |   48/150  
		   98/1000 | 0.000625   |    2.66522   |    5.43774   |      0.898 |      0.294 |   49/150  
		   99/1000 | 0.000625   |    3.08444   |    5.52832   |      0.914 |      0.270 |   50/150  
		  100/1000 | 0.000625   |    2.67297   |    5.62526   |      0.886 |      0.244 |   51/150  
		  101/1000 | 0.000625   |    1.86132   |    5.60790   |      0.905 |      0.249 |   52/150  
		  102/1000 | 0.000625   |    5.56908   |    5.43995   |      0.844 |      0.293 |   53/150  
		  103/1000 | 0.000625   |    2.30385   |    5.42973   |      0.912 |      0.296 |   54/150  
		  104/1000 | 0.000625   |    3.32535   |    5.37000   |      0.899 |      0.311 |   55/150  
		  105/1000 | 0.000625   |    4.29961   |    5.35686   |      0.879 |      0.315 |   56/150  
		  106/1000 | 0.000625   |    1.61119   |    5.37980   |      0.926 |      0.309 |   57/150  
		  107/1000 | 0.000625   |    2.46431   |    5.35066   |      0.898 |      0.316 |   58/150  
		  108/1000 | 0.000625   |    1.80451   |    5.40253   |      0.917 |      0.303 |   59/150  
		  109/1000 | 0.000625   |    1.77326   |    5.39854   |      0.914 |      0.304 |   60/150  
		  110/1000 | 0.000625   |    1.51734   |    5.41432   |      0.913 |      0.300 |   61/150  
		  111/1000 | 0.000625   |    2.46223   |    5.42841   |      0.916 |      0.296 |   62/150  
		  112/1000 | 0.000313   |    2.96548   |    5.49930   |      0.907 |      0.278 |   63/150  
		  113/1000 | 0.000313   |    2.12388   |    5.49377   |      0.896 |      0.279 |   64/150  
		  114/1000 | 0.000313   |    2.56093   |    5.55040   |      0.913 |      0.264 |   65/150  
		  115/1000 | 0.000313   |    2.71597   |    5.60137   |      0.921 |      0.251 |   66/150  
		  116/1000 | 0.000313   |    1.97102   |    5.48130   |      0.933 |      0.282 |   67/150  
		  117/1000 | 0.000313   |    3.65744   |    5.62613   |      0.894 |      0.244 |   68/150  
		  118/1000 | 0.000313   |    1.50006   |    5.61932   |      0.917 |      0.246 |   69/150  
		  119/1000 | 0.000313   |    1.76322   |    5.64671   |      0.925 |      0.238 |   70/150  
		  120/1000 | 0.000313   |    2.54319   |    5.72172   |      0.904 |      0.218 |   71/150  
		  121/1000 | 0.000313   |    2.03711   |    5.65811   |      0.920 |      0.235 |   72/150  
		  122/1000 | 0.000313   |    2.39051   |    5.56127   |      0.898 |      0.261 |   73/150  
		  123/1000 | 0.000313   |    1.78372   |    5.53564   |      0.906 |      0.268 |   74/150  
		  124/1000 | 0.000313   |    2.80699   |    5.45981   |      0.882 |      0.288 |   75/150  
		  125/1000 | 0.000313   |    2.62292   |    5.41324   |      0.893 |      0.300 |   76/150  
		  126/1000 | 0.000313   |    2.37414   |    5.38740   |      0.914 |      0.307 |   77/150  
		  127/1000 | 0.000313   |    2.69386   |    5.36883   |      0.906 |      0.312 |   78/150  
		  128/1000 | 0.000156   |    1.87247   |    5.36156   |      0.910 |      0.313 |   79/150  
		  129/1000 | 0.000156   |    3.94399   |    5.44744   |      0.896 |      0.291 |   80/150  
		  130/1000 | 0.000156   |    1.54283   |    5.44987   |      0.919 |      0.291 |   81/150  
		  131/1000 | 0.000156   |    3.39745   |    5.40042   |      0.876 |      0.303 |   82/150  
		  132/1000 | 0.000156   |    1.50622   |    5.39683   |      0.921 |      0.304 |   83/150  
		  133/1000 | 0.000156   |    2.89792   |    5.47739   |      0.896 |      0.283 |   84/150  
		  134/1000 | 0.000156   |    3.13898   |    5.46743   |      0.891 |      0.286 |   85/150  
		  135/1000 | 0.000156   |    2.08242   |    5.41332   |      0.908 |      0.300 |   86/150  
		  136/1000 | 0.000156   |    3.20422   |    5.36612   |      0.917 |      0.312 |   87/150  
		  137/1000 | 0.000156   |    2.15892   |    5.38460   |      0.884 |      0.308 |   88/150  
		  138/1000 | 0.000156   |    2.20769   |    5.38685   |      0.897 |      0.307 |   89/150  
		  139/1000 | 0.000156   |    3.27619   |    5.35272   |      0.894 |      0.316 |   90/150  
		  140/1000 | 0.000156   |    1.81657   |    5.34159   |      0.918 |      0.319 |   91/150  
		  141/1000 | 0.000156   |    1.54898   |    5.39154   |      0.907 |      0.306 |   92/150  
		  142/1000 | 0.000156   |    1.65172   |    5.38931   |      0.939 |      0.306 |   93/150  
		  143/1000 | 0.000156   |    2.80749   |    5.33488   |      0.905 |      0.320 |   94/150  
		  144/1000 | 0.000078   |    1.63417   |    5.37562   |      0.887 |      0.310 |   95/150  
		  145/1000 | 0.000078   |    1.82244   |    5.37595   |      0.909 |      0.310 |   96/150  
		  146/1000 | 0.000078   |    3.55834   |    5.35368   |      0.907 |      0.315 |   97/150  
		  147/1000 | 0.000078   |    2.65403   |    5.37238   |      0.887 |      0.311 |   98/150  
		  148/1000 | 0.000078   |    1.77588   |    5.37906   |      0.910 |      0.309 |   99/150  
		  149/1000 | 0.000078   |    3.36219   |    5.44400   |      0.890 |      0.292 |  100/150  
		  150/1000 | 0.000078   |    1.37288   |    5.45553   |      0.926 |      0.289 |  101/150  
		  151/1000 | 0.000078   |    1.86443   |    5.43709   |      0.898 |      0.294 |  102/150  
		  152/1000 | 0.000078   |    2.02970   |    5.41070   |      0.910 |      0.301 |  103/150  
		  153/1000 | 0.000078   |    1.95890   |    5.45876   |      0.914 |      0.288 |  104/150  
		  154/1000 | 0.000078   |    3.14373   |    5.54337   |      0.909 |      0.266 |  105/150  
		  155/1000 | 0.000078   |    2.41901   |    5.47293   |      0.900 |      0.285 |  106/150  
		  156/1000 | 0.000078   |    4.17369   |    5.63514   |      0.876 |      0.242 |  107/150  
		  157/1000 | 0.000078   |    4.28651   |    5.79322   |      0.881 |      0.198 |  108/150  
		  158/1000 | 0.000078   |    2.80968   |    5.59586   |      0.893 |      0.252 |  109/150  
		  159/1000 | 0.000078   |    3.65633   |    5.72583   |      0.886 |      0.217 |  110/150  
		  160/1000 | 0.000039   |    1.95261   |    5.62859   |      0.886 |      0.243 |  111/150  
		  161/1000 | 0.000039   |    3.00928   |    5.52827   |      0.891 |      0.270 |  112/150  
		  162/1000 | 0.000039   |    2.88032   |    5.50183   |      0.896 |      0.277 |  113/150  
		  163/1000 | 0.000039   |    1.57981   |    5.51988   |      0.925 |      0.272 |  114/150  
		  164/1000 | 0.000039   |    2.31350   |    5.57135   |      0.922 |      0.259 |  115/150  
		  165/1000 | 0.000039   |    4.53679   |    5.76034   |      0.859 |      0.208 |  116/150  
		  166/1000 | 0.000039   |    2.30241   |    5.80974   |      0.931 |      0.194 |  117/150  
		  167/1000 | 0.000039   |    2.29517   |    5.75596   |      0.904 |      0.209 |  118/150  
		  168/1000 | 0.000039   |    2.81361   |    5.60100   |      0.883 |      0.251 |  119/150  
		  169/1000 | 0.000039   |    1.76334   |    5.50247   |      0.904 |      0.277 |  120/150  
		  170/1000 | 0.000039   |    3.85345   |    5.70333   |      0.892 |      0.223 |  121/150  
		  171/1000 | 0.000039   |    2.08537   |    5.58007   |      0.915 |      0.256 |  122/150  
		  172/1000 | 0.000039   |    2.94136   |    5.61392   |      0.902 |      0.247 |  123/150  
		  173/1000 | 0.000039   |    1.71170   |    5.50170   |      0.917 |      0.277 |  124/150  
		  174/1000 | 0.000039   |    1.56411   |    5.51898   |      0.926 |      0.273 |  125/150  
		  175/1000 | 0.000039   |    3.97199   |    5.69450   |      0.909 |      0.226 |  126/150  
		  176/1000 | 0.000020   |    2.79493   |    5.76607   |      0.908 |      0.206 |  127/150  
		  177/1000 | 0.000020   |    2.27943   |    5.64580   |      0.935 |      0.239 |  128/150  
		  178/1000 | 0.000020   |    2.91663   |    5.57085   |      0.876 |      0.259 |  129/150  
		  179/1000 | 0.000020   |    2.17674   |    5.56780   |      0.918 |      0.260 |  130/150  
		  180/1000 | 0.000020   |    5.02613   |    5.46391   |      0.877 |      0.287 |  131/150  
		  181/1000 | 0.000020   |    1.43713   |    5.50173   |      0.932 |      0.277 |  132/150  
		  182/1000 | 0.000020   |    2.24267   |    5.44329   |      0.925 |      0.292 |  133/150  
		  183/1000 | 0.000020   |    1.86999   |    5.41400   |      0.897 |      0.300 |  134/150  
		  184/1000 | 0.000020   |    1.84296   |    5.40643   |      0.916 |      0.302 |  135/150  
		  185/1000 | 0.000020   |    3.44661   |    5.32363   |      0.908 |      0.323 |  136/150  
		  186/1000 | 0.000020   |    2.86403   |    5.29544   |      0.899 |      0.330 |  137/150  
		  187/1000 | 0.000020   |    6.68728   |    5.47952   |      0.826 |      0.283 |  138/150  
		  188/1000 | 0.000020   |    2.01733   |    5.49883   |      0.921 |      0.278 |  139/150  
		  189/1000 | 0.000020   |    2.29858   |    5.43177   |      0.913 |      0.295 |  140/150  
		  190/1000 | 0.000020   |    1.87392   |    5.42441   |      0.914 |      0.297 |  141/150  
		  191/1000 | 0.000020   |    2.14597   |    5.47107   |      0.923 |      0.285 |  142/150  
		  192/1000 | 0.000010   |    1.71503   |    5.44308   |      0.928 |      0.292 |  143/150  
		  193/1000 | 0.000010   |    3.53848   |    5.54948   |      0.892 |      0.264 |  144/150  
		  194/1000 | 0.000010   |    2.42126   |    5.61008   |      0.896 |      0.248 |  145/150  
		  195/1000 | 0.000010   |    2.40204   |    5.47949   |      0.920 |      0.283 |  146/150  
		  196/1000 | 0.000010   |    3.03628   |    5.39367   |      0.872 |      0.305 |  147/150  
		  197/1000 | 0.000010   |    1.59528   |    5.37820   |      0.921 |      0.309 |  148/150  
		  198/1000 | 0.000010   |    1.77524   |    5.36859   |      0.906 |      0.312 |  149/150  

		Early stopping triggered.
		[INFO] Case 1 completed.

	3.2 Training Case 2...
		=== Training Log Started: 2025-11-28 22:08:46.954743 ===
		Run Name: STAFV2_26_CASE2
		Device: cuda
		Epochs: 1000, Batch Size: 128, LR: 0.01
		============================================================
		[INFO] Unique quantized indices: 24154
		[INFO] Suggested num_embeddings: 28984
		[INFO] Processed 1546 valid samples.
		[INFO] Saved merged dataset: ./data/training_results/merged_windowed_dataset_STAFV2_26_CASE2.csv  (shape: (1546, 429))
		[INFO] Saved feature metadata: ./data/training_results/feature_info_STAFV2_26_CASE2.json
		[INFO] Dataset split: 1236 train, 310 val
		[INFO] Scalers fitted and saved.

		✅ Model initialized with 715620 params.
		============================================================
		--------------------------------------------------------------------------------------------
		  Epoch    |     LR     |  Train RMSE  |   Val RMSE   |  Train R²  |   Val R²   |  Patience 
		--------------------------------------------------------------------------------------------
		    1/1000 | 0.010000   |    9.11116   |    8.39601   |     -1.019 |     -0.635 |    0/150  
		    2/1000 | 0.010000   |    8.12213   |    7.43952   |     -0.599 |     -0.295 |    0/150  
		    3/1000 | 0.010000   |    6.80380   |    6.51292   |     -0.131 |      0.028 |    0/150  
		    4/1000 | 0.010000   |    5.33098   |    5.57060   |      0.312 |      0.279 |    0/150  
		    5/1000 | 0.010000   |    3.85681   |    4.82361   |      0.640 |      0.451 |    0/150  
		                                          ╚══> ✅ SAVED (RMSE: 4.8236)
		    6/1000 | 0.010000   |    3.08412   |    4.52551   |      0.771 |      0.489 |    0/150  
		                                          ╚══> ✅ SAVED (RMSE: 4.5255)
		    7/1000 | 0.010000   |    2.85566   |    4.45578   |      0.801 |      0.520 |    0/150  
		                                          ╚══> ✅ SAVED (RMSE: 4.4558)
		    8/1000 | 0.010000   |    2.44689   |    4.69452   |      0.855 |      0.458 |    0/150  
		    9/1000 | 0.010000   |    2.40108   |    4.52625   |      0.861 |      0.493 |    1/150  
		   10/1000 | 0.010000   |    2.32137   |    4.54328   |      0.870 |      0.489 |    2/150  
		   11/1000 | 0.010000   |    2.27781   |    4.65468   |      0.875 |      0.460 |    3/150  
		   12/1000 | 0.010000   |    2.20840   |    4.26747   |      0.884 |      0.535 |    4/150  
		                                          ╚══> ✅ SAVED (RMSE: 4.2675)
		   13/1000 | 0.010000   |    2.15575   |    4.49973   |      0.886 |      0.500 |    0/150  
		   14/1000 | 0.010000   |    2.07578   |    4.55940   |      0.896 |      0.483 |    1/150  
		   15/1000 | 0.010000   |    2.09582   |    4.49243   |      0.894 |      0.496 |    2/150  
		   16/1000 | 0.010000   |    1.99394   |    4.53146   |      0.904 |      0.492 |    3/150  
		   17/1000 | 0.010000   |    2.03775   |    4.43348   |      0.899 |      0.511 |    4/150  
		   18/1000 | 0.010000   |    1.94279   |    4.48603   |      0.907 |      0.501 |    5/150  
		   19/1000 | 0.010000   |    1.90856   |    4.45312   |      0.912 |      0.509 |    6/150  
		   20/1000 | 0.010000   |    1.96607   |    4.40029   |      0.907 |      0.518 |    7/150  
		   21/1000 | 0.010000   |    1.95897   |    4.42692   |      0.908 |      0.512 |    8/150  
		   22/1000 | 0.010000   |    1.90774   |    4.34225   |      0.912 |      0.525 |    9/150  
		   23/1000 | 0.010000   |    1.96611   |    4.39298   |      0.906 |      0.513 |   10/150  
		   24/1000 | 0.010000   |    2.02277   |    4.45146   |      0.900 |      0.489 |   11/150  
		   25/1000 | 0.010000   |    1.91405   |    4.36470   |      0.912 |      0.513 |   12/150  
		   26/1000 | 0.010000   |    1.95922   |    4.21534   |      0.907 |      0.537 |   13/150  
		                                          ╚══> ✅ SAVED (RMSE: 4.2153)
		   27/1000 | 0.010000   |    1.93892   |    4.26175   |      0.909 |      0.524 |    0/150  
		   28/1000 | 0.010000   |    1.84797   |    4.26952   |      0.919 |      0.529 |    1/150  
		   29/1000 | 0.010000   |    1.72164   |    4.49652   |      0.928 |      0.493 |    2/150  
		   30/1000 | 0.010000   |    1.79688   |    4.35578   |      0.921 |      0.519 |    3/150  
		   31/1000 | 0.010000   |    1.78320   |    4.20905   |      0.924 |      0.542 |    4/150  
		                                          ╚══> ✅ SAVED (RMSE: 4.2091)
		   32/1000 | 0.010000   |    1.75700   |    4.34254   |      0.926 |      0.516 |    0/150  
		   33/1000 | 0.010000   |    1.78083   |    4.34795   |      0.924 |      0.509 |    1/150  
		   34/1000 | 0.010000   |    1.83511   |    4.15905   |      0.921 |      0.546 |    2/150  
		                                          ╚══> ✅ SAVED (RMSE: 4.1590)
		   35/1000 | 0.010000   |    1.68699   |    4.21484   |      0.932 |      0.537 |    0/150  
		   36/1000 | 0.010000   |    1.71772   |    4.22252   |      0.930 |      0.533 |    1/150  
		   37/1000 | 0.010000   |    1.76879   |    4.39080   |      0.924 |      0.503 |    2/150  
		   38/1000 | 0.010000   |    1.71310   |    4.43826   |      0.930 |      0.493 |    3/150  
		   39/1000 | 0.010000   |    1.70002   |    4.29328   |      0.930 |      0.527 |    4/150  
		   40/1000 | 0.010000   |    1.69368   |    4.35486   |      0.932 |      0.513 |    5/150  
		   41/1000 | 0.010000   |    1.68060   |    4.23525   |      0.931 |      0.532 |    6/150  
		   42/1000 | 0.010000   |    1.60148   |    4.28041   |      0.938 |      0.526 |    7/150  
		   43/1000 | 0.010000   |    1.67031   |    4.13429   |      0.933 |      0.547 |    8/150  
		                                          ╚══> ✅ SAVED (RMSE: 4.1343)
		   44/1000 | 0.010000   |    1.76939   |    4.19756   |      0.924 |      0.536 |    0/150  
		   45/1000 | 0.010000   |    1.74970   |    4.20599   |      0.926 |      0.536 |    1/150  
		   46/1000 | 0.010000   |    1.63008   |    4.12379   |      0.936 |      0.550 |    2/150  
		                                          ╚══> ✅ SAVED (RMSE: 4.1238)
		   47/1000 | 0.010000   |    1.59870   |    4.32043   |      0.939 |      0.509 |    0/150  
		   48/1000 | 0.010000   |    1.60123   |    4.32258   |      0.938 |      0.509 |    1/150  
		   49/1000 | 0.010000   |    1.63153   |    4.25099   |      0.937 |      0.535 |    2/150  
		   50/1000 | 0.010000   |    1.61854   |    4.31833   |      0.937 |      0.520 |    3/150  
		   51/1000 | 0.010000   |    1.66234   |    4.31403   |      0.933 |      0.522 |    4/150  
		   52/1000 | 0.010000   |    1.61663   |    4.25604   |      0.937 |      0.531 |    5/150  
		   53/1000 | 0.010000   |    1.58909   |    4.19939   |      0.939 |      0.540 |    6/150  
		   54/1000 | 0.010000   |    1.58202   |    4.28640   |      0.939 |      0.518 |    7/150  
		   55/1000 | 0.010000   |    1.57489   |    4.24232   |      0.940 |      0.538 |    8/150  
		   56/1000 | 0.010000   |    1.57796   |    4.12671   |      0.940 |      0.553 |    9/150  
		   57/1000 | 0.010000   |    1.57302   |    4.22796   |      0.940 |      0.529 |   10/150  
		   58/1000 | 0.010000   |    1.64838   |    4.35445   |      0.934 |      0.510 |   11/150  
		   59/1000 | 0.010000   |    1.54814   |    4.40454   |      0.942 |      0.504 |   12/150  
		   60/1000 | 0.010000   |    1.54490   |    4.54742   |      0.942 |      0.479 |   13/150  
		   61/1000 | 0.010000   |    1.50534   |    4.29218   |      0.946 |      0.518 |   14/150  
		   62/1000 | 0.010000   |    1.54926   |    4.26357   |      0.942 |      0.532 |   15/150  
		   63/1000 | 0.010000   |    1.60059   |    4.20368   |      0.938 |      0.542 |   16/150  
		   64/1000 | 0.010000   |    1.54506   |    4.26435   |      0.942 |      0.533 |   17/150  
		   65/1000 | 0.010000   |    1.48167   |    4.33234   |      0.947 |      0.523 |   18/150  
		   66/1000 | 0.010000   |    1.52561   |    4.20262   |      0.944 |      0.544 |   19/150  
		   67/1000 | 0.010000   |    1.54059   |    4.14415   |      0.943 |      0.553 |   20/150  
		   68/1000 | 0.010000   |    1.65460   |    4.33605   |      0.934 |      0.526 |   21/150  
		   69/1000 | 0.010000   |    1.63409   |    4.29935   |      0.938 |      0.515 |   22/150  
		   70/1000 | 0.010000   |    1.67385   |    4.23700   |      0.932 |      0.541 |   23/150  
		   71/1000 | 0.010000   |    1.60664   |    4.31898   |      0.939 |      0.515 |   24/150  
		   72/1000 | 0.005000   |    1.54179   |    4.43336   |      0.943 |      0.498 |   25/150  
		   73/1000 | 0.005000   |    1.45537   |    4.47276   |      0.950 |      0.489 |   26/150  
		   74/1000 | 0.005000   |    1.48680   |    4.43073   |      0.946 |      0.495 |   27/150  
		   75/1000 | 0.005000   |    1.58025   |    4.49521   |      0.939 |      0.486 |   28/150  
		   76/1000 | 0.005000   |    1.38638   |    4.50172   |      0.954 |      0.484 |   29/150  
		   77/1000 | 0.005000   |    1.53124   |    4.40212   |      0.944 |      0.501 |   30/150  
		   78/1000 | 0.005000   |    1.46971   |    4.26706   |      0.947 |      0.526 |   31/150  
		   79/1000 | 0.005000   |    1.39018   |    4.29943   |      0.953 |      0.520 |   32/150  
		   80/1000 | 0.005000   |    1.45555   |    4.29045   |      0.949 |      0.521 |   33/150  
		   81/1000 | 0.005000   |    1.45725   |    4.31871   |      0.949 |      0.517 |   34/150  
		   82/1000 | 0.005000   |    1.45844   |    4.33571   |      0.948 |      0.513 |   35/150  
		   83/1000 | 0.005000   |    1.37710   |    4.39827   |      0.955 |      0.500 |   36/150  
		   84/1000 | 0.005000   |    1.43887   |    4.39537   |      0.950 |      0.498 |   37/150  
		   85/1000 | 0.005000   |    1.47565   |    4.33639   |      0.947 |      0.511 |   38/150  
		   86/1000 | 0.005000   |    1.38975   |    4.32347   |      0.954 |      0.516 |   39/150  
		   87/1000 | 0.005000   |    1.48728   |    4.40976   |      0.948 |      0.501 |   40/150  
		   88/1000 | 0.002500   |    1.41453   |    4.49523   |      0.952 |      0.484 |   41/150  
		   89/1000 | 0.002500   |    1.41086   |    4.47229   |      0.952 |      0.490 |   42/150  
		   90/1000 | 0.002500   |    1.40132   |    4.44914   |      0.953 |      0.494 |   43/150  
		   91/1000 | 0.002500   |    1.38736   |    4.44113   |      0.953 |      0.496 |   44/150  
		   92/1000 | 0.002500   |    1.40811   |    4.41733   |      0.952 |      0.496 |   45/150  
		   93/1000 | 0.002500   |    1.37282   |    4.36462   |      0.954 |      0.504 |   46/150  
		   94/1000 | 0.002500   |    1.39013   |    4.32975   |      0.953 |      0.511 |   47/150  
		   95/1000 | 0.002500   |    1.43831   |    4.34270   |      0.950 |      0.509 |   48/150  
		   96/1000 | 0.002500   |    1.40596   |    4.37985   |      0.953 |      0.504 |   49/150  
		   97/1000 | 0.002500   |    1.37704   |    4.35972   |      0.954 |      0.503 |   50/150  
		   98/1000 | 0.002500   |    1.33453   |    4.36722   |      0.956 |      0.502 |   51/150  
		   99/1000 | 0.002500   |    1.44219   |    4.36870   |      0.950 |      0.503 |   52/150  
		  100/1000 | 0.002500   |    1.43756   |    4.34818   |      0.951 |      0.508 |   53/150  
		  101/1000 | 0.002500   |    1.41019   |    4.30412   |      0.953 |      0.518 |   54/150  
		  102/1000 | 0.002500   |    1.40497   |    4.29865   |      0.952 |      0.520 |   55/150  
		  103/1000 | 0.002500   |    1.48763   |    4.37048   |      0.946 |      0.506 |   56/150  
		  104/1000 | 0.001250   |    1.32392   |    4.41664   |      0.957 |      0.496 |   57/150  
		  105/1000 | 0.001250   |    1.38547   |    4.43512   |      0.954 |      0.495 |   58/150  
		  106/1000 | 0.001250   |    1.35561   |    4.44452   |      0.956 |      0.495 |   59/150  
		  107/1000 | 0.001250   |    1.33260   |    4.43102   |      0.957 |      0.497 |   60/150  
		  108/1000 | 0.001250   |    1.44050   |    4.39539   |      0.950 |      0.502 |   61/150  
		  109/1000 | 0.001250   |    1.39669   |    4.39395   |      0.953 |      0.503 |   62/150  
		  110/1000 | 0.001250   |    1.45492   |    4.41328   |      0.949 |      0.500 |   63/150  
		  111/1000 | 0.001250   |    1.44460   |    4.41478   |      0.950 |      0.497 |   64/150  
		  112/1000 | 0.001250   |    1.44004   |    4.41401   |      0.949 |      0.497 |   65/150  
		  113/1000 | 0.001250   |    1.47220   |    4.38715   |      0.948 |      0.504 |   66/150  
		  114/1000 | 0.001250   |    1.34798   |    4.35804   |      0.957 |      0.506 |   67/150  
		  115/1000 | 0.001250   |    1.51397   |    4.37984   |      0.945 |      0.503 |   68/150  
		  116/1000 | 0.001250   |    1.31460   |    4.43905   |      0.958 |      0.492 |   69/150  
		  117/1000 | 0.001250   |    1.40251   |    4.49028   |      0.952 |      0.485 |   70/150  
		  118/1000 | 0.001250   |    1.55883   |    4.46377   |      0.943 |      0.488 |   71/150  
		  119/1000 | 0.001250   |    1.35890   |    4.43373   |      0.957 |      0.495 |   72/150  
		  120/1000 | 0.000625   |    1.38283   |    4.42543   |      0.955 |      0.495 |   73/150  
		  121/1000 | 0.000625   |    1.42022   |    4.42220   |      0.951 |      0.495 |   74/150  
		  122/1000 | 0.000625   |    1.28744   |    4.40841   |      0.960 |      0.496 |   75/150  
		  123/1000 | 0.000625   |    1.29543   |    4.41626   |      0.959 |      0.495 |   76/150  
		  124/1000 | 0.000625   |    1.36055   |    4.41686   |      0.956 |      0.494 |   77/150  
		  125/1000 | 0.000625   |    1.43237   |    4.42315   |      0.951 |      0.493 |   78/150  
		  126/1000 | 0.000625   |    1.40193   |    4.39869   |      0.953 |      0.497 |   79/150  
		  127/1000 | 0.000625   |    1.35720   |    4.38065   |      0.955 |      0.500 |   80/150  
		  128/1000 | 0.000625   |    1.41652   |    4.39090   |      0.952 |      0.499 |   81/150  
		  129/1000 | 0.000625   |    1.40596   |    4.39313   |      0.952 |      0.498 |   82/150  
		  130/1000 | 0.000625   |    1.32160   |    4.41270   |      0.958 |      0.495 |   83/150  
		  131/1000 | 0.000625   |    1.45913   |    4.41214   |      0.949 |      0.496 |   84/150  
		  132/1000 | 0.000625   |    1.44876   |    4.41866   |      0.950 |      0.495 |   85/150  
		  133/1000 | 0.000625   |    1.50086   |    4.43955   |      0.945 |      0.492 |   86/150  
		  134/1000 | 0.000625   |    1.41173   |    4.45629   |      0.952 |      0.489 |   87/150  
		  135/1000 | 0.000625   |    1.50593   |    4.44332   |      0.945 |      0.491 |   88/150  
		  136/1000 | 0.000313   |    1.42474   |    4.43819   |      0.952 |      0.490 |   89/150  
		  137/1000 | 0.000313   |    1.34601   |    4.44218   |      0.956 |      0.490 |   90/150  
		  138/1000 | 0.000313   |    1.39405   |    4.44481   |      0.953 |      0.488 |   91/150  
		  139/1000 | 0.000313   |    1.40328   |    4.45016   |      0.953 |      0.488 |   92/150  
		  140/1000 | 0.000313   |    1.36918   |    4.46227   |      0.955 |      0.488 |   93/150  
		  141/1000 | 0.000313   |    1.34741   |    4.45925   |      0.956 |      0.488 |   94/150  
		  142/1000 | 0.000313   |    1.34270   |    4.46662   |      0.956 |      0.488 |   95/150  
		  143/1000 | 0.000313   |    1.36663   |    4.46801   |      0.955 |      0.489 |   96/150  
		  144/1000 | 0.000313   |    1.38366   |    4.46139   |      0.954 |      0.490 |   97/150  
		  145/1000 | 0.000313   |    1.29758   |    4.44973   |      0.959 |      0.492 |   98/150  
		  146/1000 | 0.000313   |    1.41279   |    4.43339   |      0.952 |      0.495 |   99/150  
		  147/1000 | 0.000313   |    1.30717   |    4.43722   |      0.959 |      0.492 |  100/150  
		  148/1000 | 0.000313   |    1.47768   |    4.43498   |      0.948 |      0.494 |  101/150  
		  149/1000 | 0.000313   |    1.39364   |    4.42332   |      0.953 |      0.496 |  102/150  
		  150/1000 | 0.000313   |    1.32352   |    4.43307   |      0.958 |      0.495 |  103/150  
		  151/1000 | 0.000313   |    1.41262   |    4.43000   |      0.953 |      0.496 |  104/150  
		  152/1000 | 0.000156   |    1.33201   |    4.44338   |      0.958 |      0.494 |  105/150  
		  153/1000 | 0.000156   |    1.45162   |    4.42524   |      0.949 |      0.497 |  106/150  
		  154/1000 | 0.000156   |    1.34246   |    4.42265   |      0.957 |      0.497 |  107/150  
		  155/1000 | 0.000156   |    1.32326   |    4.43262   |      0.958 |      0.496 |  108/150  
		  156/1000 | 0.000156   |    1.26011   |    4.42656   |      0.961 |      0.496 |  109/150  
		  157/1000 | 0.000156   |    1.33188   |    4.43823   |      0.957 |      0.495 |  110/150  
		  158/1000 | 0.000156   |    1.44730   |    4.42383   |      0.951 |      0.497 |  111/150  
		  159/1000 | 0.000156   |    1.36763   |    4.43241   |      0.955 |      0.497 |  112/150  
		  160/1000 | 0.000156   |    1.39434   |    4.42890   |      0.954 |      0.496 |  113/150  
		  161/1000 | 0.000156   |    1.37068   |    4.42460   |      0.955 |      0.498 |  114/150  
		  162/1000 | 0.000156   |    1.37575   |    4.42164   |      0.954 |      0.499 |  115/150  
		  163/1000 | 0.000156   |    1.48193   |    4.44355   |      0.947 |      0.495 |  116/150  
		  164/1000 | 0.000156   |    1.30424   |    4.43849   |      0.959 |      0.496 |  117/150  
		  165/1000 | 0.000156   |    1.37130   |    4.44649   |      0.955 |      0.495 |  118/150  
		  166/1000 | 0.000156   |    1.33684   |    4.44870   |      0.957 |      0.494 |  119/150  
		  167/1000 | 0.000156   |    1.38018   |    4.43872   |      0.954 |      0.495 |  120/150  
		  168/1000 | 0.000078   |    1.43029   |    4.45320   |      0.950 |      0.493 |  121/150  
		  169/1000 | 0.000078   |    1.36577   |    4.45481   |      0.955 |      0.493 |  122/150  
		  170/1000 | 0.000078   |    1.31443   |    4.45271   |      0.958 |      0.493 |  123/150  
		  171/1000 | 0.000078   |    1.37033   |    4.44588   |      0.955 |      0.494 |  124/150  
		  172/1000 | 0.000078   |    1.47720   |    4.44924   |      0.947 |      0.494 |  125/150  
		  173/1000 | 0.000078   |    1.44694   |    4.43822   |      0.950 |      0.494 |  126/150  
		  174/1000 | 0.000078   |    1.33163   |    4.45766   |      0.958 |      0.491 |  127/150  
		  175/1000 | 0.000078   |    1.33309   |    4.44767   |      0.957 |      0.493 |  128/150  
		  176/1000 | 0.000078   |    1.36569   |    4.44809   |      0.955 |      0.493 |  129/150  
		  177/1000 | 0.000078   |    1.27580   |    4.45297   |      0.961 |      0.493 |  130/150  
		  178/1000 | 0.000078   |    1.39010   |    4.45269   |      0.953 |      0.493 |  131/150  
		  179/1000 | 0.000078   |    1.42548   |    4.44542   |      0.951 |      0.494 |  132/150  
		  180/1000 | 0.000078   |    1.40808   |    4.45034   |      0.952 |      0.494 |  133/150  
		  181/1000 | 0.000078   |    1.31203   |    4.43941   |      0.959 |      0.494 |  134/150  
		  182/1000 | 0.000078   |    1.33320   |    4.44336   |      0.957 |      0.494 |  135/150  
		  183/1000 | 0.000078   |    1.41045   |    4.46176   |      0.953 |      0.492 |  136/150  
		  184/1000 | 0.000039   |    1.37316   |    4.46156   |      0.954 |      0.493 |  137/150  
		  185/1000 | 0.000039   |    1.36926   |    4.44526   |      0.955 |      0.494 |  138/150  
		  186/1000 | 0.000039   |    1.41845   |    4.44850   |      0.951 |      0.494 |  139/150  
		  187/1000 | 0.000039   |    1.31759   |    4.45622   |      0.958 |      0.494 |  140/150  
		  188/1000 | 0.000039   |    1.31443   |    4.45547   |      0.958 |      0.493 |  141/150  
		  189/1000 | 0.000039   |    1.29718   |    4.44820   |      0.959 |      0.494 |  142/150  
		  190/1000 | 0.000039   |    1.40153   |    4.44918   |      0.953 |      0.494 |  143/150  
		  191/1000 | 0.000039   |    1.44112   |    4.45220   |      0.950 |      0.494 |  144/150  
		  192/1000 | 0.000039   |    1.30327   |    4.44474   |      0.959 |      0.494 |  145/150  
		  193/1000 | 0.000039   |    1.36002   |    4.43996   |      0.956 |      0.494 |  146/150  
		  194/1000 | 0.000039   |    1.29257   |    4.44639   |      0.960 |      0.494 |  147/150  
		  195/1000 | 0.000039   |    1.40572   |    4.44715   |      0.953 |      0.493 |  148/150  
		  196/1000 | 0.000039   |    1.29264   |    4.44772   |      0.960 |      0.493 |  149/150  

		Early stopping triggered.
		[INFO] Case 2 completed.

	3.3 Training Case 3...
		=== Training Log Started: 2025-11-28 22:12:49.652822 ===
		Run Name: STAFV2_26_CASE3
		Device: cuda
		Epochs: 1000, Batch Size: 128, LR: 0.01
		============================================================
		[INFO] Unique quantized indices: 36538
		[INFO] Suggested num_embeddings: 43845
		[INFO] Processed 3546 valid samples.
		[INFO] Saved merged dataset: ./data/training_results/merged_windowed_dataset_STAFV2_26_CASE3.csv  (shape: (3546, 429))
		[INFO] Saved feature metadata: ./data/training_results/feature_info_STAFV2_26_CASE3.json
		[INFO] Dataset split: 2836 train, 710 val
		[INFO] Scalers fitted and saved.

		✅ Model initialized with 715620 params.
		============================================================
		--------------------------------------------------------------------------------------------
		  Epoch    |     LR     |  Train RMSE  |   Val RMSE   |  Train R²  |   Val R²   |  Patience 
		--------------------------------------------------------------------------------------------
		    1/1000 | 0.010000   |    8.27747   |    6.13657   |     -0.746 |      0.072 |    0/150  
		    2/1000 | 0.010000   |    5.63008   |    4.75594   |      0.185 |      0.437 |    0/150  
		                                          ╚══> ✅ SAVED (RMSE: 4.7559)
		    3/1000 | 0.010000   |    3.86180   |    4.49417   |      0.622 |      0.494 |    0/150  
		                                          ╚══> ✅ SAVED (RMSE: 4.4942)
		    4/1000 | 0.010000   |    3.40242   |    4.38903   |      0.706 |      0.516 |    0/150  
		                                          ╚══> ✅ SAVED (RMSE: 4.3890)
		    5/1000 | 0.010000   |    2.94463   |    4.24612   |      0.782 |      0.549 |    0/150  
		                                          ╚══> ✅ SAVED (RMSE: 4.2461)
		    6/1000 | 0.010000   |    2.62520   |    4.39461   |      0.832 |      0.519 |    0/150  
		    7/1000 | 0.010000   |    2.49009   |    4.37202   |      0.846 |      0.528 |    1/150  
		    8/1000 | 0.010000   |    2.37629   |    4.51596   |      0.864 |      0.495 |    2/150  
		    9/1000 | 0.010000   |    2.24574   |    4.42922   |      0.871 |      0.509 |    3/150  
		   10/1000 | 0.010000   |    2.17019   |    4.39738   |      0.888 |      0.517 |    4/150  
		   11/1000 | 0.010000   |    2.09926   |    4.58144   |      0.890 |      0.478 |    5/150  
		   12/1000 | 0.010000   |    2.21072   |    4.58822   |      0.877 |      0.480 |    6/150  
		   13/1000 | 0.010000   |    2.09944   |    4.45091   |      0.891 |      0.504 |    7/150  
		   14/1000 | 0.010000   |    2.34084   |    4.51814   |      0.877 |      0.494 |    8/150  
		   15/1000 | 0.010000   |    2.13565   |    4.50199   |      0.884 |      0.498 |    9/150  
		   16/1000 | 0.010000   |    2.09965   |    4.55049   |      0.891 |      0.489 |   10/150  
		   17/1000 | 0.010000   |    2.13860   |    4.42338   |      0.890 |      0.518 |   11/150  
		   18/1000 | 0.010000   |    2.03009   |    4.43545   |      0.899 |      0.513 |   12/150  
		   19/1000 | 0.010000   |    2.01501   |    4.56804   |      0.902 |      0.481 |   13/150  
		   20/1000 | 0.010000   |    2.10110   |    4.57106   |      0.897 |      0.484 |   14/150  
		   21/1000 | 0.005000   |    2.16439   |    4.62123   |      0.895 |      0.469 |   15/150  
		   22/1000 | 0.005000   |    1.95400   |    4.38832   |      0.903 |      0.518 |   16/150  
		   23/1000 | 0.005000   |    1.90146   |    4.47533   |      0.914 |      0.501 |   17/150  
		   24/1000 | 0.005000   |    1.93996   |    4.57917   |      0.919 |      0.475 |   18/150  
		   25/1000 | 0.005000   |    1.75226   |    4.52355   |      0.922 |      0.491 |   19/150  
		   26/1000 | 0.005000   |    1.77922   |    4.48188   |      0.923 |      0.499 |   20/150  
		   27/1000 | 0.005000   |    1.82160   |    4.50318   |      0.921 |      0.494 |   21/150  
		   28/1000 | 0.005000   |    1.78586   |    4.58119   |      0.920 |      0.476 |   22/150  
		   29/1000 | 0.005000   |    1.74601   |    4.60373   |      0.928 |      0.470 |   23/150  
		   30/1000 | 0.005000   |    1.70775   |    4.60620   |      0.929 |      0.467 |   24/150  
		   31/1000 | 0.005000   |    1.70599   |    4.50482   |      0.928 |      0.490 |   25/150  
		   32/1000 | 0.005000   |    1.79288   |    4.64015   |      0.932 |      0.462 |   26/150  
		   33/1000 | 0.005000   |    1.69266   |    4.57110   |      0.928 |      0.477 |   27/150  
		   34/1000 | 0.005000   |    1.68200   |    4.54444   |      0.935 |      0.480 |   28/150  
		   35/1000 | 0.005000   |    1.86479   |    4.62080   |      0.923 |      0.463 |   29/150  
		   36/1000 | 0.005000   |    1.82826   |    4.49863   |      0.919 |      0.490 |   30/150  
		   37/1000 | 0.002500   |    1.62719   |    4.52361   |      0.934 |      0.486 |   31/150  
		   38/1000 | 0.002500   |    1.75322   |    4.47124   |      0.930 |      0.496 |   32/150  
		   39/1000 | 0.002500   |    1.67251   |    4.52563   |      0.932 |      0.484 |   33/150  
		   40/1000 | 0.002500   |    1.59844   |    4.51823   |      0.938 |      0.486 |   34/150  
		   41/1000 | 0.002500   |    1.71640   |    4.48309   |      0.931 |      0.496 |   35/150  
		   42/1000 | 0.002500   |    1.55078   |    4.48529   |      0.939 |      0.495 |   36/150  
		   43/1000 | 0.002500   |    1.69568   |    4.50880   |      0.934 |      0.490 |   37/150  
		   44/1000 | 0.002500   |    1.68933   |    4.62186   |      0.930 |      0.466 |   38/150  
		   45/1000 | 0.002500   |    1.53549   |    4.62604   |      0.942 |      0.466 |   39/150  
		   46/1000 | 0.002500   |    1.53408   |    4.51562   |      0.942 |      0.491 |   40/150  
		   47/1000 | 0.002500   |    1.55436   |    4.57049   |      0.943 |      0.480 |   41/150  
		   48/1000 | 0.002500   |    1.57892   |    4.63265   |      0.940 |      0.465 |   42/150  
		   49/1000 | 0.002500   |    1.53844   |    4.55628   |      0.942 |      0.483 |   43/150  
		   50/1000 | 0.002500   |    1.54608   |    4.58099   |      0.943 |      0.476 |   44/150  
		   51/1000 | 0.002500   |    1.61219   |    4.62046   |      0.942 |      0.467 |   45/150  
		   52/1000 | 0.002500   |    1.57373   |    4.57028   |      0.939 |      0.480 |   46/150  
		   53/1000 | 0.001250   |    1.54707   |    4.60147   |      0.940 |      0.474 |   47/150  
		   54/1000 | 0.001250   |    1.46044   |    4.64712   |      0.946 |      0.462 |   48/150  
		   55/1000 | 0.001250   |    1.51333   |    4.58810   |      0.944 |      0.475 |   49/150  
		   56/1000 | 0.001250   |    1.48073   |    4.62973   |      0.945 |      0.465 |   50/150  
		   57/1000 | 0.001250   |    1.49882   |    4.62936   |      0.944 |      0.466 |   51/150  
		   58/1000 | 0.001250   |    1.57043   |    4.66370   |      0.939 |      0.458 |   52/150  
		   59/1000 | 0.001250   |    1.53143   |    4.69762   |      0.942 |      0.449 |   53/150  
		   60/1000 | 0.001250   |    1.55452   |    4.62021   |      0.942 |      0.468 |   54/150  
		   61/1000 | 0.001250   |    1.54834   |    4.56113   |      0.943 |      0.480 |   55/150  
		   62/1000 | 0.001250   |    1.55299   |    4.63212   |      0.941 |      0.465 |   56/150  
		   63/1000 | 0.001250   |    1.51239   |    4.60978   |      0.944 |      0.471 |   57/150  
		   64/1000 | 0.001250   |    1.49516   |    4.70475   |      0.944 |      0.448 |   58/150  
		   65/1000 | 0.001250   |    1.49150   |    4.66313   |      0.945 |      0.458 |   59/150  
		   66/1000 | 0.001250   |    1.76875   |    4.63083   |      0.937 |      0.466 |   60/150  
		   67/1000 | 0.001250   |    1.45541   |    4.66276   |      0.947 |      0.459 |   61/150  
		   68/1000 | 0.001250   |    1.50512   |    4.63724   |      0.942 |      0.465 |   62/150  
		   69/1000 | 0.000625   |    1.47818   |    4.65001   |      0.946 |      0.461 |   63/150  
		   70/1000 | 0.000625   |    1.51602   |    4.70396   |      0.947 |      0.449 |   64/150  
		   71/1000 | 0.000625   |    1.52886   |    4.60217   |      0.945 |      0.472 |   65/150  
		   72/1000 | 0.000625   |    1.58479   |    4.62634   |      0.942 |      0.467 |   66/150  
		   73/1000 | 0.000625   |    1.46580   |    4.65323   |      0.945 |      0.460 |   67/150  
		   74/1000 | 0.000625   |    1.56823   |    4.68193   |      0.941 |      0.455 |   68/150  
		   75/1000 | 0.000625   |    1.54383   |    4.74965   |      0.941 |      0.439 |   69/150  
		   76/1000 | 0.000625   |    1.42613   |    4.67201   |      0.949 |      0.457 |   70/150  
		   77/1000 | 0.000625   |    1.47515   |    4.69033   |      0.945 |      0.452 |   71/150  
		   78/1000 | 0.000625   |    1.53118   |    4.66913   |      0.941 |      0.457 |   72/150  
		   79/1000 | 0.000625   |    1.43620   |    4.68536   |      0.948 |      0.454 |   73/150  
		   80/1000 | 0.000625   |    1.43227   |    4.66762   |      0.947 |      0.457 |   74/150  
		   81/1000 | 0.000625   |    1.48745   |    4.65973   |      0.945 |      0.459 |   75/150  
		   82/1000 | 0.000625   |    1.44218   |    4.64729   |      0.949 |      0.462 |   76/150  
		   83/1000 | 0.000625   |    1.49299   |    4.69501   |      0.944 |      0.452 |   77/150  
		   84/1000 | 0.000625   |    1.60794   |    4.64543   |      0.947 |      0.463 |   78/150  
		   85/1000 | 0.000313   |    1.51030   |    4.66514   |      0.947 |      0.458 |   79/150  
		   86/1000 | 0.000313   |    1.41465   |    4.70864   |      0.948 |      0.448 |   80/150  
		   87/1000 | 0.000313   |    1.51357   |    4.67434   |      0.945 |      0.457 |   81/150  
		   88/1000 | 0.000313   |    1.47263   |    4.68662   |      0.944 |      0.453 |   82/150  
		   89/1000 | 0.000313   |    1.50958   |    4.72351   |      0.949 |      0.445 |   83/150  
		   90/1000 | 0.000313   |    1.50127   |    4.69907   |      0.944 |      0.450 |   84/150  
		   91/1000 | 0.000313   |    1.51061   |    4.67696   |      0.945 |      0.456 |   85/150  
		   92/1000 | 0.000313   |    1.51146   |    4.66971   |      0.942 |      0.457 |   86/150  
		   93/1000 | 0.000313   |    1.53698   |    4.74781   |      0.943 |      0.439 |   87/150  
		   94/1000 | 0.000313   |    1.42370   |    4.66140   |      0.949 |      0.459 |   88/150  
		   95/1000 | 0.000313   |    1.59573   |    4.69335   |      0.941 |      0.452 |   89/150  
		   96/1000 | 0.000313   |    1.46406   |    4.67857   |      0.947 |      0.456 |   90/150  
		   97/1000 | 0.000313   |    1.54214   |    4.64563   |      0.949 |      0.464 |   91/150  
		   98/1000 | 0.000313   |    1.49802   |    4.65745   |      0.947 |      0.461 |   92/150  
		   99/1000 | 0.000313   |    1.55881   |    4.66908   |      0.939 |      0.458 |   93/150  
		  100/1000 | 0.000313   |    1.47439   |    4.67670   |      0.947 |      0.456 |   94/150  
		  101/1000 | 0.000156   |    1.46553   |    4.65499   |      0.950 |      0.461 |   95/150  
		  102/1000 | 0.000156   |    1.53787   |    4.72674   |      0.947 |      0.444 |   96/150  
		  103/1000 | 0.000156   |    1.47314   |    4.65665   |      0.947 |      0.460 |   97/150  
		  104/1000 | 0.000156   |    1.47952   |    4.71884   |      0.945 |      0.446 |   98/150  
		  105/1000 | 0.000156   |    1.48733   |    4.72889   |      0.945 |      0.443 |   99/150  
		  106/1000 | 0.000156   |    1.46907   |    4.69019   |      0.946 |      0.452 |  100/150  
		  107/1000 | 0.000156   |    1.72949   |    4.65674   |      0.947 |      0.461 |  101/150  
		  108/1000 | 0.000156   |    1.53355   |    4.69768   |      0.944 |      0.451 |  102/150  
		  109/1000 | 0.000156   |    1.41645   |    4.70529   |      0.950 |      0.449 |  103/150  
		  110/1000 | 0.000156   |    1.43364   |    4.67188   |      0.951 |      0.457 |  104/150  
		  111/1000 | 0.000156   |    1.47118   |    4.75654   |      0.950 |      0.436 |  105/150  
		  112/1000 | 0.000156   |    1.61810   |    4.73831   |      0.943 |      0.441 |  106/150  
		  113/1000 | 0.000156   |    1.46986   |    4.72989   |      0.950 |      0.442 |  107/150  
		  114/1000 | 0.000156   |    1.43807   |    4.67404   |      0.948 |      0.456 |  108/150  
		  115/1000 | 0.000156   |    1.42730   |    4.70892   |      0.952 |      0.448 |  109/150  
		  116/1000 | 0.000156   |    1.43795   |    4.66838   |      0.950 |      0.457 |  110/150  
		  117/1000 | 0.000078   |    1.43732   |    4.73532   |      0.950 |      0.442 |  111/150  
		  118/1000 | 0.000078   |    1.47192   |    4.70418   |      0.947 |      0.449 |  112/150  
		  119/1000 | 0.000078   |    1.38010   |    4.67249   |      0.952 |      0.456 |  113/150  
		  120/1000 | 0.000078   |    1.41105   |    4.69036   |      0.950 |      0.452 |  114/150  
		  121/1000 | 0.000078   |    1.48191   |    4.68686   |      0.944 |      0.453 |  115/150  
		  122/1000 | 0.000078   |    1.42426   |    4.68845   |      0.949 |      0.453 |  116/150  
		  123/1000 | 0.000078   |    1.41838   |    4.69329   |      0.950 |      0.451 |  117/150  
		  124/1000 | 0.000078   |    1.53861   |    4.71918   |      0.947 |      0.445 |  118/150  
		  125/1000 | 0.000078   |    1.45459   |    4.67523   |      0.951 |      0.456 |  119/150  
		  126/1000 | 0.000078   |    1.49690   |    4.64991   |      0.948 |      0.462 |  120/150  
		  127/1000 | 0.000078   |    1.48415   |    4.67055   |      0.947 |      0.457 |  121/150  
		  128/1000 | 0.000078   |    1.50380   |    4.67199   |      0.943 |      0.457 |  122/150  
		  129/1000 | 0.000078   |    1.42514   |    4.68765   |      0.949 |      0.453 |  123/150  
		  130/1000 | 0.000078   |    1.45688   |    4.67555   |      0.947 |      0.455 |  124/150  
		  131/1000 | 0.000078   |    1.45023   |    4.71384   |      0.948 |      0.446 |  125/150  
		  132/1000 | 0.000078   |    1.43490   |    4.70604   |      0.950 |      0.448 |  126/150  
		  133/1000 | 0.000039   |    1.54493   |    4.70484   |      0.941 |      0.449 |  127/150  
		  134/1000 | 0.000039   |    1.45171   |    4.69847   |      0.948 |      0.450 |  128/150  
		  135/1000 | 0.000039   |    1.45386   |    4.75020   |      0.950 |      0.438 |  129/150  
		  136/1000 | 0.000039   |    1.50791   |    4.72654   |      0.947 |      0.444 |  130/150  
		  137/1000 | 0.000039   |    1.41688   |    4.73602   |      0.950 |      0.442 |  131/150  
		  138/1000 | 0.000039   |    1.48486   |    4.72920   |      0.948 |      0.444 |  132/150  
		  139/1000 | 0.000039   |    1.43739   |    4.75312   |      0.949 |      0.438 |  133/150  
		  140/1000 | 0.000039   |    1.39029   |    4.69473   |      0.952 |      0.451 |  134/150  
		  141/1000 | 0.000039   |    1.51173   |    4.69822   |      0.945 |      0.450 |  135/150  
		  142/1000 | 0.000039   |    1.47477   |    4.71410   |      0.945 |      0.447 |  136/150  
		  143/1000 | 0.000039   |    1.45128   |    4.74192   |      0.949 |      0.440 |  137/150  
		  144/1000 | 0.000039   |    1.50929   |    4.72093   |      0.942 |      0.445 |  138/150  
		  145/1000 | 0.000039   |    1.42787   |    4.69923   |      0.949 |      0.450 |  139/150  
		  146/1000 | 0.000039   |    1.35460   |    4.72326   |      0.954 |      0.444 |  140/150  
		  147/1000 | 0.000039   |    1.38007   |    4.74477   |      0.951 |      0.440 |  141/150  
		  148/1000 | 0.000039   |    1.44095   |    4.70202   |      0.947 |      0.450 |  142/150  
		  149/1000 | 0.000020   |    1.54349   |    4.76383   |      0.944 |      0.435 |  143/150  
		  150/1000 | 0.000020   |    1.42544   |    4.76865   |      0.950 |      0.434 |  144/150  
		  151/1000 | 0.000020   |    1.57757   |    4.67220   |      0.950 |      0.457 |  145/150  
		  152/1000 | 0.000020   |    1.48721   |    4.70526   |      0.949 |      0.449 |  146/150  
		  153/1000 | 0.000020   |    1.47882   |    4.71997   |      0.947 |      0.445 |  147/150  
		  154/1000 | 0.000020   |    1.38440   |    4.73731   |      0.951 |      0.441 |  148/150  
		  155/1000 | 0.000020   |    1.54384   |    4.67915   |      0.943 |      0.455 |  149/150  

		Early stopping triggered.
		[INFO] Case 3 completed.
