nohup: ignoring input
Crash diagnostics ON


==================================================
PART 1: Data preprocess for 2023-01-01 00:00:00 to 2024-09-30 23:00:00...
==================================================

	1.1 Preprocessing radiation data...
		[INFO] Radiation data already exists at './data/timeseries/radiation_data.csv'

	1.2 Preprocessing temperature data...
		[INFO] Temperature data already exists at './data/timeseries/temperature_data.csv'

	1.3 Preprocessing building data...
		[INFO] Building data already exists at './data/timeseries/building_data.csv'

	1.4 Preprocessing electricity cost data...
		[INFO] Electricity cost data already exists at './data/timeseries/electricitycostG2B_data.csv' and './data/timeseries/electricitycostG2V_data.csv'

	1.5 Preprocessing battery demand series data...
		[INFO] Found existing battery data at 'data/battery_demand/resample_full.csv' and 'data/battery_demand/resample_train.csv'

		[INFO] Number of series for clean windows = (110, 49)
		[INFO] Number of eligible series for Case 2 = (1373, 49)
		[INFO] Case 1 exists — loaded battery demand from 'data/battery_demand/case1_real_only/battery_demand.npy' with shape (168, 37).
		[INFO] Case 2 exists — loaded battery demand from 'data/battery_demand/case2_nan_filled/battery_demand.npy' with shape (1563, 37).
		[INFO] Case 0: Successfully added test pair 2024-03-15 & 2024-03-16
		Data: [10536, 28, 30, 35, 37, 37, 36, 33, 26, 10, 6, 10, 14, 19, 18, 15, 20, 26, 15, 9, 16, 21, 20, 8, 12, 15, 24, 31, 35, 32, 35, 34, 32, 31, 30, 22, 14, 18, 27, 18, 19, 19, 25, 25, 25, 26, 27, 17, 19]
		[INFO] Case 0: Successfully added test pair 2024-03-29 & 2024-03-30
		Data: [10872, 13, 26, 31, 33, 33, 33, 31, 15, 8, 19, 11, 15, 18, 16, 18, 18, 19, 7, 4, 23, 23, 16, 17, 18, 18, 19, 24, 29, 30, 30, 22, 27, 21, 14, 15, 16, 20, 18, 23, 27, 18, 2, 10, 23, 22, 22, 17, 21]

	1.6 Generating battery schedule...
		[INFO] Case 1 exists — loaded from 'data/battery_demand/case1_real_only/battery_availability.npy' and 'data/battery_demand/case1_real_only/battery_details.npy' shape (168, 385, 36) and (4, 168, 385)
		[INFO] Case 2 exists — loaded from 'data/battery_demand/case2_nan_filled/battery_availability.npy' and 'data/battery_demand/case2_nan_filled/battery_details.npy' shape (1563, 385, 36) and (4, 1563, 385)
[ERROR] Could not load battery demand from 'data/battery_demand/case3_extended_generated/battery_demand.npy': [Errno 2] No such file or directory: 'data/battery_demand/case3_extended_generated/battery_demand.npy'


==================================================
PART 2: MILP Optimization...
==================================================

	2.1 Optimizing Case 1...
		[INFO] Loaded 168 samples from 'data/battery_demand/case1_real_only'
		[INFO] Results already exist at './data/optimization_results/case1_real_only/immediate_charging/V2B.npy'. Skipping immediate_charging run.
		[INFO] Results already exist at './data/optimization_results/case1_real_only/optimization/V2B.npy'. Skipping optimization run.
		[INFO] Case 1 completed.

	2.2 Optimizing Case 2...
		[INFO] Loaded 1563 samples from 'data/battery_demand/case2_nan_filled'
		[INFO] Results already exist at './data/optimization_results/case2_nan_filled/immediate_charging/V2B.npy'. Skipping immediate_charging run.
		[INFO] Results already exist at './data/optimization_results/case2_nan_filled/optimization/V2B.npy'. Skipping optimization run.
		[INFO] Case 2 completed.


==================================================
PART 3: Supervised Learning...
==================================================

	3.1 Training Case 1...

=== Starting Training Run: STAFV3_CASE1 ===
Device: cuda
		[INFO] Starting Preprocessing for Case 1...
		[INFO] Unique quantized indices: 6686
		[INFO] Suggested num_embeddings: 8023
		[INFO] Generating sliding windows...
		[INFO] Saved dataset: ./data/training_results/STAFV3_CASE1/merged_dataset_STAFV3_CASE1.csv (Shape: (2016, 201))
		[INFO] Saved metadata: ./data/training_results/STAFV3_CASE1/feature_info_STAFV3_CASE1.json
	[Model Config] Detected Dims: {'static': 4, 'series_count': 5, 'seq_len': 24, 'vehicle': 76, 'emb_vocab': 8023}
		[INFO] Data loaded. Train: 1411, Val: 605
		[INFO] Fitting new scalers on training data...

		[INFO]Epoch |    LR    | Trn RMSE | Val RMSE | Trn R2 | Val R2 | Stop
-----------------------------------------------------------------
		[INFO]    1 | 0.000500 |  11.1027 |  11.2337 | -1.763 | -1.451 | 0/150
		[INFO]    2 | 0.000500 |  10.9124 |  10.7834 | -1.549 | -1.261 | 0/150
		[INFO]    3 | 0.000500 |  10.5845 |  10.5129 | -1.364 | -1.149 | 0/150
		[INFO]    4 | 0.000500 |   9.9736 |   9.9127 | -1.184 | -0.910 | 0/150
		[INFO]    5 | 0.000500 |   9.7194 |   9.6143 | -1.034 | -0.795 | 0/150
		[INFO]    6 | 0.000500 |   9.3865 |   9.4200 | -0.889 | -0.721 | 0/150
		[INFO]    7 | 0.000500 |   9.0532 |   9.1174 | -0.756 | -0.611 | 0/150
		[INFO]    8 | 0.000500 |   8.7823 |   9.0440 | -0.616 | -0.583 | 0/150
		[INFO]    9 | 0.000500 |   8.3757 |   8.5161 | -0.485 | -0.400 | 0/150
		[INFO]   10 | 0.000500 |   8.0298 |   8.3232 | -0.353 | -0.336 | 0/150
		[INFO]   11 | 0.000500 |   7.4983 |   7.7551 | -0.248 | -0.157 | 0/150
		[INFO]   12 | 0.000500 |   7.2226 |   6.8991 | -0.142 |  0.089 | 0/150
		[INFO]   13 | 0.000500 |   7.1331 |   7.2958 | -0.057 | -0.021 | 0/150
		[INFO]   14 | 0.000500 |   6.4708 |   6.7827 |  0.064 |  0.118 | 1/150
		[INFO]   15 | 0.000500 |   6.2021 |   6.3721 |  0.135 |  0.223 | 0/150
		[INFO]   16 | 0.000500 |   5.9326 |   6.3964 |  0.235 |  0.218 | 0/150
		[INFO]   17 | 0.000500 |   5.7898 |   5.9846 |  0.280 |  0.314 | 1/150
		[INFO]   18 | 0.000500 |   5.4750 |   5.5193 |  0.330 |  0.415 | 0/150
		[INFO]   19 | 0.000500 |   5.4900 |   5.6371 |  0.393 |  0.389 | 0/150
		[INFO]   20 | 0.000500 |   5.3982 |   5.5990 |  0.415 |  0.399 | 1/150
		[INFO]   21 | 0.000500 |   5.0873 |   5.1945 |  0.446 |  0.483 | 2/150
		[INFO]   22 | 0.000500 |   4.9507 |   5.2348 |  0.484 |  0.475 | 0/150
		[INFO]   23 | 0.000500 |   4.6601 |   4.6564 |  0.534 |  0.584 | 1/150
		[INFO]   24 | 0.000500 |   4.6966 |   4.9267 |  0.551 |  0.535 | 0/150
		[INFO]   25 | 0.000500 |   4.3662 |   4.8808 |  0.574 |  0.543 | 1/150
		[INFO]   26 | 0.000500 |   4.6678 |   4.5028 |  0.586 |  0.612 | 2/150
		[INFO]   27 | 0.000500 |   4.3368 |   4.4367 |  0.593 |  0.623 | 0/150
		[INFO]   28 | 0.000500 |   4.8357 |   4.3782 |  0.594 |  0.633 | 0/150
		[INFO]   29 | 0.000500 |   4.1724 |   4.2916 |  0.633 |  0.646 | 0/150
		[INFO]   30 | 0.000500 |   4.2141 |   4.3225 |  0.635 |  0.643 | 0/150
		[INFO]   31 | 0.000500 |   4.3057 |   4.4264 |  0.629 |  0.626 | 1/150
		[INFO]   32 | 0.000500 |   4.2040 |   4.2356 |  0.612 |  0.656 | 2/150
		[INFO]   33 | 0.000500 |   4.2637 |   4.1552 |  0.639 |  0.670 | 0/150
		[INFO]   34 | 0.000500 |   3.9440 |   4.2057 |  0.654 |  0.661 | 0/150
		[INFO]   35 | 0.000500 |   4.1880 |   4.1386 |  0.643 |  0.672 | 1/150
		[INFO]   36 | 0.000500 |   4.4841 |   4.1919 |  0.656 |  0.664 | 0/150
		[INFO]   37 | 0.000500 |   3.9828 |   4.2632 |  0.661 |  0.652 | 1/150
		[INFO]   38 | 0.000500 |   3.9547 |   4.2368 |  0.664 |  0.656 | 2/150
		[INFO]   39 | 0.000500 |   3.8701 |   3.9783 |  0.669 |  0.696 | 3/150
		[INFO]   40 | 0.000500 |   4.2475 |   4.0122 |  0.658 |  0.691 | 0/150
		[INFO]   41 | 0.000500 |   3.8142 |   4.1086 |  0.677 |  0.675 | 1/150
		[INFO]   42 | 0.000500 |   4.0072 |   4.0087 |  0.657 |  0.692 | 2/150
		[INFO]   43 | 0.000500 |   3.7546 |   3.9500 |  0.688 |  0.700 | 3/150
		[INFO]   44 | 0.000500 |   4.8070 |   3.8360 |  0.668 |  0.716 | 0/150
		[INFO]   45 | 0.000500 |   3.7468 |   3.9397 |  0.691 |  0.701 | 0/150
		[INFO]   46 | 0.000500 |   3.7337 |   3.8948 |  0.697 |  0.709 | 1/150
		[INFO]   47 | 0.000500 |   3.7414 |   3.9741 |  0.695 |  0.697 | 2/150
		[INFO]   48 | 0.000500 |   3.6786 |   3.9574 |  0.700 |  0.699 | 3/150
		[INFO]   49 | 0.000500 |   4.1519 |   3.8045 |  0.696 |  0.721 | 4/150
		[INFO]   50 | 0.000500 |   3.8835 |   4.0275 |  0.696 |  0.688 | 0/150
		[INFO]   51 | 0.000500 |   4.8517 |   3.7976 |  0.686 |  0.722 | 1/150
		[INFO]   52 | 0.000500 |   3.7016 |   3.9787 |  0.693 |  0.695 | 0/150
		[INFO]   53 | 0.000500 |   3.8175 |   3.8587 |  0.697 |  0.713 | 1/150
		[INFO]   54 | 0.000500 |   3.7669 |   3.8341 |  0.700 |  0.717 | 2/150
		[INFO]   55 | 0.000500 |   3.8049 |   3.7703 |  0.710 |  0.726 | 3/150
		[INFO]   56 | 0.000500 |   3.7696 |   3.8600 |  0.711 |  0.714 | 0/150
		[INFO]   57 | 0.000500 |   3.7369 |   3.7884 |  0.711 |  0.725 | 1/150
		[INFO]   58 | 0.000500 |   3.6236 |   3.8019 |  0.720 |  0.722 | 2/150
		[INFO]   59 | 0.000500 |   3.6474 |   3.9049 |  0.726 |  0.708 | 3/150
		[INFO]   60 | 0.000500 |   4.4360 |   3.7362 |  0.700 |  0.731 | 4/150
		[INFO]   61 | 0.000500 |   3.6181 |   3.7443 |  0.715 |  0.730 | 0/150
		[INFO]   62 | 0.000500 |   3.6302 |   3.8428 |  0.710 |  0.716 | 1/150
		[INFO]   63 | 0.000500 |   3.6499 |   3.8314 |  0.709 |  0.719 | 2/150
		[INFO]   64 | 0.000500 |   5.0274 |   3.6917 |  0.696 |  0.737 | 3/150
		[INFO]   65 | 0.000500 |   3.5957 |   3.7997 |  0.716 |  0.721 | 0/150
		[INFO]   66 | 0.000500 |   3.4462 |   3.8115 |  0.738 |  0.720 | 1/150
		[INFO]   67 | 0.000500 |   3.6856 |   3.7040 |  0.729 |  0.735 | 2/150
		[INFO]   68 | 0.000500 |   3.6432 |   3.8351 |  0.719 |  0.718 | 3/150
		[INFO]   69 | 0.000500 |   3.5587 |   3.7974 |  0.724 |  0.722 | 4/150
		[INFO]   70 | 0.000500 |   3.4604 |   3.8241 |  0.740 |  0.718 | 5/150
		[INFO]   71 | 0.000500 |   3.6641 |   3.9007 |  0.731 |  0.707 | 6/150
		[INFO]   72 | 0.000500 |   3.5015 |   3.8681 |  0.733 |  0.712 | 7/150
		[INFO]   73 | 0.000500 |   3.5289 |   3.9035 |  0.740 |  0.707 | 8/150
		[INFO]   74 | 0.000500 |   3.8125 |   3.8589 |  0.733 |  0.714 | 9/150
		[INFO]   75 | 0.000500 |   3.8040 |   3.8422 |  0.737 |  0.717 | 10/150
		[INFO]   76 | 0.000500 |   3.5252 |   3.9111 |  0.733 |  0.708 | 11/150
		[INFO]   77 | 0.000500 |   3.8027 |   3.7211 |  0.732 |  0.734 | 12/150
		[INFO]   78 | 0.000500 |   3.6401 |   3.8211 |  0.720 |  0.721 | 13/150
		[INFO]   79 | 0.000500 |   3.6311 |   3.7289 |  0.734 |  0.733 | 14/150
		[INFO]   80 | 0.000500 |   3.5482 |   3.6996 |  0.753 |  0.735 | 15/150
		[INFO]   81 | 0.000500 |   3.6011 |   3.8243 |  0.722 |  0.719 | 16/150
		[INFO]   82 | 0.000500 |   3.4236 |   3.8177 |  0.755 |  0.720 | 17/150
		[INFO]   83 | 0.000500 |   3.6718 |   3.9941 |  0.738 |  0.696 | 18/150
		[INFO]   84 | 0.000500 |   3.5120 |   3.9551 |  0.736 |  0.701 | 19/150
		[INFO]   85 | 0.000500 |   3.4656 |   3.8199 |  0.734 |  0.720 | 20/150
		[INFO]   86 | 0.000500 |   3.4681 |   3.6873 |  0.756 |  0.738 | 21/150
		[INFO]   87 | 0.000500 |   3.3628 |   3.7069 |  0.764 |  0.736 | 0/150
		[INFO]   88 | 0.000500 |   3.5660 |   3.6884 |  0.746 |  0.738 | 1/150
		[INFO]   89 | 0.000500 |   3.3844 |   3.7895 |  0.755 |  0.724 | 2/150
		[INFO]   90 | 0.000500 |   3.4290 |   3.8925 |  0.761 |  0.711 | 3/150
		[INFO]   91 | 0.000500 |   3.3367 |   3.8706 |  0.759 |  0.712 | 4/150
		[INFO]   92 | 0.000500 |   3.6526 |   3.8958 |  0.758 |  0.710 | 5/150
		[INFO]   93 | 0.000500 |   3.7232 |   3.9032 |  0.757 |  0.708 | 6/150
		[INFO]   94 | 0.000500 |   3.5317 |   3.7249 |  0.761 |  0.733 | 7/150
		[INFO]   95 | 0.000500 |   3.5830 |   3.7016 |  0.756 |  0.736 | 8/150
		[INFO]   96 | 0.000500 |   3.4656 |   3.8180 |  0.757 |  0.721 | 9/150
		[INFO]   97 | 0.000500 |   3.7664 |   3.8238 |  0.753 |  0.721 | 10/150
		[INFO]   98 | 0.000500 |   3.4363 |   3.7139 |  0.743 |  0.735 | 11/150
		[INFO]   99 | 0.000500 |   3.2781 |   3.8085 |  0.767 |  0.722 | 12/150
		[INFO]  100 | 0.000500 |   3.6577 |   3.7493 |  0.765 |  0.731 | 13/150
		[INFO]  101 | 0.000500 |   3.7837 |   3.8464 |  0.736 |  0.719 | 14/150
		[INFO]  102 | 0.000500 |   3.3971 |   3.8395 |  0.765 |  0.720 | 15/150
		[INFO]  103 | 0.000500 |   3.5881 |   3.8117 |  0.749 |  0.723 | 16/150
		[INFO]  104 | 0.000500 |   3.3628 |   3.7644 |  0.749 |  0.729 | 17/150
		[INFO]  105 | 0.000500 |   3.7919 |   3.6954 |  0.749 |  0.738 | 18/150
		[INFO]  106 | 0.000500 |   3.4495 |   3.8365 |  0.742 |  0.719 | 19/150
		[INFO]  107 | 0.000500 |   3.2617 |   3.7714 |  0.766 |  0.727 | 20/150
		[INFO]  108 | 0.000500 |   3.4253 |   3.8897 |  0.761 |  0.712 | 21/150
		[INFO]  109 | 0.000500 |   3.8710 |   3.6718 |  0.754 |  0.740 | 22/150
		[INFO]  110 | 0.000500 |   3.9273 |   3.6493 |  0.762 |  0.743 | 0/150
		[INFO]  111 | 0.000500 |   3.2911 |   3.6914 |  0.763 |  0.739 | 0/150
		[INFO]  112 | 0.000500 |   3.5850 |   3.7731 |  0.766 |  0.727 | 1/150
		[INFO]  113 | 0.000500 |   3.3542 |   3.6934 |  0.763 |  0.737 | 2/150
		[INFO]  114 | 0.000500 |   3.6307 |   3.8213 |  0.759 |  0.721 | 3/150
		[INFO]  115 | 0.000500 |   3.3600 |   3.8032 |  0.781 |  0.723 | 4/150
		[INFO]  116 | 0.000500 |   3.7016 |   3.7999 |  0.767 |  0.724 | 5/150
		[INFO]  117 | 0.000500 |   3.6633 |   3.7450 |  0.778 |  0.731 | 6/150
		[INFO]  118 | 0.000500 |   3.5283 |   3.8530 |  0.746 |  0.717 | 7/150
		[INFO]  119 | 0.000500 |   3.3571 |   3.7390 |  0.768 |  0.732 | 8/150
		[INFO]  120 | 0.000500 |   4.0856 |   3.6704 |  0.765 |  0.739 | 9/150
		[INFO]  121 | 0.000500 |   3.2055 |   3.8394 |  0.770 |  0.719 | 10/150
		[INFO]  122 | 0.000500 |   3.1923 |   3.7754 |  0.781 |  0.728 | 11/150
		[INFO]  123 | 0.000500 |   3.3060 |   3.8071 |  0.762 |  0.723 | 12/150
		[INFO]  124 | 0.000500 |   3.4110 |   3.7038 |  0.778 |  0.737 | 13/150
		[INFO]  125 | 0.000500 |   3.5870 |   3.7377 |  0.767 |  0.731 | 14/150
		[INFO]  126 | 0.000500 |   3.3294 |   3.7888 |  0.774 |  0.725 | 15/150
		[INFO]  127 | 0.000500 |   3.2654 |   3.7913 |  0.761 |  0.725 | 16/150
		[INFO]  128 | 0.000500 |   3.3945 |   3.7755 |  0.762 |  0.727 | 17/150
		[INFO]  129 | 0.000500 |   3.3023 |   3.7790 |  0.785 |  0.726 | 18/150
		[INFO]  130 | 0.000500 |   3.2157 |   3.7139 |  0.788 |  0.735 | 19/150
		[INFO]  131 | 0.000500 |   3.5995 |   3.6196 |  0.773 |  0.745 | 20/150
		[INFO]  132 | 0.000500 |   3.3313 |   3.6230 |  0.758 |  0.746 | 0/150
		[INFO]  133 | 0.000500 |   3.4225 |   3.6410 |  0.785 |  0.743 | 1/150
		[INFO]  134 | 0.000500 |   3.3007 |   3.8104 |  0.773 |  0.721 | 2/150
		[INFO]  135 | 0.000500 |   3.1825 |   3.7021 |  0.781 |  0.736 | 3/150
		[INFO]  136 | 0.000500 |   3.3843 |   4.0145 |  0.776 |  0.693 | 4/150
		[INFO]  137 | 0.000500 |   3.4860 |   3.8863 |  0.782 |  0.711 | 5/150
		[INFO]  138 | 0.000500 |   3.1315 |   3.6811 |  0.791 |  0.739 | 6/150
		[INFO]  139 | 0.000500 |   3.2445 |   3.6205 |  0.777 |  0.746 | 7/150
		[INFO]  140 | 0.000500 |   3.4048 |   3.7862 |  0.774 |  0.727 | 8/150
		[INFO]  141 | 0.000500 |   3.4206 |   3.7899 |  0.779 |  0.725 | 9/150
		[INFO]  142 | 0.000500 |   3.2563 |   3.6336 |  0.798 |  0.746 | 10/150
		[INFO]  143 | 0.000500 |   3.8568 |   3.6246 |  0.757 |  0.745 | 11/150
		[INFO]  144 | 0.000500 |   3.5407 |   3.7946 |  0.769 |  0.724 | 12/150
		[INFO]  145 | 0.000500 |   3.1215 |   3.7672 |  0.784 |  0.728 | 13/150
		[INFO]  146 | 0.000500 |   3.1863 |   3.7264 |  0.783 |  0.733 | 14/150
		[INFO]  147 | 0.000500 |   3.1464 |   3.7500 |  0.790 |  0.731 | 15/150
		[INFO]  148 | 0.000500 |   3.0766 |   3.8071 |  0.788 |  0.724 | 16/150
		[INFO]  149 | 0.000500 |   3.0696 |   3.6657 |  0.799 |  0.742 | 17/150
		[INFO]  150 | 0.000500 |   3.0727 |   3.7885 |  0.796 |  0.725 | 18/150
		[INFO]  151 | 0.000500 |   3.2312 |   3.7063 |  0.777 |  0.736 | 19/150
		[INFO]  152 | 0.000500 |   3.2428 |   3.7912 |  0.787 |  0.724 | 20/150
		[INFO]  153 | 0.000500 |   3.1192 |   3.7556 |  0.782 |  0.729 | 21/150
		[INFO]  154 | 0.000500 |   3.1136 |   3.7595 |  0.786 |  0.728 | 22/150
		[INFO]  155 | 0.000500 |   3.1982 |   3.7823 |  0.781 |  0.725 | 23/150
		[INFO]  156 | 0.000500 |   3.2940 |   3.6188 |  0.789 |  0.746 | 24/150
		[INFO]  157 | 0.000500 |   3.1267 |   3.8045 |  0.798 |  0.721 | 0/150
		[INFO]  158 | 0.000500 |   3.1495 |   3.6504 |  0.785 |  0.741 | 1/150
		[INFO]  159 | 0.000500 |   3.3687 |   3.8220 |  0.794 |  0.720 | 2/150
		[INFO]  160 | 0.000500 |   3.1768 |   3.6773 |  0.789 |  0.739 | 3/150
		[INFO]  161 | 0.000500 |   3.2365 |   3.6920 |  0.782 |  0.736 | 4/150
		[INFO]  162 | 0.000500 |   3.2560 |   3.7500 |  0.793 |  0.729 | 5/150
		[INFO]  163 | 0.000500 |   3.2629 |   3.6815 |  0.778 |  0.739 | 6/150
		[INFO]  164 | 0.000500 |   3.4962 |   3.6679 |  0.791 |  0.741 | 7/150
		[INFO]  165 | 0.000500 |   3.1797 |   3.7739 |  0.797 |  0.728 | 8/150
		[INFO]  166 | 0.000500 |   3.0491 |   3.7930 |  0.807 |  0.724 | 9/150
		[INFO]  167 | 0.000500 |   3.2046 |   3.7341 |  0.788 |  0.732 | 10/150
		[INFO]  168 | 0.000500 |   3.3794 |   3.7680 |  0.785 |  0.727 | 11/150
		[INFO]  169 | 0.000500 |   3.3521 |   3.8204 |  0.803 |  0.720 | 12/150
		[INFO]  170 | 0.000500 |   3.2518 |   3.7621 |  0.783 |  0.728 | 13/150
		[INFO]  171 | 0.000500 |   3.0140 |   3.7266 |  0.801 |  0.732 | 14/150
		[INFO]  172 | 0.000500 |   3.4494 |   3.6754 |  0.789 |  0.739 | 15/150
		[INFO]  173 | 0.000500 |   3.0541 |   3.7390 |  0.806 |  0.732 | 16/150
		[INFO]  174 | 0.000500 |   3.1203 |   3.7895 |  0.792 |  0.726 | 17/150
		[INFO]  175 | 0.000500 |   3.1241 |   3.7740 |  0.792 |  0.728 | 18/150
		[INFO]  176 | 0.000500 |   3.1048 |   3.8088 |  0.804 |  0.722 | 19/150
		[INFO]  177 | 0.000500 |   3.0575 |   3.7510 |  0.802 |  0.730 | 20/150
		[INFO]  178 | 0.000500 |   3.0402 |   3.7150 |  0.793 |  0.734 | 21/150
		[INFO]  179 | 0.000500 |   3.0397 |   3.7163 |  0.804 |  0.735 | 22/150
		[INFO]  180 | 0.000500 |   3.1616 |   3.7800 |  0.790 |  0.726 | 23/150
		[INFO]  181 | 0.000500 |   3.3756 |   3.8409 |  0.792 |  0.717 | 24/150
		[INFO]  182 | 0.000500 |   3.0080 |   3.7485 |  0.803 |  0.729 | 25/150
		[INFO]  183 | 0.000375 |   3.1281 |   3.7522 |  0.818 |  0.729 | 26/150
		[INFO]  184 | 0.000375 |   3.1467 |   3.6755 |  0.796 |  0.739 | 27/150
		[INFO]  185 | 0.000375 |   3.5115 |   3.6086 |  0.793 |  0.748 | 28/150
		[INFO]  186 | 0.000375 |   3.3105 |   3.7891 |  0.793 |  0.723 | 0/150
		[INFO]  187 | 0.000375 |   3.2109 |   3.8653 |  0.798 |  0.712 | 1/150
		[INFO]  188 | 0.000375 |   3.4028 |   3.7284 |  0.812 |  0.732 | 2/150
		[INFO]  189 | 0.000375 |   3.0944 |   3.6693 |  0.807 |  0.740 | 3/150
		[INFO]  190 | 0.000375 |   3.4105 |   3.7124 |  0.804 |  0.733 | 4/150
		[INFO]  191 | 0.000375 |   3.0915 |   3.6322 |  0.796 |  0.743 | 5/150
		[INFO]  192 | 0.000375 |   3.2422 |   3.6389 |  0.810 |  0.743 | 6/150
		[INFO]  193 | 0.000375 |   3.4269 |   3.8762 |  0.805 |  0.712 | 7/150
		[INFO]  194 | 0.000375 |   3.3249 |   3.6193 |  0.786 |  0.744 | 8/150
		[INFO]  195 | 0.000375 |   3.0772 |   3.6852 |  0.791 |  0.738 | 9/150
		[INFO]  196 | 0.000375 |   3.0332 |   3.7624 |  0.802 |  0.726 | 10/150
		[INFO]  197 | 0.000375 |   3.3789 |   3.6312 |  0.791 |  0.743 | 11/150
		[INFO]  198 | 0.000375 |   2.9911 |   3.7350 |  0.814 |  0.731 | 12/150
		[INFO]  199 | 0.000375 |   3.5018 |   3.6281 |  0.787 |  0.745 | 13/150
		[INFO]  200 | 0.000375 |   3.0773 |   3.6749 |  0.801 |  0.738 | 14/150
		[INFO]  201 | 0.000375 |   3.3241 |   3.7865 |  0.803 |  0.724 | 15/150
		[INFO]  202 | 0.000375 |   3.3369 |   3.7564 |  0.800 |  0.728 | 16/150
		[INFO]  203 | 0.000375 |   3.1416 |   3.7757 |  0.805 |  0.725 | 17/150
		[INFO]  204 | 0.000375 |   3.0794 |   3.6916 |  0.803 |  0.737 | 18/150
		[INFO]  205 | 0.000375 |   3.0658 |   3.7718 |  0.799 |  0.727 | 19/150
		[INFO]  206 | 0.000375 |   2.9827 |   3.6495 |  0.805 |  0.742 | 20/150
		[INFO]  207 | 0.000375 |   3.4411 |   3.6357 |  0.800 |  0.744 | 21/150
		[INFO]  208 | 0.000375 |   3.1961 |   3.8229 |  0.791 |  0.719 | 22/150
		[INFO]  209 | 0.000375 |   3.3776 |   3.6280 |  0.797 |  0.745 | 23/150
		[INFO]  210 | 0.000375 |   3.1548 |   3.7567 |  0.808 |  0.728 | 24/150
		[INFO]  211 | 0.000375 |   3.0152 |   3.6588 |  0.804 |  0.741 | 25/150
		[INFO]  212 | 0.000281 |   2.8241 |   3.6759 |  0.823 |  0.740 | 26/150
		[INFO]  213 | 0.000281 |   3.4763 |   3.7315 |  0.811 |  0.732 | 27/150
		[INFO]  214 | 0.000281 |   2.9701 |   3.7022 |  0.809 |  0.737 | 28/150
		[INFO]  215 | 0.000281 |   3.0054 |   3.7278 |  0.808 |  0.733 | 29/150
		[INFO]  216 | 0.000281 |   3.0556 |   3.6997 |  0.812 |  0.737 | 30/150
		[INFO]  217 | 0.000281 |   2.9856 |   3.6486 |  0.802 |  0.743 | 31/150
		[INFO]  218 | 0.000281 |   3.1011 |   3.7195 |  0.818 |  0.734 | 32/150
		[INFO]  219 | 0.000281 |   3.1078 |   3.7017 |  0.798 |  0.736 | 33/150
		[INFO]  220 | 0.000281 |   3.1521 |   3.6446 |  0.812 |  0.742 | 34/150
		[INFO]  221 | 0.000281 |   3.0981 |   3.6252 |  0.811 |  0.745 | 35/150
		[INFO]  222 | 0.000281 |   3.1714 |   3.7816 |  0.815 |  0.725 | 36/150
		[INFO]  223 | 0.000281 |   3.0513 |   3.7128 |  0.826 |  0.734 | 37/150
		[INFO]  224 | 0.000281 |   2.8778 |   3.7108 |  0.814 |  0.736 | 38/150
		[INFO]  225 | 0.000281 |   3.6247 |   3.5988 |  0.804 |  0.748 | 39/150
		[INFO]  226 | 0.000281 |   2.9932 |   3.6372 |  0.815 |  0.744 | 0/150
		[INFO]  227 | 0.000281 |   3.2603 |   3.5787 |  0.799 |  0.751 | 1/150
		[INFO]  228 | 0.000281 |   3.2465 |   3.6765 |  0.822 |  0.738 | 0/150
		[INFO]  229 | 0.000281 |   2.9540 |   3.6997 |  0.820 |  0.736 | 1/150
		[INFO]  230 | 0.000281 |   3.1403 |   3.6291 |  0.797 |  0.745 | 2/150
		[INFO]  231 | 0.000281 |   3.6054 |   3.7857 |  0.810 |  0.723 | 3/150
		[INFO]  232 | 0.000281 |   3.3350 |   3.5756 |  0.815 |  0.751 | 4/150
		[INFO]  233 | 0.000281 |   3.2683 |   3.6134 |  0.815 |  0.747 | 0/150
		[INFO]  234 | 0.000281 |   3.1183 |   3.5695 |  0.810 |  0.752 | 1/150
		[INFO]  235 | 0.000281 |   3.0524 |   3.6372 |  0.801 |  0.745 | 0/150
		[INFO]  236 | 0.000281 |   4.0335 |   3.5450 |  0.801 |  0.755 | 1/150
		[INFO]  237 | 0.000281 |   2.9767 |   3.6634 |  0.804 |  0.740 | 0/150
		[INFO]  238 | 0.000281 |   3.4001 |   3.6971 |  0.801 |  0.736 | 1/150
		[INFO]  239 | 0.000281 |   3.2723 |   3.7455 |  0.801 |  0.730 | 2/150
		[INFO]  240 | 0.000281 |   3.0203 |   3.7137 |  0.810 |  0.734 | 3/150
		[INFO]  241 | 0.000281 |   3.0565 |   3.7756 |  0.811 |  0.726 | 4/150
		[INFO]  242 | 0.000281 |   2.9989 |   3.8048 |  0.832 |  0.722 | 5/150
		[INFO]  243 | 0.000281 |   2.8815 |   3.7504 |  0.830 |  0.730 | 6/150
		[INFO]  244 | 0.000281 |   3.0973 |   3.6396 |  0.816 |  0.743 | 7/150
		[INFO]  245 | 0.000281 |   2.9093 |   3.6180 |  0.815 |  0.745 | 8/150
		[INFO]  246 | 0.000281 |   2.9325 |   3.6266 |  0.809 |  0.745 | 9/150
		[INFO]  247 | 0.000281 |   3.1499 |   3.5638 |  0.799 |  0.754 | 10/150
		[INFO]  248 | 0.000281 |   3.2938 |   3.5766 |  0.805 |  0.752 | 11/150
		[INFO]  249 | 0.000281 |   2.7623 |   3.6759 |  0.829 |  0.740 | 12/150
		[INFO]  250 | 0.000281 |   3.0116 |   3.6001 |  0.817 |  0.750 | 13/150
		[INFO]  251 | 0.000281 |   3.1015 |   3.6607 |  0.807 |  0.743 | 14/150
		[INFO]  252 | 0.000281 |   3.2839 |   3.7386 |  0.822 |  0.731 | 15/150
		[INFO]  253 | 0.000281 |   2.9300 |   3.6478 |  0.812 |  0.744 | 16/150
		[INFO]  254 | 0.000281 |   3.0121 |   3.5680 |  0.813 |  0.754 | 17/150
		[INFO]  255 | 0.000281 |   3.6859 |   3.5212 |  0.802 |  0.759 | 18/150
		[INFO]  256 | 0.000281 |   2.8408 |   3.7011 |  0.822 |  0.736 | 0/150
		[INFO]  257 | 0.000281 |   3.0101 |   3.6550 |  0.824 |  0.742 | 1/150
		[INFO]  258 | 0.000281 |   2.9065 |   3.6287 |  0.812 |  0.746 | 2/150
		[INFO]  259 | 0.000281 |   2.8935 |   3.5940 |  0.821 |  0.750 | 3/150
		[INFO]  260 | 0.000281 |   3.0627 |   3.5522 |  0.830 |  0.756 | 4/150
		[INFO]  261 | 0.000281 |   2.8393 |   3.5491 |  0.819 |  0.755 | 5/150
		[INFO]  262 | 0.000281 |   3.0714 |   3.5367 |  0.828 |  0.756 | 6/150
		[INFO]  263 | 0.000281 |   2.8858 |   3.5464 |  0.817 |  0.755 | 7/150
		[INFO]  264 | 0.000281 |   3.0204 |   3.6805 |  0.822 |  0.739 | 8/150
		[INFO]  265 | 0.000281 |   3.1461 |   3.6395 |  0.820 |  0.744 | 9/150
		[INFO]  266 | 0.000281 |   3.2390 |   3.5489 |  0.816 |  0.756 | 10/150
		[INFO]  267 | 0.000281 |   3.0756 |   3.5320 |  0.811 |  0.757 | 11/150
		[INFO]  268 | 0.000281 |   3.7400 |   3.5991 |  0.810 |  0.748 | 12/150
		[INFO]  269 | 0.000281 |   3.1535 |   3.6621 |  0.822 |  0.741 | 13/150
		[INFO]  270 | 0.000281 |   2.9064 |   3.5897 |  0.824 |  0.750 | 14/150
		[INFO]  271 | 0.000281 |   3.3371 |   3.5200 |  0.805 |  0.759 | 15/150
		[INFO]  272 | 0.000281 |   3.2381 |   3.5364 |  0.826 |  0.757 | 0/150
		[INFO]  273 | 0.000281 |   3.0032 |   3.5422 |  0.822 |  0.756 | 1/150
		[INFO]  274 | 0.000281 |   3.0863 |   3.5667 |  0.820 |  0.753 | 2/150
		[INFO]  275 | 0.000281 |   2.8015 |   3.5401 |  0.826 |  0.757 | 3/150
		[INFO]  276 | 0.000281 |   2.8971 |   3.6082 |  0.815 |  0.748 | 4/150
		[INFO]  277 | 0.000281 |   2.8682 |   3.6703 |  0.821 |  0.741 | 5/150
		[INFO]  278 | 0.000281 |   3.1524 |   3.5396 |  0.835 |  0.757 | 6/150
		[INFO]  279 | 0.000281 |   2.9469 |   3.5703 |  0.823 |  0.753 | 7/150
		[INFO]  280 | 0.000281 |   3.1977 |   3.5329 |  0.816 |  0.757 | 8/150
		[INFO]  281 | 0.000281 |   2.7623 |   3.5662 |  0.831 |  0.753 | 9/150
		[INFO]  282 | 0.000281 |   3.0065 |   3.5247 |  0.827 |  0.757 | 10/150
		[INFO]  283 | 0.000281 |   2.9595 |   3.6038 |  0.818 |  0.748 | 11/150
		[INFO]  284 | 0.000281 |   2.9644 |   3.6450 |  0.821 |  0.743 | 12/150
		[INFO]  285 | 0.000281 |   2.9655 |   3.5994 |  0.816 |  0.748 | 13/150
		[INFO]  286 | 0.000281 |   2.8976 |   3.5637 |  0.831 |  0.754 | 14/150
		[INFO]  287 | 0.000281 |   2.8742 |   3.6928 |  0.831 |  0.736 | 15/150
		[INFO]  288 | 0.000281 |   2.7947 |   3.5521 |  0.830 |  0.755 | 16/150
		[INFO]  289 | 0.000281 |   2.9772 |   3.5212 |  0.817 |  0.759 | 17/150
		[INFO]  290 | 0.000281 |   2.8527 |   3.4789 |  0.843 |  0.763 | 18/150
		[INFO]  291 | 0.000281 |   3.0760 |   3.4975 |  0.819 |  0.761 | 0/150
		[INFO]  292 | 0.000281 |   3.2478 |   3.6201 |  0.821 |  0.745 | 1/150
		[INFO]  293 | 0.000281 |   2.9807 |   3.5981 |  0.819 |  0.748 | 2/150
		[INFO]  294 | 0.000281 |   3.1101 |   3.5953 |  0.821 |  0.750 | 3/150
		[INFO]  295 | 0.000281 |   3.0293 |   3.5187 |  0.815 |  0.757 | 4/150
		[INFO]  296 | 0.000281 |   3.1926 |   3.6032 |  0.831 |  0.747 | 5/150
		[INFO]  297 | 0.000281 |   3.3157 |   3.6194 |  0.824 |  0.745 | 6/150
		[INFO]  298 | 0.000281 |   3.0182 |   3.5603 |  0.823 |  0.754 | 7/150
		[INFO]  299 | 0.000281 |   3.1124 |   3.5344 |  0.814 |  0.755 | 8/150
		[INFO]  300 | 0.000281 |   2.8381 |   3.6050 |  0.822 |  0.747 | 9/150
		[INFO]  301 | 0.000281 |   3.0784 |   3.6643 |  0.831 |  0.740 | 10/150
		[INFO]  302 | 0.000281 |   3.4018 |   3.6613 |  0.819 |  0.741 | 11/150
		[INFO]  303 | 0.000281 |   3.1459 |   3.6710 |  0.818 |  0.739 | 12/150
		[INFO]  304 | 0.000281 |   3.0632 |   3.6686 |  0.823 |  0.739 | 13/150
		[INFO]  305 | 0.000281 |   3.0607 |   3.5564 |  0.818 |  0.753 | 14/150
		[INFO]  306 | 0.000281 |   3.1056 |   3.6514 |  0.818 |  0.741 | 15/150
		[INFO]  307 | 0.000281 |   3.1657 |   3.6575 |  0.825 |  0.740 | 16/150
		[INFO]  308 | 0.000281 |   2.8452 |   3.5142 |  0.822 |  0.759 | 17/150
		[INFO]  309 | 0.000281 |   3.0642 |   3.6619 |  0.832 |  0.740 | 18/150
		[INFO]  310 | 0.000281 |   3.1790 |   3.5286 |  0.833 |  0.757 | 19/150
		[INFO]  311 | 0.000281 |   4.4071 |   3.4902 |  0.803 |  0.761 | 20/150
		[INFO]  312 | 0.000281 |   2.8653 |   3.5613 |  0.827 |  0.752 | 21/150
		[INFO]  313 | 0.000281 |   3.0243 |   3.7720 |  0.816 |  0.727 | 22/150
		[INFO]  314 | 0.000281 |   2.9831 |   3.5253 |  0.826 |  0.758 | 23/150
		[INFO]  315 | 0.000281 |   2.9025 |   3.5437 |  0.815 |  0.755 | 24/150
		[INFO]  316 | 0.000281 |   2.7676 |   3.6076 |  0.836 |  0.748 | 25/150
		[INFO]  317 | 0.000211 |   2.9518 |   3.5487 |  0.808 |  0.755 | 26/150
		[INFO]  318 | 0.000211 |   2.8373 |   3.6886 |  0.836 |  0.737 | 27/150
		[INFO]  319 | 0.000211 |   3.0978 |   3.6131 |  0.823 |  0.747 | 28/150
		[INFO]  320 | 0.000211 |   3.9628 |   3.5199 |  0.832 |  0.758 | 29/150
		[INFO]  321 | 0.000211 |   3.1875 |   3.5157 |  0.817 |  0.759 | 30/150
		[INFO]  322 | 0.000211 |   2.8851 |   3.5923 |  0.834 |  0.750 | 31/150
		[INFO]  323 | 0.000211 |   3.1493 |   3.7988 |  0.817 |  0.722 | 32/150
		[INFO]  324 | 0.000211 |   2.8407 |   3.5923 |  0.822 |  0.750 | 33/150
		[INFO]  325 | 0.000211 |   3.0277 |   3.6349 |  0.828 |  0.745 | 34/150
		[INFO]  326 | 0.000211 |   3.1202 |   3.6664 |  0.815 |  0.740 | 35/150
		[INFO]  327 | 0.000211 |   2.9514 |   3.5782 |  0.832 |  0.752 | 36/150
		[INFO]  328 | 0.000211 |   2.9922 |   3.5187 |  0.825 |  0.758 | 37/150
		[INFO]  329 | 0.000211 |   2.9097 |   3.6273 |  0.830 |  0.746 | 38/150
		[INFO]  330 | 0.000211 |   2.8264 |   3.5929 |  0.826 |  0.748 | 39/150
		[INFO]  331 | 0.000211 |   3.2975 |   3.6980 |  0.819 |  0.735 | 40/150
		[INFO]  332 | 0.000211 |   3.0910 |   3.5765 |  0.819 |  0.752 | 41/150
		[INFO]  333 | 0.000211 |   2.7850 |   3.5783 |  0.830 |  0.752 | 42/150
		[INFO]  334 | 0.000211 |   2.8241 |   3.6406 |  0.828 |  0.744 | 43/150
		[INFO]  335 | 0.000211 |   3.0564 |   3.6805 |  0.832 |  0.737 | 44/150
		[INFO]  336 | 0.000211 |   3.1710 |   3.6625 |  0.823 |  0.741 | 45/150
		[INFO]  337 | 0.000211 |   2.8093 |   3.5885 |  0.831 |  0.749 | 46/150
		[INFO]  338 | 0.000211 |   2.8311 |   3.5856 |  0.825 |  0.750 | 47/150
		[INFO]  339 | 0.000211 |   2.9427 |   3.6275 |  0.828 |  0.746 | 48/150
		[INFO]  340 | 0.000211 |   2.8222 |   3.6533 |  0.837 |  0.742 | 49/150
		[INFO]  341 | 0.000211 |   2.8812 |   3.6260 |  0.817 |  0.746 | 50/150
		[INFO]  342 | 0.000211 |   3.0599 |   3.6652 |  0.824 |  0.740 | 51/150
		[INFO]  343 | 0.000158 |   3.3555 |   3.5079 |  0.825 |  0.759 | 52/150
		[INFO]  344 | 0.000158 |   2.8583 |   3.5962 |  0.831 |  0.749 | 53/150
		[INFO]  345 | 0.000158 |   3.2662 |   3.5418 |  0.826 |  0.755 | 54/150
		[INFO]  346 | 0.000158 |   2.6902 |   3.5379 |  0.846 |  0.757 | 55/150
		[INFO]  347 | 0.000158 |   2.9418 |   3.5181 |  0.825 |  0.758 | 56/150
		[INFO]  348 | 0.000158 |   2.7576 |   3.5747 |  0.840 |  0.751 | 57/150
		[INFO]  349 | 0.000158 |   2.8738 |   3.5331 |  0.824 |  0.756 | 58/150
		[INFO]  350 | 0.000158 |   3.0359 |   3.5406 |  0.818 |  0.755 | 59/150
		[INFO]  351 | 0.000158 |   2.8430 |   3.5733 |  0.825 |  0.752 | 60/150
		[INFO]  352 | 0.000158 |   3.5968 |   3.5100 |  0.830 |  0.758 | 61/150
		[INFO]  353 | 0.000158 |   2.8316 |   3.5199 |  0.832 |  0.758 | 62/150
		[INFO]  354 | 0.000158 |   2.8303 |   3.6493 |  0.828 |  0.741 | 63/150
		[INFO]  355 | 0.000158 |   2.8878 |   3.5309 |  0.829 |  0.757 | 64/150
		[INFO]  356 | 0.000158 |   3.2913 |   3.5463 |  0.822 |  0.755 | 65/150
		[INFO]  357 | 0.000158 |   2.7233 |   3.5488 |  0.837 |  0.755 | 66/150
		[INFO]  358 | 0.000158 |   2.7258 |   3.5806 |  0.837 |  0.750 | 67/150
		[INFO]  359 | 0.000158 |   3.0261 |   3.5689 |  0.832 |  0.752 | 68/150
		[INFO]  360 | 0.000158 |   2.8508 |   3.6803 |  0.826 |  0.737 | 69/150
		[INFO]  361 | 0.000158 |   2.7166 |   3.5688 |  0.842 |  0.751 | 70/150
		[INFO]  362 | 0.000158 |   2.9600 |   3.5448 |  0.837 |  0.754 | 71/150
		[INFO]  363 | 0.000158 |   2.9344 |   3.6929 |  0.836 |  0.736 | 72/150
		[INFO]  364 | 0.000158 |   2.9476 |   3.6616 |  0.843 |  0.741 | 73/150
		[INFO]  365 | 0.000158 |   2.8449 |   3.5475 |  0.838 |  0.755 | 74/150
		[INFO]  366 | 0.000158 |   2.7806 |   3.5648 |  0.831 |  0.752 | 75/150
		[INFO]  367 | 0.000158 |   2.9284 |   3.5970 |  0.835 |  0.749 | 76/150
		[INFO]  368 | 0.000158 |   3.4682 |   3.4868 |  0.841 |  0.762 | 77/150
		[INFO]  369 | 0.000119 |   2.8863 |   3.6283 |  0.825 |  0.744 | 78/150
		[INFO]  370 | 0.000119 |   2.6518 |   3.6612 |  0.850 |  0.741 | 79/150
		[INFO]  371 | 0.000119 |   3.3966 |   3.7068 |  0.827 |  0.735 | 80/150
		[INFO]  372 | 0.000119 |   2.8061 |   3.5888 |  0.825 |  0.749 | 81/150
		[INFO]  373 | 0.000119 |   2.8169 |   3.5192 |  0.830 |  0.758 | 82/150
		[INFO]  374 | 0.000119 |   3.1872 |   3.5405 |  0.824 |  0.755 | 83/150
		[INFO]  375 | 0.000119 |   2.9951 |   3.6802 |  0.824 |  0.738 | 84/150
		[INFO]  376 | 0.000119 |   2.8675 |   3.5828 |  0.828 |  0.751 | 85/150
		[INFO]  377 | 0.000119 |   3.1073 |   3.6249 |  0.841 |  0.746 | 86/150
		[INFO]  378 | 0.000119 |   2.9165 |   3.6045 |  0.835 |  0.748 | 87/150
		[INFO]  379 | 0.000119 |   3.2575 |   3.7279 |  0.819 |  0.731 | 88/150
		[INFO]  380 | 0.000119 |   2.7511 |   3.7469 |  0.834 |  0.727 | 89/150
		[INFO]  381 | 0.000119 |   2.6538 |   3.5206 |  0.843 |  0.758 | 90/150
		[INFO]  382 | 0.000119 |   3.3604 |   3.5310 |  0.835 |  0.756 | 91/150
		[INFO]  383 | 0.000119 |   2.9183 |   3.5568 |  0.832 |  0.753 | 92/150
		[INFO]  384 | 0.000119 |   2.8280 |   3.5455 |  0.843 |  0.754 | 93/150
		[INFO]  385 | 0.000119 |   2.7982 |   3.6236 |  0.831 |  0.745 | 94/150
		[INFO]  386 | 0.000119 |   3.0259 |   3.7133 |  0.834 |  0.733 | 95/150
		[INFO]  387 | 0.000119 |   2.6991 |   3.7442 |  0.839 |  0.730 | 96/150
		[INFO]  388 | 0.000119 |   2.8020 |   3.6062 |  0.831 |  0.747 | 97/150
		[INFO]  389 | 0.000119 |   2.7887 |   3.5769 |  0.834 |  0.752 | 98/150
		[INFO]  390 | 0.000119 |   2.8750 |   3.5138 |  0.831 |  0.759 | 99/150
		[INFO]  391 | 0.000119 |   2.7580 |   3.5971 |  0.833 |  0.749 | 100/150
		[INFO]  392 | 0.000119 |   3.1627 |   3.7455 |  0.831 |  0.729 | 101/150
		[INFO]  393 | 0.000119 |   2.9032 |   3.5571 |  0.845 |  0.753 | 102/150
		[INFO]  394 | 0.000119 |   3.2188 |   3.6717 |  0.832 |  0.739 | 103/150
		[INFO]  395 | 0.000089 |   2.8150 |   3.5800 |  0.828 |  0.751 | 104/150
		[INFO]  396 | 0.000089 |   2.6407 |   3.5963 |  0.848 |  0.748 | 105/150
		[INFO]  397 | 0.000089 |   2.8351 |   3.6483 |  0.832 |  0.743 | 106/150
		[INFO]  398 | 0.000089 |   2.8585 |   3.5812 |  0.826 |  0.751 | 107/150
		[INFO]  399 | 0.000089 |   2.9679 |   3.5882 |  0.826 |  0.748 | 108/150
		[INFO]  400 | 0.000089 |   2.6636 |   3.5200 |  0.844 |  0.759 | 109/150
		[INFO]  401 | 0.000089 |   3.3585 |   3.5752 |  0.829 |  0.751 | 110/150
		[INFO]  402 | 0.000089 |   2.8489 |   3.5397 |  0.835 |  0.756 | 111/150
		[INFO]  403 | 0.000089 |   3.4623 |   3.4865 |  0.836 |  0.762 | 112/150
		[INFO]  404 | 0.000089 |   2.8203 |   3.6058 |  0.844 |  0.748 | 113/150
		[INFO]  405 | 0.000089 |   2.7813 |   3.5516 |  0.840 |  0.755 | 114/150
		[INFO]  406 | 0.000089 |   2.7438 |   3.5452 |  0.835 |  0.754 | 115/150
		[INFO]  407 | 0.000089 |   2.6313 |   3.5870 |  0.851 |  0.750 | 116/150
		[INFO]  408 | 0.000089 |   2.8758 |   3.5981 |  0.843 |  0.749 | 117/150
		[INFO]  409 | 0.000089 |   2.7568 |   3.5961 |  0.846 |  0.749 | 118/150
		[INFO]  410 | 0.000089 |   2.7930 |   3.6471 |  0.833 |  0.742 | 119/150
		[INFO]  411 | 0.000089 |   2.7176 |   3.5711 |  0.846 |  0.752 | 120/150
		[INFO]  412 | 0.000089 |   3.2974 |   3.5564 |  0.831 |  0.755 | 121/150
		[INFO]  413 | 0.000089 |   2.8570 |   3.5497 |  0.846 |  0.756 | 122/150
		[INFO]  414 | 0.000089 |   2.7985 |   3.5749 |  0.828 |  0.751 | 123/150
		[INFO]  415 | 0.000089 |   2.7042 |   3.6529 |  0.845 |  0.741 | 124/150
		[INFO]  416 | 0.000089 |   2.9697 |   3.6119 |  0.846 |  0.748 | 125/150
		[INFO]  417 | 0.000089 |   2.8461 |   3.5005 |  0.842 |  0.761 | 126/150
		[INFO]  418 | 0.000089 |   2.9207 |   3.5331 |  0.825 |  0.757 | 127/150
		[INFO]  419 | 0.000089 |   2.7075 |   3.5936 |  0.838 |  0.749 | 128/150
		[INFO]  420 | 0.000089 |   2.7068 |   3.6076 |  0.850 |  0.747 | 129/150
		[INFO]  421 | 0.000067 |   3.2433 |   3.6422 |  0.831 |  0.743 | 130/150
		[INFO]  422 | 0.000067 |   3.1657 |   3.5082 |  0.830 |  0.759 | 131/150
		[INFO]  423 | 0.000067 |   3.0254 |   3.5528 |  0.819 |  0.755 | 132/150
		[INFO]  424 | 0.000067 |   3.1550 |   3.6639 |  0.849 |  0.741 | 133/150
		[INFO]  425 | 0.000067 |   3.0242 |   3.5193 |  0.834 |  0.758 | 134/150
		[INFO]  426 | 0.000067 |   2.8542 |   3.5970 |  0.838 |  0.751 | 135/150
		[INFO]  427 | 0.000067 |   3.0130 |   3.5042 |  0.839 |  0.760 | 136/150
		[INFO]  428 | 0.000067 |   4.1932 |   3.4968 |  0.840 |  0.761 | 137/150
		[INFO]  429 | 0.000067 |   2.7208 |   3.5830 |  0.837 |  0.751 | 138/150
		[INFO]  430 | 0.000067 |   3.0974 |   3.6332 |  0.834 |  0.744 | 139/150
		[INFO]  431 | 0.000067 |   2.8638 |   3.5374 |  0.834 |  0.756 | 140/150
		[INFO]  432 | 0.000067 |   2.9355 |   3.6254 |  0.847 |  0.745 | 141/150
		[INFO]  433 | 0.000067 |   2.7518 |   3.5709 |  0.832 |  0.751 | 142/150
		[INFO]  434 | 0.000067 |   2.8258 |   3.6463 |  0.846 |  0.744 | 143/150
		[INFO]  435 | 0.000067 |   2.9759 |   3.6421 |  0.836 |  0.744 | 144/150
		[INFO]  436 | 0.000067 |   2.8381 |   3.7163 |  0.852 |  0.732 | 145/150
		[INFO]  437 | 0.000067 |   2.9566 |   3.5180 |  0.855 |  0.760 | 146/150
		[INFO]  438 | 0.000067 |   2.6699 |   3.6389 |  0.848 |  0.743 | 147/150
		[INFO]  439 | 0.000067 |   3.0977 |   3.6201 |  0.841 |  0.745 | 148/150
		[INFO]  440 | 0.000067 |   2.7482 |   3.5678 |  0.833 |  0.752 | 149/150

[Stopping] Early stopping triggered after 440 epochs.
Training Complete. Results saved to: ./data/training_results/STAFV3_CASE1
		[INFO] Case 1 completed.

	3.2 Training Case 2...

=== Starting Training Run: STAFV3_CASE2 ===
Device: cuda
		[INFO] Starting Preprocessing for Case 2...
		[INFO] Unique quantized indices: 28274
		[INFO] Suggested num_embeddings: 33928
		[INFO] Generating sliding windows...
		[INFO] Saved dataset: ./data/training_results/STAFV3_CASE2/merged_dataset_STAFV3_CASE2.csv (Shape: (18756, 201))
		[INFO] Saved metadata: ./data/training_results/STAFV3_CASE2/feature_info_STAFV3_CASE2.json
	[Model Config] Detected Dims: {'static': 4, 'series_count': 5, 'seq_len': 24, 'vehicle': 76, 'emb_vocab': 33928}
		[INFO] Data loaded. Train: 13129, Val: 5627
		[INFO] Fitting new scalers on training data...

		[INFO]Epoch |    LR    | Trn RMSE | Val RMSE | Trn R2 | Val R2 | Stop
-----------------------------------------------------------------
		[INFO]    1 | 0.000500 |  10.3255 |   8.8468 | -1.044 | -0.495 | 0/150
		[INFO]    2 | 0.000500 |   7.4350 |   5.7858 | -0.056 |  0.361 | 0/150
		[INFO]    3 | 0.000500 |   5.3723 |   4.4151 |  0.449 |  0.628 | 0/150
		[INFO]    4 | 0.000500 |   4.8052 |   4.1142 |  0.564 |  0.677 | 0/150
		[INFO]    5 | 0.000500 |   4.5428 |   4.0953 |  0.605 |  0.680 | 0/150
		[INFO]    6 | 0.000500 |   4.3962 |   3.9806 |  0.629 |  0.697 | 0/150
		[INFO]    7 | 0.000500 |   4.3549 |   3.8618 |  0.639 |  0.715 | 0/150
		[INFO]    8 | 0.000500 |   4.2677 |   3.8767 |  0.660 |  0.713 | 0/150
		[INFO]    9 | 0.000500 |   4.1323 |   3.7918 |  0.672 |  0.725 | 1/150
		[INFO]   10 | 0.000500 |   4.0315 |   3.7278 |  0.690 |  0.735 | 0/150
		[INFO]   11 | 0.000500 |   4.0340 |   3.7277 |  0.689 |  0.735 | 0/150
		[INFO]   12 | 0.000500 |   3.9209 |   3.7009 |  0.709 |  0.738 | 0/150
		[INFO]   13 | 0.000500 |   3.9036 |   3.6589 |  0.709 |  0.744 | 0/150
		[INFO]   14 | 0.000500 |   3.8079 |   3.6497 |  0.723 |  0.746 | 0/150
		[INFO]   15 | 0.000500 |   3.7972 |   3.6938 |  0.724 |  0.739 | 0/150
		[INFO]   16 | 0.000500 |   3.8229 |   3.6815 |  0.724 |  0.741 | 1/150
		[INFO]   17 | 0.000500 |   3.7409 |   3.6273 |  0.732 |  0.749 | 2/150
		[INFO]   18 | 0.000500 |   3.6606 |   3.6268 |  0.743 |  0.749 | 0/150
		[INFO]   19 | 0.000500 |   3.6833 |   3.5852 |  0.742 |  0.754 | 0/150
		[INFO]   20 | 0.000500 |   3.5875 |   3.5917 |  0.757 |  0.754 | 0/150
		[INFO]   21 | 0.000500 |   3.5866 |   3.5868 |  0.757 |  0.754 | 1/150
		[INFO]   22 | 0.000500 |   3.5659 |   3.6595 |  0.756 |  0.744 | 2/150
		[INFO]   23 | 0.000500 |   3.5436 |   3.6076 |  0.763 |  0.751 | 3/150
		[INFO]   24 | 0.000500 |   3.4959 |   3.5675 |  0.766 |  0.757 | 4/150
		[INFO]   25 | 0.000500 |   3.4801 |   3.5601 |  0.769 |  0.758 | 0/150
		[INFO]   26 | 0.000500 |   3.4143 |   3.6118 |  0.777 |  0.751 | 0/150
		[INFO]   27 | 0.000500 |   3.4040 |   3.5555 |  0.779 |  0.759 | 1/150
		[INFO]   28 | 0.000500 |   3.3738 |   3.5954 |  0.783 |  0.753 | 0/150
		[INFO]   29 | 0.000500 |   3.3747 |   3.5780 |  0.782 |  0.755 | 1/150
		[INFO]   30 | 0.000500 |   3.3850 |   3.5839 |  0.789 |  0.755 | 2/150
		[INFO]   31 | 0.000500 |   3.3135 |   3.6036 |  0.790 |  0.752 | 3/150
		[INFO]   32 | 0.000500 |   3.2789 |   3.5651 |  0.795 |  0.757 | 4/150
		[INFO]   33 | 0.000500 |   3.2601 |   3.6329 |  0.798 |  0.748 | 5/150
		[INFO]   34 | 0.000500 |   3.2331 |   3.5704 |  0.800 |  0.756 | 6/150
		[INFO]   35 | 0.000500 |   3.2528 |   3.6040 |  0.798 |  0.752 | 7/150
		[INFO]   36 | 0.000500 |   3.2203 |   3.5488 |  0.804 |  0.759 | 8/150
		[INFO]   37 | 0.000500 |   3.1582 |   3.5811 |  0.809 |  0.755 | 0/150
		[INFO]   38 | 0.000500 |   3.1489 |   3.5607 |  0.810 |  0.758 | 1/150
		[INFO]   39 | 0.000500 |   3.1611 |   3.5855 |  0.810 |  0.754 | 2/150
		[INFO]   40 | 0.000500 |   3.1361 |   3.5759 |  0.814 |  0.756 | 3/150
		[INFO]   41 | 0.000500 |   3.1074 |   3.5940 |  0.815 |  0.753 | 4/150
		[INFO]   42 | 0.000500 |   3.1583 |   3.5748 |  0.813 |  0.756 | 5/150
		[INFO]   43 | 0.000500 |   3.0964 |   3.5870 |  0.820 |  0.754 | 6/150
		[INFO]   44 | 0.000500 |   3.0605 |   3.5700 |  0.820 |  0.757 | 7/150
		[INFO]   45 | 0.000500 |   3.0359 |   3.5563 |  0.825 |  0.758 | 8/150
		[INFO]   46 | 0.000500 |   3.0582 |   3.5268 |  0.824 |  0.762 | 9/150
		[INFO]   47 | 0.000500 |   3.0398 |   3.5681 |  0.823 |  0.757 | 0/150
		[INFO]   48 | 0.000500 |   3.0302 |   3.5800 |  0.824 |  0.755 | 1/150
		[INFO]   49 | 0.000500 |   3.0092 |   3.6083 |  0.829 |  0.751 | 2/150
		[INFO]   50 | 0.000500 |   3.0173 |   3.5712 |  0.826 |  0.756 | 3/150
		[INFO]   51 | 0.000500 |   2.9579 |   3.5752 |  0.835 |  0.756 | 4/150
		[INFO]   52 | 0.000500 |   2.9576 |   3.5798 |  0.834 |  0.755 | 5/150
		[INFO]   53 | 0.000500 |   2.9239 |   3.5614 |  0.837 |  0.758 | 6/150
		[INFO]   54 | 0.000500 |   2.9292 |   3.6092 |  0.837 |  0.751 | 7/150
		[INFO]   55 | 0.000500 |   2.9302 |   3.5629 |  0.835 |  0.757 | 8/150
		[INFO]   56 | 0.000500 |   2.9345 |   3.5743 |  0.836 |  0.756 | 9/150
		[INFO]   57 | 0.000500 |   2.9333 |   3.6051 |  0.837 |  0.752 | 10/150
		[INFO]   58 | 0.000500 |   2.8904 |   3.6013 |  0.840 |  0.752 | 11/150
		[INFO]   59 | 0.000500 |   2.8682 |   3.5883 |  0.843 |  0.754 | 12/150
		[INFO]   60 | 0.000500 |   2.8660 |   3.6143 |  0.844 |  0.750 | 13/150
		[INFO]   61 | 0.000500 |   2.8563 |   3.6076 |  0.844 |  0.751 | 14/150
		[INFO]   62 | 0.000500 |   2.8726 |   3.6409 |  0.842 |  0.747 | 15/150
		[INFO]   63 | 0.000500 |   2.8594 |   3.6157 |  0.843 |  0.750 | 16/150
		[INFO]   64 | 0.000500 |   2.7674 |   3.6630 |  0.854 |  0.744 | 17/150
		[INFO]   65 | 0.000500 |   2.8145 |   3.6107 |  0.849 |  0.751 | 18/150
		[INFO]   66 | 0.000500 |   2.8334 |   3.6175 |  0.846 |  0.750 | 19/150
		[INFO]   67 | 0.000500 |   2.7912 |   3.6193 |  0.851 |  0.750 | 20/150
		[INFO]   68 | 0.000500 |   2.8252 |   3.6249 |  0.849 |  0.749 | 21/150
		[INFO]   69 | 0.000500 |   2.8086 |   3.6086 |  0.851 |  0.751 | 22/150
		[INFO]   70 | 0.000500 |   2.7641 |   3.6236 |  0.855 |  0.749 | 23/150
		[INFO]   71 | 0.000500 |   2.8218 |   3.6180 |  0.848 |  0.750 | 24/150
		[INFO]   72 | 0.000500 |   2.7952 |   3.6111 |  0.851 |  0.751 | 25/150
		[INFO]   73 | 0.000375 |   2.7303 |   3.6005 |  0.857 |  0.752 | 26/150
		[INFO]   74 | 0.000375 |   2.7543 |   3.6112 |  0.855 |  0.751 | 27/150
		[INFO]   75 | 0.000375 |   2.7213 |   3.6298 |  0.858 |  0.748 | 28/150
		[INFO]   76 | 0.000375 |   2.7574 |   3.6300 |  0.855 |  0.748 | 29/150
		[INFO]   77 | 0.000375 |   2.6952 |   3.6288 |  0.861 |  0.748 | 30/150
		[INFO]   78 | 0.000375 |   2.7097 |   3.6182 |  0.859 |  0.750 | 31/150
		[INFO]   79 | 0.000375 |   2.7220 |   3.6088 |  0.859 |  0.751 | 32/150
		[INFO]   80 | 0.000375 |   2.7000 |   3.6522 |  0.862 |  0.745 | 33/150
		[INFO]   81 | 0.000375 |   2.6593 |   3.6153 |  0.865 |  0.750 | 34/150
		[INFO]   82 | 0.000375 |   2.6740 |   3.6158 |  0.863 |  0.750 | 35/150
		[INFO]   83 | 0.000375 |   2.6895 |   3.6185 |  0.864 |  0.750 | 36/150
		[INFO]   84 | 0.000375 |   2.6496 |   3.6441 |  0.865 |  0.746 | 37/150
		[INFO]   85 | 0.000375 |   2.6669 |   3.6317 |  0.867 |  0.748 | 38/150
		[INFO]   86 | 0.000375 |   2.6463 |   3.6183 |  0.866 |  0.750 | 39/150
		[INFO]   87 | 0.000375 |   2.6729 |   3.6435 |  0.863 |  0.746 | 40/150
		[INFO]   88 | 0.000375 |   2.6172 |   3.6313 |  0.870 |  0.748 | 41/150
		[INFO]   89 | 0.000375 |   2.6245 |   3.6428 |  0.868 |  0.746 | 42/150
		[INFO]   90 | 0.000375 |   2.6831 |   3.6820 |  0.866 |  0.741 | 43/150
		[INFO]   91 | 0.000375 |   2.6601 |   3.6229 |  0.866 |  0.749 | 44/150
		[INFO]   92 | 0.000375 |   2.6783 |   3.6664 |  0.864 |  0.743 | 45/150
		[INFO]   93 | 0.000375 |   2.6271 |   3.6291 |  0.868 |  0.748 | 46/150
		[INFO]   94 | 0.000375 |   2.6388 |   3.6256 |  0.867 |  0.749 | 47/150
		[INFO]   95 | 0.000375 |   2.5813 |   3.6246 |  0.873 |  0.749 | 48/150
		[INFO]   96 | 0.000375 |   2.6283 |   3.6443 |  0.868 |  0.746 | 49/150
		[INFO]   97 | 0.000375 |   2.6221 |   3.7389 |  0.870 |  0.733 | 50/150
		[INFO]   98 | 0.000375 |   2.6165 |   3.6283 |  0.870 |  0.749 | 51/150
		[INFO]   99 | 0.000281 |   2.5329 |   3.6215 |  0.877 |  0.749 | 52/150
		[INFO]  100 | 0.000281 |   2.5700 |   3.6406 |  0.874 |  0.747 | 53/150
		[INFO]  101 | 0.000281 |   2.5847 |   3.6551 |  0.873 |  0.745 | 54/150
		[INFO]  102 | 0.000281 |   2.5654 |   3.6395 |  0.874 |  0.747 | 55/150
		[INFO]  103 | 0.000281 |   2.5607 |   3.6660 |  0.875 |  0.743 | 56/150
		[INFO]  104 | 0.000281 |   2.5150 |   3.6709 |  0.879 |  0.743 | 57/150
		[INFO]  105 | 0.000281 |   2.5369 |   3.6695 |  0.878 |  0.743 | 58/150
		[INFO]  106 | 0.000281 |   2.5333 |   3.6445 |  0.877 |  0.746 | 59/150
		[INFO]  107 | 0.000281 |   2.5179 |   3.6528 |  0.879 |  0.745 | 60/150
		[INFO]  108 | 0.000281 |   2.5149 |   3.6797 |  0.880 |  0.741 | 61/150
		[INFO]  109 | 0.000281 |   2.5383 |   3.6561 |  0.878 |  0.745 | 62/150
		[INFO]  110 | 0.000281 |   2.5137 |   3.6565 |  0.881 |  0.745 | 63/150
		[INFO]  111 | 0.000281 |   2.5520 |   3.6909 |  0.876 |  0.740 | 64/150
		[INFO]  112 | 0.000281 |   2.5466 |   3.6736 |  0.876 |  0.742 | 65/150
		[INFO]  113 | 0.000281 |   2.5101 |   3.6807 |  0.880 |  0.741 | 66/150
		[INFO]  114 | 0.000281 |   2.5334 |   3.6915 |  0.877 |  0.740 | 67/150
		[INFO]  115 | 0.000281 |   2.5335 |   3.6901 |  0.877 |  0.740 | 68/150
		[INFO]  116 | 0.000281 |   2.5507 |   3.6983 |  0.876 |  0.739 | 69/150
		[INFO]  117 | 0.000281 |   2.5316 |   3.6430 |  0.877 |  0.746 | 70/150
		[INFO]  118 | 0.000281 |   2.4718 |   3.6807 |  0.883 |  0.741 | 71/150
		[INFO]  119 | 0.000281 |   2.5189 |   3.6827 |  0.881 |  0.741 | 72/150
		[INFO]  120 | 0.000281 |   2.4990 |   3.6728 |  0.882 |  0.742 | 73/150
		[INFO]  121 | 0.000281 |   2.5098 |   3.6497 |  0.880 |  0.746 | 74/150
		[INFO]  122 | 0.000281 |   2.4763 |   3.6697 |  0.883 |  0.743 | 75/150
		[INFO]  123 | 0.000281 |   2.4654 |   3.6828 |  0.884 |  0.741 | 76/150
		[INFO]  124 | 0.000281 |   2.5024 |   3.6477 |  0.881 |  0.746 | 77/150
		[INFO]  125 | 0.000211 |   2.4935 |   3.6655 |  0.883 |  0.743 | 78/150
		[INFO]  126 | 0.000211 |   2.5158 |   3.6772 |  0.879 |  0.742 | 79/150
		[INFO]  127 | 0.000211 |   2.5499 |   3.6788 |  0.877 |  0.741 | 80/150
		[INFO]  128 | 0.000211 |   2.4719 |   3.6789 |  0.883 |  0.741 | 81/150
		[INFO]  129 | 0.000211 |   2.4634 |   3.6602 |  0.884 |  0.744 | 82/150
		[INFO]  130 | 0.000211 |   2.4581 |   3.6769 |  0.884 |  0.742 | 83/150
		[INFO]  131 | 0.000211 |   2.4499 |   3.6641 |  0.886 |  0.744 | 84/150
		[INFO]  132 | 0.000211 |   2.4291 |   3.6803 |  0.887 |  0.741 | 85/150
		[INFO]  133 | 0.000211 |   2.4449 |   3.6606 |  0.887 |  0.744 | 86/150
		[INFO]  134 | 0.000211 |   2.4348 |   3.6759 |  0.888 |  0.742 | 87/150
		[INFO]  135 | 0.000211 |   2.4976 |   3.6858 |  0.884 |  0.740 | 88/150
		[INFO]  136 | 0.000211 |   2.4460 |   3.6794 |  0.885 |  0.741 | 89/150
		[INFO]  137 | 0.000211 |   2.4527 |   3.6785 |  0.885 |  0.741 | 90/150
		[INFO]  138 | 0.000211 |   2.4421 |   3.6672 |  0.886 |  0.743 | 91/150
		[INFO]  139 | 0.000211 |   2.4413 |   3.6794 |  0.887 |  0.741 | 92/150
		[INFO]  140 | 0.000211 |   2.4375 |   3.6845 |  0.887 |  0.741 | 93/150
		[INFO]  141 | 0.000211 |   2.4350 |   3.6539 |  0.888 |  0.745 | 94/150
		[INFO]  142 | 0.000211 |   2.4470 |   3.6732 |  0.887 |  0.742 | 95/150
		[INFO]  143 | 0.000211 |   2.4221 |   3.6805 |  0.888 |  0.741 | 96/150
		[INFO]  144 | 0.000211 |   2.4321 |   3.6806 |  0.887 |  0.741 | 97/150
		[INFO]  145 | 0.000211 |   2.4001 |   3.6844 |  0.890 |  0.741 | 98/150
		[INFO]  146 | 0.000211 |   2.4363 |   3.6679 |  0.886 |  0.743 | 99/150
		[INFO]  147 | 0.000211 |   2.4344 |   3.6906 |  0.887 |  0.740 | 100/150
		[INFO]  148 | 0.000211 |   2.4336 |   3.6763 |  0.887 |  0.742 | 101/150
		[INFO]  149 | 0.000211 |   2.3968 |   3.6820 |  0.891 |  0.741 | 102/150
		[INFO]  150 | 0.000211 |   2.4285 |   3.7136 |  0.888 |  0.737 | 103/150
		[INFO]  151 | 0.000158 |   2.3913 |   3.7048 |  0.891 |  0.738 | 104/150
		[INFO]  152 | 0.000158 |   2.4641 |   3.7137 |  0.887 |  0.737 | 105/150
		[INFO]  153 | 0.000158 |   2.4198 |   3.6823 |  0.888 |  0.741 | 106/150
		[INFO]  154 | 0.000158 |   2.4261 |   3.6574 |  0.888 |  0.744 | 107/150
		[INFO]  155 | 0.000158 |   2.3715 |   3.6877 |  0.894 |  0.740 | 108/150
		[INFO]  156 | 0.000158 |   2.4020 |   3.6918 |  0.890 |  0.740 | 109/150
		[INFO]  157 | 0.000158 |   2.3424 |   3.6897 |  0.895 |  0.740 | 110/150
		[INFO]  158 | 0.000158 |   2.4065 |   3.6750 |  0.891 |  0.742 | 111/150
		[INFO]  159 | 0.000158 |   2.4072 |   3.6874 |  0.891 |  0.740 | 112/150
		[INFO]  160 | 0.000158 |   2.4272 |   3.6800 |  0.888 |  0.741 | 113/150
		[INFO]  161 | 0.000158 |   2.3748 |   3.6839 |  0.893 |  0.741 | 114/150
		[INFO]  162 | 0.000158 |   2.3778 |   3.6703 |  0.892 |  0.743 | 115/150
		[INFO]  163 | 0.000158 |   2.4149 |   3.6928 |  0.891 |  0.739 | 116/150
		[INFO]  164 | 0.000158 |   2.3755 |   3.6896 |  0.893 |  0.740 | 117/150
		[INFO]  165 | 0.000158 |   2.4252 |   3.7292 |  0.888 |  0.734 | 118/150
		[INFO]  166 | 0.000158 |   2.3640 |   3.6993 |  0.893 |  0.739 | 119/150
		[INFO]  167 | 0.000158 |   2.3442 |   3.6872 |  0.895 |  0.740 | 120/150
		[INFO]  168 | 0.000158 |   2.3692 |   3.7086 |  0.893 |  0.737 | 121/150
		[INFO]  169 | 0.000158 |   2.3510 |   3.6964 |  0.896 |  0.739 | 122/150
		[INFO]  170 | 0.000158 |   2.4054 |   3.6906 |  0.890 |  0.740 | 123/150
		[INFO]  171 | 0.000158 |   2.4219 |   3.6929 |  0.888 |  0.739 | 124/150
		[INFO]  172 | 0.000158 |   2.4094 |   3.7162 |  0.892 |  0.736 | 125/150
		[INFO]  173 | 0.000158 |   2.4183 |   3.6905 |  0.889 |  0.740 | 126/150
		[INFO]  174 | 0.000158 |   2.3754 |   3.6917 |  0.892 |  0.740 | 127/150
		[INFO]  175 | 0.000158 |   2.3782 |   3.6931 |  0.892 |  0.739 | 128/150
		[INFO]  176 | 0.000158 |   2.3563 |   3.7093 |  0.894 |  0.737 | 129/150
		[INFO]  177 | 0.000119 |   2.4058 |   3.6988 |  0.889 |  0.739 | 130/150
		[INFO]  178 | 0.000119 |   2.3333 |   3.7520 |  0.897 |  0.731 | 131/150
		[INFO]  179 | 0.000119 |   2.4461 |   3.6779 |  0.887 |  0.742 | 132/150
		[INFO]  180 | 0.000119 |   2.3973 |   3.7231 |  0.893 |  0.735 | 133/150
		[INFO]  181 | 0.000119 |   2.3567 |   3.7381 |  0.894 |  0.733 | 134/150
		[INFO]  182 | 0.000119 |   2.3500 |   3.6991 |  0.894 |  0.739 | 135/150
		[INFO]  183 | 0.000119 |   2.3447 |   3.6826 |  0.895 |  0.741 | 136/150
		[INFO]  184 | 0.000119 |   2.3657 |   3.6785 |  0.894 |  0.741 | 137/150
		[INFO]  185 | 0.000119 |   2.3910 |   3.6858 |  0.891 |  0.740 | 138/150
		[INFO]  186 | 0.000119 |   2.3634 |   3.7253 |  0.895 |  0.735 | 139/150
		[INFO]  187 | 0.000119 |   2.3563 |   3.6941 |  0.894 |  0.739 | 140/150
		[INFO]  188 | 0.000119 |   2.3610 |   3.6904 |  0.894 |  0.740 | 141/150
		[INFO]  189 | 0.000119 |   2.3720 |   3.6892 |  0.895 |  0.740 | 142/150
		[INFO]  190 | 0.000119 |   2.3733 |   3.6870 |  0.896 |  0.740 | 143/150
		[INFO]  191 | 0.000119 |   2.3524 |   3.7083 |  0.894 |  0.737 | 144/150
		[INFO]  192 | 0.000119 |   2.3805 |   3.7518 |  0.893 |  0.731 | 145/150
		[INFO]  193 | 0.000119 |   2.3403 |   3.7270 |  0.895 |  0.735 | 146/150
		[INFO]  194 | 0.000119 |   2.3605 |   3.7146 |  0.894 |  0.736 | 147/150
		[INFO]  195 | 0.000119 |   2.4045 |   3.6900 |  0.893 |  0.740 | 148/150
		[INFO]  196 | 0.000119 |   2.3466 |   3.6961 |  0.895 |  0.739 | 149/150

[Stopping] Early stopping triggered after 196 epochs.
Training Complete. Results saved to: ./data/training_results/STAFV3_CASE2
		[INFO] Case 2 completed.
