nohup: ignoring input
Crash diagnostics ON


==================================================
PART 1: Data preprocess for 2023-01-01 00:00:00 to 2024-09-30 23:00:00...
==================================================

	1.1 Preprocessing radiation data...
		[INFO] Radiation data already exists at './data/timeseries/radiation_data.csv'

	1.2 Preprocessing temperature data...
		[INFO] Temperature data already exists at './data/timeseries/temperature_data.csv'

	1.3 Preprocessing building data...
		[INFO] Building data already exists at './data/timeseries/building_data.csv'

	1.4 Preprocessing electricity cost data...
		[INFO] Electricity cost data already exists at './data/timeseries/electricitycostG2B_data.csv' and './data/timeseries/electricitycostG2V_data.csv'

	1.5 Preprocessing battery demand series data...
		[INFO] Found existing battery data at './data/battery_demand/resample_full.csv' and './data/battery_demand/resample_train.csv'

		[INFO] Number of series for clean windows = (168, 37)
		[INFO] Number of eligible series for Case 2 = (1395, 37)
		[INFO] Case 1 exists — loaded battery demand from './data/battery_demand/case1_real_only/battery_demand.npy' with shape (168, 37).
		[INFO] Building Case 2 (fill NaN)
		[INFO] Resuming Case 2 from checkpoint: './data/battery_demand/case2_nan_filled/battery_demand_ckpt.npz'
		[INFO] Case 2 resume index = 1260, current series shape = (1428, 37)
		[INFO] Case 2 generating:   0%|          | 0/135 [00:00<?, ?it/s]		[INFO] Case 2 generating:   1%|          | 1/135 [00:05<12:44,  5.71s/it]		[INFO] Case 2 generating:   1%|▏         | 2/135 [00:11<12:10,  5.49s/it]		[INFO] Case 2 generating:   2%|▏         | 3/135 [00:16<11:48,  5.37s/it]		[INFO] Case 2 generating:   3%|▎         | 4/135 [00:21<11:39,  5.34s/it]		[INFO] Case 2 generating:   4%|▎         | 5/135 [00:26<11:32,  5.33s/it]		[INFO] Case 2 generating:   4%|▍         | 6/135 [00:32<11:26,  5.32s/it]		[INFO] Case 2 generating:   5%|▌         | 7/135 [00:37<11:17,  5.29s/it]		[INFO] Case 2 generating:   6%|▌         | 8/135 [00:42<11:11,  5.29s/it]		[INFO] Case 2 generating:   6%|▌         | 8/135 [00:45<12:08,  5.73s/it]
Traceback (most recent call last):
  File "/home/lisa4090/Documents/GitHub/V2B_Optimization_with_AI_on_BSS/main.py", line 65, in <module>
    main()
    ~~~~^^
  File "/home/lisa4090/Documents/GitHub/V2B_Optimization_with_AI_on_BSS/main.py", line 12, in main
    data = preprocessor.preprocess()
  File "/home/lisa4090/Documents/GitHub/V2B_Optimization_with_AI_on_BSS/preprocess/preprocessor.py", line 231, in preprocess
    gen.generate_battery_series(rerun=False)
    ~~~~~~~~~~~~~~~~~~~~~~~~~~~^^^^^^^^^^^^^
  File "/home/lisa4090/Documents/GitHub/V2B_Optimization_with_AI_on_BSS/preprocess/batterygenerator.py", line 190, in generate_battery_series
    sample = self._generate_artificial_battery_data(chunk, n_samples)[0]
             ~~~~~~~~~~~~~~~~~~~~~~~~~~~~~~~~~~~~~~^^^^^^^^^^^^^^^^^^
  File "/home/lisa4090/Documents/GitHub/V2B_Optimization_with_AI_on_BSS/preprocess/batterygenerator.py", line 349, in _generate_artificial_battery_data
    generator = BlockGenerator(
        seed=seq,
    ...<4 lines>...
        random_state=cfg.RANDOM_STATE,
    )
  File "/home/lisa4090/Documents/GitHub/V2B_Optimization_with_AI_on_BSS/time_series_generator/time_series_generator/core.py", line 577, in __init__
    grouped = datapreparer.generate_grouped_subsequences()
  File "/home/lisa4090/Documents/GitHub/V2B_Optimization_with_AI_on_BSS/time_series_generator/time_series_generator/preprocessing.py", line 39, in generate_grouped_subsequences
    not_nan_indices = np.where(~np.isnan(row))[0]
                                ~~~~~~~~^^^^^
numpy._core._exceptions._ArrayMemoryError: Unable to allocate 115. TiB for an array with shape (126976610109144,) and data type bool
