nohup: ignoring input
Crash diagnostics ON


==================================================
PART 1: Data preprocess for 2023-01-01 00:00:00 to 2024-09-30 23:00:00...
==================================================

	1.1 Preprocessing radiation data...
		[INFO] Radiation data already exists at './data/timeseries/radiation_data.csv'

	1.2 Preprocessing temperature data...
		[INFO] Temperature data already exists at './data/timeseries/temperature_data.csv'

	1.3 Preprocessing building data...
		[INFO] Building data already exists at './data/timeseries/building_data.csv'

	1.4 Preprocessing electricity cost data...
		[INFO] Electricity cost data already exists at './data/timeseries/electricitycostG2B_data.csv' and './data/timeseries/electricitycostG2V_data.csv'

	1.5 Preprocessing battery demand series data...
		[INFO] Found existing battery data at './data/battery_demandV2/tol15/resample_full.csv' and './data/battery_demandV2/tol15/resample_train.csv'

		[INFO] Number of series for clean windows = (168, 37)
		[INFO] Number of eligible series for Case 2 = (1309, 37)
		[INFO] Case 1 exists — loaded battery demand from './data/battery_demandV2/tol15/case1_real_only/battery_demand.npy' with shape (168, 37).
		[INFO] Building Case 2 (fill NaN)
		[INFO] Resuming Case 2 from checkpoint: './data/battery_demandV2/tol15/case2_nan_filled/battery_demand_ckpt.npz'
		[INFO] Case 2 resume index = 12, current series shape = (180, 37)
		[INFO] Case 2 generating:   0%|          | 0/1297 [00:00<?, ?it/s]		[INFO] Case 2 generating:   0%|          | 0/1297 [00:05<?, ?it/s]
Traceback (most recent call last):
  File "/home/lisa4090/Documents/GitHub/V2B_Optimization_with_AI_on_BSS/main.py", line 65, in <module>
    main()
    ~~~~^^
  File "/home/lisa4090/Documents/GitHub/V2B_Optimization_with_AI_on_BSS/main.py", line 12, in main
    data = preprocessor.preprocess()
  File "/home/lisa4090/Documents/GitHub/V2B_Optimization_with_AI_on_BSS/preprocess/preprocessor.py", line 231, in preprocess
    gen.generate_battery_series(rerun=False)
    ~~~~~~~~~~~~~~~~~~~~~~~~~~~^^^^^^^^^^^^^
  File "/home/lisa4090/Documents/GitHub/V2B_Optimization_with_AI_on_BSS/preprocess/batterygenerator.py", line 191, in generate_battery_series
    sample = self._generate_artificial_battery_data(chunk, n_samples)[0]
             ~~~~~~~~~~~~~~~~~~~~~~~~~~~~~~~~~~~~~~^^^^^^^^^^^^^^^^^^
  File "/home/lisa4090/Documents/GitHub/V2B_Optimization_with_AI_on_BSS/preprocess/batterygenerator.py", line 361, in _generate_artificial_battery_data
    return generator.generate()
           ~~~~~~~~~~~~~~~~~~^^
  File "/home/lisa4090/Documents/GitHub/V2B_Optimization_with_AI_on_BSS/time_series_generator/time_series_generator/core.py", line 543, in generate
    resampled_pool, weights = self.estimator.get_resampled_pool(
                              ~~~~~~~~~~~~~~~~~~~~~~~~~~~~~~~~~^
        self.seed,
        ^^^^^^^^^^
        n_draws=n_sample,
        ^^^^^^^^^^^^^^^^^
    )
    ^
  File "/home/lisa4090/Documents/GitHub/V2B_Optimization_with_AI_on_BSS/time_series_generator/time_series_generator/core.py", line 130, in get_resampled_pool
    raise ValueError(
        f"seed 長度 {seed.shape[0]} 與 samples 長度 {T} 不一致"
    )
ValueError: seed 長度 1 與 samples 長度 36 不一致
