Crash diagnostics ON


==================================================
PART 1: Data preprocess for 2023-01-01 00:00:00 to 2024-09-30 23:00:00...
==================================================

	1.1 Preprocessing radiation data...
		[INFO] Radiation data already exists at './data/timeseries/radiation_data.csv'

	1.2 Preprocessing temperature data...
		[INFO] Temperature data already exists at './data/timeseries/temperature_data.csv'

	1.3 Preprocessing building data...
		[INFO] Building data already exists at './data/timeseries/building_data.csv'

	1.4 Preprocessing electricity cost data...
		[INFO] Electricity cost data already exists at './data/timeseries/electricitycostG2B_data.csv' and './data/timeseries/electricitycostG2V_data.csv'

	1.5 Preprocessing battery demand series data...
		[INFO] Found existing battery data at './data/battery_demand/tol27/resample_full.csv' and './data/battery_demand/tol27/resample_train.csv'

		[INFO] Number of series for clean windows = (168, 37)
		[INFO] Number of eligible series for Case 2 = (1381, 37)
		[INFO] Number of seeds ready for Case 3  = (2000, 36)

		[INFO] Case 1 exists — loaded battery demand from './data/battery_demand/tol27/case1_real_only/battery_demand.npy' with shape (168, 37).
		[INFO] Case 2 exists — loaded battery demand from './data/battery_demand/tol27/case2_nan_filled/battery_demand.npy' with shape (1549, 37).
		[INFO] Case 3 exists — loaded battery demand from './data/battery_demand/tol27/case3_extended_generated/battery_demand.npy' with shape (3549, 37).
		[INFO] Case 0: Successfully added test pair 2024-03-15 & 2024-03-16
		Data: [10536, 28, 30, 35, 37, 37, 36, 33, 26, 10, 6, 10, 14, 19, 18, 15, 20, 26, 15, 9, 16, 21, 20, 8, 12, 15, 24, 31, 35, 32, 35, 34, 32, 31, 30, 22, 14, 18, 27, 18, 19, 19, 25, 25, 25, 26, 27, 17, 19]
		[INFO] Case 0: Successfully added test pair 2024-03-29 & 2024-03-30
		Data: [10872, 13, 26, 31, 33, 33, 33, 31, 15, 8, 19, 11, 15, 18, 16, 18, 18, 19, 7, 4, 23, 23, 16, 17, 18, 18, 19, 24, 29, 30, 30, 22, 27, 21, 14, 15, 16, 20, 18, 23, 27, 18, 2, 10, 23, 22, 22, 17, 21]

	1.6 Generating battery schedule...
		[INFO] Case 1 exists — loaded from './data/battery_demand/tol27/case1_real_only/battery_availability.npy' and './data/battery_demand/tol27/case1_real_only/battery_details.npy' shape (168, 263, 36) and (4, 168, 263)
		[INFO] Case 2 exists — loaded from './data/battery_demand/tol27/case2_nan_filled/battery_availability.npy' and './data/battery_demand/tol27/case2_nan_filled/battery_details.npy' shape (1549, 311, 36) and (4, 1549, 311)
		[INFO] Case 3 exists — loaded from './data/battery_demand/tol27/case3_extended_generated/battery_availability.npy' and './data/battery_demand/tol27/case3_extended_generated/battery_details.npy' shape (3549, 422, 36) and (4, 3549, 422)


==================================================
PART 2: MILP Optimization...
==================================================

	2.1 Optimizing Case 1...
		[INFO] Loaded 168 samples from './data/battery_demand/tol27/case1_real_only'
		[INFO] Results already exist at './data/optimization_results/tol27/case1_real_only/optimization/V2B.npy'. Skipping optimization run.
		[INFO] Results already exist at './data/optimization_results/tol27/case1_real_only/immediate_charging/V2B.npy'. Skipping immediate_charging run.
		[INFO] Case 1 completed.

	2.2 Optimizing Case 2...
		[INFO] Loaded 1549 samples from './data/battery_demand/tol27/case2_nan_filled'
		[INFO] Results already exist at './data/optimization_results/tol27/case2_nan_filled/optimization/V2B.npy'. Skipping optimization run.
		[INFO] Results already exist at './data/optimization_results/tol27/case2_nan_filled/immediate_charging/V2B.npy'. Skipping immediate_charging run.
		[INFO] Case 2 completed.

	2.3 Optimizing Case 3...
		[INFO] Loaded 3549 samples from './data/battery_demand/tol27/case3_extended_generated'
		[INFO] Results already exist at './data/optimization_results/tol27/case3_extended_generated/optimization/V2B.npy'. Skipping optimization run.
		[INFO] Results already exist at './data/optimization_results/tol27/case3_extended_generated/immediate_charging/V2B.npy'. Skipping immediate_charging run.
		[INFO] Case 3 completed.


==================================================
PART 3: Supervised Learning...
==================================================

	3.1 Training Case 1...
		=== Training Log Started: 2025-11-29 14:30:26.709605 ===
		Run Name: STAFV2_27_CASE1
		Device: cuda
		Epochs: 1000, Batch Size: 128, LR: 0.01
		============================================================
		[INFO] Unique quantized indices: 6686
		[INFO] Suggested num_embeddings: 8023
		[INFO] Processed 168 valid samples.
		[INFO] Saved merged dataset: ./data/training_results/merged_windowed_dataset_STAFV2_27_CASE1.csv  (shape: (168, 429))
		[INFO] Saved feature metadata: ./data/training_results/feature_info_STAFV2_27_CASE1.json
		[INFO] Dataset split: 134 train, 34 val
		[INFO] Scalers fitted and saved.

		✅ Model initialized with 714970 params.
		============================================================
		--------------------------------------------------------------------------------------------
		  Epoch    |     LR     |  Train RMSE  |   Val RMSE   |  Train R²  |   Val R²   |  Patience 
		--------------------------------------------------------------------------------------------
		    1/1000 | 0.010000   |    7.84059   |    8.99133   |     -1.141 |     -0.918 |    0/150  
		    2/1000 | 0.010000   |    8.55866   |    8.85785   |     -0.997 |     -0.862 |    0/150  
		    3/1000 | 0.010000   |    7.51093   |    8.53395   |     -0.859 |     -0.728 |    0/150  
		    4/1000 | 0.010000   |    8.37211   |    8.11362   |     -0.775 |     -0.562 |    0/150  
		    5/1000 | 0.010000   |    8.05773   |    7.61077   |     -0.687 |     -0.374 |    0/150  
		    6/1000 | 0.010000   |    7.18719   |    7.13625   |     -0.614 |     -0.208 |    0/150  
		    7/1000 | 0.010000   |    7.12617   |    6.67691   |     -0.519 |     -0.058 |    0/150  
		    8/1000 | 0.010000   |    7.58483   |    6.58175   |     -0.401 |     -0.028 |    0/150  
		    9/1000 | 0.010000   |    7.97257   |    6.51148   |     -0.299 |     -0.006 |    0/150  
		   10/1000 | 0.010000   |    7.10287   |    6.40216   |     -0.202 |      0.028 |    0/150  
		   11/1000 | 0.010000   |    5.98976   |    6.46754   |     -0.080 |      0.008 |    0/150  
		   12/1000 | 0.010000   |    6.08946   |    6.59539   |      0.044 |     -0.032 |    1/150  
		   13/1000 | 0.010000   |    6.18249   |    6.50339   |      0.137 |     -0.003 |    2/150  
		   14/1000 | 0.010000   |    4.69421   |    6.24065   |      0.226 |      0.076 |    3/150  
		   15/1000 | 0.010000   |    5.36294   |    6.15636   |      0.285 |      0.101 |    0/150  
		   16/1000 | 0.010000   |    5.61626   |    6.20866   |      0.388 |      0.085 |    0/150  
		   17/1000 | 0.010000   |    4.75570   |    6.21658   |      0.470 |      0.083 |    1/150  
		   18/1000 | 0.010000   |    4.66094   |    6.15660   |      0.531 |      0.101 |    2/150  
		   19/1000 | 0.010000   |    5.31220   |    6.03453   |      0.588 |      0.136 |    3/150  
		   20/1000 | 0.010000   |    5.33620   |    6.03857   |      0.670 |      0.135 |    0/150  
		   21/1000 | 0.010000   |    2.72938   |    5.73501   |      0.758 |      0.220 |    1/150  
		   22/1000 | 0.010000   |    2.67615   |    5.55418   |      0.802 |      0.268 |    0/150  
		   23/1000 | 0.010000   |    2.20268   |    5.41064   |      0.808 |      0.305 |    0/150  
		   24/1000 | 0.010000   |    2.41275   |    5.31692   |      0.831 |      0.329 |    0/150  
		   25/1000 | 0.010000   |    3.80471   |    5.31627   |      0.821 |      0.329 |    0/150  
		   26/1000 | 0.010000   |    3.09409   |    5.32572   |      0.864 |      0.327 |    0/150  
		   27/1000 | 0.010000   |    2.85895   |    5.29740   |      0.895 |      0.334 |    1/150  
		   28/1000 | 0.010000   |    3.05223   |    5.21942   |      0.897 |      0.354 |    0/150  
		   29/1000 | 0.010000   |    1.68742   |    5.20945   |      0.914 |      0.356 |    0/150  
		   30/1000 | 0.010000   |    2.52529   |    5.32478   |      0.900 |      0.327 |    0/150  
		   31/1000 | 0.010000   |    2.80434   |    5.51143   |      0.869 |      0.279 |    1/150  
		   32/1000 | 0.010000   |    1.64397   |    5.61505   |      0.907 |      0.252 |    2/150  
		   33/1000 | 0.010000   |    3.86789   |    5.63924   |      0.857 |      0.246 |    3/150  
		   34/1000 | 0.010000   |    2.88211   |    5.63162   |      0.886 |      0.248 |    4/150  
		   35/1000 | 0.010000   |    2.91760   |    5.56936   |      0.903 |      0.264 |    5/150  
		   36/1000 | 0.010000   |    2.99605   |    5.49866   |      0.886 |      0.283 |    6/150  
		   37/1000 | 0.010000   |    1.71206   |    5.46178   |      0.896 |      0.292 |    7/150  
		   38/1000 | 0.010000   |    2.55605   |    5.48321   |      0.905 |      0.287 |    8/150  
		   39/1000 | 0.010000   |    2.85928   |    5.42242   |      0.856 |      0.302 |    9/150  
		   40/1000 | 0.010000   |    3.87543   |    5.32751   |      0.871 |      0.327 |   10/150  
		   41/1000 | 0.010000   |    6.31687   |    5.39390   |      0.810 |      0.310 |   11/150  
		   42/1000 | 0.010000   |    3.72615   |    5.63402   |      0.875 |      0.247 |   12/150  
		   43/1000 | 0.010000   |    2.27342   |    5.80415   |      0.866 |      0.201 |   13/150  
		   44/1000 | 0.010000   |    3.24398   |    5.83162   |      0.840 |      0.193 |   14/150  
		   45/1000 | 0.005000   |    1.97341   |    5.91488   |      0.854 |      0.170 |   15/150  
		   46/1000 | 0.005000   |    2.00347   |    5.90659   |      0.849 |      0.172 |   16/150  
		   47/1000 | 0.005000   |    2.35773   |    5.81319   |      0.825 |      0.198 |   17/150  
		   48/1000 | 0.005000   |    4.95123   |    5.92929   |      0.805 |      0.166 |   18/150  
		   49/1000 | 0.005000   |    3.03016   |    5.89197   |      0.891 |      0.176 |   19/150  
		   50/1000 | 0.005000   |    2.62856   |    5.83096   |      0.860 |      0.193 |   20/150  
		   51/1000 | 0.005000   |    3.20298   |    5.78488   |      0.854 |      0.206 |   21/150  
		   52/1000 | 0.005000   |    2.82453   |    5.72949   |      0.866 |      0.221 |   22/150  
		   53/1000 | 0.005000   |    3.35949   |    5.61692   |      0.879 |      0.251 |   23/150  
		   54/1000 | 0.005000   |    2.45875   |    5.51187   |      0.902 |      0.279 |   24/150  
		   55/1000 | 0.005000   |    4.46023   |    5.39432   |      0.850 |      0.310 |   25/150  
		   56/1000 | 0.005000   |    3.35098   |    5.32859   |      0.886 |      0.326 |   26/150  
		   57/1000 | 0.005000   |    3.18381   |    5.25266   |      0.859 |      0.345 |   27/150  
		   58/1000 | 0.005000   |    2.24504   |    5.16915   |      0.894 |      0.366 |   28/150  
		   59/1000 | 0.005000   |    2.08762   |    5.08137   |      0.903 |      0.387 |    0/150  
		   60/1000 | 0.005000   |    1.79522   |    5.08071   |      0.922 |      0.388 |    0/150  
		   61/1000 | 0.005000   |    2.31208   |    5.02638   |      0.900 |      0.401 |    0/150  
		                                          ╚══> ✅ SAVED (RMSE: 5.0264)
		   62/1000 | 0.005000   |    3.35647   |    5.04154   |      0.904 |      0.397 |    0/150  
		   63/1000 | 0.005000   |    3.72523   |    5.13405   |      0.886 |      0.375 |    1/150  
		   64/1000 | 0.005000   |    2.34821   |    5.12521   |      0.906 |      0.377 |    2/150  
		   65/1000 | 0.005000   |    3.49584   |    5.27278   |      0.894 |      0.340 |    3/150  
		   66/1000 | 0.005000   |    1.77255   |    5.30576   |      0.914 |      0.332 |    4/150  
		   67/1000 | 0.005000   |    2.36267   |    5.26033   |      0.920 |      0.343 |    5/150  
		   68/1000 | 0.005000   |    4.48260   |    5.30121   |      0.881 |      0.333 |    6/150  
		   69/1000 | 0.005000   |    1.90904   |    5.29194   |      0.927 |      0.336 |    7/150  
		   70/1000 | 0.005000   |    2.34240   |    5.25471   |      0.908 |      0.345 |    8/150  
		   71/1000 | 0.005000   |    1.67534   |    5.23583   |      0.903 |      0.350 |    9/150  
		   72/1000 | 0.005000   |    1.49068   |    5.22080   |      0.922 |      0.353 |   10/150  
		   73/1000 | 0.005000   |    1.64411   |    5.18502   |      0.908 |      0.362 |   11/150  
		   74/1000 | 0.005000   |    1.73285   |    5.13631   |      0.917 |      0.374 |   12/150  
		   75/1000 | 0.005000   |    2.59531   |    5.14233   |      0.913 |      0.373 |   13/150  
		   76/1000 | 0.005000   |    3.22803   |    5.18312   |      0.902 |      0.363 |   14/150  
		   77/1000 | 0.002500   |    2.23834   |    5.12067   |      0.929 |      0.378 |   15/150  
		   78/1000 | 0.002500   |    2.53451   |    5.16849   |      0.916 |      0.366 |   16/150  
		   79/1000 | 0.002500   |    1.98813   |    5.16219   |      0.927 |      0.368 |   17/150  
		   80/1000 | 0.002500   |    2.28619   |    5.07494   |      0.923 |      0.389 |   18/150  
		   81/1000 | 0.002500   |    2.03059   |    5.06507   |      0.928 |      0.391 |   19/150  
		   82/1000 | 0.002500   |    1.86628   |    5.04897   |      0.924 |      0.395 |   20/150  
		   83/1000 | 0.002500   |    1.61320   |    5.01409   |      0.943 |      0.404 |   21/150  
		                                          ╚══> ✅ SAVED (RMSE: 5.0141)
		   84/1000 | 0.002500   |    1.76541   |    5.01278   |      0.916 |      0.404 |    0/150  
		                                          ╚══> ✅ SAVED (RMSE: 5.0128)
		   85/1000 | 0.002500   |    3.01327   |    4.97159   |      0.906 |      0.414 |    0/150  
		                                          ╚══> ✅ SAVED (RMSE: 4.9716)
		   86/1000 | 0.002500   |    1.31906   |    4.98401   |      0.938 |      0.411 |    0/150  
		   87/1000 | 0.002500   |    2.94849   |    4.99658   |      0.914 |      0.408 |    1/150  
		   88/1000 | 0.002500   |    2.08824   |    5.05176   |      0.935 |      0.395 |    2/150  
		   89/1000 | 0.002500   |    6.40372   |    5.09972   |      0.839 |      0.383 |    3/150  
		   90/1000 | 0.002500   |    1.66957   |    5.02576   |      0.912 |      0.401 |    4/150  
		   91/1000 | 0.002500   |    1.61743   |    5.04441   |      0.917 |      0.396 |    5/150  
		   92/1000 | 0.002500   |    1.49309   |    4.99992   |      0.922 |      0.407 |    6/150  
		   93/1000 | 0.002500   |    1.92635   |    4.95709   |      0.926 |      0.417 |    7/150  
		                                          ╚══> ✅ SAVED (RMSE: 4.9571)
		   94/1000 | 0.002500   |    3.32835   |    4.98064   |      0.906 |      0.411 |    0/150  
		   95/1000 | 0.002500   |    2.42876   |    5.08933   |      0.928 |      0.385 |    1/150  
		   96/1000 | 0.002500   |    2.27269   |    5.05069   |      0.900 |      0.395 |    2/150  
		   97/1000 | 0.002500   |    2.04597   |    5.03907   |      0.913 |      0.398 |    3/150  
		   98/1000 | 0.002500   |    1.76162   |    4.94588   |      0.927 |      0.420 |    4/150  
		                                          ╚══> ✅ SAVED (RMSE: 4.9459)
		   99/1000 | 0.002500   |    3.03256   |    4.98821   |      0.909 |      0.410 |    0/150  
		  100/1000 | 0.002500   |    1.68307   |    4.94217   |      0.904 |      0.421 |    1/150  
		                                          ╚══> ✅ SAVED (RMSE: 4.9422)
		  101/1000 | 0.002500   |    4.27197   |    5.02998   |      0.884 |      0.400 |    0/150  
		  102/1000 | 0.002500   |    1.59536   |    4.97837   |      0.918 |      0.412 |    1/150  
		  103/1000 | 0.002500   |    2.31977   |    4.96244   |      0.908 |      0.416 |    2/150  
		  104/1000 | 0.002500   |    1.60039   |    4.93821   |      0.899 |      0.421 |    3/150  
		                                          ╚══> ✅ SAVED (RMSE: 4.9382)
		  105/1000 | 0.002500   |    1.77217   |    4.97544   |      0.919 |      0.413 |    0/150  
		  106/1000 | 0.002500   |    2.95620   |    5.01997   |      0.915 |      0.402 |    1/150  
		  107/1000 | 0.002500   |    2.86655   |    4.95337   |      0.902 |      0.418 |    2/150  
		  108/1000 | 0.002500   |    3.94754   |    4.92990   |      0.896 |      0.423 |    3/150  
		                                          ╚══> ✅ SAVED (RMSE: 4.9299)
		  109/1000 | 0.002500   |    2.18548   |    4.88856   |      0.920 |      0.433 |    0/150  
		                                          ╚══> ✅ SAVED (RMSE: 4.8886)
		  110/1000 | 0.002500   |    2.72948   |    4.91297   |      0.915 |      0.427 |    0/150  
		  111/1000 | 0.002500   |    2.99319   |    4.91107   |      0.918 |      0.428 |    1/150  
		  112/1000 | 0.002500   |    2.12455   |    4.87604   |      0.912 |      0.436 |    2/150  
		                                          ╚══> ✅ SAVED (RMSE: 4.8760)
		  113/1000 | 0.002500   |    1.79857   |    4.85648   |      0.934 |      0.440 |    0/150  
		                                          ╚══> ✅ SAVED (RMSE: 4.8565)
		  114/1000 | 0.002500   |    1.66175   |    4.85411   |      0.927 |      0.441 |    0/150  
		                                          ╚══> ✅ SAVED (RMSE: 4.8541)
		  115/1000 | 0.002500   |    1.97568   |    4.96489   |      0.919 |      0.415 |    0/150  
		  116/1000 | 0.002500   |    6.68600   |    5.12215   |      0.845 |      0.378 |    1/150  
		  117/1000 | 0.002500   |    2.18138   |    5.04981   |      0.933 |      0.395 |    2/150  
		  118/1000 | 0.002500   |    1.74193   |    4.99561   |      0.935 |      0.408 |    3/150  
		  119/1000 | 0.002500   |    1.56957   |    4.98532   |      0.918 |      0.410 |    4/150  
		  120/1000 | 0.002500   |    2.38023   |    5.03951   |      0.926 |      0.397 |    5/150  
		  121/1000 | 0.002500   |    1.34823   |    5.03605   |      0.935 |      0.398 |    6/150  
		  122/1000 | 0.002500   |    2.20835   |    5.04071   |      0.913 |      0.397 |    7/150  
		  123/1000 | 0.002500   |    1.70075   |    5.00060   |      0.921 |      0.407 |    8/150  
		  124/1000 | 0.002500   |    2.89831   |    5.01176   |      0.916 |      0.404 |    9/150  
		  125/1000 | 0.002500   |    2.12431   |    5.00789   |      0.930 |      0.405 |   10/150  
		  126/1000 | 0.002500   |    1.94756   |    5.00130   |      0.930 |      0.407 |   11/150  
		  127/1000 | 0.002500   |    1.63319   |    4.99694   |      0.928 |      0.408 |   12/150  
		  128/1000 | 0.002500   |    2.30095   |    5.06131   |      0.928 |      0.392 |   13/150  
		  129/1000 | 0.002500   |    2.23632   |    5.08687   |      0.918 |      0.386 |   14/150  
		  130/1000 | 0.001250   |    2.11520   |    5.13081   |      0.921 |      0.375 |   15/150  
		  131/1000 | 0.001250   |    2.93599   |    5.09349   |      0.896 |      0.384 |   16/150  
		  132/1000 | 0.001250   |    2.04543   |    5.10596   |      0.930 |      0.381 |   17/150  
		  133/1000 | 0.001250   |    1.61617   |    5.11872   |      0.905 |      0.378 |   18/150  
		  134/1000 | 0.001250   |    4.19129   |    5.05023   |      0.889 |      0.395 |   19/150  
		  135/1000 | 0.001250   |    2.20379   |    5.00940   |      0.918 |      0.405 |   20/150  
		  136/1000 | 0.001250   |    1.98290   |    4.99010   |      0.926 |      0.409 |   21/150  
		  137/1000 | 0.001250   |    2.63246   |    5.01091   |      0.918 |      0.404 |   22/150  
		  138/1000 | 0.001250   |    2.13904   |    4.97053   |      0.913 |      0.414 |   23/150  
		  139/1000 | 0.001250   |    1.48286   |    5.03909   |      0.928 |      0.398 |   24/150  
		  140/1000 | 0.001250   |    1.48098   |    5.02467   |      0.934 |      0.401 |   25/150  
		  141/1000 | 0.001250   |    2.40689   |    5.03506   |      0.926 |      0.399 |   26/150  
		  142/1000 | 0.001250   |    2.08693   |    5.13263   |      0.929 |      0.375 |   27/150  
		  143/1000 | 0.001250   |    3.20731   |    5.10694   |      0.902 |      0.381 |   28/150  
		  144/1000 | 0.001250   |    3.27312   |    5.16079   |      0.902 |      0.368 |   29/150  
		  145/1000 | 0.001250   |    1.39511   |    5.14346   |      0.931 |      0.372 |   30/150  
		  146/1000 | 0.000625   |    1.60256   |    5.17324   |      0.940 |      0.365 |   31/150  
		  147/1000 | 0.000625   |    2.35703   |    5.18280   |      0.923 |      0.363 |   32/150  
		  148/1000 | 0.000625   |    2.72969   |    5.02366   |      0.912 |      0.401 |   33/150  
		  149/1000 | 0.000625   |    2.83908   |    5.03197   |      0.893 |      0.399 |   34/150  
		  150/1000 | 0.000625   |    1.38009   |    5.05717   |      0.931 |      0.393 |   35/150  
		  151/1000 | 0.000625   |    1.61646   |    5.08428   |      0.930 |      0.387 |   36/150  
		  152/1000 | 0.000625   |    2.20975   |    5.11966   |      0.912 |      0.378 |   37/150  
		  153/1000 | 0.000625   |    3.45069   |    5.06365   |      0.900 |      0.392 |   38/150  
		  154/1000 | 0.000625   |    2.24813   |    5.09872   |      0.900 |      0.383 |   39/150  
		  155/1000 | 0.000625   |    2.66507   |    5.06756   |      0.922 |      0.391 |   40/150  
		  156/1000 | 0.000625   |    1.64572   |    5.03507   |      0.928 |      0.399 |   41/150  
		  157/1000 | 0.000625   |    1.90341   |    4.99874   |      0.924 |      0.407 |   42/150  
		  158/1000 | 0.000625   |    2.33835   |    4.98866   |      0.943 |      0.410 |   43/150  
		  159/1000 | 0.000625   |    1.45247   |    4.98753   |      0.938 |      0.410 |   44/150  
		  160/1000 | 0.000625   |    2.45092   |    5.03614   |      0.934 |      0.398 |   45/150  
		  161/1000 | 0.000625   |    4.37184   |    5.08043   |      0.879 |      0.388 |   46/150  
		  162/1000 | 0.000313   |    2.10090   |    5.02903   |      0.935 |      0.400 |   47/150  
		  163/1000 | 0.000313   |    1.80472   |    5.01281   |      0.917 |      0.404 |   48/150  
		  164/1000 | 0.000313   |    2.44051   |    4.96406   |      0.927 |      0.415 |   49/150  
		  165/1000 | 0.000313   |    2.39745   |    5.05772   |      0.934 |      0.393 |   50/150  
		  166/1000 | 0.000313   |    2.16406   |    5.05109   |      0.918 |      0.395 |   51/150  
		  167/1000 | 0.000313   |    3.78873   |    5.15644   |      0.898 |      0.369 |   52/150  
		  168/1000 | 0.000313   |    2.55686   |    5.05555   |      0.921 |      0.394 |   53/150  
		  169/1000 | 0.000313   |    1.81416   |    5.09810   |      0.934 |      0.383 |   54/150  
		  170/1000 | 0.000313   |    2.31866   |    5.16176   |      0.920 |      0.368 |   55/150  
		  171/1000 | 0.000313   |    2.18999   |    5.23938   |      0.926 |      0.349 |   56/150  
		  172/1000 | 0.000313   |    3.51659   |    5.07283   |      0.928 |      0.389 |   57/150  
		  173/1000 | 0.000313   |    2.10367   |    5.07831   |      0.918 |      0.388 |   58/150  
		  174/1000 | 0.000313   |    2.08821   |    5.08495   |      0.927 |      0.387 |   59/150  
		  175/1000 | 0.000313   |    4.11903   |    5.14792   |      0.904 |      0.371 |   60/150  
		  176/1000 | 0.000313   |    1.78928   |    5.13776   |      0.932 |      0.374 |   61/150  
		  177/1000 | 0.000313   |    1.64653   |    5.05727   |      0.931 |      0.393 |   62/150  
		  178/1000 | 0.000156   |    3.46456   |    5.12644   |      0.912 |      0.376 |   63/150  
		  179/1000 | 0.000156   |    2.27824   |    4.97251   |      0.932 |      0.413 |   64/150  
		  180/1000 | 0.000156   |    1.81922   |    4.93964   |      0.925 |      0.421 |   65/150  
		  181/1000 | 0.000156   |    1.77381   |    4.92967   |      0.938 |      0.423 |   66/150  
		  182/1000 | 0.000156   |    1.82370   |    4.98636   |      0.927 |      0.410 |   67/150  
		  183/1000 | 0.000156   |    1.56557   |    4.97755   |      0.924 |      0.412 |   68/150  
		  184/1000 | 0.000156   |    1.60415   |    4.99708   |      0.937 |      0.408 |   69/150  
		  185/1000 | 0.000156   |    2.45553   |    4.94585   |      0.930 |      0.420 |   70/150  
		  186/1000 | 0.000156   |    1.58630   |    4.96076   |      0.938 |      0.416 |   71/150  
		  187/1000 | 0.000156   |    1.85817   |    4.97581   |      0.934 |      0.413 |   72/150  
		  188/1000 | 0.000156   |    1.94743   |    4.98871   |      0.917 |      0.410 |   73/150  
		  189/1000 | 0.000156   |    2.54096   |    4.92459   |      0.909 |      0.425 |   74/150  
		  190/1000 | 0.000156   |    1.79222   |    4.94758   |      0.926 |      0.419 |   75/150  
		  191/1000 | 0.000156   |    1.50185   |    4.98525   |      0.935 |      0.410 |   76/150  
		  192/1000 | 0.000156   |    1.64598   |    4.98492   |      0.939 |      0.410 |   77/150  
		  193/1000 | 0.000156   |    3.25309   |    4.94272   |      0.907 |      0.420 |   78/150  
		  194/1000 | 0.000078   |    2.39443   |    5.02612   |      0.898 |      0.401 |   79/150  
		  195/1000 | 0.000078   |    1.57543   |    5.02970   |      0.914 |      0.400 |   80/150  
		  196/1000 | 0.000078   |    2.25128   |    5.06570   |      0.922 |      0.391 |   81/150  
		  197/1000 | 0.000078   |    2.09741   |    5.07835   |      0.935 |      0.388 |   82/150  
		  198/1000 | 0.000078   |    1.76884   |    5.08820   |      0.940 |      0.386 |   83/150  
		  199/1000 | 0.000078   |    2.66274   |    5.12925   |      0.917 |      0.376 |   84/150  
		  200/1000 | 0.000078   |    2.80347   |    5.15241   |      0.914 |      0.370 |   85/150  
		  201/1000 | 0.000078   |    5.30057   |    5.17789   |      0.881 |      0.364 |   86/150  
		  202/1000 | 0.000078   |    3.97145   |    5.12852   |      0.891 |      0.376 |   87/150  
		  203/1000 | 0.000078   |    6.26350   |    5.23206   |      0.844 |      0.351 |   88/150  
		  204/1000 | 0.000078   |    1.64754   |    5.16771   |      0.920 |      0.366 |   89/150  
		  205/1000 | 0.000078   |    1.25632   |    5.13627   |      0.948 |      0.374 |   90/150  
		  206/1000 | 0.000078   |    3.49725   |    5.08966   |      0.903 |      0.385 |   91/150  
		  207/1000 | 0.000078   |    1.48739   |    5.05939   |      0.948 |      0.393 |   92/150  
		  208/1000 | 0.000078   |    2.54681   |    5.04647   |      0.931 |      0.396 |   93/150  
		  209/1000 | 0.000078   |    2.07932   |    5.03399   |      0.933 |      0.399 |   94/150  
		  210/1000 | 0.000039   |    6.65582   |    5.24950   |      0.829 |      0.346 |   95/150  
		  211/1000 | 0.000039   |    2.61762   |    5.18491   |      0.928 |      0.362 |   96/150  
		  212/1000 | 0.000039   |    1.74468   |    5.12159   |      0.942 |      0.378 |   97/150  
		  213/1000 | 0.000039   |    1.74086   |    5.11623   |      0.930 |      0.379 |   98/150  
		  214/1000 | 0.000039   |    2.63134   |    5.20710   |      0.888 |      0.357 |   99/150  
		  215/1000 | 0.000039   |    3.27409   |    5.32580   |      0.921 |      0.327 |  100/150  
		  216/1000 | 0.000039   |    1.75491   |    5.16105   |      0.932 |      0.368 |  101/150  
		  217/1000 | 0.000039   |    1.72406   |    5.12622   |      0.924 |      0.377 |  102/150  
		  218/1000 | 0.000039   |    1.69328   |    5.06841   |      0.926 |      0.391 |  103/150  
		  219/1000 | 0.000039   |    2.30960   |    5.10807   |      0.924 |      0.381 |  104/150  
		  220/1000 | 0.000039   |    3.48669   |    4.95049   |      0.886 |      0.419 |  105/150  
		  221/1000 | 0.000039   |    2.60102   |    4.95541   |      0.920 |      0.417 |  106/150  
		  222/1000 | 0.000039   |    2.03203   |    4.94078   |      0.916 |      0.421 |  107/150  
		  223/1000 | 0.000039   |    2.91056   |    4.97643   |      0.913 |      0.412 |  108/150  
		  224/1000 | 0.000039   |    1.93216   |    5.00934   |      0.930 |      0.405 |  109/150  
		  225/1000 | 0.000039   |    2.58327   |    4.97574   |      0.928 |      0.413 |  110/150  
		  226/1000 | 0.000020   |    2.62204   |    4.98317   |      0.926 |      0.411 |  111/150  
		  227/1000 | 0.000020   |    2.60972   |    4.96775   |      0.934 |      0.414 |  112/150  
		  228/1000 | 0.000020   |    2.74499   |    4.95450   |      0.915 |      0.418 |  113/150  
		  229/1000 | 0.000020   |    1.97438   |    5.01410   |      0.943 |      0.404 |  114/150  
		  230/1000 | 0.000020   |    2.63251   |    5.08914   |      0.917 |      0.386 |  115/150  
		  231/1000 | 0.000020   |    2.27458   |    5.03630   |      0.933 |      0.398 |  116/150  
		  232/1000 | 0.000020   |    1.90170   |    5.03421   |      0.941 |      0.399 |  117/150  
		  233/1000 | 0.000020   |    1.73362   |    5.03676   |      0.946 |      0.398 |  118/150  
		  234/1000 | 0.000020   |    2.51838   |    5.03484   |      0.912 |      0.399 |  119/150  
		  235/1000 | 0.000020   |    4.82768   |    5.02600   |      0.875 |      0.401 |  120/150  
		  236/1000 | 0.000020   |    2.14591   |    5.06785   |      0.935 |      0.391 |  121/150  
		  237/1000 | 0.000020   |    2.06130   |    5.03210   |      0.924 |      0.399 |  122/150  
		  238/1000 | 0.000020   |    3.23429   |    4.99423   |      0.907 |      0.408 |  123/150  
		  239/1000 | 0.000020   |    2.15798   |    4.96342   |      0.931 |      0.416 |  124/150  
		  240/1000 | 0.000020   |    2.34162   |    5.01476   |      0.931 |      0.403 |  125/150  
		  241/1000 | 0.000020   |    1.52977   |    5.04322   |      0.949 |      0.397 |  126/150  
		  242/1000 | 0.000010   |    1.99802   |    5.06254   |      0.910 |      0.392 |  127/150  
		  243/1000 | 0.000010   |    3.59502   |    5.09081   |      0.916 |      0.385 |  128/150  
		  244/1000 | 0.000010   |    3.35613   |    5.13225   |      0.919 |      0.375 |  129/150  
		  245/1000 | 0.000010   |    1.85231   |    5.06658   |      0.925 |      0.391 |  130/150  
		  246/1000 | 0.000010   |    3.34612   |    5.01562   |      0.933 |      0.403 |  131/150  
		  247/1000 | 0.000010   |    1.99894   |    5.02687   |      0.930 |      0.400 |  132/150  
		  248/1000 | 0.000010   |    3.25946   |    5.06533   |      0.897 |      0.391 |  133/150  
		  249/1000 | 0.000010   |    1.79073   |    5.09253   |      0.918 |      0.385 |  134/150  
		  250/1000 | 0.000010   |    4.60066   |    5.18940   |      0.864 |      0.361 |  135/150  
		  251/1000 | 0.000010   |    1.88276   |    5.12288   |      0.930 |      0.377 |  136/150  
		  252/1000 | 0.000010   |    2.13915   |    5.13566   |      0.926 |      0.374 |  137/150  
		  253/1000 | 0.000010   |    1.60221   |    5.06618   |      0.930 |      0.391 |  138/150  
		  254/1000 | 0.000010   |    1.97602   |    5.01005   |      0.938 |      0.404 |  139/150  
		  255/1000 | 0.000010   |    1.40372   |    4.98029   |      0.942 |      0.412 |  140/150  
		  256/1000 | 0.000010   |    1.86089   |    5.00508   |      0.927 |      0.406 |  141/150  
		  257/1000 | 0.000010   |    1.68818   |    5.10457   |      0.921 |      0.382 |  142/150  
		  258/1000 | 0.000005   |    2.23920   |    5.14012   |      0.911 |      0.373 |  143/150  
		  259/1000 | 0.000005   |    3.10010   |    5.03425   |      0.926 |      0.399 |  144/150  
		  260/1000 | 0.000005   |    1.95136   |    4.99479   |      0.932 |      0.408 |  145/150  
		  261/1000 | 0.000005   |    2.33146   |    5.06695   |      0.925 |      0.391 |  146/150  
		  262/1000 | 0.000005   |    2.11853   |    5.09500   |      0.926 |      0.384 |  147/150  
		  263/1000 | 0.000005   |    2.47002   |    5.09549   |      0.929 |      0.384 |  148/150  
		  264/1000 | 0.000005   |    2.24349   |    5.08016   |      0.921 |      0.388 |  149/150  

		Early stopping triggered.
		[INFO] Case 1 completed.

	3.2 Training Case 2...
		=== Training Log Started: 2025-11-29 14:32:17.270391 ===
		Run Name: STAFV2_27_CASE2
		Device: cuda
		Epochs: 1000, Batch Size: 128, LR: 0.01
		============================================================
		[INFO] Unique quantized indices: 24205
		[INFO] Suggested num_embeddings: 29046
		[INFO] Processed 1549 valid samples.
		[INFO] Saved merged dataset: ./data/training_results/merged_windowed_dataset_STAFV2_27_CASE2.csv  (shape: (1549, 429))
		[INFO] Saved feature metadata: ./data/training_results/feature_info_STAFV2_27_CASE2.json
		[INFO] Dataset split: 1239 train, 310 val
		[INFO] Scalers fitted and saved.

		✅ Model initialized with 714970 params.
		============================================================
		--------------------------------------------------------------------------------------------
		  Epoch    |     LR     |  Train RMSE  |   Val RMSE   |  Train R²  |   Val R²   |  Patience 
		--------------------------------------------------------------------------------------------
		    1/1000 | 0.010000   |    9.20036   |    7.78447   |     -1.082 |     -0.516 |    0/150  
		    2/1000 | 0.010000   |    8.07222   |    6.20287   |     -0.602 |      0.030 |    0/150  
		    3/1000 | 0.010000   |    6.67874   |    5.85216   |     -0.096 |      0.130 |    0/150  
		    4/1000 | 0.010000   |    5.06407   |    5.14725   |      0.365 |      0.338 |    0/150  
		    5/1000 | 0.010000   |    3.59615   |    4.50695   |      0.678 |      0.496 |    0/150  
		                                          ╚══> ✅ SAVED (RMSE: 4.5069)
		    6/1000 | 0.010000   |    2.73660   |    4.47133   |      0.819 |      0.511 |    0/150  
		                                          ╚══> ✅ SAVED (RMSE: 4.4713)
		    7/1000 | 0.010000   |    2.54356   |    4.48699   |      0.842 |      0.529 |    0/150  
		    8/1000 | 0.010000   |    2.68001   |    4.57977   |      0.827 |      0.505 |    1/150  
		    9/1000 | 0.010000   |    2.46662   |    4.56891   |      0.850 |      0.485 |    2/150  
		   10/1000 | 0.010000   |    2.44977   |    4.26968   |      0.856 |      0.550 |    3/150  
		                                          ╚══> ✅ SAVED (RMSE: 4.2697)
		   11/1000 | 0.010000   |    2.41831   |    4.40124   |      0.857 |      0.524 |    0/150  
		   12/1000 | 0.010000   |    2.33454   |    4.31583   |      0.865 |      0.554 |    1/150  
		   13/1000 | 0.010000   |    2.33529   |    4.29696   |      0.866 |      0.558 |    2/150  
		   14/1000 | 0.010000   |    2.30216   |    4.33273   |      0.869 |      0.557 |    3/150  
		   15/1000 | 0.010000   |    2.27907   |    4.35536   |      0.873 |      0.540 |    4/150  
		   16/1000 | 0.010000   |    2.25964   |    4.35536   |      0.875 |      0.547 |    5/150  
		   17/1000 | 0.010000   |    2.19939   |    4.32126   |      0.880 |      0.554 |    6/150  
		   18/1000 | 0.010000   |    2.15980   |    4.32136   |      0.886 |      0.549 |    7/150  
		   19/1000 | 0.010000   |    2.10395   |    4.39713   |      0.891 |      0.536 |    8/150  
		   20/1000 | 0.010000   |    2.08995   |    4.36499   |      0.892 |      0.553 |    9/150  
		   21/1000 | 0.010000   |    1.95452   |    4.32508   |      0.907 |      0.562 |   10/150  
		   22/1000 | 0.010000   |    1.92019   |    4.30011   |      0.909 |      0.550 |   11/150  
		   23/1000 | 0.010000   |    2.04967   |    4.17510   |      0.896 |      0.566 |   12/150  
		                                          ╚══> ✅ SAVED (RMSE: 4.1751)
		   24/1000 | 0.010000   |    1.81113   |    4.20121   |      0.920 |      0.564 |    0/150  
		   25/1000 | 0.010000   |    1.97562   |    4.24089   |      0.905 |      0.539 |    1/150  
		   26/1000 | 0.010000   |    2.03759   |    4.32509   |      0.898 |      0.530 |    2/150  
		   27/1000 | 0.010000   |    1.98258   |    4.37774   |      0.903 |      0.531 |    3/150  
		   28/1000 | 0.010000   |    1.91212   |    4.19755   |      0.912 |      0.554 |    4/150  
		   29/1000 | 0.010000   |    1.82490   |    4.24904   |      0.919 |      0.551 |    5/150  
		   30/1000 | 0.010000   |    1.82737   |    4.23571   |      0.917 |      0.553 |    6/150  
		   31/1000 | 0.010000   |    1.73178   |    4.18426   |      0.927 |      0.558 |    7/150  
		   32/1000 | 0.010000   |    1.78736   |    4.20915   |      0.924 |      0.563 |    8/150  
		   33/1000 | 0.010000   |    1.73918   |    4.24740   |      0.926 |      0.545 |    9/150  
		   34/1000 | 0.010000   |    1.97237   |    4.18260   |      0.906 |      0.569 |   10/150  
		   35/1000 | 0.010000   |    1.80477   |    4.20195   |      0.920 |      0.570 |   11/150  
		   36/1000 | 0.010000   |    1.85757   |    4.13491   |      0.915 |      0.582 |   12/150  
		                                          ╚══> ✅ SAVED (RMSE: 4.1349)
		   37/1000 | 0.010000   |    1.77251   |    4.20699   |      0.924 |      0.562 |    0/150  
		   38/1000 | 0.010000   |    1.74895   |    4.24689   |      0.925 |      0.564 |    1/150  
		   39/1000 | 0.010000   |    1.74917   |    4.17705   |      0.925 |      0.563 |    2/150  
		   40/1000 | 0.010000   |    1.66111   |    4.18329   |      0.932 |      0.575 |    3/150  
		   41/1000 | 0.010000   |    1.77862   |    4.25916   |      0.923 |      0.559 |    4/150  
		   42/1000 | 0.010000   |    1.66886   |    4.25691   |      0.932 |      0.559 |    5/150  
		   43/1000 | 0.010000   |    1.80508   |    4.33098   |      0.921 |      0.540 |    6/150  
		   44/1000 | 0.010000   |    1.77248   |    4.16141   |      0.923 |      0.578 |    7/150  
		   45/1000 | 0.010000   |    1.78876   |    4.23913   |      0.923 |      0.569 |    8/150  
		   46/1000 | 0.010000   |    1.72831   |    4.23870   |      0.927 |      0.558 |    9/150  
		   47/1000 | 0.010000   |    1.66250   |    4.17138   |      0.932 |      0.568 |   10/150  
		   48/1000 | 0.010000   |    1.69940   |    4.16163   |      0.929 |      0.576 |   11/150  
		   49/1000 | 0.010000   |    1.66146   |    4.18346   |      0.933 |      0.566 |   12/150  
		   50/1000 | 0.010000   |    1.58192   |    4.13344   |      0.939 |      0.577 |   13/150  
		                                          ╚══> ✅ SAVED (RMSE: 4.1334)
		   51/1000 | 0.010000   |    1.73464   |    4.19038   |      0.926 |      0.569 |    0/150  
		   52/1000 | 0.005000   |    1.63252   |    4.23445   |      0.934 |      0.562 |    1/150  
		   53/1000 | 0.005000   |    1.59496   |    4.27057   |      0.937 |      0.554 |    2/150  
		   54/1000 | 0.005000   |    1.59624   |    4.26156   |      0.937 |      0.556 |    3/150  
		   55/1000 | 0.005000   |    1.60647   |    4.23986   |      0.938 |      0.558 |    4/150  
		   56/1000 | 0.005000   |    1.53321   |    4.27298   |      0.942 |      0.550 |    5/150  
		   57/1000 | 0.005000   |    1.61358   |    4.25619   |      0.937 |      0.550 |    6/150  
		   58/1000 | 0.005000   |    1.45281   |    4.28814   |      0.948 |      0.544 |    7/150  
		   59/1000 | 0.005000   |    1.64239   |    4.26117   |      0.934 |      0.551 |    8/150  
		   60/1000 | 0.005000   |    1.61373   |    4.29567   |      0.936 |      0.547 |    9/150  
		   61/1000 | 0.005000   |    1.55624   |    4.28257   |      0.940 |      0.548 |   10/150  
		   62/1000 | 0.005000   |    1.62996   |    4.25704   |      0.935 |      0.552 |   11/150  
		   63/1000 | 0.005000   |    1.51624   |    4.25934   |      0.944 |      0.555 |   12/150  
		   64/1000 | 0.005000   |    1.54417   |    4.29076   |      0.942 |      0.550 |   13/150  
		   65/1000 | 0.005000   |    1.49508   |    4.28945   |      0.945 |      0.553 |   14/150  
		   66/1000 | 0.005000   |    1.47511   |    4.24274   |      0.947 |      0.560 |   15/150  
		   67/1000 | 0.005000   |    1.58604   |    4.24203   |      0.938 |      0.561 |   16/150  
		   68/1000 | 0.002500   |    1.45146   |    4.21827   |      0.949 |      0.565 |   17/150  
		   69/1000 | 0.002500   |    1.55303   |    4.24681   |      0.942 |      0.559 |   18/150  
		   70/1000 | 0.002500   |    1.51002   |    4.23735   |      0.944 |      0.560 |   19/150  
		   71/1000 | 0.002500   |    1.49887   |    4.26597   |      0.946 |      0.556 |   20/150  
		   72/1000 | 0.002500   |    1.64900   |    4.24067   |      0.933 |      0.561 |   21/150  
		   73/1000 | 0.002500   |    1.38659   |    4.22292   |      0.952 |      0.561 |   22/150  
		   74/1000 | 0.002500   |    1.46105   |    4.20801   |      0.948 |      0.561 |   23/150  
		   75/1000 | 0.002500   |    1.49466   |    4.27044   |      0.947 |      0.549 |   24/150  
		   76/1000 | 0.002500   |    1.39066   |    4.29667   |      0.953 |      0.543 |   25/150  
		   77/1000 | 0.002500   |    1.54199   |    4.27016   |      0.941 |      0.547 |   26/150  
		   78/1000 | 0.002500   |    1.48036   |    4.26351   |      0.946 |      0.546 |   27/150  
		   79/1000 | 0.002500   |    1.56231   |    4.26922   |      0.939 |      0.542 |   28/150  
		   80/1000 | 0.002500   |    1.46372   |    4.31753   |      0.948 |      0.532 |   29/150  
		   81/1000 | 0.002500   |    1.55475   |    4.32835   |      0.941 |      0.529 |   30/150  
		   82/1000 | 0.002500   |    1.59361   |    4.35928   |      0.938 |      0.525 |   31/150  
		   83/1000 | 0.002500   |    1.45325   |    4.30733   |      0.949 |      0.537 |   32/150  
		   84/1000 | 0.001250   |    1.44195   |    4.28029   |      0.949 |      0.543 |   33/150  
		   85/1000 | 0.001250   |    1.49424   |    4.28278   |      0.946 |      0.541 |   34/150  
		   86/1000 | 0.001250   |    1.38892   |    4.26975   |      0.952 |      0.543 |   35/150  
		   87/1000 | 0.001250   |    1.44183   |    4.27921   |      0.949 |      0.541 |   36/150  
		   88/1000 | 0.001250   |    1.50018   |    4.30293   |      0.944 |      0.537 |   37/150  
		   89/1000 | 0.001250   |    1.39268   |    4.28837   |      0.953 |      0.540 |   38/150  
		   90/1000 | 0.001250   |    1.42019   |    4.30965   |      0.951 |      0.537 |   39/150  
		   91/1000 | 0.001250   |    1.37523   |    4.31804   |      0.953 |      0.534 |   40/150  
		   92/1000 | 0.001250   |    1.46982   |    4.30648   |      0.948 |      0.536 |   41/150  
		   93/1000 | 0.001250   |    1.38904   |    4.33026   |      0.953 |      0.533 |   42/150  
		   94/1000 | 0.001250   |    1.54809   |    4.32889   |      0.941 |      0.533 |   43/150  
		   95/1000 | 0.001250   |    1.54253   |    4.29515   |      0.941 |      0.539 |   44/150  
		   96/1000 | 0.001250   |    1.37629   |    4.30350   |      0.954 |      0.538 |   45/150  
		   97/1000 | 0.001250   |    1.34222   |    4.30800   |      0.956 |      0.538 |   46/150  
		   98/1000 | 0.001250   |    1.46306   |    4.31380   |      0.947 |      0.535 |   47/150  
		   99/1000 | 0.001250   |    1.45900   |    4.30575   |      0.948 |      0.536 |   48/150  
		  100/1000 | 0.000625   |    1.66683   |    4.28087   |      0.933 |      0.541 |   49/150  
		  101/1000 | 0.000625   |    1.43718   |    4.30776   |      0.949 |      0.537 |   50/150  
		  102/1000 | 0.000625   |    1.44323   |    4.30452   |      0.949 |      0.538 |   51/150  
		  103/1000 | 0.000625   |    1.39714   |    4.31822   |      0.952 |      0.536 |   52/150  
		  104/1000 | 0.000625   |    1.40900   |    4.33171   |      0.952 |      0.533 |   53/150  
		  105/1000 | 0.000625   |    1.49437   |    4.29356   |      0.946 |      0.540 |   54/150  
		  106/1000 | 0.000625   |    1.41486   |    4.27801   |      0.951 |      0.543 |   55/150  
		  107/1000 | 0.000625   |    1.36471   |    4.29736   |      0.954 |      0.540 |   56/150  
		  108/1000 | 0.000625   |    1.40846   |    4.31497   |      0.951 |      0.536 |   57/150  
		  109/1000 | 0.000625   |    1.39787   |    4.32642   |      0.953 |      0.534 |   58/150  
		  110/1000 | 0.000625   |    1.42975   |    4.29269   |      0.950 |      0.540 |   59/150  
		  111/1000 | 0.000625   |    1.47105   |    4.29971   |      0.947 |      0.539 |   60/150  
		  112/1000 | 0.000625   |    1.45284   |    4.30495   |      0.948 |      0.538 |   61/150  
		  113/1000 | 0.000625   |    1.42879   |    4.32375   |      0.950 |      0.535 |   62/150  
		  114/1000 | 0.000625   |    1.52468   |    4.31895   |      0.943 |      0.536 |   63/150  
		  115/1000 | 0.000625   |    1.40829   |    4.32531   |      0.951 |      0.536 |   64/150  
		  116/1000 | 0.000313   |    1.44857   |    4.30489   |      0.948 |      0.539 |   65/150  
		  117/1000 | 0.000313   |    1.34067   |    4.30694   |      0.956 |      0.539 |   66/150  
		  118/1000 | 0.000313   |    1.46274   |    4.29986   |      0.948 |      0.540 |   67/150  
		  119/1000 | 0.000313   |    1.45194   |    4.29420   |      0.948 |      0.540 |   68/150  
		  120/1000 | 0.000313   |    1.39291   |    4.28867   |      0.952 |      0.541 |   69/150  
		  121/1000 | 0.000313   |    1.42885   |    4.28619   |      0.950 |      0.541 |   70/150  
		  122/1000 | 0.000313   |    1.39210   |    4.28996   |      0.952 |      0.540 |   71/150  
		  123/1000 | 0.000313   |    1.35168   |    4.30389   |      0.955 |      0.538 |   72/150  
		  124/1000 | 0.000313   |    1.36102   |    4.28615   |      0.955 |      0.541 |   73/150  
		  125/1000 | 0.000313   |    1.37193   |    4.29774   |      0.954 |      0.538 |   74/150  
		  126/1000 | 0.000313   |    1.43513   |    4.29549   |      0.949 |      0.539 |   75/150  
		  127/1000 | 0.000313   |    1.45011   |    4.28415   |      0.948 |      0.541 |   76/150  
		  128/1000 | 0.000313   |    1.44529   |    4.31478   |      0.949 |      0.536 |   77/150  
		  129/1000 | 0.000313   |    1.50421   |    4.29171   |      0.944 |      0.540 |   78/150  
		  130/1000 | 0.000313   |    1.47859   |    4.31344   |      0.946 |      0.536 |   79/150  
		  131/1000 | 0.000313   |    1.42275   |    4.31885   |      0.951 |      0.535 |   80/150  
		  132/1000 | 0.000156   |    1.50174   |    4.31396   |      0.945 |      0.537 |   81/150  
		  133/1000 | 0.000156   |    1.44885   |    4.30708   |      0.948 |      0.537 |   82/150  
		  134/1000 | 0.000156   |    1.44995   |    4.32207   |      0.948 |      0.535 |   83/150  
		  135/1000 | 0.000156   |    1.43334   |    4.31444   |      0.950 |      0.536 |   84/150  
		  136/1000 | 0.000156   |    1.33895   |    4.31222   |      0.956 |      0.537 |   85/150  
		  137/1000 | 0.000156   |    1.41873   |    4.29509   |      0.951 |      0.539 |   86/150  
		  138/1000 | 0.000156   |    1.54437   |    4.29815   |      0.942 |      0.539 |   87/150  
		  139/1000 | 0.000156   |    1.40680   |    4.30474   |      0.953 |      0.538 |   88/150  
		  140/1000 | 0.000156   |    1.47970   |    4.31180   |      0.947 |      0.536 |   89/150  
		  141/1000 | 0.000156   |    1.41922   |    4.31592   |      0.950 |      0.536 |   90/150  
		  142/1000 | 0.000156   |    1.38493   |    4.32243   |      0.952 |      0.535 |   91/150  
		  143/1000 | 0.000156   |    1.39371   |    4.30865   |      0.953 |      0.537 |   92/150  
		  144/1000 | 0.000156   |    1.44877   |    4.31488   |      0.949 |      0.536 |   93/150  
		  145/1000 | 0.000156   |    1.39761   |    4.30350   |      0.952 |      0.538 |   94/150  
		  146/1000 | 0.000156   |    1.45116   |    4.30988   |      0.949 |      0.536 |   95/150  
		  147/1000 | 0.000156   |    1.48719   |    4.31587   |      0.946 |      0.535 |   96/150  
		  148/1000 | 0.000078   |    1.60264   |    4.30937   |      0.938 |      0.536 |   97/150  
		  149/1000 | 0.000078   |    1.50782   |    4.29560   |      0.946 |      0.539 |   98/150  
		  150/1000 | 0.000078   |    1.41722   |    4.30329   |      0.951 |      0.538 |   99/150  
		  151/1000 | 0.000078   |    1.48149   |    4.31908   |      0.946 |      0.535 |  100/150  
		  152/1000 | 0.000078   |    1.47987   |    4.34933   |      0.947 |      0.530 |  101/150  
		  153/1000 | 0.000078   |    1.48542   |    4.33813   |      0.946 |      0.531 |  102/150  
		  154/1000 | 0.000078   |    1.33804   |    4.33619   |      0.956 |      0.532 |  103/150  
		  155/1000 | 0.000078   |    1.37915   |    4.33262   |      0.953 |      0.533 |  104/150  
		  156/1000 | 0.000078   |    1.40211   |    4.32463   |      0.952 |      0.534 |  105/150  
		  157/1000 | 0.000078   |    1.43456   |    4.31302   |      0.949 |      0.536 |  106/150  
		  158/1000 | 0.000078   |    1.43265   |    4.32341   |      0.949 |      0.534 |  107/150  
		  159/1000 | 0.000078   |    1.49461   |    4.33405   |      0.945 |      0.532 |  108/150  
		  160/1000 | 0.000078   |    1.39876   |    4.34145   |      0.953 |      0.531 |  109/150  
		  161/1000 | 0.000078   |    1.39145   |    4.35001   |      0.953 |      0.530 |  110/150  
		  162/1000 | 0.000078   |    1.37338   |    4.33743   |      0.954 |      0.532 |  111/150  
		  163/1000 | 0.000078   |    1.53330   |    4.32555   |      0.942 |      0.534 |  112/150  
		  164/1000 | 0.000039   |    1.44801   |    4.32954   |      0.949 |      0.534 |  113/150  
		  165/1000 | 0.000039   |    1.35178   |    4.31167   |      0.955 |      0.537 |  114/150  
		  166/1000 | 0.000039   |    1.33433   |    4.31547   |      0.956 |      0.536 |  115/150  
		  167/1000 | 0.000039   |    1.43678   |    4.32015   |      0.950 |      0.535 |  116/150  
		  168/1000 | 0.000039   |    1.37771   |    4.31591   |      0.955 |      0.536 |  117/150  
		  169/1000 | 0.000039   |    1.58379   |    4.30201   |      0.938 |      0.538 |  118/150  
		  170/1000 | 0.000039   |    1.43846   |    4.33248   |      0.950 |      0.533 |  119/150  
		  171/1000 | 0.000039   |    1.39829   |    4.32198   |      0.952 |      0.535 |  120/150  
		  172/1000 | 0.000039   |    1.43704   |    4.31995   |      0.949 |      0.536 |  121/150  
		  173/1000 | 0.000039   |    1.37360   |    4.31857   |      0.953 |      0.536 |  122/150  
		  174/1000 | 0.000039   |    1.41890   |    4.32967   |      0.950 |      0.534 |  123/150  
		  175/1000 | 0.000039   |    1.49939   |    4.32200   |      0.944 |      0.535 |  124/150  
		  176/1000 | 0.000039   |    1.44262   |    4.33742   |      0.949 |      0.532 |  125/150  
		  177/1000 | 0.000039   |    1.48713   |    4.32443   |      0.945 |      0.535 |  126/150  
		  178/1000 | 0.000039   |    1.39381   |    4.33037   |      0.953 |      0.534 |  127/150  
		  179/1000 | 0.000039   |    1.56227   |    4.31821   |      0.940 |      0.536 |  128/150  
		  180/1000 | 0.000020   |    1.40897   |    4.31090   |      0.952 |      0.537 |  129/150  
		  181/1000 | 0.000020   |    1.45717   |    4.31404   |      0.948 |      0.537 |  130/150  
		  182/1000 | 0.000020   |    1.42460   |    4.31378   |      0.951 |      0.537 |  131/150  
		  183/1000 | 0.000020   |    1.45147   |    4.30968   |      0.950 |      0.537 |  132/150  
		  184/1000 | 0.000020   |    1.45889   |    4.32445   |      0.947 |      0.535 |  133/150  
		  185/1000 | 0.000020   |    1.42068   |    4.32371   |      0.950 |      0.535 |  134/150  
		  186/1000 | 0.000020   |    1.50682   |    4.32622   |      0.944 |      0.534 |  135/150  
		  187/1000 | 0.000020   |    1.38363   |    4.34338   |      0.953 |      0.531 |  136/150  
		  188/1000 | 0.000020   |    1.35183   |    4.34994   |      0.955 |      0.530 |  137/150  
		  189/1000 | 0.000020   |    1.38261   |    4.33309   |      0.953 |      0.533 |  138/150  
		  190/1000 | 0.000020   |    1.43460   |    4.33935   |      0.949 |      0.532 |  139/150  
		  191/1000 | 0.000020   |    1.39688   |    4.33849   |      0.952 |      0.532 |  140/150  
		  192/1000 | 0.000020   |    1.45524   |    4.34973   |      0.949 |      0.530 |  141/150  
		  193/1000 | 0.000020   |    1.47337   |    4.33902   |      0.947 |      0.532 |  142/150  
		  194/1000 | 0.000020   |    1.46541   |    4.34839   |      0.947 |      0.530 |  143/150  
		  195/1000 | 0.000020   |    1.38708   |    4.32604   |      0.953 |      0.535 |  144/150  
		  196/1000 | 0.000010   |    1.37422   |    4.32258   |      0.953 |      0.535 |  145/150  
		  197/1000 | 0.000010   |    1.44147   |    4.32304   |      0.950 |      0.535 |  146/150  
		  198/1000 | 0.000010   |    1.43171   |    4.32551   |      0.950 |      0.534 |  147/150  
		  199/1000 | 0.000010   |    1.52484   |    4.33756   |      0.943 |      0.532 |  148/150  
		  200/1000 | 0.000010   |    1.38452   |    4.33756   |      0.953 |      0.532 |  149/150  

		Early stopping triggered.
		[INFO] Case 2 completed.

	3.3 Training Case 3...
		=== Training Log Started: 2025-11-29 14:36:46.380655 ===
		Run Name: STAFV2_27_CASE3
		Device: cuda
		Epochs: 1000, Batch Size: 128, LR: 0.01
		============================================================
		[INFO] Unique quantized indices: 36561
		[INFO] Suggested num_embeddings: 43873
		[INFO] Processed 3549 valid samples.
		[INFO] Saved merged dataset: ./data/training_results/merged_windowed_dataset_STAFV2_27_CASE3.csv  (shape: (3549, 429))
		[INFO] Saved feature metadata: ./data/training_results/feature_info_STAFV2_27_CASE3.json
		[INFO] Dataset split: 2839 train, 710 val
		[INFO] Scalers fitted and saved.

		✅ Model initialized with 714970 params.
		============================================================
		--------------------------------------------------------------------------------------------
		  Epoch    |     LR     |  Train RMSE  |   Val RMSE   |  Train R²  |   Val R²   |  Patience 
		--------------------------------------------------------------------------------------------
		    1/1000 | 0.010000   |    8.19774   |    5.73352   |     -0.717 |      0.214 |    0/150  
		    2/1000 | 0.010000   |    5.61990   |    4.68254   |      0.205 |      0.473 |    0/150  
		                                          ╚══> ✅ SAVED (RMSE: 4.6825)
		    3/1000 | 0.010000   |    4.10274   |    4.33654   |      0.574 |      0.548 |    0/150  
		                                          ╚══> ✅ SAVED (RMSE: 4.3365)
		    4/1000 | 0.010000   |    3.64751   |    4.31175   |      0.672 |      0.553 |    0/150  
		                                          ╚══> ✅ SAVED (RMSE: 4.3117)
		    5/1000 | 0.010000   |    3.20275   |    4.53911   |      0.749 |      0.499 |    0/150  
		    6/1000 | 0.010000   |    2.79038   |    4.38480   |      0.810 |      0.535 |    1/150  
		    7/1000 | 0.010000   |    2.65383   |    4.45221   |      0.830 |      0.524 |    2/150  
		    8/1000 | 0.010000   |    2.58857   |    4.39250   |      0.838 |      0.531 |    3/150  
		    9/1000 | 0.010000   |    2.48589   |    4.47444   |      0.853 |      0.516 |    4/150  
		   10/1000 | 0.010000   |    2.38663   |    4.45840   |      0.862 |      0.518 |    5/150  
		   11/1000 | 0.010000   |    2.20691   |    4.45717   |      0.882 |      0.519 |    6/150  
		   12/1000 | 0.010000   |    2.17131   |    4.45568   |      0.884 |      0.520 |    7/150  
		   13/1000 | 0.010000   |    2.16846   |    4.45224   |      0.887 |      0.520 |    8/150  
		   14/1000 | 0.010000   |    2.02250   |    4.49343   |      0.898 |      0.510 |    9/150  
		   15/1000 | 0.010000   |    2.10385   |    4.45765   |      0.893 |      0.516 |   10/150  
		   16/1000 | 0.010000   |    2.05513   |    4.35727   |      0.895 |      0.538 |   11/150  
		   17/1000 | 0.010000   |    2.01175   |    4.37425   |      0.899 |      0.538 |   12/150  
		   18/1000 | 0.010000   |    1.96831   |    4.37923   |      0.903 |      0.535 |   13/150  
		   19/1000 | 0.010000   |    1.91451   |    4.41917   |      0.910 |      0.527 |   14/150  
		   20/1000 | 0.005000   |    2.09873   |    4.36877   |      0.896 |      0.539 |   15/150  
		   21/1000 | 0.005000   |    1.93306   |    4.37736   |      0.915 |      0.536 |   16/150  
		   22/1000 | 0.005000   |    1.82276   |    4.30807   |      0.918 |      0.550 |   17/150  
		                                          ╚══> ✅ SAVED (RMSE: 4.3081)
		   23/1000 | 0.005000   |    1.70033   |    4.31060   |      0.932 |      0.550 |    0/150  
		   24/1000 | 0.005000   |    1.68947   |    4.34663   |      0.932 |      0.542 |    1/150  
		   25/1000 | 0.005000   |    1.63816   |    4.30471   |      0.936 |      0.551 |    2/150  
		                                          ╚══> ✅ SAVED (RMSE: 4.3047)
		   26/1000 | 0.005000   |    1.67744   |    4.32407   |      0.931 |      0.547 |    0/150  
		   27/1000 | 0.005000   |    1.68926   |    4.25971   |      0.930 |      0.562 |    1/150  
		                                          ╚══> ✅ SAVED (RMSE: 4.2597)
		   28/1000 | 0.005000   |    1.67179   |    4.31043   |      0.931 |      0.552 |    0/150  
		   29/1000 | 0.005000   |    1.72315   |    4.33622   |      0.933 |      0.545 |    1/150  
		   30/1000 | 0.005000   |    1.68266   |    4.29508   |      0.932 |      0.556 |    2/150  
		   31/1000 | 0.005000   |    1.62359   |    4.39345   |      0.933 |      0.534 |    3/150  
		   32/1000 | 0.005000   |    1.68887   |    4.35013   |      0.932 |      0.543 |    4/150  
		   33/1000 | 0.005000   |    1.64818   |    4.28507   |      0.935 |      0.556 |    5/150  
		   34/1000 | 0.005000   |    1.61295   |    4.33405   |      0.934 |      0.547 |    6/150  
		   35/1000 | 0.005000   |    1.64575   |    4.32338   |      0.932 |      0.548 |    7/150  
		   36/1000 | 0.005000   |    1.80261   |    4.29427   |      0.926 |      0.555 |    8/150  
		   37/1000 | 0.005000   |    1.66900   |    4.38812   |      0.930 |      0.534 |    9/150  
		   38/1000 | 0.005000   |    1.74838   |    4.32517   |      0.929 |      0.548 |   10/150  
		   39/1000 | 0.005000   |    1.61835   |    4.34220   |      0.935 |      0.544 |   11/150  
		   40/1000 | 0.005000   |    1.62527   |    4.36887   |      0.936 |      0.538 |   12/150  
		   41/1000 | 0.005000   |    1.62329   |    4.32394   |      0.937 |      0.547 |   13/150  
		   42/1000 | 0.005000   |    1.66296   |    4.33462   |      0.933 |      0.546 |   14/150  
		   43/1000 | 0.002500   |    1.61750   |    4.27434   |      0.937 |      0.557 |   15/150  
		   44/1000 | 0.002500   |    1.53589   |    4.27436   |      0.941 |      0.558 |   16/150  
		   45/1000 | 0.002500   |    1.53584   |    4.28903   |      0.941 |      0.556 |   17/150  
		   46/1000 | 0.002500   |    1.57338   |    4.27951   |      0.943 |      0.556 |   18/150  
		   47/1000 | 0.002500   |    1.49701   |    4.26614   |      0.944 |      0.559 |   19/150  
		   48/1000 | 0.002500   |    1.52929   |    4.26971   |      0.944 |      0.558 |   20/150  
		   49/1000 | 0.002500   |    1.53664   |    4.25183   |      0.942 |      0.561 |   21/150  
		                                          ╚══> ✅ SAVED (RMSE: 4.2518)
		   50/1000 | 0.002500   |    1.57352   |    4.23782   |      0.946 |      0.566 |    0/150  
		                                          ╚══> ✅ SAVED (RMSE: 4.2378)
		   51/1000 | 0.002500   |    1.54973   |    4.21877   |      0.941 |      0.569 |    0/150  
		                                          ╚══> ✅ SAVED (RMSE: 4.2188)
		   52/1000 | 0.002500   |    1.52854   |    4.27060   |      0.941 |      0.558 |    0/150  
		   53/1000 | 0.002500   |    1.52944   |    4.27658   |      0.943 |      0.557 |    1/150  
		   54/1000 | 0.002500   |    1.50125   |    4.25140   |      0.946 |      0.562 |    2/150  
		   55/1000 | 0.002500   |    1.47798   |    4.26943   |      0.945 |      0.558 |    3/150  
		   56/1000 | 0.002500   |    1.63445   |    4.29513   |      0.940 |      0.553 |    4/150  
		   57/1000 | 0.002500   |    1.49035   |    4.30532   |      0.945 |      0.552 |    5/150  
		   58/1000 | 0.002500   |    1.46042   |    4.25251   |      0.946 |      0.563 |    6/150  
		   59/1000 | 0.002500   |    1.70273   |    4.23095   |      0.933 |      0.567 |    7/150  
		   60/1000 | 0.002500   |    1.50984   |    4.26826   |      0.945 |      0.560 |    8/150  
		   61/1000 | 0.002500   |    1.42902   |    4.26117   |      0.949 |      0.561 |    9/150  
		   62/1000 | 0.002500   |    1.45027   |    4.26596   |      0.948 |      0.560 |   10/150  
		   63/1000 | 0.002500   |    1.47646   |    4.27758   |      0.946 |      0.559 |   11/150  
		   64/1000 | 0.002500   |    1.46506   |    4.26804   |      0.948 |      0.561 |   12/150  
		   65/1000 | 0.002500   |    1.49026   |    4.29021   |      0.947 |      0.556 |   13/150  
		   66/1000 | 0.002500   |    1.59910   |    4.28057   |      0.938 |      0.558 |   14/150  
		   67/1000 | 0.001250   |    1.49796   |    4.25073   |      0.945 |      0.565 |   15/150  
		   68/1000 | 0.001250   |    1.47979   |    4.25558   |      0.946 |      0.563 |   16/150  
		   69/1000 | 0.001250   |    1.51450   |    4.28332   |      0.945 |      0.558 |   17/150  
		   70/1000 | 0.001250   |    1.56974   |    4.28032   |      0.942 |      0.558 |   18/150  
		   71/1000 | 0.001250   |    1.49026   |    4.26488   |      0.945 |      0.562 |   19/150  
		   72/1000 | 0.001250   |    1.44583   |    4.26839   |      0.948 |      0.562 |   20/150  
		   73/1000 | 0.001250   |    1.43405   |    4.26224   |      0.948 |      0.563 |   21/150  
		   74/1000 | 0.001250   |    1.45523   |    4.30254   |      0.948 |      0.554 |   22/150  
		   75/1000 | 0.001250   |    1.45404   |    4.34330   |      0.947 |      0.546 |   23/150  
		   76/1000 | 0.001250   |    1.42226   |    4.31762   |      0.951 |      0.551 |   24/150  
		   77/1000 | 0.001250   |    1.44337   |    4.32251   |      0.948 |      0.550 |   25/150  
		   78/1000 | 0.001250   |    1.41748   |    4.31163   |      0.949 |      0.553 |   26/150  
		   79/1000 | 0.001250   |    1.40279   |    4.31249   |      0.950 |      0.553 |   27/150  
		   80/1000 | 0.001250   |    1.67534   |    4.29706   |      0.949 |      0.555 |   28/150  
		   81/1000 | 0.001250   |    1.64064   |    4.36327   |      0.944 |      0.541 |   29/150  
		   82/1000 | 0.001250   |    1.39833   |    4.33050   |      0.951 |      0.548 |   30/150  
		   83/1000 | 0.000625   |    1.39464   |    4.31221   |      0.953 |      0.552 |   31/150  
		   84/1000 | 0.000625   |    1.45126   |    4.32622   |      0.947 |      0.549 |   32/150  
		   85/1000 | 0.000625   |    1.48663   |    4.30918   |      0.946 |      0.553 |   33/150  
		   86/1000 | 0.000625   |    1.47646   |    4.34330   |      0.951 |      0.545 |   34/150  
		   87/1000 | 0.000625   |    1.35376   |    4.30926   |      0.953 |      0.552 |   35/150  
		   88/1000 | 0.000625   |    1.37891   |    4.31666   |      0.952 |      0.551 |   36/150  
		   89/1000 | 0.000625   |    1.40963   |    4.30592   |      0.950 |      0.553 |   37/150  
		   90/1000 | 0.000625   |    1.43173   |    4.33753   |      0.952 |      0.546 |   38/150  
		   91/1000 | 0.000625   |    1.47759   |    4.31322   |      0.947 |      0.552 |   39/150  
		   92/1000 | 0.000625   |    1.45798   |    4.33520   |      0.950 |      0.547 |   40/150  
		   93/1000 | 0.000625   |    1.51124   |    4.30968   |      0.948 |      0.552 |   41/150  
		   94/1000 | 0.000625   |    1.39529   |    4.34817   |      0.952 |      0.544 |   42/150  
		   95/1000 | 0.000625   |    1.34850   |    4.33386   |      0.954 |      0.548 |   43/150  
		   96/1000 | 0.000625   |    1.41929   |    4.32943   |      0.950 |      0.549 |   44/150  
		   97/1000 | 0.000625   |    1.45623   |    4.31775   |      0.949 |      0.552 |   45/150  
		   98/1000 | 0.000625   |    1.38380   |    4.32186   |      0.953 |      0.551 |   46/150  
		   99/1000 | 0.000313   |    1.39785   |    4.32913   |      0.952 |      0.549 |   47/150  
		  100/1000 | 0.000313   |    1.53064   |    4.31649   |      0.947 |      0.552 |   48/150  
		  101/1000 | 0.000313   |    1.42801   |    4.27938   |      0.954 |      0.559 |   49/150  
		  102/1000 | 0.000313   |    1.42135   |    4.29093   |      0.951 |      0.557 |   50/150  
		  103/1000 | 0.000313   |    1.46216   |    4.29795   |      0.948 |      0.556 |   51/150  
		  104/1000 | 0.000313   |    1.38287   |    4.30074   |      0.952 |      0.555 |   52/150  
		  105/1000 | 0.000313   |    1.57283   |    4.31897   |      0.947 |      0.551 |   53/150  
		  106/1000 | 0.000313   |    1.43582   |    4.32167   |      0.947 |      0.550 |   54/150  
		  107/1000 | 0.000313   |    1.43791   |    4.29528   |      0.952 |      0.556 |   55/150  
		  108/1000 | 0.000313   |    1.45040   |    4.30120   |      0.948 |      0.555 |   56/150  
		  109/1000 | 0.000313   |    1.40443   |    4.32255   |      0.950 |      0.550 |   57/150  
		  110/1000 | 0.000313   |    1.46136   |    4.31985   |      0.949 |      0.551 |   58/150  
		  111/1000 | 0.000313   |    1.41892   |    4.31059   |      0.952 |      0.553 |   59/150  
		  112/1000 | 0.000313   |    1.40834   |    4.29438   |      0.953 |      0.556 |   60/150  
		  113/1000 | 0.000313   |    1.59672   |    4.30483   |      0.947 |      0.554 |   61/150  
		  114/1000 | 0.000313   |    1.40465   |    4.32356   |      0.950 |      0.550 |   62/150  
		  115/1000 | 0.000156   |    1.47251   |    4.33635   |      0.952 |      0.547 |   63/150  
		  116/1000 | 0.000156   |    1.42067   |    4.32179   |      0.950 |      0.550 |   64/150  
		  117/1000 | 0.000156   |    1.44556   |    4.32349   |      0.947 |      0.550 |   65/150  
		  118/1000 | 0.000156   |    1.39662   |    4.32558   |      0.951 |      0.549 |   66/150  
		  119/1000 | 0.000156   |    1.30172   |    4.30513   |      0.958 |      0.554 |   67/150  
		  120/1000 | 0.000156   |    1.35382   |    4.33054   |      0.953 |      0.549 |   68/150  
		  121/1000 | 0.000156   |    1.35443   |    4.30991   |      0.954 |      0.553 |   69/150  
		  122/1000 | 0.000156   |    1.36964   |    4.32399   |      0.954 |      0.550 |   70/150  
		  123/1000 | 0.000156   |    1.37371   |    4.32595   |      0.953 |      0.549 |   71/150  
		  124/1000 | 0.000156   |    1.35037   |    4.30689   |      0.955 |      0.554 |   72/150  
		  125/1000 | 0.000156   |    1.41612   |    4.31301   |      0.954 |      0.552 |   73/150  
		  126/1000 | 0.000156   |    1.38222   |    4.30615   |      0.952 |      0.554 |   74/150  
		  127/1000 | 0.000156   |    1.42686   |    4.29318   |      0.952 |      0.557 |   75/150  
		  128/1000 | 0.000156   |    1.40414   |    4.29540   |      0.950 |      0.556 |   76/150  
		  129/1000 | 0.000156   |    1.42710   |    4.32202   |      0.954 |      0.551 |   77/150  
		  130/1000 | 0.000156   |    1.48171   |    4.30406   |      0.948 |      0.554 |   78/150  
		  131/1000 | 0.000078   |    1.33650   |    4.29793   |      0.956 |      0.556 |   79/150  
		  132/1000 | 0.000078   |    1.36224   |    4.29966   |      0.954 |      0.555 |   80/150  
		  133/1000 | 0.000078   |    1.44649   |    4.31508   |      0.948 |      0.552 |   81/150  
		  134/1000 | 0.000078   |    1.32534   |    4.30928   |      0.958 |      0.553 |   82/150  
		  135/1000 | 0.000078   |    1.38505   |    4.33244   |      0.952 |      0.549 |   83/150  
		  136/1000 | 0.000078   |    1.46044   |    4.30630   |      0.948 |      0.554 |   84/150  
		  137/1000 | 0.000078   |    1.36384   |    4.31348   |      0.954 |      0.553 |   85/150  
		  138/1000 | 0.000078   |    1.36276   |    4.32235   |      0.953 |      0.551 |   86/150  
		  139/1000 | 0.000078   |    1.42010   |    4.32404   |      0.952 |      0.550 |   87/150  
		  140/1000 | 0.000078   |    1.45466   |    4.30162   |      0.948 |      0.555 |   88/150  
		  141/1000 | 0.000078   |    1.41796   |    4.30976   |      0.951 |      0.553 |   89/150  
		  142/1000 | 0.000078   |    1.36470   |    4.33190   |      0.954 |      0.548 |   90/150  
		  143/1000 | 0.000078   |    1.33754   |    4.29975   |      0.955 |      0.555 |   91/150  
		  144/1000 | 0.000078   |    1.39664   |    4.29988   |      0.952 |      0.555 |   92/150  
		  145/1000 | 0.000078   |    1.36583   |    4.29306   |      0.955 |      0.557 |   93/150  
		  146/1000 | 0.000078   |    1.36655   |    4.33914   |      0.954 |      0.547 |   94/150  
		  147/1000 | 0.000039   |    1.37594   |    4.30819   |      0.953 |      0.553 |   95/150  
		  148/1000 | 0.000039   |    1.39248   |    4.30669   |      0.952 |      0.553 |   96/150  
		  149/1000 | 0.000039   |    1.40147   |    4.31430   |      0.950 |      0.552 |   97/150  
		  150/1000 | 0.000039   |    1.30835   |    4.30083   |      0.957 |      0.555 |   98/150  
		  151/1000 | 0.000039   |    1.41844   |    4.30026   |      0.952 |      0.555 |   99/150  
		  152/1000 | 0.000039   |    1.32532   |    4.31129   |      0.956 |      0.553 |  100/150  
		  153/1000 | 0.000039   |    1.37247   |    4.30573   |      0.953 |      0.554 |  101/150  
		  154/1000 | 0.000039   |    1.42483   |    4.31419   |      0.949 |      0.552 |  102/150  
		  155/1000 | 0.000039   |    1.38885   |    4.31718   |      0.952 |      0.552 |  103/150  
		  156/1000 | 0.000039   |    1.47044   |    4.32079   |      0.951 |      0.551 |  104/150  
		  157/1000 | 0.000039   |    1.51655   |    4.31732   |      0.952 |      0.551 |  105/150  
		  158/1000 | 0.000039   |    1.35167   |    4.31872   |      0.955 |      0.551 |  106/150  
		  159/1000 | 0.000039   |    1.40997   |    4.30748   |      0.950 |      0.554 |  107/150  
		  160/1000 | 0.000039   |    1.32532   |    4.31427   |      0.956 |      0.552 |  108/150  
		  161/1000 | 0.000039   |    1.46385   |    4.31302   |      0.950 |      0.552 |  109/150  
		  162/1000 | 0.000039   |    1.40464   |    4.32514   |      0.951 |      0.550 |  110/150  
		  163/1000 | 0.000020   |    1.35036   |    4.30840   |      0.954 |      0.553 |  111/150  
		  164/1000 | 0.000020   |    1.40645   |    4.32053   |      0.951 |      0.551 |  112/150  
		  165/1000 | 0.000020   |    1.48130   |    4.31515   |      0.945 |      0.552 |  113/150  
		  166/1000 | 0.000020   |    1.42513   |    4.32405   |      0.953 |      0.550 |  114/150  
		  167/1000 | 0.000020   |    1.42912   |    4.31446   |      0.951 |      0.552 |  115/150  
		  168/1000 | 0.000020   |    1.33397   |    4.32401   |      0.956 |      0.550 |  116/150  
		  169/1000 | 0.000020   |    1.42656   |    4.32907   |      0.951 |      0.549 |  117/150  
		  170/1000 | 0.000020   |    1.37751   |    4.34374   |      0.955 |      0.546 |  118/150  
		  171/1000 | 0.000020   |    1.41642   |    4.32222   |      0.951 |      0.550 |  119/150  
		  172/1000 | 0.000020   |    1.43444   |    4.31805   |      0.949 |      0.551 |  120/150  
		  173/1000 | 0.000020   |    1.44791   |    4.32417   |      0.951 |      0.550 |  121/150  
		  174/1000 | 0.000020   |    1.31599   |    4.32081   |      0.956 |      0.551 |  122/150  
		  175/1000 | 0.000020   |    1.36796   |    4.31022   |      0.953 |      0.553 |  123/150  
		  176/1000 | 0.000020   |    1.46699   |    4.31830   |      0.949 |      0.551 |  124/150  
		  177/1000 | 0.000020   |    1.40453   |    4.30504   |      0.953 |      0.554 |  125/150  
		  178/1000 | 0.000020   |    1.39128   |    4.31349   |      0.951 |      0.552 |  126/150  
		  179/1000 | 0.000010   |    1.38821   |    4.30222   |      0.951 |      0.555 |  127/150  
		  180/1000 | 0.000010   |    1.42991   |    4.31230   |      0.950 |      0.552 |  128/150  
		  181/1000 | 0.000010   |    1.31371   |    4.31623   |      0.957 |      0.552 |  129/150  
		  182/1000 | 0.000010   |    1.35141   |    4.32604   |      0.953 |      0.550 |  130/150  
		  183/1000 | 0.000010   |    1.40096   |    4.32225   |      0.950 |      0.551 |  131/150  
		  184/1000 | 0.000010   |    1.42745   |    4.30598   |      0.952 |      0.554 |  132/150  
		  185/1000 | 0.000010   |    1.34189   |    4.30785   |      0.955 |      0.554 |  133/150  
		  186/1000 | 0.000010   |    1.38981   |    4.30080   |      0.953 |      0.555 |  134/150  
		  187/1000 | 0.000010   |    1.35925   |    4.31481   |      0.956 |      0.552 |  135/150  
		  188/1000 | 0.000010   |    1.30296   |    4.32782   |      0.958 |      0.549 |  136/150  
		  189/1000 | 0.000010   |    1.38638   |    4.32071   |      0.952 |      0.551 |  137/150  
		  190/1000 | 0.000010   |    1.40234   |    4.30917   |      0.952 |      0.553 |  138/150  
		  191/1000 | 0.000010   |    1.32684   |    4.31472   |      0.956 |      0.552 |  139/150  
		  192/1000 | 0.000010   |    1.51254   |    4.33700   |      0.950 |      0.548 |  140/150  
		  193/1000 | 0.000010   |    1.46488   |    4.30942   |      0.946 |      0.553 |  141/150  
		  194/1000 | 0.000010   |    1.41110   |    4.31685   |      0.952 |      0.552 |  142/150  
		  195/1000 | 0.000005   |    1.38860   |    4.34239   |      0.954 |      0.546 |  143/150  
		  196/1000 | 0.000005   |    1.44926   |    4.32076   |      0.950 |      0.551 |  144/150  
		  197/1000 | 0.000005   |    1.30270   |    4.31015   |      0.957 |      0.553 |  145/150  
		  198/1000 | 0.000005   |    1.40027   |    4.33020   |      0.954 |      0.549 |  146/150  
		  199/1000 | 0.000005   |    1.33441   |    4.30501   |      0.955 |      0.554 |  147/150  
		  200/1000 | 0.000005   |    1.46646   |    4.30639   |      0.945 |      0.554 |  148/150  
		  201/1000 | 0.000005   |    1.43235   |    4.32730   |      0.952 |      0.549 |  149/150  

		Early stopping triggered.
		[INFO] Case 3 completed.
