nohup: ignoring input
Crash diagnostics ON


==================================================
PART 1: Data preprocess for 2023-01-01 00:00:00 to 2024-09-30 23:00:00...
==================================================

	1.1 Preprocessing radiation data...
		[INFO] Radiation data already exists at './data/timeseries/radiation_data.csv'

	1.2 Preprocessing temperature data...
		[INFO] Temperature data already exists at './data/timeseries/temperature_data.csv'

	1.3 Preprocessing building data...
		[INFO] Building data already exists at './data/timeseries/building_data.csv'

	1.4 Preprocessing electricity cost data...
		[INFO] Electricity cost data already exists at './data/timeseries/electricitycostG2B_data.csv' and './data/timeseries/electricitycostG2V_data.csv'

	1.5 Preprocessing battery demand series data...
		[INFO] Found existing battery data at './data/battery_demandV2/tol15/resample_full.csv' and './data/battery_demandV2/tol15/resample_train.csv'

		[INFO] Number of series for clean windows = (168, 37)
		[INFO] Number of eligible series for Case 2 = (1309, 37)
		[INFO] Case 1 exists — loaded battery demand from './data/battery_demandV2/tol15/case1_real_only/battery_demand.npy' with shape (168, 37).
		[INFO] Building Case 2 (fill NaN)
		[INFO] Resuming Case 2 from checkpoint: './data/battery_demandV2/tol15/case2_nan_filled/battery_demand_ckpt.npz'
		[INFO] Case 2 resume index = 16, current series shape = (184, 37)
		[INFO] Case 2 generating:   0%|          | 0/1293 [00:00<?, ?it/s]		[INFO] Case 2 generating:   0%|          | 1/1293 [00:05<1:56:39,  5.42s/it]		[INFO] Case 2 generating:   0%|          | 2/1293 [00:10<1:55:50,  5.38s/it]		[INFO] Case 2 generating:   0%|          | 3/1293 [00:16<1:54:58,  5.35s/it]		[INFO] Case 2 generating:   0%|          | 4/1293 [00:21<1:54:54,  5.35s/it]		[INFO] Case 2 generating:   0%|          | 5/1293 [00:26<1:54:42,  5.34s/it]