nohup: ignoring input
==================================================
PART 1: Starting data preprocess for 2023-01-01 00:00:00 to 2024-09-30 23:00:00...
==================================================

	1.1 Preprocessing radiation data...
		[INFO] Radiation data already exists at './data/timeseries/radiation_data.csv'

	1.2 Preprocessing temperature data...
		[INFO] Temperature data already exists at './data/timeseries/temperature_data.csv'

	1.3 Preprocessing building data...
		[INFO] Building data already exists at './data/timeseries/building_data.csv'

	1.4 Preprocessing electricity cost data...
		[INFO] Electricity cost data already exists at './data/timeseries/electricitycostG2B_data.csv' and './data/timeseries/electricitycostG2V_data.csv'

	1.5 Preprocessing battery demand series data...
		[INFO] Found existing battery data at './data/battery_demand_tol24/resample_full.csv' and './data/battery_demand_tol24/resample_train.csv'

		[INFO] Number of series for clean windows = (168, 37)
		[INFO] Number of eligible series for Case 2 = (1377, 37)
		[INFO] Number of seeds ready for Case 3  = (2000, 36)

		[INFO] Case 1 exists — loaded battery demand with shape (168, 37).
		[INFO] Building Case 2 (fill NaN)
		[INFO] Resuming Case 2 from checkpoint: './data/battery_demand_tol24/case2_nan_filled/battery_demand_ckpt.npz'
		[INFO] Case 2 resume index = 401, current series shape = (569, 37)
		[INFO] Case 2 generating:   0%|          | 0/976 [00:00<?, ?it/s]		[INFO] Case 2 generating:   0%|          | 1/976 [00:14<3:52:47, 14.33s/it]		[INFO] Case 2 generating:   0%|          | 2/976 [00:29<3:57:37, 14.64s/it]		[INFO] Case 2 generating:   0%|          | 3/976 [00:59<5:53:36, 21.81s/it]		[INFO] Case 2 generating:   0%|          | 4/976 [01:36<7:28:52, 27.71s/it]		[INFO] Case 2 generating:   1%|          | 5/976 [02:02<7:21:20, 27.27s/it]		[INFO] Case 2 generating:   1%|          | 6/976 [02:17<6:13:59, 23.13s/it]		[INFO] Case 2 generating:   1%|          | 7/976 [02:51<7:09:02, 26.57s/it]		[INFO] Case 2 generating:   1%|          | 8/976 [03:06<6:08:38, 22.85s/it]		[INFO] Case 2 generating:   1%|          | 9/976 [03:21<5:28:16, 20.37s/it]		[INFO] Case 2 generating:   1%|          | 10/976 [03:36<5:00:38, 18.67s/it]		[INFO] Case 2 generating:   1%|          | 11/976 [03:51<4:42:08, 17.54s/it]		[INFO] Case 2 generating:   1%|          | 12/976 [04:05<4:27:03, 16.62s/it]		[INFO] Case 2 generating:   1%|▏         | 13/976 [04:20<4:15:43, 15.93s/it]		[INFO] Case 2 generating:   1%|▏         | 14/976 [04:34<4:08:16, 15.48s/it]		[INFO] Case 2 generating:   2%|▏         | 15/976 [04:48<4:01:45, 15.09s/it]		[INFO] Case 2 generating:   2%|▏         | 16/976 [05:02<3:56:29, 14.78s/it]