nohup: ignoring input
==================================================
PART 1: Starting data preprocess for 2023-01-01 00:00:00 to 2024-09-30 23:00:00...
==================================================

	1.1 Preprocessing radiation data...
		[INFO] Radiation data already exists at './data/timeseries/radiation_data.csv'

	1.2 Preprocessing temperature data...
		[INFO] Temperature data already exists at './data/timeseries/temperature_data.csv'

	1.3 Preprocessing building data...
		[INFO] Building data already exists at './data/timeseries/building_data.csv'

	1.4 Preprocessing electricity cost data...
		[INFO] Electricity cost data already exists at './data/timeseries/electricitycostG2B_data.csv' and './data/timeseries/electricitycostG2V_data.csv'

	1.5 Preprocessing battery demand series data...
		[INFO] Found existing battery data at './data/battery_demand_tol28/resample_full.csv' and './data/battery_demand_tol28/resample_train.csv'

		[INFO] Number of series for clean windows = (168, 37)
		[INFO] Number of eligible series for Case 2 = (1386, 37)
		[INFO] Number of seeds ready for Case 3  = (2000, 36)

		[INFO] Case 1 exists — loaded battery demand with shape (168, 37).
		[INFO] Building Case 2 (fill NaN)
		[INFO] Resuming Case 2 from checkpoint: './data/battery_demand_tol28/case2_nan_filled/battery_demand_ckpt.npz'
		[INFO] Case 2 resume index = 420, current series shape = (588, 37)
		[INFO] Case 2 generating:   0%|          | 0/966 [00:00<?, ?it/s]		[INFO] Case 2 generating:   0%|          | 1/966 [00:14<3:54:42, 14.59s/it]		[INFO] Case 2 generating:   0%|          | 2/966 [00:29<3:53:05, 14.51s/it]		[INFO] Case 2 generating:   0%|          | 3/966 [00:43<3:51:35, 14.43s/it]		[INFO] Case 2 generating:   0%|          | 4/966 [00:57<3:51:38, 14.45s/it]		[INFO] Case 2 generating:   1%|          | 5/966 [01:12<3:50:27, 14.39s/it]		[INFO] Case 2 generating:   1%|          | 6/966 [01:26<3:51:08, 14.45s/it]		[INFO] Case 2 generating:   1%|          | 7/966 [01:41<3:51:31, 14.49s/it]		[INFO] Case 2 generating:   1%|          | 8/966 [01:55<3:51:41, 14.51s/it]		[INFO] Case 2 generating:   1%|          | 9/966 [02:10<3:52:05, 14.55s/it]		[INFO] Case 2 generating:   1%|          | 10/966 [02:25<3:52:24, 14.59s/it]		[INFO] Case 2 generating:   1%|          | 11/966 [02:39<3:52:31, 14.61s/it]		[INFO] Case 2 generating:   1%|          | 12/966 [02:54<3:53:10, 14.67s/it]		[INFO] Case 2 generating:   1%|▏         | 13/966 [03:09<3:53:53, 14.73s/it]		[INFO] Case 2 generating:   1%|▏         | 14/966 [03:24<3:53:58, 14.75s/it]		[INFO] Case 2 generating:   2%|▏         | 15/966 [03:39<3:54:33, 14.80s/it]		[INFO] Case 2 generating:   2%|▏         | 16/966 [03:54<3:54:31, 14.81s/it]		[INFO] Case 2 generating:   2%|▏         | 17/966 [04:08<3:54:56, 14.85s/it]		[INFO] Case 2 generating:   2%|▏         | 18/966 [04:23<3:54:08, 14.82s/it]