nohup: ignoring input
Crash diagnostics ON


==================================================
PART 1: Data preprocess for 2023-01-01 00:00:00 to 2024-09-30 23:00:00...
==================================================

	1.1 Preprocessing radiation data...
		[INFO] Radiation data already exists at './data/timeseries/radiation_data.csv'

	1.2 Preprocessing temperature data...
		[INFO] Temperature data already exists at './data/timeseries/temperature_data.csv'

	1.3 Preprocessing building data...
		[INFO] Building data already exists at './data/timeseries/building_data.csv'

	1.4 Preprocessing electricity cost data...
		[INFO] Electricity cost data already exists at './data/timeseries/electricitycostG2B_data.csv' and './data/timeseries/electricitycostG2V_data.csv'

	1.5 Preprocessing battery demand series data...
		[INFO] Found existing battery data at 'data/battery_demandV2/resample_full.csv' and 'data/battery_demandV2/resample_train.csv'

		[INFO] Number of series for clean windows = (110, 49)
		[INFO] Number of eligible series for Case 2 = (1373, 49)
		[INFO] Case 1 exists — loaded battery demand from 'data/battery_demandV2/case1_real_only/battery_demand.npy' with shape (110, 49).
		[INFO] Building Case 2 (fill NaN)
		[INFO] Resuming Case 2 from checkpoint: 'data/battery_demandV2/case2_nan_filled/battery_demand_ckpt.npz'
		[INFO] Case 2 resume index = 3, current series shape = (113, 49)
		[INFO] Case 2 generating:   0%|          | 0/1370 [00:00<?, ?it/s]		[INFO] Case 2 generating:   0%|          | 1/1370 [00:10<3:58:00, 10.43s/it]		[INFO] Case 2 generating:   0%|          | 2/1370 [00:20<3:55:13, 10.32s/it]		[INFO] Case 2 generating:   0%|          | 3/1370 [00:30<3:54:07, 10.28s/it]		[INFO] Case 2 generating:   0%|          | 4/1370 [00:41<3:53:34, 10.26s/it]		[INFO] Case 2 generating:   0%|          | 5/1370 [00:51<3:52:44, 10.23s/it]