Crash diagnostics ON


==================================================
PART 1: Data preprocess for 2023-01-01 00:00:00 to 2024-09-30 23:00:00...
==================================================

	1.1 Preprocessing radiation data...
		[INFO] Radiation data already exists at './data/timeseries/radiation_data.csv'

	1.2 Preprocessing temperature data...
		[INFO] Temperature data already exists at './data/timeseries/temperature_data.csv'

	1.3 Preprocessing building data...
		[INFO] Building data already exists at './data/timeseries/building_data.csv'

	1.4 Preprocessing electricity cost data...
		[INFO] Electricity cost data already exists at './data/timeseries/electricitycostG2B_data.csv' and './data/timeseries/electricitycostG2V_data.csv'

	1.5 Preprocessing battery demand series data...
		[INFO] Found existing battery data at './data/battery_demand/tol24/resample_full.csv' and './data/battery_demand/tol24/resample_train.csv'

		[INFO] Number of series for clean windows = (168, 37)
		[INFO] Number of eligible series for Case 2 = (1377, 37)
		[INFO] Number of seeds ready for Case 3  = (2000, 36)

		[INFO] Case 1 exists — loaded battery demand from './data/battery_demand/tol24/case1_real_only/battery_demand.npy' with shape (168, 37).
		[INFO] Case 2 exists — loaded battery demand from './data/battery_demand/tol24/case2_nan_filled/battery_demand.npy' with shape (1545, 37).
		[INFO] Case 3 exists — loaded battery demand from './data/battery_demand/tol24/case3_extended_generated/battery_demand.npy' with shape (3545, 37).
		[INFO] Case 0: Successfully added test pair 2024-03-15 & 2024-03-16
		Data: [10536, 28, 30, 35, 37, 37, 36, 33, 26, 10, 6, 10, 14, 19, 18, 15, 20, 26, 15, 9, 16, 21, 20, 8, 12, 15, 24, 31, 35, 32, 35, 34, 32, 31, 30, 22, 14, 18, 27, 18, 19, 19, 25, 25, 25, 26, 27, 17, 19]
		[INFO] Case 0: Successfully added test pair 2024-03-29 & 2024-03-30
		Data: [10872, 13, 26, 31, 33, 33, 33, 31, 15, 8, 19, 11, 15, 18, 16, 18, 18, 19, 7, 4, 23, 23, 16, 17, 18, 18, 19, 24, 29, 30, 30, 22, 27, 21, 14, 15, 16, 20, 18, 23, 27, 18, 2, 10, 23, 22, 22, 17, 21]

	1.6 Generating battery schedule...
		[INFO] Case 1 exists — loaded from './data/battery_demand/tol24/case1_real_only/battery_availability.npy' and './data/battery_demand/tol24/case1_real_only/battery_details.npy' shape (168, 263, 36) and (4, 168, 263)
		[INFO] Case 2 exists — loaded from './data/battery_demand/tol24/case2_nan_filled/battery_availability.npy' and './data/battery_demand/tol24/case2_nan_filled/battery_details.npy' shape (1545, 311, 36) and (4, 1545, 311)
		[INFO] Case 3 exists — loaded from './data/battery_demand/tol24/case3_extended_generated/battery_availability.npy' and './data/battery_demand/tol24/case3_extended_generated/battery_details.npy' shape (3545, 422, 36) and (4, 3545, 422)


==================================================
PART 2: MILP Optimization...
==================================================

	2.1 Optimizing Case 1...
		[INFO] Loaded 168 samples from './data/battery_demand/tol24/case1_real_only'
		[INFO] Results already exist at './data/optimization_results/tol24/case1_real_only/optimization/V2B.npy'. Skipping optimization run.
		[INFO] Results already exist at './data/optimization_results/tol24/case1_real_only/immediate_charging/V2B.npy'. Skipping immediate_charging run.
		[INFO] Case 1 completed.

	2.2 Optimizing Case 2...
		[INFO] Loaded 1545 samples from './data/battery_demand/tol24/case2_nan_filled'
		[INFO] Results already exist at './data/optimization_results/tol24/case2_nan_filled/optimization/V2B.npy'. Skipping optimization run.
		[INFO] Results already exist at './data/optimization_results/tol24/case2_nan_filled/immediate_charging/V2B.npy'. Skipping immediate_charging run.
		[INFO] Case 2 completed.

	2.3 Optimizing Case 3...
		[INFO] Loaded 3545 samples from './data/battery_demand/tol24/case3_extended_generated'
		[INFO] Results already exist at './data/optimization_results/tol24/case3_extended_generated/optimization/V2B.npy'. Skipping optimization run.
		[INFO] Results already exist at './data/optimization_results/tol24/case3_extended_generated/immediate_charging/V2B.npy'. Skipping immediate_charging run.
		[INFO] Case 3 completed.


==================================================
PART 3: Supervised Learning...
==================================================

	3.1 Training Case 1...
		=== Training Log Started: 2025-11-28 05:20:27.429418 ===
		Run Name: STAFV2_24_CASE1
		Device: cuda
		Epochs: 50000, Batch Size: 64, LR: 0.0001
		============================================================
🔢 Unique quantized indices: 6686
✅ Suggested num_embeddings: 8023
✅ Processed 168 valid samples.
✅ Saved merged dataset: ./data/training_results/merged_windowed_dataset_STAFV2_24_CASE1.csv  (shape: (168, 429))
✅ Saved feature metadata: ./data/training_results/feature_info_STAFV2_24_CASE1.json
✅ Dataset split: 134 train, 34 val
✅ Scalers fitted and saved.

		✅ Model initialized with 785956 params.
		============================================================
		--------------------------------------------------------------------------------------------
		  Epoch    |     LR     |  Train RMSE  |   Val RMSE   |  Train R²  |   Val R²   |  Patience 
		--------------------------------------------------------------------------------------------
		    1/50000 | 0.000100   |    9.42907   |    9.12872   |     -1.111 |     -0.977 |    0/80   
		    2/50000 | 0.000100   |    8.66591   |    9.01478   |     -1.040 |     -0.928 |    0/80   
		    3/50000 | 0.000100   |    9.33882   |    8.88750   |     -0.961 |     -0.874 |    0/80   
		    4/50000 | 0.000100   |    8.83858   |    8.74215   |     -0.894 |     -0.813 |    0/80   
		    5/50000 | 0.000100   |    8.51714   |    8.59361   |     -0.805 |     -0.752 |    0/80   
		    6/50000 | 0.000100   |    7.62285   |    8.42746   |     -0.768 |     -0.685 |    0/80   
		    7/50000 | 0.000100   |    7.65921   |    8.27517   |     -0.679 |     -0.625 |    0/80   
		    8/50000 | 0.000100   |    7.61842   |    8.11623   |     -0.633 |     -0.563 |    0/80   
		    9/50000 | 0.000100   |    8.62501   |    7.97636   |     -0.564 |     -0.509 |    0/80   
		   10/50000 | 0.000100   |    8.06084   |    7.81045   |     -0.504 |     -0.447 |    0/80   
		   11/50000 | 0.000100   |    7.85507   |    7.67435   |     -0.454 |     -0.397 |    0/80   
		   12/50000 | 0.000100   |    7.16393   |    7.50947   |     -0.376 |     -0.338 |    0/80   
		   13/50000 | 0.000100   |    7.44914   |    7.33744   |     -0.320 |     -0.277 |    0/80   
		   14/50000 | 0.000100   |    7.55680   |    7.21286   |     -0.275 |     -0.234 |    0/80   
		   15/50000 | 0.000100   |    7.30864   |    7.04267   |     -0.218 |     -0.177 |    0/80   
		   16/50000 | 0.000100   |    6.37604   |    6.91544   |     -0.156 |     -0.135 |    0/80   
		   17/50000 | 0.000100   |    6.77284   |    6.82199   |     -0.118 |     -0.104 |    0/80   
		   18/50000 | 0.000100   |    6.16299   |    6.64850   |     -0.040 |     -0.049 |    0/80   
		   19/50000 | 0.000100   |    6.98432   |    6.54129   |     -0.026 |     -0.015 |    0/80   
		   20/50000 | 0.000100   |    6.74660   |    6.38182   |      0.032 |      0.034 |    0/80   
		   21/50000 | 0.000100   |    6.83050   |    6.23228   |      0.077 |      0.078 |    0/80   
		   22/50000 | 0.000100   |    6.19200   |    6.09077   |      0.172 |      0.120 |    0/80   
		   23/50000 | 0.000100   |    5.43583   |    5.90759   |      0.178 |      0.172 |    0/80   
		   24/50000 | 0.000100   |    5.88527   |    5.78883   |      0.228 |      0.205 |    0/80   
		   25/50000 | 0.000100   |    5.63472   |    5.70529   |      0.237 |      0.228 |    0/80   
		   26/50000 | 0.000100   |    5.52589   |    5.55887   |      0.315 |      0.267 |    0/80   
		   27/50000 | 0.000100   |    5.13382   |    5.35408   |      0.314 |      0.320 |    0/80   
		   28/50000 | 0.000100   |    4.85514   |    5.22626   |      0.384 |      0.352 |    0/80   
		   29/50000 | 0.000100   |    4.82721   |    5.17556   |      0.419 |      0.364 |    0/80   
		   30/50000 | 0.000100   |    5.01163   |    5.14983   |      0.426 |      0.371 |    0/80   
		   31/50000 | 0.000100   |    4.44055   |    5.03125   |      0.431 |      0.399 |    0/80   
		   32/50000 | 0.000100   |    4.72759   |    4.96710   |      0.449 |      0.415 |    0/80   
		   33/50000 | 0.000100   |    3.99980   |    4.89903   |      0.497 |      0.431 |    0/80   
		   34/50000 | 0.000100   |    4.44820   |    4.81514   |      0.526 |      0.450 |    0/80   
		   35/50000 | 0.000100   |    4.68930   |    4.78542   |      0.536 |      0.457 |    0/80   
		   36/50000 | 0.000100   |    4.33965   |    4.67772   |      0.549 |      0.481 |    0/80   
		   37/50000 | 0.000100   |    4.05598   |    4.63693   |      0.563 |      0.490 |    0/80   
		   38/50000 | 0.000100   |    4.90855   |    4.61989   |      0.563 |      0.494 |    0/80   
		   39/50000 | 0.000100   |    4.45358   |    4.59892   |      0.603 |      0.498 |    0/80   
		   40/50000 | 0.000100   |    4.80337   |    4.55673   |      0.601 |      0.507 |    0/80   
		   41/50000 | 0.000100   |    3.91356   |    4.51790   |      0.610 |      0.516 |    0/80   
		   42/50000 | 0.000100   |    4.17791   |    4.49905   |      0.627 |      0.520 |    0/80   
		   43/50000 | 0.000100   |    3.98052   |    4.47835   |      0.622 |      0.524 |    0/80   
		   44/50000 | 0.000100   |    4.14737   |    4.44651   |      0.624 |      0.531 |    0/80   
		   45/50000 | 0.000100   |    3.36367   |    4.42179   |      0.671 |      0.536 |    0/80   
		   46/50000 | 0.000100   |    3.46214   |    4.39812   |      0.673 |      0.541 |    0/80   
		   47/50000 | 0.000100   |    4.52206   |    4.48520   |      0.628 |      0.523 |    0/80   
		   48/50000 | 0.000100   |    3.41648   |    4.44384   |      0.695 |      0.531 |    1/80   
		   49/50000 | 0.000100   |    4.28668   |    4.47241   |      0.675 |      0.525 |    2/80   
		   50/50000 | 0.000100   |    3.76595   |    4.44122   |      0.705 |      0.532 |    3/80   
		   51/50000 | 0.000100   |    3.56828   |    4.39281   |      0.698 |      0.542 |    4/80   
		   52/50000 | 0.000100   |    4.14303   |    4.38043   |      0.694 |      0.545 |    0/80   
		   53/50000 | 0.000100   |    3.96837   |    4.35201   |      0.697 |      0.551 |    0/80   
		   54/50000 | 0.000100   |    3.82199   |    4.36418   |      0.698 |      0.548 |    0/80   
		   55/50000 | 0.000100   |    3.75593   |    4.35510   |      0.696 |      0.550 |    1/80   
		   56/50000 | 0.000100   |    3.94849   |    4.37490   |      0.725 |      0.546 |    2/80   
		   57/50000 | 0.000100   |    3.03609   |    4.40479   |      0.728 |      0.540 |    3/80   
		   58/50000 | 0.000100   |    4.04726   |    4.33863   |      0.704 |      0.553 |    4/80   
		   59/50000 | 0.000100   |    2.94818   |    4.34581   |      0.743 |      0.552 |    0/80   
		   60/50000 | 0.000100   |    4.23981   |    4.32622   |      0.710 |      0.556 |    1/80   
		   61/50000 | 0.000100   |    3.26836   |    4.31802   |      0.745 |      0.558 |    0/80   
		   62/50000 | 0.000100   |    3.37781   |    4.31196   |      0.752 |      0.559 |    0/80   
		   63/50000 | 0.000100   |    3.56240   |    4.33131   |      0.752 |      0.555 |    0/80   
		   64/50000 | 0.000100   |    3.42429   |    4.34076   |      0.754 |      0.553 |    1/80   
		   65/50000 | 0.000100   |    3.44036   |    4.34014   |      0.749 |      0.553 |    2/80   
		   66/50000 | 0.000100   |    3.65712   |    4.40520   |      0.744 |      0.540 |    3/80   
		   67/50000 | 0.000100   |    3.35058   |    4.44701   |      0.781 |      0.531 |    4/80   
		   68/50000 | 0.000100   |    3.59238   |    4.43362   |      0.752 |      0.534 |    5/80   
		   69/50000 | 0.000100   |    2.92871   |    4.42045   |      0.785 |      0.536 |    6/80   
		   70/50000 | 0.000100   |    3.17983   |    4.40092   |      0.782 |      0.540 |    7/80   
		   71/50000 | 0.000100   |    2.81034   |    4.43442   |      0.770 |      0.533 |    8/80   
		   72/50000 | 0.000100   |    4.02791   |    4.45656   |      0.765 |      0.529 |    9/80   
		   73/50000 | 0.000100   |    3.34563   |    4.45075   |      0.806 |      0.530 |   10/80   
		   74/50000 | 0.000100   |    2.95305   |    4.52076   |      0.803 |      0.515 |   11/80   
		   75/50000 | 0.000100   |    3.24788   |    4.46076   |      0.798 |      0.528 |   12/80   
		   76/50000 | 0.000100   |    3.96847   |    4.42882   |      0.754 |      0.535 |   13/80   
		   77/50000 | 0.000100   |    3.18780   |    4.48410   |      0.811 |      0.523 |   14/80   
		   78/50000 | 0.000100   |    2.88386   |    4.50805   |      0.804 |      0.518 |   15/80   
		   79/50000 | 0.000100   |    4.05663   |    4.59646   |      0.798 |      0.499 |   16/80   
		   80/50000 | 0.000100   |    2.52345   |    4.57907   |      0.828 |      0.503 |   17/80   
		   81/50000 | 0.000100   |    2.81320   |    4.56188   |      0.830 |      0.506 |   18/80   
		   82/50000 | 0.000100   |    2.63143   |    4.56025   |      0.834 |      0.507 |   19/80   
		   83/50000 | 0.000080   |    3.26188   |    4.58112   |      0.835 |      0.502 |   20/80   
		   84/50000 | 0.000080   |    2.61095   |    4.54266   |      0.843 |      0.510 |   21/80   
		   85/50000 | 0.000080   |    3.79914   |    4.45338   |      0.808 |      0.529 |   22/80   
		   86/50000 | 0.000080   |    2.34450   |    4.46394   |      0.840 |      0.527 |   23/80   
		   87/50000 | 0.000080   |    2.57349   |    4.49817   |      0.841 |      0.520 |   24/80   
		   88/50000 | 0.000080   |    3.03475   |    4.46575   |      0.849 |      0.527 |   25/80   
		   89/50000 | 0.000080   |    2.69659   |    4.45783   |      0.830 |      0.529 |   26/80   
		   90/50000 | 0.000080   |    3.29236   |    4.45002   |      0.842 |      0.530 |   27/80   
		   91/50000 | 0.000080   |    3.23425   |    4.48017   |      0.852 |      0.524 |   28/80   
		   92/50000 | 0.000080   |    2.36453   |    4.50254   |      0.878 |      0.519 |   29/80   
		   93/50000 | 0.000080   |    2.22005   |    4.49910   |      0.873 |      0.520 |   30/80   
		   94/50000 | 0.000080   |    2.27036   |    4.49705   |      0.874 |      0.520 |   31/80   
		   95/50000 | 0.000080   |    3.68670   |    4.57126   |      0.837 |      0.504 |   32/80   
		   96/50000 | 0.000080   |    2.88817   |    4.52974   |      0.864 |      0.513 |   33/80   
		   97/50000 | 0.000080   |    2.49070   |    4.56308   |      0.850 |      0.506 |   34/80   
		   98/50000 | 0.000080   |    3.44789   |    4.50428   |      0.853 |      0.519 |   35/80   
		   99/50000 | 0.000080   |    2.23264   |    4.53559   |      0.875 |      0.512 |   36/80   
		  100/50000 | 0.000080   |    3.97298   |    4.61902   |      0.842 |      0.494 |   37/80   
		  101/50000 | 0.000080   |    2.38089   |    4.64199   |      0.869 |      0.489 |   38/80   
		  102/50000 | 0.000080   |    2.12028   |    4.59311   |      0.886 |      0.499 |   39/80   
		  103/50000 | 0.000080   |    2.08613   |    4.58580   |      0.878 |      0.501 |   40/80   
		  104/50000 | 0.000064   |    2.44401   |    4.55921   |      0.893 |      0.507 |   41/80   
		  105/50000 | 0.000064   |    2.32878   |    4.57300   |      0.876 |      0.504 |   42/80   
		  106/50000 | 0.000064   |    3.34903   |    4.68094   |      0.867 |      0.480 |   43/80   
		  107/50000 | 0.000064   |    1.98679   |    4.70165   |      0.897 |      0.476 |   44/80   
		  108/50000 | 0.000064   |    3.13283   |    4.61697   |      0.857 |      0.494 |   45/80   
		  109/50000 | 0.000064   |    2.51106   |    4.64381   |      0.884 |      0.488 |   46/80   
		  110/50000 | 0.000064   |    4.12794   |    4.58255   |      0.861 |      0.502 |   47/80   
		  111/50000 | 0.000064   |    1.89939   |    4.59946   |      0.898 |      0.498 |   48/80   
		  112/50000 | 0.000064   |    1.86067   |    4.59259   |      0.893 |      0.500 |   49/80   
		  113/50000 | 0.000064   |    2.49481   |    4.61994   |      0.884 |      0.494 |   50/80   
		  114/50000 | 0.000064   |    2.89745   |    4.71538   |      0.856 |      0.472 |   51/80   
		  115/50000 | 0.000064   |    2.94576   |    4.79102   |      0.879 |      0.455 |   52/80   
		  116/50000 | 0.000064   |    2.57327   |    4.76040   |      0.897 |      0.462 |   53/80   
		  117/50000 | 0.000064   |    2.96925   |    4.84523   |      0.890 |      0.443 |   54/80   
		  118/50000 | 0.000064   |    2.39760   |    4.83204   |      0.890 |      0.446 |   55/80   
		  119/50000 | 0.000064   |    2.67959   |    4.83561   |      0.890 |      0.445 |   56/80   
		  120/50000 | 0.000064   |    2.16512   |    4.76019   |      0.904 |      0.462 |   57/80   
		  121/50000 | 0.000064   |    2.40117   |    4.68082   |      0.882 |      0.480 |   58/80   
		  122/50000 | 0.000064   |    2.42299   |    4.64382   |      0.899 |      0.488 |   59/80   
		  123/50000 | 0.000064   |    2.34071   |    4.65341   |      0.911 |      0.486 |   60/80   
		  124/50000 | 0.000064   |    1.54471   |    4.65914   |      0.922 |      0.485 |   61/80   
		  125/50000 | 0.000051   |    2.32663   |    4.68433   |      0.907 |      0.479 |   62/80   
		  126/50000 | 0.000051   |    2.38763   |    4.71612   |      0.908 |      0.472 |   63/80   
		  127/50000 | 0.000051   |    1.85331   |    4.72673   |      0.921 |      0.470 |   64/80   
		  128/50000 | 0.000051   |    1.81925   |    4.71148   |      0.912 |      0.473 |   65/80   
		  129/50000 | 0.000051   |    2.27527   |    4.74002   |      0.915 |      0.467 |   66/80   
		  130/50000 | 0.000051   |    1.92712   |    4.79691   |      0.918 |      0.454 |   67/80   
		  131/50000 | 0.000051   |    2.24077   |    4.76360   |      0.926 |      0.462 |   68/80   
		  132/50000 | 0.000051   |    2.09398   |    4.75832   |      0.903 |      0.463 |   69/80   
		  133/50000 | 0.000051   |    1.84570   |    4.73982   |      0.926 |      0.467 |   70/80   
		  134/50000 | 0.000051   |    2.20929   |    4.74689   |      0.911 |      0.465 |   71/80   
		  135/50000 | 0.000051   |    2.25164   |    4.71950   |      0.898 |      0.472 |   72/80   
		  136/50000 | 0.000051   |    4.56285   |    4.92154   |      0.857 |      0.425 |   73/80   
		  137/50000 | 0.000051   |    3.33857   |    4.97669   |      0.901 |      0.412 |   74/80   
		  138/50000 | 0.000051   |    2.06232   |    4.86233   |      0.920 |      0.439 |   75/80   
		  139/50000 | 0.000051   |    1.77514   |    4.85300   |      0.928 |      0.441 |   76/80   
		  140/50000 | 0.000051   |    1.79578   |    4.85120   |      0.925 |      0.442 |   77/80   
		  141/50000 | 0.000051   |    2.63185   |    4.73725   |      0.916 |      0.468 |   78/80   
		  142/50000 | 0.000051   |    3.34758   |    4.81731   |      0.895 |      0.449 |   79/80   

		Early stopping triggered.
		[INFO] Case 1 completed.

	3.2 Training Case 2...
		=== Training Log Started: 2025-11-28 05:21:16.858851 ===
		Run Name: STAFV2_24_CASE2
		Device: cuda
		Epochs: 50000, Batch Size: 64, LR: 0.0001
		============================================================
🔢 Unique quantized indices: 24142
✅ Suggested num_embeddings: 28970
✅ Processed 1545 valid samples.
✅ Saved merged dataset: ./data/training_results/merged_windowed_dataset_STAFV2_24_CASE2.csv  (shape: (1545, 429))
✅ Saved feature metadata: ./data/training_results/feature_info_STAFV2_24_CASE2.json
✅ Dataset split: 1236 train, 309 val
✅ Scalers fitted and saved.

		✅ Model initialized with 785956 params.
		============================================================
		--------------------------------------------------------------------------------------------
		  Epoch    |     LR     |  Train RMSE  |   Val RMSE   |  Train R²  |   Val R²   |  Patience 
		--------------------------------------------------------------------------------------------
		    1/50000 | 0.000100   |    9.29697   |    8.39706   |     -1.123 |     -0.713 |    0/80   
		    2/50000 | 0.000100   |    8.06337   |    7.19136   |     -0.610 |     -0.256 |    0/80   
		    3/50000 | 0.000100   |    6.90486   |    6.11073   |     -0.188 |      0.093 |    0/80   
		    4/50000 | 0.000100   |    5.91321   |    5.33034   |      0.134 |      0.308 |    0/80   
		    5/50000 | 0.000100   |    5.15552   |    4.77160   |      0.345 |      0.444 |    0/80   
		    6/50000 | 0.000100   |    4.68669   |    4.50269   |      0.460 |      0.504 |    0/80   
		    7/50000 | 0.000100   |    4.50546   |    4.41870   |      0.501 |      0.522 |    0/80   
		    8/50000 | 0.000100   |    4.40027   |    4.36014   |      0.531 |      0.534 |    0/80   
		    9/50000 | 0.000100   |    4.15259   |    4.30964   |      0.574 |      0.545 |    0/80   
		   10/50000 | 0.000100   |    4.13020   |    4.27923   |      0.577 |      0.552 |    0/80   
		   11/50000 | 0.000100   |    4.09192   |    4.22574   |      0.586 |      0.563 |    0/80   
		   12/50000 | 0.000100   |    3.98543   |    4.19598   |      0.608 |      0.569 |    0/80   
		   13/50000 | 0.000100   |    3.91337   |    4.14378   |      0.624 |      0.580 |    0/80   
		   14/50000 | 0.000100   |    3.80795   |    4.13520   |      0.640 |      0.581 |    0/80   
		   15/50000 | 0.000100   |    3.73024   |    4.08079   |      0.653 |      0.593 |    0/80   
		   16/50000 | 0.000100   |    3.73670   |    4.06727   |      0.655 |      0.595 |    0/80   
		   17/50000 | 0.000100   |    3.71469   |    4.01701   |      0.662 |      0.605 |    0/80   
		   18/50000 | 0.000100   |    3.60344   |    4.00195   |      0.677 |      0.608 |    0/80   
		   19/50000 | 0.000100   |    3.63610   |    4.01660   |      0.675 |      0.604 |    0/80   
		   20/50000 | 0.000100   |    3.49510   |    3.96705   |      0.696 |      0.614 |    1/80   
		   21/50000 | 0.000100   |    3.41344   |    3.92524   |      0.711 |      0.622 |    0/80   
		   22/50000 | 0.000100   |    3.44396   |    3.91476   |      0.707 |      0.624 |    0/80   
		   23/50000 | 0.000100   |    3.46703   |    3.87440   |      0.707 |      0.632 |    0/80   
		   24/50000 | 0.000100   |    3.39334   |    3.85338   |      0.721 |      0.636 |    0/80   
		   25/50000 | 0.000100   |    3.31926   |    3.87536   |      0.731 |      0.631 |    0/80   
		   26/50000 | 0.000100   |    3.25616   |    3.84130   |      0.738 |      0.638 |    1/80   
		   27/50000 | 0.000100   |    3.21886   |    3.86361   |      0.743 |      0.633 |    0/80   
		   28/50000 | 0.000100   |    3.23606   |    3.85168   |      0.742 |      0.635 |    1/80   
		   29/50000 | 0.000100   |    3.15387   |    3.79174   |      0.758 |      0.647 |    2/80   
		   30/50000 | 0.000100   |    3.12625   |    3.81534   |      0.764 |      0.642 |    0/80   
		   31/50000 | 0.000100   |    3.06373   |    3.79411   |      0.774 |      0.646 |    1/80   
		   32/50000 | 0.000100   |    3.07451   |    3.77183   |      0.768 |      0.651 |    2/80   
		   33/50000 | 0.000100   |    2.98094   |    3.75569   |      0.783 |      0.653 |    0/80   
		   34/50000 | 0.000100   |    2.89148   |    3.74968   |      0.793 |      0.655 |    0/80   
		   35/50000 | 0.000100   |    2.95950   |    3.76024   |      0.785 |      0.652 |    0/80   
		   36/50000 | 0.000100   |    2.94195   |    3.76891   |      0.789 |      0.651 |    1/80   
		   37/50000 | 0.000100   |    2.94256   |    3.73109   |      0.791 |      0.658 |    2/80   
		   38/50000 | 0.000100   |    2.84787   |    3.76055   |      0.804 |      0.652 |    0/80   
		   39/50000 | 0.000100   |    2.77953   |    3.75994   |      0.808 |      0.653 |    1/80   
		   40/50000 | 0.000100   |    2.85434   |    3.75258   |      0.804 |      0.654 |    2/80   
		   41/50000 | 0.000100   |    2.74475   |    3.78312   |      0.816 |      0.648 |    3/80   
		   42/50000 | 0.000100   |    2.76472   |    3.78156   |      0.815 |      0.648 |    4/80   
		   43/50000 | 0.000100   |    2.81536   |    3.72381   |      0.806 |      0.660 |    5/80   
		   44/50000 | 0.000100   |    2.67247   |    3.81839   |      0.824 |      0.641 |    0/80   
		   45/50000 | 0.000100   |    2.55440   |    3.76498   |      0.841 |      0.652 |    1/80   
		   46/50000 | 0.000100   |    2.61311   |    3.74492   |      0.833 |      0.656 |    2/80   
		   47/50000 | 0.000100   |    2.54652   |    3.72471   |      0.845 |      0.659 |    3/80   
		   48/50000 | 0.000100   |    2.65062   |    3.74821   |      0.833 |      0.655 |    4/80   
		   49/50000 | 0.000100   |    2.52422   |    3.75560   |      0.846 |      0.653 |    5/80   
		   50/50000 | 0.000100   |    2.59497   |    3.74020   |      0.838 |      0.656 |    6/80   
		   51/50000 | 0.000100   |    2.52569   |    3.74870   |      0.842 |      0.655 |    7/80   
		   52/50000 | 0.000100   |    2.46983   |    3.75306   |      0.849 |      0.654 |    8/80   
		   53/50000 | 0.000100   |    2.53243   |    3.76428   |      0.845 |      0.652 |    9/80   
		   54/50000 | 0.000100   |    2.44463   |    3.72542   |      0.854 |      0.659 |   10/80   
		   55/50000 | 0.000100   |    2.36192   |    3.74974   |      0.865 |      0.654 |   11/80   
		   56/50000 | 0.000100   |    2.41861   |    3.77148   |      0.860 |      0.650 |   12/80   
		   57/50000 | 0.000100   |    2.39810   |    3.77410   |      0.856 |      0.650 |   13/80   
		   58/50000 | 0.000100   |    2.40255   |    3.76984   |      0.862 |      0.651 |   14/80   
		   59/50000 | 0.000100   |    2.32873   |    3.77816   |      0.870 |      0.650 |   15/80   
		   60/50000 | 0.000100   |    2.26516   |    3.77378   |      0.875 |      0.650 |   16/80   
		   61/50000 | 0.000100   |    2.27641   |    3.76034   |      0.874 |      0.653 |   17/80   
		   62/50000 | 0.000100   |    2.21983   |    3.78379   |      0.882 |      0.648 |   18/80   
		   63/50000 | 0.000100   |    2.24071   |    3.81328   |      0.882 |      0.643 |   19/80   
		   64/50000 | 0.000080   |    2.31608   |    3.82005   |      0.876 |      0.641 |   20/80   
		   65/50000 | 0.000080   |    2.26296   |    3.81829   |      0.877 |      0.642 |   21/80   
		   66/50000 | 0.000080   |    2.13598   |    3.80648   |      0.888 |      0.644 |   22/80   
		   67/50000 | 0.000080   |    2.17901   |    3.79440   |      0.886 |      0.647 |   23/80   
		   68/50000 | 0.000080   |    2.21433   |    3.78928   |      0.882 |      0.648 |   24/80   
		   69/50000 | 0.000080   |    2.11617   |    3.84091   |      0.889 |      0.638 |   25/80   
		   70/50000 | 0.000080   |    2.21631   |    3.83892   |      0.882 |      0.638 |   26/80   
		   71/50000 | 0.000080   |    2.15285   |    3.77306   |      0.890 |      0.651 |   27/80   
		   72/50000 | 0.000080   |    2.05431   |    3.84356   |      0.896 |      0.637 |   28/80   
		   73/50000 | 0.000080   |    2.00106   |    3.81379   |      0.902 |      0.643 |   29/80   
		   74/50000 | 0.000080   |    2.06215   |    3.80034   |      0.896 |      0.646 |   30/80   
		   75/50000 | 0.000080   |    2.14243   |    3.81538   |      0.890 |      0.643 |   31/80   
		   76/50000 | 0.000080   |    2.11555   |    3.80076   |      0.892 |      0.645 |   32/80   
		   77/50000 | 0.000080   |    2.09091   |    3.82061   |      0.893 |      0.642 |   33/80   
		   78/50000 | 0.000080   |    2.09258   |    3.87155   |      0.893 |      0.632 |   34/80   
		   79/50000 | 0.000080   |    2.02733   |    3.83838   |      0.899 |      0.638 |   35/80   
		   80/50000 | 0.000080   |    2.07606   |    3.81017   |      0.896 |      0.644 |   36/80   
		   81/50000 | 0.000080   |    1.90668   |    3.80188   |      0.912 |      0.646 |   37/80   
		   82/50000 | 0.000080   |    2.05910   |    3.87026   |      0.896 |      0.632 |   38/80   
		   83/50000 | 0.000080   |    2.02061   |    3.87910   |      0.905 |      0.631 |   39/80   
		   84/50000 | 0.000080   |    1.92988   |    3.82856   |      0.911 |      0.641 |   40/80   
		   85/50000 | 0.000064   |    1.91621   |    3.82886   |      0.910 |      0.641 |   41/80   
		   86/50000 | 0.000064   |    1.85343   |    3.82854   |      0.916 |      0.641 |   42/80   
		   87/50000 | 0.000064   |    1.97556   |    3.86823   |      0.906 |      0.633 |   43/80   
		   88/50000 | 0.000064   |    2.05715   |    3.86415   |      0.894 |      0.634 |   44/80   
		   89/50000 | 0.000064   |    1.87662   |    3.85556   |      0.912 |      0.636 |   45/80   
		   90/50000 | 0.000064   |    1.90663   |    3.84835   |      0.912 |      0.637 |   46/80   
		   91/50000 | 0.000064   |    1.83175   |    3.86021   |      0.917 |      0.635 |   47/80   
		   92/50000 | 0.000064   |    1.80270   |    3.89757   |      0.924 |      0.627 |   48/80   
		   93/50000 | 0.000064   |    1.94806   |    3.87837   |      0.910 |      0.631 |   49/80   
		   94/50000 | 0.000064   |    1.85570   |    3.88141   |      0.917 |      0.631 |   50/80   
		   95/50000 | 0.000064   |    1.94648   |    3.85443   |      0.907 |      0.636 |   51/80   
		   96/50000 | 0.000064   |    1.95218   |    3.83745   |      0.911 |      0.639 |   52/80   
		   97/50000 | 0.000064   |    1.83005   |    3.88307   |      0.917 |      0.630 |   53/80   
		   98/50000 | 0.000064   |    1.82299   |    3.86867   |      0.920 |      0.633 |   54/80   
		   99/50000 | 0.000064   |    1.92137   |    3.84609   |      0.913 |      0.637 |   55/80   
		  100/50000 | 0.000064   |    1.75336   |    3.87714   |      0.924 |      0.631 |   56/80   
		  101/50000 | 0.000064   |    1.86384   |    3.87199   |      0.916 |      0.632 |   57/80   
		  102/50000 | 0.000064   |    2.03509   |    3.91506   |      0.899 |      0.624 |   58/80   
		  103/50000 | 0.000064   |    1.96950   |    3.84967   |      0.914 |      0.637 |   59/80   
		  104/50000 | 0.000064   |    1.89582   |    3.90798   |      0.914 |      0.625 |   60/80   
		  105/50000 | 0.000064   |    1.73035   |    3.86893   |      0.926 |      0.633 |   61/80   
		  106/50000 | 0.000051   |    1.76182   |    3.85833   |      0.924 |      0.635 |   62/80   
		  107/50000 | 0.000051   |    1.77248   |    3.85497   |      0.924 |      0.636 |   63/80   
		  108/50000 | 0.000051   |    1.73062   |    3.88882   |      0.927 |      0.629 |   64/80   
		  109/50000 | 0.000051   |    1.75069   |    3.86967   |      0.925 |      0.633 |   65/80   
		  110/50000 | 0.000051   |    1.84807   |    3.90112   |      0.919 |      0.627 |   66/80   
		  111/50000 | 0.000051   |    1.85209   |    3.90466   |      0.915 |      0.626 |   67/80   
		  112/50000 | 0.000051   |    1.77668   |    3.88737   |      0.923 |      0.629 |   68/80   
		  113/50000 | 0.000051   |    1.81688   |    3.88673   |      0.918 |      0.630 |   69/80   
		  114/50000 | 0.000051   |    1.80124   |    3.88634   |      0.924 |      0.630 |   70/80   
		  115/50000 | 0.000051   |    1.82430   |    3.88716   |      0.920 |      0.630 |   71/80   
		  116/50000 | 0.000051   |    1.79170   |    3.95180   |      0.929 |      0.617 |   72/80   
		  117/50000 | 0.000051   |    1.78784   |    3.89417   |      0.923 |      0.629 |   73/80   
		  118/50000 | 0.000051   |    1.68934   |    3.89672   |      0.930 |      0.628 |   74/80   
		  119/50000 | 0.000051   |    1.74444   |    3.89011   |      0.925 |      0.629 |   75/80   
		  120/50000 | 0.000051   |    1.60179   |    3.89367   |      0.937 |      0.629 |   76/80   
		  121/50000 | 0.000051   |    1.88673   |    3.92603   |      0.917 |      0.622 |   77/80   
		  122/50000 | 0.000051   |    1.72960   |    3.91359   |      0.926 |      0.625 |   78/80   
		  123/50000 | 0.000051   |    1.80958   |    3.91881   |      0.920 |      0.623 |   79/80   

		Early stopping triggered.
		[INFO] Case 2 completed.

	3.3 Training Case 3...
		=== Training Log Started: 2025-11-28 05:23:41.524573 ===
		Run Name: STAFV2_24_CASE3
		Device: cuda
		Epochs: 50000, Batch Size: 64, LR: 0.0001
		============================================================
🔢 Unique quantized indices: 36535
✅ Suggested num_embeddings: 43842
✅ Processed 3545 valid samples.
✅ Saved merged dataset: ./data/training_results/merged_windowed_dataset_STAFV2_24_CASE3.csv  (shape: (3545, 429))
✅ Saved feature metadata: ./data/training_results/feature_info_STAFV2_24_CASE3.json
✅ Dataset split: 2836 train, 709 val
✅ Scalers fitted and saved.

		✅ Model initialized with 785956 params.
		============================================================
		--------------------------------------------------------------------------------------------
		  Epoch    |     LR     |  Train RMSE  |   Val RMSE   |  Train R²  |   Val R²   |  Patience 
		--------------------------------------------------------------------------------------------
		    1/50000 | 0.000100   |    8.36920   |    6.89540   |     -0.754 |     -0.230 |    0/80   
		    2/50000 | 0.000100   |    6.09548   |    5.16125   |      0.066 |      0.328 |    0/80   
		    3/50000 | 0.000100   |    5.00354   |    4.76192   |      0.375 |      0.448 |    0/80   
		    4/50000 | 0.000100   |    4.66916   |    4.62840   |      0.458 |      0.480 |    0/80   
		    5/50000 | 0.000100   |    4.49030   |    4.56009   |      0.494 |      0.496 |    0/80   
		    6/50000 | 0.000100   |    4.36419   |    4.48247   |      0.524 |      0.521 |    0/80   
		    7/50000 | 0.000100   |    4.27761   |    4.43494   |      0.544 |      0.536 |    0/80   
		    8/50000 | 0.000100   |    4.19924   |    4.39897   |      0.561 |      0.547 |    0/80   
		    9/50000 | 0.000100   |    4.05059   |    4.39203   |      0.588 |      0.550 |    0/80   
		   10/50000 | 0.000100   |    4.02147   |    4.32448   |      0.597 |      0.562 |    0/80   
		   11/50000 | 0.000100   |    3.94447   |    4.29700   |      0.611 |      0.566 |    0/80   
		   12/50000 | 0.000100   |    3.85446   |    4.28253   |      0.629 |      0.577 |    0/80   
		   13/50000 | 0.000100   |    3.81669   |    4.29558   |      0.636 |      0.576 |    0/80   
		   14/50000 | 0.000100   |    3.78885   |    4.21120   |      0.641 |      0.586 |    1/80   
		   15/50000 | 0.000100   |    3.70567   |    4.16691   |      0.657 |      0.592 |    0/80   
		   16/50000 | 0.000100   |    3.66366   |    4.20788   |      0.663 |      0.593 |    0/80   
		   17/50000 | 0.000100   |    3.61779   |    4.21991   |      0.673 |      0.595 |    1/80   
		   18/50000 | 0.000100   |    3.52491   |    4.14424   |      0.689 |      0.603 |    2/80   
		   19/50000 | 0.000100   |    3.49729   |    4.14735   |      0.693 |      0.602 |    0/80   
		   20/50000 | 0.000100   |    3.50226   |    4.10106   |      0.694 |      0.610 |    1/80   
		   21/50000 | 0.000100   |    3.49099   |    4.09151   |      0.696 |      0.615 |    0/80   
		   22/50000 | 0.000100   |    3.43456   |    4.14287   |      0.707 |      0.613 |    0/80   
		   23/50000 | 0.000100   |    3.39896   |    4.12329   |      0.712 |      0.615 |    1/80   
		   24/50000 | 0.000100   |    3.34300   |    4.16609   |      0.720 |      0.608 |    2/80   
		   25/50000 | 0.000100   |    3.32328   |    4.13327   |      0.724 |      0.613 |    3/80   
		   26/50000 | 0.000100   |    3.28072   |    4.07574   |      0.734 |      0.623 |    4/80   
		   27/50000 | 0.000100   |    3.24436   |    4.12499   |      0.736 |      0.621 |    0/80   
		   28/50000 | 0.000100   |    3.18921   |    4.10279   |      0.746 |      0.622 |    1/80   
		   29/50000 | 0.000100   |    3.16138   |    4.09512   |      0.750 |      0.622 |    2/80   
		   30/50000 | 0.000100   |    3.11812   |    4.05070   |      0.761 |      0.624 |    3/80   
		   31/50000 | 0.000100   |    3.13324   |    4.16537   |      0.757 |      0.612 |    0/80   
		   32/50000 | 0.000100   |    3.11139   |    4.07753   |      0.758 |      0.625 |    1/80   
		   33/50000 | 0.000100   |    3.07268   |    4.09680   |      0.764 |      0.621 |    2/80   
		   34/50000 | 0.000100   |    3.07738   |    4.08216   |      0.764 |      0.628 |    3/80   
		   35/50000 | 0.000100   |    3.05134   |    4.06149   |      0.769 |      0.628 |    4/80   
		   36/50000 | 0.000100   |    3.00521   |    4.06399   |      0.774 |      0.628 |    5/80   
		   37/50000 | 0.000100   |    3.01526   |    4.10193   |      0.774 |      0.626 |    6/80   
		   38/50000 | 0.000100   |    2.91561   |    4.03883   |      0.788 |      0.633 |    7/80   
		   39/50000 | 0.000100   |    2.90595   |    4.13429   |      0.790 |      0.624 |    0/80   
		   40/50000 | 0.000100   |    2.87438   |    4.13130   |      0.795 |      0.620 |    1/80   
		   41/50000 | 0.000100   |    2.87767   |    4.15178   |      0.794 |      0.621 |    2/80   
		   42/50000 | 0.000100   |    2.89236   |    4.13854   |      0.794 |      0.622 |    3/80   
		   43/50000 | 0.000100   |    2.86456   |    4.11822   |      0.795 |      0.628 |    4/80   
		   44/50000 | 0.000100   |    2.84378   |    4.16367   |      0.800 |      0.616 |    5/80   
		   45/50000 | 0.000100   |    2.75870   |    4.11597   |      0.809 |      0.627 |    6/80   
		   46/50000 | 0.000100   |    2.80790   |    4.16329   |      0.806 |      0.623 |    7/80   
		   47/50000 | 0.000100   |    2.74825   |    4.08958   |      0.813 |      0.627 |    8/80   
		   48/50000 | 0.000100   |    2.75489   |    4.04770   |      0.811 |      0.629 |    9/80   
		   49/50000 | 0.000100   |    2.74399   |    4.16734   |      0.812 |      0.623 |   10/80   
		   50/50000 | 0.000100   |    2.75049   |    4.13899   |      0.813 |      0.616 |   11/80   
		   51/50000 | 0.000100   |    2.69106   |    4.16607   |      0.819 |      0.620 |   12/80   
		   52/50000 | 0.000100   |    2.70193   |    4.18658   |      0.818 |      0.617 |   13/80   
		   53/50000 | 0.000100   |    2.64205   |    4.13468   |      0.827 |      0.618 |   14/80   
		   54/50000 | 0.000100   |    2.58002   |    4.18274   |      0.835 |      0.618 |   15/80   
		   55/50000 | 0.000100   |    2.65168   |    4.17030   |      0.825 |      0.619 |   16/80   
		   56/50000 | 0.000100   |    2.60802   |    4.20681   |      0.831 |      0.607 |   17/80   
		   57/50000 | 0.000100   |    2.52432   |    4.17536   |      0.841 |      0.614 |   18/80   
		   58/50000 | 0.000100   |    2.52452   |    4.13303   |      0.841 |      0.614 |   19/80   
		   59/50000 | 0.000080   |    2.52122   |    4.22356   |      0.842 |      0.609 |   20/80   
		   60/50000 | 0.000080   |    2.51922   |    4.20524   |      0.842 |      0.611 |   21/80   
		   61/50000 | 0.000080   |    2.50106   |    4.30695   |      0.844 |      0.601 |   22/80   
		   62/50000 | 0.000080   |    2.51190   |    4.22625   |      0.842 |      0.609 |   23/80   
		   63/50000 | 0.000080   |    2.44685   |    4.16397   |      0.850 |      0.616 |   24/80   
		   64/50000 | 0.000080   |    2.46586   |    4.23360   |      0.850 |      0.611 |   25/80   
		   65/50000 | 0.000080   |    2.49408   |    4.23515   |      0.845 |      0.612 |   26/80   
		   66/50000 | 0.000080   |    2.44272   |    4.16196   |      0.851 |      0.617 |   27/80   
		   67/50000 | 0.000080   |    2.47782   |    4.24043   |      0.846 |      0.606 |   28/80   
		   68/50000 | 0.000080   |    2.38365   |    4.26906   |      0.858 |      0.603 |   29/80   
		   69/50000 | 0.000080   |    2.42173   |    4.27894   |      0.857 |      0.603 |   30/80   
		   70/50000 | 0.000080   |    2.50135   |    4.32089   |      0.844 |      0.596 |   31/80   
		   71/50000 | 0.000080   |    2.38816   |    4.26736   |      0.858 |      0.605 |   32/80   
		   72/50000 | 0.000080   |    2.44920   |    4.32282   |      0.851 |      0.593 |   33/80   
		   73/50000 | 0.000080   |    2.42757   |    4.22156   |      0.853 |      0.606 |   34/80   
		   74/50000 | 0.000080   |    2.40183   |    4.22748   |      0.856 |      0.607 |   35/80   
		   75/50000 | 0.000080   |    2.34438   |    4.24520   |      0.862 |      0.608 |   36/80   
		   76/50000 | 0.000080   |    2.33905   |    4.24466   |      0.863 |      0.603 |   37/80   
		   77/50000 | 0.000080   |    2.37520   |    4.41292   |      0.860 |      0.580 |   38/80   
		   78/50000 | 0.000080   |    2.34004   |    4.27894   |      0.864 |      0.602 |   39/80   
		   79/50000 | 0.000080   |    2.29547   |    4.30060   |      0.868 |      0.598 |   40/80   
		   80/50000 | 0.000064   |    2.36165   |    4.32015   |      0.861 |      0.597 |   41/80   
		   81/50000 | 0.000064   |    2.26235   |    4.30399   |      0.872 |      0.599 |   42/80   
		   82/50000 | 0.000064   |    2.26887   |    4.38642   |      0.871 |      0.587 |   43/80   
		   83/50000 | 0.000064   |    2.30220   |    4.32866   |      0.868 |      0.594 |   44/80   
		   84/50000 | 0.000064   |    2.25775   |    4.29758   |      0.872 |      0.600 |   45/80   
		   85/50000 | 0.000064   |    2.33018   |    4.35103   |      0.865 |      0.590 |   46/80   
		   86/50000 | 0.000064   |    2.18755   |    4.32893   |      0.880 |      0.594 |   47/80   
		   87/50000 | 0.000064   |    2.30547   |    4.39356   |      0.869 |      0.581 |   48/80   
		   88/50000 | 0.000064   |    2.32353   |    4.26978   |      0.868 |      0.602 |   49/80   
		   89/50000 | 0.000064   |    2.24804   |    4.29895   |      0.876 |      0.600 |   50/80   
		   90/50000 | 0.000064   |    2.21345   |    4.40613   |      0.879 |      0.577 |   51/80   
		   91/50000 | 0.000064   |    2.21527   |    4.30259   |      0.878 |      0.595 |   52/80   
		   92/50000 | 0.000064   |    2.18440   |    4.36680   |      0.881 |      0.588 |   53/80   
		   93/50000 | 0.000064   |    2.21116   |    4.35211   |      0.880 |      0.589 |   54/80   
		   94/50000 | 0.000064   |    2.18577   |    4.36301   |      0.881 |      0.590 |   55/80   
		   95/50000 | 0.000064   |    2.20222   |    4.39928   |      0.881 |      0.582 |   56/80   
		   96/50000 | 0.000064   |    2.20258   |    4.42723   |      0.879 |      0.578 |   57/80   
		   97/50000 | 0.000064   |    2.19061   |    4.38969   |      0.881 |      0.582 |   58/80   
		   98/50000 | 0.000064   |    2.26134   |    4.42798   |      0.873 |      0.580 |   59/80   
		   99/50000 | 0.000064   |    2.21504   |    4.36152   |      0.877 |      0.590 |   60/80   
		  100/50000 | 0.000064   |    2.16129   |    4.43745   |      0.883 |      0.578 |   61/80   
		  101/50000 | 0.000051   |    2.08393   |    4.35456   |      0.892 |      0.591 |   62/80   
		  102/50000 | 0.000051   |    2.19398   |    4.41771   |      0.881 |      0.584 |   63/80   
		  103/50000 | 0.000051   |    2.10907   |    4.39512   |      0.889 |      0.586 |   64/80   
		  104/50000 | 0.000051   |    2.11251   |    4.40022   |      0.889 |      0.581 |   65/80   
		  105/50000 | 0.000051   |    2.10535   |    4.38482   |      0.890 |      0.584 |   66/80   
		  106/50000 | 0.000051   |    2.09390   |    4.39488   |      0.890 |      0.584 |   67/80   
		  107/50000 | 0.000051   |    2.17705   |    4.43753   |      0.884 |      0.576 |   68/80   
		  108/50000 | 0.000051   |    2.05679   |    4.40472   |      0.895 |      0.583 |   69/80   
		  109/50000 | 0.000051   |    2.07624   |    4.46480   |      0.893 |      0.573 |   70/80   
		  110/50000 | 0.000051   |    2.05593   |    4.46752   |      0.894 |      0.571 |   71/80   
		  111/50000 | 0.000051   |    2.06629   |    4.42958   |      0.894 |      0.581 |   72/80   
		  112/50000 | 0.000051   |    2.07535   |    4.37953   |      0.892 |      0.587 |   73/80   
		  113/50000 | 0.000051   |    2.08638   |    4.41077   |      0.891 |      0.579 |   74/80   
		  114/50000 | 0.000051   |    2.12572   |    4.38412   |      0.887 |      0.583 |   75/80   
		  115/50000 | 0.000051   |    2.06321   |    4.48320   |      0.895 |      0.570 |   76/80   
		  116/50000 | 0.000051   |    2.08485   |    4.36437   |      0.893 |      0.586 |   77/80   
		  117/50000 | 0.000051   |    2.00678   |    4.43570   |      0.899 |      0.576 |   78/80   
		  118/50000 | 0.000051   |    2.04800   |    4.51347   |      0.896 |      0.562 |   79/80   

		Early stopping triggered.
		[INFO] Case 3 completed.
