Crash diagnostics ON


==================================================
PART 1: Data preprocess for 2023-01-01 00:00:00 to 2024-09-30 23:00:00...
==================================================

	1.1 Preprocessing radiation data...
		[INFO] Radiation data already exists at './data/timeseries/radiation_data.csv'

	1.2 Preprocessing temperature data...
		[INFO] Temperature data already exists at './data/timeseries/temperature_data.csv'

	1.3 Preprocessing building data...
		[INFO] Building data already exists at './data/timeseries/building_data.csv'

	1.4 Preprocessing electricity cost data...
		[INFO] Electricity cost data already exists at './data/timeseries/electricitycostG2B_data.csv' and './data/timeseries/electricitycostG2V_data.csv'

	1.5 Preprocessing battery demand series data...
		[INFO] Found existing battery data at './data/battery_demand/tol26/resample_full.csv' and './data/battery_demand/tol26/resample_train.csv'

		[INFO] Number of series for clean windows = (168, 37)
		[INFO] Number of eligible series for Case 2 = (1378, 37)
		[INFO] Number of seeds ready for Case 3  = (2000, 36)

		[INFO] Case 1 exists — loaded battery demand from './data/battery_demand/tol26/case1_real_only/battery_demand.npy' with shape (168, 37).
		[INFO] Case 2 exists — loaded battery demand from './data/battery_demand/tol26/case2_nan_filled/battery_demand.npy' with shape (1546, 37).
		[INFO] Case 3 exists — loaded battery demand from './data/battery_demand/tol26/case3_extended_generated/battery_demand.npy' with shape (3546, 37).

	1.6 Generating battery schedule...
		[INFO] Case 1 exists — loaded from './data/battery_demand/tol26/case1_real_only/battery_availability.npy' and './data/battery_demand/tol26/case1_real_only/battery_details.npy' shape (168, 263, 36) and (4, 168, 263)
		[INFO] Case 2 exists — loaded from './data/battery_demand/tol26/case2_nan_filled/battery_availability.npy' and './data/battery_demand/tol26/case2_nan_filled/battery_details.npy' shape (1546, 311, 36) and (4, 1546, 311)
		[INFO] Case 3 exists — loaded from './data/battery_demand/tol26/case3_extended_generated/battery_availability.npy' and './data/battery_demand/tol26/case3_extended_generated/battery_details.npy' shape (3546, 422, 36) and (4, 3546, 422)


==================================================
PART 2: MILP Optimization...
==================================================

	2.1 Optimizing Case 1...
		[INFO] Loaded 168 samples from './data/battery_demand/tol26/case1_real_only'
		[INFO] Results already exist at './data/optimization_results/tol26/case1_real_only/optimization/V2B.npy'. Skipping optimization run.
		[INFO] Results already exist at './data/optimization_results/tol26/case1_real_only/immediate_charging/V2B.npy'. Skipping immediate_charging run.
		[INFO] Case 1 completed.

	2.2 Optimizing Case 2...
		[INFO] Loaded 1546 samples from './data/battery_demand/tol26/case2_nan_filled'
		[INFO] Results already exist at './data/optimization_results/tol26/case2_nan_filled/optimization/V2B.npy'. Skipping optimization run.
		[INFO] Results already exist at './data/optimization_results/tol26/case2_nan_filled/immediate_charging/V2B.npy'. Skipping immediate_charging run.
		[INFO] Case 2 completed.

	2.3 Optimizing Case 3...
		[INFO] Loaded 3546 samples from './data/battery_demand/tol26/case3_extended_generated'
		[INFO] Results already exist at './data/optimization_results/tol26/case3_extended_generated/optimization/V2B.npy'. Skipping optimization run.
		[INFO] Results already exist at './data/optimization_results/tol26/case3_extended_generated/immediate_charging/V2B.npy'. Skipping immediate_charging run.
		[INFO] Case 3 completed.
