nohup: ignoring input
Crash diagnostics ON


==================================================
PART 1: Data preprocess for 2023-01-01 00:00:00 to 2024-09-30 23:00:00...
==================================================

	1.1 Preprocessing radiation data...
		[INFO] Radiation data already exists at './data/timeseries/radiation_data.csv'

	1.2 Preprocessing temperature data...
		[INFO] Temperature data already exists at './data/timeseries/temperature_data.csv'

	1.3 Preprocessing building data...
		[INFO] Building data already exists at './data/timeseries/building_data.csv'

	1.4 Preprocessing electricity cost data...
		[INFO] Electricity cost data already exists at './data/timeseries/electricitycostG2B_data.csv' and './data/timeseries/electricitycostG2V_data.csv'

	1.5 Preprocessing battery demand series data...
		[INFO] Found existing battery data at './data/battery_demandV2/tol15/resample_full.csv' and './data/battery_demandV2/tol15/resample_train.csv'

		[INFO] Number of series for clean windows = (168, 37)
		[INFO] Number of eligible series for Case 2 = (1309, 37)
		[INFO] Case 1 exists — loaded battery demand from './data/battery_demandV2/tol15/case1_real_only/battery_demand.npy' with shape (168, 37).
		[INFO] Building Case 2 (fill NaN)
		[INFO] Resuming Case 2 from checkpoint: './data/battery_demandV2/tol15/case2_nan_filled/battery_demand_ckpt.npz'
		[INFO] Case 2 resume index = 4, current series shape = (172, 37)
		[INFO] Case 2 generating:   0%|          | 0/1305 [00:00<?, ?it/s]		[INFO] Case 2 generating:   0%|          | 1/1305 [00:05<1:57:28,  5.41s/it]		[INFO] Case 2 generating:   0%|          | 2/1305 [00:10<1:57:34,  5.41s/it]		[INFO] Case 2 generating:   0%|          | 3/1305 [00:16<1:56:05,  5.35s/it]		[INFO] Case 2 generating:   0%|          | 4/1305 [00:21<1:55:47,  5.34s/it]		[INFO] Case 2 generating:   0%|          | 5/1305 [00:26<1:55:51,  5.35s/it]		[INFO] Case 2 generating:   0%|          | 6/1305 [00:32<1:55:47,  5.35s/it]		[INFO] Case 2 generating:   1%|          | 7/1305 [00:37<1:55:07,  5.32s/it]		[INFO] Case 2 generating:   1%|          | 8/1305 [00:42<1:54:56,  5.32s/it]