Crash diagnostics ON


==================================================
PART 1: Data preprocess for 2023-01-01 00:00:00 to 2024-09-30 23:00:00...
==================================================

	1.1 Preprocessing radiation data...
		[INFO] Radiation data already exists at './data/timeseries/radiation_data.csv'

	1.2 Preprocessing temperature data...
		[INFO] Temperature data already exists at './data/timeseries/temperature_data.csv'

	1.3 Preprocessing building data...
		[INFO] Building data already exists at './data/timeseries/building_data.csv'

	1.4 Preprocessing electricity cost data...
		[INFO] Electricity cost data already exists at './data/timeseries/electricitycostG2B_data.csv' and './data/timeseries/electricitycostG2V_data.csv'

	1.5 Preprocessing battery demand series data...
		[INFO] Found existing battery data at './data/battery_demand/tol27/resample_full.csv' and './data/battery_demand/tol27/resample_train.csv'

		[INFO] Number of series for clean windows = (168, 37)
		[INFO] Number of eligible series for Case 2 = (1381, 37)
		[INFO] Number of seeds ready for Case 3  = (2000, 36)

		[INFO] Case 1 exists — loaded battery demand from './data/battery_demand/tol27/case1_real_only/battery_demand.npy' with shape (168, 37).
		[INFO] Case 2 exists — loaded battery demand from './data/battery_demand/tol27/case2_nan_filled/battery_demand.npy' with shape (1549, 37).
		[INFO] Case 3 exists — loaded battery demand from './data/battery_demand/tol27/case3_extended_generated/battery_demand.npy' with shape (3549, 37).
		[INFO] Case 0: Successfully added test pair 2024-03-15 & 2024-03-16
		Data: [10536, 28, 30, 35, 37, 37, 36, 33, 26, 10, 6, 10, 14, 19, 18, 15, 20, 26, 15, 9, 16, 21, 20, 8, 12, 15, 24, 31, 35, 32, 35, 34, 32, 31, 30, 22, 14, 18, 27, 18, 19, 19, 25, 25, 25, 26, 27, 17, 19]
		[INFO] Case 0: Successfully added test pair 2024-03-29 & 2024-03-30
		Data: [10872, 13, 26, 31, 33, 33, 33, 31, 15, 8, 19, 11, 15, 18, 16, 18, 18, 19, 7, 4, 23, 23, 16, 17, 18, 18, 19, 24, 29, 30, 30, 22, 27, 21, 14, 15, 16, 20, 18, 23, 27, 18, 2, 10, 23, 22, 22, 17, 21]

	1.6 Generating battery schedule...
		[INFO] Case 1 exists — loaded from './data/battery_demand/tol27/case1_real_only/battery_availability.npy' and './data/battery_demand/tol27/case1_real_only/battery_details.npy' shape (168, 263, 36) and (4, 168, 263)
		[INFO] Case 2 exists — loaded from './data/battery_demand/tol27/case2_nan_filled/battery_availability.npy' and './data/battery_demand/tol27/case2_nan_filled/battery_details.npy' shape (1549, 311, 36) and (4, 1549, 311)
		[INFO] Case 3 exists — loaded from './data/battery_demand/tol27/case3_extended_generated/battery_availability.npy' and './data/battery_demand/tol27/case3_extended_generated/battery_details.npy' shape (3549, 422, 36) and (4, 3549, 422)


==================================================
PART 2: MILP Optimization...
==================================================

	2.1 Optimizing Case 1...
		[INFO] Loaded 168 samples from './data/battery_demand/tol27/case1_real_only'
		[INFO] Results already exist at './data/optimization_results/tol27/case1_real_only/optimization/V2B.npy'. Skipping optimization run.
		[INFO] Results already exist at './data/optimization_results/tol27/case1_real_only/immediate_charging/V2B.npy'. Skipping immediate_charging run.
		[INFO] Case 1 completed.

	2.2 Optimizing Case 2...
		[INFO] Loaded 1549 samples from './data/battery_demand/tol27/case2_nan_filled'
		[INFO] Results already exist at './data/optimization_results/tol27/case2_nan_filled/optimization/V2B.npy'. Skipping optimization run.
		[INFO] Results already exist at './data/optimization_results/tol27/case2_nan_filled/immediate_charging/V2B.npy'. Skipping immediate_charging run.
		[INFO] Case 2 completed.

	2.3 Optimizing Case 3...
		[INFO] Loaded 3549 samples from './data/battery_demand/tol27/case3_extended_generated'
		[INFO] Results already exist at './data/optimization_results/tol27/case3_extended_generated/optimization/V2B.npy'. Skipping optimization run.
		[INFO] Results already exist at './data/optimization_results/tol27/case3_extended_generated/immediate_charging/V2B.npy'. Skipping immediate_charging run.
		[INFO] Case 3 completed.


==================================================
PART 3: Supervised Learning...
==================================================

	3.1 Training Case 1...
		=== Training Log Started: 2025-11-29 15:20:48.529207 ===
		Run Name: STAFV2_27_CASE1
		Device: cuda
		Epochs: 1000, Batch Size: 128, LR: 0.01
		============================================================
		[INFO] Unique quantized indices: 6686
		[INFO] Suggested num_embeddings: 8023
		[INFO] Processed 168 valid samples.
		[INFO] Saved merged dataset: ./data/training_results/merged_windowed_dataset_STAFV2_27_CASE1.csv  (shape: (168, 429))
		[INFO] Saved feature metadata: ./data/training_results/feature_info_STAFV2_27_CASE1.json
		[INFO] Dataset split: 134 train, 34 val
		[INFO] Scalers fitted and saved.

		✅ Model initialized with 38122 params.
		============================================================
		--------------------------------------------------------------------------------------------
		  Epoch    |     LR     |  Train RMSE  |   Val RMSE   |  Train R²  |   Val R²   |  Patience 
		--------------------------------------------------------------------------------------------
		    1/1000 | 0.010000   |   11.43177   |    9.58217   |     -1.356 |     -1.178 |    0/150  
		    2/1000 | 0.010000   |   10.32723   |    9.56818   |     -1.244 |     -1.172 |    0/150  
		    3/1000 | 0.010000   |    7.26740   |    9.49899   |     -1.222 |     -1.141 |    0/150  
		    4/1000 | 0.010000   |    8.05704   |    9.42352   |     -1.179 |     -1.107 |    0/150  
		    5/1000 | 0.010000   |    9.87991   |    9.36243   |     -1.162 |     -1.080 |    0/150  
		    6/1000 | 0.010000   |    8.32757   |    9.26307   |     -1.128 |     -1.036 |    0/150  
		    7/1000 | 0.010000   |    9.18970   |    9.14887   |     -1.068 |     -0.986 |    0/150  
		    8/1000 | 0.010000   |    9.37059   |    9.04964   |     -1.029 |     -0.943 |    0/150  
		    9/1000 | 0.010000   |    9.01986   |    8.95965   |     -0.976 |     -0.905 |    0/150  
		   10/1000 | 0.010000   |    8.73698   |    8.89845   |     -0.924 |     -0.879 |    0/150  
		   11/1000 | 0.010000   |    8.19433   |    8.79312   |     -0.918 |     -0.834 |    0/150  
		   12/1000 | 0.010000   |    9.48663   |    8.69457   |     -0.854 |     -0.794 |    0/150  
		   13/1000 | 0.010000   |    8.55244   |    8.63424   |     -0.792 |     -0.769 |    0/150  
		   14/1000 | 0.010000   |    8.91937   |    8.55378   |     -0.745 |     -0.736 |    0/150  
		   15/1000 | 0.010000   |    7.97434   |    8.42732   |     -0.749 |     -0.685 |    0/150  
		   16/1000 | 0.010000   |    8.41730   |    8.33103   |     -0.614 |     -0.647 |    0/150  
		   17/1000 | 0.010000   |    7.05403   |    8.27603   |     -0.510 |     -0.625 |    0/150  
		   18/1000 | 0.010000   |    7.45158   |    8.10342   |     -0.580 |     -0.558 |    0/150  
		   19/1000 | 0.010000   |    7.59814   |    8.03586   |     -0.458 |     -0.532 |    0/150  
		   20/1000 | 0.010000   |    8.58246   |    7.86781   |     -0.453 |     -0.469 |    0/150  
		   21/1000 | 0.010000   |    7.54499   |    7.54000   |     -0.503 |     -0.349 |    0/150  
		   22/1000 | 0.010000   |    7.74948   |    7.44486   |     -0.383 |     -0.315 |    0/150  
		   23/1000 | 0.010000   |    6.85455   |    7.22414   |     -0.324 |     -0.238 |    0/150  
		   24/1000 | 0.010000   |    8.66638   |    6.93787   |     -0.353 |     -0.142 |    0/150  
		   25/1000 | 0.010000   |    7.61782   |    6.49764   |     -0.252 |     -0.002 |    0/150  
		   26/1000 | 0.010000   |    6.36212   |    6.27319   |     -0.167 |      0.066 |    0/150  
		   27/1000 | 0.010000   |    8.13403   |    6.06398   |     -0.204 |      0.128 |    0/150  
		   28/1000 | 0.010000   |    8.77219   |    5.94352   |     -0.160 |      0.162 |    0/150  
		   29/1000 | 0.010000   |    6.20542   |    5.60958   |     -0.138 |      0.253 |    0/150  
		   30/1000 | 0.010000   |    6.39538   |    5.72114   |      0.002 |      0.223 |    0/150  
		   31/1000 | 0.010000   |    5.80544   |    5.60151   |      0.111 |      0.256 |    1/150  
		   32/1000 | 0.010000   |    4.85678   |    5.64619   |      0.107 |      0.244 |    0/150  
		   33/1000 | 0.010000   |    6.00046   |    5.66098   |      0.065 |      0.240 |    1/150  
		   34/1000 | 0.010000   |    5.28151   |    5.61847   |      0.085 |      0.251 |    2/150  
		   35/1000 | 0.010000   |    7.41005   |    5.59814   |      0.089 |      0.256 |    3/150  
		   36/1000 | 0.010000   |    4.88212   |    5.37265   |      0.199 |      0.315 |    0/150  
		   37/1000 | 0.010000   |    5.93793   |    5.19217   |      0.117 |      0.360 |    0/150  
		   38/1000 | 0.010000   |    6.40706   |    5.06730   |      0.158 |      0.391 |    0/150  
		   39/1000 | 0.010000   |    7.44653   |    5.19524   |      0.191 |      0.360 |    0/150  
		   40/1000 | 0.010000   |    6.75989   |    5.23874   |      0.225 |      0.349 |    1/150  
		   41/1000 | 0.010000   |    6.39852   |    5.11560   |      0.210 |      0.379 |    2/150  
		   42/1000 | 0.010000   |    6.60274   |    5.19304   |      0.140 |      0.360 |    3/150  
		   43/1000 | 0.010000   |    4.86366   |    5.25166   |      0.289 |      0.346 |    4/150  
		   44/1000 | 0.010000   |    4.95835   |    5.36173   |      0.359 |      0.318 |    5/150  
		   45/1000 | 0.010000   |    6.70267   |    5.51645   |      0.334 |      0.278 |    6/150  
		   46/1000 | 0.010000   |    5.55246   |    5.50747   |      0.392 |      0.280 |    7/150  
		   47/1000 | 0.010000   |    7.09159   |    5.28733   |      0.326 |      0.337 |    8/150  
		   48/1000 | 0.010000   |    5.35627   |    5.03260   |      0.337 |      0.399 |    9/150  
		   49/1000 | 0.010000   |    3.85080   |    4.90183   |      0.487 |      0.430 |    0/150  
		                                          ╚══> ✅ SAVED (RMSE: 4.9018)
		   50/1000 | 0.010000   |    6.52472   |    4.88523   |      0.250 |      0.434 |    0/150  
		                                          ╚══> ✅ SAVED (RMSE: 4.8852)
		   51/1000 | 0.010000   |    5.70639   |    4.81918   |      0.425 |      0.449 |    0/150  
		                                          ╚══> ✅ SAVED (RMSE: 4.8192)
		   52/1000 | 0.010000   |    5.15639   |    4.79792   |      0.384 |      0.454 |    0/150  
		                                          ╚══> ✅ SAVED (RMSE: 4.7979)
		   53/1000 | 0.010000   |    6.77825   |    4.78909   |      0.297 |      0.456 |    0/150  
		                                          ╚══> ✅ SAVED (RMSE: 4.7891)
		   54/1000 | 0.010000   |    5.26709   |    4.82736   |      0.344 |      0.447 |    0/150  
		   55/1000 | 0.010000   |    5.44816   |    4.98261   |      0.344 |      0.411 |    1/150  
		   56/1000 | 0.010000   |    4.37149   |    5.05041   |      0.375 |      0.395 |    2/150  
		   57/1000 | 0.010000   |    5.31975   |    5.06571   |      0.236 |      0.391 |    3/150  
		   58/1000 | 0.010000   |    4.40612   |    5.25492   |      0.444 |      0.345 |    4/150  
		   59/1000 | 0.010000   |    5.33544   |    5.37116   |      0.312 |      0.316 |    5/150  
		   60/1000 | 0.010000   |    5.30507   |    5.28976   |      0.305 |      0.336 |    6/150  
		   61/1000 | 0.010000   |    5.70364   |    4.99413   |      0.405 |      0.408 |    7/150  
		   62/1000 | 0.010000   |    5.44871   |    4.86256   |      0.419 |      0.439 |    8/150  
		   63/1000 | 0.010000   |    6.19393   |    4.80283   |      0.361 |      0.453 |    9/150  
		   64/1000 | 0.010000   |    5.41443   |    4.66798   |      0.413 |      0.483 |   10/150  
		                                          ╚══> ✅ SAVED (RMSE: 4.6680)
		   65/1000 | 0.010000   |    5.31647   |    4.56752   |      0.494 |      0.505 |    0/150  
		                                          ╚══> ✅ SAVED (RMSE: 4.5675)
		   66/1000 | 0.010000   |    5.66651   |    4.58462   |      0.343 |      0.501 |    0/150  
		   67/1000 | 0.010000   |    4.37799   |    4.64143   |      0.521 |      0.489 |    1/150  
		   68/1000 | 0.010000   |    4.59871   |    4.63149   |      0.473 |      0.491 |    2/150  
		   69/1000 | 0.010000   |    4.03906   |    4.81613   |      0.444 |      0.450 |    3/150  
		   70/1000 | 0.010000   |    5.08066   |    5.05302   |      0.488 |      0.394 |    4/150  
		   71/1000 | 0.010000   |    5.06198   |    5.23333   |      0.528 |      0.350 |    5/150  
		   72/1000 | 0.010000   |    5.22803   |    5.15497   |      0.426 |      0.370 |    6/150  
		   73/1000 | 0.010000   |    4.39280   |    5.08085   |      0.596 |      0.388 |    7/150  
		   74/1000 | 0.010000   |    5.50325   |    5.13557   |      0.518 |      0.374 |    8/150  
		   75/1000 | 0.010000   |    4.70567   |    5.13239   |      0.529 |      0.375 |    9/150  
		   76/1000 | 0.010000   |    4.00787   |    4.95923   |      0.450 |      0.416 |   10/150  
		   77/1000 | 0.010000   |    3.93861   |    4.78589   |      0.517 |      0.457 |   11/150  
		   78/1000 | 0.010000   |    4.63553   |    4.76163   |      0.483 |      0.462 |   12/150  
		   79/1000 | 0.010000   |    4.50374   |    4.85673   |      0.553 |      0.440 |   13/150  
		   80/1000 | 0.010000   |    5.33437   |    4.81134   |      0.533 |      0.451 |   14/150  
		   81/1000 | 0.005000   |    6.51077   |    4.87129   |      0.546 |      0.437 |   15/150  
		   82/1000 | 0.005000   |    3.53319   |    4.81745   |      0.538 |      0.449 |   16/150  
		   83/1000 | 0.005000   |    4.15460   |    4.74308   |      0.481 |      0.466 |   17/150  
		   84/1000 | 0.005000   |    5.08965   |    4.70481   |      0.490 |      0.475 |   18/150  
		   85/1000 | 0.005000   |    4.08123   |    4.73691   |      0.490 |      0.468 |   19/150  
		   86/1000 | 0.005000   |    5.44617   |    4.78621   |      0.486 |      0.456 |   20/150  
		   87/1000 | 0.005000   |    5.44474   |    4.69399   |      0.479 |      0.477 |   21/150  
		   88/1000 | 0.005000   |    4.83609   |    4.67189   |      0.418 |      0.482 |   22/150  
		   89/1000 | 0.005000   |    4.66543   |    4.79745   |      0.556 |      0.454 |   23/150  
		   90/1000 | 0.005000   |    4.49782   |    4.87896   |      0.527 |      0.435 |   24/150  
		   91/1000 | 0.005000   |    4.21305   |    4.99275   |      0.551 |      0.409 |   25/150  
		   92/1000 | 0.005000   |    4.95763   |    4.89322   |      0.640 |      0.432 |   26/150  
		   93/1000 | 0.005000   |    4.89567   |    5.00708   |      0.521 |      0.405 |   27/150  
		   94/1000 | 0.005000   |    4.57630   |    4.88294   |      0.466 |      0.434 |   28/150  
		   95/1000 | 0.005000   |    5.00001   |    4.88673   |      0.473 |      0.433 |   29/150  
		   96/1000 | 0.005000   |    9.63885   |    5.00310   |      0.266 |      0.406 |   30/150  
		   97/1000 | 0.002500   |    5.38983   |    4.78393   |      0.539 |      0.457 |   31/150  
		   98/1000 | 0.002500   |    5.14476   |    4.70691   |      0.514 |      0.474 |   32/150  
		   99/1000 | 0.002500   |    5.24898   |    4.61512   |      0.521 |      0.495 |   33/150  
		  100/1000 | 0.002500   |    5.06549   |    4.55392   |      0.511 |      0.508 |   34/150  
		                                          ╚══> ✅ SAVED (RMSE: 4.5539)
		  101/1000 | 0.002500   |    4.44299   |    4.59798   |      0.426 |      0.498 |    0/150  
		  102/1000 | 0.002500   |    4.47828   |    4.56020   |      0.470 |      0.507 |    1/150  
		  103/1000 | 0.002500   |    5.10250   |    4.54876   |      0.485 |      0.509 |    2/150  
		                                          ╚══> ✅ SAVED (RMSE: 4.5488)
		  104/1000 | 0.002500   |    4.46348   |    4.55610   |      0.525 |      0.508 |    0/150  
		  105/1000 | 0.002500   |    4.29241   |    4.55339   |      0.532 |      0.508 |    1/150  
		  106/1000 | 0.002500   |    3.27059   |    4.59524   |      0.641 |      0.499 |    2/150  
		  107/1000 | 0.002500   |    4.84617   |    4.60609   |      0.468 |      0.497 |    3/150  
		  108/1000 | 0.002500   |    5.29468   |    4.67600   |      0.581 |      0.481 |    4/150  
		  109/1000 | 0.002500   |    3.98458   |    4.69807   |      0.529 |      0.476 |    5/150  
		  110/1000 | 0.002500   |    6.38200   |    4.72136   |      0.507 |      0.471 |    6/150  
		  111/1000 | 0.002500   |    5.29162   |    4.80887   |      0.474 |      0.451 |    7/150  
		  112/1000 | 0.002500   |    5.13663   |    4.76623   |      0.631 |      0.461 |    8/150  
		  113/1000 | 0.002500   |    5.38383   |    4.80790   |      0.516 |      0.452 |    9/150  
		  114/1000 | 0.002500   |    3.98036   |    4.79838   |      0.514 |      0.454 |   10/150  
		  115/1000 | 0.002500   |    3.43161   |    4.76431   |      0.659 |      0.461 |   11/150  
		  116/1000 | 0.002500   |    4.32036   |    4.74501   |      0.496 |      0.466 |   12/150  
		  117/1000 | 0.002500   |    3.74505   |    4.69347   |      0.631 |      0.477 |   13/150  
		  118/1000 | 0.002500   |    4.86667   |    4.73993   |      0.512 |      0.467 |   14/150  
		  119/1000 | 0.001250   |    3.05910   |    4.71877   |      0.646 |      0.472 |   15/150  
		  120/1000 | 0.001250   |    3.70160   |    4.71999   |      0.603 |      0.471 |   16/150  
		  121/1000 | 0.001250   |    3.63721   |    4.65409   |      0.525 |      0.486 |   17/150  
		  122/1000 | 0.001250   |    6.90569   |    4.83706   |      0.520 |      0.445 |   18/150  
		  123/1000 | 0.001250   |    4.73469   |    4.93960   |      0.550 |      0.421 |   19/150  
		  124/1000 | 0.001250   |    5.86612   |    5.06108   |      0.609 |      0.392 |   20/150  
		  125/1000 | 0.001250   |    5.74651   |    5.15894   |      0.514 |      0.369 |   21/150  
		  126/1000 | 0.001250   |    5.22024   |    5.08561   |      0.597 |      0.386 |   22/150  
		  127/1000 | 0.001250   |    3.43518   |    5.11805   |      0.604 |      0.379 |   23/150  
		  128/1000 | 0.001250   |    4.30178   |    4.91282   |      0.577 |      0.427 |   24/150  
		  129/1000 | 0.001250   |    4.00713   |    4.75456   |      0.554 |      0.464 |   25/150  
		  130/1000 | 0.001250   |    5.29741   |    4.58885   |      0.497 |      0.500 |   26/150  
		  131/1000 | 0.001250   |    4.61990   |    4.56582   |      0.609 |      0.505 |   27/150  
		  132/1000 | 0.001250   |    4.09937   |    4.57353   |      0.639 |      0.504 |   28/150  
		  133/1000 | 0.001250   |    4.10296   |    4.70313   |      0.492 |      0.475 |   29/150  
		  134/1000 | 0.001250   |    6.29852   |    4.85270   |      0.469 |      0.441 |   30/150  
		  135/1000 | 0.000625   |    3.56770   |    4.71802   |      0.549 |      0.472 |   31/150  
		  136/1000 | 0.000625   |    5.25278   |    4.77491   |      0.553 |      0.459 |   32/150  
		  137/1000 | 0.000625   |    4.09648   |    4.72205   |      0.607 |      0.471 |   33/150  
		  138/1000 | 0.000625   |    5.35787   |    4.73707   |      0.595 |      0.468 |   34/150  
		  139/1000 | 0.000625   |    5.18732   |    4.81666   |      0.453 |      0.450 |   35/150  
		  140/1000 | 0.000625   |    4.52067   |    4.84932   |      0.628 |      0.442 |   36/150  
		  141/1000 | 0.000625   |    6.01494   |    4.77212   |      0.545 |      0.460 |   37/150  
		  142/1000 | 0.000625   |    5.40042   |    4.65822   |      0.472 |      0.485 |   38/150  
		  143/1000 | 0.000625   |    7.21632   |    4.53056   |      0.437 |      0.513 |   39/150  
		                                          ╚══> ✅ SAVED (RMSE: 4.5306)
		  144/1000 | 0.000625   |    5.71386   |    4.59185   |      0.509 |      0.500 |    0/150  
		  145/1000 | 0.000625   |    4.15522   |    4.50735   |      0.540 |      0.518 |    1/150  
		                                          ╚══> ✅ SAVED (RMSE: 4.5074)
		  146/1000 | 0.000625   |    4.97294   |    4.53075   |      0.507 |      0.513 |    0/150  
		  147/1000 | 0.000625   |    3.83256   |    4.57784   |      0.553 |      0.503 |    1/150  
		  148/1000 | 0.000625   |    5.60280   |    4.64605   |      0.565 |      0.488 |    2/150  
		  149/1000 | 0.000625   |    6.87679   |    4.82855   |      0.556 |      0.447 |    3/150  
		  150/1000 | 0.000625   |    4.77253   |    4.76101   |      0.562 |      0.462 |    4/150  
		  151/1000 | 0.000625   |    5.06131   |    4.81888   |      0.525 |      0.449 |    5/150  
		  152/1000 | 0.000625   |    4.33931   |    4.71562   |      0.607 |      0.472 |    6/150  
		  153/1000 | 0.000625   |    4.39390   |    4.64508   |      0.615 |      0.488 |    7/150  
		  154/1000 | 0.000625   |    5.39076   |    4.60143   |      0.494 |      0.498 |    8/150  
		  155/1000 | 0.000625   |    4.09946   |    4.57748   |      0.606 |      0.503 |    9/150  
		  156/1000 | 0.000625   |    5.10764   |    4.56951   |      0.534 |      0.505 |   10/150  
		  157/1000 | 0.000625   |    4.56512   |    4.50484   |      0.564 |      0.519 |   11/150  
		                                          ╚══> ✅ SAVED (RMSE: 4.5048)
		  158/1000 | 0.000625   |    4.26317   |    4.50746   |      0.606 |      0.518 |    0/150  
		  159/1000 | 0.000625   |    6.01004   |    4.46062   |      0.562 |      0.528 |    1/150  
		                                          ╚══> ✅ SAVED (RMSE: 4.4606)
		  160/1000 | 0.000625   |    4.94932   |    4.52774   |      0.551 |      0.514 |    0/150  
		  161/1000 | 0.000625   |    5.04293   |    4.63212   |      0.497 |      0.491 |    1/150  
		  162/1000 | 0.000625   |    4.88634   |    4.65146   |      0.588 |      0.487 |    2/150  
		  163/1000 | 0.000625   |    3.70568   |    4.53156   |      0.544 |      0.513 |    3/150  
		  164/1000 | 0.000625   |    3.42062   |    4.57556   |      0.677 |      0.503 |    4/150  
		  165/1000 | 0.000625   |    3.96494   |    4.62207   |      0.483 |      0.493 |    5/150  
		  166/1000 | 0.000625   |    4.09911   |    4.60521   |      0.479 |      0.497 |    6/150  
		  167/1000 | 0.000625   |    4.07821   |    4.63402   |      0.569 |      0.491 |    7/150  
		  168/1000 | 0.000625   |    4.25873   |    4.69416   |      0.515 |      0.477 |    8/150  
		  169/1000 | 0.000625   |    5.27723   |    4.69089   |      0.505 |      0.478 |    9/150  
		  170/1000 | 0.000625   |    3.30571   |    4.61045   |      0.652 |      0.496 |   10/150  
		  171/1000 | 0.000625   |    5.24240   |    4.71398   |      0.613 |      0.473 |   11/150  
		  172/1000 | 0.000625   |    3.82769   |    4.77735   |      0.568 |      0.459 |   12/150  
		  173/1000 | 0.000625   |    4.04061   |    4.69457   |      0.574 |      0.477 |   13/150  
		  174/1000 | 0.000625   |    5.26333   |    4.54548   |      0.573 |      0.510 |   14/150  
		  175/1000 | 0.000313   |    4.63700   |    4.66300   |      0.614 |      0.484 |   15/150  
		  176/1000 | 0.000313   |    3.36642   |    4.68126   |      0.537 |      0.480 |   16/150  
		  177/1000 | 0.000313   |    4.09747   |    4.61939   |      0.563 |      0.494 |   17/150  
		  178/1000 | 0.000313   |    4.64612   |    4.63879   |      0.479 |      0.489 |   18/150  
		  179/1000 | 0.000313   |    4.02512   |    4.70811   |      0.574 |      0.474 |   19/150  
		  180/1000 | 0.000313   |    5.80530   |    4.66379   |      0.562 |      0.484 |   20/150  
		  181/1000 | 0.000313   |    5.26322   |    4.63991   |      0.559 |      0.489 |   21/150  
		  182/1000 | 0.000313   |    4.81537   |    4.66383   |      0.547 |      0.484 |   22/150  
		  183/1000 | 0.000313   |    5.71567   |    4.77142   |      0.506 |      0.460 |   23/150  
		  184/1000 | 0.000313   |    5.81978   |    4.77902   |      0.602 |      0.458 |   24/150  
		  185/1000 | 0.000313   |    5.09151   |    4.75853   |      0.569 |      0.463 |   25/150  
		  186/1000 | 0.000313   |    5.02345   |    4.74496   |      0.439 |      0.466 |   26/150  
		  187/1000 | 0.000313   |    4.85514   |    4.80534   |      0.605 |      0.452 |   27/150  
		  188/1000 | 0.000313   |    5.57684   |    4.92532   |      0.495 |      0.424 |   28/150  
		  189/1000 | 0.000313   |    3.77688   |    4.87280   |      0.611 |      0.437 |   29/150  
		  190/1000 | 0.000313   |    4.28033   |    4.75976   |      0.552 |      0.462 |   30/150  
		  191/1000 | 0.000156   |    6.87252   |    4.92753   |      0.501 |      0.424 |   31/150  
		  192/1000 | 0.000156   |    5.19682   |    4.98036   |      0.640 |      0.412 |   32/150  
		  193/1000 | 0.000156   |    4.77863   |    4.85175   |      0.540 |      0.442 |   33/150  
		  194/1000 | 0.000156   |    5.04133   |    4.95047   |      0.596 |      0.419 |   34/150  
		  195/1000 | 0.000156   |    5.10955   |    4.95795   |      0.563 |      0.417 |   35/150  
		  196/1000 | 0.000156   |    4.71913   |    4.90750   |      0.581 |      0.429 |   36/150  
		  197/1000 | 0.000156   |    4.28924   |    4.94626   |      0.616 |      0.420 |   37/150  
		  198/1000 | 0.000156   |    5.54245   |    5.00686   |      0.542 |      0.405 |   38/150  
		  199/1000 | 0.000156   |    5.43189   |    5.01058   |      0.610 |      0.404 |   39/150  
		  200/1000 | 0.000156   |    4.31508   |    4.91634   |      0.551 |      0.427 |   40/150  
		  201/1000 | 0.000156   |    3.21402   |    4.88121   |      0.598 |      0.435 |   41/150  
		  202/1000 | 0.000156   |    6.65434   |    4.89030   |      0.521 |      0.433 |   42/150  
		  203/1000 | 0.000156   |    5.92733   |    4.87904   |      0.547 |      0.435 |   43/150  
		  204/1000 | 0.000156   |    4.80175   |    4.92448   |      0.619 |      0.425 |   44/150  
		  205/1000 | 0.000156   |    4.66884   |    4.91879   |      0.590 |      0.426 |   45/150  
		  206/1000 | 0.000156   |    5.40056   |    4.88292   |      0.565 |      0.434 |   46/150  
		  207/1000 | 0.000078   |    3.94602   |    4.77181   |      0.563 |      0.460 |   47/150  
		  208/1000 | 0.000078   |    4.95947   |    4.86138   |      0.610 |      0.439 |   48/150  
		  209/1000 | 0.000078   |    4.78477   |    4.68859   |      0.534 |      0.478 |   49/150  
		  210/1000 | 0.000078   |    4.78046   |    4.68969   |      0.527 |      0.478 |   50/150  
		  211/1000 | 0.000078   |    4.54000   |    4.73203   |      0.546 |      0.469 |   51/150  
		  212/1000 | 0.000078   |    3.88477   |    4.62682   |      0.507 |      0.492 |   52/150  
		  213/1000 | 0.000078   |    4.15637   |    4.55866   |      0.585 |      0.507 |   53/150  
		  214/1000 | 0.000078   |    4.43399   |    4.60967   |      0.558 |      0.496 |   54/150  
		  215/1000 | 0.000078   |    4.15454   |    4.65963   |      0.589 |      0.485 |   55/150  
		  216/1000 | 0.000078   |    6.27884   |    4.73129   |      0.610 |      0.469 |   56/150  
		  217/1000 | 0.000078   |    4.30109   |    4.64170   |      0.610 |      0.489 |   57/150  
		  218/1000 | 0.000078   |    3.41058   |    4.76600   |      0.551 |      0.461 |   58/150  
		  219/1000 | 0.000078   |    3.93085   |    4.67708   |      0.589 |      0.481 |   59/150  
		  220/1000 | 0.000078   |    3.38247   |    4.72456   |      0.573 |      0.470 |   60/150  
		  221/1000 | 0.000078   |    4.08430   |    4.79835   |      0.614 |      0.454 |   61/150  
		  222/1000 | 0.000078   |    4.04072   |    4.75636   |      0.655 |      0.463 |   62/150  
		  223/1000 | 0.000039   |    5.60902   |    4.72099   |      0.598 |      0.471 |   63/150  
		  224/1000 | 0.000039   |    3.85020   |    4.76980   |      0.619 |      0.460 |   64/150  
		  225/1000 | 0.000039   |    4.63864   |    4.74548   |      0.529 |      0.466 |   65/150  
		  226/1000 | 0.000039   |    4.90903   |    4.78494   |      0.533 |      0.457 |   66/150  
		  227/1000 | 0.000039   |    3.82565   |    4.83781   |      0.478 |      0.445 |   67/150  
		  228/1000 | 0.000039   |    6.81263   |    4.91727   |      0.584 |      0.426 |   68/150  
		  229/1000 | 0.000039   |    3.86022   |    4.81451   |      0.599 |      0.450 |   69/150  
		  230/1000 | 0.000039   |    5.20582   |    4.75071   |      0.552 |      0.465 |   70/150  
		  231/1000 | 0.000039   |    3.09487   |    4.78545   |      0.637 |      0.457 |   71/150  
		  232/1000 | 0.000039   |    4.18593   |    4.76106   |      0.533 |      0.462 |   72/150  
		  233/1000 | 0.000039   |    4.38583   |    4.76693   |      0.615 |      0.461 |   73/150  
		  234/1000 | 0.000039   |    5.50417   |    4.80120   |      0.561 |      0.453 |   74/150  
		  235/1000 | 0.000039   |    6.03951   |    4.88094   |      0.556 |      0.435 |   75/150  
		  236/1000 | 0.000039   |    4.93000   |    4.88096   |      0.564 |      0.435 |   76/150  
		  237/1000 | 0.000039   |    3.69148   |    4.91841   |      0.531 |      0.426 |   77/150  
		  238/1000 | 0.000039   |    7.52301   |    5.07448   |      0.484 |      0.389 |   78/150  
		  239/1000 | 0.000020   |    4.68434   |    5.05558   |      0.627 |      0.394 |   79/150  
		  240/1000 | 0.000020   |    3.25487   |    4.96564   |      0.680 |      0.415 |   80/150  
		  241/1000 | 0.000020   |    3.29098   |    4.96319   |      0.606 |      0.416 |   81/150  
		  242/1000 | 0.000020   |    4.52839   |    4.92994   |      0.578 |      0.423 |   82/150  
		  243/1000 | 0.000020   |    3.04224   |    4.76688   |      0.595 |      0.461 |   83/150  
		  244/1000 | 0.000020   |    4.81039   |    4.69477   |      0.543 |      0.477 |   84/150  
		  245/1000 | 0.000020   |    4.98934   |    4.72237   |      0.482 |      0.471 |   85/150  
		  246/1000 | 0.000020   |    3.33209   |    4.75390   |      0.585 |      0.464 |   86/150  
		  247/1000 | 0.000020   |    4.03617   |    4.82553   |      0.521 |      0.448 |   87/150  
		  248/1000 | 0.000020   |    4.46583   |    4.79145   |      0.479 |      0.455 |   88/150  
		  249/1000 | 0.000020   |    3.47839   |    4.84601   |      0.647 |      0.443 |   89/150  
		  250/1000 | 0.000020   |    4.48545   |    4.84260   |      0.518 |      0.444 |   90/150  
		  251/1000 | 0.000020   |    3.54168   |    4.81067   |      0.598 |      0.451 |   91/150  
		  252/1000 | 0.000020   |    4.50720   |    4.85954   |      0.634 |      0.440 |   92/150  
		  253/1000 | 0.000020   |    3.37382   |    4.84676   |      0.626 |      0.443 |   93/150  
		  254/1000 | 0.000020   |    4.67084   |    4.71840   |      0.566 |      0.472 |   94/150  
		  255/1000 | 0.000010   |    6.87562   |    4.80347   |      0.557 |      0.453 |   95/150  
		  256/1000 | 0.000010   |    5.16937   |    4.75736   |      0.576 |      0.463 |   96/150  
		  257/1000 | 0.000010   |    5.18162   |    4.75414   |      0.602 |      0.464 |   97/150  
		  258/1000 | 0.000010   |    4.19914   |    4.75910   |      0.522 |      0.463 |   98/150  
		  259/1000 | 0.000010   |    5.05640   |    4.79921   |      0.530 |      0.454 |   99/150  
		  260/1000 | 0.000010   |    5.63815   |    4.74760   |      0.486 |      0.465 |  100/150  
		  261/1000 | 0.000010   |    3.76527   |    4.68974   |      0.599 |      0.478 |  101/150  
		  262/1000 | 0.000010   |    3.86143   |    4.72874   |      0.544 |      0.469 |  102/150  
		  263/1000 | 0.000010   |    4.43934   |    4.73713   |      0.535 |      0.468 |  103/150  
		  264/1000 | 0.000010   |    4.56094   |    4.69110   |      0.522 |      0.478 |  104/150  
		  265/1000 | 0.000010   |    4.41916   |    4.70234   |      0.484 |      0.475 |  105/150  
		  266/1000 | 0.000010   |    3.19787   |    4.70725   |      0.637 |      0.474 |  106/150  
		  267/1000 | 0.000010   |    4.74831   |    4.79353   |      0.590 |      0.455 |  107/150  
		  268/1000 | 0.000010   |    5.44728   |    4.76299   |      0.362 |      0.462 |  108/150  
		  269/1000 | 0.000010   |    4.33224   |    4.66952   |      0.609 |      0.483 |  109/150  
		  270/1000 | 0.000010   |    4.45363   |    4.62192   |      0.586 |      0.493 |  110/150  
		  271/1000 | 0.000005   |    5.29359   |    4.72272   |      0.542 |      0.471 |  111/150  
		  272/1000 | 0.000005   |    4.94499   |    4.70526   |      0.567 |      0.475 |  112/150  
		  273/1000 | 0.000005   |    3.99105   |    4.61839   |      0.584 |      0.494 |  113/150  
		  274/1000 | 0.000005   |    4.00875   |    4.66749   |      0.616 |      0.483 |  114/150  
		  275/1000 | 0.000005   |    4.83642   |    4.74253   |      0.562 |      0.466 |  115/150  
		  276/1000 | 0.000005   |    4.90529   |    4.63238   |      0.600 |      0.491 |  116/150  
		  277/1000 | 0.000005   |    4.11236   |    4.60082   |      0.508 |      0.498 |  117/150  
		  278/1000 | 0.000005   |    4.63727   |    4.69199   |      0.574 |      0.478 |  118/150  
		  279/1000 | 0.000005   |    3.92562   |    4.74201   |      0.582 |      0.466 |  119/150  
		  280/1000 | 0.000005   |    3.41432   |    4.81070   |      0.664 |      0.451 |  120/150  
		  281/1000 | 0.000005   |    3.50250   |    4.71041   |      0.619 |      0.474 |  121/150  
		  282/1000 | 0.000005   |    4.09284   |    4.63394   |      0.657 |      0.491 |  122/150  
		  283/1000 | 0.000005   |    4.88148   |    4.62748   |      0.600 |      0.492 |  123/150  
		  284/1000 | 0.000005   |    4.59606   |    4.70154   |      0.634 |      0.476 |  124/150  
		  285/1000 | 0.000005   |    4.34370   |    4.66594   |      0.561 |      0.483 |  125/150  
		  286/1000 | 0.000005   |    4.30057   |    4.69361   |      0.592 |      0.477 |  126/150  
		  287/1000 | 0.000002   |    5.27162   |    4.77199   |      0.590 |      0.460 |  127/150  
		  288/1000 | 0.000002   |    4.87267   |    4.67347   |      0.625 |      0.482 |  128/150  
		  289/1000 | 0.000002   |    3.39005   |    4.62353   |      0.611 |      0.493 |  129/150  
		  290/1000 | 0.000002   |    4.75076   |    4.66646   |      0.607 |      0.483 |  130/150  
		  291/1000 | 0.000002   |    3.91939   |    4.75720   |      0.671 |      0.463 |  131/150  
		  292/1000 | 0.000002   |    4.31229   |    4.73658   |      0.528 |      0.468 |  132/150  
		  293/1000 | 0.000002   |    3.48185   |    4.77116   |      0.626 |      0.460 |  133/150  
		  294/1000 | 0.000002   |    6.11289   |    4.77350   |      0.520 |      0.459 |  134/150  
		  295/1000 | 0.000002   |    7.57446   |    4.90380   |      0.551 |      0.429 |  135/150  
		  296/1000 | 0.000002   |    3.61095   |    4.90131   |      0.623 |      0.430 |  136/150  
		  297/1000 | 0.000002   |    4.32328   |    4.70388   |      0.599 |      0.475 |  137/150  
		  298/1000 | 0.000002   |    3.15842   |    4.62880   |      0.569 |      0.492 |  138/150  
		  299/1000 | 0.000002   |    5.15172   |    4.68876   |      0.602 |      0.478 |  139/150  
		  300/1000 | 0.000002   |    5.87180   |    4.74121   |      0.540 |      0.467 |  140/150  
		  301/1000 | 0.000002   |    5.24203   |    4.86300   |      0.503 |      0.439 |  141/150  
		  302/1000 | 0.000002   |    5.05544   |    4.92062   |      0.682 |      0.426 |  142/150  
		  303/1000 | 0.000001   |    4.97174   |    4.77226   |      0.639 |      0.460 |  143/150  
		  304/1000 | 0.000001   |    4.83578   |    4.77137   |      0.643 |      0.460 |  144/150  
		  305/1000 | 0.000001   |    4.48470   |    4.90868   |      0.585 |      0.428 |  145/150  
		  306/1000 | 0.000001   |    4.47792   |    4.92584   |      0.609 |      0.424 |  146/150  
		  307/1000 | 0.000001   |    3.25796   |    4.86592   |      0.646 |      0.438 |  147/150  
		  308/1000 | 0.000001   |    4.17944   |    4.74389   |      0.578 |      0.466 |  148/150  
		  309/1000 | 0.000001   |    7.44266   |    4.87429   |      0.508 |      0.436 |  149/150  

		Early stopping triggered.
		[INFO] Case 1 completed.

	3.2 Training Case 2...
		=== Training Log Started: 2025-11-29 15:23:02.390533 ===
		Run Name: STAFV2_27_CASE2
		Device: cuda
		Epochs: 1000, Batch Size: 128, LR: 0.01
		============================================================
		[INFO] Unique quantized indices: 24205
		[INFO] Suggested num_embeddings: 29046
		[INFO] Processed 1549 valid samples.
		[INFO] Saved merged dataset: ./data/training_results/merged_windowed_dataset_STAFV2_27_CASE2.csv  (shape: (1549, 429))
		[INFO] Saved feature metadata: ./data/training_results/feature_info_STAFV2_27_CASE2.json
		[INFO] Dataset split: 1239 train, 310 val
		[INFO] Scalers fitted and saved.

		✅ Model initialized with 38122 params.
		============================================================
		--------------------------------------------------------------------------------------------
		  Epoch    |     LR     |  Train RMSE  |   Val RMSE   |  Train R²  |   Val R²   |  Patience 
		--------------------------------------------------------------------------------------------
		    1/1000 | 0.010000   |   10.03474   |    8.91028   |     -1.460 |     -1.052 |    0/150  
		    2/1000 | 0.010000   |    9.48574   |    8.48218   |     -1.219 |     -0.860 |    0/150  
		    3/1000 | 0.010000   |    8.90708   |    8.13767   |     -0.949 |     -0.709 |    0/150  
		    4/1000 | 0.010000   |    8.26883   |    7.95722   |     -0.687 |     -0.627 |    0/150  
		    5/1000 | 0.010000   |    7.53866   |    7.56991   |     -0.396 |     -0.465 |    0/150  
		    6/1000 | 0.010000   |    6.92635   |    6.74402   |     -0.184 |     -0.134 |    0/150  
		    7/1000 | 0.010000   |    6.21460   |    5.46995   |      0.047 |      0.261 |    0/150  
		    8/1000 | 0.010000   |    5.64598   |    5.38627   |      0.218 |      0.298 |    0/150  
		    9/1000 | 0.010000   |    5.41185   |    5.25379   |      0.285 |      0.336 |    0/150  
		   10/1000 | 0.010000   |    5.29219   |    5.19851   |      0.313 |      0.352 |    0/150  
		   11/1000 | 0.010000   |    5.20128   |    5.02789   |      0.339 |      0.392 |    0/150  
		   12/1000 | 0.010000   |    5.23742   |    5.15326   |      0.328 |      0.370 |    0/150  
		   13/1000 | 0.010000   |    5.15392   |    5.06228   |      0.351 |      0.377 |    1/150  
		   14/1000 | 0.010000   |    5.02216   |    4.99794   |      0.381 |      0.397 |    2/150  
		   15/1000 | 0.010000   |    5.06754   |    5.21610   |      0.376 |      0.347 |    0/150  
		   16/1000 | 0.010000   |    4.93475   |    5.05887   |      0.400 |      0.378 |    1/150  
		   17/1000 | 0.010000   |    5.08784   |    5.11903   |      0.362 |      0.374 |    2/150  
		   18/1000 | 0.010000   |    5.04544   |    5.17064   |      0.375 |      0.361 |    3/150  
		   19/1000 | 0.010000   |    4.79682   |    4.96023   |      0.436 |      0.409 |    4/150  
		                                          ╚══> ✅ SAVED (RMSE: 4.9602)
		   20/1000 | 0.010000   |    4.86598   |    4.88075   |      0.419 |      0.427 |    0/150  
		                                          ╚══> ✅ SAVED (RMSE: 4.8808)
		   21/1000 | 0.010000   |    4.80552   |    4.93986   |      0.431 |      0.399 |    0/150  
		   22/1000 | 0.010000   |    4.82943   |    5.00378   |      0.427 |      0.395 |    1/150  
		   23/1000 | 0.010000   |    4.67920   |    4.96285   |      0.461 |      0.397 |    2/150  
		   24/1000 | 0.010000   |    4.56646   |    4.92962   |      0.488 |      0.410 |    3/150  
		   25/1000 | 0.010000   |    4.53057   |    4.95260   |      0.499 |      0.406 |    4/150  
		   26/1000 | 0.010000   |    4.55062   |    4.97415   |      0.492 |      0.403 |    5/150  
		   27/1000 | 0.010000   |    4.42645   |    4.95077   |      0.520 |      0.407 |    6/150  
		   28/1000 | 0.010000   |    4.47163   |    4.92683   |      0.516 |      0.414 |    7/150  
		   29/1000 | 0.010000   |    4.22652   |    4.96150   |      0.562 |      0.403 |    8/150  
		   30/1000 | 0.010000   |    4.25366   |    4.92422   |      0.555 |      0.409 |    9/150  
		   31/1000 | 0.010000   |    4.32961   |    4.96730   |      0.539 |      0.403 |   10/150  
		   32/1000 | 0.010000   |    4.11214   |    4.89458   |      0.588 |      0.414 |   11/150  
		   33/1000 | 0.010000   |    4.33990   |    5.00714   |      0.539 |      0.401 |   12/150  
		   34/1000 | 0.010000   |    4.28018   |    4.89270   |      0.549 |      0.410 |   13/150  
		   35/1000 | 0.010000   |    4.06214   |    5.08850   |      0.598 |      0.390 |   14/150  
		   36/1000 | 0.005000   |    4.16839   |    4.94841   |      0.573 |      0.404 |   15/150  
		   37/1000 | 0.005000   |    3.95833   |    5.06341   |      0.612 |      0.392 |   16/150  
		   38/1000 | 0.005000   |    3.95803   |    4.91228   |      0.619 |      0.417 |   17/150  
		   39/1000 | 0.005000   |    4.11299   |    5.04528   |      0.582 |      0.391 |   18/150  
		   40/1000 | 0.005000   |    3.82637   |    5.04728   |      0.645 |      0.384 |   19/150  
		   41/1000 | 0.005000   |    3.83647   |    5.04256   |      0.637 |      0.387 |   20/150  
		   42/1000 | 0.005000   |    3.98652   |    5.03277   |      0.613 |      0.385 |   21/150  
		   43/1000 | 0.005000   |    3.87153   |    5.15390   |      0.633 |      0.362 |   22/150  
		   44/1000 | 0.005000   |    3.91639   |    5.08652   |      0.626 |      0.378 |   23/150  
		   45/1000 | 0.005000   |    3.92482   |    5.04337   |      0.624 |      0.383 |   24/150  
		   46/1000 | 0.005000   |    3.79953   |    5.05823   |      0.651 |      0.385 |   25/150  
		   47/1000 | 0.005000   |    3.69109   |    4.98139   |      0.674 |      0.401 |   26/150  
		   48/1000 | 0.005000   |    3.68662   |    4.99572   |      0.666 |      0.397 |   27/150  
		   49/1000 | 0.005000   |    3.77206   |    4.96581   |      0.652 |      0.401 |   28/150  
		   50/1000 | 0.005000   |    3.71383   |    4.90325   |      0.661 |      0.417 |   29/150  
		   51/1000 | 0.005000   |    3.70528   |    4.99457   |      0.663 |      0.395 |   30/150  
		   52/1000 | 0.002500   |    3.69022   |    5.00335   |      0.670 |      0.393 |   31/150  
		   53/1000 | 0.002500   |    3.74489   |    4.95993   |      0.660 |      0.401 |   32/150  
		   54/1000 | 0.002500   |    3.50119   |    4.98787   |      0.698 |      0.397 |   33/150  
		   55/1000 | 0.002500   |    3.55489   |    4.98888   |      0.691 |      0.397 |   34/150  
		   56/1000 | 0.002500   |    3.59347   |    4.97088   |      0.683 |      0.400 |   35/150  
		   57/1000 | 0.002500   |    3.48648   |    4.99240   |      0.703 |      0.398 |   36/150  
		   58/1000 | 0.002500   |    3.46675   |    5.01190   |      0.704 |      0.394 |   37/150  
		   59/1000 | 0.002500   |    3.50469   |    5.00425   |      0.700 |      0.395 |   38/150  
		   60/1000 | 0.002500   |    3.46754   |    4.99105   |      0.704 |      0.395 |   39/150  
		   61/1000 | 0.002500   |    3.52357   |    4.97650   |      0.696 |      0.398 |   40/150  
		   62/1000 | 0.002500   |    3.53818   |    5.04789   |      0.694 |      0.385 |   41/150  
		   63/1000 | 0.002500   |    3.40616   |    5.01289   |      0.714 |      0.395 |   42/150  
		   64/1000 | 0.002500   |    3.58878   |    4.98825   |      0.686 |      0.397 |   43/150  
		   65/1000 | 0.002500   |    3.37865   |    4.98265   |      0.721 |      0.400 |   44/150  
		   66/1000 | 0.002500   |    3.47857   |    5.00103   |      0.704 |      0.396 |   45/150  
		   67/1000 | 0.002500   |    3.48914   |    5.00689   |      0.702 |      0.389 |   46/150  
		   68/1000 | 0.001250   |    3.54017   |    4.99163   |      0.692 |      0.395 |   47/150  
		   69/1000 | 0.001250   |    3.50740   |    5.03300   |      0.700 |      0.388 |   48/150  
		   70/1000 | 0.001250   |    3.45848   |    5.04290   |      0.710 |      0.386 |   49/150  
		   71/1000 | 0.001250   |    3.43734   |    5.01791   |      0.713 |      0.391 |   50/150  
		   72/1000 | 0.001250   |    3.43360   |    4.99819   |      0.713 |      0.395 |   51/150  
		   73/1000 | 0.001250   |    3.39788   |    5.00758   |      0.719 |      0.392 |   52/150  
		   74/1000 | 0.001250   |    3.36824   |    5.00953   |      0.721 |      0.391 |   53/150  
		   75/1000 | 0.001250   |    3.41616   |    5.00609   |      0.713 |      0.392 |   54/150  
		   76/1000 | 0.001250   |    3.45805   |    5.02467   |      0.705 |      0.388 |   55/150  
		   77/1000 | 0.001250   |    3.45480   |    5.04042   |      0.711 |      0.385 |   56/150  
		   78/1000 | 0.001250   |    3.35057   |    5.00835   |      0.726 |      0.391 |   57/150  
		   79/1000 | 0.001250   |    3.44624   |    5.01629   |      0.707 |      0.388 |   58/150  
		   80/1000 | 0.001250   |    3.43408   |    5.03034   |      0.712 |      0.384 |   59/150  
		   81/1000 | 0.001250   |    3.41571   |    5.03987   |      0.713 |      0.382 |   60/150  
		   82/1000 | 0.001250   |    3.35438   |    5.04360   |      0.724 |      0.383 |   61/150  
		   83/1000 | 0.001250   |    3.42450   |    5.04972   |      0.713 |      0.380 |   62/150  
		   84/1000 | 0.000625   |    3.51242   |    5.01202   |      0.699 |      0.385 |   63/150  
		   85/1000 | 0.000625   |    3.27498   |    5.01261   |      0.737 |      0.384 |   64/150  
		   86/1000 | 0.000625   |    3.39120   |    5.01603   |      0.719 |      0.385 |   65/150  
		   87/1000 | 0.000625   |    3.28143   |    5.02600   |      0.735 |      0.383 |   66/150  
		   88/1000 | 0.000625   |    3.53037   |    5.03115   |      0.696 |      0.380 |   67/150  
		   89/1000 | 0.000625   |    3.33413   |    5.01125   |      0.726 |      0.383 |   68/150  
		   90/1000 | 0.000625   |    3.34018   |    4.99967   |      0.726 |      0.387 |   69/150  
		   91/1000 | 0.000625   |    3.40114   |    5.00238   |      0.720 |      0.387 |   70/150  
		   92/1000 | 0.000625   |    3.48741   |    4.99999   |      0.705 |      0.386 |   71/150  
		   93/1000 | 0.000625   |    3.23818   |    5.00100   |      0.743 |      0.385 |   72/150  
		   94/1000 | 0.000625   |    3.28695   |    5.02926   |      0.736 |      0.380 |   73/150  
		   95/1000 | 0.000625   |    3.48958   |    5.01921   |      0.701 |      0.383 |   74/150  
		   96/1000 | 0.000625   |    3.43350   |    5.02489   |      0.715 |      0.382 |   75/150  
		   97/1000 | 0.000625   |    3.33216   |    5.01944   |      0.728 |      0.382 |   76/150  
		   98/1000 | 0.000625   |    3.23439   |    5.03679   |      0.745 |      0.378 |   77/150  
		   99/1000 | 0.000625   |    3.26917   |    5.04137   |      0.738 |      0.378 |   78/150  
		  100/1000 | 0.000313   |    3.29291   |    5.03757   |      0.735 |      0.379 |   79/150  
		  101/1000 | 0.000313   |    3.25990   |    5.04326   |      0.740 |      0.380 |   80/150  
		  102/1000 | 0.000313   |    3.25651   |    5.04514   |      0.741 |      0.379 |   81/150  
		  103/1000 | 0.000313   |    3.30617   |    5.06987   |      0.731 |      0.374 |   82/150  
		  104/1000 | 0.000313   |    3.26903   |    5.05129   |      0.738 |      0.377 |   83/150  
		  105/1000 | 0.000313   |    3.26119   |    5.06626   |      0.740 |      0.374 |   84/150  
		  106/1000 | 0.000313   |    3.20851   |    5.05720   |      0.745 |      0.377 |   85/150  
		  107/1000 | 0.000313   |    3.50894   |    5.06020   |      0.701 |      0.376 |   86/150  
		  108/1000 | 0.000313   |    3.29502   |    5.03496   |      0.733 |      0.382 |   87/150  
		  109/1000 | 0.000313   |    3.29021   |    5.04156   |      0.738 |      0.380 |   88/150  
		  110/1000 | 0.000313   |    3.32226   |    5.03441   |      0.729 |      0.382 |   89/150  
		  111/1000 | 0.000313   |    3.33110   |    5.02868   |      0.729 |      0.383 |   90/150  
		  112/1000 | 0.000313   |    3.30123   |    5.03220   |      0.732 |      0.382 |   91/150  
		  113/1000 | 0.000313   |    3.23512   |    5.04485   |      0.744 |      0.380 |   92/150  
		  114/1000 | 0.000313   |    3.28556   |    5.03503   |      0.738 |      0.381 |   93/150  
		  115/1000 | 0.000313   |    3.34703   |    5.03713   |      0.727 |      0.381 |   94/150  
		  116/1000 | 0.000156   |    3.24705   |    5.03717   |      0.743 |      0.381 |   95/150  
		  117/1000 | 0.000156   |    3.29019   |    5.03798   |      0.735 |      0.381 |   96/150  
		  118/1000 | 0.000156   |    3.35530   |    5.03514   |      0.724 |      0.381 |   97/150  
		  119/1000 | 0.000156   |    3.15785   |    5.03875   |      0.755 |      0.380 |   98/150  
		  120/1000 | 0.000156   |    3.17053   |    5.04329   |      0.752 |      0.379 |   99/150  
		  121/1000 | 0.000156   |    3.29767   |    5.05111   |      0.734 |      0.378 |  100/150  
		  122/1000 | 0.000156   |    3.24981   |    5.05127   |      0.740 |      0.378 |  101/150  
		  123/1000 | 0.000156   |    3.25285   |    5.03947   |      0.740 |      0.380 |  102/150  
		  124/1000 | 0.000156   |    3.39636   |    5.03243   |      0.717 |      0.382 |  103/150  
		  125/1000 | 0.000156   |    3.29636   |    5.03888   |      0.733 |      0.380 |  104/150  
		  126/1000 | 0.000156   |    3.26564   |    5.04105   |      0.741 |      0.380 |  105/150  
		  127/1000 | 0.000156   |    3.32106   |    5.03639   |      0.728 |      0.381 |  106/150  
		  128/1000 | 0.000156   |    3.24480   |    5.02977   |      0.742 |      0.383 |  107/150  
		  129/1000 | 0.000156   |    3.41535   |    5.02452   |      0.715 |      0.383 |  108/150  
		  130/1000 | 0.000156   |    3.28496   |    5.02724   |      0.735 |      0.382 |  109/150  
		  131/1000 | 0.000156   |    3.35811   |    5.02592   |      0.723 |      0.382 |  110/150  
		  132/1000 | 0.000078   |    3.33087   |    5.04394   |      0.727 |      0.379 |  111/150  
		  133/1000 | 0.000078   |    3.36191   |    5.04193   |      0.725 |      0.379 |  112/150  
		  134/1000 | 0.000078   |    3.30785   |    5.04553   |      0.732 |      0.378 |  113/150  
		  135/1000 | 0.000078   |    3.22669   |    5.02758   |      0.744 |      0.382 |  114/150  
		  136/1000 | 0.000078   |    3.22329   |    5.04176   |      0.746 |      0.379 |  115/150  
		  137/1000 | 0.000078   |    3.35628   |    5.04399   |      0.722 |      0.379 |  116/150  
		  138/1000 | 0.000078   |    3.42737   |    5.03022   |      0.715 |      0.381 |  117/150  
		  139/1000 | 0.000078   |    3.19390   |    5.04711   |      0.750 |      0.377 |  118/150  
		  140/1000 | 0.000078   |    3.19414   |    5.03169   |      0.754 |      0.380 |  119/150  
		  141/1000 | 0.000078   |    3.31561   |    5.03989   |      0.732 |      0.380 |  120/150  
		  142/1000 | 0.000078   |    3.24546   |    5.04517   |      0.739 |      0.378 |  121/150  
		  143/1000 | 0.000078   |    3.34197   |    5.03822   |      0.726 |      0.380 |  122/150  
		  144/1000 | 0.000078   |    3.28640   |    5.03577   |      0.736 |      0.380 |  123/150  
		  145/1000 | 0.000078   |    3.20706   |    5.03752   |      0.748 |      0.380 |  124/150  
		  146/1000 | 0.000078   |    3.34947   |    5.04443   |      0.726 |      0.378 |  125/150  
		  147/1000 | 0.000078   |    3.34604   |    5.03607   |      0.725 |      0.379 |  126/150  
		  148/1000 | 0.000039   |    3.33790   |    5.03774   |      0.730 |      0.379 |  127/150  
		  149/1000 | 0.000039   |    3.32558   |    5.03026   |      0.733 |      0.381 |  128/150  
		  150/1000 | 0.000039   |    3.37829   |    5.02332   |      0.722 |      0.382 |  129/150  
		  151/1000 | 0.000039   |    3.25771   |    5.03081   |      0.736 |      0.381 |  130/150  
		  152/1000 | 0.000039   |    3.32311   |    5.03098   |      0.727 |      0.381 |  131/150  
		  153/1000 | 0.000039   |    3.25530   |    5.04421   |      0.741 |      0.379 |  132/150  
		  154/1000 | 0.000039   |    3.36854   |    5.03281   |      0.722 |      0.381 |  133/150  
		  155/1000 | 0.000039   |    3.37951   |    5.02263   |      0.724 |      0.382 |  134/150  
		  156/1000 | 0.000039   |    3.31794   |    5.02312   |      0.730 |      0.382 |  135/150  
		  157/1000 | 0.000039   |    3.30676   |    5.03849   |      0.732 |      0.379 |  136/150  
		  158/1000 | 0.000039   |    3.20678   |    5.02194   |      0.749 |      0.383 |  137/150  
		  159/1000 | 0.000039   |    3.27853   |    5.02057   |      0.736 |      0.384 |  138/150  
		  160/1000 | 0.000039   |    3.23443   |    5.03247   |      0.743 |      0.381 |  139/150  
		  161/1000 | 0.000039   |    3.27887   |    5.03422   |      0.738 |      0.380 |  140/150  
		  162/1000 | 0.000039   |    3.31991   |    5.03738   |      0.732 |      0.379 |  141/150  
		  163/1000 | 0.000039   |    3.30108   |    5.03315   |      0.735 |      0.381 |  142/150  
		  164/1000 | 0.000020   |    3.25368   |    5.02926   |      0.742 |      0.381 |  143/150  
		  165/1000 | 0.000020   |    3.31150   |    5.01639   |      0.732 |      0.384 |  144/150  
		  166/1000 | 0.000020   |    3.37715   |    5.03540   |      0.721 |      0.380 |  145/150  
		  167/1000 | 0.000020   |    3.36377   |    5.01965   |      0.721 |      0.384 |  146/150  
		  168/1000 | 0.000020   |    3.25332   |    5.02814   |      0.740 |      0.381 |  147/150  
		  169/1000 | 0.000020   |    3.30946   |    5.02400   |      0.733 |      0.381 |  148/150  
		  170/1000 | 0.000020   |    3.27632   |    5.02233   |      0.738 |      0.383 |  149/150  

		Early stopping triggered.
		[INFO] Case 2 completed.

	3.3 Training Case 3...
		=== Training Log Started: 2025-11-29 15:26:55.074701 ===
		Run Name: STAFV2_27_CASE3
		Device: cuda
		Epochs: 1000, Batch Size: 128, LR: 0.01
		============================================================
		[INFO] Unique quantized indices: 36561
		[INFO] Suggested num_embeddings: 43873
		[INFO] Processed 3549 valid samples.
		[INFO] Saved merged dataset: ./data/training_results/merged_windowed_dataset_STAFV2_27_CASE3.csv  (shape: (3549, 429))
		[INFO] Saved feature metadata: ./data/training_results/feature_info_STAFV2_27_CASE3.json
		[INFO] Dataset split: 2839 train, 710 val
		[INFO] Scalers fitted and saved.

		✅ Model initialized with 38122 params.
		============================================================
		--------------------------------------------------------------------------------------------
		  Epoch    |     LR     |  Train RMSE  |   Val RMSE   |  Train R²  |   Val R²   |  Patience 
		--------------------------------------------------------------------------------------------
		    1/1000 | 0.010000   |    9.45686   |    9.04471   |     -1.223 |     -0.962 |    0/150  
		    2/1000 | 0.010000   |    8.11681   |    8.35008   |     -0.663 |     -0.673 |    0/150  
		    3/1000 | 0.010000   |    6.79307   |    6.76225   |     -0.150 |     -0.094 |    0/150  
		    4/1000 | 0.010000   |    5.77570   |    5.16739   |      0.166 |      0.362 |    0/150  
		    5/1000 | 0.010000   |    5.55997   |    5.15410   |      0.222 |      0.359 |    0/150  
		    6/1000 | 0.010000   |    5.40475   |    4.96290   |      0.257 |      0.410 |    0/150  
		                                          ╚══> ✅ SAVED (RMSE: 4.9629)
		    7/1000 | 0.010000   |    5.24236   |    4.93233   |      0.328 |      0.418 |    0/150  
		                                          ╚══> ✅ SAVED (RMSE: 4.9323)
		    8/1000 | 0.010000   |    5.18751   |    5.00529   |      0.335 |      0.399 |    0/150  
		    9/1000 | 0.010000   |    5.07159   |    4.85333   |      0.356 |      0.436 |    1/150  
		                                          ╚══> ✅ SAVED (RMSE: 4.8533)
		   10/1000 | 0.010000   |    5.11819   |    4.87801   |      0.339 |      0.430 |    0/150  
		   11/1000 | 0.010000   |    4.99622   |    4.84283   |      0.372 |      0.436 |    1/150  
		                                          ╚══> ✅ SAVED (RMSE: 4.8428)
		   12/1000 | 0.010000   |    5.04193   |    4.76875   |      0.379 |      0.452 |    0/150  
		                                          ╚══> ✅ SAVED (RMSE: 4.7687)
		   13/1000 | 0.010000   |    4.94161   |    4.74169   |      0.403 |      0.459 |    0/150  
		                                          ╚══> ✅ SAVED (RMSE: 4.7417)
		   14/1000 | 0.010000   |    4.85960   |    4.76798   |      0.418 |      0.453 |    0/150  
		   15/1000 | 0.010000   |    4.76665   |    4.71801   |      0.440 |      0.463 |    1/150  
		                                          ╚══> ✅ SAVED (RMSE: 4.7180)
		   16/1000 | 0.010000   |    4.79444   |    4.79662   |      0.428 |      0.446 |    0/150  
		   17/1000 | 0.010000   |    4.69487   |    4.74646   |      0.446 |      0.457 |    1/150  
		   18/1000 | 0.010000   |    4.74480   |    4.72932   |      0.447 |      0.462 |    2/150  
		   19/1000 | 0.010000   |    4.63591   |    4.72284   |      0.460 |      0.463 |    3/150  
		   20/1000 | 0.010000   |    4.76456   |    4.74488   |      0.448 |      0.457 |    4/150  
		   21/1000 | 0.010000   |    4.64667   |    4.67306   |      0.451 |      0.472 |    5/150  
		                                          ╚══> ✅ SAVED (RMSE: 4.6731)
		   22/1000 | 0.010000   |    4.65278   |    4.63612   |      0.467 |      0.480 |    0/150  
		                                          ╚══> ✅ SAVED (RMSE: 4.6361)
		   23/1000 | 0.010000   |    4.56391   |    4.72448   |      0.478 |      0.462 |    0/150  
		   24/1000 | 0.010000   |    4.43991   |    4.66960   |      0.507 |      0.472 |    1/150  
		   25/1000 | 0.010000   |    4.56023   |    4.65543   |      0.484 |      0.477 |    2/150  
		   26/1000 | 0.010000   |    4.45606   |    4.61418   |      0.506 |      0.487 |    3/150  
		                                          ╚══> ✅ SAVED (RMSE: 4.6142)
		   27/1000 | 0.010000   |    4.41261   |    4.55678   |      0.518 |      0.498 |    0/150  
		                                          ╚══> ✅ SAVED (RMSE: 4.5568)
		   28/1000 | 0.010000   |    4.41352   |    4.52718   |      0.524 |      0.505 |    0/150  
		                                          ╚══> ✅ SAVED (RMSE: 4.5272)
		   29/1000 | 0.010000   |    4.40818   |    4.60909   |      0.519 |      0.486 |    0/150  
		   30/1000 | 0.010000   |    4.27021   |    4.59988   |      0.540 |      0.489 |    1/150  
		   31/1000 | 0.010000   |    4.38647   |    4.63604   |      0.536 |      0.482 |    2/150  
		   32/1000 | 0.010000   |    4.33279   |    4.59528   |      0.538 |      0.490 |    3/150  
		   33/1000 | 0.010000   |    4.31866   |    4.61239   |      0.535 |      0.486 |    4/150  
		   34/1000 | 0.010000   |    4.28695   |    4.59578   |      0.546 |      0.490 |    5/150  
		   35/1000 | 0.010000   |    4.23428   |    4.61346   |      0.551 |      0.488 |    6/150  
		   36/1000 | 0.010000   |    4.16351   |    4.57927   |      0.563 |      0.492 |    7/150  
		   37/1000 | 0.010000   |    4.27999   |    4.59356   |      0.551 |      0.489 |    8/150  
		   38/1000 | 0.010000   |    4.13080   |    4.69635   |      0.569 |      0.465 |    9/150  
		   39/1000 | 0.010000   |    4.27822   |    4.59014   |      0.549 |      0.491 |   10/150  
		   40/1000 | 0.010000   |    4.20522   |    4.58405   |      0.571 |      0.494 |   11/150  
		   41/1000 | 0.010000   |    4.16063   |    4.63654   |      0.566 |      0.482 |   12/150  
		   42/1000 | 0.010000   |    4.25943   |    4.65872   |      0.561 |      0.475 |   13/150  
		   43/1000 | 0.010000   |    4.26168   |    4.68819   |      0.555 |      0.466 |   14/150  
		   44/1000 | 0.005000   |    4.20523   |    4.61885   |      0.560 |      0.482 |   15/150  
		   45/1000 | 0.005000   |    4.12854   |    4.57721   |      0.578 |      0.492 |   16/150  
		   46/1000 | 0.005000   |    4.05360   |    4.58763   |      0.592 |      0.490 |   17/150  
		   47/1000 | 0.005000   |    4.11450   |    4.64078   |      0.583 |      0.477 |   18/150  
		   48/1000 | 0.005000   |    3.96922   |    4.59827   |      0.607 |      0.487 |   19/150  
		   49/1000 | 0.005000   |    3.98731   |    4.67076   |      0.621 |      0.469 |   20/150  
		   50/1000 | 0.005000   |    4.05048   |    4.68699   |      0.592 |      0.465 |   21/150  
		   51/1000 | 0.005000   |    4.01976   |    4.56116   |      0.601 |      0.495 |   22/150  
		   52/1000 | 0.005000   |    4.00054   |    4.66782   |      0.598 |      0.471 |   23/150  
		   53/1000 | 0.005000   |    3.95682   |    4.65285   |      0.612 |      0.474 |   24/150  
		   54/1000 | 0.005000   |    3.89035   |    4.63225   |      0.622 |      0.480 |   25/150  
		   55/1000 | 0.005000   |    3.93769   |    4.65407   |      0.620 |      0.473 |   26/150  
		   56/1000 | 0.005000   |    3.91151   |    4.61000   |      0.630 |      0.484 |   27/150  
		   57/1000 | 0.005000   |    3.88664   |    4.66223   |      0.627 |      0.474 |   28/150  
		   58/1000 | 0.005000   |    3.94292   |    4.64461   |      0.611 |      0.477 |   29/150  
		   59/1000 | 0.005000   |    3.92472   |    4.61305   |      0.633 |      0.484 |   30/150  
		   60/1000 | 0.002500   |    3.91114   |    4.60794   |      0.626 |      0.487 |   31/150  
		   61/1000 | 0.002500   |    3.87613   |    4.61841   |      0.630 |      0.483 |   32/150  
		   62/1000 | 0.002500   |    3.88721   |    4.67780   |      0.633 |      0.469 |   33/150  
		   63/1000 | 0.002500   |    3.89721   |    4.64514   |      0.631 |      0.478 |   34/150  
		   64/1000 | 0.002500   |    3.76023   |    4.61859   |      0.646 |      0.485 |   35/150  
		   65/1000 | 0.002500   |    3.75929   |    4.64579   |      0.654 |      0.477 |   36/150  
		   66/1000 | 0.002500   |    3.80813   |    4.66711   |      0.637 |      0.472 |   37/150  
		   67/1000 | 0.002500   |    3.77628   |    4.66890   |      0.642 |      0.471 |   38/150  
		   68/1000 | 0.002500   |    3.69042   |    4.67110   |      0.655 |      0.470 |   39/150  
		   69/1000 | 0.002500   |    3.89716   |    4.70571   |      0.641 |      0.463 |   40/150  
		   70/1000 | 0.002500   |    3.73530   |    4.71955   |      0.651 |      0.460 |   41/150  
		   71/1000 | 0.002500   |    3.72482   |    4.69314   |      0.651 |      0.465 |   42/150  
		   72/1000 | 0.002500   |    3.69389   |    4.70090   |      0.661 |      0.463 |   43/150  
		   73/1000 | 0.002500   |    3.74428   |    4.67500   |      0.659 |      0.470 |   44/150  
		   74/1000 | 0.002500   |    3.82182   |    4.69736   |      0.638 |      0.463 |   45/150  
		   75/1000 | 0.002500   |    3.77494   |    4.69788   |      0.663 |      0.464 |   46/150  
		   76/1000 | 0.001250   |    3.77788   |    4.74176   |      0.642 |      0.454 |   47/150  
		   77/1000 | 0.001250   |    3.68498   |    4.70639   |      0.660 |      0.462 |   48/150  
		   78/1000 | 0.001250   |    3.67962   |    4.71754   |      0.665 |      0.459 |   49/150  
		   79/1000 | 0.001250   |    3.75970   |    4.69295   |      0.655 |      0.465 |   50/150  
		   80/1000 | 0.001250   |    3.61431   |    4.72844   |      0.674 |      0.456 |   51/150  
		   81/1000 | 0.001250   |    3.87164   |    4.71247   |      0.644 |      0.460 |   52/150  
		   82/1000 | 0.001250   |    3.63061   |    4.69066   |      0.666 |      0.465 |   53/150  
		   83/1000 | 0.001250   |    3.65298   |    4.70802   |      0.667 |      0.460 |   54/150  
		   84/1000 | 0.001250   |    3.75526   |    4.71047   |      0.665 |      0.460 |   55/150  
		   85/1000 | 0.001250   |    3.79001   |    4.72256   |      0.650 |      0.457 |   56/150  
		   86/1000 | 0.001250   |    3.64141   |    4.72955   |      0.666 |      0.456 |   57/150  
		   87/1000 | 0.001250   |    3.83502   |    4.72419   |      0.638 |      0.458 |   58/150  
		   88/1000 | 0.001250   |    3.73489   |    4.78968   |      0.668 |      0.443 |   59/150  
		   89/1000 | 0.001250   |    3.84494   |    4.73460   |      0.650 |      0.455 |   60/150  
		   90/1000 | 0.001250   |    3.69851   |    4.70732   |      0.658 |      0.462 |   61/150  
		   91/1000 | 0.001250   |    3.63151   |    4.69243   |      0.668 |      0.464 |   62/150  
		   92/1000 | 0.000625   |    3.74565   |    4.71974   |      0.658 |      0.458 |   63/150  
		   93/1000 | 0.000625   |    3.64359   |    4.69128   |      0.675 |      0.465 |   64/150  
		   94/1000 | 0.000625   |    3.61753   |    4.68917   |      0.671 |      0.466 |   65/150  
		   95/1000 | 0.000625   |    3.68427   |    4.72427   |      0.665 |      0.458 |   66/150  
		   96/1000 | 0.000625   |    3.67269   |    4.72643   |      0.664 |      0.457 |   67/150  
		   97/1000 | 0.000625   |    3.81415   |    4.71550   |      0.643 |      0.459 |   68/150  
		   98/1000 | 0.000625   |    3.64509   |    4.69893   |      0.680 |      0.463 |   69/150  
		   99/1000 | 0.000625   |    3.63020   |    4.70911   |      0.674 |      0.461 |   70/150  
		  100/1000 | 0.000625   |    3.61548   |    4.70986   |      0.676 |      0.461 |   71/150  
		  101/1000 | 0.000625   |    3.66904   |    4.70190   |      0.669 |      0.462 |   72/150  
		  102/1000 | 0.000625   |    3.63339   |    4.67832   |      0.672 |      0.468 |   73/150  
		  103/1000 | 0.000625   |    3.59714   |    4.70484   |      0.685 |      0.461 |   74/150  
		  104/1000 | 0.000625   |    3.63732   |    4.70975   |      0.679 |      0.460 |   75/150  
		  105/1000 | 0.000625   |    3.65673   |    4.71389   |      0.672 |      0.459 |   76/150  
		  106/1000 | 0.000625   |    3.72493   |    4.73163   |      0.667 |      0.455 |   77/150  
		  107/1000 | 0.000625   |    3.66719   |    4.71196   |      0.663 |      0.460 |   78/150  
		  108/1000 | 0.000313   |    3.64654   |    4.71200   |      0.669 |      0.460 |   79/150  
		  109/1000 | 0.000313   |    3.64822   |    4.73365   |      0.668 |      0.455 |   80/150  
		  110/1000 | 0.000313   |    3.53970   |    4.68921   |      0.690 |      0.466 |   81/150  
		  111/1000 | 0.000313   |    3.66898   |    4.70545   |      0.681 |      0.462 |   82/150  
		  112/1000 | 0.000313   |    3.61585   |    4.71681   |      0.674 |      0.459 |   83/150  
		  113/1000 | 0.000313   |    3.65807   |    4.70365   |      0.668 |      0.462 |   84/150  
		  114/1000 | 0.000313   |    3.71042   |    4.72186   |      0.668 |      0.458 |   85/150  
		  115/1000 | 0.000313   |    3.56693   |    4.71164   |      0.685 |      0.460 |   86/150  
		  116/1000 | 0.000313   |    3.59253   |    4.71652   |      0.684 |      0.458 |   87/150  
		  117/1000 | 0.000313   |    3.57590   |    4.71942   |      0.689 |      0.457 |   88/150  
		  118/1000 | 0.000313   |    3.61217   |    4.70419   |      0.681 |      0.462 |   89/150  
		  119/1000 | 0.000313   |    3.56973   |    4.72769   |      0.679 |      0.456 |   90/150  
		  120/1000 | 0.000313   |    3.59072   |    4.72857   |      0.677 |      0.456 |   91/150  
		  121/1000 | 0.000313   |    3.63782   |    4.73445   |      0.685 |      0.455 |   92/150  
		  122/1000 | 0.000313   |    3.62434   |    4.72602   |      0.669 |      0.457 |   93/150  
		  123/1000 | 0.000313   |    3.62851   |    4.72025   |      0.667 |      0.458 |   94/150  
		  124/1000 | 0.000156   |    3.71529   |    4.71437   |      0.656 |      0.459 |   95/150  
		  125/1000 | 0.000156   |    3.55218   |    4.73171   |      0.681 |      0.455 |   96/150  
		  126/1000 | 0.000156   |    3.71364   |    4.74288   |      0.665 |      0.453 |   97/150  
		  127/1000 | 0.000156   |    3.63508   |    4.73872   |      0.674 |      0.454 |   98/150  
		  128/1000 | 0.000156   |    3.64802   |    4.72143   |      0.669 |      0.458 |   99/150  
		  129/1000 | 0.000156   |    3.69472   |    4.74558   |      0.668 |      0.452 |  100/150  
		  130/1000 | 0.000156   |    3.75365   |    4.72542   |      0.663 |      0.457 |  101/150  
		  131/1000 | 0.000156   |    3.61978   |    4.73983   |      0.671 |      0.453 |  102/150  
		  132/1000 | 0.000156   |    3.55229   |    4.73433   |      0.688 |      0.454 |  103/150  
		  133/1000 | 0.000156   |    3.60650   |    4.72074   |      0.678 |      0.458 |  104/150  
		  134/1000 | 0.000156   |    3.68000   |    4.70745   |      0.662 |      0.461 |  105/150  
		  135/1000 | 0.000156   |    3.58945   |    4.73305   |      0.679 |      0.455 |  106/150  
		  136/1000 | 0.000156   |    3.60421   |    4.73030   |      0.676 |      0.456 |  107/150  
		  137/1000 | 0.000156   |    3.62752   |    4.71897   |      0.677 |      0.458 |  108/150  
		  138/1000 | 0.000156   |    3.62382   |    4.71876   |      0.678 |      0.458 |  109/150  
		  139/1000 | 0.000156   |    3.62004   |    4.72344   |      0.678 |      0.457 |  110/150  
		  140/1000 | 0.000078   |    3.70377   |    4.72604   |      0.675 |      0.457 |  111/150  
		  141/1000 | 0.000078   |    3.59176   |    4.71208   |      0.681 |      0.459 |  112/150  
		  142/1000 | 0.000078   |    3.61105   |    4.72429   |      0.683 |      0.457 |  113/150  
		  143/1000 | 0.000078   |    3.55025   |    4.69754   |      0.687 |      0.464 |  114/150  
		  144/1000 | 0.000078   |    3.55529   |    4.72070   |      0.689 |      0.457 |  115/150  
		  145/1000 | 0.000078   |    3.60632   |    4.71022   |      0.678 |      0.461 |  116/150  
		  146/1000 | 0.000078   |    3.70093   |    4.73382   |      0.670 |      0.455 |  117/150  
		  147/1000 | 0.000078   |    3.58449   |    4.72075   |      0.682 |      0.458 |  118/150  
		  148/1000 | 0.000078   |    3.53760   |    4.71407   |      0.688 |      0.459 |  119/150  
		  149/1000 | 0.000078   |    3.67551   |    4.71821   |      0.662 |      0.459 |  120/150  
		  150/1000 | 0.000078   |    3.67643   |    4.71793   |      0.680 |      0.459 |  121/150  
		  151/1000 | 0.000078   |    3.70550   |    4.74180   |      0.662 |      0.453 |  122/150  
		  152/1000 | 0.000078   |    3.56445   |    4.72441   |      0.683 |      0.456 |  123/150  
		  153/1000 | 0.000078   |    3.73674   |    4.71081   |      0.660 |      0.460 |  124/150  
		  154/1000 | 0.000078   |    3.61707   |    4.71101   |      0.676 |      0.460 |  125/150  
		  155/1000 | 0.000078   |    3.59414   |    4.72080   |      0.673 |      0.458 |  126/150  
		  156/1000 | 0.000039   |    3.51146   |    4.73041   |      0.699 |      0.456 |  127/150  
		  157/1000 | 0.000039   |    3.64186   |    4.72755   |      0.675 |      0.456 |  128/150  
		  158/1000 | 0.000039   |    3.48264   |    4.72852   |      0.697 |      0.456 |  129/150  
		  159/1000 | 0.000039   |    3.56401   |    4.70496   |      0.687 |      0.462 |  130/150  
		  160/1000 | 0.000039   |    3.66199   |    4.73175   |      0.668 |      0.456 |  131/150  
		  161/1000 | 0.000039   |    3.60341   |    4.72453   |      0.674 |      0.457 |  132/150  
		  162/1000 | 0.000039   |    3.60391   |    4.71998   |      0.678 |      0.458 |  133/150  
		  163/1000 | 0.000039   |    3.59577   |    4.74452   |      0.685 |      0.452 |  134/150  
		  164/1000 | 0.000039   |    3.48250   |    4.71206   |      0.696 |      0.460 |  135/150  
		  165/1000 | 0.000039   |    3.64924   |    4.71599   |      0.672 |      0.459 |  136/150  
		  166/1000 | 0.000039   |    3.54317   |    4.72079   |      0.687 |      0.457 |  137/150  
		  167/1000 | 0.000039   |    3.61368   |    4.72858   |      0.673 |      0.456 |  138/150  
		  168/1000 | 0.000039   |    3.66091   |    4.71616   |      0.674 |      0.459 |  139/150  
		  169/1000 | 0.000039   |    3.64904   |    4.71532   |      0.669 |      0.459 |  140/150  
		  170/1000 | 0.000039   |    3.58442   |    4.70408   |      0.688 |      0.462 |  141/150  
		  171/1000 | 0.000039   |    3.67013   |    4.73252   |      0.677 |      0.455 |  142/150  
		  172/1000 | 0.000020   |    3.59700   |    4.71319   |      0.685 |      0.459 |  143/150  
		  173/1000 | 0.000020   |    3.78602   |    4.72528   |      0.648 |      0.457 |  144/150  
		  174/1000 | 0.000020   |    3.61493   |    4.73222   |      0.683 |      0.455 |  145/150  
		  175/1000 | 0.000020   |    3.54174   |    4.73349   |      0.697 |      0.455 |  146/150  
		  176/1000 | 0.000020   |    3.67253   |    4.74468   |      0.668 |      0.452 |  147/150  
		  177/1000 | 0.000020   |    3.58940   |    4.73606   |      0.682 |      0.454 |  148/150  
		  178/1000 | 0.000020   |    3.66433   |    4.71418   |      0.668 |      0.459 |  149/150  

		Early stopping triggered.
		[INFO] Case 3 completed.
