Traceback (most recent call last):
  File "/home/lisa4090/Documents/GitHub/V2B_Optimization_with_AI_on_BSS/main.py", line 59, in <module>
    main()
    ~~~~^^
  File "/home/lisa4090/Documents/GitHub/V2B_Optimization_with_AI_on_BSS/main.py", line 38, in main
    train()
    ~~~~~^^
  File "/home/lisa4090/Documents/GitHub/V2B_Optimization_with_AI_on_BSS/supervised_learning/training.py", line 84, in train
    merge_and_process(
    ~~~~~~~~~~~~~~~~~^
        sequence_length=24,
        ^^^^^^^^^^^^^^^^^^^
    ...<5 lines>...
        feature_info_name=FEATURE_INFO
        ^^^^^^^^^^^^^^^^^^^^^^^^^^^^^^
    )
    ^
  File "/home/lisa4090/Documents/GitHub/V2B_Optimization_with_AI_on_BSS/supervised_learning/dataloader/preprocess.py", line 23, in merge_and_process
    battery_schedule = np.load(os.path.join(DATA_PROCESSED_DIR, f"battery_schedule_{tolerance}nan_window{window_size}.npy"))  # availability schedule
  File "/home/lisa4090/anaconda3/envs/AIonBSS/lib/python3.13/site-packages/numpy/lib/_npyio_impl.py", line 451, in load
    fid = stack.enter_context(open(os.fspath(file), "rb"))
                              ~~~~^^^^^^^^^^^^^^^^^^^^^^^
FileNotFoundError: [Errno 2] No such file or directory: '/home/lisa4090/Documents/GitHub/V2B_Optimization_with_AI_on_BSS/data/processed/battery_schedule_5nan_window48.npy'
Crash diagnostics ON


==================================================
PART 1: Data preprocess for 2023-01-01 00:00:00 to 2024-09-30 23:00:00...
==================================================

	1.1 Preprocessing radiation data...
		[INFO] Radiation data already exists at './data/timeseries/radiation_data.csv'

	1.2 Preprocessing temperature data...
		[INFO] Temperature data already exists at './data/timeseries/temperature_data.csv'

	1.3 Preprocessing building data...
		[INFO] Building data already exists at './data/timeseries/building_data.csv'

	1.4 Preprocessing electricity cost data...
		[INFO] Electricity cost data already exists at './data/timeseries/electricitycostG2B_data.csv' and './data/timeseries/electricitycostG2V_data.csv'

	1.5 Preprocessing battery demand series data...
		[INFO] Found existing battery data at './data/battery_demand/tol25/resample_full.csv' and './data/battery_demand/tol25/resample_train.csv'

		[INFO] Number of series for clean windows = (168, 37)
		[INFO] Number of eligible series for Case 2 = (1377, 37)
		[INFO] Number of seeds ready for Case 3  = (2000, 36)

		[INFO] Case 1 exists — loaded battery demand from './data/battery_demand/tol25/case1_real_only/battery_demand.npy' with shape (168, 37).
		[INFO] Case 2 exists — loaded battery demand from './data/battery_demand/tol25/case2_nan_filled/battery_demand.npy' with shape (1545, 37).
		[INFO] Case 3 exists — loaded battery demand from './data/battery_demand/tol25/case3_extended_generated/battery_demand.npy' with shape (3545, 37).

	1.6 Generating battery schedule...
		[INFO] Case 1 exists — loaded from './data/battery_demand/tol25/case1_real_only/battery_availability.npy' and './data/battery_demand/tol25/case1_real_only/battery_details.npy' shape (168, 263, 36) and (4, 168, 263)
		[INFO] Case 2 exists — loaded from './data/battery_demand/tol25/case2_nan_filled/battery_availability.npy' and './data/battery_demand/tol25/case2_nan_filled/battery_details.npy' shape (1545, 311, 36) and (4, 1545, 311)
		[INFO] Case 3 exists — loaded from './data/battery_demand/tol25/case3_extended_generated/battery_availability.npy' and './data/battery_demand/tol25/case3_extended_generated/battery_details.npy' shape (3545, 422, 36) and (4, 3545, 422)


==================================================
PART 2: MILP Optimization...
==================================================

	2.1 Optimizing Case 1...
		[INFO] Loaded 168 samples from './data/battery_demand/tol25/case1_real_only'
		[INFO] Results already exist at './data/optimization_results/tol25/case1_real_only/optimization/V2B.npy'. Skipping optimization run.
		[INFO] Results already exist at './data/optimization_results/tol25/case1_real_only/immediate_charging/V2B.npy'. Skipping immediate_charging run.
		[INFO] Case 1 completed.

	2.2 Optimizing Case 2...
		[INFO] Loaded 1545 samples from './data/battery_demand/tol25/case2_nan_filled'
		[INFO] Results already exist at './data/optimization_results/tol25/case2_nan_filled/optimization/V2B.npy'. Skipping optimization run.
		[INFO] Results already exist at './data/optimization_results/tol25/case2_nan_filled/immediate_charging/V2B.npy'. Skipping immediate_charging run.
		[INFO] Case 2 completed.

	2.3 Optimizing Case 3...
		[INFO] Loaded 3545 samples from './data/battery_demand/tol25/case3_extended_generated'
		[INFO] Results already exist at './data/optimization_results/tol25/case3_extended_generated/optimization/V2B.npy'. Skipping optimization run.
		[INFO] Results already exist at './data/optimization_results/tol25/case3_extended_generated/immediate_charging/V2B.npy'. Skipping immediate_charging run.
		[INFO] Case 3 completed.


==================================================
PART 3: Supervised Learning...
==================================================
