Crash diagnostics ON


==================================================
PART 1: Data preprocess for 2023-01-01 00:00:00 to 2024-09-30 23:00:00...
==================================================

	1.1 Preprocessing radiation data...
		[INFO] Radiation data already exists at './data/timeseries/radiation_data.csv'

	1.2 Preprocessing temperature data...
		[INFO] Temperature data already exists at './data/timeseries/temperature_data.csv'

	1.3 Preprocessing building data...
		[INFO] Building data already exists at './data/timeseries/building_data.csv'

	1.4 Preprocessing electricity cost data...
		[INFO] Electricity cost data already exists at './data/timeseries/electricitycostG2B_data.csv' and './data/timeseries/electricitycostG2V_data.csv'

	1.5 Preprocessing battery demand series data...
		[INFO] Found existing battery data at './data/battery_demand/tol25/resample_full.csv' and './data/battery_demand/tol25/resample_train.csv'

		[INFO] Number of series for clean windows = (168, 37)
		[INFO] Number of eligible series for Case 2 = (1377, 37)
		[INFO] Number of seeds ready for Case 3  = (2000, 36)

		[INFO] Case 1 exists — loaded battery demand from './data/battery_demand/tol25/case1_real_only/battery_demand.npy' with shape (168, 37).
		[INFO] Case 2 exists — loaded battery demand from './data/battery_demand/tol25/case2_nan_filled/battery_demand.npy' with shape (1545, 37).
		[INFO] Case 3 exists — loaded battery demand from './data/battery_demand/tol25/case3_extended_generated/battery_demand.npy' with shape (3545, 37).
		[INFO] Case 0: Successfully added test pair 2024-03-15 & 2024-03-16
		Data: [10536, 28, 30, 35, 37, 37, 36, 33, 26, 10, 6, 10, 14, 19, 18, 15, 20, 26, 15, 9, 16, 21, 20, 8, 12, 15, 24, 31, 35, 32, 35, 34, 32, 31, 30, 22, 14, 18, 27, 18, 19, 19, 25, 25, 25, 26, 27, 17, 19]
		[INFO] Case 0: Successfully added test pair 2024-03-29 & 2024-03-30
		Data: [10872, 13, 26, 31, 33, 33, 33, 31, 15, 8, 19, 11, 15, 18, 16, 18, 18, 19, 7, 4, 23, 23, 16, 17, 18, 18, 19, 24, 29, 30, 30, 22, 27, 21, 14, 15, 16, 20, 18, 23, 27, 18, 2, 10, 23, 22, 22, 17, 21]

	1.6 Generating battery schedule...
		[INFO] Case 1 exists — loaded from './data/battery_demand/tol25/case1_real_only/battery_availability.npy' and './data/battery_demand/tol25/case1_real_only/battery_details.npy' shape (168, 263, 36) and (4, 168, 263)
		[INFO] Case 2 exists — loaded from './data/battery_demand/tol25/case2_nan_filled/battery_availability.npy' and './data/battery_demand/tol25/case2_nan_filled/battery_details.npy' shape (1545, 311, 36) and (4, 1545, 311)
		[INFO] Case 3 exists — loaded from './data/battery_demand/tol25/case3_extended_generated/battery_availability.npy' and './data/battery_demand/tol25/case3_extended_generated/battery_details.npy' shape (3545, 422, 36) and (4, 3545, 422)


==================================================
PART 2: MILP Optimization...
==================================================

	2.1 Optimizing Case 1...
		[INFO] Loaded 168 samples from './data/battery_demand/tol25/case1_real_only'
		[INFO] Results already exist at './data/optimization_results/tol25/case1_real_only/optimization/V2B.npy'. Skipping optimization run.
		[INFO] Results already exist at './data/optimization_results/tol25/case1_real_only/immediate_charging/V2B.npy'. Skipping immediate_charging run.
		[INFO] Case 1 completed.

	2.2 Optimizing Case 2...
		[INFO] Loaded 1545 samples from './data/battery_demand/tol25/case2_nan_filled'
		[INFO] Results already exist at './data/optimization_results/tol25/case2_nan_filled/optimization/V2B.npy'. Skipping optimization run.
		[INFO] Results already exist at './data/optimization_results/tol25/case2_nan_filled/immediate_charging/V2B.npy'. Skipping immediate_charging run.
		[INFO] Case 2 completed.

	2.3 Optimizing Case 3...
		[INFO] Loaded 3545 samples from './data/battery_demand/tol25/case3_extended_generated'
		[INFO] Results already exist at './data/optimization_results/tol25/case3_extended_generated/optimization/V2B.npy'. Skipping optimization run.
		[INFO] Results already exist at './data/optimization_results/tol25/case3_extended_generated/immediate_charging/V2B.npy'. Skipping immediate_charging run.
		[INFO] Case 3 completed.


==================================================
PART 3: Supervised Learning...
==================================================

	3.1 Training Case 1...
		=== Training Log Started: 2025-11-28 05:20:27.441701 ===
		Run Name: STAFV2_25_CASE1
		Device: cuda
		Epochs: 50000, Batch Size: 64, LR: 0.0001
		============================================================
🔢 Unique quantized indices: 6686
✅ Suggested num_embeddings: 8023
✅ Processed 168 valid samples.
✅ Saved merged dataset: ./data/training_results/merged_windowed_dataset_STAFV2_25_CASE1.csv  (shape: (168, 429))
✅ Saved feature metadata: ./data/training_results/feature_info_STAFV2_25_CASE1.json
✅ Dataset split: 134 train, 34 val
✅ Scalers fitted and saved.

		✅ Model initialized with 785956 params.
		============================================================
		--------------------------------------------------------------------------------------------
		  Epoch    |     LR     |  Train RMSE  |   Val RMSE   |  Train R²  |   Val R²   |  Patience 
		--------------------------------------------------------------------------------------------
		    1/50000 | 0.000100   |    9.74319   |    9.44948   |     -1.136 |     -1.114 |    0/80   
		    2/50000 | 0.000100   |    9.11419   |    9.34405   |     -1.057 |     -1.067 |    0/80   
		    3/50000 | 0.000100   |    9.43029   |    9.22447   |     -0.982 |     -1.014 |    0/80   
		    4/50000 | 0.000100   |    9.09849   |    9.08289   |     -0.912 |     -0.953 |    0/80   
		    5/50000 | 0.000100   |    8.54557   |    8.94177   |     -0.821 |     -0.893 |    0/80   
		    6/50000 | 0.000100   |    7.66870   |    8.78045   |     -0.789 |     -0.825 |    0/80   
		    7/50000 | 0.000100   |    7.78687   |    8.63754   |     -0.690 |     -0.766 |    0/80   
		    8/50000 | 0.000100   |    8.10417   |    8.49109   |     -0.659 |     -0.707 |    0/80   
		    9/50000 | 0.000100   |    8.80571   |    8.36526   |     -0.585 |     -0.656 |    0/80   
		   10/50000 | 0.000100   |    7.60959   |    8.20197   |     -0.519 |     -0.592 |    0/80   
		   11/50000 | 0.000100   |    7.88230   |    8.07057   |     -0.476 |     -0.542 |    0/80   
		   12/50000 | 0.000100   |    7.28490   |    7.91794   |     -0.401 |     -0.484 |    0/80   
		   13/50000 | 0.000100   |    7.43058   |    7.76635   |     -0.335 |     -0.428 |    0/80   
		   14/50000 | 0.000100   |    7.74675   |    7.67076   |     -0.296 |     -0.393 |    0/80   
		   15/50000 | 0.000100   |    7.30378   |    7.51864   |     -0.237 |     -0.338 |    0/80   
		   16/50000 | 0.000100   |    6.45127   |    7.38702   |     -0.189 |     -0.292 |    0/80   
		   17/50000 | 0.000100   |    6.86312   |    7.29968   |     -0.144 |     -0.261 |    0/80   
		   18/50000 | 0.000100   |    6.25737   |    7.16384   |     -0.039 |     -0.215 |    0/80   
		   19/50000 | 0.000100   |    7.02142   |    7.04882   |     -0.039 |     -0.176 |    0/80   
		   20/50000 | 0.000100   |    6.55018   |    6.90682   |      0.006 |     -0.129 |    0/80   
		   21/50000 | 0.000100   |    6.94260   |    6.75934   |      0.054 |     -0.081 |    0/80   
		   22/50000 | 0.000100   |    5.91783   |    6.61547   |      0.140 |     -0.036 |    0/80   
		   23/50000 | 0.000100   |    5.83264   |    6.39944   |      0.143 |      0.031 |    0/80   
		   24/50000 | 0.000100   |    5.70784   |    6.29649   |      0.206 |      0.062 |    0/80   
		   25/50000 | 0.000100   |    5.74166   |    6.21091   |      0.209 |      0.087 |    0/80   
		   26/50000 | 0.000100   |    5.46274   |    6.10665   |      0.292 |      0.117 |    0/80   
		   27/50000 | 0.000100   |    5.28917   |    5.88718   |      0.294 |      0.180 |    0/80   
		   28/50000 | 0.000100   |    4.73465   |    5.74191   |      0.356 |      0.220 |    0/80   
		   29/50000 | 0.000100   |    5.13040   |    5.69196   |      0.389 |      0.233 |    0/80   
		   30/50000 | 0.000100   |    5.15646   |    5.66153   |      0.409 |      0.241 |    0/80   
		   31/50000 | 0.000100   |    4.57753   |    5.54834   |      0.411 |      0.271 |    0/80   
		   32/50000 | 0.000100   |    4.88334   |    5.49728   |      0.435 |      0.285 |    0/80   
		   33/50000 | 0.000100   |    4.25428   |    5.41737   |      0.483 |      0.305 |    0/80   
		   34/50000 | 0.000100   |    4.47754   |    5.33424   |      0.509 |      0.326 |    0/80   
		   35/50000 | 0.000100   |    4.60367   |    5.30180   |      0.531 |      0.335 |    0/80   
		   36/50000 | 0.000100   |    4.40731   |    5.13806   |      0.528 |      0.375 |    0/80   
		   37/50000 | 0.000100   |    4.39550   |    5.07687   |      0.538 |      0.390 |    0/80   
		   38/50000 | 0.000100   |    4.96728   |    5.06634   |      0.554 |      0.392 |    0/80   
		   39/50000 | 0.000100   |    4.24759   |    5.03196   |      0.607 |      0.401 |    0/80   
		   40/50000 | 0.000100   |    4.79555   |    4.96849   |      0.581 |      0.416 |    0/80   
		   41/50000 | 0.000100   |    4.56398   |    4.84139   |      0.575 |      0.445 |    0/80   
		   42/50000 | 0.000100   |    4.54363   |    4.83989   |      0.616 |      0.446 |    0/80   
		   43/50000 | 0.000100   |    4.04809   |    4.82827   |      0.624 |      0.448 |    0/80   
		   44/50000 | 0.000100   |    3.62279   |    4.81750   |      0.640 |      0.451 |    0/80   
		   45/50000 | 0.000100   |    3.48205   |    4.76311   |      0.674 |      0.463 |    0/80   
		   46/50000 | 0.000100   |    3.69876   |    4.70654   |      0.663 |      0.476 |    0/80   
		   47/50000 | 0.000100   |    4.31490   |    4.61108   |      0.629 |      0.497 |    0/80   
		   48/50000 | 0.000100   |    3.31910   |    4.60879   |      0.681 |      0.497 |    0/80   
		   49/50000 | 0.000100   |    4.16933   |    4.57703   |      0.682 |      0.504 |    0/80   
		   50/50000 | 0.000100   |    3.56245   |    4.56245   |      0.694 |      0.507 |    0/80   
		   51/50000 | 0.000100   |    3.77908   |    4.55113   |      0.689 |      0.510 |    0/80   
		   52/50000 | 0.000100   |    3.61506   |    4.54689   |      0.703 |      0.511 |    0/80   
		   53/50000 | 0.000100   |    4.02429   |    4.57785   |      0.697 |      0.504 |    0/80   
		   54/50000 | 0.000100   |    4.32975   |    4.56404   |      0.703 |      0.507 |    1/80   
		   55/50000 | 0.000100   |    3.72553   |    4.60286   |      0.699 |      0.499 |    2/80   
		   56/50000 | 0.000100   |    3.92710   |    4.58757   |      0.717 |      0.502 |    3/80   
		   57/50000 | 0.000100   |    2.96710   |    4.56891   |      0.732 |      0.506 |    4/80   
		   58/50000 | 0.000100   |    3.60698   |    4.59761   |      0.720 |      0.500 |    5/80   
		   59/50000 | 0.000100   |    3.06529   |    4.57451   |      0.756 |      0.505 |    6/80   
		   60/50000 | 0.000100   |    3.69904   |    4.61131   |      0.723 |      0.497 |    7/80   
		   61/50000 | 0.000100   |    3.30727   |    4.61637   |      0.752 |      0.496 |    8/80   
		   62/50000 | 0.000100   |    3.72822   |    4.66181   |      0.749 |      0.486 |    9/80   
		   63/50000 | 0.000100   |    3.77330   |    4.59250   |      0.746 |      0.501 |   10/80   
		   64/50000 | 0.000100   |    3.63600   |    4.59875   |      0.758 |      0.499 |   11/80   
		   65/50000 | 0.000100   |    3.50615   |    4.62491   |      0.744 |      0.494 |   12/80   
		   66/50000 | 0.000100   |    3.32124   |    4.61101   |      0.757 |      0.497 |   13/80   
		   67/50000 | 0.000100   |    3.73369   |    4.61649   |      0.778 |      0.496 |   14/80   
		   68/50000 | 0.000100   |    3.20225   |    4.61032   |      0.766 |      0.497 |   15/80   
		   69/50000 | 0.000100   |    3.59052   |    4.61030   |      0.776 |      0.497 |   16/80   
		   70/50000 | 0.000100   |    2.68538   |    4.60445   |      0.789 |      0.498 |   17/80   
		   71/50000 | 0.000100   |    2.73149   |    4.59335   |      0.785 |      0.501 |   18/80   
		   72/50000 | 0.000100   |    3.59025   |    4.58668   |      0.756 |      0.502 |   19/80   
		   73/50000 | 0.000080   |    3.56177   |    4.60668   |      0.813 |      0.498 |   20/80   
		   74/50000 | 0.000080   |    2.99017   |    4.58371   |      0.793 |      0.503 |   21/80   
		   75/50000 | 0.000080   |    3.17316   |    4.61098   |      0.800 |      0.497 |   22/80   
		   76/50000 | 0.000080   |    4.03383   |    4.67261   |      0.760 |      0.483 |   23/80   
		   77/50000 | 0.000080   |    2.83572   |    4.63112   |      0.811 |      0.492 |   24/80   
		   78/50000 | 0.000080   |    2.89732   |    4.63177   |      0.818 |      0.492 |   25/80   
		   79/50000 | 0.000080   |    3.29463   |    4.61606   |      0.815 |      0.496 |   26/80   
		   80/50000 | 0.000080   |    2.99765   |    4.62508   |      0.817 |      0.494 |   27/80   
		   81/50000 | 0.000080   |    2.77404   |    4.65336   |      0.829 |      0.487 |   28/80   
		   82/50000 | 0.000080   |    2.76463   |    4.66869   |      0.827 |      0.484 |   29/80   
		   83/50000 | 0.000080   |    3.51257   |    4.65216   |      0.828 |      0.488 |   30/80   
		   84/50000 | 0.000080   |    2.50941   |    4.63489   |      0.841 |      0.492 |   31/80   
		   85/50000 | 0.000080   |    3.60751   |    4.67217   |      0.823 |      0.483 |   32/80   
		   86/50000 | 0.000080   |    2.58980   |    4.67246   |      0.810 |      0.483 |   33/80   
		   87/50000 | 0.000080   |    2.44188   |    4.67442   |      0.839 |      0.483 |   34/80   
		   88/50000 | 0.000080   |    2.89103   |    4.67639   |      0.846 |      0.482 |   35/80   
		   89/50000 | 0.000080   |    2.40376   |    4.65886   |      0.845 |      0.486 |   36/80   
		   90/50000 | 0.000080   |    3.26693   |    4.71460   |      0.842 |      0.474 |   37/80   
		   91/50000 | 0.000080   |    2.52715   |    4.67463   |      0.863 |      0.483 |   38/80   
		   92/50000 | 0.000080   |    2.50600   |    4.68555   |      0.859 |      0.480 |   39/80   
		   93/50000 | 0.000080   |    2.55176   |    4.69696   |      0.866 |      0.478 |   40/80   
		   94/50000 | 0.000064   |    2.37361   |    4.71028   |      0.865 |      0.475 |   41/80   
		   95/50000 | 0.000064   |    2.65872   |    4.63962   |      0.859 |      0.490 |   42/80   
		   96/50000 | 0.000064   |    3.02828   |    4.67396   |      0.864 |      0.483 |   43/80   
		   97/50000 | 0.000064   |    2.46336   |    4.66774   |      0.866 |      0.484 |   44/80   
		   98/50000 | 0.000064   |    3.29150   |    4.71170   |      0.852 |      0.475 |   45/80   
		   99/50000 | 0.000064   |    2.11900   |    4.68600   |      0.876 |      0.480 |   46/80   
		  100/50000 | 0.000064   |    3.80918   |    4.66465   |      0.848 |      0.485 |   47/80   
		  101/50000 | 0.000064   |    2.39407   |    4.66134   |      0.868 |      0.486 |   48/80   
		  102/50000 | 0.000064   |    2.16282   |    4.66117   |      0.885 |      0.486 |   49/80   
		  103/50000 | 0.000064   |    2.58970   |    4.65002   |      0.870 |      0.488 |   50/80   
		  104/50000 | 0.000064   |    2.89825   |    4.66559   |      0.865 |      0.485 |   51/80   
		  105/50000 | 0.000064   |    2.48425   |    4.68067   |      0.876 |      0.481 |   52/80   
		  106/50000 | 0.000064   |    2.89560   |    4.64817   |      0.872 |      0.489 |   53/80   
		  107/50000 | 0.000064   |    2.35138   |    4.67205   |      0.886 |      0.483 |   54/80   
		  108/50000 | 0.000064   |    2.33706   |    4.70227   |      0.860 |      0.477 |   55/80   
		  109/50000 | 0.000064   |    2.81156   |    4.68172   |      0.873 |      0.481 |   56/80   
		  110/50000 | 0.000064   |    4.07977   |    4.74944   |      0.855 |      0.466 |   57/80   
		  111/50000 | 0.000064   |    2.41261   |    4.72887   |      0.891 |      0.471 |   58/80   
		  112/50000 | 0.000064   |    2.03738   |    4.75698   |      0.893 |      0.464 |   59/80   
		  113/50000 | 0.000064   |    2.48054   |    4.73814   |      0.873 |      0.469 |   60/80   
		  114/50000 | 0.000064   |    2.69269   |    4.70890   |      0.858 |      0.475 |   61/80   
		  115/50000 | 0.000051   |    2.96785   |    4.69801   |      0.884 |      0.478 |   62/80   
		  116/50000 | 0.000051   |    2.13684   |    4.70259   |      0.899 |      0.477 |   63/80   
		  117/50000 | 0.000051   |    3.15616   |    4.70269   |      0.884 |      0.477 |   64/80   
		  118/50000 | 0.000051   |    2.57336   |    4.69879   |      0.897 |      0.477 |   65/80   
		  119/50000 | 0.000051   |    3.00692   |    4.69489   |      0.887 |      0.478 |   66/80   
		  120/50000 | 0.000051   |    2.18229   |    4.67398   |      0.896 |      0.483 |   67/80   
		  121/50000 | 0.000051   |    2.03349   |    4.69360   |      0.888 |      0.479 |   68/80   
		  122/50000 | 0.000051   |    2.15626   |    4.70966   |      0.888 |      0.475 |   69/80   
		  123/50000 | 0.000051   |    2.27188   |    4.69828   |      0.904 |      0.478 |   70/80   
		  124/50000 | 0.000051   |    1.69000   |    4.71430   |      0.913 |      0.474 |   71/80   
		  125/50000 | 0.000051   |    2.10208   |    4.69830   |      0.898 |      0.478 |   72/80   
		  126/50000 | 0.000051   |    1.95431   |    4.67756   |      0.902 |      0.482 |   73/80   
		  127/50000 | 0.000051   |    2.11533   |    4.65747   |      0.901 |      0.487 |   74/80   
		  128/50000 | 0.000051   |    2.11069   |    4.66403   |      0.902 |      0.485 |   75/80   
		  129/50000 | 0.000051   |    2.38812   |    4.67722   |      0.900 |      0.482 |   76/80   
		  130/50000 | 0.000051   |    2.05131   |    4.66965   |      0.905 |      0.484 |   77/80   
		  131/50000 | 0.000051   |    2.30802   |    4.68948   |      0.911 |      0.479 |   78/80   
		  132/50000 | 0.000051   |    2.23352   |    4.69902   |      0.909 |      0.477 |   79/80   

		Early stopping triggered.
		[INFO] Case 1 completed.

	3.2 Training Case 2...
		=== Training Log Started: 2025-11-28 05:21:13.902009 ===
		Run Name: STAFV2_25_CASE2
		Device: cuda
		Epochs: 50000, Batch Size: 64, LR: 0.0001
		============================================================
🔢 Unique quantized indices: 24141
✅ Suggested num_embeddings: 28969
✅ Processed 1545 valid samples.
✅ Saved merged dataset: ./data/training_results/merged_windowed_dataset_STAFV2_25_CASE2.csv  (shape: (1545, 429))
✅ Saved feature metadata: ./data/training_results/feature_info_STAFV2_25_CASE2.json
✅ Dataset split: 1236 train, 309 val
✅ Scalers fitted and saved.

		✅ Model initialized with 785956 params.
		============================================================
		--------------------------------------------------------------------------------------------
		  Epoch    |     LR     |  Train RMSE  |   Val RMSE   |  Train R²  |   Val R²   |  Patience 
		--------------------------------------------------------------------------------------------
		    1/50000 | 0.000100   |    9.24013   |    8.50456   |     -1.071 |     -0.703 |    0/80   
		    2/50000 | 0.000100   |    8.00918   |    7.33381   |     -0.573 |     -0.266 |    0/80   
		    3/50000 | 0.000100   |    6.89622   |    6.28029   |     -0.164 |      0.071 |    0/80   
		    4/50000 | 0.000100   |    5.90284   |    5.52205   |      0.149 |      0.281 |    0/80   
		    5/50000 | 0.000100   |    5.16793   |    4.95659   |      0.343 |      0.418 |    0/80   
		    6/50000 | 0.000100   |    4.73310   |    4.66820   |      0.452 |      0.482 |    0/80   
		    7/50000 | 0.000100   |    4.58882   |    4.57069   |      0.497 |      0.503 |    0/80   
		    8/50000 | 0.000100   |    4.45029   |    4.48336   |      0.529 |      0.521 |    0/80   
		    9/50000 | 0.000100   |    4.24886   |    4.44500   |      0.560 |      0.529 |    0/80   
		   10/50000 | 0.000100   |    4.21842   |    4.40569   |      0.567 |      0.537 |    0/80   
		   11/50000 | 0.000100   |    4.13653   |    4.32805   |      0.592 |      0.553 |    0/80   
		   12/50000 | 0.000100   |    3.98988   |    4.30533   |      0.610 |      0.558 |    0/80   
		   13/50000 | 0.000100   |    3.96806   |    4.27026   |      0.625 |      0.565 |    0/80   
		   14/50000 | 0.000100   |    3.80710   |    4.23207   |      0.645 |      0.571 |    0/80   
		   15/50000 | 0.000100   |    3.76998   |    4.18648   |      0.652 |      0.581 |    0/80   
		   16/50000 | 0.000100   |    3.73626   |    4.18148   |      0.660 |      0.581 |    0/80   
		   17/50000 | 0.000100   |    3.69570   |    4.13391   |      0.673 |      0.591 |    0/80   
		   18/50000 | 0.000100   |    3.57095   |    4.13691   |      0.687 |      0.590 |    0/80   
		   19/50000 | 0.000100   |    3.62146   |    4.13746   |      0.682 |      0.589 |    1/80   
		   20/50000 | 0.000100   |    3.46729   |    4.09254   |      0.702 |      0.598 |    2/80   
		   21/50000 | 0.000100   |    3.43154   |    4.06045   |      0.714 |      0.604 |    0/80   
		   22/50000 | 0.000100   |    3.35684   |    4.06427   |      0.723 |      0.603 |    0/80   
		   23/50000 | 0.000100   |    3.37133   |    4.03685   |      0.724 |      0.609 |    1/80   
		   24/50000 | 0.000100   |    3.34269   |    4.01172   |      0.731 |      0.614 |    0/80   
		   25/50000 | 0.000100   |    3.28553   |    4.02524   |      0.738 |      0.611 |    0/80   
		   26/50000 | 0.000100   |    3.23682   |    4.00326   |      0.743 |      0.615 |    1/80   
		   27/50000 | 0.000100   |    3.19610   |    4.04938   |      0.754 |      0.605 |    0/80   
		   28/50000 | 0.000100   |    3.13906   |    3.99360   |      0.759 |      0.616 |    1/80   
		   29/50000 | 0.000100   |    3.16709   |    3.98565   |      0.763 |      0.619 |    0/80   
		   30/50000 | 0.000100   |    3.06700   |    4.01605   |      0.772 |      0.612 |    0/80   
		   31/50000 | 0.000100   |    3.03282   |    4.00997   |      0.780 |      0.613 |    1/80   
		   32/50000 | 0.000100   |    3.05315   |    3.99126   |      0.778 |      0.618 |    2/80   
		   33/50000 | 0.000100   |    2.89651   |    3.98509   |      0.795 |      0.618 |    3/80   
		   34/50000 | 0.000100   |    2.88320   |    3.97488   |      0.798 |      0.620 |    0/80   
		   35/50000 | 0.000100   |    2.97621   |    3.98398   |      0.789 |      0.618 |    0/80   
		   36/50000 | 0.000100   |    2.93900   |    3.99049   |      0.793 |      0.617 |    1/80   
		   37/50000 | 0.000100   |    2.95428   |    3.96314   |      0.793 |      0.623 |    2/80   
		   38/50000 | 0.000100   |    2.76126   |    4.03060   |      0.814 |      0.609 |    0/80   
		   39/50000 | 0.000100   |    2.79103   |    4.00443   |      0.809 |      0.614 |    1/80   
		   40/50000 | 0.000100   |    2.73898   |    4.01608   |      0.822 |      0.612 |    2/80   
		   41/50000 | 0.000100   |    2.73264   |    4.01589   |      0.820 |      0.612 |    3/80   
		   42/50000 | 0.000100   |    2.66083   |    4.01709   |      0.831 |      0.612 |    4/80   
		   43/50000 | 0.000100   |    2.79055   |    4.00616   |      0.815 |      0.614 |    5/80   
		   44/50000 | 0.000100   |    2.65586   |    4.06042   |      0.831 |      0.603 |    6/80   
		   45/50000 | 0.000100   |    2.55987   |    4.04013   |      0.840 |      0.607 |    7/80   
		   46/50000 | 0.000100   |    2.57737   |    4.04174   |      0.841 |      0.608 |    8/80   
		   47/50000 | 0.000100   |    2.53824   |    4.04486   |      0.851 |      0.607 |    9/80   
		   48/50000 | 0.000100   |    2.52996   |    4.06608   |      0.846 |      0.602 |   10/80   
		   49/50000 | 0.000100   |    2.45102   |    4.03918   |      0.853 |      0.608 |   11/80   
		   50/50000 | 0.000100   |    2.54715   |    4.04354   |      0.844 |      0.607 |   12/80   
		   51/50000 | 0.000100   |    2.45241   |    4.03502   |      0.853 |      0.608 |   13/80   
		   52/50000 | 0.000100   |    2.49168   |    4.07898   |      0.848 |      0.600 |   14/80   
		   53/50000 | 0.000100   |    2.37688   |    4.09518   |      0.863 |      0.597 |   15/80   
		   54/50000 | 0.000100   |    2.38049   |    4.05659   |      0.864 |      0.605 |   16/80   
		   55/50000 | 0.000100   |    2.34804   |    4.06980   |      0.874 |      0.602 |   17/80   
		   56/50000 | 0.000100   |    2.31630   |    4.07178   |      0.872 |      0.601 |   18/80   
		   57/50000 | 0.000100   |    2.29034   |    4.10152   |      0.871 |      0.596 |   19/80   
		   58/50000 | 0.000080   |    2.36945   |    4.11175   |      0.872 |      0.594 |   20/80   
		   59/50000 | 0.000080   |    2.34179   |    4.07967   |      0.873 |      0.600 |   21/80   
		   60/50000 | 0.000080   |    2.19488   |    4.11591   |      0.883 |      0.592 |   22/80   
		   61/50000 | 0.000080   |    2.21600   |    4.08310   |      0.882 |      0.599 |   23/80   
		   62/50000 | 0.000080   |    2.24811   |    4.10271   |      0.885 |      0.595 |   24/80   
		   63/50000 | 0.000080   |    2.22452   |    4.11236   |      0.881 |      0.594 |   25/80   
		   64/50000 | 0.000080   |    2.25889   |    4.12449   |      0.887 |      0.590 |   26/80   
		   65/50000 | 0.000080   |    2.18734   |    4.13855   |      0.885 |      0.588 |   27/80   
		   66/50000 | 0.000080   |    2.08782   |    4.11037   |      0.894 |      0.594 |   28/80   
		   67/50000 | 0.000080   |    2.13748   |    4.12615   |      0.895 |      0.592 |   29/80   
		   68/50000 | 0.000080   |    2.17844   |    4.12402   |      0.887 |      0.592 |   30/80   
		   69/50000 | 0.000080   |    2.09372   |    4.12032   |      0.892 |      0.592 |   31/80   
		   70/50000 | 0.000080   |    2.15780   |    4.12266   |      0.887 |      0.591 |   32/80   
		   71/50000 | 0.000080   |    2.08955   |    4.13049   |      0.896 |      0.591 |   33/80   
		   72/50000 | 0.000080   |    2.04473   |    4.17023   |      0.898 |      0.582 |   34/80   
		   73/50000 | 0.000080   |    2.01399   |    4.12331   |      0.904 |      0.592 |   35/80   
		   74/50000 | 0.000080   |    2.03606   |    4.18211   |      0.899 |      0.581 |   36/80   
		   75/50000 | 0.000080   |    2.18371   |    4.15420   |      0.885 |      0.586 |   37/80   
		   76/50000 | 0.000080   |    1.97824   |    4.16796   |      0.905 |      0.583 |   38/80   
		   77/50000 | 0.000080   |    2.01500   |    4.17764   |      0.901 |      0.581 |   39/80   
		   78/50000 | 0.000080   |    1.97919   |    4.19562   |      0.905 |      0.578 |   40/80   
		   79/50000 | 0.000064   |    2.04377   |    4.18207   |      0.903 |      0.580 |   41/80   
		   80/50000 | 0.000064   |    1.97962   |    4.20647   |      0.905 |      0.576 |   42/80   
		   81/50000 | 0.000064   |    1.88765   |    4.18467   |      0.913 |      0.580 |   43/80   
		   82/50000 | 0.000064   |    2.09151   |    4.21698   |      0.893 |      0.574 |   44/80   
		   83/50000 | 0.000064   |    1.98836   |    4.18143   |      0.908 |      0.580 |   45/80   
		   84/50000 | 0.000064   |    1.93805   |    4.21967   |      0.912 |      0.573 |   46/80   
		   85/50000 | 0.000064   |    1.85364   |    4.18297   |      0.917 |      0.580 |   47/80   
		   86/50000 | 0.000064   |    1.87546   |    4.18626   |      0.915 |      0.580 |   48/80   
		   87/50000 | 0.000064   |    2.05947   |    4.20180   |      0.903 |      0.576 |   49/80   
		   88/50000 | 0.000064   |    2.04616   |    4.16740   |      0.900 |      0.583 |   50/80   
		   89/50000 | 0.000064   |    1.86469   |    4.20462   |      0.914 |      0.576 |   51/80   
		   90/50000 | 0.000064   |    1.88749   |    4.24070   |      0.915 |      0.569 |   52/80   
		   91/50000 | 0.000064   |    1.86716   |    4.20588   |      0.915 |      0.576 |   53/80   
		   92/50000 | 0.000064   |    1.94628   |    4.20670   |      0.915 |      0.575 |   54/80   
		   93/50000 | 0.000064   |    1.89505   |    4.19859   |      0.913 |      0.577 |   55/80   
		   94/50000 | 0.000064   |    1.86474   |    4.25884   |      0.917 |      0.565 |   56/80   
		   95/50000 | 0.000064   |    1.94172   |    4.23012   |      0.908 |      0.571 |   57/80   
		   96/50000 | 0.000064   |    1.93332   |    4.26393   |      0.913 |      0.564 |   58/80   
		   97/50000 | 0.000064   |    1.89011   |    4.24655   |      0.913 |      0.568 |   59/80   
		   98/50000 | 0.000064   |    1.83012   |    4.26842   |      0.922 |      0.564 |   60/80   
		   99/50000 | 0.000064   |    1.77642   |    4.22013   |      0.925 |      0.572 |   61/80   
		  100/50000 | 0.000051   |    1.89746   |    4.19625   |      0.917 |      0.578 |   62/80   
		  101/50000 | 0.000051   |    1.82929   |    4.20384   |      0.920 |      0.576 |   63/80   
		  102/50000 | 0.000051   |    1.87852   |    4.20311   |      0.914 |      0.576 |   64/80   
		  103/50000 | 0.000051   |    1.88372   |    4.21273   |      0.918 |      0.575 |   65/80   
		  104/50000 | 0.000051   |    1.76892   |    4.20315   |      0.925 |      0.576 |   66/80   
		  105/50000 | 0.000051   |    1.81934   |    4.19267   |      0.919 |      0.578 |   67/80   
		  106/50000 | 0.000051   |    1.80354   |    4.23379   |      0.921 |      0.570 |   68/80   
		  107/50000 | 0.000051   |    1.74024   |    4.21977   |      0.926 |      0.573 |   69/80   
		  108/50000 | 0.000051   |    1.81919   |    4.22662   |      0.919 |      0.571 |   70/80   
		  109/50000 | 0.000051   |    1.71819   |    4.23896   |      0.927 |      0.569 |   71/80   
		  110/50000 | 0.000051   |    1.90224   |    4.23873   |      0.920 |      0.569 |   72/80   
		  111/50000 | 0.000051   |    1.86425   |    4.21287   |      0.914 |      0.574 |   73/80   
		  112/50000 | 0.000051   |    1.82520   |    4.23247   |      0.919 |      0.570 |   74/80   
		  113/50000 | 0.000051   |    1.83383   |    4.22561   |      0.918 |      0.571 |   75/80   
		  114/50000 | 0.000051   |    1.80895   |    4.22903   |      0.926 |      0.571 |   76/80   
		  115/50000 | 0.000051   |    1.76254   |    4.25167   |      0.929 |      0.567 |   77/80   
		  116/50000 | 0.000051   |    1.72324   |    4.25012   |      0.928 |      0.566 |   78/80   
		  117/50000 | 0.000051   |    1.74807   |    4.23544   |      0.927 |      0.570 |   79/80   

		Early stopping triggered.
		[INFO] Case 2 completed.

	3.3 Training Case 3...
		=== Training Log Started: 2025-11-28 05:23:33.604631 ===
		Run Name: STAFV2_25_CASE3
		Device: cuda
		Epochs: 50000, Batch Size: 64, LR: 0.0001
		============================================================
🔢 Unique quantized indices: 36535
✅ Suggested num_embeddings: 43842
✅ Processed 3545 valid samples.
✅ Saved merged dataset: ./data/training_results/merged_windowed_dataset_STAFV2_25_CASE3.csv  (shape: (3545, 429))
✅ Saved feature metadata: ./data/training_results/feature_info_STAFV2_25_CASE3.json
✅ Dataset split: 2836 train, 709 val
✅ Scalers fitted and saved.

		✅ Model initialized with 785956 params.
		============================================================
		--------------------------------------------------------------------------------------------
		  Epoch    |     LR     |  Train RMSE  |   Val RMSE   |  Train R²  |   Val R²   |  Patience 
		--------------------------------------------------------------------------------------------
		    1/50000 | 0.000100   |    8.34962   |    6.95722   |     -0.763 |     -0.202 |    0/80   
		    2/50000 | 0.000100   |    6.07881   |    5.25237   |      0.063 |      0.317 |    0/80   
		    3/50000 | 0.000100   |    4.99450   |    4.91716   |      0.372 |      0.414 |    0/80   
		    4/50000 | 0.000100   |    4.68239   |    4.83344   |      0.449 |      0.438 |    0/80   
		    5/50000 | 0.000100   |    4.48760   |    4.78424   |      0.491 |      0.448 |    0/80   
		    6/50000 | 0.000100   |    4.38178   |    4.66883   |      0.517 |      0.477 |    0/80   
		    7/50000 | 0.000100   |    4.27371   |    4.62799   |      0.539 |      0.492 |    0/80   
		    8/50000 | 0.000100   |    4.16939   |    4.56871   |      0.561 |      0.506 |    0/80   
		    9/50000 | 0.000100   |    4.05126   |    4.56280   |      0.585 |      0.507 |    0/80   
		   10/50000 | 0.000100   |    4.02308   |    4.49905   |      0.594 |      0.519 |    0/80   
		   11/50000 | 0.000100   |    3.93815   |    4.43813   |      0.609 |      0.530 |    0/80   
		   12/50000 | 0.000100   |    3.85345   |    4.42952   |      0.625 |      0.537 |    0/80   
		   13/50000 | 0.000100   |    3.80417   |    4.43286   |      0.634 |      0.536 |    0/80   
		   14/50000 | 0.000100   |    3.78441   |    4.35487   |      0.636 |      0.547 |    1/80   
		   15/50000 | 0.000100   |    3.71071   |    4.33407   |      0.654 |      0.552 |    0/80   
		   16/50000 | 0.000100   |    3.64449   |    4.35312   |      0.664 |      0.552 |    0/80   
		   17/50000 | 0.000100   |    3.63152   |    4.36602   |      0.667 |      0.552 |    1/80   
		   18/50000 | 0.000100   |    3.54737   |    4.28097   |      0.683 |      0.562 |    2/80   
		   19/50000 | 0.000100   |    3.52379   |    4.26417   |      0.687 |      0.566 |    0/80   
		   20/50000 | 0.000100   |    3.46778   |    4.25288   |      0.699 |      0.569 |    0/80   
		   21/50000 | 0.000100   |    3.47006   |    4.25358   |      0.696 |      0.573 |    0/80   
		   22/50000 | 0.000100   |    3.42144   |    4.24056   |      0.707 |      0.575 |    1/80   
		   23/50000 | 0.000100   |    3.38637   |    4.23340   |      0.712 |      0.579 |    0/80   
		   24/50000 | 0.000100   |    3.34797   |    4.28885   |      0.716 |      0.569 |    0/80   
		   25/50000 | 0.000100   |    3.35911   |    4.21912   |      0.716 |      0.580 |    1/80   
		   26/50000 | 0.000100   |    3.29267   |    4.18547   |      0.729 |      0.584 |    0/80   
		   27/50000 | 0.000100   |    3.18859   |    4.25928   |      0.745 |      0.579 |    0/80   
		   28/50000 | 0.000100   |    3.20429   |    4.20378   |      0.741 |      0.582 |    1/80   
		   29/50000 | 0.000100   |    3.20681   |    4.24467   |      0.741 |      0.577 |    2/80   
		   30/50000 | 0.000100   |    3.12554   |    4.18015   |      0.755 |      0.586 |    3/80   
		   31/50000 | 0.000100   |    3.13057   |    4.26878   |      0.754 |      0.574 |    0/80   
		   32/50000 | 0.000100   |    3.06308   |    4.21815   |      0.763 |      0.579 |    1/80   
		   33/50000 | 0.000100   |    3.09237   |    4.22344   |      0.759 |      0.578 |    2/80   
		   34/50000 | 0.000100   |    3.11494   |    4.22688   |      0.757 |      0.585 |    3/80   
		   35/50000 | 0.000100   |    3.06032   |    4.17398   |      0.768 |      0.589 |    4/80   
		   36/50000 | 0.000100   |    3.03065   |    4.15628   |      0.768 |      0.591 |    0/80   
		   37/50000 | 0.000100   |    2.99365   |    4.18221   |      0.775 |      0.589 |    0/80   
		   38/50000 | 0.000100   |    2.93856   |    4.23149   |      0.783 |      0.586 |    1/80   
		   39/50000 | 0.000100   |    2.93323   |    4.19514   |      0.784 |      0.588 |    2/80   
		   40/50000 | 0.000100   |    2.88196   |    4.24582   |      0.791 |      0.582 |    3/80   
		   41/50000 | 0.000100   |    2.86253   |    4.20457   |      0.795 |      0.584 |    4/80   
		   42/50000 | 0.000100   |    2.83416   |    4.25618   |      0.799 |      0.583 |    5/80   
		   43/50000 | 0.000100   |    2.86065   |    4.22461   |      0.793 |      0.589 |    6/80   
		   44/50000 | 0.000100   |    2.78196   |    4.26515   |      0.807 |      0.582 |    7/80   
		   45/50000 | 0.000100   |    2.75956   |    4.22865   |      0.808 |      0.589 |    8/80   
		   46/50000 | 0.000100   |    2.84093   |    4.22099   |      0.800 |      0.589 |    9/80   
		   47/50000 | 0.000100   |    2.79440   |    4.22710   |      0.807 |      0.584 |   10/80   
		   48/50000 | 0.000100   |    2.76674   |    4.16390   |      0.807 |      0.589 |   11/80   
		   49/50000 | 0.000100   |    2.77969   |    4.24438   |      0.807 |      0.581 |   12/80   
		   50/50000 | 0.000100   |    2.74098   |    4.21824   |      0.812 |      0.585 |   13/80   
		   51/50000 | 0.000100   |    2.67348   |    4.25424   |      0.820 |      0.585 |   14/80   
		   52/50000 | 0.000100   |    2.67986   |    4.25344   |      0.822 |      0.586 |   15/80   
		   53/50000 | 0.000100   |    2.57682   |    4.20209   |      0.832 |      0.593 |   16/80   
		   54/50000 | 0.000100   |    2.57218   |    4.27747   |      0.833 |      0.583 |   17/80   
		   55/50000 | 0.000100   |    2.65839   |    4.24594   |      0.822 |      0.585 |   18/80   
		   56/50000 | 0.000100   |    2.55252   |    4.23925   |      0.836 |      0.583 |   19/80   
		   57/50000 | 0.000100   |    2.56062   |    4.23708   |      0.835 |      0.588 |   20/80   
		   58/50000 | 0.000100   |    2.55204   |    4.24074   |      0.836 |      0.583 |   21/80   
		   59/50000 | 0.000100   |    2.48745   |    4.24530   |      0.844 |      0.585 |   22/80   
		   60/50000 | 0.000100   |    2.53669   |    4.24452   |      0.840 |      0.585 |   23/80   
		   61/50000 | 0.000100   |    2.51938   |    4.29818   |      0.841 |      0.577 |   24/80   
		   62/50000 | 0.000100   |    2.51369   |    4.34411   |      0.842 |      0.569 |   25/80   
		   63/50000 | 0.000100   |    2.42087   |    4.26382   |      0.852 |      0.582 |   26/80   
		   64/50000 | 0.000100   |    2.46252   |    4.29481   |      0.848 |      0.577 |   27/80   
		   65/50000 | 0.000100   |    2.45116   |    4.35421   |      0.850 |      0.571 |   28/80   
		   66/50000 | 0.000100   |    2.37377   |    4.31411   |      0.859 |      0.573 |   29/80   
		   67/50000 | 0.000100   |    2.45390   |    4.30729   |      0.849 |      0.573 |   30/80   
		   68/50000 | 0.000100   |    2.38471   |    4.34472   |      0.857 |      0.573 |   31/80   
		   69/50000 | 0.000100   |    2.45767   |    4.37367   |      0.851 |      0.566 |   32/80   
		   70/50000 | 0.000100   |    2.44972   |    4.34779   |      0.848 |      0.566 |   33/80   
		   71/50000 | 0.000100   |    2.37884   |    4.36611   |      0.860 |      0.569 |   34/80   
		   72/50000 | 0.000100   |    2.41148   |    4.41131   |      0.853 |      0.559 |   35/80   
		   73/50000 | 0.000100   |    2.35118   |    4.34196   |      0.862 |      0.568 |   36/80   
		   74/50000 | 0.000080   |    2.33903   |    4.31330   |      0.862 |      0.569 |   37/80   
		   75/50000 | 0.000080   |    2.32543   |    4.37936   |      0.865 |      0.563 |   38/80   
		   76/50000 | 0.000080   |    2.25848   |    4.36245   |      0.872 |      0.568 |   39/80   
		   77/50000 | 0.000080   |    2.37238   |    4.40056   |      0.858 |      0.560 |   40/80   
		   78/50000 | 0.000080   |    2.27003   |    4.38359   |      0.871 |      0.564 |   41/80   
		   79/50000 | 0.000080   |    2.24738   |    4.42272   |      0.872 |      0.559 |   42/80   
		   80/50000 | 0.000080   |    2.25330   |    4.38673   |      0.872 |      0.564 |   43/80   
		   81/50000 | 0.000080   |    2.23637   |    4.42423   |      0.873 |      0.559 |   44/80   
		   82/50000 | 0.000080   |    2.26898   |    4.45546   |      0.873 |      0.552 |   45/80   
		   83/50000 | 0.000080   |    2.22580   |    4.43225   |      0.876 |      0.560 |   46/80   
		   84/50000 | 0.000080   |    2.16488   |    4.41884   |      0.882 |      0.560 |   47/80   
		   85/50000 | 0.000080   |    2.24019   |    4.48489   |      0.874 |      0.550 |   48/80   
		   86/50000 | 0.000080   |    2.14631   |    4.43960   |      0.883 |      0.557 |   49/80   
		   87/50000 | 0.000080   |    2.21441   |    4.48833   |      0.878 |      0.547 |   50/80   
		   88/50000 | 0.000080   |    2.27292   |    4.39133   |      0.871 |      0.561 |   51/80   
		   89/50000 | 0.000080   |    2.20200   |    4.41501   |      0.878 |      0.560 |   52/80   
		   90/50000 | 0.000080   |    2.18291   |    4.53302   |      0.880 |      0.537 |   53/80   
		   91/50000 | 0.000080   |    2.14869   |    4.44777   |      0.884 |      0.552 |   54/80   
		   92/50000 | 0.000080   |    2.13403   |    4.45656   |      0.886 |      0.552 |   55/80   
		   93/50000 | 0.000080   |    2.09719   |    4.48752   |      0.890 |      0.546 |   56/80   
		   94/50000 | 0.000080   |    2.12821   |    4.51760   |      0.886 |      0.544 |   57/80   
		   95/50000 | 0.000064   |    2.12490   |    4.49008   |      0.886 |      0.550 |   58/80   
		   96/50000 | 0.000064   |    2.12033   |    4.51456   |      0.887 |      0.544 |   59/80   
		   97/50000 | 0.000064   |    2.11841   |    4.48001   |      0.888 |      0.548 |   60/80   
		   98/50000 | 0.000064   |    2.18811   |    4.57860   |      0.879 |      0.535 |   61/80   
		   99/50000 | 0.000064   |    2.09283   |    4.47795   |      0.891 |      0.551 |   62/80   
		  100/50000 | 0.000064   |    2.09115   |    4.53541   |      0.890 |      0.542 |   63/80   
		  101/50000 | 0.000064   |    2.00342   |    4.50693   |      0.898 |      0.543 |   64/80   
		  102/50000 | 0.000064   |    2.07929   |    4.51754   |      0.891 |      0.543 |   65/80   
		  103/50000 | 0.000064   |    2.01841   |    4.45879   |      0.897 |      0.550 |   66/80   
		  104/50000 | 0.000064   |    2.05746   |    4.53758   |      0.894 |      0.538 |   67/80   
		  105/50000 | 0.000064   |    2.00994   |    4.48164   |      0.898 |      0.548 |   68/80   
		  106/50000 | 0.000064   |    1.97346   |    4.51430   |      0.902 |      0.543 |   69/80   
		  107/50000 | 0.000064   |    2.07569   |    4.59508   |      0.892 |      0.532 |   70/80   
		  108/50000 | 0.000064   |    2.00231   |    4.58849   |      0.899 |      0.532 |   71/80   
		  109/50000 | 0.000064   |    2.02590   |    4.60270   |      0.897 |      0.530 |   72/80   
		  110/50000 | 0.000064   |    2.02219   |    4.54344   |      0.898 |      0.536 |   73/80   
		  111/50000 | 0.000064   |    2.01154   |    4.52702   |      0.898 |      0.544 |   74/80   
		  112/50000 | 0.000064   |    2.05793   |    4.53995   |      0.894 |      0.541 |   75/80   
		  113/50000 | 0.000064   |    1.97339   |    4.58544   |      0.902 |      0.532 |   76/80   
		  114/50000 | 0.000064   |    2.03813   |    4.54633   |      0.896 |      0.538 |   77/80   
		  115/50000 | 0.000064   |    1.99342   |    4.56787   |      0.900 |      0.536 |   78/80   
		  116/50000 | 0.000051   |    1.95244   |    4.55242   |      0.904 |      0.536 |   79/80   

		Early stopping triggered.
		[INFO] Case 3 completed.
