nohup: ignoring input
Crash diagnostics ON


==================================================
PART 1: Data preprocess for 2023-01-01 00:00:00 to 2024-09-30 23:00:00...
==================================================

	1.1 Preprocessing radiation data...
		[INFO] Radiation data already exists at './data/timeseries/radiation_data.csv'

	1.2 Preprocessing temperature data...
		[INFO] Temperature data already exists at './data/timeseries/temperature_data.csv'

	1.3 Preprocessing building data...
		[INFO] Building data already exists at './data/timeseries/building_data.csv'

	1.4 Preprocessing electricity cost data...
		[INFO] Electricity cost data already exists at './data/timeseries/electricitycostG2B_data.csv' and './data/timeseries/electricitycostG2V_data.csv'

	1.5 Preprocessing battery demand series data...
		[INFO] Found existing battery data at 'data/battery_demandV2/resample_full.csv' and 'data/battery_demandV2/resample_train.csv'

		[INFO] Number of series for clean windows = (168, 37)
		[INFO] Number of eligible series for Case 2 = (1395, 37)
		[INFO] Case 1 exists — loaded battery demand from 'data/battery_demandV2/case1_real_only/battery_demand.npy' with shape (168, 37).
		[INFO] Case 2 exists — loaded battery demand from 'data/battery_demandV2/case2_nan_filled/battery_demand.npy' with shape (1563, 37).
		[INFO] Case 0 exists — loaded battery demand from 'data/battery_demandV2/case0_test/battery_demand.npy' with shape (2, 49).

	1.6 Generating battery schedule...
		[INFO] Case 0 exists — loaded from 'data/battery_demandV2/case0_test/battery_availability.npy' and 'data/battery_demandV2/case0_test/battery_details.npy' shape (2, 272, 48) and (4, 2, 272)
		[INFO] Case 1 exists — loaded from 'data/battery_demandV2/case1_real_only/battery_availability.npy' and 'data/battery_demandV2/case1_real_only/battery_details.npy' shape (168, 237, 36) and (4, 168, 237)
		[INFO] Case 2 exists — loaded from 'data/battery_demandV2/case2_nan_filled/battery_availability.npy' and 'data/battery_demandV2/case2_nan_filled/battery_details.npy' shape (1563, 237, 36) and (4, 1563, 237)
		[ERROR] Could not load battery demand from 'data/battery_demandV2/case3_extended_generated/battery_demand.npy': [Errno 2] No such file or directory: 'data/battery_demandV2/case3_extended_generated/battery_demand.npy'


==================================================
PART 2: MILP Optimization...
==================================================

	2.0 Optimizing Case 0...
		[INFO] Loaded 2 samples from 'data/battery_demandV2/case0_test'
		[INFO] Results already exist at 'data/optimization_resultsV2/case0_test/immediate_charging/V2B.npy'. Skipping immediate_charging run.
		[INFO] Results already exist at 'data/optimization_resultsV2/case0_test/optimization/V2B.npy'. Skipping optimization run.
		[INFO] Case 0 completed.

	2.1 Optimizing Case 1...
		[INFO] Loaded 168 samples from 'data/battery_demandV2/case1_real_only'
		[INFO] Results already exist at 'data/optimization_resultsV2/case1_real_only/immediate_charging/V2B.npy'. Skipping immediate_charging run.
		[INFO] Results already exist at 'data/optimization_resultsV2/case1_real_only/optimization/V2B.npy'. Skipping optimization run.
		[INFO] Case 1 completed.

	2.2 Optimizing Case 2...
		[INFO] Loaded 1563 samples from 'data/battery_demandV2/case2_nan_filled'
		[INFO] Results already exist at 'data/optimization_resultsV2/case2_nan_filled/immediate_charging/V2B.npy'. Skipping immediate_charging run.
		[INFO] Results already exist at 'data/optimization_resultsV2/case2_nan_filled/optimization/V2B.npy'. Skipping optimization run.
		[INFO] Case 2 completed.


==================================================
PART 3: Supervised Learning...
==================================================

	3.2 Training Case 2...

=== Starting Training Run: STAF_currentSOC_V8_CASE2 ===
Device: cuda
		[INFO] Starting Preprocessing for Case 2...
		[INFO] Unique quantized indices: 28274
		[INFO] Suggested num_embeddings: 33928
		[INFO] Generating sliding windows...
Column names ['sin_hour', 'cos_hour', 'sin_day', 'cos_day', 'building_T1', 'building_T2', 'building_T3', 'building_T4', 'building_T5', 'building_T6', 'building_T7', 'building_T8', 'building_T9', 'building_T10', 'building_T11', 'building_T12', 'building_T13', 'building_T14', 'building_T15', 'building_T16', 'building_T17', 'building_T18', 'building_T19', 'building_T20', 'building_T21', 'building_T22', 'building_T23', 'building_T24', 'radiation_T1', 'radiation_T2', 'radiation_T3', 'radiation_T4', 'radiation_T5', 'radiation_T6', 'radiation_T7', 'radiation_T8', 'radiation_T9', 'radiation_T10', 'radiation_T11', 'radiation_T12', 'radiation_T13', 'radiation_T14', 'radiation_T15', 'radiation_T16', 'radiation_T17', 'radiation_T18', 'radiation_T19', 'radiation_T20', 'radiation_T21', 'radiation_T22', 'radiation_T23', 'radiation_T24', 'temperature_T1', 'temperature_T2', 'temperature_T3', 'temperature_T4', 'temperature_T5', 'temperature_T6', 'temperature_T7', 'temperature_T8', 'temperature_T9', 'temperature_T10', 'temperature_T11', 'temperature_T12', 'temperature_T13', 'temperature_T14', 'temperature_T15', 'temperature_T16', 'temperature_T17', 'temperature_T18', 'temperature_T19', 'temperature_T20', 'temperature_T21', 'temperature_T22', 'temperature_T23', 'temperature_T24', 'priceG2B_T1', 'priceG2B_T2', 'priceG2B_T3', 'priceG2B_T4', 'priceG2B_T5', 'priceG2B_T6', 'priceG2B_T7', 'priceG2B_T8', 'priceG2B_T9', 'priceG2B_T10', 'priceG2B_T11', 'priceG2B_T12', 'priceG2B_T13', 'priceG2B_T14', 'priceG2B_T15', 'priceG2B_T16', 'priceG2B_T17', 'priceG2B_T18', 'priceG2B_T19', 'priceG2B_T20', 'priceG2B_T21', 'priceG2B_T22', 'priceG2B_T23', 'priceG2B_T24', 'priceG2V_T1', 'priceG2V_T2', 'priceG2V_T3', 'priceG2V_T4', 'priceG2V_T5', 'priceG2V_T6', 'priceG2V_T7', 'priceG2V_T8', 'priceG2V_T9', 'priceG2V_T10', 'priceG2V_T11', 'priceG2V_T12', 'priceG2V_T13', 'priceG2V_T14', 'priceG2V_T15', 'priceG2V_T16', 'priceG2V_T17', 'priceG2V_T18', 'priceG2V_T19', 'priceG2V_T20', 'priceG2V_T21', 'priceG2V_T22', 'priceG2V_T23', 'priceG2V_T24', 'battery_T1', 'battery_T2', 'battery_T3', 'battery_T4', 'battery_T5', 'battery_T6', 'battery_T7', 'battery_T8', 'battery_T9', 'battery_T10', 'battery_T11', 'battery_T12', 'battery_T13', 'battery_T14', 'battery_T15', 'battery_T16', 'battery_T17', 'battery_T18', 'battery_T19', 'battery_T20', 'battery_T21', 'battery_T22', 'battery_T23', 'battery_T24', 'SOC_V1', 'SOC_V2', 'SOC_V3', 'SOC_V4', 'SOC_V5', 'SOC_V6', 'SOC_V7', 'SOC_V8', 'SOC_V9', 'SOC_V10', 'SOC_V11', 'SOC_V12', 'SOC_V13', 'SOC_V14', 'SOC_V15', 'SOC_V16', 'SOC_V17', 'SOC_V18', 'SOC_V19', 'SOC_V20', 'SOC_V21', 'SOC_V22', 'SOC_V23', 'SOC_V24', 'SOC_V25', 'SOC_V26', 'SOC_V27', 'SOC_V28', 'SOC_V29', 'SOC_V30', 'SOC_V31', 'SOC_V32', 'SOC_V33', 'SOC_V34', 'SOC_V35', 'SOC_V36', 'SOC_V37', 'SOC_V38', 'SOC_V39', 'SOC_V40', 'SOC_V41', 'SOC_V42', 'SOC_V43', 'SOC_V44', 'SOC_V45', 'SOC_V46', 'SOC_V47', 'SOC_V48', 'SOC_V49', 'SOC_V50', 'SOC_V51', 'SOC_V52', 'SOC_V53', 'SOC_V54', 'SOC_V55', 'SOC_V56', 'SOC_V57', 'SOC_V58', 'SOC_V59', 'SOC_V60', 'SOC_V61', 'SOC_V62', 'SOC_V63', 'SOC_V64', 'SOC_V65', 'SOC_V66', 'SOC_V67', 'SOC_V68', 'SOC_V69', 'SOC_V70', 'SOC_V71', 'SOC_V72', 'SOC_V73', 'SOC_V74', 'SOC_V75', 'SOC_V76', 'target']
Number of columns: 225
Number of rows: 18756
		[INFO] Saved dataset: ./data/training_results/STAF_currentSOC_V8_CASE2/merged_dataset_STAF_currentSOC_V8_CASE2.csv (Shape: (18756, 225))
		[INFO] Saved metadata: ./data/training_results/STAF_currentSOC_V8_CASE2/feature_info_STAF_currentSOC_V8_CASE2.json
	[Model Config] Detected Dims: {'static': 4, 'series_count': 6, 'seq_len': 24, 'vehicle': 76, 'emb_vocab': 1000}
		[INFO] Data loaded. Train: 13129, Val: 5627
		[INFO] Fitting new scalers on training data...
		[INFO] Calculating weights for imbalanced regression...
		[INFO] 
==================================================
		[INFO] 🚀 TRAINING SESSION: STAF_currentSOC_V8_CASE2
		[INFO] ==================================================
		[INFO] Device:             cuda
		[INFO] Model Parameters:   42,058
		[INFO] --------------------------------------------------
		[INFO] Epochs:             5000
		[INFO] Batch Size:         32
		[INFO] Learning Rate:      0.0005
		[INFO] Weight Decay:       0.0005
		[INFO] Dropout:            0.6
		[INFO] --------------------------------------------------
		[INFO] Hidden Layers:      [128, 32]
		[INFO] Embedding Dim:      8
		[INFO] Attention Heads:    4
		[INFO]==================================================


		[INFO]Epoch |    LR    | Trn RMSE | Val RMSE | Trn R2 | Val R2 | Stop
-----------------------------------------------------------------
		[INFO]    1 | 0.000500 |   7.0332 |   7.1955 |  0.259 |  0.011 | 0/100
		[INFO]    2 | 0.000500 |   5.4755 |   5.7962 |  0.549 |  0.359 | 0/100
		[INFO]    3 | 0.000500 |   5.1255 |   6.2793 |  0.606 |  0.247 | 0/100
		[INFO]    4 | 0.000500 |   4.9250 |   5.7003 |  0.641 |  0.380 | 1/100
		[INFO]    5 | 0.000500 |   4.8584 |   5.6583 |  0.653 |  0.389 | 0/100
		[INFO]    6 | 0.000500 |   4.7611 |   5.8109 |  0.665 |  0.355 | 0/100
		[INFO]    7 | 0.000500 |   4.7175 |   5.8537 |  0.670 |  0.346 | 1/100
		[INFO]    8 | 0.000500 |   4.7674 |   5.2496 |  0.667 |  0.474 | 2/100
		[INFO]    9 | 0.000500 |   4.7122 |   5.0184 |  0.676 |  0.519 | 0/100
		[INFO]   10 | 0.000500 |   4.6431 |   4.9717 |  0.679 |  0.528 | 0/100
		[INFO]   11 | 0.000500 |   4.6011 |   5.4061 |  0.688 |  0.442 | 0/100
		[INFO]   12 | 0.000500 |   4.5601 |   5.3359 |  0.688 |  0.456 | 1/100
		[INFO]   13 | 0.000500 |   4.6206 |   4.8729 |  0.684 |  0.547 | 2/100
		[INFO]   14 | 0.000500 |   4.5391 |   5.2242 |  0.695 |  0.479 | 0/100
		[INFO]   15 | 0.000500 |   4.5668 |   4.9245 |  0.691 |  0.537 | 1/100
		[INFO]   16 | 0.000500 |   4.4807 |   4.8938 |  0.700 |  0.543 | 2/100
		[INFO]   17 | 0.000500 |   4.5500 |   5.4620 |  0.700 |  0.430 | 3/100
		[INFO]   18 | 0.000500 |   4.4678 |   5.0504 |  0.706 |  0.513 | 4/100
		[INFO]   19 | 0.000500 |   4.4795 |   5.1543 |  0.700 |  0.493 | 5/100
		[INFO]   20 | 0.000500 |   4.4163 |   5.0856 |  0.707 |  0.506 | 6/100
		[INFO]   21 | 0.000500 |   4.4747 |   4.8585 |  0.698 |  0.549 | 7/100
		[INFO]   22 | 0.000500 |   4.3966 |   4.9600 |  0.711 |  0.530 | 0/100
		[INFO]   23 | 0.000500 |   4.4318 |   5.0443 |  0.709 |  0.514 | 1/100
		[INFO]   24 | 0.000500 |   4.4200 |   4.6728 |  0.713 |  0.583 | 2/100
		[INFO]   25 | 0.000500 |   4.4485 |   5.0664 |  0.707 |  0.510 | 0/100
		[INFO]   26 | 0.000500 |   4.4184 |   4.6753 |  0.713 |  0.583 | 1/100
		[INFO]   27 | 0.000500 |   4.4129 |   5.0913 |  0.714 |  0.505 | 2/100
		[INFO]   28 | 0.000500 |   4.3674 |   4.7801 |  0.720 |  0.564 | 3/100
		[INFO]   29 | 0.000500 |   4.4025 |   4.3405 |  0.713 |  0.640 | 4/100
		[INFO]   30 | 0.000500 |   4.3540 |   4.9316 |  0.723 |  0.536 | 0/100
		[INFO]   31 | 0.000500 |   4.3617 |   5.0003 |  0.715 |  0.523 | 1/100
		[INFO]   32 | 0.000500 |   4.3878 |   4.9821 |  0.712 |  0.526 | 2/100
		[INFO]   33 | 0.000500 |   4.3361 |   4.9716 |  0.725 |  0.528 | 3/100
		[INFO]   34 | 0.000500 |   4.2898 |   4.7557 |  0.731 |  0.568 | 4/100
		[INFO]   35 | 0.000500 |   4.3280 |   4.8297 |  0.722 |  0.555 | 5/100
		[INFO]   36 | 0.000500 |   4.3481 |   5.0000 |  0.719 |  0.523 | 6/100
		[INFO]   37 | 0.000500 |   4.3093 |   4.9244 |  0.724 |  0.537 | 7/100
		[INFO]   38 | 0.000500 |   4.2673 |   4.8106 |  0.728 |  0.558 | 8/100
		[INFO]   39 | 0.000500 |   4.2963 |   5.1091 |  0.725 |  0.502 | 9/100
		[INFO]   40 | 0.000500 |   4.2933 |   4.7997 |  0.725 |  0.560 | 10/100
		[INFO]   41 | 0.000500 |   4.2807 |   5.4696 |  0.731 |  0.429 | 11/100
		[INFO]   42 | 0.000500 |   4.2347 |   4.5166 |  0.738 |  0.610 | 12/100
		[INFO]   43 | 0.000500 |   4.2484 |   4.3462 |  0.731 |  0.639 | 13/100
		[INFO]   44 | 0.000500 |   4.2535 |   4.9060 |  0.733 |  0.540 | 14/100
		[INFO]   45 | 0.000500 |   4.2214 |   4.9932 |  0.739 |  0.524 | 15/100
		[INFO]   46 | 0.000500 |   4.2887 |   4.6284 |  0.726 |  0.591 | 16/100
		[INFO]   47 | 0.000500 |   4.2971 |   4.4031 |  0.729 |  0.630 | 17/100
		[INFO]   48 | 0.000500 |   4.2151 |   5.0975 |  0.733 |  0.504 | 18/100
		[INFO]   49 | 0.000500 |   4.2567 |   5.0132 |  0.729 |  0.520 | 19/100
		[INFO]   50 | 0.000500 |   4.2355 |   5.4445 |  0.735 |  0.434 | 20/100
		[INFO]   51 | 0.000500 |   4.2507 |   4.9770 |  0.730 |  0.527 | 21/100
		[INFO]   52 | 0.000500 |   4.1914 |   5.1229 |  0.737 |  0.499 | 22/100
		[INFO]   53 | 0.000500 |   4.1976 |   4.8581 |  0.742 |  0.549 | 23/100
		[INFO]   54 | 0.000500 |   4.1621 |   4.8001 |  0.744 |  0.560 | 24/100
		[INFO]   55 | 0.000500 |   4.2546 |   4.3412 |  0.731 |  0.640 | 25/100
		[INFO]   56 | 0.000500 |   4.2205 |   4.4232 |  0.736 |  0.626 | 26/100
		[INFO]   57 | 0.000500 |   4.2202 |   5.0205 |  0.738 |  0.519 | 27/100
		[INFO]   58 | 0.000500 |   4.1442 |   5.3969 |  0.745 |  0.444 | 28/100
		[INFO]   59 | 0.000500 |   4.1662 |   4.7123 |  0.742 |  0.576 | 29/100
		[INFO]   60 | 0.000500 |   4.2260 |   4.8427 |  0.734 |  0.552 | 30/100
		[INFO]   61 | 0.000500 |   4.2211 |   4.8356 |  0.739 |  0.554 | 31/100
		[INFO]   62 | 0.000500 |   4.2201 |   4.6510 |  0.738 |  0.587 | 32/100
		[INFO]   63 | 0.000500 |   4.1813 |   4.8842 |  0.739 |  0.545 | 33/100
		[INFO]   64 | 0.000500 |   4.2001 |   4.3120 |  0.740 |  0.645 | 34/100
		[INFO]   65 | 0.000500 |   4.1511 |   4.9028 |  0.744 |  0.541 | 0/100
		[INFO]   66 | 0.000500 |   4.1398 |   4.8450 |  0.745 |  0.552 | 1/100
		[INFO]   67 | 0.000500 |   4.2762 |   4.6529 |  0.729 |  0.587 | 2/100
		[INFO]   68 | 0.000500 |   4.2107 |   4.5674 |  0.739 |  0.602 | 3/100
		[INFO]   69 | 0.000500 |   4.2180 |   5.1879 |  0.740 |  0.486 | 4/100
		[INFO]   70 | 0.000500 |   4.1523 |   4.6466 |  0.747 |  0.588 | 5/100
		[INFO]   71 | 0.000500 |   4.1947 |   4.9584 |  0.738 |  0.531 | 6/100
		[INFO]   72 | 0.000500 |   4.1448 |   4.5252 |  0.747 |  0.609 | 7/100
		[INFO]   73 | 0.000500 |   4.1304 |   4.7775 |  0.749 |  0.564 | 8/100
		[INFO]   74 | 0.000500 |   4.1996 |   4.6380 |  0.737 |  0.589 | 9/100
		[INFO]   75 | 0.000500 |   4.1485 |   5.0812 |  0.742 |  0.507 | 10/100
		[INFO]   76 | 0.000500 |   4.2003 |   4.9489 |  0.737 |  0.532 | 11/100
		[INFO]   77 | 0.000500 |   4.2209 |   4.6707 |  0.734 |  0.583 | 12/100
		[INFO]   78 | 0.000500 |   4.1778 |   4.1465 |  0.739 |  0.672 | 13/100
		[INFO]   79 | 0.000500 |   4.1605 |   4.9977 |  0.744 |  0.523 | 0/100
		[INFO]   80 | 0.000500 |   4.1404 |   5.5926 |  0.744 |  0.403 | 1/100
		[INFO]   81 | 0.000500 |   4.1390 |   4.7298 |  0.747 |  0.573 | 2/100
		[INFO]   82 | 0.000500 |   4.1851 |   4.4321 |  0.740 |  0.625 | 3/100
		[INFO]   83 | 0.000500 |   4.0961 |   5.1917 |  0.752 |  0.485 | 4/100
		[INFO]   84 | 0.000500 |   4.1488 |   5.5075 |  0.743 |  0.421 | 5/100
		[INFO]   85 | 0.000500 |   4.0844 |   4.5755 |  0.753 |  0.600 | 6/100
		[INFO]   86 | 0.000500 |   4.1748 |   4.6076 |  0.745 |  0.595 | 7/100
		[INFO]   87 | 0.000500 |   4.1293 |   4.8769 |  0.747 |  0.546 | 8/100
		[INFO]   88 | 0.000500 |   4.1250 |   4.4797 |  0.745 |  0.617 | 9/100
		[INFO]   89 | 0.000500 |   4.1624 |   4.1984 |  0.742 |  0.663 | 10/100
		[INFO]   90 | 0.000500 |   4.1174 |   4.9380 |  0.750 |  0.534 | 11/100
		[INFO]   91 | 0.000500 |   4.0931 |   4.7741 |  0.755 |  0.565 | 12/100
		[INFO]   92 | 0.000500 |   4.1252 |   4.3711 |  0.751 |  0.635 | 13/100
		[INFO]   93 | 0.000500 |   4.0946 |   4.6615 |  0.751 |  0.585 | 14/100
		[INFO]   94 | 0.000500 |   4.1465 |   5.2721 |  0.745 |  0.469 | 15/100
		[INFO]   95 | 0.000500 |   4.0956 |   4.3477 |  0.754 |  0.639 | 16/100
		[INFO]   96 | 0.000500 |   4.0889 |   5.3123 |  0.750 |  0.461 | 17/100
		[INFO]   97 | 0.000500 |   4.1299 |   4.8910 |  0.744 |  0.543 | 18/100
		[INFO]   98 | 0.000500 |   4.1172 |   5.2202 |  0.749 |  0.480 | 19/100
		[INFO]   99 | 0.000500 |   4.1165 |   4.7618 |  0.746 |  0.567 | 20/100
		[INFO]  100 | 0.000500 |   4.1507 |   4.8821 |  0.743 |  0.545 | 21/100
		[INFO]  101 | 0.000500 |   4.1032 |   5.0443 |  0.750 |  0.514 | 22/100
		[INFO]  102 | 0.000500 |   4.1314 |   4.4538 |  0.747 |  0.621 | 23/100
		[INFO]  103 | 0.000500 |   4.1448 |   4.8204 |  0.749 |  0.556 | 24/100
		[INFO]  104 | 0.000500 |   4.1635 |   4.5935 |  0.743 |  0.597 | 25/100
		[INFO]  105 | 0.000500 |   4.1495 |   4.8389 |  0.742 |  0.553 | 26/100
		[INFO]  106 | 0.000500 |   4.1197 |   4.2947 |  0.754 |  0.648 | 27/100
		[INFO]  107 | 0.000500 |   4.1265 |   4.3000 |  0.747 |  0.647 | 28/100
		[INFO]  108 | 0.000500 |   4.1300 |   4.6686 |  0.747 |  0.584 | 29/100
		[INFO]  109 | 0.000500 |   4.1237 |   4.8078 |  0.746 |  0.559 | 30/100
		[INFO]  110 | 0.000500 |   4.1493 |   4.8183 |  0.743 |  0.557 | 31/100
		[INFO]  111 | 0.000500 |   4.1302 |   4.4794 |  0.749 |  0.617 | 32/100
		[INFO]  112 | 0.000500 |   4.0668 |   4.7022 |  0.757 |  0.578 | 33/100
		[INFO]  113 | 0.000500 |   4.0030 |   4.3517 |  0.760 |  0.638 | 34/100
		[INFO]  114 | 0.000500 |   4.0751 |   4.7842 |  0.752 |  0.563 | 35/100
		[INFO]  115 | 0.000500 |   4.1320 |   5.0348 |  0.747 |  0.516 | 36/100
		[INFO]  116 | 0.000500 |   4.0588 |   4.7064 |  0.752 |  0.577 | 37/100
		[INFO]  117 | 0.000500 |   4.0986 |   4.6676 |  0.754 |  0.584 | 38/100
		[INFO]  118 | 0.000500 |   4.1119 |   4.9648 |  0.752 |  0.529 | 39/100
		[INFO]  119 | 0.000500 |   4.1215 |   4.5305 |  0.750 |  0.608 | 40/100
		[INFO]  120 | 0.000500 |   4.1595 |   5.0932 |  0.748 |  0.505 | 41/100
		[INFO]  121 | 0.000500 |   4.1102 |   4.9205 |  0.750 |  0.538 | 42/100
		[INFO]  122 | 0.000500 |   4.0686 |   4.7381 |  0.753 |  0.571 | 43/100
		[INFO]  123 | 0.000500 |   4.0518 |   4.9631 |  0.757 |  0.530 | 44/100
		[INFO]  124 | 0.000500 |   4.0519 |   4.6838 |  0.756 |  0.581 | 45/100
		[INFO]  125 | 0.000500 |   4.0696 |   4.7231 |  0.754 |  0.574 | 46/100
		[INFO]  126 | 0.000500 |   4.0791 |   4.4859 |  0.752 |  0.616 | 47/100
		[INFO]  127 | 0.000500 |   4.1215 |   4.3264 |  0.747 |  0.643 | 48/100
		[INFO]  128 | 0.000500 |   4.0778 |   4.6933 |  0.753 |  0.579 | 49/100
		[INFO]  129 | 0.000500 |   4.1068 |   4.8622 |  0.748 |  0.549 | 50/100
		[INFO]  130 | 0.000250 |   4.0860 |   4.5863 |  0.754 |  0.598 | 51/100
		[INFO]  131 | 0.000250 |   4.0952 |   5.3391 |  0.754 |  0.456 | 52/100
		[INFO]  132 | 0.000250 |   4.0183 |   4.5514 |  0.761 |  0.604 | 53/100
		[INFO]  133 | 0.000250 |   4.0104 |   4.4814 |  0.760 |  0.617 | 54/100
		[INFO]  134 | 0.000250 |   4.0253 |   4.8572 |  0.760 |  0.549 | 55/100
		[INFO]  135 | 0.000250 |   4.0621 |   4.7744 |  0.758 |  0.565 | 56/100
		[INFO]  136 | 0.000250 |   4.0550 |   4.9842 |  0.758 |  0.526 | 57/100
		[INFO]  137 | 0.000250 |   4.0395 |   4.6843 |  0.763 |  0.581 | 58/100
		[INFO]  138 | 0.000250 |   4.1106 |   4.6055 |  0.749 |  0.595 | 59/100
		[INFO]  139 | 0.000250 |   4.0301 |   4.3682 |  0.755 |  0.636 | 60/100
		[INFO]  140 | 0.000250 |   4.0742 |   4.9188 |  0.756 |  0.538 | 61/100
		[INFO]  141 | 0.000250 |   3.9736 |   4.5257 |  0.769 |  0.609 | 62/100
		[INFO]  142 | 0.000250 |   4.0351 |   4.3342 |  0.758 |  0.641 | 63/100
		[INFO]  143 | 0.000250 |   4.0253 |   4.8977 |  0.759 |  0.542 | 64/100
		[INFO]  144 | 0.000250 |   4.0176 |   4.6262 |  0.762 |  0.591 | 65/100
		[INFO]  145 | 0.000250 |   4.0048 |   4.4499 |  0.761 |  0.622 | 66/100
		[INFO]  146 | 0.000250 |   4.0359 |   4.6314 |  0.760 |  0.590 | 67/100
		[INFO]  147 | 0.000250 |   4.0275 |   4.4486 |  0.759 |  0.622 | 68/100
		[INFO]  148 | 0.000250 |   4.0007 |   4.1877 |  0.762 |  0.665 | 69/100
		[INFO]  149 | 0.000250 |   3.9965 |   4.6731 |  0.765 |  0.583 | 70/100
		[INFO]  150 | 0.000250 |   3.9972 |   4.7473 |  0.764 |  0.570 | 71/100
		[INFO]  151 | 0.000250 |   3.9544 |   4.3509 |  0.766 |  0.639 | 72/100
		[INFO]  152 | 0.000250 |   4.1111 |   5.4649 |  0.754 |  0.430 | 73/100
		[INFO]  153 | 0.000250 |   3.9839 |   4.6499 |  0.766 |  0.587 | 74/100
		[INFO]  154 | 0.000250 |   4.0580 |   4.5765 |  0.755 |  0.600 | 75/100
		[INFO]  155 | 0.000250 |   3.9639 |   4.6520 |  0.766 |  0.587 | 76/100
		[INFO]  156 | 0.000250 |   3.9582 |   4.5483 |  0.769 |  0.605 | 77/100
		[INFO]  157 | 0.000250 |   3.9797 |   4.5389 |  0.765 |  0.607 | 78/100
		[INFO]  158 | 0.000250 |   4.0208 |   5.1182 |  0.762 |  0.500 | 79/100
		[INFO]  159 | 0.000250 |   3.9773 |   5.0866 |  0.765 |  0.506 | 80/100
		[INFO]  160 | 0.000250 |   4.0158 |   4.7159 |  0.760 |  0.575 | 81/100
		[INFO]  161 | 0.000250 |   4.0260 |   4.5374 |  0.762 |  0.607 | 82/100
		[INFO]  162 | 0.000250 |   3.9988 |   4.7492 |  0.763 |  0.569 | 83/100
		[INFO]  163 | 0.000250 |   3.9717 |   4.6232 |  0.768 |  0.592 | 84/100
		[INFO]  164 | 0.000250 |   4.0019 |   4.4860 |  0.761 |  0.616 | 85/100
		[INFO]  165 | 0.000250 |   4.0326 |   4.6175 |  0.759 |  0.593 | 86/100
		[INFO]  166 | 0.000250 |   4.0105 |   4.7800 |  0.764 |  0.564 | 87/100
		[INFO]  167 | 0.000250 |   4.0187 |   4.6813 |  0.763 |  0.582 | 88/100
		[INFO]  168 | 0.000250 |   3.9425 |   4.6313 |  0.766 |  0.590 | 89/100
		[INFO]  169 | 0.000250 |   3.9448 |   4.5658 |  0.769 |  0.602 | 90/100
		[INFO]  170 | 0.000250 |   3.9592 |   4.4404 |  0.771 |  0.623 | 91/100
		[INFO]  171 | 0.000250 |   3.9943 |   4.3255 |  0.767 |  0.643 | 92/100
		[INFO]  172 | 0.000250 |   3.9415 |   4.8772 |  0.771 |  0.546 | 93/100
		[INFO]  173 | 0.000250 |   3.9584 |   4.3005 |  0.768 |  0.647 | 94/100
		[INFO]  174 | 0.000250 |   3.9288 |   4.8702 |  0.771 |  0.547 | 95/100
		[INFO]  175 | 0.000250 |   3.9906 |   4.7828 |  0.762 |  0.563 | 96/100
		[INFO]  176 | 0.000250 |   4.0245 |   4.4943 |  0.762 |  0.614 | 97/100
		[INFO]  177 | 0.000250 |   3.9934 |   4.1807 |  0.766 |  0.666 | 98/100
		[INFO]  178 | 0.000250 |   3.9436 |   4.7279 |  0.769 |  0.573 | 99/100

[Stopping] Early stopping triggered after 178 epochs.
Training Complete. Results saved to: ./data/training_results/STAF_currentSOC_V8_CASE2
		[INFO] Case 2 completed.

	3.1 Training Case 1...

=== Starting Training Run: STAF_currentSOC_V8_CASE1 ===
Device: cuda
		[INFO] Starting Preprocessing for Case 1...
		[INFO] Unique quantized indices: 6686
		[INFO] Suggested num_embeddings: 8023
		[INFO] Generating sliding windows...
Column names ['sin_hour', 'cos_hour', 'sin_day', 'cos_day', 'building_T1', 'building_T2', 'building_T3', 'building_T4', 'building_T5', 'building_T6', 'building_T7', 'building_T8', 'building_T9', 'building_T10', 'building_T11', 'building_T12', 'building_T13', 'building_T14', 'building_T15', 'building_T16', 'building_T17', 'building_T18', 'building_T19', 'building_T20', 'building_T21', 'building_T22', 'building_T23', 'building_T24', 'radiation_T1', 'radiation_T2', 'radiation_T3', 'radiation_T4', 'radiation_T5', 'radiation_T6', 'radiation_T7', 'radiation_T8', 'radiation_T9', 'radiation_T10', 'radiation_T11', 'radiation_T12', 'radiation_T13', 'radiation_T14', 'radiation_T15', 'radiation_T16', 'radiation_T17', 'radiation_T18', 'radiation_T19', 'radiation_T20', 'radiation_T21', 'radiation_T22', 'radiation_T23', 'radiation_T24', 'temperature_T1', 'temperature_T2', 'temperature_T3', 'temperature_T4', 'temperature_T5', 'temperature_T6', 'temperature_T7', 'temperature_T8', 'temperature_T9', 'temperature_T10', 'temperature_T11', 'temperature_T12', 'temperature_T13', 'temperature_T14', 'temperature_T15', 'temperature_T16', 'temperature_T17', 'temperature_T18', 'temperature_T19', 'temperature_T20', 'temperature_T21', 'temperature_T22', 'temperature_T23', 'temperature_T24', 'priceG2B_T1', 'priceG2B_T2', 'priceG2B_T3', 'priceG2B_T4', 'priceG2B_T5', 'priceG2B_T6', 'priceG2B_T7', 'priceG2B_T8', 'priceG2B_T9', 'priceG2B_T10', 'priceG2B_T11', 'priceG2B_T12', 'priceG2B_T13', 'priceG2B_T14', 'priceG2B_T15', 'priceG2B_T16', 'priceG2B_T17', 'priceG2B_T18', 'priceG2B_T19', 'priceG2B_T20', 'priceG2B_T21', 'priceG2B_T22', 'priceG2B_T23', 'priceG2B_T24', 'priceG2V_T1', 'priceG2V_T2', 'priceG2V_T3', 'priceG2V_T4', 'priceG2V_T5', 'priceG2V_T6', 'priceG2V_T7', 'priceG2V_T8', 'priceG2V_T9', 'priceG2V_T10', 'priceG2V_T11', 'priceG2V_T12', 'priceG2V_T13', 'priceG2V_T14', 'priceG2V_T15', 'priceG2V_T16', 'priceG2V_T17', 'priceG2V_T18', 'priceG2V_T19', 'priceG2V_T20', 'priceG2V_T21', 'priceG2V_T22', 'priceG2V_T23', 'priceG2V_T24', 'battery_T1', 'battery_T2', 'battery_T3', 'battery_T4', 'battery_T5', 'battery_T6', 'battery_T7', 'battery_T8', 'battery_T9', 'battery_T10', 'battery_T11', 'battery_T12', 'battery_T13', 'battery_T14', 'battery_T15', 'battery_T16', 'battery_T17', 'battery_T18', 'battery_T19', 'battery_T20', 'battery_T21', 'battery_T22', 'battery_T23', 'battery_T24', 'SOC_V1', 'SOC_V2', 'SOC_V3', 'SOC_V4', 'SOC_V5', 'SOC_V6', 'SOC_V7', 'SOC_V8', 'SOC_V9', 'SOC_V10', 'SOC_V11', 'SOC_V12', 'SOC_V13', 'SOC_V14', 'SOC_V15', 'SOC_V16', 'SOC_V17', 'SOC_V18', 'SOC_V19', 'SOC_V20', 'SOC_V21', 'SOC_V22', 'SOC_V23', 'SOC_V24', 'SOC_V25', 'SOC_V26', 'SOC_V27', 'SOC_V28', 'SOC_V29', 'SOC_V30', 'SOC_V31', 'SOC_V32', 'SOC_V33', 'SOC_V34', 'SOC_V35', 'SOC_V36', 'SOC_V37', 'SOC_V38', 'SOC_V39', 'SOC_V40', 'SOC_V41', 'SOC_V42', 'SOC_V43', 'SOC_V44', 'SOC_V45', 'SOC_V46', 'SOC_V47', 'SOC_V48', 'SOC_V49', 'SOC_V50', 'SOC_V51', 'SOC_V52', 'SOC_V53', 'SOC_V54', 'SOC_V55', 'SOC_V56', 'SOC_V57', 'SOC_V58', 'SOC_V59', 'SOC_V60', 'SOC_V61', 'SOC_V62', 'SOC_V63', 'SOC_V64', 'SOC_V65', 'SOC_V66', 'SOC_V67', 'SOC_V68', 'SOC_V69', 'SOC_V70', 'SOC_V71', 'SOC_V72', 'SOC_V73', 'SOC_V74', 'SOC_V75', 'SOC_V76', 'target']
Number of columns: 225
Number of rows: 2016
		[INFO] Saved dataset: ./data/training_results/STAF_currentSOC_V8_CASE1/merged_dataset_STAF_currentSOC_V8_CASE1.csv (Shape: (2016, 225))
		[INFO] Saved metadata: ./data/training_results/STAF_currentSOC_V8_CASE1/feature_info_STAF_currentSOC_V8_CASE1.json
	[Model Config] Detected Dims: {'static': 4, 'series_count': 6, 'seq_len': 24, 'vehicle': 76, 'emb_vocab': 1000}
		[INFO] Data loaded. Train: 1411, Val: 605
		[INFO] Fitting new scalers on training data...
		[INFO] Calculating weights for imbalanced regression...
		[INFO] 
==================================================
		[INFO] 🚀 TRAINING SESSION: STAF_currentSOC_V8_CASE1
		[INFO] ==================================================
		[INFO] Device:             cuda
		[INFO] Model Parameters:   42,058
		[INFO] --------------------------------------------------
		[INFO] Epochs:             5000
		[INFO] Batch Size:         32
		[INFO] Learning Rate:      0.0005
		[INFO] Weight Decay:       0.0005
		[INFO] Dropout:            0.6
		[INFO] --------------------------------------------------
		[INFO] Hidden Layers:      [128, 32]
		[INFO] Embedding Dim:      8
		[INFO] Attention Heads:    4
		[INFO]==================================================


		[INFO]Epoch |    LR    | Trn RMSE | Val RMSE | Trn R2 | Val R2 | Stop
-----------------------------------------------------------------
		[INFO]    1 | 0.000500 |   8.0389 |  10.7898 |  0.032 | -1.274 | 0/100
		[INFO]    2 | 0.000500 |   7.6495 |  10.3663 |  0.106 | -1.099 | 0/100
		[INFO]    3 | 0.000500 |   7.3419 |  10.0369 |  0.174 | -0.968 | 0/100
		[INFO]    4 | 0.000500 |   7.0033 |   9.2744 |  0.220 | -0.680 | 0/100
		[INFO]    5 | 0.000500 |   6.8567 |   9.1049 |  0.296 | -0.619 | 0/100
		[INFO]    6 | 0.000500 |   6.6829 |   8.3873 |  0.364 | -0.374 | 0/100
		[INFO]    7 | 0.000500 |   6.3815 |   7.9667 |  0.407 | -0.240 | 0/100
		[INFO]    8 | 0.000500 |   6.0567 |   8.1089 |  0.458 | -0.284 | 0/100
		[INFO]    9 | 0.000500 |   5.6963 |   7.5603 |  0.487 | -0.117 | 1/100
		[INFO]   10 | 0.000500 |   5.4245 |   7.0779 |  0.551 |  0.021 | 0/100
		[INFO]   11 | 0.000500 |   5.4515 |   7.1432 |  0.572 |  0.003 | 0/100
		[INFO]   12 | 0.000500 |   5.1936 |   6.2924 |  0.606 |  0.226 | 1/100
		[INFO]   13 | 0.000500 |   4.9405 |   6.4583 |  0.632 |  0.185 | 0/100
		[INFO]   14 | 0.000500 |   4.8739 |   6.7314 |  0.644 |  0.115 | 1/100
		[INFO]   15 | 0.000500 |   4.8324 |   5.8999 |  0.652 |  0.320 | 2/100
		[INFO]   16 | 0.000500 |   4.7125 |   6.5721 |  0.678 |  0.156 | 0/100
		[INFO]   17 | 0.000500 |   4.6774 |   5.8307 |  0.676 |  0.335 | 1/100
		[INFO]   18 | 0.000500 |   4.6045 |   6.3508 |  0.689 |  0.212 | 0/100
		[INFO]   19 | 0.000500 |   4.9691 |   5.4050 |  0.694 |  0.429 | 1/100
		[INFO]   20 | 0.000500 |   4.5967 |   6.1194 |  0.689 |  0.268 | 0/100
		[INFO]   21 | 0.000500 |   4.4529 |   5.8664 |  0.706 |  0.328 | 1/100
		[INFO]   22 | 0.000500 |   4.8013 |   5.8411 |  0.715 |  0.333 | 2/100
		[INFO]   23 | 0.000500 |   4.5396 |   6.4889 |  0.690 |  0.177 | 3/100
		[INFO]   24 | 0.000500 |   4.4954 |   6.1798 |  0.707 |  0.254 | 4/100
		[INFO]   25 | 0.000500 |   4.5298 |   6.1157 |  0.700 |  0.269 | 5/100
		[INFO]   26 | 0.000500 |   4.4907 |   6.2980 |  0.686 |  0.225 | 6/100
		[INFO]   27 | 0.000500 |   4.3572 |   5.7623 |  0.717 |  0.351 | 7/100
		[INFO]   28 | 0.000500 |   4.1502 |   5.7565 |  0.730 |  0.352 | 8/100
		[INFO]   29 | 0.000500 |   4.3194 |   5.3990 |  0.719 |  0.430 | 9/100
		[INFO]   30 | 0.000500 |   4.2016 |   5.6751 |  0.731 |  0.370 | 0/100
		[INFO]   31 | 0.000500 |   4.3592 |   5.4425 |  0.709 |  0.421 | 1/100
		[INFO]   32 | 0.000500 |   4.4291 |   6.1774 |  0.703 |  0.254 | 2/100
		[INFO]   33 | 0.000500 |   4.4032 |   6.1628 |  0.716 |  0.258 | 3/100
		[INFO]   34 | 0.000500 |   4.2544 |   5.6407 |  0.730 |  0.378 | 4/100
		[INFO]   35 | 0.000500 |   4.4726 |   5.4020 |  0.726 |  0.429 | 5/100
		[INFO]   36 | 0.000500 |   4.4539 |   5.2783 |  0.724 |  0.455 | 6/100
		[INFO]   37 | 0.000500 |   4.2608 |   5.2506 |  0.746 |  0.461 | 0/100
		[INFO]   38 | 0.000500 |   4.5201 |   5.8005 |  0.690 |  0.342 | 0/100
		[INFO]   39 | 0.000500 |   4.4546 |   5.2798 |  0.715 |  0.455 | 1/100
		[INFO]   40 | 0.000500 |   4.4790 |   5.9700 |  0.714 |  0.303 | 2/100
		[INFO]   41 | 0.000500 |   4.2319 |   5.4257 |  0.722 |  0.424 | 3/100
		[INFO]   42 | 0.000500 |   4.4228 |   5.2963 |  0.717 |  0.452 | 4/100
		[INFO]   43 | 0.000500 |   4.2141 |   5.5392 |  0.731 |  0.400 | 5/100
		[INFO]   44 | 0.000500 |   4.4123 |   5.7050 |  0.716 |  0.364 | 6/100
		[INFO]   45 | 0.000500 |   4.2112 |   5.1967 |  0.728 |  0.472 | 7/100
		[INFO]   46 | 0.000500 |   4.2540 |   5.2858 |  0.733 |  0.454 | 0/100
		[INFO]   47 | 0.000500 |   4.1503 |   5.3075 |  0.743 |  0.449 | 1/100
		[INFO]   48 | 0.000500 |   4.3294 |   5.1865 |  0.723 |  0.474 | 2/100
		[INFO]   49 | 0.000500 |   4.1410 |   5.2099 |  0.743 |  0.470 | 0/100
		[INFO]   50 | 0.000500 |   3.9665 |   5.4317 |  0.760 |  0.423 | 1/100
		[INFO]   51 | 0.000500 |   4.1958 |   5.3440 |  0.730 |  0.442 | 2/100
		[INFO]   52 | 0.000500 |   4.2563 |   5.0013 |  0.755 |  0.511 | 3/100
		[INFO]   53 | 0.000500 |   4.0793 |   5.2056 |  0.748 |  0.470 | 0/100
		[INFO]   54 | 0.000500 |   4.0443 |   5.4491 |  0.748 |  0.420 | 1/100
		[INFO]   55 | 0.000500 |   4.3839 |   5.8327 |  0.747 |  0.335 | 2/100
		[INFO]   56 | 0.000500 |   4.0756 |   5.1490 |  0.748 |  0.482 | 3/100
		[INFO]   57 | 0.000500 |   4.1061 |   5.4421 |  0.746 |  0.421 | 4/100
		[INFO]   58 | 0.000500 |   4.7012 |   5.0558 |  0.745 |  0.500 | 5/100
		[INFO]   59 | 0.000500 |   4.2348 |   5.3628 |  0.745 |  0.438 | 6/100
		[INFO]   60 | 0.000500 |   4.0737 |   6.2549 |  0.743 |  0.235 | 7/100
		[INFO]   61 | 0.000500 |   4.0922 |   5.7325 |  0.740 |  0.358 | 8/100
		[INFO]   62 | 0.000500 |   4.1761 |   5.5276 |  0.735 |  0.403 | 9/100
		[INFO]   63 | 0.000500 |   3.9469 |   5.5171 |  0.753 |  0.405 | 10/100
		[INFO]   64 | 0.000500 |   4.0281 |   5.0178 |  0.762 |  0.508 | 11/100
		[INFO]   65 | 0.000500 |   4.1503 |   5.4434 |  0.767 |  0.421 | 12/100
		[INFO]   66 | 0.000500 |   4.0790 |   4.9814 |  0.748 |  0.515 | 13/100
		[INFO]   67 | 0.000500 |   3.8881 |   5.0797 |  0.768 |  0.496 | 0/100
		[INFO]   68 | 0.000500 |   4.0798 |   5.2267 |  0.754 |  0.466 | 1/100
		[INFO]   69 | 0.000500 |   4.0758 |   5.3575 |  0.757 |  0.439 | 2/100
		[INFO]   70 | 0.000500 |   3.7960 |   5.4067 |  0.780 |  0.429 | 3/100
		[INFO]   71 | 0.000500 |   4.2209 |   5.6575 |  0.743 |  0.374 | 4/100
		[INFO]   72 | 0.000500 |   4.0522 |   5.6362 |  0.752 |  0.379 | 5/100
		[INFO]   73 | 0.000500 |   3.8533 |   5.4725 |  0.773 |  0.415 | 6/100
		[INFO]   74 | 0.000500 |   3.9167 |   5.4366 |  0.763 |  0.422 | 7/100
		[INFO]   75 | 0.000500 |   4.0260 |   5.5876 |  0.761 |  0.390 | 8/100
		[INFO]   76 | 0.000500 |   4.1996 |   5.2520 |  0.738 |  0.461 | 9/100
		[INFO]   77 | 0.000500 |   3.9271 |   5.5641 |  0.772 |  0.395 | 10/100
		[INFO]   78 | 0.000500 |   4.2209 |   4.9601 |  0.760 |  0.519 | 11/100
		[INFO]   79 | 0.000500 |   4.1213 |   4.8550 |  0.759 |  0.539 | 0/100
		[INFO]   80 | 0.000500 |   4.1355 |   5.3848 |  0.734 |  0.433 | 0/100
		[INFO]   81 | 0.000500 |   4.1630 |   5.3951 |  0.743 |  0.431 | 1/100
		[INFO]   82 | 0.000500 |   4.3962 |   4.9811 |  0.729 |  0.515 | 2/100
		[INFO]   83 | 0.000500 |   4.2039 |   5.4552 |  0.760 |  0.418 | 3/100
		[INFO]   84 | 0.000500 |   4.3140 |   5.5977 |  0.753 |  0.387 | 4/100
		[INFO]   85 | 0.000500 |   3.9601 |   5.6791 |  0.758 |  0.369 | 5/100
		[INFO]   86 | 0.000500 |   4.1798 |   4.9969 |  0.752 |  0.512 | 6/100
		[INFO]   87 | 0.000500 |   4.0978 |   5.2585 |  0.748 |  0.459 | 7/100
		[INFO]   88 | 0.000500 |   4.0807 |   4.8742 |  0.744 |  0.535 | 8/100
		[INFO]   89 | 0.000500 |   4.1019 |   5.1472 |  0.759 |  0.482 | 9/100
		[INFO]   90 | 0.000500 |   4.0007 |   5.2596 |  0.755 |  0.459 | 10/100
		[INFO]   91 | 0.000500 |   3.9556 |   4.4159 |  0.768 |  0.619 | 11/100
		[INFO]   92 | 0.000500 |   3.9848 |   5.6663 |  0.760 |  0.372 | 0/100
		[INFO]   93 | 0.000500 |   3.9010 |   5.0055 |  0.763 |  0.510 | 1/100
		[INFO]   94 | 0.000500 |   4.0459 |   5.3860 |  0.759 |  0.433 | 2/100
		[INFO]   95 | 0.000500 |   4.0568 |   5.8099 |  0.754 |  0.340 | 3/100
		[INFO]   96 | 0.000500 |   4.4347 |   5.1115 |  0.744 |  0.489 | 4/100
		[INFO]   97 | 0.000500 |   3.9770 |   5.1160 |  0.762 |  0.488 | 5/100
		[INFO]   98 | 0.000500 |   4.3234 |   5.7775 |  0.767 |  0.348 | 6/100
		[INFO]   99 | 0.000500 |   4.0533 |   4.8872 |  0.766 |  0.533 | 7/100
		[INFO]  100 | 0.000500 |   4.2408 |   5.7797 |  0.758 |  0.347 | 8/100
		[INFO]  101 | 0.000500 |   3.8711 |   4.9152 |  0.765 |  0.528 | 9/100
		[INFO]  102 | 0.000500 |   4.0736 |   5.0433 |  0.752 |  0.503 | 10/100
		[INFO]  103 | 0.000500 |   4.2128 |   4.9627 |  0.748 |  0.519 | 11/100
		[INFO]  104 | 0.000500 |   3.9722 |   5.2264 |  0.771 |  0.466 | 12/100
		[INFO]  105 | 0.000500 |   3.9719 |   4.8569 |  0.756 |  0.539 | 13/100
		[INFO]  106 | 0.000500 |   4.0164 |   5.1862 |  0.750 |  0.474 | 14/100
		[INFO]  107 | 0.000500 |   4.2100 |   5.5883 |  0.761 |  0.390 | 15/100
		[INFO]  108 | 0.000500 |   4.3568 |   4.6734 |  0.770 |  0.573 | 16/100
		[INFO]  109 | 0.000500 |   3.9569 |   5.8134 |  0.766 |  0.340 | 17/100
		[INFO]  110 | 0.000500 |   3.9594 |   4.9896 |  0.762 |  0.513 | 18/100
		[INFO]  111 | 0.000500 |   3.8078 |   5.0708 |  0.775 |  0.497 | 19/100
		[INFO]  112 | 0.000500 |   3.9776 |   4.6709 |  0.767 |  0.573 | 20/100
		[INFO]  113 | 0.000500 |   3.8946 |   5.5951 |  0.772 |  0.388 | 21/100
		[INFO]  114 | 0.000500 |   4.0416 |   5.0466 |  0.775 |  0.502 | 22/100
		[INFO]  115 | 0.000500 |   3.8977 |   5.0349 |  0.776 |  0.504 | 23/100
		[INFO]  116 | 0.000500 |   3.9762 |   5.1798 |  0.769 |  0.476 | 24/100
		[INFO]  117 | 0.000500 |   4.1547 |   5.6203 |  0.770 |  0.382 | 25/100
		[INFO]  118 | 0.000500 |   3.7923 |   5.4376 |  0.783 |  0.422 | 26/100
		[INFO]  119 | 0.000500 |   3.8541 |   4.9464 |  0.773 |  0.522 | 27/100
		[INFO]  120 | 0.000500 |   3.9823 |   4.6861 |  0.765 |  0.570 | 28/100
		[INFO]  121 | 0.000500 |   3.7378 |   4.8782 |  0.791 |  0.535 | 29/100
		[INFO]  122 | 0.000500 |   3.9066 |   5.1578 |  0.774 |  0.480 | 30/100
		[INFO]  123 | 0.000500 |   4.1978 |   4.9522 |  0.743 |  0.521 | 31/100
		[INFO]  124 | 0.000500 |   4.0039 |   4.7422 |  0.780 |  0.560 | 32/100
		[INFO]  125 | 0.000500 |   3.7855 |   5.0819 |  0.777 |  0.495 | 33/100
		[INFO]  126 | 0.000500 |   3.8166 |   5.2770 |  0.769 |  0.456 | 34/100
		[INFO]  127 | 0.000500 |   4.3267 |   5.2570 |  0.778 |  0.460 | 35/100
		[INFO]  128 | 0.000500 |   4.0650 |   5.2166 |  0.754 |  0.468 | 36/100
		[INFO]  129 | 0.000500 |   3.9758 |   4.7013 |  0.767 |  0.568 | 37/100
		[INFO]  130 | 0.000500 |   4.1117 |   5.5026 |  0.757 |  0.408 | 38/100
		[INFO]  131 | 0.000500 |   3.9742 |   4.8979 |  0.774 |  0.531 | 39/100
		[INFO]  132 | 0.000500 |   3.8519 |   5.1903 |  0.784 |  0.473 | 40/100
		[INFO]  133 | 0.000500 |   4.2377 |   5.1607 |  0.778 |  0.479 | 41/100
		[INFO]  134 | 0.000500 |   4.0033 |   4.9103 |  0.760 |  0.529 | 42/100
		[INFO]  135 | 0.000500 |   4.1183 |   4.7890 |  0.745 |  0.551 | 43/100
		[INFO]  136 | 0.000500 |   4.3317 |   5.2151 |  0.750 |  0.468 | 44/100
		[INFO]  137 | 0.000500 |   3.9858 |   4.4985 |  0.774 |  0.604 | 45/100
		[INFO]  138 | 0.000500 |   4.2599 |   5.1243 |  0.754 |  0.487 | 46/100
		[INFO]  139 | 0.000500 |   3.8554 |   4.9178 |  0.779 |  0.527 | 47/100
		[INFO]  140 | 0.000500 |   3.9714 |   5.0833 |  0.767 |  0.495 | 48/100
		[INFO]  141 | 0.000500 |   3.9427 |   4.7944 |  0.765 |  0.550 | 49/100
		[INFO]  142 | 0.000500 |   3.8529 |   5.0070 |  0.780 |  0.510 | 50/100
		[INFO]  143 | 0.000250 |   4.0162 |   5.1783 |  0.768 |  0.476 | 51/100
		[INFO]  144 | 0.000250 |   3.8263 |   4.9530 |  0.772 |  0.520 | 52/100
		[INFO]  145 | 0.000250 |   3.9252 |   4.8326 |  0.775 |  0.543 | 53/100
		[INFO]  146 | 0.000250 |   3.8999 |   4.9638 |  0.786 |  0.518 | 54/100
		[INFO]  147 | 0.000250 |   3.9399 |   5.1578 |  0.787 |  0.480 | 55/100
		[INFO]  148 | 0.000250 |   3.9076 |   5.2229 |  0.773 |  0.467 | 56/100
		[INFO]  149 | 0.000250 |   3.8284 |   4.6834 |  0.774 |  0.571 | 57/100
		[INFO]  150 | 0.000250 |   3.8307 |   4.8653 |  0.790 |  0.537 | 58/100
		[INFO]  151 | 0.000250 |   3.7981 |   5.2036 |  0.778 |  0.471 | 59/100
		[INFO]  152 | 0.000250 |   4.0013 |   4.8384 |  0.766 |  0.542 | 60/100
		[INFO]  153 | 0.000250 |   4.0461 |   4.7872 |  0.773 |  0.552 | 61/100
		[INFO]  154 | 0.000250 |   3.7456 |   5.8603 |  0.788 |  0.329 | 62/100
		[INFO]  155 | 0.000250 |   3.9302 |   5.1619 |  0.798 |  0.479 | 63/100
		[INFO]  156 | 0.000250 |   3.9510 |   4.6248 |  0.790 |  0.582 | 64/100
		[INFO]  157 | 0.000250 |   3.8856 |   4.8890 |  0.779 |  0.533 | 65/100
		[INFO]  158 | 0.000250 |   3.8534 |   5.0057 |  0.782 |  0.510 | 66/100
		[INFO]  159 | 0.000250 |   4.0380 |   5.4869 |  0.786 |  0.411 | 67/100
		[INFO]  160 | 0.000250 |   4.0089 |   5.1634 |  0.781 |  0.479 | 68/100
		[INFO]  161 | 0.000250 |   3.8167 |   4.9332 |  0.782 |  0.524 | 69/100
		[INFO]  162 | 0.000250 |   3.7338 |   5.0818 |  0.789 |  0.495 | 70/100
		[INFO]  163 | 0.000250 |   3.9629 |   4.5980 |  0.795 |  0.586 | 71/100
		[INFO]  164 | 0.000250 |   3.7168 |   5.2151 |  0.789 |  0.468 | 72/100
		[INFO]  165 | 0.000250 |   3.7357 |   5.5208 |  0.789 |  0.404 | 73/100
		[INFO]  166 | 0.000250 |   3.5883 |   5.2058 |  0.799 |  0.470 | 74/100
		[INFO]  167 | 0.000250 |   3.8440 |   5.2595 |  0.777 |  0.459 | 75/100
		[INFO]  168 | 0.000250 |   3.7897 |   5.4090 |  0.788 |  0.428 | 76/100
		[INFO]  169 | 0.000250 |   3.7515 |   5.3379 |  0.783 |  0.443 | 77/100
		[INFO]  170 | 0.000250 |   4.0692 |   4.7852 |  0.778 |  0.552 | 78/100
		[INFO]  171 | 0.000250 |   4.1146 |   5.0138 |  0.777 |  0.508 | 79/100
		[INFO]  172 | 0.000250 |   3.8872 |   5.1644 |  0.780 |  0.479 | 80/100
		[INFO]  173 | 0.000250 |   3.9160 |   4.6800 |  0.780 |  0.572 | 81/100
		[INFO]  174 | 0.000250 |   3.9117 |   4.8710 |  0.771 |  0.536 | 82/100
		[INFO]  175 | 0.000250 |   3.9432 |   5.0162 |  0.776 |  0.508 | 83/100
		[INFO]  176 | 0.000250 |   3.8293 |   4.8918 |  0.788 |  0.532 | 84/100
		[INFO]  177 | 0.000250 |   3.6394 |   4.5981 |  0.791 |  0.586 | 85/100
		[INFO]  178 | 0.000250 |   3.8913 |   4.7121 |  0.786 |  0.566 | 86/100
		[INFO]  179 | 0.000250 |   3.8856 |   4.6439 |  0.810 |  0.578 | 87/100
		[INFO]  180 | 0.000250 |   4.1234 |   5.0595 |  0.773 |  0.499 | 88/100
		[INFO]  181 | 0.000250 |   3.7338 |   5.0569 |  0.796 |  0.500 | 89/100
		[INFO]  182 | 0.000250 |   3.6881 |   5.3915 |  0.793 |  0.432 | 90/100
		[INFO]  183 | 0.000250 |   3.7519 |   4.9376 |  0.788 |  0.523 | 91/100
		[INFO]  184 | 0.000250 |   3.7280 |   4.9125 |  0.805 |  0.528 | 92/100
		[INFO]  185 | 0.000250 |   3.9695 |   5.0209 |  0.773 |  0.507 | 93/100
		[INFO]  186 | 0.000250 |   3.7301 |   4.8474 |  0.786 |  0.540 | 94/100
		[INFO]  187 | 0.000250 |   3.6398 |   4.5119 |  0.794 |  0.602 | 95/100
		[INFO]  188 | 0.000250 |   3.7972 |   4.5753 |  0.782 |  0.590 | 96/100
		[INFO]  189 | 0.000250 |   3.6645 |   4.7731 |  0.798 |  0.554 | 97/100
		[INFO]  190 | 0.000250 |   3.7625 |   4.9612 |  0.789 |  0.519 | 98/100
/home/lisa4090/Documents/GitHub/V2B_Optimization_with_AI_on_BSS/testcase/testcaseV4.py:210: FutureWarning: You are using `torch.load` with `weights_only=False` (the current default value), which uses the default pickle module implicitly. It is possible to construct malicious pickle data which will execute arbitrary code during unpickling (See https://github.com/pytorch/pytorch/blob/main/SECURITY.md#untrusted-models for more details). In a future release, the default value for `weights_only` will be flipped to `True`. This limits the functions that could be executed during unpickling. Arbitrary objects will no longer be allowed to be loaded via this mode unless they are explicitly allowlisted by the user via `torch.serialization.add_safe_globals`. We recommend you start setting `weights_only=True` for any use case where you don't have full control of the loaded file. Please open an issue on GitHub for any issues related to this experimental feature.
  model.load_state_dict(torch.load(os.path.join(base_path, "checkpoints", "best_model.pth"), map_location=cfg.DEVICE))
		[INFO]  191 | 0.000250 |   3.8409 |   4.9028 |  0.777 |  0.530 | 99/100

[Stopping] Early stopping triggered after 191 epochs.
Training Complete. Results saved to: ./data/training_results/STAF_currentSOC_V8_CASE1
		[INFO] Case 1 completed.


==================================================
PART 4: Testing...
==================================================

	4.2 Testing Case 2...
🚀 Starting Dynamic Simulation (Updating SOC per hour)
Traceback (most recent call last):
  File "/home/lisa4090/Documents/GitHub/V2B_Optimization_with_AI_on_BSS/main.py", line 76, in <module>
    main()
    ~~~~^^
  File "/home/lisa4090/Documents/GitHub/V2B_Optimization_with_AI_on_BSS/main.py", line 54, in main
    #     run_dynamic_simulation(case_id=case_num, run_name= cfg.RUN_NAME+f"_CASE{case_num}")
  File "/home/lisa4090/Documents/GitHub/V2B_Optimization_with_AI_on_BSS/testcase/testcaseV4.py", line 236, in run_dynamic_simulation
    model, feat_info, b_demand, rad, temp, priceG2B, priceG2V, batt_demand, batt_details, batt_sched = load_data_and_model(case_id, run_name)
                                                                                                       ~~~~~~~~~~~~~~~~~~~^^^^^^^^^^^^^^^^^^^
  File "/home/lisa4090/Documents/GitHub/V2B_Optimization_with_AI_on_BSS/testcase/testcaseV4.py", line 210, in load_data_and_model
    model.load_state_dict(torch.load(os.path.join(base_path, "checkpoints", "best_model.pth"), map_location=cfg.DEVICE))
    ~~~~~~~~~~~~~~~~~~~~~^^^^^^^^^^^^^^^^^^^^^^^^^^^^^^^^^^^^^^^^^^^^^^^^^^^^^^^^^^^^^^^^^^^^^^^^^^^^^^^^^^^^^^^^^^^^^^^
  File "/home/lisa4090/anaconda3/envs/AIonBSS/lib/python3.13/site-packages/torch/nn/modules/module.py", line 2584, in load_state_dict
    raise RuntimeError(
    ...<3 lines>...
    )
RuntimeError: Error(s) in loading state_dict for TemporalAttentiveFusionNet:
	size mismatch for series_embedding.weight: copying a param with shape torch.Size([1000, 8]) from checkpoint, the shape in current model is torch.Size([5000, 8]).
	size mismatch for mlp.1.weight: copying a param with shape torch.Size([128, 224]) from checkpoint, the shape in current model is torch.Size([256, 224]).
	size mismatch for mlp.1.bias: copying a param with shape torch.Size([128]) from checkpoint, the shape in current model is torch.Size([256]).
	size mismatch for mlp.2.weight: copying a param with shape torch.Size([128]) from checkpoint, the shape in current model is torch.Size([256]).
	size mismatch for mlp.2.bias: copying a param with shape torch.Size([128]) from checkpoint, the shape in current model is torch.Size([256]).
	size mismatch for mlp.2.running_mean: copying a param with shape torch.Size([128]) from checkpoint, the shape in current model is torch.Size([256]).
	size mismatch for mlp.2.running_var: copying a param with shape torch.Size([128]) from checkpoint, the shape in current model is torch.Size([256]).
	size mismatch for mlp.5.weight: copying a param with shape torch.Size([32, 128]) from checkpoint, the shape in current model is torch.Size([64, 256]).
	size mismatch for mlp.5.bias: copying a param with shape torch.Size([32]) from checkpoint, the shape in current model is torch.Size([64]).
	size mismatch for mlp.6.weight: copying a param with shape torch.Size([32]) from checkpoint, the shape in current model is torch.Size([64]).
	size mismatch for mlp.6.bias: copying a param with shape torch.Size([32]) from checkpoint, the shape in current model is torch.Size([64]).
	size mismatch for mlp.6.running_mean: copying a param with shape torch.Size([32]) from checkpoint, the shape in current model is torch.Size([64]).
	size mismatch for mlp.6.running_var: copying a param with shape torch.Size([32]) from checkpoint, the shape in current model is torch.Size([64]).
	size mismatch for mlp.9.weight: copying a param with shape torch.Size([1, 32]) from checkpoint, the shape in current model is torch.Size([1, 64]).
