nohup: ignoring input
Crash diagnostics ON


==================================================
PART 1: Data preprocess for 2023-01-01 00:00:00 to 2024-09-30 23:00:00...
==================================================

	1.1 Preprocessing radiation data...
		[INFO] Radiation data already exists at './data/timeseries/radiation_data.csv'

	1.2 Preprocessing temperature data...
		[INFO] Temperature data already exists at './data/timeseries/temperature_data.csv'

	1.3 Preprocessing building data...
		[INFO] Building data already exists at './data/timeseries/building_data.csv'

	1.4 Preprocessing electricity cost data...
		[INFO] Electricity cost data already exists at './data/timeseries/electricitycostG2B_data.csv' and './data/timeseries/electricitycostG2V_data.csv'

	1.5 Preprocessing battery demand series data...
		[INFO] Found existing battery data at 'data/battery_demandV2/resample_full.csv' and 'data/battery_demandV2/resample_train.csv'

		[INFO] Number of series for clean windows = (168, 37)
		[INFO] Number of eligible series for Case 2 = (1395, 37)
		[INFO] Case 1 exists — loaded battery demand from 'data/battery_demandV2/case1_real_only/battery_demand.npy' with shape (168, 37).
		[INFO] Case 2 exists — loaded battery demand from 'data/battery_demandV2/case2_nan_filled/battery_demand.npy' with shape (1563, 37).
		[INFO] Case 0 exists — loaded battery demand from 'data/battery_demandV2/case0_test/battery_demand.npy' with shape (2, 49).

	1.6 Generating battery schedule...
		[INFO] Case 0 exists — loaded from 'data/battery_demandV2/case0_test/battery_availability.npy' and 'data/battery_demandV2/case0_test/battery_details.npy' shape (2, 272, 48) and (4, 2, 272)
		[INFO] Case 1 exists — loaded from 'data/battery_demandV2/case1_real_only/battery_availability.npy' and 'data/battery_demandV2/case1_real_only/battery_details.npy' shape (168, 237, 36) and (4, 168, 237)
		[INFO] Case 2 exists — loaded from 'data/battery_demandV2/case2_nan_filled/battery_availability.npy' and 'data/battery_demandV2/case2_nan_filled/battery_details.npy' shape (1563, 237, 36) and (4, 1563, 237)
		[ERROR] Could not load battery demand from 'data/battery_demandV2/case3_extended_generated/battery_demand.npy': [Errno 2] No such file or directory: 'data/battery_demandV2/case3_extended_generated/battery_demand.npy'


==================================================
PART 2: MILP Optimization...
==================================================

	2.0 Optimizing Case 0...
		[INFO] Loaded 2 samples from 'data/battery_demandV2/case0_test'
		[INFO] Results already exist at 'data/optimization_resultsV2/case0_test/immediate_charging/V2B.npy'. Skipping immediate_charging run.
		[INFO] Results already exist at 'data/optimization_resultsV2/case0_test/optimization/V2B.npy'. Skipping optimization run.
		[INFO] Case 0 completed.

	2.1 Optimizing Case 1...
		[INFO] Loaded 168 samples from 'data/battery_demandV2/case1_real_only'
		[INFO] Results already exist at 'data/optimization_resultsV2/case1_real_only/immediate_charging/V2B.npy'. Skipping immediate_charging run.
		[INFO] Results already exist at 'data/optimization_resultsV2/case1_real_only/optimization/V2B.npy'. Skipping optimization run.
		[INFO] Case 1 completed.

	2.2 Optimizing Case 2...
		[INFO] Loaded 1563 samples from 'data/battery_demandV2/case2_nan_filled'
		[INFO] Results already exist at 'data/optimization_resultsV2/case2_nan_filled/immediate_charging/V2B.npy'. Skipping immediate_charging run.
		[INFO] Results already exist at 'data/optimization_resultsV2/case2_nan_filled/optimization/V2B.npy'. Skipping optimization run.
		[INFO] Case 2 completed.


==================================================
PART 3: Supervised Learning...
==================================================

	3.2 Training Case 2...

=== Starting Training Run: STAF_currentSOC_V5_CASE2 ===
Device: cuda
		[INFO] Starting Preprocessing for Case 2...
		[INFO] Unique quantized indices: 28274
		[INFO] Suggested num_embeddings: 33928
		[INFO] Generating sliding windows...
Column names ['sin_hour', 'cos_hour', 'sin_day', 'cos_day', 'building_T1', 'building_T2', 'building_T3', 'building_T4', 'building_T5', 'building_T6', 'building_T7', 'building_T8', 'building_T9', 'building_T10', 'building_T11', 'building_T12', 'building_T13', 'building_T14', 'building_T15', 'building_T16', 'building_T17', 'building_T18', 'building_T19', 'building_T20', 'building_T21', 'building_T22', 'building_T23', 'building_T24', 'radiation_T1', 'radiation_T2', 'radiation_T3', 'radiation_T4', 'radiation_T5', 'radiation_T6', 'radiation_T7', 'radiation_T8', 'radiation_T9', 'radiation_T10', 'radiation_T11', 'radiation_T12', 'radiation_T13', 'radiation_T14', 'radiation_T15', 'radiation_T16', 'radiation_T17', 'radiation_T18', 'radiation_T19', 'radiation_T20', 'radiation_T21', 'radiation_T22', 'radiation_T23', 'radiation_T24', 'temperature_T1', 'temperature_T2', 'temperature_T3', 'temperature_T4', 'temperature_T5', 'temperature_T6', 'temperature_T7', 'temperature_T8', 'temperature_T9', 'temperature_T10', 'temperature_T11', 'temperature_T12', 'temperature_T13', 'temperature_T14', 'temperature_T15', 'temperature_T16', 'temperature_T17', 'temperature_T18', 'temperature_T19', 'temperature_T20', 'temperature_T21', 'temperature_T22', 'temperature_T23', 'temperature_T24', 'priceG2B_T1', 'priceG2B_T2', 'priceG2B_T3', 'priceG2B_T4', 'priceG2B_T5', 'priceG2B_T6', 'priceG2B_T7', 'priceG2B_T8', 'priceG2B_T9', 'priceG2B_T10', 'priceG2B_T11', 'priceG2B_T12', 'priceG2B_T13', 'priceG2B_T14', 'priceG2B_T15', 'priceG2B_T16', 'priceG2B_T17', 'priceG2B_T18', 'priceG2B_T19', 'priceG2B_T20', 'priceG2B_T21', 'priceG2B_T22', 'priceG2B_T23', 'priceG2B_T24', 'priceG2V_T1', 'priceG2V_T2', 'priceG2V_T3', 'priceG2V_T4', 'priceG2V_T5', 'priceG2V_T6', 'priceG2V_T7', 'priceG2V_T8', 'priceG2V_T9', 'priceG2V_T10', 'priceG2V_T11', 'priceG2V_T12', 'priceG2V_T13', 'priceG2V_T14', 'priceG2V_T15', 'priceG2V_T16', 'priceG2V_T17', 'priceG2V_T18', 'priceG2V_T19', 'priceG2V_T20', 'priceG2V_T21', 'priceG2V_T22', 'priceG2V_T23', 'priceG2V_T24', 'battery_T1', 'battery_T2', 'battery_T3', 'battery_T4', 'battery_T5', 'battery_T6', 'battery_T7', 'battery_T8', 'battery_T9', 'battery_T10', 'battery_T11', 'battery_T12', 'battery_T13', 'battery_T14', 'battery_T15', 'battery_T16', 'battery_T17', 'battery_T18', 'battery_T19', 'battery_T20', 'battery_T21', 'battery_T22', 'battery_T23', 'battery_T24', 'SOC_V1', 'SOC_V2', 'SOC_V3', 'SOC_V4', 'SOC_V5', 'SOC_V6', 'SOC_V7', 'SOC_V8', 'SOC_V9', 'SOC_V10', 'SOC_V11', 'SOC_V12', 'SOC_V13', 'SOC_V14', 'SOC_V15', 'SOC_V16', 'SOC_V17', 'SOC_V18', 'SOC_V19', 'SOC_V20', 'SOC_V21', 'SOC_V22', 'SOC_V23', 'SOC_V24', 'SOC_V25', 'SOC_V26', 'SOC_V27', 'SOC_V28', 'SOC_V29', 'SOC_V30', 'SOC_V31', 'SOC_V32', 'SOC_V33', 'SOC_V34', 'SOC_V35', 'SOC_V36', 'SOC_V37', 'SOC_V38', 'SOC_V39', 'SOC_V40', 'SOC_V41', 'SOC_V42', 'SOC_V43', 'SOC_V44', 'SOC_V45', 'SOC_V46', 'SOC_V47', 'SOC_V48', 'SOC_V49', 'SOC_V50', 'SOC_V51', 'SOC_V52', 'SOC_V53', 'SOC_V54', 'SOC_V55', 'SOC_V56', 'SOC_V57', 'SOC_V58', 'SOC_V59', 'SOC_V60', 'SOC_V61', 'SOC_V62', 'SOC_V63', 'SOC_V64', 'SOC_V65', 'SOC_V66', 'SOC_V67', 'SOC_V68', 'SOC_V69', 'SOC_V70', 'SOC_V71', 'SOC_V72', 'SOC_V73', 'SOC_V74', 'SOC_V75', 'SOC_V76', 'target']
Number of columns: 225
Number of rows: 18756
		[INFO] Saved dataset: ./data/training_results/STAF_currentSOC_V5_CASE2/merged_dataset_STAF_currentSOC_V5_CASE2.csv (Shape: (18756, 225))
		[INFO] Saved metadata: ./data/training_results/STAF_currentSOC_V5_CASE2/feature_info_STAF_currentSOC_V5_CASE2.json
	[Model Config] Detected Dims: {'static': 4, 'series_count': 6, 'seq_len': 24, 'vehicle': 76, 'emb_vocab': 2000}
		[INFO] Data loaded. Train: 13129, Val: 5627
		[INFO] Fitting new scalers on training data...
		[INFO] Calculating weights for imbalanced regression...
		[INFO] 
==================================================
		[INFO] 🚀 TRAINING SESSION: STAF_currentSOC_V5_CASE2
		[INFO] ==================================================
		[INFO] Device:             cuda
		[INFO] Model Parameters:   91,530
		[INFO] --------------------------------------------------
		[INFO] Epochs:             5000
		[INFO] Batch Size:         128
		[INFO] Learning Rate:      0.005
		[INFO] Weight Decay:       0.005
		[INFO] Dropout:            0.6
		[INFO] --------------------------------------------------
		[INFO] Hidden Layers:      [256, 64]
		[INFO] Embedding Dim:      8
		[INFO] Attention Heads:    4
		[INFO]==================================================


		[INFO]Epoch |    LR    | Trn RMSE | Val RMSE | Trn R2 | Val R2 | Stop
-----------------------------------------------------------------
		[INFO]    1 | 0.005000 |   5.5563 |   6.2052 |  0.538 |  0.265 | 0/150
		[INFO]    2 | 0.005000 |   4.5904 |   5.3204 |  0.687 |  0.459 | 0/150
		[INFO]    3 | 0.005000 |   4.3827 |   4.9365 |  0.719 |  0.535 | 0/150
		[INFO]    4 | 0.005000 |   4.2119 |   4.7282 |  0.739 |  0.573 | 0/150
		[INFO]    5 | 0.005000 |   4.1267 |   4.7733 |  0.745 |  0.565 | 0/150
		[INFO]    6 | 0.005000 |   4.1211 |   4.8606 |  0.752 |  0.549 | 1/150
		[INFO]    7 | 0.005000 |   3.9872 |   4.6598 |  0.769 |  0.585 | 2/150
		[INFO]    8 | 0.005000 |   3.9247 |   4.4002 |  0.772 |  0.630 | 0/150
		[INFO]    9 | 0.005000 |   3.9618 |   4.2449 |  0.768 |  0.656 | 0/150
		[INFO]   10 | 0.005000 |   3.9436 |   4.6971 |  0.769 |  0.579 | 0/150
		[INFO]   11 | 0.005000 |   3.8937 |   4.4486 |  0.775 |  0.622 | 1/150
		[INFO]   12 | 0.005000 |   3.8731 |   4.2356 |  0.777 |  0.657 | 2/150
		[INFO]   13 | 0.005000 |   3.8430 |   4.1209 |  0.782 |  0.676 | 0/150
		[INFO]   14 | 0.005000 |   3.7613 |   3.9081 |  0.789 |  0.708 | 0/150
		[INFO]   15 | 0.005000 |   3.7296 |   4.2528 |  0.797 |  0.655 | 0/150
		[INFO]   16 | 0.005000 |   3.7951 |   4.7130 |  0.787 |  0.576 | 1/150
		[INFO]   17 | 0.005000 |   3.8155 |   4.1656 |  0.783 |  0.669 | 2/150
		[INFO]   18 | 0.005000 |   3.7593 |   4.5090 |  0.788 |  0.612 | 3/150
		[INFO]   19 | 0.005000 |   3.7398 |   4.0307 |  0.789 |  0.690 | 4/150
		[INFO]   20 | 0.005000 |   3.7374 |   4.4053 |  0.790 |  0.629 | 5/150
		[INFO]   21 | 0.005000 |   3.7471 |   4.1121 |  0.791 |  0.677 | 6/150
		[INFO]   22 | 0.005000 |   3.7136 |   4.3002 |  0.798 |  0.647 | 7/150
		[INFO]   23 | 0.005000 |   3.8071 |   4.3054 |  0.788 |  0.646 | 8/150
		[INFO]   24 | 0.005000 |   3.6823 |   3.8395 |  0.800 |  0.718 | 9/150
		[INFO]   25 | 0.005000 |   3.7249 |   4.2743 |  0.797 |  0.651 | 0/150
		[INFO]   26 | 0.005000 |   3.6928 |   4.0729 |  0.800 |  0.683 | 1/150
		[INFO]   27 | 0.005000 |   3.6974 |   4.1041 |  0.798 |  0.678 | 2/150
		[INFO]   28 | 0.005000 |   3.6534 |   3.9218 |  0.804 |  0.706 | 3/150
		[INFO]   29 | 0.005000 |   3.7234 |   4.3078 |  0.793 |  0.646 | 4/150
		[INFO]   30 | 0.005000 |   3.6807 |   4.3268 |  0.797 |  0.642 | 5/150
		[INFO]   31 | 0.005000 |   3.7273 |   4.3750 |  0.797 |  0.634 | 6/150
		[INFO]   32 | 0.005000 |   3.6910 |   3.8865 |  0.800 |  0.711 | 7/150
		[INFO]   33 | 0.005000 |   3.6952 |   3.9740 |  0.799 |  0.698 | 8/150
		[INFO]   34 | 0.005000 |   3.6888 |   4.4875 |  0.796 |  0.615 | 9/150
		[INFO]   35 | 0.005000 |   3.6459 |   4.3166 |  0.803 |  0.644 | 10/150
		[INFO]   36 | 0.005000 |   3.6256 |   4.4408 |  0.804 |  0.623 | 11/150
		[INFO]   37 | 0.005000 |   3.7066 |   4.1633 |  0.795 |  0.669 | 12/150
		[INFO]   38 | 0.005000 |   3.6771 |   4.2185 |  0.799 |  0.660 | 13/150
		[INFO]   39 | 0.005000 |   3.6363 |   4.4286 |  0.805 |  0.625 | 14/150
		[INFO]   40 | 0.005000 |   3.6149 |   4.1193 |  0.809 |  0.676 | 15/150
		[INFO]   41 | 0.003750 |   3.6390 |   3.9452 |  0.802 |  0.703 | 16/150
		[INFO]   42 | 0.003750 |   3.5824 |   3.8101 |  0.812 |  0.723 | 17/150
		[INFO]   43 | 0.003750 |   3.4901 |   3.9426 |  0.820 |  0.703 | 0/150
		[INFO]   44 | 0.003750 |   3.5059 |   3.8732 |  0.819 |  0.713 | 1/150
		[INFO]   45 | 0.003750 |   3.5795 |   4.2556 |  0.811 |  0.654 | 2/150
		[INFO]   46 | 0.003750 |   3.5858 |   4.2561 |  0.808 |  0.654 | 3/150
		[INFO]   47 | 0.003750 |   3.5818 |   4.1880 |  0.807 |  0.665 | 4/150
		[INFO]   48 | 0.003750 |   3.5232 |   4.2220 |  0.816 |  0.660 | 5/150
		[INFO]   49 | 0.003750 |   3.5393 |   3.8642 |  0.813 |  0.715 | 6/150
		[INFO]   50 | 0.003750 |   3.4460 |   4.0455 |  0.822 |  0.687 | 7/150
		[INFO]   51 | 0.003750 |   3.5323 |   4.2146 |  0.817 |  0.661 | 8/150
		[INFO]   52 | 0.003750 |   3.4652 |   4.1526 |  0.823 |  0.671 | 9/150
		[INFO]   53 | 0.003750 |   3.5314 |   4.3386 |  0.814 |  0.640 | 10/150
		[INFO]   54 | 0.003750 |   3.4826 |   4.0116 |  0.821 |  0.693 | 11/150
		[INFO]   55 | 0.003750 |   3.5205 |   4.1523 |  0.817 |  0.671 | 12/150
		[INFO]   56 | 0.003750 |   3.4759 |   3.9250 |  0.821 |  0.706 | 13/150
		[INFO]   57 | 0.003750 |   3.4474 |   3.9413 |  0.823 |  0.703 | 14/150
		[INFO]   58 | 0.003750 |   3.4875 |   4.2155 |  0.819 |  0.661 | 15/150
		[INFO]   59 | 0.002812 |   3.4747 |   3.9610 |  0.822 |  0.700 | 16/150
		[INFO]   60 | 0.002812 |   3.4451 |   3.9754 |  0.827 |  0.698 | 17/150
		[INFO]   61 | 0.002812 |   3.3540 |   3.9924 |  0.832 |  0.696 | 18/150
		[INFO]   62 | 0.002812 |   3.4358 |   3.9863 |  0.827 |  0.697 | 19/150
		[INFO]   63 | 0.002812 |   3.3918 |   4.1316 |  0.829 |  0.674 | 20/150
		[INFO]   64 | 0.002812 |   3.4607 |   4.0262 |  0.821 |  0.690 | 21/150
		[INFO]   65 | 0.002812 |   3.4636 |   3.9851 |  0.821 |  0.697 | 22/150
		[INFO]   66 | 0.002812 |   3.4239 |   3.9856 |  0.828 |  0.697 | 23/150
		[INFO]   67 | 0.002812 |   3.4380 |   3.9782 |  0.826 |  0.698 | 24/150
		[INFO]   68 | 0.002812 |   3.3862 |   3.9584 |  0.832 |  0.701 | 25/150
		[INFO]   69 | 0.002812 |   3.3775 |   3.8993 |  0.830 |  0.710 | 26/150
		[INFO]   70 | 0.002812 |   3.3955 |   4.0358 |  0.830 |  0.689 | 27/150
		[INFO]   71 | 0.002812 |   3.4107 |   4.0619 |  0.828 |  0.685 | 28/150
		[INFO]   72 | 0.002812 |   3.4579 |   4.1457 |  0.822 |  0.672 | 29/150
		[INFO]   73 | 0.002812 |   3.3893 |   4.1452 |  0.827 |  0.672 | 30/150
		[INFO]   74 | 0.002812 |   3.3937 |   4.0859 |  0.827 |  0.681 | 31/150
		[INFO]   75 | 0.002109 |   3.3600 |   4.1007 |  0.831 |  0.679 | 32/150
		[INFO]   76 | 0.002109 |   3.3752 |   4.0098 |  0.830 |  0.693 | 33/150
		[INFO]   77 | 0.002109 |   3.3807 |   3.9802 |  0.831 |  0.697 | 34/150
		[INFO]   78 | 0.002109 |   3.3415 |   3.7903 |  0.833 |  0.726 | 35/150
		[INFO]   79 | 0.002109 |   3.3608 |   3.7919 |  0.833 |  0.725 | 0/150
		[INFO]   80 | 0.002109 |   3.3079 |   4.0527 |  0.837 |  0.686 | 1/150
		[INFO]   81 | 0.002109 |   3.3260 |   4.0038 |  0.836 |  0.694 | 2/150
		[INFO]   82 | 0.002109 |   3.4097 |   3.9555 |  0.826 |  0.701 | 3/150
		[INFO]   83 | 0.002109 |   3.3109 |   3.9896 |  0.838 |  0.696 | 4/150
		[INFO]   84 | 0.002109 |   3.3813 |   3.9534 |  0.833 |  0.701 | 5/150
		[INFO]   85 | 0.002109 |   3.3183 |   3.9151 |  0.837 |  0.707 | 6/150
		[INFO]   86 | 0.002109 |   3.2849 |   3.9481 |  0.838 |  0.702 | 7/150
		[INFO]   87 | 0.002109 |   3.3067 |   4.0059 |  0.837 |  0.693 | 8/150
		[INFO]   88 | 0.002109 |   3.2959 |   3.9902 |  0.838 |  0.696 | 9/150
		[INFO]   89 | 0.002109 |   3.3065 |   3.8716 |  0.841 |  0.714 | 10/150
		[INFO]   90 | 0.002109 |   3.2708 |   3.8896 |  0.842 |  0.711 | 11/150
		[INFO]   91 | 0.002109 |   3.3287 |   3.9373 |  0.836 |  0.704 | 12/150
		[INFO]   92 | 0.002109 |   3.3252 |   3.8762 |  0.835 |  0.713 | 13/150
		[INFO]   93 | 0.002109 |   3.3141 |   3.7040 |  0.838 |  0.738 | 14/150
		[INFO]   94 | 0.002109 |   3.2621 |   4.1313 |  0.842 |  0.674 | 0/150
		[INFO]   95 | 0.002109 |   3.3239 |   3.9261 |  0.834 |  0.706 | 1/150
		[INFO]   96 | 0.002109 |   3.3063 |   3.8952 |  0.838 |  0.710 | 2/150
		[INFO]   97 | 0.002109 |   3.2574 |   4.0654 |  0.841 |  0.684 | 3/150
		[INFO]   98 | 0.002109 |   3.3051 |   3.6033 |  0.837 |  0.752 | 4/150
		[INFO]   99 | 0.002109 |   3.3284 |   3.9316 |  0.835 |  0.705 | 0/150
		[INFO]  100 | 0.002109 |   3.3262 |   3.9141 |  0.837 |  0.707 | 1/150
		[INFO]  101 | 0.002109 |   3.2502 |   4.0035 |  0.844 |  0.694 | 2/150
		[INFO]  102 | 0.002109 |   3.2791 |   3.9248 |  0.841 |  0.706 | 3/150
		[INFO]  103 | 0.002109 |   3.3271 |   3.6190 |  0.834 |  0.750 | 4/150
		[INFO]  104 | 0.002109 |   3.2679 |   3.8202 |  0.845 |  0.721 | 5/150
		[INFO]  105 | 0.002109 |   3.2648 |   3.7177 |  0.842 |  0.736 | 6/150
		[INFO]  106 | 0.002109 |   3.2900 |   4.1828 |  0.839 |  0.666 | 7/150
		[INFO]  107 | 0.002109 |   3.3090 |   4.0940 |  0.837 |  0.680 | 8/150
		[INFO]  108 | 0.002109 |   3.3070 |   3.9186 |  0.836 |  0.707 | 9/150
		[INFO]  109 | 0.002109 |   3.3732 |   3.9755 |  0.833 |  0.698 | 10/150
		[INFO]  110 | 0.002109 |   3.2717 |   3.8201 |  0.842 |  0.721 | 11/150
		[INFO]  111 | 0.002109 |   3.2179 |   3.7756 |  0.845 |  0.728 | 12/150
		[INFO]  112 | 0.002109 |   3.2227 |   3.9305 |  0.845 |  0.705 | 13/150
		[INFO]  113 | 0.002109 |   3.2974 |   3.9649 |  0.838 |  0.700 | 14/150
		[INFO]  114 | 0.002109 |   3.2508 |   3.8755 |  0.842 |  0.713 | 15/150
		[INFO]  115 | 0.001582 |   3.2611 |   3.7640 |  0.844 |  0.729 | 16/150
		[INFO]  116 | 0.001582 |   3.2543 |   3.8365 |  0.844 |  0.719 | 17/150
		[INFO]  117 | 0.001582 |   3.2634 |   3.7814 |  0.844 |  0.727 | 18/150
		[INFO]  118 | 0.001582 |   3.2171 |   4.1177 |  0.848 |  0.676 | 19/150
		[INFO]  119 | 0.001582 |   3.2494 |   4.0320 |  0.844 |  0.689 | 20/150
		[INFO]  120 | 0.001582 |   3.1950 |   3.7951 |  0.848 |  0.725 | 21/150
		[INFO]  121 | 0.001582 |   3.2109 |   3.9172 |  0.847 |  0.707 | 22/150
		[INFO]  122 | 0.001582 |   3.1814 |   3.8089 |  0.849 |  0.723 | 23/150
		[INFO]  123 | 0.001582 |   3.2330 |   3.8417 |  0.846 |  0.718 | 24/150
		[INFO]  124 | 0.001582 |   3.1662 |   3.8064 |  0.850 |  0.723 | 25/150
		[INFO]  125 | 0.001582 |   3.1901 |   4.0279 |  0.849 |  0.690 | 26/150
		[INFO]  126 | 0.001582 |   3.1996 |   3.8052 |  0.848 |  0.723 | 27/150
		[INFO]  127 | 0.001582 |   3.2281 |   4.0045 |  0.844 |  0.694 | 28/150
		[INFO]  128 | 0.001582 |   3.2251 |   3.8555 |  0.846 |  0.716 | 29/150
		[INFO]  129 | 0.001582 |   3.2049 |   3.9462 |  0.849 |  0.703 | 30/150
		[INFO]  130 | 0.001582 |   3.1826 |   3.6935 |  0.850 |  0.739 | 31/150
		[INFO]  131 | 0.001187 |   3.1115 |   3.7637 |  0.856 |  0.729 | 32/150
		[INFO]  132 | 0.001187 |   3.2005 |   3.7627 |  0.848 |  0.730 | 33/150
		[INFO]  133 | 0.001187 |   3.1640 |   3.8412 |  0.853 |  0.718 | 34/150
		[INFO]  134 | 0.001187 |   3.1819 |   3.7788 |  0.852 |  0.727 | 35/150
		[INFO]  135 | 0.001187 |   3.1955 |   4.1600 |  0.850 |  0.669 | 36/150
		[INFO]  136 | 0.001187 |   3.1358 |   3.7973 |  0.854 |  0.725 | 37/150
		[INFO]  137 | 0.001187 |   3.1706 |   3.9034 |  0.849 |  0.709 | 38/150
		[INFO]  138 | 0.001187 |   3.1596 |   3.8135 |  0.852 |  0.722 | 39/150
		[INFO]  139 | 0.001187 |   3.1589 |   3.8618 |  0.854 |  0.715 | 40/150
		[INFO]  140 | 0.001187 |   3.1691 |   3.8319 |  0.851 |  0.720 | 41/150
		[INFO]  141 | 0.001187 |   3.1207 |   3.7038 |  0.854 |  0.738 | 42/150
		[INFO]  142 | 0.001187 |   3.1562 |   3.7560 |  0.854 |  0.731 | 43/150
		[INFO]  143 | 0.001187 |   3.0988 |   3.8470 |  0.856 |  0.717 | 44/150
		[INFO]  144 | 0.001187 |   3.0665 |   3.7390 |  0.862 |  0.733 | 45/150
		[INFO]  145 | 0.001187 |   3.1313 |   4.0872 |  0.854 |  0.681 | 46/150
		[INFO]  146 | 0.001187 |   3.1628 |   3.7215 |  0.851 |  0.735 | 47/150
		[INFO]  147 | 0.000890 |   3.1153 |   3.7338 |  0.857 |  0.734 | 48/150
		[INFO]  148 | 0.000890 |   3.0953 |   3.9565 |  0.858 |  0.701 | 49/150
		[INFO]  149 | 0.000890 |   3.1078 |   3.8381 |  0.856 |  0.719 | 50/150
		[INFO]  150 | 0.000890 |   3.1468 |   3.7427 |  0.854 |  0.732 | 51/150
		[INFO]  151 | 0.000890 |   3.0823 |   3.8512 |  0.861 |  0.717 | 52/150
		[INFO]  152 | 0.000890 |   3.0789 |   3.6851 |  0.858 |  0.741 | 53/150
		[INFO]  153 | 0.000890 |   3.0903 |   3.8295 |  0.858 |  0.720 | 54/150
		[INFO]  154 | 0.000890 |   3.0463 |   3.7204 |  0.863 |  0.736 | 55/150
		[INFO]  155 | 0.000890 |   3.0906 |   3.6276 |  0.857 |  0.749 | 56/150
		[INFO]  156 | 0.000890 |   3.1079 |   3.6704 |  0.857 |  0.743 | 57/150
		[INFO]  157 | 0.000890 |   3.0728 |   3.5625 |  0.859 |  0.758 | 58/150
		[INFO]  158 | 0.000890 |   3.0410 |   3.7324 |  0.863 |  0.734 | 0/150
		[INFO]  159 | 0.000890 |   3.0486 |   3.7323 |  0.864 |  0.734 | 1/150
		[INFO]  160 | 0.000890 |   3.0403 |   3.7477 |  0.863 |  0.732 | 2/150
		[INFO]  161 | 0.000890 |   3.1311 |   3.8109 |  0.856 |  0.723 | 3/150
		[INFO]  162 | 0.000890 |   3.0555 |   3.7242 |  0.861 |  0.735 | 4/150
		[INFO]  163 | 0.000890 |   3.0895 |   3.7038 |  0.858 |  0.738 | 5/150
		[INFO]  164 | 0.000890 |   3.0686 |   3.8867 |  0.861 |  0.711 | 6/150
		[INFO]  165 | 0.000890 |   3.0594 |   3.7529 |  0.863 |  0.731 | 7/150
		[INFO]  166 | 0.000890 |   3.0209 |   3.8729 |  0.862 |  0.713 | 8/150
		[INFO]  167 | 0.000890 |   3.0357 |   3.7068 |  0.862 |  0.738 | 9/150
		[INFO]  168 | 0.000890 |   3.1174 |   3.8486 |  0.858 |  0.717 | 10/150
		[INFO]  169 | 0.000890 |   3.0743 |   3.8789 |  0.861 |  0.713 | 11/150
		[INFO]  170 | 0.000890 |   3.0771 |   3.6337 |  0.860 |  0.748 | 12/150
		[INFO]  171 | 0.000890 |   3.0399 |   3.9660 |  0.863 |  0.700 | 13/150
		[INFO]  172 | 0.000890 |   3.0393 |   3.7247 |  0.864 |  0.735 | 14/150
		[INFO]  173 | 0.000890 |   3.0563 |   3.8579 |  0.860 |  0.716 | 15/150
		[INFO]  174 | 0.000667 |   3.0212 |   3.8832 |  0.865 |  0.712 | 16/150
		[INFO]  175 | 0.000667 |   3.0882 |   3.8344 |  0.860 |  0.719 | 17/150
		[INFO]  176 | 0.000667 |   2.9981 |   3.8003 |  0.866 |  0.724 | 18/150
		[INFO]  177 | 0.000667 |   3.0541 |   3.8371 |  0.862 |  0.719 | 19/150
		[INFO]  178 | 0.000667 |   3.0352 |   3.7623 |  0.863 |  0.730 | 20/150
		[INFO]  179 | 0.000667 |   3.0201 |   3.5275 |  0.863 |  0.762 | 21/150
		[INFO]  180 | 0.000667 |   3.0243 |   3.5607 |  0.864 |  0.758 | 0/150
		[INFO]  181 | 0.000667 |   3.0143 |   3.7186 |  0.865 |  0.736 | 1/150
		[INFO]  182 | 0.000667 |   3.0126 |   3.6882 |  0.866 |  0.740 | 2/150
		[INFO]  183 | 0.000667 |   3.0763 |   3.6803 |  0.862 |  0.741 | 3/150
		[INFO]  184 | 0.000667 |   3.0296 |   3.8056 |  0.863 |  0.723 | 4/150
		[INFO]  185 | 0.000667 |   3.0579 |   3.6573 |  0.862 |  0.744 | 5/150
		[INFO]  186 | 0.000667 |   3.0216 |   3.7191 |  0.865 |  0.736 | 6/150
		[INFO]  187 | 0.000667 |   3.0259 |   3.8066 |  0.865 |  0.723 | 7/150
		[INFO]  188 | 0.000667 |   2.9945 |   3.7611 |  0.867 |  0.730 | 8/150
		[INFO]  189 | 0.000667 |   3.0487 |   3.6843 |  0.862 |  0.741 | 9/150
		[INFO]  190 | 0.000667 |   2.9687 |   3.7026 |  0.871 |  0.738 | 10/150
		[INFO]  191 | 0.000667 |   3.0610 |   3.9583 |  0.863 |  0.701 | 11/150
		[INFO]  192 | 0.000667 |   2.9828 |   3.7439 |  0.870 |  0.732 | 12/150
		[INFO]  193 | 0.000667 |   2.9826 |   3.7576 |  0.869 |  0.730 | 13/150
		[INFO]  194 | 0.000667 |   3.0357 |   3.6871 |  0.863 |  0.740 | 14/150
		[INFO]  195 | 0.000667 |   3.0460 |   3.7617 |  0.862 |  0.730 | 15/150
		[INFO]  196 | 0.000501 |   2.9550 |   3.8171 |  0.871 |  0.722 | 16/150
		[INFO]  197 | 0.000501 |   3.0067 |   3.6892 |  0.867 |  0.740 | 17/150
		[INFO]  198 | 0.000501 |   2.9886 |   3.7316 |  0.868 |  0.734 | 18/150
		[INFO]  199 | 0.000501 |   3.0148 |   3.8718 |  0.865 |  0.714 | 19/150
		[INFO]  200 | 0.000501 |   2.9800 |   3.7558 |  0.868 |  0.731 | 20/150
		[INFO]  201 | 0.000501 |   2.9682 |   3.8202 |  0.869 |  0.721 | 21/150
		[INFO]  202 | 0.000501 |   2.9476 |   3.7795 |  0.872 |  0.727 | 22/150
		[INFO]  203 | 0.000501 |   2.9832 |   3.6804 |  0.866 |  0.741 | 23/150
		[INFO]  204 | 0.000501 |   2.9653 |   3.9361 |  0.869 |  0.704 | 24/150
		[INFO]  205 | 0.000501 |   3.0150 |   3.6340 |  0.866 |  0.748 | 25/150
		[INFO]  206 | 0.000501 |   2.9983 |   3.6798 |  0.869 |  0.741 | 26/150
		[INFO]  207 | 0.000501 |   3.0367 |   3.8214 |  0.865 |  0.721 | 27/150
		[INFO]  208 | 0.000501 |   3.0041 |   3.7948 |  0.867 |  0.725 | 28/150
		[INFO]  209 | 0.000501 |   2.9777 |   3.6687 |  0.871 |  0.743 | 29/150
		[INFO]  210 | 0.000501 |   2.9421 |   3.8243 |  0.872 |  0.721 | 30/150
		[INFO]  211 | 0.000501 |   2.9597 |   3.7341 |  0.871 |  0.734 | 31/150
		[INFO]  212 | 0.000375 |   2.9237 |   3.8371 |  0.873 |  0.719 | 32/150
		[INFO]  213 | 0.000375 |   2.9450 |   3.9584 |  0.872 |  0.701 | 33/150
		[INFO]  214 | 0.000375 |   2.9962 |   3.6424 |  0.866 |  0.747 | 34/150
		[INFO]  215 | 0.000375 |   2.9470 |   3.8930 |  0.872 |  0.711 | 35/150
		[INFO]  216 | 0.000375 |   2.9872 |   3.7120 |  0.869 |  0.737 | 36/150
		[INFO]  217 | 0.000375 |   3.0146 |   3.6630 |  0.865 |  0.744 | 37/150
		[INFO]  218 | 0.000375 |   2.9454 |   3.7646 |  0.872 |  0.729 | 38/150
		[INFO]  219 | 0.000375 |   2.9542 |   3.6814 |  0.871 |  0.741 | 39/150
		[INFO]  220 | 0.000375 |   2.9565 |   3.7449 |  0.869 |  0.732 | 40/150
		[INFO]  221 | 0.000375 |   2.9324 |   3.7791 |  0.872 |  0.727 | 41/150
		[INFO]  222 | 0.000375 |   2.9486 |   3.6448 |  0.871 |  0.746 | 42/150
		[INFO]  223 | 0.000375 |   2.9328 |   3.6645 |  0.872 |  0.743 | 43/150
		[INFO]  224 | 0.000375 |   2.9364 |   3.7890 |  0.873 |  0.726 | 44/150
		[INFO]  225 | 0.000375 |   2.9677 |   3.7804 |  0.870 |  0.727 | 45/150
		[INFO]  226 | 0.000375 |   2.9163 |   3.5940 |  0.874 |  0.753 | 46/150
		[INFO]  227 | 0.000375 |   2.8792 |   3.6775 |  0.877 |  0.742 | 47/150
		[INFO]  228 | 0.000282 |   2.9125 |   3.7466 |  0.873 |  0.732 | 48/150
		[INFO]  229 | 0.000282 |   2.9540 |   3.5659 |  0.873 |  0.757 | 49/150
		[INFO]  230 | 0.000282 |   2.9527 |   3.7521 |  0.870 |  0.731 | 50/150
		[INFO]  231 | 0.000282 |   2.9370 |   3.6345 |  0.873 |  0.748 | 51/150
		[INFO]  232 | 0.000282 |   2.9093 |   3.8034 |  0.875 |  0.724 | 52/150
		[INFO]  233 | 0.000282 |   2.8935 |   3.7630 |  0.875 |  0.729 | 53/150
		[INFO]  234 | 0.000282 |   2.8968 |   3.6282 |  0.876 |  0.749 | 54/150
		[INFO]  235 | 0.000282 |   2.9133 |   3.7469 |  0.874 |  0.732 | 55/150
		[INFO]  236 | 0.000282 |   2.9506 |   3.7410 |  0.872 |  0.733 | 56/150
		[INFO]  237 | 0.000282 |   2.9104 |   3.6771 |  0.874 |  0.742 | 57/150
		[INFO]  238 | 0.000282 |   2.9175 |   3.6587 |  0.873 |  0.744 | 58/150
		[INFO]  239 | 0.000282 |   2.8793 |   3.8490 |  0.878 |  0.717 | 59/150
		[INFO]  240 | 0.000282 |   2.9002 |   3.6260 |  0.875 |  0.749 | 60/150
		[INFO]  241 | 0.000282 |   2.8664 |   3.5784 |  0.879 |  0.755 | 61/150
		[INFO]  242 | 0.000282 |   2.9639 |   3.8576 |  0.870 |  0.716 | 62/150
		[INFO]  243 | 0.000282 |   2.8886 |   3.8457 |  0.876 |  0.717 | 63/150
		[INFO]  244 | 0.000211 |   2.9117 |   3.6134 |  0.874 |  0.751 | 64/150
		[INFO]  245 | 0.000211 |   2.8703 |   3.7008 |  0.876 |  0.738 | 65/150
		[INFO]  246 | 0.000211 |   2.8883 |   3.7229 |  0.876 |  0.735 | 66/150
		[INFO]  247 | 0.000211 |   2.8507 |   3.8114 |  0.879 |  0.722 | 67/150
		[INFO]  248 | 0.000211 |   2.8485 |   3.6315 |  0.879 |  0.748 | 68/150
		[INFO]  249 | 0.000211 |   2.8888 |   4.0297 |  0.876 |  0.690 | 69/150
		[INFO]  250 | 0.000211 |   2.9321 |   3.6736 |  0.874 |  0.742 | 70/150
		[INFO]  251 | 0.000211 |   2.8635 |   3.6848 |  0.877 |  0.741 | 71/150
		[INFO]  252 | 0.000211 |   2.9282 |   3.5507 |  0.874 |  0.759 | 72/150
		[INFO]  253 | 0.000211 |   2.8781 |   3.6857 |  0.877 |  0.740 | 73/150
		[INFO]  254 | 0.000211 |   2.9570 |   3.8028 |  0.873 |  0.724 | 74/150
		[INFO]  255 | 0.000211 |   2.9285 |   3.7011 |  0.873 |  0.738 | 75/150
		[INFO]  256 | 0.000211 |   2.9099 |   3.6152 |  0.874 |  0.750 | 76/150
		[INFO]  257 | 0.000211 |   2.9028 |   3.5615 |  0.875 |  0.758 | 77/150
		[INFO]  258 | 0.000211 |   2.8950 |   3.6728 |  0.876 |  0.742 | 78/150
		[INFO]  259 | 0.000211 |   2.9022 |   3.5641 |  0.874 |  0.757 | 79/150
		[INFO]  260 | 0.000158 |   2.9233 |   3.6766 |  0.874 |  0.742 | 80/150
		[INFO]  261 | 0.000158 |   2.8571 |   3.8689 |  0.878 |  0.714 | 81/150
		[INFO]  262 | 0.000158 |   2.9144 |   3.8148 |  0.875 |  0.722 | 82/150
		[INFO]  263 | 0.000158 |   2.8928 |   3.6043 |  0.877 |  0.752 | 83/150
		[INFO]  264 | 0.000158 |   2.8481 |   3.7034 |  0.878 |  0.738 | 84/150
		[INFO]  265 | 0.000158 |   2.8921 |   3.7543 |  0.876 |  0.731 | 85/150
		[INFO]  266 | 0.000158 |   2.8976 |   3.6979 |  0.876 |  0.739 | 86/150
		[INFO]  267 | 0.000158 |   2.9082 |   3.7467 |  0.876 |  0.732 | 87/150
		[INFO]  268 | 0.000158 |   2.9270 |   3.8062 |  0.874 |  0.723 | 88/150
		[INFO]  269 | 0.000158 |   2.9389 |   3.7089 |  0.873 |  0.737 | 89/150
		[INFO]  270 | 0.000158 |   2.8956 |   3.6927 |  0.876 |  0.740 | 90/150
		[INFO]  271 | 0.000158 |   2.8505 |   3.7204 |  0.880 |  0.736 | 91/150
		[INFO]  272 | 0.000158 |   2.8851 |   3.7546 |  0.876 |  0.731 | 92/150
		[INFO]  273 | 0.000158 |   2.8612 |   3.7280 |  0.879 |  0.735 | 93/150
		[INFO]  274 | 0.000158 |   2.8467 |   3.6596 |  0.882 |  0.744 | 94/150
		[INFO]  275 | 0.000158 |   2.8493 |   3.7127 |  0.878 |  0.737 | 95/150
		[INFO]  276 | 0.000119 |   2.8640 |   3.6040 |  0.878 |  0.752 | 96/150
		[INFO]  277 | 0.000119 |   2.8473 |   3.6654 |  0.880 |  0.743 | 97/150
		[INFO]  278 | 0.000119 |   2.8768 |   3.8149 |  0.878 |  0.722 | 98/150
		[INFO]  279 | 0.000119 |   2.8416 |   3.6668 |  0.880 |  0.743 | 99/150
		[INFO]  280 | 0.000119 |   2.8685 |   3.8051 |  0.879 |  0.723 | 100/150
		[INFO]  281 | 0.000119 |   2.8401 |   3.8461 |  0.880 |  0.717 | 101/150
		[INFO]  282 | 0.000119 |   2.8581 |   3.7722 |  0.880 |  0.728 | 102/150
		[INFO]  283 | 0.000119 |   2.8636 |   3.7337 |  0.878 |  0.734 | 103/150
		[INFO]  284 | 0.000119 |   2.8710 |   3.6873 |  0.877 |  0.740 | 104/150
		[INFO]  285 | 0.000119 |   2.8914 |   3.6098 |  0.875 |  0.751 | 105/150
		[INFO]  286 | 0.000119 |   2.8631 |   3.8302 |  0.877 |  0.720 | 106/150
		[INFO]  287 | 0.000119 |   2.8698 |   3.5389 |  0.877 |  0.761 | 107/150
		[INFO]  288 | 0.000119 |   2.8890 |   3.7963 |  0.876 |  0.725 | 108/150
		[INFO]  289 | 0.000119 |   2.9120 |   3.6624 |  0.873 |  0.744 | 109/150
		[INFO]  290 | 0.000119 |   2.8300 |   3.6131 |  0.882 |  0.751 | 110/150
		[INFO]  291 | 0.000119 |   2.8832 |   3.6386 |  0.878 |  0.747 | 111/150
		[INFO]  292 | 0.000089 |   2.8520 |   3.5643 |  0.881 |  0.757 | 112/150
		[INFO]  293 | 0.000089 |   2.8679 |   3.6079 |  0.879 |  0.751 | 113/150
		[INFO]  294 | 0.000089 |   2.8339 |   3.5966 |  0.881 |  0.753 | 114/150
		[INFO]  295 | 0.000089 |   2.8799 |   3.6584 |  0.877 |  0.744 | 115/150
		[INFO]  296 | 0.000089 |   2.8776 |   3.5859 |  0.878 |  0.754 | 116/150
		[INFO]  297 | 0.000089 |   2.8855 |   3.6569 |  0.878 |  0.745 | 117/150
		[INFO]  298 | 0.000089 |   2.9277 |   3.7421 |  0.875 |  0.732 | 118/150
		[INFO]  299 | 0.000089 |   2.8332 |   3.8433 |  0.882 |  0.718 | 119/150
		[INFO]  300 | 0.000089 |   2.8458 |   3.7148 |  0.878 |  0.736 | 120/150
		[INFO]  301 | 0.000089 |   2.8482 |   3.4892 |  0.879 |  0.767 | 121/150
		[INFO]  302 | 0.000089 |   2.8611 |   3.7545 |  0.880 |  0.731 | 0/150
		[INFO]  303 | 0.000089 |   2.8672 |   3.5169 |  0.879 |  0.764 | 1/150
		[INFO]  304 | 0.000089 |   2.8425 |   3.5918 |  0.879 |  0.754 | 2/150
		[INFO]  305 | 0.000089 |   2.8583 |   3.7933 |  0.880 |  0.725 | 3/150
		[INFO]  306 | 0.000089 |   2.9134 |   3.4926 |  0.875 |  0.767 | 4/150
		[INFO]  307 | 0.000089 |   2.8789 |   3.6673 |  0.877 |  0.743 | 5/150
		[INFO]  308 | 0.000089 |   2.8573 |   3.6883 |  0.879 |  0.740 | 6/150
		[INFO]  309 | 0.000089 |   2.9122 |   3.6588 |  0.876 |  0.744 | 7/150
		[INFO]  310 | 0.000089 |   2.8152 |   3.6390 |  0.884 |  0.747 | 8/150
		[INFO]  311 | 0.000089 |   2.8315 |   3.5938 |  0.879 |  0.753 | 9/150
		[INFO]  312 | 0.000089 |   2.8552 |   3.7781 |  0.878 |  0.727 | 10/150
		[INFO]  313 | 0.000089 |   2.8397 |   3.6462 |  0.880 |  0.746 | 11/150
		[INFO]  314 | 0.000089 |   2.8063 |   3.6096 |  0.882 |  0.751 | 12/150
		[INFO]  315 | 0.000089 |   2.8163 |   3.7014 |  0.882 |  0.738 | 13/150
		[INFO]  316 | 0.000089 |   2.9069 |   3.7423 |  0.875 |  0.732 | 14/150
		[INFO]  317 | 0.000089 |   2.8719 |   3.5298 |  0.877 |  0.762 | 15/150
		[INFO]  318 | 0.000067 |   2.8799 |   3.6134 |  0.877 |  0.751 | 16/150
		[INFO]  319 | 0.000067 |   2.8748 |   3.6294 |  0.877 |  0.748 | 17/150
		[INFO]  320 | 0.000067 |   2.8314 |   3.5646 |  0.882 |  0.757 | 18/150
		[INFO]  321 | 0.000067 |   2.8010 |   3.5720 |  0.883 |  0.756 | 19/150
		[INFO]  322 | 0.000067 |   2.8883 |   3.8899 |  0.879 |  0.711 | 20/150
		[INFO]  323 | 0.000067 |   2.8244 |   3.4454 |  0.882 |  0.773 | 21/150
		[INFO]  324 | 0.000067 |   2.8480 |   3.7092 |  0.881 |  0.737 | 0/150
		[INFO]  325 | 0.000067 |   2.8632 |   3.6446 |  0.878 |  0.746 | 1/150
		[INFO]  326 | 0.000067 |   2.8212 |   3.5924 |  0.881 |  0.753 | 2/150
		[INFO]  327 | 0.000067 |   2.8465 |   3.6646 |  0.880 |  0.743 | 3/150
		[INFO]  328 | 0.000067 |   2.8060 |   3.7784 |  0.884 |  0.727 | 4/150
		[INFO]  329 | 0.000067 |   2.8594 |   3.5261 |  0.876 |  0.762 | 5/150
		[INFO]  330 | 0.000067 |   2.8106 |   3.7248 |  0.884 |  0.735 | 6/150
		[INFO]  331 | 0.000067 |   2.8682 |   3.5518 |  0.877 |  0.759 | 7/150
		[INFO]  332 | 0.000067 |   2.8344 |   3.7571 |  0.880 |  0.730 | 8/150
		[INFO]  333 | 0.000067 |   2.8571 |   3.7014 |  0.880 |  0.738 | 9/150
		[INFO]  334 | 0.000067 |   2.8345 |   3.6840 |  0.881 |  0.741 | 10/150
		[INFO]  335 | 0.000067 |   2.9027 |   3.7018 |  0.873 |  0.738 | 11/150
		[INFO]  336 | 0.000067 |   2.8455 |   3.8802 |  0.880 |  0.712 | 12/150
		[INFO]  337 | 0.000067 |   2.8891 |   3.7542 |  0.876 |  0.731 | 13/150
		[INFO]  338 | 0.000067 |   2.8778 |   3.7365 |  0.879 |  0.733 | 14/150
		[INFO]  339 | 0.000067 |   2.8769 |   3.7069 |  0.878 |  0.737 | 15/150
		[INFO]  340 | 0.000050 |   2.8717 |   3.6941 |  0.877 |  0.739 | 16/150
		[INFO]  341 | 0.000050 |   2.8411 |   3.8364 |  0.880 |  0.719 | 17/150
		[INFO]  342 | 0.000050 |   2.8421 |   3.6737 |  0.879 |  0.742 | 18/150
		[INFO]  343 | 0.000050 |   2.8572 |   3.4526 |  0.879 |  0.772 | 19/150
		[INFO]  344 | 0.000050 |   2.8681 |   3.6185 |  0.877 |  0.750 | 20/150
		[INFO]  345 | 0.000050 |   2.8600 |   3.6919 |  0.878 |  0.740 | 21/150
		[INFO]  346 | 0.000050 |   2.8382 |   3.7683 |  0.881 |  0.729 | 22/150
		[INFO]  347 | 0.000050 |   2.9185 |   3.7878 |  0.875 |  0.726 | 23/150
		[INFO]  348 | 0.000050 |   2.8723 |   3.5492 |  0.877 |  0.759 | 24/150
		[INFO]  349 | 0.000050 |   2.8837 |   3.6798 |  0.876 |  0.741 | 25/150
		[INFO]  350 | 0.000050 |   2.8494 |   3.7461 |  0.877 |  0.732 | 26/150
		[INFO]  351 | 0.000050 |   2.8707 |   3.8484 |  0.878 |  0.717 | 27/150
		[INFO]  352 | 0.000050 |   2.8467 |   3.6882 |  0.880 |  0.740 | 28/150
		[INFO]  353 | 0.000050 |   2.8435 |   3.6518 |  0.880 |  0.745 | 29/150
		[INFO]  354 | 0.000050 |   2.8471 |   3.7797 |  0.879 |  0.727 | 30/150
		[INFO]  355 | 0.000050 |   2.8116 |   3.5323 |  0.883 |  0.762 | 31/150
		[INFO]  356 | 0.000038 |   2.8770 |   3.6800 |  0.877 |  0.741 | 32/150
		[INFO]  357 | 0.000038 |   2.8605 |   3.6182 |  0.879 |  0.750 | 33/150
		[INFO]  358 | 0.000038 |   2.8629 |   3.5032 |  0.879 |  0.766 | 34/150
		[INFO]  359 | 0.000038 |   2.8571 |   3.7324 |  0.880 |  0.734 | 35/150
		[INFO]  360 | 0.000038 |   2.8397 |   3.6973 |  0.881 |  0.739 | 36/150
		[INFO]  361 | 0.000038 |   2.8215 |   3.5421 |  0.881 |  0.760 | 37/150
		[INFO]  362 | 0.000038 |   2.8360 |   3.7624 |  0.881 |  0.730 | 38/150
		[INFO]  363 | 0.000038 |   2.8016 |   3.6681 |  0.883 |  0.743 | 39/150
		[INFO]  364 | 0.000038 |   2.8490 |   3.6094 |  0.882 |  0.751 | 40/150
		[INFO]  365 | 0.000038 |   2.8540 |   3.7447 |  0.877 |  0.732 | 41/150
		[INFO]  366 | 0.000038 |   2.8599 |   3.6545 |  0.877 |  0.745 | 42/150
		[INFO]  367 | 0.000038 |   2.8354 |   3.5530 |  0.881 |  0.759 | 43/150
		[INFO]  368 | 0.000038 |   2.7992 |   3.7015 |  0.884 |  0.738 | 44/150
		[INFO]  369 | 0.000038 |   2.8608 |   3.6430 |  0.878 |  0.746 | 45/150
		[INFO]  370 | 0.000038 |   2.8505 |   3.9204 |  0.880 |  0.706 | 46/150
		[INFO]  371 | 0.000038 |   2.8193 |   3.7449 |  0.883 |  0.732 | 47/150
		[INFO]  372 | 0.000028 |   2.8403 |   3.5922 |  0.880 |  0.753 | 48/150
		[INFO]  373 | 0.000028 |   2.8686 |   3.7736 |  0.878 |  0.728 | 49/150
		[INFO]  374 | 0.000028 |   2.8116 |   3.6169 |  0.882 |  0.750 | 50/150
		[INFO]  375 | 0.000028 |   2.8266 |   3.6106 |  0.882 |  0.751 | 51/150
		[INFO]  376 | 0.000028 |   2.8319 |   3.8215 |  0.881 |  0.721 | 52/150
		[INFO]  377 | 0.000028 |   2.8249 |   3.5891 |  0.882 |  0.754 | 53/150
		[INFO]  378 | 0.000028 |   2.8723 |   3.7035 |  0.876 |  0.738 | 54/150
		[INFO]  379 | 0.000028 |   2.8164 |   3.6568 |  0.881 |  0.745 | 55/150
		[INFO]  380 | 0.000028 |   2.8481 |   3.8201 |  0.881 |  0.721 | 56/150
		[INFO]  381 | 0.000028 |   2.8724 |   3.6871 |  0.878 |  0.740 | 57/150
		[INFO]  382 | 0.000028 |   2.8587 |   3.7563 |  0.879 |  0.730 | 58/150
		[INFO]  383 | 0.000028 |   2.8285 |   3.6522 |  0.881 |  0.745 | 59/150
		[INFO]  384 | 0.000028 |   2.8251 |   3.5325 |  0.881 |  0.762 | 60/150
		[INFO]  385 | 0.000028 |   2.8444 |   3.8200 |  0.880 |  0.721 | 61/150
		[INFO]  386 | 0.000028 |   2.8112 |   3.6871 |  0.883 |  0.740 | 62/150
		[INFO]  387 | 0.000028 |   2.8669 |   3.4623 |  0.879 |  0.771 | 63/150
		[INFO]  388 | 0.000021 |   2.8485 |   3.7741 |  0.881 |  0.728 | 64/150
		[INFO]  389 | 0.000021 |   2.8030 |   3.7418 |  0.884 |  0.733 | 65/150
		[INFO]  390 | 0.000021 |   2.8273 |   3.7703 |  0.881 |  0.728 | 66/150
		[INFO]  391 | 0.000021 |   2.8039 |   3.6416 |  0.884 |  0.747 | 67/150
		[INFO]  392 | 0.000021 |   2.8359 |   3.6476 |  0.883 |  0.746 | 68/150
		[INFO]  393 | 0.000021 |   2.8344 |   3.6519 |  0.880 |  0.745 | 69/150
		[INFO]  394 | 0.000021 |   2.8516 |   3.6699 |  0.880 |  0.743 | 70/150
		[INFO]  395 | 0.000021 |   2.8518 |   3.7814 |  0.880 |  0.727 | 71/150
		[INFO]  396 | 0.000021 |   2.8270 |   3.6639 |  0.882 |  0.744 | 72/150
		[INFO]  397 | 0.000021 |   2.7883 |   3.6133 |  0.885 |  0.751 | 73/150
		[INFO]  398 | 0.000021 |   2.8313 |   3.5548 |  0.880 |  0.759 | 74/150
		[INFO]  399 | 0.000021 |   2.8416 |   3.5620 |  0.879 |  0.758 | 75/150
		[INFO]  400 | 0.000021 |   2.7939 |   3.7456 |  0.885 |  0.732 | 76/150
		[INFO]  401 | 0.000021 |   2.8102 |   3.6889 |  0.883 |  0.740 | 77/150
		[INFO]  402 | 0.000021 |   2.8174 |   3.6287 |  0.883 |  0.748 | 78/150
		[INFO]  403 | 0.000021 |   2.8320 |   3.6097 |  0.880 |  0.751 | 79/150
		[INFO]  404 | 0.000016 |   2.9040 |   3.7633 |  0.876 |  0.729 | 80/150
		[INFO]  405 | 0.000016 |   2.8599 |   3.6008 |  0.881 |  0.752 | 81/150
		[INFO]  406 | 0.000016 |   2.8381 |   3.6607 |  0.880 |  0.744 | 82/150
		[INFO]  407 | 0.000016 |   2.8240 |   3.7837 |  0.882 |  0.727 | 83/150
		[INFO]  408 | 0.000016 |   2.8373 |   3.5470 |  0.880 |  0.760 | 84/150
		[INFO]  409 | 0.000016 |   2.8156 |   3.6161 |  0.881 |  0.750 | 85/150
		[INFO]  410 | 0.000016 |   2.8134 |   3.6042 |  0.885 |  0.752 | 86/150
		[INFO]  411 | 0.000016 |   2.8484 |   3.7334 |  0.879 |  0.734 | 87/150
		[INFO]  412 | 0.000016 |   2.8396 |   3.6373 |  0.880 |  0.747 | 88/150
		[INFO]  413 | 0.000016 |   2.8820 |   3.7084 |  0.877 |  0.737 | 89/150
		[INFO]  414 | 0.000016 |   2.8433 |   3.6179 |  0.879 |  0.750 | 90/150
		[INFO]  415 | 0.000016 |   2.8531 |   3.6802 |  0.877 |  0.741 | 91/150
		[INFO]  416 | 0.000016 |   2.8289 |   3.8679 |  0.883 |  0.714 | 92/150
		[INFO]  417 | 0.000016 |   2.8270 |   3.6674 |  0.881 |  0.743 | 93/150
		[INFO]  418 | 0.000016 |   2.8255 |   3.7377 |  0.882 |  0.733 | 94/150
		[INFO]  419 | 0.000016 |   2.8419 |   3.8148 |  0.880 |  0.722 | 95/150
		[INFO]  420 | 0.000012 |   2.8003 |   3.5806 |  0.885 |  0.755 | 96/150
		[INFO]  421 | 0.000012 |   2.8650 |   3.8710 |  0.878 |  0.714 | 97/150
		[INFO]  422 | 0.000012 |   2.7976 |   3.6967 |  0.884 |  0.739 | 98/150
		[INFO]  423 | 0.000012 |   2.8511 |   3.8088 |  0.882 |  0.723 | 99/150
		[INFO]  424 | 0.000012 |   2.8464 |   3.6692 |  0.880 |  0.743 | 100/150
		[INFO]  425 | 0.000012 |   2.8167 |   3.8537 |  0.882 |  0.716 | 101/150
		[INFO]  426 | 0.000012 |   2.8308 |   3.7400 |  0.881 |  0.733 | 102/150
		[INFO]  427 | 0.000012 |   2.8063 |   3.7195 |  0.883 |  0.736 | 103/150
		[INFO]  428 | 0.000012 |   2.8853 |   3.5927 |  0.877 |  0.753 | 104/150
		[INFO]  429 | 0.000012 |   2.8179 |   3.7500 |  0.881 |  0.731 | 105/150
		[INFO]  430 | 0.000012 |   2.8223 |   3.8369 |  0.883 |  0.719 | 106/150
		[INFO]  431 | 0.000012 |   2.8065 |   3.6421 |  0.882 |  0.747 | 107/150
		[INFO]  432 | 0.000012 |   2.8389 |   3.6427 |  0.882 |  0.747 | 108/150
		[INFO]  433 | 0.000012 |   2.8025 |   3.7731 |  0.885 |  0.728 | 109/150
		[INFO]  434 | 0.000012 |   2.8800 |   3.9352 |  0.879 |  0.704 | 110/150
		[INFO]  435 | 0.000012 |   2.8093 |   3.6042 |  0.883 |  0.752 | 111/150
		[INFO]  436 | 0.000009 |   2.8421 |   3.8062 |  0.880 |  0.723 | 112/150
		[INFO]  437 | 0.000009 |   2.8153 |   3.6661 |  0.883 |  0.743 | 113/150
		[INFO]  438 | 0.000009 |   2.8027 |   3.6724 |  0.884 |  0.742 | 114/150
		[INFO]  439 | 0.000009 |   2.8437 |   3.6355 |  0.880 |  0.748 | 115/150
		[INFO]  440 | 0.000009 |   2.8540 |   3.8378 |  0.878 |  0.719 | 116/150
		[INFO]  441 | 0.000009 |   2.8169 |   3.7083 |  0.882 |  0.737 | 117/150
		[INFO]  442 | 0.000009 |   2.8119 |   3.7277 |  0.883 |  0.735 | 118/150
		[INFO]  443 | 0.000009 |   2.8218 |   3.6510 |  0.881 |  0.745 | 119/150
		[INFO]  444 | 0.000009 |   2.8754 |   3.6463 |  0.877 |  0.746 | 120/150
		[INFO]  445 | 0.000009 |   2.8366 |   3.8095 |  0.882 |  0.723 | 121/150
		[INFO]  446 | 0.000009 |   2.8210 |   3.6769 |  0.882 |  0.742 | 122/150
		[INFO]  447 | 0.000009 |   2.8760 |   3.7915 |  0.878 |  0.725 | 123/150
		[INFO]  448 | 0.000009 |   2.8306 |   3.5979 |  0.883 |  0.753 | 124/150
		[INFO]  449 | 0.000009 |   2.8431 |   3.6126 |  0.879 |  0.751 | 125/150
		[INFO]  450 | 0.000009 |   2.8023 |   3.8196 |  0.883 |  0.721 | 126/150
		[INFO]  451 | 0.000009 |   2.8065 |   3.7025 |  0.883 |  0.738 | 127/150
		[INFO]  452 | 0.000007 |   2.8067 |   3.7538 |  0.883 |  0.731 | 128/150
		[INFO]  453 | 0.000007 |   2.8067 |   3.6804 |  0.882 |  0.741 | 129/150
		[INFO]  454 | 0.000007 |   2.8220 |   3.7314 |  0.881 |  0.734 | 130/150
		[INFO]  455 | 0.000007 |   2.8024 |   3.5773 |  0.882 |  0.756 | 131/150
		[INFO]  456 | 0.000007 |   2.8141 |   3.7035 |  0.882 |  0.738 | 132/150
		[INFO]  457 | 0.000007 |   2.8111 |   3.5419 |  0.884 |  0.760 | 133/150
		[INFO]  458 | 0.000007 |   2.8011 |   3.8217 |  0.883 |  0.721 | 134/150
		[INFO]  459 | 0.000007 |   2.8321 |   3.6824 |  0.881 |  0.741 | 135/150
		[INFO]  460 | 0.000007 |   2.8039 |   3.6114 |  0.883 |  0.751 | 136/150
		[INFO]  461 | 0.000007 |   2.7908 |   3.6681 |  0.884 |  0.743 | 137/150
		[INFO]  462 | 0.000007 |   2.7960 |   3.7517 |  0.883 |  0.731 | 138/150
		[INFO]  463 | 0.000007 |   2.8674 |   3.6990 |  0.877 |  0.739 | 139/150
		[INFO]  464 | 0.000007 |   2.8351 |   3.8828 |  0.882 |  0.712 | 140/150
		[INFO]  465 | 0.000007 |   2.8455 |   3.8636 |  0.880 |  0.715 | 141/150
		[INFO]  466 | 0.000007 |   2.8438 |   3.7097 |  0.881 |  0.737 | 142/150
		[INFO]  467 | 0.000007 |   2.8604 |   3.7017 |  0.879 |  0.738 | 143/150
		[INFO]  468 | 0.000005 |   2.7953 |   3.7259 |  0.885 |  0.735 | 144/150
		[INFO]  469 | 0.000005 |   2.7940 |   3.7493 |  0.884 |  0.731 | 145/150
		[INFO]  470 | 0.000005 |   2.8648 |   3.6389 |  0.878 |  0.747 | 146/150
		[INFO]  471 | 0.000005 |   2.7729 |   3.7217 |  0.886 |  0.735 | 147/150
		[INFO]  472 | 0.000005 |   2.8113 |   3.8364 |  0.882 |  0.719 | 148/150
		[INFO]  473 | 0.000005 |   2.8420 |   3.4678 |  0.880 |  0.770 | 149/150

[Stopping] Early stopping triggered after 473 epochs.
Training Complete. Results saved to: ./data/training_results/STAF_currentSOC_V5_CASE2
		[INFO] Case 2 completed.

	3.1 Training Case 1...

=== Starting Training Run: STAF_currentSOC_V5_CASE1 ===
Device: cuda
		[INFO] Starting Preprocessing for Case 1...
		[INFO] Unique quantized indices: 6686
		[INFO] Suggested num_embeddings: 8023
		[INFO] Generating sliding windows...
Column names ['sin_hour', 'cos_hour', 'sin_day', 'cos_day', 'building_T1', 'building_T2', 'building_T3', 'building_T4', 'building_T5', 'building_T6', 'building_T7', 'building_T8', 'building_T9', 'building_T10', 'building_T11', 'building_T12', 'building_T13', 'building_T14', 'building_T15', 'building_T16', 'building_T17', 'building_T18', 'building_T19', 'building_T20', 'building_T21', 'building_T22', 'building_T23', 'building_T24', 'radiation_T1', 'radiation_T2', 'radiation_T3', 'radiation_T4', 'radiation_T5', 'radiation_T6', 'radiation_T7', 'radiation_T8', 'radiation_T9', 'radiation_T10', 'radiation_T11', 'radiation_T12', 'radiation_T13', 'radiation_T14', 'radiation_T15', 'radiation_T16', 'radiation_T17', 'radiation_T18', 'radiation_T19', 'radiation_T20', 'radiation_T21', 'radiation_T22', 'radiation_T23', 'radiation_T24', 'temperature_T1', 'temperature_T2', 'temperature_T3', 'temperature_T4', 'temperature_T5', 'temperature_T6', 'temperature_T7', 'temperature_T8', 'temperature_T9', 'temperature_T10', 'temperature_T11', 'temperature_T12', 'temperature_T13', 'temperature_T14', 'temperature_T15', 'temperature_T16', 'temperature_T17', 'temperature_T18', 'temperature_T19', 'temperature_T20', 'temperature_T21', 'temperature_T22', 'temperature_T23', 'temperature_T24', 'priceG2B_T1', 'priceG2B_T2', 'priceG2B_T3', 'priceG2B_T4', 'priceG2B_T5', 'priceG2B_T6', 'priceG2B_T7', 'priceG2B_T8', 'priceG2B_T9', 'priceG2B_T10', 'priceG2B_T11', 'priceG2B_T12', 'priceG2B_T13', 'priceG2B_T14', 'priceG2B_T15', 'priceG2B_T16', 'priceG2B_T17', 'priceG2B_T18', 'priceG2B_T19', 'priceG2B_T20', 'priceG2B_T21', 'priceG2B_T22', 'priceG2B_T23', 'priceG2B_T24', 'priceG2V_T1', 'priceG2V_T2', 'priceG2V_T3', 'priceG2V_T4', 'priceG2V_T5', 'priceG2V_T6', 'priceG2V_T7', 'priceG2V_T8', 'priceG2V_T9', 'priceG2V_T10', 'priceG2V_T11', 'priceG2V_T12', 'priceG2V_T13', 'priceG2V_T14', 'priceG2V_T15', 'priceG2V_T16', 'priceG2V_T17', 'priceG2V_T18', 'priceG2V_T19', 'priceG2V_T20', 'priceG2V_T21', 'priceG2V_T22', 'priceG2V_T23', 'priceG2V_T24', 'battery_T1', 'battery_T2', 'battery_T3', 'battery_T4', 'battery_T5', 'battery_T6', 'battery_T7', 'battery_T8', 'battery_T9', 'battery_T10', 'battery_T11', 'battery_T12', 'battery_T13', 'battery_T14', 'battery_T15', 'battery_T16', 'battery_T17', 'battery_T18', 'battery_T19', 'battery_T20', 'battery_T21', 'battery_T22', 'battery_T23', 'battery_T24', 'SOC_V1', 'SOC_V2', 'SOC_V3', 'SOC_V4', 'SOC_V5', 'SOC_V6', 'SOC_V7', 'SOC_V8', 'SOC_V9', 'SOC_V10', 'SOC_V11', 'SOC_V12', 'SOC_V13', 'SOC_V14', 'SOC_V15', 'SOC_V16', 'SOC_V17', 'SOC_V18', 'SOC_V19', 'SOC_V20', 'SOC_V21', 'SOC_V22', 'SOC_V23', 'SOC_V24', 'SOC_V25', 'SOC_V26', 'SOC_V27', 'SOC_V28', 'SOC_V29', 'SOC_V30', 'SOC_V31', 'SOC_V32', 'SOC_V33', 'SOC_V34', 'SOC_V35', 'SOC_V36', 'SOC_V37', 'SOC_V38', 'SOC_V39', 'SOC_V40', 'SOC_V41', 'SOC_V42', 'SOC_V43', 'SOC_V44', 'SOC_V45', 'SOC_V46', 'SOC_V47', 'SOC_V48', 'SOC_V49', 'SOC_V50', 'SOC_V51', 'SOC_V52', 'SOC_V53', 'SOC_V54', 'SOC_V55', 'SOC_V56', 'SOC_V57', 'SOC_V58', 'SOC_V59', 'SOC_V60', 'SOC_V61', 'SOC_V62', 'SOC_V63', 'SOC_V64', 'SOC_V65', 'SOC_V66', 'SOC_V67', 'SOC_V68', 'SOC_V69', 'SOC_V70', 'SOC_V71', 'SOC_V72', 'SOC_V73', 'SOC_V74', 'SOC_V75', 'SOC_V76', 'target']
Number of columns: 225
Number of rows: 2016
		[INFO] Saved dataset: ./data/training_results/STAF_currentSOC_V5_CASE1/merged_dataset_STAF_currentSOC_V5_CASE1.csv (Shape: (2016, 225))
		[INFO] Saved metadata: ./data/training_results/STAF_currentSOC_V5_CASE1/feature_info_STAF_currentSOC_V5_CASE1.json
	[Model Config] Detected Dims: {'static': 4, 'series_count': 6, 'seq_len': 24, 'vehicle': 76, 'emb_vocab': 2000}
		[INFO] Data loaded. Train: 1411, Val: 605
		[INFO] Fitting new scalers on training data...
		[INFO] Calculating weights for imbalanced regression...
		[INFO] 
==================================================
		[INFO] 🚀 TRAINING SESSION: STAF_currentSOC_V5_CASE1
		[INFO] ==================================================
		[INFO] Device:             cuda
		[INFO] Model Parameters:   91,530
		[INFO] --------------------------------------------------
		[INFO] Epochs:             5000
		[INFO] Batch Size:         128
		[INFO] Learning Rate:      0.005
		[INFO] Weight Decay:       0.005
		[INFO] Dropout:            0.6
		[INFO] --------------------------------------------------
		[INFO] Hidden Layers:      [256, 64]
		[INFO] Embedding Dim:      8
		[INFO] Attention Heads:    4
		[INFO]==================================================


		[INFO]Epoch |    LR    | Trn RMSE | Val RMSE | Trn R2 | Val R2 | Stop
-----------------------------------------------------------------
		[INFO]    1 | 0.005000 |   7.0444 |  10.5010 |  0.209 | -1.148 | 0/150
		[INFO]    2 | 0.005000 |   5.8214 |   7.3676 |  0.460 | -0.059 | 0/150
		[INFO]    3 | 0.005000 |   5.8392 |   8.2769 |  0.618 | -0.332 | 0/150
		[INFO]    4 | 0.005000 |   4.6064 |   6.3940 |  0.685 |  0.202 | 1/150
		[INFO]    5 | 0.005000 |   4.8649 |   6.6663 |  0.691 |  0.131 | 0/150
		[INFO]    6 | 0.005000 |   4.2649 |   6.4227 |  0.703 |  0.197 | 1/150
		[INFO]    7 | 0.005000 |   4.3176 |   5.7733 |  0.709 |  0.351 | 2/150
		[INFO]    8 | 0.005000 |   4.2869 |   6.2903 |  0.737 |  0.230 | 0/150
		[INFO]    9 | 0.005000 |   4.2130 |   5.9534 |  0.735 |  0.310 | 1/150
		[INFO]   10 | 0.005000 |   4.4614 |   5.9560 |  0.737 |  0.306 | 2/150
		[INFO]   11 | 0.005000 |   5.7482 |   6.4085 |  0.708 |  0.197 | 3/150
		[INFO]   12 | 0.005000 |   4.1975 |   6.4631 |  0.751 |  0.182 | 4/150
		[INFO]   13 | 0.005000 |   4.3995 |   5.9962 |  0.741 |  0.295 | 5/150
		[INFO]   14 | 0.005000 |   4.2506 |   5.7933 |  0.756 |  0.340 | 6/150
		[INFO]   15 | 0.005000 |   4.4088 |   4.8195 |  0.746 |  0.543 | 7/150
		[INFO]   16 | 0.005000 |   4.2848 |   6.4832 |  0.738 |  0.177 | 0/150
		[INFO]   17 | 0.005000 |   4.2819 |   6.0116 |  0.717 |  0.290 | 1/150
		[INFO]   18 | 0.005000 |   4.2131 |   6.2968 |  0.744 |  0.226 | 2/150
		[INFO]   19 | 0.005000 |   3.9585 |   5.9568 |  0.758 |  0.307 | 3/150
		[INFO]   20 | 0.005000 |   4.3094 |   6.1091 |  0.771 |  0.273 | 4/150
		[INFO]   21 | 0.005000 |   4.4923 |   5.3316 |  0.767 |  0.443 | 5/150
		[INFO]   22 | 0.005000 |   4.5939 |   5.9500 |  0.741 |  0.307 | 6/150
		[INFO]   23 | 0.005000 |   4.1656 |   6.1128 |  0.738 |  0.268 | 7/150
		[INFO]   24 | 0.005000 |   4.8283 |   6.0168 |  0.739 |  0.293 | 8/150
		[INFO]   25 | 0.005000 |   4.3221 |   5.6530 |  0.705 |  0.374 | 9/150
		[INFO]   26 | 0.005000 |   5.8276 |   5.7433 |  0.718 |  0.353 | 10/150
		[INFO]   27 | 0.005000 |   3.9432 |   5.5370 |  0.768 |  0.399 | 11/150
		[INFO]   28 | 0.005000 |   4.2013 |   5.2410 |  0.737 |  0.462 | 12/150
		[INFO]   29 | 0.005000 |   3.8928 |   5.1680 |  0.756 |  0.479 | 13/150
		[INFO]   30 | 0.005000 |   3.9163 |   5.6951 |  0.769 |  0.366 | 14/150
		[INFO]   31 | 0.005000 |   4.3532 |   5.2972 |  0.756 |  0.452 | 15/150
		[INFO]   32 | 0.003750 |   4.2041 |   5.9447 |  0.784 |  0.309 | 16/150
		[INFO]   33 | 0.003750 |   4.2115 |   5.1698 |  0.767 |  0.477 | 17/150
		[INFO]   34 | 0.003750 |   4.1998 |   5.8764 |  0.795 |  0.326 | 18/150
		[INFO]   35 | 0.003750 |   4.5913 |   5.4634 |  0.763 |  0.417 | 19/150
		[INFO]   36 | 0.003750 |   4.6212 |   5.5246 |  0.760 |  0.405 | 20/150
		[INFO]   37 | 0.003750 |   4.5333 |   5.4317 |  0.780 |  0.424 | 21/150
		[INFO]   38 | 0.003750 |   4.1311 |   6.0242 |  0.766 |  0.294 | 22/150
		[INFO]   39 | 0.003750 |   3.6292 |   5.6792 |  0.791 |  0.372 | 23/150
		[INFO]   40 | 0.003750 |   4.9369 |   5.2032 |  0.769 |  0.471 | 24/150
		[INFO]   41 | 0.003750 |   4.6041 |   5.0103 |  0.775 |  0.510 | 25/150
		[INFO]   42 | 0.003750 |   3.9815 |   5.6157 |  0.765 |  0.386 | 26/150
		[INFO]   43 | 0.003750 |   3.7612 |   5.7441 |  0.771 |  0.356 | 27/150
		[INFO]   44 | 0.003750 |   3.5811 |   5.1866 |  0.788 |  0.476 | 28/150
		[INFO]   45 | 0.003750 |   3.8005 |   5.5178 |  0.796 |  0.408 | 29/150
		[INFO]   46 | 0.003750 |   3.7802 |   5.5934 |  0.800 |  0.390 | 30/150
		[INFO]   47 | 0.003750 |   4.1158 |   4.9888 |  0.793 |  0.513 | 31/150
		[INFO]   48 | 0.002812 |   3.6950 |   5.2665 |  0.785 |  0.458 | 32/150
		[INFO]   49 | 0.002812 |   3.9161 |   5.6446 |  0.789 |  0.378 | 33/150
		[INFO]   50 | 0.002812 |   5.0492 |   5.5644 |  0.785 |  0.395 | 34/150
		[INFO]   51 | 0.002812 |   4.6094 |   5.9408 |  0.784 |  0.311 | 35/150
		[INFO]   52 | 0.002812 |   3.9894 |   6.1568 |  0.767 |  0.260 | 36/150
		[INFO]   53 | 0.002812 |   4.0935 |   5.7965 |  0.782 |  0.345 | 37/150
		[INFO]   54 | 0.002812 |   3.7950 |   5.6487 |  0.782 |  0.378 | 38/150
		[INFO]   55 | 0.002812 |   4.1202 |   6.2567 |  0.777 |  0.237 | 39/150
		[INFO]   56 | 0.002812 |   3.7319 |   5.7092 |  0.789 |  0.365 | 40/150
		[INFO]   57 | 0.002812 |   3.9389 |   5.8240 |  0.789 |  0.338 | 41/150
		[INFO]   58 | 0.002812 |   4.4194 |   5.7897 |  0.765 |  0.346 | 42/150
		[INFO]   59 | 0.002812 |   4.2916 |   5.7612 |  0.784 |  0.352 | 43/150
		[INFO]   60 | 0.002812 |   4.2159 |   5.5696 |  0.794 |  0.395 | 44/150
		[INFO]   61 | 0.002812 |   3.8035 |   5.4250 |  0.792 |  0.426 | 45/150
		[INFO]   62 | 0.002812 |   3.8234 |   5.3697 |  0.780 |  0.438 | 46/150
		[INFO]   63 | 0.002812 |   4.4743 |   5.7599 |  0.772 |  0.354 | 47/150
		[INFO]   64 | 0.002109 |   3.9658 |   5.5632 |  0.784 |  0.396 | 48/150
		[INFO]   65 | 0.002109 |   3.7889 |   5.5483 |  0.796 |  0.399 | 49/150
		[INFO]   66 | 0.002109 |   4.0475 |   5.6348 |  0.789 |  0.379 | 50/150
		[INFO]   67 | 0.002109 |   3.9293 |   5.7279 |  0.804 |  0.358 | 51/150
		[INFO]   68 | 0.002109 |   5.2563 |   5.1980 |  0.801 |  0.472 | 52/150
		[INFO]   69 | 0.002109 |   4.1199 |   5.2101 |  0.791 |  0.470 | 53/150
		[INFO]   70 | 0.002109 |   3.9750 |   5.2646 |  0.784 |  0.459 | 54/150
		[INFO]   71 | 0.002109 |   4.1469 |   5.7638 |  0.808 |  0.352 | 55/150
		[INFO]   72 | 0.002109 |   3.9004 |   5.6648 |  0.792 |  0.375 | 56/150
		[INFO]   73 | 0.002109 |   3.8021 |   5.2831 |  0.789 |  0.456 | 57/150
		[INFO]   74 | 0.002109 |   3.5563 |   4.9670 |  0.805 |  0.519 | 58/150
		[INFO]   75 | 0.002109 |   3.6613 |   5.6483 |  0.807 |  0.378 | 59/150
		[INFO]   76 | 0.002109 |   3.9248 |   5.3766 |  0.791 |  0.436 | 60/150
		[INFO]   77 | 0.002109 |   3.9705 |   5.2365 |  0.800 |  0.464 | 61/150
		[INFO]   78 | 0.002109 |   3.9008 |   5.1733 |  0.791 |  0.479 | 62/150
		[INFO]   79 | 0.002109 |   3.9326 |   5.1262 |  0.795 |  0.487 | 63/150
		[INFO]   80 | 0.001582 |   3.4329 |   5.0773 |  0.821 |  0.497 | 64/150
		[INFO]   81 | 0.001582 |   3.6795 |   5.2312 |  0.808 |  0.467 | 65/150
		[INFO]   82 | 0.001582 |   4.2391 |   5.7147 |  0.806 |  0.363 | 66/150
		[INFO]   83 | 0.001582 |   3.7673 |   5.5757 |  0.798 |  0.394 | 67/150
		[INFO]   84 | 0.001582 |   3.5038 |   5.3237 |  0.803 |  0.447 | 68/150
		[INFO]   85 | 0.001582 |   5.4986 |   5.0197 |  0.792 |  0.508 | 69/150
		[INFO]   86 | 0.001582 |   4.6385 |   5.5936 |  0.800 |  0.390 | 70/150
		[INFO]   87 | 0.001582 |   3.7124 |   5.7720 |  0.799 |  0.350 | 71/150
		[INFO]   88 | 0.001582 |   3.6600 |   5.2727 |  0.796 |  0.459 | 72/150
		[INFO]   89 | 0.001582 |   4.0917 |   5.4013 |  0.793 |  0.432 | 73/150
		[INFO]   90 | 0.001582 |   3.7940 |   5.6305 |  0.800 |  0.383 | 74/150
		[INFO]   91 | 0.001582 |   3.8043 |   5.3975 |  0.792 |  0.433 | 75/150
		[INFO]   92 | 0.001582 |   3.9619 |   5.9395 |  0.796 |  0.312 | 76/150
		[INFO]   93 | 0.001582 |   3.7370 |   5.8526 |  0.813 |  0.332 | 77/150
		[INFO]   94 | 0.001582 |   3.4416 |   5.3702 |  0.822 |  0.438 | 78/150
		[INFO]   95 | 0.001582 |   4.6963 |   5.0955 |  0.817 |  0.494 | 79/150
		[INFO]   96 | 0.001187 |   3.4969 |   5.5769 |  0.810 |  0.394 | 80/150
		[INFO]   97 | 0.001187 |   4.3006 |   5.8078 |  0.824 |  0.343 | 81/150
		[INFO]   98 | 0.001187 |   3.9843 |   5.6076 |  0.800 |  0.387 | 82/150
		[INFO]   99 | 0.001187 |   3.6072 |   5.5761 |  0.823 |  0.392 | 83/150
		[INFO]  100 | 0.001187 |   4.3296 |   5.2756 |  0.807 |  0.457 | 84/150
		[INFO]  101 | 0.001187 |   3.5469 |   5.4110 |  0.818 |  0.429 | 85/150
		[INFO]  102 | 0.001187 |   3.3862 |   5.2951 |  0.811 |  0.453 | 86/150
		[INFO]  103 | 0.001187 |   3.7771 |   4.9840 |  0.811 |  0.515 | 87/150
		[INFO]  104 | 0.001187 |   3.4442 |   5.0616 |  0.820 |  0.500 | 88/150
		[INFO]  105 | 0.001187 |   3.7821 |   5.0843 |  0.825 |  0.495 | 89/150
		[INFO]  106 | 0.001187 |   4.4602 |   4.9307 |  0.813 |  0.524 | 90/150
		[INFO]  107 | 0.001187 |   4.3614 |   5.5674 |  0.823 |  0.395 | 91/150
		[INFO]  108 | 0.001187 |   5.1324 |   5.1083 |  0.821 |  0.490 | 92/150
		[INFO]  109 | 0.001187 |   3.9406 |   5.2546 |  0.799 |  0.461 | 93/150
		[INFO]  110 | 0.001187 |   3.9803 |   5.9071 |  0.807 |  0.320 | 94/150
		[INFO]  111 | 0.001187 |   3.9229 |   5.5848 |  0.822 |  0.393 | 95/150
		[INFO]  112 | 0.000890 |   3.7161 |   5.1660 |  0.800 |  0.480 | 96/150
		[INFO]  113 | 0.000890 |   3.5256 |   5.0180 |  0.810 |  0.510 | 97/150
		[INFO]  114 | 0.000890 |   4.5822 |   4.8066 |  0.814 |  0.549 | 98/150
		[INFO]  115 | 0.000890 |   3.8784 |   5.0466 |  0.832 |  0.504 | 0/150
		[INFO]  116 | 0.000890 |   3.7328 |   5.1386 |  0.810 |  0.486 | 1/150
		[INFO]  117 | 0.000890 |   3.4293 |   5.1627 |  0.799 |  0.481 | 2/150
		[INFO]  118 | 0.000890 |   3.5791 |   5.2079 |  0.811 |  0.472 | 3/150
		[INFO]  119 | 0.000890 |   3.6777 |   5.2109 |  0.810 |  0.471 | 4/150
		[INFO]  120 | 0.000890 |   4.1303 |   5.2311 |  0.835 |  0.467 | 5/150
		[INFO]  121 | 0.000890 |   4.3608 |   5.5063 |  0.823 |  0.410 | 6/150
		[INFO]  122 | 0.000890 |   4.3786 |   4.9164 |  0.821 |  0.529 | 7/150
		[INFO]  123 | 0.000890 |   3.3908 |   5.1865 |  0.819 |  0.476 | 8/150
		[INFO]  124 | 0.000890 |   4.4305 |   4.9395 |  0.816 |  0.525 | 9/150
		[INFO]  125 | 0.000890 |   3.8565 |   4.9733 |  0.822 |  0.518 | 10/150
		[INFO]  126 | 0.000890 |   3.4570 |   5.6324 |  0.802 |  0.382 | 11/150
		[INFO]  127 | 0.000890 |   3.4594 |   5.2416 |  0.808 |  0.465 | 12/150
		[INFO]  128 | 0.000890 |   3.4746 |   4.8792 |  0.825 |  0.537 | 13/150
		[INFO]  129 | 0.000890 |   3.5414 |   5.2653 |  0.815 |  0.460 | 14/150
		[INFO]  130 | 0.000890 |   3.3988 |   5.0570 |  0.823 |  0.501 | 15/150
		[INFO]  131 | 0.000667 |   3.5131 |   4.8233 |  0.806 |  0.547 | 16/150
		[INFO]  132 | 0.000667 |   3.3866 |   5.3440 |  0.822 |  0.445 | 17/150
		[INFO]  133 | 0.000667 |   3.7990 |   5.7106 |  0.832 |  0.365 | 18/150
		[INFO]  134 | 0.000667 |   3.9676 |   4.9525 |  0.822 |  0.522 | 19/150
		[INFO]  135 | 0.000667 |   3.7786 |   5.2122 |  0.818 |  0.470 | 20/150
		[INFO]  136 | 0.000667 |   3.3702 |   5.2068 |  0.823 |  0.472 | 21/150
		[INFO]  137 | 0.000667 |   3.3309 |   5.4728 |  0.830 |  0.417 | 22/150
		[INFO]  138 | 0.000667 |   4.3271 |   5.0300 |  0.839 |  0.507 | 23/150
		[INFO]  139 | 0.000667 |   3.8023 |   5.4629 |  0.826 |  0.420 | 24/150
		[INFO]  140 | 0.000667 |   3.6954 |   6.1809 |  0.838 |  0.256 | 25/150
		[INFO]  141 | 0.000667 |   4.0206 |   5.3898 |  0.806 |  0.434 | 26/150
		[INFO]  142 | 0.000667 |   3.6150 |   5.9302 |  0.822 |  0.317 | 27/150
		[INFO]  143 | 0.000667 |   4.0121 |   5.2568 |  0.822 |  0.462 | 28/150
		[INFO]  144 | 0.000667 |   4.5010 |   5.6914 |  0.822 |  0.369 | 29/150
		[INFO]  145 | 0.000667 |   4.2747 |   5.6732 |  0.808 |  0.374 | 30/150
		[INFO]  146 | 0.000667 |   3.5045 |   5.1487 |  0.816 |  0.485 | 31/150
		[INFO]  147 | 0.000501 |   3.8202 |   5.5928 |  0.810 |  0.391 | 32/150
		[INFO]  148 | 0.000501 |   3.2597 |   5.2080 |  0.836 |  0.473 | 33/150
		[INFO]  149 | 0.000501 |   3.6856 |   5.9174 |  0.820 |  0.318 | 34/150
		[INFO]  150 | 0.000501 |   3.6861 |   5.6751 |  0.821 |  0.373 | 35/150
		[INFO]  151 | 0.000501 |   4.1048 |   5.6569 |  0.850 |  0.379 | 36/150
		[INFO]  152 | 0.000501 |   4.1402 |   5.6950 |  0.824 |  0.371 | 37/150
		[INFO]  153 | 0.000501 |   4.0933 |   5.8143 |  0.834 |  0.342 | 38/150
		[INFO]  154 | 0.000501 |   3.4050 |   5.1865 |  0.818 |  0.477 | 39/150
		[INFO]  155 | 0.000501 |   4.3952 |   5.1238 |  0.817 |  0.490 | 40/150
		[INFO]  156 | 0.000501 |   3.3609 |   5.0765 |  0.825 |  0.498 | 41/150
		[INFO]  157 | 0.000501 |   3.8966 |   4.7291 |  0.816 |  0.565 | 42/150
		[INFO]  158 | 0.000501 |   3.5988 |   5.1969 |  0.825 |  0.473 | 0/150
		[INFO]  159 | 0.000501 |   3.8207 |   5.1747 |  0.818 |  0.478 | 1/150
		[INFO]  160 | 0.000501 |   4.1296 |   4.9408 |  0.817 |  0.523 | 2/150
		[INFO]  161 | 0.000501 |   3.6900 |   5.6271 |  0.834 |  0.383 | 3/150
		[INFO]  162 | 0.000501 |   3.5092 |   5.7213 |  0.821 |  0.362 | 4/150
		[INFO]  163 | 0.000501 |   3.5152 |   5.1959 |  0.833 |  0.474 | 5/150
		[INFO]  164 | 0.000501 |   3.4668 |   4.9379 |  0.839 |  0.526 | 6/150
		[INFO]  165 | 0.000501 |   3.3523 |   5.0356 |  0.829 |  0.507 | 7/150
		[INFO]  166 | 0.000501 |   3.5953 |   4.9504 |  0.822 |  0.523 | 8/150
		[INFO]  167 | 0.000501 |   3.8677 |   5.1643 |  0.821 |  0.482 | 9/150
		[INFO]  168 | 0.000501 |   4.3372 |   5.0962 |  0.835 |  0.494 | 10/150
		[INFO]  169 | 0.000501 |   3.2985 |   5.5592 |  0.837 |  0.398 | 11/150
		[INFO]  170 | 0.000501 |   4.0022 |   5.0533 |  0.822 |  0.503 | 12/150
		[INFO]  171 | 0.000501 |   3.4612 |   5.1104 |  0.821 |  0.492 | 13/150
		[INFO]  172 | 0.000501 |   3.2924 |   5.2565 |  0.837 |  0.462 | 14/150
		[INFO]  173 | 0.000501 |   3.2047 |   5.0208 |  0.828 |  0.509 | 15/150
		[INFO]  174 | 0.000375 |   3.4828 |   5.1145 |  0.821 |  0.491 | 16/150
		[INFO]  175 | 0.000375 |   3.6233 |   5.4894 |  0.825 |  0.414 | 17/150
		[INFO]  176 | 0.000375 |   3.2341 |   5.5175 |  0.829 |  0.408 | 18/150
		[INFO]  177 | 0.000375 |   3.5338 |   5.3593 |  0.840 |  0.440 | 19/150
		[INFO]  178 | 0.000375 |   3.3131 |   5.4962 |  0.835 |  0.412 | 20/150
		[INFO]  179 | 0.000375 |   3.4395 |   5.3831 |  0.827 |  0.436 | 21/150
		[INFO]  180 | 0.000375 |   4.0578 |   5.3898 |  0.821 |  0.435 | 22/150
		[INFO]  181 | 0.000375 |   3.6680 |   5.0319 |  0.818 |  0.506 | 23/150
		[INFO]  182 | 0.000375 |   3.5912 |   5.1898 |  0.830 |  0.476 | 24/150
		[INFO]  183 | 0.000375 |   4.1276 |   4.9186 |  0.823 |  0.529 | 25/150
		[INFO]  184 | 0.000375 |   4.6252 |   5.7477 |  0.835 |  0.356 | 26/150
		[INFO]  185 | 0.000375 |   3.6918 |   5.3153 |  0.830 |  0.450 | 27/150
		[INFO]  186 | 0.000375 |   4.5170 |   5.4294 |  0.807 |  0.426 | 28/150
		[INFO]  187 | 0.000375 |   3.4796 |   6.1434 |  0.846 |  0.264 | 29/150
		[INFO]  188 | 0.000375 |   3.3671 |   5.3036 |  0.834 |  0.452 | 30/150
		[INFO]  189 | 0.000375 |   3.3727 |   5.2036 |  0.835 |  0.472 | 31/150
		[INFO]  190 | 0.000282 |   3.5462 |   5.1692 |  0.825 |  0.479 | 32/150
		[INFO]  191 | 0.000282 |   4.1238 |   5.5129 |  0.825 |  0.408 | 33/150
		[INFO]  192 | 0.000282 |   4.2765 |   5.1979 |  0.821 |  0.473 | 34/150
		[INFO]  193 | 0.000282 |   3.3856 |   5.5774 |  0.832 |  0.394 | 35/150
		[INFO]  194 | 0.000282 |   3.5693 |   5.6420 |  0.828 |  0.379 | 36/150
		[INFO]  195 | 0.000282 |   4.0138 |   5.4682 |  0.814 |  0.418 | 37/150
		[INFO]  196 | 0.000282 |   3.3576 |   5.3144 |  0.836 |  0.450 | 38/150
		[INFO]  197 | 0.000282 |   3.5550 |   5.2079 |  0.831 |  0.471 | 39/150
		[INFO]  198 | 0.000282 |   3.2017 |   5.1249 |  0.837 |  0.488 | 40/150
		[INFO]  199 | 0.000282 |   3.3004 |   5.1257 |  0.836 |  0.487 | 41/150
		[INFO]  200 | 0.000282 |   4.0660 |   4.9851 |  0.834 |  0.514 | 42/150
		[INFO]  201 | 0.000282 |   3.7814 |   5.9494 |  0.844 |  0.310 | 43/150
		[INFO]  202 | 0.000282 |   4.4864 |   5.3305 |  0.826 |  0.446 | 44/150
		[INFO]  203 | 0.000282 |   3.9249 |   5.0293 |  0.840 |  0.508 | 45/150
		[INFO]  204 | 0.000282 |   3.2600 |   5.2400 |  0.830 |  0.465 | 46/150
		[INFO]  205 | 0.000282 |   3.4182 |   4.7638 |  0.834 |  0.558 | 47/150
		[INFO]  206 | 0.000211 |   4.7411 |   5.2785 |  0.835 |  0.458 | 48/150
		[INFO]  207 | 0.000211 |   4.4477 |   4.8718 |  0.817 |  0.539 | 49/150
		[INFO]  208 | 0.000211 |   3.9346 |   5.3302 |  0.831 |  0.448 | 50/150
		[INFO]  209 | 0.000211 |   3.4153 |   5.3807 |  0.830 |  0.436 | 51/150
		[INFO]  210 | 0.000211 |   3.8716 |   4.9581 |  0.831 |  0.521 | 52/150
		[INFO]  211 | 0.000211 |   3.3249 |   5.1579 |  0.825 |  0.481 | 53/150
		[INFO]  212 | 0.000211 |   4.0317 |   4.6797 |  0.842 |  0.572 | 54/150
		[INFO]  213 | 0.000211 |   3.6692 |   5.0633 |  0.844 |  0.501 | 0/150
		[INFO]  214 | 0.000211 |   3.7422 |   5.2801 |  0.837 |  0.457 | 1/150
		[INFO]  215 | 0.000211 |   3.8052 |   5.4240 |  0.832 |  0.427 | 2/150
		[INFO]  216 | 0.000211 |   3.4502 |   5.2372 |  0.832 |  0.466 | 3/150
		[INFO]  217 | 0.000211 |   3.1969 |   4.9293 |  0.829 |  0.527 | 4/150
		[INFO]  218 | 0.000211 |   4.4425 |   4.7344 |  0.831 |  0.563 | 5/150
		[INFO]  219 | 0.000211 |   3.5335 |   4.8263 |  0.831 |  0.546 | 6/150
		[INFO]  220 | 0.000211 |   3.3113 |   5.3484 |  0.830 |  0.443 | 7/150
		[INFO]  221 | 0.000211 |   3.1950 |   4.9641 |  0.831 |  0.520 | 8/150
		[INFO]  222 | 0.000211 |   3.8620 |   4.7808 |  0.844 |  0.555 | 9/150
		[INFO]  223 | 0.000211 |   3.4739 |   4.8046 |  0.840 |  0.551 | 10/150
		[INFO]  224 | 0.000211 |   3.4409 |   5.2742 |  0.829 |  0.458 | 11/150
		[INFO]  225 | 0.000211 |   3.6045 |   5.0682 |  0.843 |  0.499 | 12/150
		[INFO]  226 | 0.000211 |   3.8420 |   5.0325 |  0.826 |  0.506 | 13/150
		[INFO]  227 | 0.000211 |   3.5876 |   5.1939 |  0.842 |  0.474 | 14/150
		[INFO]  228 | 0.000211 |   3.8155 |   4.9150 |  0.827 |  0.529 | 15/150
		[INFO]  229 | 0.000158 |   3.7008 |   5.1128 |  0.837 |  0.491 | 16/150
		[INFO]  230 | 0.000158 |   3.7004 |   5.2212 |  0.846 |  0.469 | 17/150
		[INFO]  231 | 0.000158 |   3.4768 |   5.3371 |  0.819 |  0.446 | 18/150
		[INFO]  232 | 0.000158 |   3.6084 |   5.4852 |  0.839 |  0.415 | 19/150
		[INFO]  233 | 0.000158 |   3.4650 |   5.1184 |  0.846 |  0.489 | 20/150
		[INFO]  234 | 0.000158 |   3.5222 |   5.4219 |  0.828 |  0.427 | 21/150
		[INFO]  235 | 0.000158 |   3.6897 |   5.4533 |  0.836 |  0.420 | 22/150
		[INFO]  236 | 0.000158 |   3.2088 |   5.4407 |  0.838 |  0.423 | 23/150
		[INFO]  237 | 0.000158 |   3.2455 |   5.3728 |  0.834 |  0.437 | 24/150
		[INFO]  238 | 0.000158 |   4.5203 |   5.5191 |  0.830 |  0.407 | 25/150
		[INFO]  239 | 0.000158 |   3.2419 |   5.0582 |  0.847 |  0.501 | 26/150
		[INFO]  240 | 0.000158 |   3.3469 |   4.7150 |  0.839 |  0.567 | 27/150
		[INFO]  241 | 0.000158 |   4.1336 |   4.7894 |  0.823 |  0.553 | 28/150
		[INFO]  242 | 0.000158 |   3.3909 |   4.8427 |  0.834 |  0.542 | 29/150
		[INFO]  243 | 0.000158 |   3.6814 |   5.7645 |  0.841 |  0.353 | 30/150
		[INFO]  244 | 0.000158 |   4.5640 |   5.2471 |  0.825 |  0.464 | 31/150
		[INFO]  245 | 0.000119 |   3.8111 |   4.7592 |  0.849 |  0.558 | 32/150
		[INFO]  246 | 0.000119 |   3.6718 |   5.2185 |  0.825 |  0.470 | 33/150
		[INFO]  247 | 0.000119 |   3.2594 |   5.7009 |  0.847 |  0.368 | 34/150
		[INFO]  248 | 0.000119 |   3.2167 |   5.4145 |  0.848 |  0.430 | 35/150
		[INFO]  249 | 0.000119 |   3.4222 |   5.0617 |  0.838 |  0.501 | 36/150
		[INFO]  250 | 0.000119 |   3.7243 |   5.3661 |  0.843 |  0.439 | 37/150
		[INFO]  251 | 0.000119 |   3.3129 |   5.0826 |  0.829 |  0.497 | 38/150
		[INFO]  252 | 0.000119 |   3.3463 |   5.0129 |  0.838 |  0.511 | 39/150
		[INFO]  253 | 0.000119 |   4.0310 |   5.0962 |  0.817 |  0.495 | 40/150
		[INFO]  254 | 0.000119 |   3.2688 |   5.5115 |  0.831 |  0.409 | 41/150
		[INFO]  255 | 0.000119 |   4.2151 |   5.0031 |  0.831 |  0.513 | 42/150
		[INFO]  256 | 0.000119 |   3.9774 |   5.5925 |  0.820 |  0.390 | 43/150
		[INFO]  257 | 0.000119 |   3.4777 |   5.5739 |  0.847 |  0.395 | 44/150
		[INFO]  258 | 0.000119 |   3.5985 |   5.3064 |  0.827 |  0.451 | 45/150
		[INFO]  259 | 0.000119 |   3.7757 |   4.9478 |  0.842 |  0.523 | 46/150
		[INFO]  260 | 0.000119 |   4.8562 |   5.5842 |  0.834 |  0.393 | 47/150
		[INFO]  261 | 0.000089 |   3.6481 |   5.2625 |  0.818 |  0.460 | 48/150
		[INFO]  262 | 0.000089 |   3.5010 |   5.2357 |  0.835 |  0.466 | 49/150
		[INFO]  263 | 0.000089 |   3.3764 |   4.9757 |  0.840 |  0.518 | 50/150
		[INFO]  264 | 0.000089 |   4.1378 |   5.0920 |  0.829 |  0.495 | 51/150
		[INFO]  265 | 0.000089 |   4.3170 |   4.7223 |  0.852 |  0.565 | 52/150
		[INFO]  266 | 0.000089 |   3.1774 |   5.0913 |  0.837 |  0.495 | 53/150
		[INFO]  267 | 0.000089 |   3.1031 |   5.2120 |  0.847 |  0.471 | 54/150
		[INFO]  268 | 0.000089 |   3.2790 |   5.3141 |  0.844 |  0.450 | 55/150
		[INFO]  269 | 0.000089 |   3.8464 |   5.6604 |  0.832 |  0.375 | 56/150
		[INFO]  270 | 0.000089 |   4.1651 |   4.9966 |  0.834 |  0.513 | 57/150
		[INFO]  271 | 0.000089 |   3.8483 |   5.2035 |  0.831 |  0.472 | 58/150
		[INFO]  272 | 0.000089 |   3.4272 |   5.2972 |  0.829 |  0.454 | 59/150
		[INFO]  273 | 0.000089 |   4.0327 |   4.9738 |  0.825 |  0.519 | 60/150
		[INFO]  274 | 0.000089 |   3.4410 |   5.3591 |  0.836 |  0.441 | 61/150
		[INFO]  275 | 0.000089 |   3.8035 |   5.2831 |  0.839 |  0.457 | 62/150
		[INFO]  276 | 0.000089 |   3.1810 |   5.2988 |  0.831 |  0.454 | 63/150
		[INFO]  277 | 0.000067 |   3.4062 |   5.7286 |  0.843 |  0.361 | 64/150
		[INFO]  278 | 0.000067 |   3.6935 |   6.1246 |  0.824 |  0.268 | 65/150
		[INFO]  279 | 0.000067 |   4.8497 |   5.2058 |  0.833 |  0.471 | 66/150
		[INFO]  280 | 0.000067 |   3.1548 |   4.8977 |  0.833 |  0.533 | 67/150
		[INFO]  281 | 0.000067 |   4.0656 |   5.3316 |  0.818 |  0.446 | 68/150
		[INFO]  282 | 0.000067 |   4.0963 |   5.5089 |  0.830 |  0.409 | 69/150
		[INFO]  283 | 0.000067 |   3.5185 |   5.0363 |  0.838 |  0.506 | 70/150
		[INFO]  284 | 0.000067 |   4.0601 |   5.2494 |  0.817 |  0.463 | 71/150
		[INFO]  285 | 0.000067 |   3.7355 |   5.2328 |  0.838 |  0.466 | 72/150
		[INFO]  286 | 0.000067 |   4.0363 |   5.7933 |  0.841 |  0.347 | 73/150
		[INFO]  287 | 0.000067 |   3.2044 |   5.2787 |  0.840 |  0.457 | 74/150
		[INFO]  288 | 0.000067 |   3.6700 |   5.5703 |  0.839 |  0.395 | 75/150
		[INFO]  289 | 0.000067 |   3.2279 |   5.2170 |  0.832 |  0.470 | 76/150
		[INFO]  290 | 0.000067 |   3.5058 |   5.8069 |  0.844 |  0.343 | 77/150
		[INFO]  291 | 0.000067 |   3.2784 |   5.7970 |  0.844 |  0.345 | 78/150
		[INFO]  292 | 0.000067 |   3.4121 |   5.1284 |  0.833 |  0.487 | 79/150
		[INFO]  293 | 0.000050 |   3.8140 |   4.9348 |  0.836 |  0.525 | 80/150
		[INFO]  294 | 0.000050 |   3.9706 |   5.4953 |  0.837 |  0.411 | 81/150
		[INFO]  295 | 0.000050 |   3.5607 |   5.1175 |  0.829 |  0.489 | 82/150
		[INFO]  296 | 0.000050 |   3.5701 |   6.2346 |  0.842 |  0.243 | 83/150
		[INFO]  297 | 0.000050 |   3.6475 |   5.6599 |  0.839 |  0.376 | 84/150
		[INFO]  298 | 0.000050 |   3.4378 |   5.5449 |  0.832 |  0.400 | 85/150
		[INFO]  299 | 0.000050 |   3.3364 |   5.5341 |  0.844 |  0.402 | 86/150
		[INFO]  300 | 0.000050 |   3.3306 |   5.2690 |  0.846 |  0.459 | 87/150
		[INFO]  301 | 0.000050 |   4.0273 |   5.2714 |  0.823 |  0.459 | 88/150
		[INFO]  302 | 0.000050 |   3.1324 |   5.2456 |  0.843 |  0.465 | 89/150
		[INFO]  303 | 0.000050 |   3.2268 |   5.5848 |  0.830 |  0.393 | 90/150
		[INFO]  304 | 0.000050 |   3.2787 |   5.6719 |  0.833 |  0.374 | 91/150
		[INFO]  305 | 0.000050 |   3.4674 |   5.0712 |  0.842 |  0.499 | 92/150
		[INFO]  306 | 0.000050 |   4.9390 |   4.8671 |  0.825 |  0.538 | 93/150
		[INFO]  307 | 0.000050 |   3.3641 |   5.1166 |  0.852 |  0.490 | 94/150
		[INFO]  308 | 0.000050 |   3.1780 |   5.0796 |  0.844 |  0.497 | 95/150
		[INFO]  309 | 0.000038 |   3.8961 |   4.7987 |  0.834 |  0.550 | 96/150
		[INFO]  310 | 0.000038 |   3.3177 |   4.8757 |  0.837 |  0.536 | 97/150
		[INFO]  311 | 0.000038 |   3.8118 |   5.0950 |  0.838 |  0.494 | 98/150
		[INFO]  312 | 0.000038 |   3.3708 |   4.8064 |  0.845 |  0.550 | 99/150
		[INFO]  313 | 0.000038 |   3.8944 |   5.1403 |  0.846 |  0.485 | 100/150
		[INFO]  314 | 0.000038 |   3.5891 |   5.7637 |  0.849 |  0.353 | 101/150
		[INFO]  315 | 0.000038 |   4.6657 |   5.6950 |  0.825 |  0.369 | 102/150
		[INFO]  316 | 0.000038 |   3.4833 |   5.1035 |  0.831 |  0.493 | 103/150
		[INFO]  317 | 0.000038 |   3.3362 |   5.0123 |  0.834 |  0.511 | 104/150
		[INFO]  318 | 0.000038 |   3.5736 |   5.1738 |  0.838 |  0.479 | 105/150
		[INFO]  319 | 0.000038 |   3.2338 |   5.6249 |  0.843 |  0.384 | 106/150
		[INFO]  320 | 0.000038 |   3.5370 |   5.6265 |  0.834 |  0.384 | 107/150
		[INFO]  321 | 0.000038 |   3.3803 |   6.1958 |  0.845 |  0.252 | 108/150
		[INFO]  322 | 0.000038 |   3.3017 |   5.1308 |  0.831 |  0.486 | 109/150
		[INFO]  323 | 0.000038 |   3.5221 |   5.1044 |  0.829 |  0.492 | 110/150
		[INFO]  324 | 0.000038 |   3.0679 |   5.0919 |  0.849 |  0.495 | 111/150
		[INFO]  325 | 0.000028 |   4.0104 |   5.0058 |  0.835 |  0.512 | 112/150
		[INFO]  326 | 0.000028 |   3.3617 |   5.3210 |  0.837 |  0.449 | 113/150
		[INFO]  327 | 0.000028 |   3.6765 |   5.6657 |  0.837 |  0.376 | 114/150
		[INFO]  328 | 0.000028 |   3.6739 |   4.8483 |  0.838 |  0.542 | 115/150
		[INFO]  329 | 0.000028 |   4.0584 |   5.4100 |  0.827 |  0.428 | 116/150
		[INFO]  330 | 0.000028 |   4.3567 |   5.4473 |  0.828 |  0.421 | 117/150
		[INFO]  331 | 0.000028 |   3.9091 |   4.8705 |  0.833 |  0.537 | 118/150
		[INFO]  332 | 0.000028 |   4.3253 |   4.7521 |  0.839 |  0.559 | 119/150
		[INFO]  333 | 0.000028 |   3.7996 |   4.8354 |  0.833 |  0.544 | 120/150
		[INFO]  334 | 0.000028 |   3.1657 |   5.1196 |  0.837 |  0.488 | 121/150
		[INFO]  335 | 0.000028 |   3.1606 |   5.1707 |  0.838 |  0.479 | 122/150
		[INFO]  336 | 0.000028 |   3.6907 |   5.4304 |  0.823 |  0.425 | 123/150
		[INFO]  337 | 0.000028 |   3.7900 |   4.9938 |  0.844 |  0.514 | 124/150
		[INFO]  338 | 0.000028 |   3.3292 |   5.0939 |  0.839 |  0.494 | 125/150
		[INFO]  339 | 0.000028 |   3.0760 |   5.2450 |  0.848 |  0.463 | 126/150
		[INFO]  340 | 0.000028 |   3.3850 |   5.1820 |  0.839 |  0.476 | 127/150
		[INFO]  341 | 0.000021 |   3.8728 |   5.2195 |  0.837 |  0.469 | 128/150
		[INFO]  342 | 0.000021 |   3.1087 |   5.2250 |  0.859 |  0.468 | 129/150
		[INFO]  343 | 0.000021 |   4.8731 |   5.3081 |  0.843 |  0.450 | 130/150
		[INFO]  344 | 0.000021 |   3.3127 |   5.3373 |  0.833 |  0.444 | 131/150
		[INFO]  345 | 0.000021 |   4.1067 |   4.8202 |  0.825 |  0.547 | 132/150
		[INFO]  346 | 0.000021 |   3.5076 |   5.1470 |  0.818 |  0.484 | 133/150
		[INFO]  347 | 0.000021 |   4.1977 |   5.5224 |  0.835 |  0.406 | 134/150
		[INFO]  348 | 0.000021 |   3.8927 |   5.7256 |  0.840 |  0.362 | 135/150
		[INFO]  349 | 0.000021 |   3.5091 |   5.2568 |  0.839 |  0.463 | 136/150
		[INFO]  350 | 0.000021 |   3.2031 |   5.2374 |  0.834 |  0.466 | 137/150
		[INFO]  351 | 0.000021 |   3.0612 |   4.9215 |  0.853 |  0.529 | 138/150
		[INFO]  352 | 0.000021 |   4.3609 |   4.6462 |  0.826 |  0.578 | 139/150
		[INFO]  353 | 0.000021 |   3.9835 |   5.2193 |  0.833 |  0.469 | 0/150
		[INFO]  354 | 0.000021 |   3.2572 |   5.4393 |  0.830 |  0.423 | 1/150
		[INFO]  355 | 0.000021 |   3.2263 |   5.2966 |  0.843 |  0.454 | 2/150
		[INFO]  356 | 0.000021 |   4.1225 |   5.1992 |  0.832 |  0.473 | 3/150
		[INFO]  357 | 0.000021 |   3.3034 |   4.8769 |  0.822 |  0.537 | 4/150
		[INFO]  358 | 0.000021 |   5.0188 |   5.0635 |  0.820 |  0.500 | 5/150
		[INFO]  359 | 0.000021 |   3.4418 |   5.1087 |  0.826 |  0.491 | 6/150
		[INFO]  360 | 0.000021 |   4.2682 |   4.9905 |  0.829 |  0.514 | 7/150
		[INFO]  361 | 0.000021 |   3.3685 |   5.1556 |  0.824 |  0.481 | 8/150
		[INFO]  362 | 0.000021 |   3.2336 |   5.3488 |  0.842 |  0.442 | 9/150
		[INFO]  363 | 0.000021 |   3.6837 |   5.1723 |  0.828 |  0.478 | 10/150
		[INFO]  364 | 0.000021 |   3.9056 |   4.8986 |  0.830 |  0.533 | 11/150
		[INFO]  365 | 0.000021 |   3.3517 |   5.2359 |  0.830 |  0.466 | 12/150
		[INFO]  366 | 0.000021 |   4.1970 |   5.5423 |  0.852 |  0.401 | 13/150
		[INFO]  367 | 0.000021 |   3.1599 |   5.6527 |  0.840 |  0.377 | 14/150
		[INFO]  368 | 0.000021 |   4.5063 |   4.9042 |  0.845 |  0.531 | 15/150
		[INFO]  369 | 0.000016 |   3.4979 |   5.0245 |  0.827 |  0.507 | 16/150
		[INFO]  370 | 0.000016 |   3.3514 |   5.1634 |  0.826 |  0.480 | 17/150
		[INFO]  371 | 0.000016 |   3.7698 |   5.1350 |  0.842 |  0.487 | 18/150
		[INFO]  372 | 0.000016 |   3.8053 |   5.0430 |  0.833 |  0.505 | 19/150
		[INFO]  373 | 0.000016 |   4.4772 |   4.7078 |  0.846 |  0.568 | 20/150
		[INFO]  374 | 0.000016 |   3.2274 |   4.9615 |  0.842 |  0.521 | 21/150
		[INFO]  375 | 0.000016 |   4.1769 |   4.8067 |  0.834 |  0.550 | 22/150
		[INFO]  376 | 0.000016 |   4.8774 |   5.4011 |  0.830 |  0.433 | 23/150
		[INFO]  377 | 0.000016 |   4.5493 |   5.6084 |  0.838 |  0.387 | 24/150
		[INFO]  378 | 0.000016 |   3.3187 |   5.4154 |  0.835 |  0.428 | 25/150
		[INFO]  379 | 0.000016 |   3.6320 |   5.3500 |  0.833 |  0.443 | 26/150
		[INFO]  380 | 0.000016 |   3.4532 |   5.1404 |  0.823 |  0.485 | 27/150
		[INFO]  381 | 0.000016 |   3.2682 |   5.0639 |  0.840 |  0.499 | 28/150
		[INFO]  382 | 0.000016 |   3.5665 |   4.9228 |  0.839 |  0.527 | 29/150
		[INFO]  383 | 0.000016 |   3.6497 |   5.4736 |  0.844 |  0.416 | 30/150
		[INFO]  384 | 0.000016 |   4.0331 |   5.8057 |  0.839 |  0.342 | 31/150
		[INFO]  385 | 0.000012 |   4.8059 |   4.8667 |  0.825 |  0.538 | 32/150
		[INFO]  386 | 0.000012 |   3.3395 |   5.4363 |  0.839 |  0.424 | 33/150
		[INFO]  387 | 0.000012 |   3.2896 |   4.8871 |  0.837 |  0.535 | 34/150
		[INFO]  388 | 0.000012 |   3.5459 |   5.1463 |  0.842 |  0.484 | 35/150
		[INFO]  389 | 0.000012 |   3.7083 |   4.8378 |  0.839 |  0.544 | 36/150
		[INFO]  390 | 0.000012 |   3.7106 |   4.7815 |  0.838 |  0.554 | 37/150
		[INFO]  391 | 0.000012 |   3.7273 |   5.0966 |  0.829 |  0.494 | 38/150
		[INFO]  392 | 0.000012 |   4.1548 |   4.9419 |  0.837 |  0.524 | 39/150
		[INFO]  393 | 0.000012 |   3.2750 |   5.0089 |  0.831 |  0.511 | 40/150
		[INFO]  394 | 0.000012 |   4.1194 |   4.6856 |  0.828 |  0.572 | 41/150
		[INFO]  395 | 0.000012 |   4.2473 |   4.9111 |  0.829 |  0.530 | 42/150
		[INFO]  396 | 0.000012 |   4.8765 |   5.3622 |  0.837 |  0.440 | 43/150
		[INFO]  397 | 0.000012 |   3.3361 |   5.0562 |  0.824 |  0.503 | 44/150
		[INFO]  398 | 0.000012 |   3.8462 |   4.7366 |  0.834 |  0.563 | 45/150
		[INFO]  399 | 0.000012 |   3.1933 |   5.5412 |  0.840 |  0.402 | 46/150
		[INFO]  400 | 0.000012 |   3.8380 |   5.1503 |  0.847 |  0.483 | 47/150
		[INFO]  401 | 0.000009 |   3.6586 |   5.0866 |  0.855 |  0.496 | 48/150
		[INFO]  402 | 0.000009 |   3.5060 |   4.9735 |  0.844 |  0.518 | 49/150
		[INFO]  403 | 0.000009 |   4.6053 |   4.8602 |  0.822 |  0.540 | 50/150
		[INFO]  404 | 0.000009 |   3.5866 |   5.3101 |  0.841 |  0.451 | 51/150
		[INFO]  405 | 0.000009 |   4.4433 |   5.5148 |  0.829 |  0.409 | 52/150
		[INFO]  406 | 0.000009 |   3.9786 |   5.1137 |  0.836 |  0.490 | 53/150
		[INFO]  407 | 0.000009 |   3.3069 |   5.0412 |  0.832 |  0.504 | 54/150
		[INFO]  408 | 0.000009 |   4.7472 |   5.2246 |  0.825 |  0.469 | 55/150
		[INFO]  409 | 0.000009 |   4.6216 |   5.0228 |  0.839 |  0.508 | 56/150
		[INFO]  410 | 0.000009 |   3.7970 |   5.2453 |  0.838 |  0.464 | 57/150
		[INFO]  411 | 0.000009 |   3.1578 |   5.4135 |  0.842 |  0.429 | 58/150
		[INFO]  412 | 0.000009 |   4.4224 |   5.5306 |  0.843 |  0.405 | 59/150
		[INFO]  413 | 0.000009 |   3.6860 |   5.8432 |  0.838 |  0.336 | 60/150
		[INFO]  414 | 0.000009 |   3.4589 |   5.2956 |  0.838 |  0.453 | 61/150
		[INFO]  415 | 0.000009 |   3.4139 |   5.2266 |  0.840 |  0.468 | 62/150
		[INFO]  416 | 0.000009 |   3.4142 |   5.4260 |  0.836 |  0.426 | 63/150
		[INFO]  417 | 0.000007 |   3.2968 |   5.1526 |  0.849 |  0.483 | 64/150
		[INFO]  418 | 0.000007 |   3.5196 |   5.2752 |  0.841 |  0.459 | 65/150
		[INFO]  419 | 0.000007 |   3.3943 |   5.3348 |  0.834 |  0.445 | 66/150
		[INFO]  420 | 0.000007 |   3.5304 |   5.4537 |  0.851 |  0.420 | 67/150
		[INFO]  421 | 0.000007 |   3.1716 |   5.3015 |  0.843 |  0.452 | 68/150
		[INFO]  422 | 0.000007 |   3.8589 |   4.9240 |  0.836 |  0.527 | 69/150
		[INFO]  423 | 0.000007 |   3.2137 |   4.8613 |  0.827 |  0.540 | 70/150
		[INFO]  424 | 0.000007 |   3.5296 |   4.8601 |  0.840 |  0.539 | 71/150
		[INFO]  425 | 0.000007 |   3.4059 |   5.6399 |  0.835 |  0.379 | 72/150
		[INFO]  426 | 0.000007 |   3.3588 |   5.0228 |  0.827 |  0.508 | 73/150
		[INFO]  427 | 0.000007 |   4.2386 |   4.9350 |  0.840 |  0.525 | 74/150
		[INFO]  428 | 0.000007 |   3.9722 |   4.9287 |  0.846 |  0.526 | 75/150
		[INFO]  429 | 0.000007 |   4.4207 |   4.9320 |  0.823 |  0.525 | 76/150
		[INFO]  430 | 0.000007 |   3.6819 |   4.5482 |  0.817 |  0.596 | 77/150
		[INFO]  431 | 0.000007 |   3.4510 |   5.3394 |  0.837 |  0.445 | 0/150
		[INFO]  432 | 0.000007 |   3.6441 |   5.0324 |  0.830 |  0.507 | 1/150
		[INFO]  433 | 0.000007 |   3.1636 |   4.8873 |  0.836 |  0.535 | 2/150
		[INFO]  434 | 0.000007 |   3.4106 |   4.9460 |  0.835 |  0.525 | 3/150
		[INFO]  435 | 0.000007 |   3.4657 |   5.5236 |  0.834 |  0.406 | 4/150
		[INFO]  436 | 0.000007 |   3.3294 |   5.1195 |  0.847 |  0.489 | 5/150
		[INFO]  437 | 0.000007 |   3.2222 |   4.9580 |  0.846 |  0.521 | 6/150
		[INFO]  438 | 0.000007 |   3.4950 |   5.4907 |  0.834 |  0.413 | 7/150
		[INFO]  439 | 0.000007 |   4.2189 |   5.1963 |  0.844 |  0.474 | 8/150
		[INFO]  440 | 0.000007 |   3.4601 |   5.0526 |  0.839 |  0.503 | 9/150
		[INFO]  441 | 0.000007 |   3.2849 |   5.0531 |  0.848 |  0.503 | 10/150
		[INFO]  442 | 0.000007 |   3.5569 |   4.9181 |  0.845 |  0.529 | 11/150
		[INFO]  443 | 0.000007 |   3.4303 |   5.2102 |  0.825 |  0.472 | 12/150
		[INFO]  444 | 0.000007 |   4.0370 |   5.6059 |  0.839 |  0.388 | 13/150
		[INFO]  445 | 0.000007 |   3.9556 |   4.8672 |  0.848 |  0.538 | 14/150
		[INFO]  446 | 0.000007 |   4.7318 |   5.3659 |  0.819 |  0.441 | 15/150
		[INFO]  447 | 0.000005 |   4.8971 |   5.0376 |  0.831 |  0.506 | 16/150
		[INFO]  448 | 0.000005 |   3.3795 |   5.0397 |  0.845 |  0.505 | 17/150
		[INFO]  449 | 0.000005 |   3.2529 |   4.7447 |  0.846 |  0.560 | 18/150
		[INFO]  450 | 0.000005 |   3.8915 |   4.9330 |  0.843 |  0.525 | 19/150
		[INFO]  451 | 0.000005 |   3.2451 |   5.2131 |  0.834 |  0.471 | 20/150
		[INFO]  452 | 0.000005 |   3.2876 |   5.0785 |  0.840 |  0.498 | 21/150
		[INFO]  453 | 0.000005 |   3.3061 |   5.2430 |  0.844 |  0.465 | 22/150
		[INFO]  454 | 0.000005 |   3.1973 |   4.8776 |  0.835 |  0.536 | 23/150
		[INFO]  455 | 0.000005 |   4.0922 |   4.7165 |  0.842 |  0.566 | 24/150
		[INFO]  456 | 0.000005 |   3.3289 |   4.9533 |  0.851 |  0.522 | 25/150
		[INFO]  457 | 0.000005 |   3.4215 |   4.8701 |  0.842 |  0.538 | 26/150
		[INFO]  458 | 0.000005 |   3.6927 |   5.2910 |  0.846 |  0.454 | 27/150
		[INFO]  459 | 0.000005 |   3.8670 |   4.9378 |  0.847 |  0.525 | 28/150
		[INFO]  460 | 0.000005 |   3.4178 |   5.1172 |  0.830 |  0.490 | 29/150
		[INFO]  461 | 0.000005 |   3.2988 |   5.0199 |  0.833 |  0.509 | 30/150
		[INFO]  462 | 0.000005 |   3.7181 |   5.1806 |  0.820 |  0.477 | 31/150
		[INFO]  463 | 0.000004 |   3.1685 |   5.2619 |  0.855 |  0.460 | 32/150
		[INFO]  464 | 0.000004 |   3.3031 |   5.0769 |  0.829 |  0.497 | 33/150
		[INFO]  465 | 0.000004 |   3.2487 |   5.3050 |  0.839 |  0.450 | 34/150
		[INFO]  466 | 0.000004 |   3.1971 |   5.6237 |  0.853 |  0.383 | 35/150
		[INFO]  467 | 0.000004 |   3.0086 |   5.3721 |  0.843 |  0.438 | 36/150
		[INFO]  468 | 0.000004 |   4.2400 |   5.5973 |  0.838 |  0.390 | 37/150
		[INFO]  469 | 0.000004 |   4.9790 |   5.7552 |  0.827 |  0.355 | 38/150
		[INFO]  470 | 0.000004 |   3.2963 |   5.6761 |  0.834 |  0.372 | 39/150
		[INFO]  471 | 0.000004 |   3.5605 |   5.1562 |  0.831 |  0.483 | 40/150
		[INFO]  472 | 0.000004 |   3.3421 |   5.2213 |  0.827 |  0.469 | 41/150
		[INFO]  473 | 0.000004 |   4.9690 |   5.0969 |  0.831 |  0.494 | 42/150
		[INFO]  474 | 0.000004 |   3.1595 |   5.2268 |  0.839 |  0.468 | 43/150
		[INFO]  475 | 0.000004 |   4.3545 |   5.6578 |  0.836 |  0.377 | 44/150
		[INFO]  476 | 0.000004 |   3.4714 |   4.9245 |  0.834 |  0.527 | 45/150
		[INFO]  477 | 0.000004 |   3.6467 |   4.7360 |  0.841 |  0.562 | 46/150
		[INFO]  478 | 0.000004 |   3.6144 |   5.1786 |  0.819 |  0.477 | 47/150
		[INFO]  479 | 0.000003 |   4.0038 |   5.3411 |  0.836 |  0.444 | 48/150
		[INFO]  480 | 0.000003 |   3.4968 |   5.5092 |  0.858 |  0.408 | 49/150
		[INFO]  481 | 0.000003 |   3.5322 |   5.2505 |  0.826 |  0.463 | 50/150
		[INFO]  482 | 0.000003 |   3.2853 |   5.1047 |  0.842 |  0.492 | 51/150
		[INFO]  483 | 0.000003 |   3.6241 |   5.2798 |  0.833 |  0.457 | 52/150
		[INFO]  484 | 0.000003 |   3.4291 |   4.9666 |  0.837 |  0.520 | 53/150
		[INFO]  485 | 0.000003 |   4.4678 |   4.7987 |  0.827 |  0.551 | 54/150
		[INFO]  486 | 0.000003 |   3.8751 |   4.7801 |  0.835 |  0.555 | 55/150
		[INFO]  487 | 0.000003 |   3.9379 |   5.1519 |  0.845 |  0.484 | 56/150
		[INFO]  488 | 0.000003 |   4.2186 |   4.7984 |  0.828 |  0.552 | 57/150
		[INFO]  489 | 0.000003 |   3.6501 |   4.9729 |  0.840 |  0.518 | 58/150
		[INFO]  490 | 0.000003 |   3.4011 |   5.0554 |  0.847 |  0.502 | 59/150
		[INFO]  491 | 0.000003 |   3.6679 |   4.9600 |  0.840 |  0.519 | 60/150
		[INFO]  492 | 0.000003 |   3.8858 |   4.9951 |  0.837 |  0.514 | 61/150
		[INFO]  493 | 0.000003 |   3.6388 |   5.3261 |  0.834 |  0.447 | 62/150
		[INFO]  494 | 0.000003 |   4.2207 |   4.9293 |  0.828 |  0.527 | 63/150
		[INFO]  495 | 0.000002 |   4.0241 |   5.0402 |  0.831 |  0.506 | 64/150
		[INFO]  496 | 0.000002 |   3.7228 |   4.8404 |  0.836 |  0.543 | 65/150
		[INFO]  497 | 0.000002 |   4.2083 |   5.0556 |  0.839 |  0.502 | 66/150
		[INFO]  498 | 0.000002 |   3.0932 |   5.3633 |  0.848 |  0.440 | 67/150
		[INFO]  499 | 0.000002 |   4.2270 |   5.3204 |  0.831 |  0.449 | 68/150
		[INFO]  500 | 0.000002 |   4.0431 |   4.9633 |  0.827 |  0.520 | 69/150
		[INFO]  501 | 0.000002 |   3.4726 |   5.2032 |  0.827 |  0.473 | 70/150
		[INFO]  502 | 0.000002 |   3.3068 |   5.2746 |  0.825 |  0.458 | 71/150
		[INFO]  503 | 0.000002 |   3.6664 |   5.3802 |  0.839 |  0.436 | 72/150
		[INFO]  504 | 0.000002 |   3.2833 |   5.0419 |  0.845 |  0.504 | 73/150
		[INFO]  505 | 0.000002 |   3.7488 |   4.8164 |  0.834 |  0.549 | 74/150
		[INFO]  506 | 0.000002 |   3.5483 |   5.0944 |  0.844 |  0.496 | 75/150
		[INFO]  507 | 0.000002 |   3.3282 |   5.2103 |  0.835 |  0.470 | 76/150
		[INFO]  508 | 0.000002 |   3.2183 |   5.1141 |  0.834 |  0.490 | 77/150
		[INFO]  509 | 0.000002 |   3.6010 |   5.7154 |  0.818 |  0.364 | 78/150
		[INFO]  510 | 0.000002 |   3.6560 |   5.5378 |  0.843 |  0.402 | 79/150
		[INFO]  511 | 0.000002 |   3.2800 |   5.3258 |  0.853 |  0.448 | 80/150
		[INFO]  512 | 0.000002 |   3.3901 |   5.0594 |  0.840 |  0.501 | 81/150
		[INFO]  513 | 0.000002 |   4.8033 |   4.8814 |  0.829 |  0.536 | 82/150
		[INFO]  514 | 0.000002 |   3.2890 |   4.9039 |  0.838 |  0.532 | 83/150
		[INFO]  515 | 0.000002 |   3.2330 |   5.2663 |  0.849 |  0.461 | 84/150
		[INFO]  516 | 0.000002 |   3.2135 |   4.9846 |  0.837 |  0.517 | 85/150
		[INFO]  517 | 0.000002 |   4.1383 |   4.8031 |  0.836 |  0.550 | 86/150
		[INFO]  518 | 0.000002 |   3.6915 |   5.4661 |  0.846 |  0.419 | 87/150
		[INFO]  519 | 0.000002 |   3.0775 |   5.1965 |  0.855 |  0.475 | 88/150
		[INFO]  520 | 0.000002 |   3.6882 |   5.1333 |  0.819 |  0.486 | 89/150
		[INFO]  521 | 0.000002 |   3.3126 |   5.0711 |  0.822 |  0.498 | 90/150
		[INFO]  522 | 0.000002 |   4.8322 |   5.0537 |  0.836 |  0.503 | 91/150
		[INFO]  523 | 0.000002 |   3.6095 |   5.3307 |  0.835 |  0.446 | 92/150
		[INFO]  524 | 0.000002 |   3.4871 |   5.1158 |  0.848 |  0.490 | 93/150
		[INFO]  525 | 0.000002 |   3.4795 |   5.4586 |  0.853 |  0.420 | 94/150
		[INFO]  526 | 0.000002 |   3.3214 |   5.1004 |  0.847 |  0.493 | 95/150
		[INFO]  527 | 0.000001 |   5.0998 |   5.2515 |  0.817 |  0.463 | 96/150
		[INFO]  528 | 0.000001 |   3.7120 |   5.1115 |  0.823 |  0.491 | 97/150
		[INFO]  529 | 0.000001 |   3.2632 |   4.9796 |  0.828 |  0.516 | 98/150
		[INFO]  530 | 0.000001 |   3.3842 |   5.0636 |  0.831 |  0.500 | 99/150
		[INFO]  531 | 0.000001 |   3.5877 |   5.2778 |  0.837 |  0.458 | 100/150
		[INFO]  532 | 0.000001 |   4.9658 |   5.5535 |  0.839 |  0.400 | 101/150
		[INFO]  533 | 0.000001 |   3.1944 |   4.9702 |  0.858 |  0.518 | 102/150
		[INFO]  534 | 0.000001 |   3.9532 |   5.1417 |  0.846 |  0.485 | 103/150
		[INFO]  535 | 0.000001 |   4.2823 |   5.2954 |  0.828 |  0.454 | 104/150
		[INFO]  536 | 0.000001 |   3.6092 |   5.2337 |  0.834 |  0.466 | 105/150
		[INFO]  537 | 0.000001 |   3.1544 |   5.2126 |  0.835 |  0.471 | 106/150
		[INFO]  538 | 0.000001 |   3.9284 |   5.8851 |  0.830 |  0.326 | 107/150
		[INFO]  539 | 0.000001 |   4.1533 |   5.6844 |  0.829 |  0.371 | 108/150
		[INFO]  540 | 0.000001 |   3.4296 |   5.9970 |  0.853 |  0.300 | 109/150
		[INFO]  541 | 0.000001 |   4.1912 |   5.0202 |  0.834 |  0.507 | 110/150
		[INFO]  542 | 0.000001 |   3.1738 |   5.3137 |  0.838 |  0.450 | 111/150
		[INFO]  543 | 0.000001 |   3.5780 |   5.4492 |  0.836 |  0.421 | 112/150
		[INFO]  544 | 0.000001 |   4.1502 |   5.2089 |  0.836 |  0.470 | 113/150
		[INFO]  545 | 0.000001 |   3.4080 |   4.9033 |  0.834 |  0.531 | 114/150
		[INFO]  546 | 0.000001 |   4.1216 |   5.3799 |  0.841 |  0.436 | 115/150
		[INFO]  547 | 0.000001 |   3.4862 |   5.3883 |  0.839 |  0.435 | 116/150
		[INFO]  548 | 0.000001 |   3.6142 |   5.1051 |  0.838 |  0.493 | 117/150
		[INFO]  549 | 0.000001 |   3.1376 |   5.2206 |  0.850 |  0.470 | 118/150
		[INFO]  550 | 0.000001 |   3.2476 |   5.1187 |  0.835 |  0.490 | 119/150
		[INFO]  551 | 0.000001 |   4.7014 |   4.7866 |  0.832 |  0.553 | 120/150
		[INFO]  552 | 0.000001 |   3.5109 |   5.9459 |  0.841 |  0.310 | 121/150
		[INFO]  553 | 0.000001 |   4.1289 |   5.3690 |  0.829 |  0.437 | 122/150
		[INFO]  554 | 0.000001 |   4.1146 |   4.9129 |  0.838 |  0.529 | 123/150
		[INFO]  555 | 0.000001 |   3.5934 |   5.0769 |  0.840 |  0.498 | 124/150
		[INFO]  556 | 0.000001 |   4.1945 |   5.3591 |  0.842 |  0.440 | 125/150
		[INFO]  557 | 0.000001 |   4.1055 |   5.5602 |  0.834 |  0.398 | 126/150
		[INFO]  558 | 0.000001 |   3.2295 |   5.4288 |  0.837 |  0.426 | 127/150
		[INFO]  559 | 0.000001 |   3.4101 |   5.4006 |  0.835 |  0.432 | 128/150
		[INFO]  560 | 0.000001 |   3.6259 |   5.2164 |  0.843 |  0.469 | 129/150
		[INFO]  561 | 0.000001 |   3.1865 |   5.4147 |  0.846 |  0.429 | 130/150
		[INFO]  562 | 0.000001 |   3.9536 |   4.8907 |  0.843 |  0.533 | 131/150
		[INFO]  563 | 0.000001 |   3.7375 |   5.4217 |  0.826 |  0.428 | 132/150
		[INFO]  564 | 0.000001 |   3.4735 |   5.0195 |  0.838 |  0.510 | 133/150
		[INFO]  565 | 0.000001 |   3.2155 |   5.3719 |  0.845 |  0.439 | 134/150
		[INFO]  566 | 0.000001 |   3.5983 |   5.4184 |  0.825 |  0.428 | 135/150
		[INFO]  567 | 0.000001 |   3.5498 |   4.9561 |  0.839 |  0.521 | 136/150
		[INFO]  568 | 0.000001 |   3.7985 |   4.9278 |  0.831 |  0.527 | 137/150
		[INFO]  569 | 0.000001 |   3.6526 |   5.2654 |  0.841 |  0.460 | 138/150
		[INFO]  570 | 0.000001 |   3.5662 |   5.1025 |  0.838 |  0.493 | 139/150
		[INFO]  571 | 0.000001 |   3.1180 |   5.3564 |  0.846 |  0.442 | 140/150
		[INFO]  572 | 0.000001 |   3.2337 |   5.3883 |  0.837 |  0.436 | 141/150
		[INFO]  573 | 0.000001 |   4.2207 |   5.0340 |  0.842 |  0.507 | 142/150
		[INFO]  574 | 0.000001 |   3.2791 |   5.2092 |  0.844 |  0.473 | 143/150
		[INFO]  575 | 0.000001 |   4.4409 |   5.3231 |  0.821 |  0.448 | 144/150
		[INFO]  576 | 0.000001 |   3.1790 |   5.1540 |  0.839 |  0.482 | 145/150
		[INFO]  577 | 0.000001 |   3.2001 |   5.0589 |  0.839 |  0.501 | 146/150
		[INFO]  578 | 0.000001 |   3.6623 |   4.7893 |  0.840 |  0.552 | 147/150
		[INFO]  579 | 0.000001 |   3.2849 |   4.9500 |  0.850 |  0.521 | 148/150
/home/lisa4090/Documents/GitHub/V2B_Optimization_with_AI_on_BSS/testcase/testcaseV4.py:208: FutureWarning: You are using `torch.load` with `weights_only=False` (the current default value), which uses the default pickle module implicitly. It is possible to construct malicious pickle data which will execute arbitrary code during unpickling (See https://github.com/pytorch/pytorch/blob/main/SECURITY.md#untrusted-models for more details). In a future release, the default value for `weights_only` will be flipped to `True`. This limits the functions that could be executed during unpickling. Arbitrary objects will no longer be allowed to be loaded via this mode unless they are explicitly allowlisted by the user via `torch.serialization.add_safe_globals`. We recommend you start setting `weights_only=True` for any use case where you don't have full control of the loaded file. Please open an issue on GitHub for any issues related to this experimental feature.
  model = STAF(dims["static"], dims["series"], dims["seq"], dims["veh"], dims["vocab"],
/home/lisa4090/Documents/GitHub/V2B_Optimization_with_AI_on_BSS/testcase/testcaseV4.py:208: FutureWarning: You are using `torch.load` with `weights_only=False` (the current default value), which uses the default pickle module implicitly. It is possible to construct malicious pickle data which will execute arbitrary code during unpickling (See https://github.com/pytorch/pytorch/blob/main/SECURITY.md#untrusted-models for more details). In a future release, the default value for `weights_only` will be flipped to `True`. This limits the functions that could be executed during unpickling. Arbitrary objects will no longer be allowed to be loaded via this mode unless they are explicitly allowlisted by the user via `torch.serialization.add_safe_globals`. We recommend you start setting `weights_only=True` for any use case where you don't have full control of the loaded file. Please open an issue on GitHub for any issues related to this experimental feature.
  model = STAF(dims["static"], dims["series"], dims["seq"], dims["veh"], dims["vocab"],
		[INFO]  580 | 0.000001 |   3.2227 |   5.3429 |  0.843 |  0.444 | 149/150

[Stopping] Early stopping triggered after 580 epochs.
Training Complete. Results saved to: ./data/training_results/STAF_currentSOC_V5_CASE1
		[INFO] Case 1 completed.


==================================================
PART 4: Testing...
==================================================

	4.2 Testing Case 2...
🚀 Starting Dynamic Simulation (Updating SOC per hour)
[INFO] Loading Initial State from Optimization file...
Initial SOC State: (2, 48, 272)
Initial SOC State: (272,)
battery_detail (4, 2, 272)
(272,)
Hour 24: AI Request=11.49kW | Executed=0.00kW | Avg SOC=0.20
battery_detail (4, 2, 272)
(272,)
Hour 25: AI Request=11.50kW | Executed=0.00kW | Avg SOC=0.90
battery_detail (4, 2, 272)
(272,)
Hour 26: AI Request=11.83kW | Executed=0.00kW | Avg SOC=0.90
battery_detail (4, 2, 272)
(272,)
Hour 27: AI Request=11.28kW | Executed=0.00kW | Avg SOC=0.90
battery_detail (4, 2, 272)
(272,)
Hour 28: AI Request=11.05kW | Executed=0.00kW | Avg SOC=0.90
battery_detail (4, 2, 272)
(272,)
Hour 29: AI Request=10.69kW | Executed=0.00kW | Avg SOC=0.90
battery_detail (4, 2, 272)
(272,)
Hour 30: AI Request=11.69kW | Executed=0.00kW | Avg SOC=0.90
battery_detail (4, 2, 272)
(272,)
Hour 31: AI Request=11.79kW | Executed=0.00kW | Avg SOC=0.90
battery_detail (4, 2, 272)
(272,)
Hour 32: AI Request=11.38kW | Executed=0.00kW | Avg SOC=0.90
battery_detail (4, 2, 272)
(272,)
Hour 33: AI Request=10.92kW | Executed=0.00kW | Avg SOC=0.74
battery_detail (4, 2, 272)
(272,)
Hour 34: AI Request=10.89kW | Executed=0.00kW | Avg SOC=0.68
battery_detail (4, 2, 272)
(272,)
Hour 35: AI Request=10.58kW | Executed=0.00kW | Avg SOC=0.68
battery_detail (4, 2, 272)
(272,)
Hour 36: AI Request=10.19kW | Executed=0.00kW | Avg SOC=0.68
battery_detail (4, 2, 272)
(272,)
Hour 37: AI Request=9.87kW | Executed=0.00kW | Avg SOC=0.68
battery_detail (4, 2, 272)
(272,)
Hour 38: AI Request=9.49kW | Executed=0.00kW | Avg SOC=0.64
battery_detail (4, 2, 272)
(272,)
Hour 39: AI Request=9.45kW | Executed=0.00kW | Avg SOC=0.59
battery_detail (4, 2, 272)
(272,)
Hour 40: AI Request=8.59kW | Executed=0.00kW | Avg SOC=0.59
battery_detail (4, 2, 272)
(272,)
Hour 41: AI Request=8.73kW | Executed=0.00kW | Avg SOC=0.59
battery_detail (4, 2, 272)
(272,)
Hour 42: AI Request=8.57kW | Executed=0.00kW | Avg SOC=0.46
battery_detail (4, 2, 272)
(272,)
Hour 43: AI Request=9.08kW | Executed=0.00kW | Avg SOC=0.38
battery_detail (4, 2, 272)
(272,)
Hour 44: AI Request=9.76kW | Executed=0.00kW | Avg SOC=0.38
battery_detail (4, 2, 272)
(272,)
Hour 45: AI Request=10.09kW | Executed=0.00kW | Avg SOC=0.38
battery_detail (4, 2, 272)
(272,)
Hour 46: AI Request=10.17kW | Executed=0.00kW | Avg SOC=0.34
battery_detail (4, 2, 272)
(272,)
Hour 47: AI Request=10.47kW | Executed=0.00kW | Avg SOC=0.20

✅ Simulation Complete.
		[INFO] Case 2 completed.

	4.1 Testing Case 1...
🚀 Starting Dynamic Simulation (Updating SOC per hour)
[INFO] Loading Initial State from Optimization file...
Initial SOC State: (2, 48, 272)
Initial SOC State: (272,)
battery_detail (4, 2, 272)
(272,)
Hour 24: AI Request=9.99kW | Executed=0.00kW | Avg SOC=0.20
battery_detail (4, 2, 272)
(272,)
Hour 25: AI Request=10.62kW | Executed=0.00kW | Avg SOC=0.90
battery_detail (4, 2, 272)
(272,)
Hour 26: AI Request=10.48kW | Executed=0.00kW | Avg SOC=0.90
battery_detail (4, 2, 272)
(272,)
Hour 27: AI Request=10.52kW | Executed=0.00kW | Avg SOC=0.90
battery_detail (4, 2, 272)
(272,)
Hour 28: AI Request=10.22kW | Executed=0.00kW | Avg SOC=0.90
battery_detail (4, 2, 272)
(272,)
Hour 29: AI Request=10.56kW | Executed=0.00kW | Avg SOC=0.90
battery_detail (4, 2, 272)
(272,)
Hour 30: AI Request=10.34kW | Executed=0.00kW | Avg SOC=0.90
battery_detail (4, 2, 272)
(272,)
Hour 31: AI Request=10.35kW | Executed=0.00kW | Avg SOC=0.90
battery_detail (4, 2, 272)
(272,)
Hour 32: AI Request=10.17kW | Executed=0.00kW | Avg SOC=0.90
battery_detail (4, 2, 272)
(272,)
Hour 33: AI Request=10.20kW | Executed=0.00kW | Avg SOC=0.74
battery_detail (4, 2, 272)
(272,)
Hour 34: AI Request=10.80kW | Executed=0.00kW | Avg SOC=0.68
battery_detail (4, 2, 272)
(272,)
Hour 35: AI Request=11.28kW | Executed=0.00kW | Avg SOC=0.68
battery_detail (4, 2, 272)
(272,)
Hour 36: AI Request=11.19kW | Executed=0.00kW | Avg SOC=0.68
battery_detail (4, 2, 272)
(272,)
Hour 37: AI Request=11.61kW | Executed=0.00kW | Avg SOC=0.68
battery_detail (4, 2, 272)
(272,)
Hour 38: AI Request=13.16kW | Executed=0.00kW | Avg SOC=0.64
battery_detail (4, 2, 272)
(272,)
Hour 39: AI Request=12.01kW | Executed=0.00kW | Avg SOC=0.59
battery_detail (4, 2, 272)
(272,)
Hour 40: AI Request=9.69kW | Executed=0.00kW | Avg SOC=0.59
battery_detail (4, 2, 272)
(272,)
Hour 41: AI Request=8.30kW | Executed=0.00kW | Avg SOC=0.59
battery_detail (4, 2, 272)
(272,)
Hour 42: AI Request=9.20kW | Executed=0.00kW | Avg SOC=0.46
battery_detail (4, 2, 272)
(272,)
Hour 43: AI Request=9.46kW | Executed=0.00kW | Avg SOC=0.38
battery_detail (4, 2, 272)
(272,)
Hour 44: AI Request=9.46kW | Executed=0.00kW | Avg SOC=0.38
battery_detail (4, 2, 272)
(272,)
Hour 45: AI Request=8.94kW | Executed=0.00kW | Avg SOC=0.38
battery_detail (4, 2, 272)
(272,)
Hour 46: AI Request=9.45kW | Executed=0.00kW | Avg SOC=0.34
battery_detail (4, 2, 272)
(272,)
Hour 47: AI Request=8.84kW | Executed=0.00kW | Avg SOC=0.20

✅ Simulation Complete.
		[INFO] Case 1 completed.
