nohup: ignoring input
==================================================
PART 1: Starting data preprocess for 2023-01-01 00:00:00 to 2024-09-30 23:00:00...
==================================================

	1.1 Preprocessing radiation data...
		[INFO] Radiation data already exists at './data/timeseries/radiation_data.csv'

	1.2 Preprocessing temperature data...
		[INFO] Temperature data already exists at './data/timeseries/temperature_data.csv'

	1.3 Preprocessing building data...
		[INFO] Building data already exists at './data/timeseries/building_data.csv'

	1.4 Preprocessing electricity cost data...
		[INFO] Electricity cost data already exists at './data/timeseries/electricitycostG2B_data.csv' and './data/timeseries/electricitycostG2V_data.csv'

	1.5 Preprocessing battery demand series data...
		[INFO] Found existing battery data at './data/battery_demand_tol23/resample_full.csv' and './data/battery_demand_tol23/resample_train.csv'

		[INFO] Number of series for clean windows = (168, 37)
		[INFO] Number of eligible series for Case 2 = (1377, 37)
		[INFO] Number of seeds ready for Case 3  = (2000, 36)

		[INFO] Case 1 exists — loaded battery demand with shape (168, 37).
		[INFO] Building Case 2 (fill NaN)
		[INFO] Resuming Case 2 from checkpoint: './data/battery_demand_tol23/case2_nan_filled/battery_demand_ckpt.npz'
		[INFO] Case 2 resume index = 1277, current series shape = (1445, 37)
		[INFO] Case 2 generating:   0%|          | 0/100 [00:00<?, ?it/s]		[INFO] Case 2 generating:   0%|          | 0/100 [00:00<?, ?it/s]
Traceback (most recent call last):
  File "/home/lisa4090/Documents/GitHub/V2B_Optimization_with_AI_on_BSS/main.py", line 12, in <module>
    main()
    ~~~~^^
  File "/home/lisa4090/Documents/GitHub/V2B_Optimization_with_AI_on_BSS/main.py", line 8, in main
    data = preprocessor.preprocess()
  File "/home/lisa4090/Documents/GitHub/V2B_Optimization_with_AI_on_BSS/preprocess/preprocessor.py", line 231, in preprocess
    battery_series = gen.generate_battery_series(rerun=False)
  File "/home/lisa4090/Documents/GitHub/V2B_Optimization_with_AI_on_BSS/preprocess/batterygenerator.py", line 189, in generate_battery_series
    sample = self.generate_artificial_battery_data(chunk, n_samples)
  File "/home/lisa4090/Documents/GitHub/V2B_Optimization_with_AI_on_BSS/preprocess/batterygenerator.py", line 288, in generate_artificial_battery_data
    return generator.generate()
           ~~~~~~~~~~~~~~~~~~^^
  File "/home/lisa4090/Documents/GitHub/V2B_Optimization_with_AI_on_BSS/time_series_generator/time_series_generator/core.py", line 131, in generate
    self._estimator.estimate_and_correct_distribution_phase_locked(
    ~~~~~~~~~~~~~~~~~~~~~~~~~~~~~~~~~~~~~~~~~~~~~~~~~~~~~~~~~~~~~~^
        seed=self.seed, bandwidth=self.bandwidth
        ^^^^^^^^^^^^^^^^^^^^^^^^^^^^^^^^^^^^^^^^
    )
    ^
  File "/home/lisa4090/Documents/GitHub/V2B_Optimization_with_AI_on_BSS/time_series_generator/time_series_generator/core.py", line 223, in estimate_and_correct_distribution_phase_locked
    self._prepare_data()
    ~~~~~~~~~~~~~~~~~~^^
  File "/home/lisa4090/Documents/GitHub/V2B_Optimization_with_AI_on_BSS/time_series_generator/time_series_generator/core.py", line 386, in _prepare_data
    self.grouped_samples = self.datapreparer.generate_grouped_subsequences(
                           ~~~~~~~~~~~~~~~~~~~~~~~~~~~~~~~~~~~~~~~~~~~~~~~^
        remove_dates=['2024-03-15','2024-03-16', '2024-03-29', '2024-03-30'],  # drop specific test days
        ^^^^^^^^^^^^^^^^^^^^^^^^^^^^^^^^^^^^^^^^^^^^^^^^^^^^^^^^^^^^^^^^^^^^^^^^^^^^^^^^^^^^^^^^^^^^^^^^
    )
    ^
  File "/home/lisa4090/Documents/GitHub/V2B_Optimization_with_AI_on_BSS/time_series_generator/time_series_generator/preprocessing.py", line 53, in generate_grouped_subsequences
    subseqs = self._generate_valid_subsequences(tdf_filled.values)
  File "/home/lisa4090/Documents/GitHub/V2B_Optimization_with_AI_on_BSS/time_series_generator/time_series_generator/preprocessing.py", line 94, in _generate_valid_subsequences
    subseq = arr[i:j]
             ~~~^^^^^
TypeError: only integer scalar arrays can be converted to a scalar index
