nohup: ignoring input
Crash diagnostics ON


==================================================
PART 1: Data preprocess for 2023-01-01 00:00:00 to 2024-09-30 23:00:00...
==================================================

	1.1 Preprocessing radiation data...
		[INFO] Radiation data already exists at './data/timeseries/radiation_data.csv'

	1.2 Preprocessing temperature data...
		[INFO] Temperature data already exists at './data/timeseries/temperature_data.csv'

	1.3 Preprocessing building data...
		[INFO] Building data already exists at './data/timeseries/building_data.csv'

	1.4 Preprocessing electricity cost data...
		[INFO] Electricity cost data already exists at './data/timeseries/electricitycostG2B_data.csv' and './data/timeseries/electricitycostG2V_data.csv'

	1.5 Preprocessing battery demand series data...
		[INFO] Found existing battery data at 'data/battery_demandV2/resample_full.csv' and 'data/battery_demandV2/resample_train.csv'

		[INFO] Number of series for clean windows = (168, 37)
		[INFO] Number of eligible series for Case 2 = (1395, 37)
		[INFO] Case 1 exists — loaded battery demand from 'data/battery_demandV2/case1_real_only/battery_demand.npy' with shape (168, 37).
		[INFO] Case 2 exists — loaded battery demand from 'data/battery_demandV2/case2_nan_filled/battery_demand.npy' with shape (1563, 37).
		[INFO] Case 0 exists — loaded battery demand from 'data/battery_demandV2/case0_test/battery_demand.npy' with shape (2, 49).

	1.6 Generating battery schedule...
		[INFO] Case 0 exists — loaded from 'data/battery_demandV2/case0_test/battery_availability.npy' and 'data/battery_demandV2/case0_test/battery_details.npy' shape (2, 272, 48) and (4, 2, 272)
		[INFO] Case 1 exists — loaded from 'data/battery_demandV2/case1_real_only/battery_availability.npy' and 'data/battery_demandV2/case1_real_only/battery_details.npy' shape (168, 237, 36) and (4, 168, 237)
		[INFO] Case 2 exists — loaded from 'data/battery_demandV2/case2_nan_filled/battery_availability.npy' and 'data/battery_demandV2/case2_nan_filled/battery_details.npy' shape (1563, 237, 36) and (4, 1563, 237)
		[ERROR] Could not load battery demand from 'data/battery_demandV2/case3_extended_generated/battery_demand.npy': [Errno 2] No such file or directory: 'data/battery_demandV2/case3_extended_generated/battery_demand.npy'


==================================================
PART 2: MILP Optimization...
==================================================

	2.0 Optimizing Case 0...
		[INFO] Loaded 2 samples from 'data/battery_demandV2/case0_test'
		[INFO] Results already exist at 'data/optimization_resultsV2/case0_test/immediate_charging/V2B.npy'. Skipping immediate_charging run.
		[INFO] Results already exist at 'data/optimization_resultsV2/case0_test/optimization/V2B.npy'. Skipping optimization run.
		[INFO] Case 0 completed.

	2.1 Optimizing Case 1...
		[INFO] Loaded 168 samples from 'data/battery_demandV2/case1_real_only'
		[INFO] Results already exist at 'data/optimization_resultsV2/case1_real_only/immediate_charging/V2B.npy'. Skipping immediate_charging run.
		[INFO] Results already exist at 'data/optimization_resultsV2/case1_real_only/optimization/V2B.npy'. Skipping optimization run.
		[INFO] Case 1 completed.

	2.2 Optimizing Case 2...
		[INFO] Loaded 1563 samples from 'data/battery_demandV2/case2_nan_filled'
		[INFO] Results already exist at 'data/optimization_resultsV2/case2_nan_filled/immediate_charging/V2B.npy'. Skipping immediate_charging run.
		[INFO] Results already exist at 'data/optimization_resultsV2/case2_nan_filled/optimization/V2B.npy'. Skipping optimization run.
		[INFO] Case 2 completed.


==================================================
PART 3: Supervised Learning...
==================================================

	3.2 Training Case 2...

=== Starting Training Run: STAFV5_CASE2 ===
Device: cuda
		[INFO] Starting Preprocessing for Case 2...
		[INFO] Unique quantized indices: 28274
		[INFO] Suggested num_embeddings: 33928
		[INFO] Generating sliding windows...
		[INFO] Saved dataset: ./data/training_results/STAFV5_CASE2/merged_dataset_STAFV5_CASE2.csv (Shape: (18756, 225))
		[INFO] Saved metadata: ./data/training_results/STAFV5_CASE2/feature_info_STAFV5_CASE2.json
	[Model Config] Detected Dims: {'static': 4, 'series_count': 6, 'seq_len': 24, 'vehicle': 76, 'emb_vocab': 15000}
		[INFO] Data loaded. Train: 13129, Val: 5627
		[INFO] Fitting new scalers on training data...
		[INFO] Calculating weights for imbalanced regression...
		[INFO] 
==================================================
		[INFO] 🚀 TRAINING SESSION: STAFV5_CASE2
		[INFO] ==================================================
		[INFO] Device:             cuda
		[INFO] Model Parameters:   316,370
		[INFO] --------------------------------------------------
		[INFO] Epochs:             5000
		[INFO] Batch Size:         256
		[INFO] Learning Rate:      0.001
		[INFO] Weight Decay:       0.001
		[INFO] Dropout:            0.5
		[INFO] --------------------------------------------------
		[INFO] Hidden Layers:      [256, 64]
		[INFO] Embedding Dim:      16
		[INFO] Attention Heads:    4
		[INFO]==================================================


		[INFO]Epoch |    LR    | Trn RMSE | Val RMSE | Trn R2 | Val R2 | Stop
-----------------------------------------------------------------
		[INFO]    1 | 0.001000 |   6.9022 |   8.6231 |  0.275 | -0.420 | 0/100
		[INFO]    2 | 0.001000 |   5.2926 |   6.8709 |  0.574 |  0.098 | 0/100
		[INFO]    3 | 0.001000 |   4.6398 |   6.0060 |  0.676 |  0.311 | 0/100
		[INFO]    4 | 0.001000 |   4.2926 |   5.4080 |  0.722 |  0.441 | 0/100
		[INFO]    5 | 0.001000 |   4.0422 |   5.3473 |  0.749 |  0.454 | 0/100
		[INFO]    6 | 0.001000 |   4.0099 |   5.0632 |  0.757 |  0.510 | 0/100
		[INFO]    7 | 0.001000 |   3.7708 |   5.2962 |  0.783 |  0.464 | 0/100
		[INFO]    8 | 0.001000 |   3.7463 |   4.9411 |  0.789 |  0.534 | 1/100
		[INFO]    9 | 0.001000 |   3.6907 |   5.1730 |  0.793 |  0.489 | 0/100
		[INFO]   10 | 0.001000 |   3.6171 |   5.1744 |  0.799 |  0.489 | 1/100
		[INFO]   11 | 0.001000 |   3.5997 |   5.2363 |  0.803 |  0.476 | 2/100
		[INFO]   12 | 0.001000 |   3.5549 |   5.0357 |  0.809 |  0.516 | 3/100
		[INFO]   13 | 0.001000 |   3.5109 |   5.1006 |  0.812 |  0.503 | 4/100
		[INFO]   14 | 0.001000 |   3.4351 |   4.6885 |  0.824 |  0.580 | 5/100
		[INFO]   15 | 0.001000 |   3.4430 |   5.2549 |  0.821 |  0.473 | 0/100
		[INFO]   16 | 0.001000 |   3.4267 |   5.3069 |  0.824 |  0.462 | 1/100
		[INFO]   17 | 0.001000 |   3.3087 |   4.9288 |  0.835 |  0.536 | 2/100
		[INFO]   18 | 0.001000 |   3.3022 |   4.7830 |  0.834 |  0.563 | 3/100
		[INFO]   19 | 0.001000 |   3.3043 |   4.9569 |  0.835 |  0.531 | 4/100
		[INFO]   20 | 0.001000 |   3.2827 |   4.7545 |  0.836 |  0.568 | 5/100
		[INFO]   21 | 0.001000 |   3.2575 |   4.7283 |  0.838 |  0.573 | 6/100
		[INFO]   22 | 0.001000 |   3.1909 |   4.6682 |  0.845 |  0.584 | 7/100
		[INFO]   23 | 0.001000 |   3.1828 |   4.8180 |  0.844 |  0.557 | 0/100
		[INFO]   24 | 0.001000 |   3.1672 |   4.8936 |  0.848 |  0.543 | 1/100
		[INFO]   25 | 0.001000 |   3.0969 |   4.6837 |  0.854 |  0.581 | 2/100
