nohup: ignoring input
Crash diagnostics ON


==================================================
PART 1: Data preprocess for 2023-01-01 00:00:00 to 2024-09-30 23:00:00...
==================================================

	1.1 Preprocessing radiation data...
		[INFO] Radiation data already exists at './data/timeseries/radiation_data.csv'

	1.2 Preprocessing temperature data...
		[INFO] Temperature data already exists at './data/timeseries/temperature_data.csv'

	1.3 Preprocessing building data...
		[INFO] Building data already exists at './data/timeseries/building_data.csv'

	1.4 Preprocessing electricity cost data...
		[INFO] Electricity cost data already exists at './data/timeseries/electricitycostG2B_data.csv' and './data/timeseries/electricitycostG2V_data.csv'

	1.5 Preprocessing battery demand series data...
		[INFO] Found existing battery data at 'data/battery_demandV2/resample_full.csv' and 'data/battery_demandV2/resample_train.csv'

		[INFO] Number of series for clean windows = (168, 37)
		[INFO] Number of eligible series for Case 2 = (1395, 37)
		[INFO] Case 1 exists — loaded battery demand from 'data/battery_demandV2/case1_real_only/battery_demand.npy' with shape (168, 37).
		[INFO] Case 2 exists — loaded battery demand from 'data/battery_demandV2/case2_nan_filled/battery_demand.npy' with shape (1563, 37).
		[INFO] Case 0 exists — loaded battery demand from 'data/battery_demandV2/case0_test/battery_demand.npy' with shape (2, 49).

	1.6 Generating battery schedule...
		[INFO] Case 0 exists — loaded from 'data/battery_demandV2/case0_test/battery_availability.npy' and 'data/battery_demandV2/case0_test/battery_details.npy' shape (2, 272, 48) and (4, 2, 272)
		[INFO] Case 1 exists — loaded from 'data/battery_demandV2/case1_real_only/battery_availability.npy' and 'data/battery_demandV2/case1_real_only/battery_details.npy' shape (168, 237, 36) and (4, 168, 237)
		[INFO] Case 2 exists — loaded from 'data/battery_demandV2/case2_nan_filled/battery_availability.npy' and 'data/battery_demandV2/case2_nan_filled/battery_details.npy' shape (1563, 237, 36) and (4, 1563, 237)
		[ERROR] Could not load battery demand from 'data/battery_demandV2/case3_extended_generated/battery_demand.npy': [Errno 2] No such file or directory: 'data/battery_demandV2/case3_extended_generated/battery_demand.npy'


==================================================
PART 2: MILP Optimization...
==================================================

	2.0 Optimizing Case 0...
		[INFO] Loaded 2 samples from 'data/battery_demandV2/case0_test'
		[INFO] Results already exist at 'data/optimization_resultsV2/case0_test/immediate_charging/V2B.npy'. Skipping immediate_charging run.
		[INFO] Results already exist at 'data/optimization_resultsV2/case0_test/optimization/V2B.npy'. Skipping optimization run.
		[INFO] Case 0 completed.

	2.1 Optimizing Case 1...
		[INFO] Loaded 168 samples from 'data/battery_demandV2/case1_real_only'
		[INFO] Results already exist at 'data/optimization_resultsV2/case1_real_only/immediate_charging/V2B.npy'. Skipping immediate_charging run.
		[INFO] Results already exist at 'data/optimization_resultsV2/case1_real_only/optimization/V2B.npy'. Skipping optimization run.
		[INFO] Case 1 completed.

	2.2 Optimizing Case 2...
		[INFO] Loaded 1563 samples from 'data/battery_demandV2/case2_nan_filled'
		[INFO] Results already exist at 'data/optimization_resultsV2/case2_nan_filled/immediate_charging/V2B.npy'. Skipping immediate_charging run.
		[INFO] Results already exist at 'data/optimization_resultsV2/case2_nan_filled/optimization/V2B.npy'. Skipping optimization run.
		[INFO] Case 2 completed.


==================================================
PART 3: Supervised Learning...
==================================================

	3.2 Training Case 2...

=== Starting Training Run: STAFV5_CASE2 ===
Device: cuda
		[INFO] Starting Preprocessing for Case 2...
		[INFO] Unique quantized indices: 28274
		[INFO] Suggested num_embeddings: 33928
		[INFO] Generating sliding windows...
		[INFO] Saved dataset: ./data/training_results/STAFV5_CASE2/merged_dataset_STAFV5_CASE2.csv (Shape: (18756, 225))
		[INFO] Saved metadata: ./data/training_results/STAFV5_CASE2/feature_info_STAFV5_CASE2.json
	[Model Config] Detected Dims: {'static': 4, 'series_count': 6, 'seq_len': 24, 'vehicle': 76, 'emb_vocab': 12000}
		[INFO] Data loaded. Train: 13129, Val: 5627
		[INFO] Fitting new scalers on training data...
		[INFO] Calculating weights for imbalanced regression...
		[INFO] 
==================================================
		[INFO] 🚀 TRAINING SESSION: STAFV5_CASE2
		[INFO] ==================================================
		[INFO] Device:             cuda
		[INFO] Model Parameters:   127,946
		[INFO] --------------------------------------------------
		[INFO] Epochs:             5000
		[INFO] Batch Size:         128
		[INFO] Learning Rate:      0.01
		[INFO] Weight Decay:       0.005
		[INFO] Dropout:            0.5
		[INFO] --------------------------------------------------
		[INFO] Hidden Layers:      [128, 16]
		[INFO] Embedding Dim:      8
		[INFO] Attention Heads:    4
		[INFO]==================================================


		[INFO]Epoch |    LR    | Trn RMSE | Val RMSE | Trn R2 | Val R2 | Stop
-----------------------------------------------------------------
		[INFO]    1 | 0.010000 |   6.0261 |   6.9760 |  0.446 |  0.071 | 0/100
		[INFO]    2 | 0.010000 |   5.0273 |   6.0206 |  0.617 |  0.308 | 0/100
		[INFO]    3 | 0.010000 |   4.7952 |   6.7125 |  0.649 |  0.139 | 0/100
		[INFO]    4 | 0.010000 |   4.7439 |   5.4661 |  0.662 |  0.429 | 1/100
		[INFO]    5 | 0.010000 |   4.6846 |   5.8134 |  0.668 |  0.354 | 0/100
		[INFO]    6 | 0.010000 |   4.6075 |   6.0163 |  0.679 |  0.309 | 1/100
		[INFO]    7 | 0.010000 |   4.5677 |   5.6729 |  0.683 |  0.385 | 2/100
		[INFO]    8 | 0.010000 |   4.5866 |   5.8595 |  0.679 |  0.344 | 3/100
		[INFO]    9 | 0.010000 |   4.4505 |   5.6516 |  0.700 |  0.390 | 4/100
		[INFO]   10 | 0.010000 |   4.5361 |   5.0353 |  0.688 |  0.516 | 5/100
		[INFO]   11 | 0.010000 |   4.4706 |   5.3504 |  0.698 |  0.453 | 0/100
		[INFO]   12 | 0.010000 |   4.3645 |   5.3819 |  0.710 |  0.447 | 1/100
		[INFO]   13 | 0.010000 |   4.4413 |   5.4975 |  0.703 |  0.423 | 2/100
		[INFO]   14 | 0.010000 |   4.3120 |   5.3366 |  0.716 |  0.456 | 3/100
		[INFO]   15 | 0.010000 |   4.3204 |   5.6600 |  0.715 |  0.388 | 4/100
		[INFO]   16 | 0.010000 |   4.4678 |   5.2033 |  0.698 |  0.483 | 5/100
		[INFO]   17 | 0.007500 |   4.2968 |   5.6382 |  0.718 |  0.393 | 6/100
		[INFO]   18 | 0.007500 |   4.2753 |   5.3919 |  0.719 |  0.445 | 7/100
		[INFO]   19 | 0.007500 |   4.2512 |   5.2614 |  0.728 |  0.471 | 8/100
		[INFO]   20 | 0.007500 |   4.2551 |   5.1348 |  0.726 |  0.496 | 9/100
		[INFO]   21 | 0.007500 |   4.2207 |   5.0588 |  0.730 |  0.511 | 10/100
		[INFO]   22 | 0.007500 |   4.2491 |   5.7008 |  0.728 |  0.379 | 11/100
		[INFO]   23 | 0.005625 |   4.1665 |   5.3341 |  0.735 |  0.456 | 12/100
		[INFO]   24 | 0.005625 |   4.1128 |   5.6025 |  0.745 |  0.400 | 13/100
		[INFO]   25 | 0.005625 |   4.1516 |   5.3640 |  0.736 |  0.450 | 14/100
		[INFO]   26 | 0.005625 |   4.1340 |   5.2484 |  0.740 |  0.474 | 15/100
		[INFO]   27 | 0.005625 |   4.1537 |   5.2216 |  0.737 |  0.479 | 16/100
		[INFO]   28 | 0.005625 |   4.1159 |   5.4856 |  0.739 |  0.425 | 17/100
		[INFO]   29 | 0.004219 |   4.1015 |   5.2557 |  0.743 |  0.472 | 18/100
		[INFO]   30 | 0.004219 |   4.0940 |   5.1782 |  0.745 |  0.488 | 19/100
