nohup: ignoring input
==================================================
PART 1: Starting data preprocess for 2023-01-01 00:00:00 to 2024-09-30 23:00:00...
==================================================

	1.1 Preprocessing radiation data...
		[INFO] Radiation data already exists at './data/timeseries/radiation_data.csv'

	1.2 Preprocessing temperature data...
		[INFO] Temperature data already exists at './data/timeseries/temperature_data.csv'

	1.3 Preprocessing building data...
		[INFO] Building data already exists at './data/timeseries/building_data.csv'

	1.4 Preprocessing electricity cost data...
		[INFO] Electricity cost data already exists at './data/timeseries/electricitycostG2B_data.csv' and './data/timeseries/electricitycostG2V_data.csv'

	1.5 Preprocessing battery demand series data...
		[INFO] Found existing battery data at './data/battery_demand_tol28/resample_full.csv' and './data/battery_demand_tol28/resample_train.csv'

		[INFO] Number of series for clean windows = (168, 37)
		[INFO] Number of eligible series for Case 2 = (1386, 37)
		[INFO] Number of seeds ready for Case 3  = (2000, 36)

		[INFO] Case 1 exists — loaded battery demand with shape (168, 37).
		[INFO] Building Case 2 (fill NaN)
		[INFO] Resuming Case 2 from checkpoint: './data/battery_demand_tol28/case2_nan_filled/battery_demand_ckpt.npz'
		[INFO] Case 2 resume index = 438, current series shape = (606, 37)
		[INFO] Case 2 generating:   0%|          | 0/948 [00:00<?, ?it/s]		[INFO] Case 2 generating:   0%|          | 1/948 [00:14<3:48:24, 14.47s/it]		[INFO] Case 2 generating:   0%|          | 2/948 [00:28<3:46:03, 14.34s/it]		[INFO] Case 2 generating:   0%|          | 3/948 [00:43<3:45:46, 14.33s/it]		[INFO] Case 2 generating:   0%|          | 4/948 [00:57<3:45:19, 14.32s/it]		[INFO] Case 2 generating:   1%|          | 5/948 [01:11<3:44:29, 14.28s/it]		[INFO] Case 2 generating:   1%|          | 6/948 [01:25<3:44:14, 14.28s/it]		[INFO] Case 2 generating:   1%|          | 7/948 [01:40<3:43:56, 14.28s/it]		[INFO] Case 2 generating:   1%|          | 8/948 [01:54<3:44:09, 14.31s/it]		[INFO] Case 2 generating:   1%|          | 9/948 [02:08<3:43:19, 14.27s/it]		[INFO] Case 2 generating:   1%|          | 10/948 [02:22<3:42:51, 14.25s/it]		[INFO] Case 2 generating:   1%|          | 11/948 [02:37<3:42:32, 14.25s/it]		[INFO] Case 2 generating:   1%|▏         | 12/948 [02:51<3:41:49, 14.22s/it]		[INFO] Case 2 generating:   1%|▏         | 13/948 [03:05<3:41:43, 14.23s/it]