nohup: ignoring input
Crash diagnostics ON


==================================================
PART 1: Data preprocess for 2023-01-01 00:00:00 to 2024-09-30 23:00:00...
==================================================

	1.1 Preprocessing radiation data...
		[INFO] Radiation data already exists at './data/timeseries/radiation_data.csv'

	1.2 Preprocessing temperature data...
		[INFO] Temperature data already exists at './data/timeseries/temperature_data.csv'

	1.3 Preprocessing building data...
		[INFO] Building data already exists at './data/timeseries/building_data.csv'

	1.4 Preprocessing electricity cost data...
		[INFO] Electricity cost data already exists at './data/timeseries/electricitycostG2B_data.csv' and './data/timeseries/electricitycostG2V_data.csv'

	1.5 Preprocessing battery demand series data...
		[INFO] Found existing battery data at 'data/battery_demandV2/resample_full.csv' and 'data/battery_demandV2/resample_train.csv'

		[INFO] Number of series for clean windows = (168, 37)
		[INFO] Number of eligible series for Case 2 = (1395, 37)
		[INFO] Case 1 exists — loaded battery demand from 'data/battery_demandV2/case1_real_only/battery_demand.npy' with shape (168, 37).
		[INFO] Case 2 exists — loaded battery demand from 'data/battery_demandV2/case2_nan_filled/battery_demand.npy' with shape (1563, 37).
		[INFO] Case 0 exists — loaded battery demand from 'data/battery_demandV2/case0_test/battery_demand.npy' with shape (2, 49).

	1.6 Generating battery schedule...
		[INFO] Case 0 exists — loaded from 'data/battery_demandV2/case0_test/battery_availability.npy' and 'data/battery_demandV2/case0_test/battery_details.npy' shape (2, 272, 48) and (4, 2, 272)
		[INFO] Case 1 exists — loaded from 'data/battery_demandV2/case1_real_only/battery_availability.npy' and 'data/battery_demandV2/case1_real_only/battery_details.npy' shape (168, 237, 36) and (4, 168, 237)
		[INFO] Case 2 exists — loaded from 'data/battery_demandV2/case2_nan_filled/battery_availability.npy' and 'data/battery_demandV2/case2_nan_filled/battery_details.npy' shape (1563, 237, 36) and (4, 1563, 237)
		[ERROR] Could not load battery demand from 'data/battery_demandV2/case3_extended_generated/battery_demand.npy': [Errno 2] No such file or directory: 'data/battery_demandV2/case3_extended_generated/battery_demand.npy'


==================================================
PART 2: MILP Optimization...
==================================================

	2.0 Optimizing Case 0...
		[INFO] Loaded 2 samples from 'data/battery_demandV2/case0_test'
		[INFO] Results already exist at 'data/optimization_resultsV2/case0_test/immediate_charging/V2B.npy'. Skipping immediate_charging run.
		[INFO] Results already exist at 'data/optimization_resultsV2/case0_test/optimization/V2B.npy'. Skipping optimization run.
		[INFO] Case 0 completed.

	2.1 Optimizing Case 1...
		[INFO] Loaded 168 samples from 'data/battery_demandV2/case1_real_only'
		[INFO] Results already exist at 'data/optimization_resultsV2/case1_real_only/immediate_charging/V2B.npy'. Skipping immediate_charging run.
		[INFO] Results already exist at 'data/optimization_resultsV2/case1_real_only/optimization/V2B.npy'. Skipping optimization run.
		[INFO] Case 1 completed.

	2.2 Optimizing Case 2...
		[INFO] Loaded 1563 samples from 'data/battery_demandV2/case2_nan_filled'
		[INFO] Results already exist at 'data/optimization_resultsV2/case2_nan_filled/immediate_charging/V2B.npy'. Skipping immediate_charging run.
		[INFO] Results already exist at 'data/optimization_resultsV2/case2_nan_filled/optimization/V2B.npy'. Skipping optimization run.
		[INFO] Case 2 completed.


==================================================
PART 3: Supervised Learning...
==================================================

	3.1 Training Case 1...

=== Starting Training Run: STAFV5_CASE1 ===
Device: cuda
		[INFO] Starting Preprocessing for Case 1...
		[INFO] Unique quantized indices: 6686
		[INFO] Suggested num_embeddings: 8023
		[INFO] Generating sliding windows...
		[INFO] Saved dataset: ./data/training_results/STAFV5_CASE1/merged_dataset_STAFV5_CASE1.csv (Shape: (2016, 225))
		[INFO] Saved metadata: ./data/training_results/STAFV5_CASE1/feature_info_STAFV5_CASE1.json
	[Model Config] Detected Dims: {'static': 4, 'series_count': 6, 'seq_len': 24, 'vehicle': 76, 'emb_vocab': 8023}
		[INFO] Data loaded. Train: 1411, Val: 605
		[INFO] Fitting new scalers on training data...
		[INFO] 
==================================================
		[INFO] 🚀 TRAINING SESSION: STAFV5_CASE1
		[INFO] ==================================================
		[INFO] Device:             cuda
		[INFO] Model Parameters:   204,738
		[INFO] --------------------------------------------------
		[INFO] Epochs:             5000
		[INFO] Batch Size:         128
		[INFO] Learning Rate:      0.001
		[INFO] Weight Decay:       0.001
		[INFO] Dropout:            0.5
		[INFO] --------------------------------------------------
		[INFO] Hidden Layers:      [256, 64]
		[INFO] Embedding Dim:      16
		[INFO] Attention Heads:    4
		[INFO]==================================================


		[INFO]Epoch |    LR    | Trn RMSE | Val RMSE | Trn R2 | Val R2 | Stop
-----------------------------------------------------------------
		[INFO]    1 | 0.001000 |  11.3899 |  11.1264 | -1.694 | -1.413 | 0/150
		[INFO]    2 | 0.001000 |  10.6324 |  10.5185 | -1.436 | -1.158 | 0/150
		[INFO]    3 | 0.001000 |  10.3142 |  10.0384 | -1.265 | -0.966 | 0/150
		[INFO]    4 | 0.001000 |   9.9804 |   9.6889 | -1.116 | -0.832 | 0/150
		[INFO]    5 | 0.001000 |   9.8162 |   9.4458 | -0.985 | -0.741 | 0/150
		[INFO]    6 | 0.001000 |   9.1967 |   9.3130 | -0.856 | -0.693 | 0/150
		[INFO]    7 | 0.001000 |   8.8158 |   8.8184 | -0.723 | -0.518 | 0/150
		[INFO]    8 | 0.001000 |   8.6227 |   8.4814 | -0.588 | -0.405 | 0/150
		[INFO]    9 | 0.001000 |   8.5449 |   8.2876 | -0.456 | -0.342 | 0/150
		[INFO]   10 | 0.001000 |   7.7959 |   7.7807 | -0.317 | -0.183 | 0/150
		[INFO]   11 | 0.001000 |   7.7500 |   7.6921 | -0.217 | -0.157 | 0/150
		[INFO]   12 | 0.001000 |   7.4104 |   7.4330 | -0.101 | -0.080 | 0/150
		[INFO]   13 | 0.001000 |   7.0009 |   6.8879 | -0.011 |  0.072 | 0/150
		[INFO]   14 | 0.001000 |   6.4128 |   6.4508 |  0.089 |  0.186 | 0/150
		[INFO]   15 | 0.001000 |   6.0546 |   5.9854 |  0.159 |  0.299 | 0/150
		[INFO]   16 | 0.001000 |   5.8459 |   5.9307 |  0.239 |  0.312 | 0/150
		[INFO]   17 | 0.001000 |   5.6614 |   5.4151 |  0.306 |  0.425 | 0/150
		[INFO]   18 | 0.001000 |   5.6855 |   5.5544 |  0.351 |  0.396 | 0/150
		[INFO]   19 | 0.001000 |   5.2340 |   5.2098 |  0.383 |  0.467 | 1/150
		[INFO]   20 | 0.001000 |   5.3261 |   5.1492 |  0.403 |  0.480 | 0/150
		[INFO]   21 | 0.001000 |   5.2373 |   5.1130 |  0.450 |  0.484 | 0/150
		[INFO]   22 | 0.001000 |   4.9004 |   4.9097 |  0.454 |  0.524 | 0/150
		[INFO]   23 | 0.001000 |   4.8754 |   4.6633 |  0.493 |  0.572 | 0/150
		[INFO]   24 | 0.001000 |   4.6972 |   4.6509 |  0.490 |  0.575 | 0/150
		[INFO]   25 | 0.001000 |   4.5508 |   4.5867 |  0.515 |  0.586 | 0/150
		[INFO]   26 | 0.001000 |   4.8123 |   4.5187 |  0.527 |  0.598 | 0/150
		[INFO]   27 | 0.001000 |   4.6893 |   4.3255 |  0.539 |  0.631 | 0/150
		[INFO]   28 | 0.001000 |   4.7597 |   4.3129 |  0.563 |  0.633 | 0/150
		[INFO]   29 | 0.001000 |   4.3662 |   4.1952 |  0.561 |  0.653 | 0/150
		[INFO]   30 | 0.001000 |   5.0236 |   4.1439 |  0.563 |  0.662 | 0/150
		[INFO]   31 | 0.001000 |   4.8214 |   4.1581 |  0.582 |  0.660 | 0/150
		[INFO]   32 | 0.001000 |   4.2569 |   4.2464 |  0.594 |  0.645 | 1/150
		[INFO]   33 | 0.001000 |   4.8052 |   4.1582 |  0.568 |  0.660 | 2/150
		[INFO]   34 | 0.001000 |   4.4145 |   4.0941 |  0.593 |  0.670 | 3/150
		[INFO]   35 | 0.001000 |   4.2767 |   4.0246 |  0.597 |  0.681 | 0/150
		[INFO]   36 | 0.001000 |   4.2467 |   4.2042 |  0.587 |  0.653 | 0/150
		[INFO]   37 | 0.001000 |   4.2227 |   4.1984 |  0.589 |  0.654 | 1/150
		[INFO]   38 | 0.001000 |   4.6058 |   4.0960 |  0.573 |  0.671 | 2/150
		[INFO]   39 | 0.001000 |   4.4646 |   4.0420 |  0.577 |  0.678 | 3/150
		[INFO]   40 | 0.001000 |   4.7249 |   3.9831 |  0.598 |  0.688 | 4/150
		[INFO]   41 | 0.001000 |   4.3149 |   4.0680 |  0.587 |  0.675 | 0/150
		[INFO]   42 | 0.001000 |   4.1189 |   3.9854 |  0.606 |  0.688 | 1/150
		[INFO]   43 | 0.001000 |   4.2842 |   3.9923 |  0.615 |  0.686 | 2/150
		[INFO]   44 | 0.001000 |   5.0844 |   3.9290 |  0.610 |  0.697 | 3/150
		[INFO]   45 | 0.001000 |   4.1772 |   4.0095 |  0.613 |  0.684 | 0/150
		[INFO]   46 | 0.001000 |   5.1459 |   4.0164 |  0.607 |  0.683 | 1/150
		[INFO]   47 | 0.001000 |   4.6712 |   3.8912 |  0.595 |  0.702 | 2/150
		[INFO]   48 | 0.001000 |   4.3446 |   4.0867 |  0.585 |  0.672 | 0/150
		[INFO]   49 | 0.001000 |   4.2036 |   3.9362 |  0.598 |  0.695 | 1/150
		[INFO]   50 | 0.001000 |   4.8138 |   3.8922 |  0.605 |  0.702 | 2/150
		[INFO]   51 | 0.001000 |   4.5593 |   3.9518 |  0.599 |  0.693 | 3/150
		[INFO]   52 | 0.001000 |   4.1482 |   3.9643 |  0.602 |  0.692 | 4/150
		[INFO]   53 | 0.001000 |   4.4103 |   4.0053 |  0.610 |  0.685 | 5/150
		[INFO]   54 | 0.001000 |   5.1917 |   4.0154 |  0.600 |  0.682 | 6/150
		[INFO]   55 | 0.001000 |   4.2976 |   4.0050 |  0.602 |  0.683 | 7/150
		[INFO]   56 | 0.001000 |   4.1214 |   3.9425 |  0.616 |  0.694 | 8/150
		[INFO]   57 | 0.001000 |   4.1551 |   4.0406 |  0.606 |  0.679 | 9/150
		[INFO]   58 | 0.001000 |   4.3230 |   3.9573 |  0.609 |  0.692 | 10/150
		[INFO]   59 | 0.001000 |   4.1549 |   3.8062 |  0.615 |  0.715 | 11/150
		[INFO]   60 | 0.001000 |   4.4796 |   3.8899 |  0.615 |  0.703 | 0/150
		[INFO]   61 | 0.001000 |   4.0362 |   3.9364 |  0.633 |  0.695 | 1/150
		[INFO]   62 | 0.001000 |   4.5778 |   3.8262 |  0.622 |  0.712 | 2/150
		[INFO]   63 | 0.001000 |   5.6986 |   3.7993 |  0.608 |  0.717 | 3/150
		[INFO]   64 | 0.001000 |   4.1356 |   3.9344 |  0.622 |  0.696 | 0/150
		[INFO]   65 | 0.001000 |   4.2542 |   3.8475 |  0.631 |  0.709 | 1/150
		[INFO]   66 | 0.001000 |   4.3144 |   3.8405 |  0.632 |  0.710 | 2/150
		[INFO]   67 | 0.001000 |   4.4252 |   3.7538 |  0.616 |  0.723 | 3/150
		[INFO]   68 | 0.001000 |   3.9626 |   3.8901 |  0.647 |  0.703 | 0/150
		[INFO]   69 | 0.001000 |   4.1246 |   3.9097 |  0.631 |  0.700 | 1/150
		[INFO]   70 | 0.001000 |   3.9955 |   3.8287 |  0.636 |  0.711 | 2/150
		[INFO]   71 | 0.001000 |   4.1052 |   3.8327 |  0.643 |  0.711 | 3/150
		[INFO]   72 | 0.001000 |   6.5491 |   3.7212 |  0.609 |  0.727 | 4/150
		[INFO]   73 | 0.001000 |   3.9451 |   3.7075 |  0.644 |  0.730 | 0/150
		[INFO]   74 | 0.001000 |   3.9063 |   3.8474 |  0.647 |  0.709 | 0/150
		[INFO]   75 | 0.001000 |   4.3854 |   3.8176 |  0.664 |  0.713 | 1/150
		[INFO]   76 | 0.001000 |   3.9995 |   3.7148 |  0.644 |  0.729 | 2/150
		[INFO]   77 | 0.001000 |   3.9365 |   3.7507 |  0.645 |  0.723 | 3/150
		[INFO]   78 | 0.001000 |   4.3479 |   3.7217 |  0.640 |  0.728 | 4/150
		[INFO]   79 | 0.001000 |   4.2503 |   3.8060 |  0.658 |  0.715 | 5/150
		[INFO]   80 | 0.001000 |   4.1821 |   3.9605 |  0.638 |  0.691 | 6/150
		[INFO]   81 | 0.001000 |   4.3152 |   3.8055 |  0.635 |  0.715 | 7/150
		[INFO]   82 | 0.001000 |   4.5472 |   3.6754 |  0.643 |  0.734 | 8/150
		[INFO]   83 | 0.001000 |   4.3943 |   3.7403 |  0.649 |  0.726 | 0/150
		[INFO]   84 | 0.001000 |   4.0999 |   3.7503 |  0.620 |  0.724 | 1/150
		[INFO]   85 | 0.001000 |   3.9079 |   3.7139 |  0.648 |  0.729 | 2/150
		[INFO]   86 | 0.001000 |   4.2706 |   3.6072 |  0.655 |  0.744 | 3/150
		[INFO]   87 | 0.001000 |   4.0756 |   3.6355 |  0.666 |  0.740 | 0/150
		[INFO]   88 | 0.001000 |   4.0309 |   3.6945 |  0.646 |  0.732 | 1/150
		[INFO]   89 | 0.001000 |   4.0245 |   3.6912 |  0.682 |  0.733 | 2/150
		[INFO]   90 | 0.001000 |   4.1605 |   3.6248 |  0.646 |  0.743 | 3/150
		[INFO]   91 | 0.001000 |   4.1112 |   3.6220 |  0.649 |  0.743 | 4/150
		[INFO]   92 | 0.001000 |   4.2574 |   3.6340 |  0.655 |  0.741 | 5/150
		[INFO]   93 | 0.001000 |   4.3559 |   3.6399 |  0.654 |  0.740 | 6/150
		[INFO]   94 | 0.001000 |   3.8470 |   3.7032 |  0.671 |  0.731 | 7/150
		[INFO]   95 | 0.001000 |   4.1516 |   3.6852 |  0.646 |  0.733 | 8/150
		[INFO]   96 | 0.001000 |   4.1440 |   3.5745 |  0.659 |  0.749 | 9/150
		[INFO]   97 | 0.001000 |   3.8674 |   3.5828 |  0.657 |  0.747 | 0/150
		[INFO]   98 | 0.001000 |   4.3420 |   3.6229 |  0.680 |  0.742 | 1/150
		[INFO]   99 | 0.001000 |   4.5015 |   3.5927 |  0.656 |  0.747 | 2/150
		[INFO]  100 | 0.001000 |   3.9994 |   3.6765 |  0.658 |  0.735 | 3/150
		[INFO]  101 | 0.001000 |   4.0894 |   3.6354 |  0.645 |  0.741 | 4/150
		[INFO]  102 | 0.001000 |   3.8148 |   3.5951 |  0.666 |  0.746 | 5/150
		[INFO]  103 | 0.001000 |   3.9820 |   3.5688 |  0.652 |  0.749 | 6/150
		[INFO]  104 | 0.001000 |   3.7964 |   3.6053 |  0.672 |  0.744 | 0/150
		[INFO]  105 | 0.001000 |   3.9021 |   3.5786 |  0.655 |  0.748 | 1/150
		[INFO]  106 | 0.001000 |   3.8342 |   3.6082 |  0.663 |  0.745 | 2/150
		[INFO]  107 | 0.001000 |   4.3166 |   3.7121 |  0.674 |  0.731 | 3/150
		[INFO]  108 | 0.001000 |   3.9872 |   3.7282 |  0.672 |  0.729 | 4/150
		[INFO]  109 | 0.001000 |   3.8385 |   3.6593 |  0.676 |  0.738 | 5/150
		[INFO]  110 | 0.001000 |   4.3514 |   3.6757 |  0.663 |  0.734 | 6/150
		[INFO]  111 | 0.001000 |   4.2458 |   3.7140 |  0.683 |  0.729 | 7/150
		[INFO]  112 | 0.001000 |   3.9952 |   3.7490 |  0.654 |  0.724 | 8/150
		[INFO]  113 | 0.001000 |   4.0745 |   3.6258 |  0.652 |  0.742 | 9/150
		[INFO]  114 | 0.001000 |   3.8613 |   3.5811 |  0.672 |  0.748 | 10/150
		[INFO]  115 | 0.001000 |   3.9906 |   3.5282 |  0.671 |  0.754 | 11/150
		[INFO]  116 | 0.001000 |   3.8407 |   3.5649 |  0.669 |  0.750 | 0/150
		[INFO]  117 | 0.001000 |   4.0197 |   3.5625 |  0.684 |  0.750 | 1/150
		[INFO]  118 | 0.001000 |   3.8397 |   3.6104 |  0.682 |  0.743 | 2/150
		[INFO]  119 | 0.001000 |   6.1398 |   3.5287 |  0.672 |  0.754 | 3/150
		[INFO]  120 | 0.001000 |   4.2453 |   3.5852 |  0.677 |  0.746 | 4/150
		[INFO]  121 | 0.001000 |   4.2639 |   3.6315 |  0.672 |  0.740 | 5/150
		[INFO]  122 | 0.001000 |   4.1801 |   3.7310 |  0.663 |  0.725 | 6/150
		[INFO]  123 | 0.001000 |   3.9823 |   3.5859 |  0.663 |  0.746 | 7/150
		[INFO]  124 | 0.001000 |   4.1237 |   3.5316 |  0.670 |  0.753 | 8/150
		[INFO]  125 | 0.001000 |   4.3118 |   3.6182 |  0.679 |  0.742 | 9/150
		[INFO]  126 | 0.001000 |   4.0743 |   3.5169 |  0.686 |  0.756 | 10/150
		[INFO]  127 | 0.001000 |   4.1863 |   3.6614 |  0.658 |  0.737 | 0/150
		[INFO]  128 | 0.001000 |   4.3524 |   3.7793 |  0.668 |  0.719 | 1/150
		[INFO]  129 | 0.001000 |   4.1853 |   3.7042 |  0.651 |  0.730 | 2/150
		[INFO]  130 | 0.001000 |   3.8320 |   3.5894 |  0.666 |  0.745 | 3/150
		[INFO]  131 | 0.001000 |   3.6858 |   3.5540 |  0.688 |  0.751 | 4/150
		[INFO]  132 | 0.001000 |   3.8298 |   3.5417 |  0.669 |  0.753 | 5/150
		[INFO]  133 | 0.001000 |   3.9442 |   3.4700 |  0.686 |  0.763 | 6/150
		[INFO]  134 | 0.001000 |   4.3476 |   3.5219 |  0.685 |  0.755 | 0/150
		[INFO]  135 | 0.001000 |   4.0221 |   3.6856 |  0.671 |  0.732 | 1/150
		[INFO]  136 | 0.001000 |   4.2930 |   3.6115 |  0.653 |  0.743 | 2/150
		[INFO]  137 | 0.001000 |   4.2416 |   3.6238 |  0.666 |  0.742 | 3/150
		[INFO]  138 | 0.001000 |   3.9708 |   3.5940 |  0.671 |  0.746 | 4/150
		[INFO]  139 | 0.001000 |   4.0209 |   3.5988 |  0.664 |  0.745 | 5/150
		[INFO]  140 | 0.001000 |   4.4886 |   3.5220 |  0.662 |  0.755 | 6/150
		[INFO]  141 | 0.001000 |   3.8747 |   3.7037 |  0.675 |  0.730 | 7/150
		[INFO]  142 | 0.001000 |   4.5971 |   3.6601 |  0.642 |  0.736 | 8/150
		[INFO]  143 | 0.001000 |   4.5708 |   3.6003 |  0.653 |  0.744 | 9/150
		[INFO]  144 | 0.001000 |   4.0942 |   3.5367 |  0.656 |  0.753 | 10/150
		[INFO]  145 | 0.001000 |   4.2007 |   3.6113 |  0.665 |  0.743 | 11/150
		[INFO]  146 | 0.001000 |   3.7640 |   3.6034 |  0.685 |  0.743 | 12/150
		[INFO]  147 | 0.001000 |   4.1028 |   3.4769 |  0.657 |  0.761 | 13/150
		[INFO]  148 | 0.001000 |   4.1807 |   3.4707 |  0.662 |  0.762 | 14/150
		[INFO]  149 | 0.001000 |   4.1496 |   3.6152 |  0.678 |  0.742 | 15/150
		[INFO]  150 | 0.001000 |   4.7062 |   3.5055 |  0.669 |  0.757 | 16/150
		[INFO]  151 | 0.001000 |   4.9594 |   3.5985 |  0.677 |  0.743 | 17/150
		[INFO]  152 | 0.001000 |   4.1138 |   3.5287 |  0.658 |  0.754 | 18/150
		[INFO]  153 | 0.001000 |   4.3867 |   3.6232 |  0.663 |  0.741 | 19/150
		[INFO]  154 | 0.001000 |   4.1229 |   3.5512 |  0.672 |  0.752 | 20/150
		[INFO]  155 | 0.001000 |   4.3605 |   3.6731 |  0.655 |  0.735 | 21/150
		[INFO]  156 | 0.001000 |   4.0576 |   3.6263 |  0.667 |  0.740 | 22/150
		[INFO]  157 | 0.001000 |   3.8154 |   3.5808 |  0.675 |  0.746 | 23/150
		[INFO]  158 | 0.001000 |   4.0962 |   3.5680 |  0.668 |  0.749 | 24/150
		[INFO]  159 | 0.001000 |   4.0398 |   3.5523 |  0.656 |  0.751 | 25/150
		[INFO]  160 | 0.000750 |   3.9428 |   3.4994 |  0.646 |  0.758 | 26/150
		[INFO]  161 | 0.000750 |   4.1356 |   3.4294 |  0.685 |  0.768 | 27/150
		[INFO]  162 | 0.000750 |   3.6688 |   3.4657 |  0.689 |  0.763 | 0/150
		[INFO]  163 | 0.000750 |   4.3207 |   3.5009 |  0.674 |  0.758 | 1/150
		[INFO]  164 | 0.000750 |   3.9133 |   3.4702 |  0.693 |  0.763 | 2/150
		[INFO]  165 | 0.000750 |   4.1772 |   3.4679 |  0.696 |  0.763 | 3/150
		[INFO]  166 | 0.000750 |   4.7675 |   3.4957 |  0.676 |  0.758 | 4/150
		[INFO]  167 | 0.000750 |   4.0618 |   3.6458 |  0.673 |  0.738 | 5/150
		[INFO]  168 | 0.000750 |   4.8501 |   3.5169 |  0.682 |  0.756 | 6/150
		[INFO]  169 | 0.000750 |   4.3101 |   3.6888 |  0.677 |  0.732 | 7/150
		[INFO]  170 | 0.000750 |   3.8285 |   3.7200 |  0.675 |  0.728 | 8/150
		[INFO]  171 | 0.000750 |   4.1384 |   3.6702 |  0.664 |  0.735 | 9/150
		[INFO]  172 | 0.000750 |   4.2800 |   3.5369 |  0.688 |  0.754 | 10/150
		[INFO]  173 | 0.000750 |   3.8623 |   3.4804 |  0.683 |  0.761 | 11/150
		[INFO]  174 | 0.000750 |   4.0410 |   3.5162 |  0.681 |  0.757 | 12/150
		[INFO]  175 | 0.000750 |   4.0366 |   3.5540 |  0.694 |  0.752 | 13/150
		[INFO]  176 | 0.000750 |   5.8016 |   3.4188 |  0.691 |  0.770 | 14/150
		[INFO]  177 | 0.000750 |   3.9833 |   3.5407 |  0.670 |  0.754 | 0/150
		[INFO]  178 | 0.000750 |   3.9087 |   3.5017 |  0.668 |  0.759 | 1/150
		[INFO]  179 | 0.000750 |   3.8596 |   3.4966 |  0.661 |  0.760 | 2/150
		[INFO]  180 | 0.000750 |   3.8422 |   3.5763 |  0.678 |  0.748 | 3/150
		[INFO]  181 | 0.000750 |   3.7962 |   3.5272 |  0.692 |  0.755 | 4/150
		[INFO]  182 | 0.000750 |   3.8121 |   3.5023 |  0.687 |  0.758 | 5/150
		[INFO]  183 | 0.000750 |   4.1318 |   3.4935 |  0.686 |  0.759 | 6/150
		[INFO]  184 | 0.000750 |   3.8336 |   3.4884 |  0.681 |  0.760 | 7/150
		[INFO]  185 | 0.000750 |   4.0658 |   3.4600 |  0.685 |  0.764 | 8/150
		[INFO]  186 | 0.000750 |   3.8737 |   3.4824 |  0.703 |  0.761 | 9/150
		[INFO]  187 | 0.000750 |   4.2323 |   3.4921 |  0.704 |  0.760 | 10/150
		[INFO]  188 | 0.000750 |   4.5269 |   3.4395 |  0.682 |  0.767 | 11/150
		[INFO]  189 | 0.000750 |   3.9910 |   3.4563 |  0.685 |  0.764 | 12/150
		[INFO]  190 | 0.000750 |   4.3838 |   3.4213 |  0.701 |  0.769 | 13/150
