nohup: ignoring input
Crash diagnostics ON


==================================================
PART 1: Data preprocess for 2023-01-01 00:00:00 to 2024-09-30 23:00:00...
==================================================

	1.1 Preprocessing radiation data...
		[INFO] Radiation data already exists at './data/timeseries/radiation_data.csv'

	1.2 Preprocessing temperature data...
		[INFO] Temperature data already exists at './data/timeseries/temperature_data.csv'

	1.3 Preprocessing building data...
		[INFO] Building data already exists at './data/timeseries/building_data.csv'

	1.4 Preprocessing electricity cost data...
		[INFO] Electricity cost data already exists at './data/timeseries/electricitycostG2B_data.csv' and './data/timeseries/electricitycostG2V_data.csv'

	1.5 Preprocessing battery demand series data...
		[INFO] Found existing battery data at 'data/battery_demand/resample_full.csv' and 'data/battery_demand/resample_train.csv'

		[INFO] Number of series for clean windows = (110, 49)
		[INFO] Number of eligible series for Case 2 = (1373, 49)
		[INFO] Case 1 exists — loaded battery demand from 'data/battery_demand/case1_real_only/battery_demand.npy' with shape (168, 37).
		[INFO] Case 2 exists — loaded battery demand from 'data/battery_demand/case2_nan_filled/battery_demand.npy' with shape (1563, 37).
		[INFO] Case 0 exists — loaded battery demand from 'data/battery_demand/case0_test/battery_demand.npy' with shape (2, 49).

	1.6 Generating battery schedule...
		[INFO] Case 0 exists — loaded from 'data/battery_demand/case0_test/battery_availability.npy' and 'data/battery_demand/case0_test/battery_details.npy' shape (2, 468, 48) and (4, 2, 468)
		[INFO] Case 1 exists — loaded from 'data/battery_demand/case1_real_only/battery_availability.npy' and 'data/battery_demand/case1_real_only/battery_details.npy' shape (168, 385, 36) and (4, 168, 385)
		[INFO] Case 2 exists — loaded from 'data/battery_demand/case2_nan_filled/battery_availability.npy' and 'data/battery_demand/case2_nan_filled/battery_details.npy' shape (1563, 385, 36) and (4, 1563, 385)
		[ERROR] Could not load battery demand from 'data/battery_demand/case3_extended_generated/battery_demand.npy': [Errno 2] No such file or directory: 'data/battery_demand/case3_extended_generated/battery_demand.npy'


==================================================
PART 2: MILP Optimization...
==================================================

	2.0 Optimizing Case 0...
		[INFO] Loaded 2 samples from 'data/battery_demand/case0_test'
		[INFO] Results already exist at './data/optimization_results/case0_test/immediate_charging/V2B.npy'. Skipping immediate_charging run.
		[INFO] Results already exist at './data/optimization_results/case0_test/optimization/V2B.npy'. Skipping optimization run.
		[INFO] Case 0 completed.

	2.1 Optimizing Case 1...
		[INFO] Loaded 168 samples from 'data/battery_demand/case1_real_only'
		[INFO] Results already exist at './data/optimization_results/case1_real_only/immediate_charging/V2B.npy'. Skipping immediate_charging run.
		[INFO] Results already exist at './data/optimization_results/case1_real_only/optimization/V2B.npy'. Skipping optimization run.
		[INFO] Case 1 completed.

	2.2 Optimizing Case 2...
		[INFO] Loaded 1563 samples from 'data/battery_demand/case2_nan_filled'
		[INFO] Results already exist at './data/optimization_results/case2_nan_filled/immediate_charging/V2B.npy'. Skipping immediate_charging run.
		[INFO] Results already exist at './data/optimization_results/case2_nan_filled/optimization/V2B.npy'. Skipping optimization run.
		[INFO] Case 2 completed.


==================================================
PART 3: Supervised Learning...
==================================================

	3.1 Training Case 1...
		[INFO] Found existing model checkpoint at ./data/training_results/STAFV4_CASE1/checkpoints. Skipping training as rerun is False.
		[INFO] Case 1 completed.

	3.2 Training Case 2...
		[INFO] Found existing model checkpoint at ./data/training_results/STAFV4_CASE2/checkpoints. Skipping training as rerun is False.
		[INFO] Case 2 completed.


==================================================
PART 4: Testing...
==================================================

	4.0 Testing Case 0...
Loading data...
Model file data/training_results/STAFV4_CASE0/checkpoints/best_model.pth not found. Using initialized placeholder.

--- Processing Test Case 1 ---
Extracting Data from: 2024-03-15 00:00:00 to 2024-03-15 23:00:00
WARNING: Expected 48 time steps, got 24.
Input Tensor Shape: torch.Size([1, 24, 1])
Traceback (most recent call last):
  File "/home/lisa4090/Documents/GitHub/V2B_Optimization_with_AI_on_BSS/main.py", line 78, in <module>
    main()
    ~~~~^^
  File "/home/lisa4090/Documents/GitHub/V2B_Optimization_with_AI_on_BSS/main.py", line 56, in main
    test_pipeline(case_id=case_num, tolerance=target_tolerance, run_name= cfg.RUN_NAME+f"_CASE{case_num}")
    ~~~~~~~~~~~~~^^^^^^^^^^^^^^^^^^^^^^^^^^^^^^^^^^^^^^^^^^^^^^^^^^^^^^^^^^^^^^^^^^^^^^^^^^^^^^^^^^^^^^^^^
  File "/home/lisa4090/Documents/GitHub/V2B_Optimization_with_AI_on_BSS/testcase/testcase.py", line 223, in test_pipeline
    result = run_inference(model, input_tensor)
  File "/home/lisa4090/Documents/GitHub/V2B_Optimization_with_AI_on_BSS/testcase/testcase.py", line 178, in run_inference
    output = model(input_tensor)
  File "/home/lisa4090/anaconda3/envs/AIonBSS/lib/python3.13/site-packages/torch/nn/modules/module.py", line 1736, in _wrapped_call_impl
    return self._call_impl(*args, **kwargs)
           ~~~~~~~~~~~~~~~^^^^^^^^^^^^^^^^^
  File "/home/lisa4090/anaconda3/envs/AIonBSS/lib/python3.13/site-packages/torch/nn/modules/module.py", line 1747, in _call_impl
    return forward_call(*args, **kwargs)
  File "/home/lisa4090/Documents/GitHub/V2B_Optimization_with_AI_on_BSS/supervised_learning/models/staf_net.py", line 122, in forward
    series_feats = series_flat.view(batch_size, self.num_series, self.seq_len)
RuntimeError: shape '[1, 5, 24]' is invalid for input of size 20
