nohup: ignoring input
Crash diagnostics ON


==================================================
PART 1: Data preprocess for 2023-01-01 00:00:00 to 2024-09-30 23:00:00...
==================================================

	1.1 Preprocessing radiation data...
		[INFO] Radiation data already exists at './data/timeseries/radiation_data.csv'

	1.2 Preprocessing temperature data...
		[INFO] Temperature data already exists at './data/timeseries/temperature_data.csv'

	1.3 Preprocessing building data...
		[INFO] Building data already exists at './data/timeseries/building_data.csv'

	1.4 Preprocessing electricity cost data...
		[INFO] Electricity cost data already exists at './data/timeseries/electricitycostG2B_data.csv' and './data/timeseries/electricitycostG2V_data.csv'

	1.5 Preprocessing battery demand series data...
		[INFO] Found existing battery data at 'data/battery_demandV2/resample_full.csv' and 'data/battery_demandV2/resample_train.csv'

		[INFO] Number of series for clean windows = (168, 37)
		[INFO] Number of eligible series for Case 2 = (1395, 37)
		[INFO] Case 1 exists — loaded battery demand from 'data/battery_demandV2/case1_real_only/battery_demand.npy' with shape (168, 37).
		[INFO] Case 2 exists — loaded battery demand from 'data/battery_demandV2/case2_nan_filled/battery_demand.npy' with shape (1563, 37).
		[INFO] Case 0 exists — loaded battery demand from 'data/battery_demandV2/case0_test/battery_demand.npy' with shape (2, 49).

	1.6 Generating battery schedule...
		[INFO] Case 0 exists — loaded from 'data/battery_demandV2/case0_test/battery_availability.npy' and 'data/battery_demandV2/case0_test/battery_details.npy' shape (2, 272, 48) and (4, 2, 272)
		[INFO] Case 1 exists — loaded from 'data/battery_demandV2/case1_real_only/battery_availability.npy' and 'data/battery_demandV2/case1_real_only/battery_details.npy' shape (168, 237, 36) and (4, 168, 237)
		[INFO] Case 2 exists — loaded from 'data/battery_demandV2/case2_nan_filled/battery_availability.npy' and 'data/battery_demandV2/case2_nan_filled/battery_details.npy' shape (1563, 237, 36) and (4, 1563, 237)
		[ERROR] Could not load battery demand from 'data/battery_demandV2/case3_extended_generated/battery_demand.npy': [Errno 2] No such file or directory: 'data/battery_demandV2/case3_extended_generated/battery_demand.npy'


==================================================
PART 2: MILP Optimization...
==================================================

	2.0 Optimizing Case 0...
		[INFO] Loaded 2 samples from 'data/battery_demandV2/case0_test'
		[INFO] Results already exist at 'data/optimization_resultsV2/case0_test/immediate_charging/V2B.npy'. Skipping immediate_charging run.
		[INFO] Results already exist at 'data/optimization_resultsV2/case0_test/optimization/V2B.npy'. Skipping optimization run.
		[INFO] Case 0 completed.

	2.1 Optimizing Case 1...
		[INFO] Loaded 168 samples from 'data/battery_demandV2/case1_real_only'
		[INFO] Results already exist at 'data/optimization_resultsV2/case1_real_only/immediate_charging/V2B.npy'. Skipping immediate_charging run.
		[INFO] Results already exist at 'data/optimization_resultsV2/case1_real_only/optimization/V2B.npy'. Skipping optimization run.
		[INFO] Case 1 completed.

	2.2 Optimizing Case 2...
		[INFO] Loaded 1563 samples from 'data/battery_demandV2/case2_nan_filled'
		[INFO] Results already exist at 'data/optimization_resultsV2/case2_nan_filled/immediate_charging/V2B.npy'. Skipping immediate_charging run.
		[INFO] Results already exist at 'data/optimization_resultsV2/case2_nan_filled/optimization/V2B.npy'. Skipping optimization run.
		[INFO] Case 2 completed.


==================================================
PART 3: Supervised Learning...
==================================================

	3.2 Training Case 2...

=== Starting Training Run: STAF_currentSOC_V4_CASE2 ===
Device: cuda
		[INFO] Starting Preprocessing for Case 2...
		[INFO] Unique quantized indices: 28274
		[INFO] Suggested num_embeddings: 33928
		[INFO] Generating sliding windows...
Column names ['sin_hour', 'cos_hour', 'sin_day', 'cos_day', 'building_T1', 'building_T2', 'building_T3', 'building_T4', 'building_T5', 'building_T6', 'building_T7', 'building_T8', 'building_T9', 'building_T10', 'building_T11', 'building_T12', 'building_T13', 'building_T14', 'building_T15', 'building_T16', 'building_T17', 'building_T18', 'building_T19', 'building_T20', 'building_T21', 'building_T22', 'building_T23', 'building_T24', 'radiation_T1', 'radiation_T2', 'radiation_T3', 'radiation_T4', 'radiation_T5', 'radiation_T6', 'radiation_T7', 'radiation_T8', 'radiation_T9', 'radiation_T10', 'radiation_T11', 'radiation_T12', 'radiation_T13', 'radiation_T14', 'radiation_T15', 'radiation_T16', 'radiation_T17', 'radiation_T18', 'radiation_T19', 'radiation_T20', 'radiation_T21', 'radiation_T22', 'radiation_T23', 'radiation_T24', 'temperature_T1', 'temperature_T2', 'temperature_T3', 'temperature_T4', 'temperature_T5', 'temperature_T6', 'temperature_T7', 'temperature_T8', 'temperature_T9', 'temperature_T10', 'temperature_T11', 'temperature_T12', 'temperature_T13', 'temperature_T14', 'temperature_T15', 'temperature_T16', 'temperature_T17', 'temperature_T18', 'temperature_T19', 'temperature_T20', 'temperature_T21', 'temperature_T22', 'temperature_T23', 'temperature_T24', 'priceG2B_T1', 'priceG2B_T2', 'priceG2B_T3', 'priceG2B_T4', 'priceG2B_T5', 'priceG2B_T6', 'priceG2B_T7', 'priceG2B_T8', 'priceG2B_T9', 'priceG2B_T10', 'priceG2B_T11', 'priceG2B_T12', 'priceG2B_T13', 'priceG2B_T14', 'priceG2B_T15', 'priceG2B_T16', 'priceG2B_T17', 'priceG2B_T18', 'priceG2B_T19', 'priceG2B_T20', 'priceG2B_T21', 'priceG2B_T22', 'priceG2B_T23', 'priceG2B_T24', 'priceG2V_T1', 'priceG2V_T2', 'priceG2V_T3', 'priceG2V_T4', 'priceG2V_T5', 'priceG2V_T6', 'priceG2V_T7', 'priceG2V_T8', 'priceG2V_T9', 'priceG2V_T10', 'priceG2V_T11', 'priceG2V_T12', 'priceG2V_T13', 'priceG2V_T14', 'priceG2V_T15', 'priceG2V_T16', 'priceG2V_T17', 'priceG2V_T18', 'priceG2V_T19', 'priceG2V_T20', 'priceG2V_T21', 'priceG2V_T22', 'priceG2V_T23', 'priceG2V_T24', 'battery_T1', 'battery_T2', 'battery_T3', 'battery_T4', 'battery_T5', 'battery_T6', 'battery_T7', 'battery_T8', 'battery_T9', 'battery_T10', 'battery_T11', 'battery_T12', 'battery_T13', 'battery_T14', 'battery_T15', 'battery_T16', 'battery_T17', 'battery_T18', 'battery_T19', 'battery_T20', 'battery_T21', 'battery_T22', 'battery_T23', 'battery_T24', 'SOC_V1', 'SOC_V2', 'SOC_V3', 'SOC_V4', 'SOC_V5', 'SOC_V6', 'SOC_V7', 'SOC_V8', 'SOC_V9', 'SOC_V10', 'SOC_V11', 'SOC_V12', 'SOC_V13', 'SOC_V14', 'SOC_V15', 'SOC_V16', 'SOC_V17', 'SOC_V18', 'SOC_V19', 'SOC_V20', 'SOC_V21', 'SOC_V22', 'SOC_V23', 'SOC_V24', 'SOC_V25', 'SOC_V26', 'SOC_V27', 'SOC_V28', 'SOC_V29', 'SOC_V30', 'SOC_V31', 'SOC_V32', 'SOC_V33', 'SOC_V34', 'SOC_V35', 'SOC_V36', 'SOC_V37', 'SOC_V38', 'SOC_V39', 'SOC_V40', 'SOC_V41', 'SOC_V42', 'SOC_V43', 'SOC_V44', 'SOC_V45', 'SOC_V46', 'SOC_V47', 'SOC_V48', 'SOC_V49', 'SOC_V50', 'SOC_V51', 'SOC_V52', 'SOC_V53', 'SOC_V54', 'SOC_V55', 'SOC_V56', 'SOC_V57', 'SOC_V58', 'SOC_V59', 'SOC_V60', 'SOC_V61', 'SOC_V62', 'SOC_V63', 'SOC_V64', 'SOC_V65', 'SOC_V66', 'SOC_V67', 'SOC_V68', 'SOC_V69', 'SOC_V70', 'SOC_V71', 'SOC_V72', 'SOC_V73', 'SOC_V74', 'SOC_V75', 'SOC_V76', 'target']
Number of columns: 225
Number of rows: 18756
		[INFO] Saved dataset: ./data/training_results/STAF_currentSOC_V4_CASE2/merged_dataset_STAF_currentSOC_V4_CASE2.csv (Shape: (18756, 225))
		[INFO] Saved metadata: ./data/training_results/STAF_currentSOC_V4_CASE2/feature_info_STAF_currentSOC_V4_CASE2.json
	[Model Config] Detected Dims: {'static': 4, 'series_count': 6, 'seq_len': 24, 'vehicle': 76, 'emb_vocab': 5000}
		[INFO] Data loaded. Train: 13129, Val: 5627
		[INFO] Fitting new scalers on training data...
		[INFO] Calculating weights for imbalanced regression...
		[INFO] 
==================================================
		[INFO] 🚀 TRAINING SESSION: STAF_currentSOC_V4_CASE2
		[INFO] ==================================================
		[INFO] Device:             cuda
		[INFO] Model Parameters:   115,530
		[INFO] --------------------------------------------------
		[INFO] Epochs:             5000
		[INFO] Batch Size:         128
		[INFO] Learning Rate:      0.001
		[INFO] Weight Decay:       0.001
		[INFO] Dropout:            0.6
		[INFO] --------------------------------------------------
		[INFO] Hidden Layers:      [256, 64]
		[INFO] Embedding Dim:      8
		[INFO] Attention Heads:    4
		[INFO]==================================================


		[INFO]Epoch |    LR    | Trn RMSE | Val RMSE | Trn R2 | Val R2 | Stop
-----------------------------------------------------------------
		[INFO]    1 | 0.001000 |   6.6606 |   6.9112 |  0.339 |  0.088 | 0/150
		[INFO]    2 | 0.001000 |   4.8966 |   5.7963 |  0.649 |  0.358 | 0/150
		[INFO]    3 | 0.001000 |   4.4880 |   5.1217 |  0.704 |  0.499 | 0/150
		[INFO]    4 | 0.001000 |   4.2967 |   4.7720 |  0.723 |  0.565 | 0/150
		[INFO]    5 | 0.001000 |   4.2827 |   4.5900 |  0.732 |  0.598 | 0/150
		[INFO]    6 | 0.001000 |   4.1324 |   4.5521 |  0.751 |  0.604 | 0/150
		[INFO]    7 | 0.001000 |   4.0668 |   4.6684 |  0.755 |  0.584 | 0/150
		[INFO]    8 | 0.001000 |   3.9954 |   4.5201 |  0.763 |  0.610 | 1/150
		[INFO]    9 | 0.001000 |   3.9601 |   4.4347 |  0.767 |  0.624 | 0/150
		[INFO]   10 | 0.001000 |   3.9310 |   4.5005 |  0.770 |  0.613 | 0/150
		[INFO]   11 | 0.001000 |   3.8858 |   4.5651 |  0.775 |  0.602 | 1/150
		[INFO]   12 | 0.001000 |   3.8939 |   4.3019 |  0.777 |  0.647 | 2/150
		[INFO]   13 | 0.001000 |   3.7994 |   4.2772 |  0.784 |  0.651 | 0/150
		[INFO]   14 | 0.001000 |   3.7633 |   4.1630 |  0.793 |  0.669 | 0/150
		[INFO]   15 | 0.001000 |   3.7906 |   4.3746 |  0.789 |  0.634 | 0/150
		[INFO]   16 | 0.001000 |   3.7302 |   4.3057 |  0.792 |  0.646 | 1/150
		[INFO]   17 | 0.001000 |   3.6946 |   4.4518 |  0.796 |  0.621 | 2/150
		[INFO]   18 | 0.001000 |   3.7249 |   4.0196 |  0.791 |  0.691 | 3/150
		[INFO]   19 | 0.001000 |   3.6719 |   4.2424 |  0.798 |  0.656 | 0/150
		[INFO]   20 | 0.001000 |   3.6453 |   4.2025 |  0.802 |  0.663 | 1/150
		[INFO]   21 | 0.001000 |   3.6463 |   4.2407 |  0.804 |  0.657 | 2/150
		[INFO]   22 | 0.001000 |   3.6791 |   4.2595 |  0.802 |  0.653 | 3/150
		[INFO]   23 | 0.001000 |   3.6439 |   4.2058 |  0.804 |  0.662 | 4/150
		[INFO]   24 | 0.001000 |   3.6139 |   4.0922 |  0.809 |  0.680 | 5/150
		[INFO]   25 | 0.001000 |   3.5417 |   4.1947 |  0.817 |  0.664 | 6/150
		[INFO]   26 | 0.001000 |   3.5504 |   4.2375 |  0.813 |  0.657 | 7/150
		[INFO]   27 | 0.001000 |   3.5767 |   4.1743 |  0.813 |  0.667 | 8/150
		[INFO]   28 | 0.001000 |   3.5369 |   4.1900 |  0.813 |  0.665 | 9/150
		[INFO]   29 | 0.001000 |   3.5101 |   4.3213 |  0.815 |  0.643 | 10/150
		[INFO]   30 | 0.001000 |   3.5391 |   4.2066 |  0.817 |  0.662 | 11/150
		[INFO]   31 | 0.001000 |   3.5559 |   4.1472 |  0.814 |  0.671 | 12/150
		[INFO]   32 | 0.001000 |   3.5454 |   4.1585 |  0.815 |  0.670 | 13/150
		[INFO]   33 | 0.001000 |   3.5028 |   4.0008 |  0.817 |  0.694 | 14/150
		[INFO]   34 | 0.001000 |   3.4444 |   3.9881 |  0.823 |  0.696 | 0/150
		[INFO]   35 | 0.001000 |   3.4222 |   4.0958 |  0.826 |  0.680 | 0/150
		[INFO]   36 | 0.001000 |   3.4456 |   4.2530 |  0.823 |  0.655 | 1/150
		[INFO]   37 | 0.001000 |   3.4713 |   4.2479 |  0.821 |  0.655 | 2/150
		[INFO]   38 | 0.001000 |   3.3819 |   3.9610 |  0.832 |  0.700 | 3/150
		[INFO]   39 | 0.001000 |   3.3829 |   3.9654 |  0.832 |  0.700 | 0/150
		[INFO]   40 | 0.001000 |   3.4110 |   4.2092 |  0.826 |  0.662 | 1/150
		[INFO]   41 | 0.001000 |   3.4042 |   4.0284 |  0.830 |  0.690 | 2/150
		[INFO]   42 | 0.001000 |   3.3893 |   4.2033 |  0.831 |  0.663 | 3/150
		[INFO]   43 | 0.001000 |   3.3844 |   4.2072 |  0.831 |  0.662 | 4/150
		[INFO]   44 | 0.001000 |   3.3813 |   4.0325 |  0.830 |  0.689 | 5/150
		[INFO]   45 | 0.001000 |   3.3790 |   4.1406 |  0.830 |  0.673 | 6/150
		[INFO]   46 | 0.001000 |   3.3555 |   3.9040 |  0.832 |  0.709 | 7/150
		[INFO]   47 | 0.001000 |   3.3000 |   4.0132 |  0.838 |  0.692 | 0/150
		[INFO]   48 | 0.001000 |   3.3186 |   3.8756 |  0.836 |  0.713 | 1/150
		[INFO]   49 | 0.001000 |   3.3157 |   3.9616 |  0.835 |  0.700 | 0/150
		[INFO]   50 | 0.001000 |   3.2983 |   3.8935 |  0.841 |  0.710 | 1/150
		[INFO]   51 | 0.001000 |   3.2480 |   4.0153 |  0.844 |  0.692 | 2/150
		[INFO]   52 | 0.001000 |   3.2671 |   3.8312 |  0.840 |  0.720 | 3/150
		[INFO]   53 | 0.001000 |   3.3175 |   3.9779 |  0.838 |  0.698 | 0/150
		[INFO]   54 | 0.001000 |   3.3032 |   3.8207 |  0.838 |  0.721 | 1/150
		[INFO]   55 | 0.001000 |   3.2744 |   3.9996 |  0.841 |  0.694 | 0/150
		[INFO]   56 | 0.001000 |   3.2288 |   3.9164 |  0.844 |  0.707 | 1/150
		[INFO]   57 | 0.001000 |   3.2959 |   3.9947 |  0.839 |  0.695 | 2/150
		[INFO]   58 | 0.001000 |   3.2734 |   4.0214 |  0.842 |  0.691 | 3/150
		[INFO]   59 | 0.001000 |   3.2598 |   4.0425 |  0.845 |  0.688 | 4/150
		[INFO]   60 | 0.001000 |   3.2334 |   4.0798 |  0.844 |  0.682 | 5/150
		[INFO]   61 | 0.001000 |   3.2649 |   3.9056 |  0.842 |  0.709 | 6/150
		[INFO]   62 | 0.001000 |   3.2468 |   3.9143 |  0.844 |  0.707 | 7/150
		[INFO]   63 | 0.001000 |   3.2460 |   4.0363 |  0.843 |  0.689 | 8/150
		[INFO]   64 | 0.001000 |   3.2559 |   4.0362 |  0.841 |  0.689 | 9/150
		[INFO]   65 | 0.001000 |   3.2645 |   3.8484 |  0.844 |  0.717 | 10/150
		[INFO]   66 | 0.001000 |   3.2954 |   3.9631 |  0.840 |  0.700 | 11/150
		[INFO]   67 | 0.001000 |   3.1871 |   4.0016 |  0.852 |  0.694 | 12/150
		[INFO]   68 | 0.001000 |   3.2614 |   3.9914 |  0.842 |  0.696 | 13/150
		[INFO]   69 | 0.001000 |   3.2141 |   3.9328 |  0.847 |  0.705 | 14/150
		[INFO]   70 | 0.001000 |   3.1953 |   3.9622 |  0.849 |  0.700 | 15/150
		[INFO]   71 | 0.001000 |   3.2427 |   3.9016 |  0.845 |  0.709 | 16/150
		[INFO]   72 | 0.001000 |   3.1824 |   3.8479 |  0.847 |  0.717 | 17/150
		[INFO]   73 | 0.001000 |   3.1662 |   3.9874 |  0.849 |  0.696 | 18/150
		[INFO]   74 | 0.001000 |   3.1689 |   3.8844 |  0.850 |  0.712 | 19/150
		[INFO]   75 | 0.001000 |   3.1853 |   3.7903 |  0.848 |  0.726 | 20/150
		[INFO]   76 | 0.001000 |   3.2108 |   3.8758 |  0.847 |  0.713 | 0/150
		[INFO]   77 | 0.001000 |   3.1403 |   3.9405 |  0.852 |  0.703 | 1/150
		[INFO]   78 | 0.001000 |   3.2172 |   3.8335 |  0.847 |  0.719 | 2/150
		[INFO]   79 | 0.001000 |   3.2017 |   3.9110 |  0.848 |  0.708 | 3/150
		[INFO]   80 | 0.001000 |   3.1634 |   3.9402 |  0.852 |  0.703 | 4/150
		[INFO]   81 | 0.001000 |   3.2150 |   3.9268 |  0.845 |  0.705 | 5/150
		[INFO]   82 | 0.001000 |   3.1480 |   3.9389 |  0.854 |  0.704 | 6/150
		[INFO]   83 | 0.001000 |   3.2004 |   4.0091 |  0.849 |  0.693 | 7/150
		[INFO]   84 | 0.001000 |   3.1734 |   3.8917 |  0.852 |  0.711 | 8/150
		[INFO]   85 | 0.001000 |   3.1386 |   3.8138 |  0.852 |  0.722 | 9/150
		[INFO]   86 | 0.001000 |   3.1328 |   3.8735 |  0.854 |  0.713 | 10/150
		[INFO]   87 | 0.001000 |   3.1695 |   3.7212 |  0.851 |  0.736 | 11/150
		[INFO]   88 | 0.001000 |   3.1488 |   3.9115 |  0.855 |  0.708 | 0/150
		[INFO]   89 | 0.001000 |   3.1214 |   4.0035 |  0.856 |  0.694 | 1/150
		[INFO]   90 | 0.001000 |   3.1713 |   3.8020 |  0.852 |  0.724 | 2/150
		[INFO]   91 | 0.001000 |   3.1281 |   4.0415 |  0.854 |  0.688 | 3/150
		[INFO]   92 | 0.001000 |   3.1469 |   3.6829 |  0.854 |  0.741 | 4/150
		[INFO]   93 | 0.001000 |   3.0807 |   4.0996 |  0.859 |  0.679 | 0/150
		[INFO]   94 | 0.001000 |   3.1183 |   3.8152 |  0.854 |  0.722 | 1/150
		[INFO]   95 | 0.001000 |   3.1017 |   3.7096 |  0.857 |  0.737 | 2/150
		[INFO]   96 | 0.001000 |   3.0937 |   3.7623 |  0.857 |  0.730 | 3/150
		[INFO]   97 | 0.001000 |   3.1009 |   3.8857 |  0.856 |  0.712 | 4/150
		[INFO]   98 | 0.001000 |   3.1559 |   3.8683 |  0.852 |  0.714 | 5/150
		[INFO]   99 | 0.001000 |   3.1485 |   3.8612 |  0.853 |  0.715 | 6/150
		[INFO]  100 | 0.001000 |   3.0771 |   3.8072 |  0.860 |  0.723 | 7/150
		[INFO]  101 | 0.001000 |   3.0714 |   3.7150 |  0.860 |  0.736 | 8/150
		[INFO]  102 | 0.001000 |   3.1386 |   3.8159 |  0.854 |  0.722 | 9/150
		[INFO]  103 | 0.001000 |   3.0999 |   3.7561 |  0.860 |  0.731 | 10/150
		[INFO]  104 | 0.001000 |   3.0865 |   3.7706 |  0.859 |  0.728 | 11/150
		[INFO]  105 | 0.001000 |   3.0909 |   3.9040 |  0.858 |  0.709 | 12/150
		[INFO]  106 | 0.001000 |   3.1260 |   3.9078 |  0.855 |  0.708 | 13/150
		[INFO]  107 | 0.001000 |   3.0982 |   3.8826 |  0.857 |  0.712 | 14/150
		[INFO]  108 | 0.001000 |   3.1484 |   3.9036 |  0.854 |  0.709 | 15/150
		[INFO]  109 | 0.001000 |   3.0792 |   3.9431 |  0.861 |  0.703 | 16/150
		[INFO]  110 | 0.001000 |   3.0472 |   3.8537 |  0.860 |  0.716 | 17/150
		[INFO]  111 | 0.001000 |   3.0552 |   4.0768 |  0.861 |  0.683 | 18/150
		[INFO]  112 | 0.001000 |   3.0865 |   3.7950 |  0.858 |  0.725 | 19/150
		[INFO]  113 | 0.001000 |   3.0510 |   3.8362 |  0.860 |  0.719 | 20/150
		[INFO]  114 | 0.000750 |   3.0423 |   3.8007 |  0.864 |  0.724 | 21/150
		[INFO]  115 | 0.000750 |   3.0865 |   3.7185 |  0.860 |  0.736 | 22/150
		[INFO]  116 | 0.000750 |   3.0421 |   3.8028 |  0.865 |  0.724 | 23/150
		[INFO]  117 | 0.000750 |   3.0632 |   3.8377 |  0.862 |  0.719 | 24/150
		[INFO]  118 | 0.000750 |   3.0435 |   3.7564 |  0.863 |  0.730 | 25/150
		[INFO]  119 | 0.000750 |   3.0314 |   3.8859 |  0.864 |  0.712 | 26/150
		[INFO]  120 | 0.000750 |   3.0085 |   3.9192 |  0.865 |  0.707 | 27/150
		[INFO]  121 | 0.000750 |   3.0288 |   3.7173 |  0.864 |  0.736 | 28/150
		[INFO]  122 | 0.000750 |   3.0234 |   3.8154 |  0.865 |  0.722 | 29/150
		[INFO]  123 | 0.000750 |   2.9903 |   3.5980 |  0.866 |  0.753 | 30/150
		[INFO]  124 | 0.000750 |   3.0220 |   3.8932 |  0.865 |  0.710 | 0/150
		[INFO]  125 | 0.000750 |   3.0173 |   3.6554 |  0.864 |  0.745 | 1/150
		[INFO]  126 | 0.000750 |   3.0282 |   3.8447 |  0.864 |  0.718 | 2/150
		[INFO]  127 | 0.000750 |   3.0517 |   3.8067 |  0.862 |  0.723 | 3/150
		[INFO]  128 | 0.000750 |   3.0269 |   3.7647 |  0.865 |  0.729 | 4/150
		[INFO]  129 | 0.000750 |   2.9843 |   3.9518 |  0.868 |  0.702 | 5/150
		[INFO]  130 | 0.000750 |   2.9662 |   3.7233 |  0.869 |  0.735 | 6/150
		[INFO]  131 | 0.000750 |   3.0139 |   3.8536 |  0.865 |  0.716 | 7/150
		[INFO]  132 | 0.000750 |   3.0028 |   3.7607 |  0.867 |  0.730 | 8/150
		[INFO]  133 | 0.000750 |   3.0546 |   3.8201 |  0.865 |  0.721 | 9/150
		[INFO]  134 | 0.000750 |   3.0575 |   3.9027 |  0.862 |  0.709 | 10/150
		[INFO]  135 | 0.000750 |   3.0011 |   3.6519 |  0.867 |  0.745 | 11/150
		[INFO]  136 | 0.000750 |   3.0399 |   3.7738 |  0.860 |  0.728 | 12/150
		[INFO]  137 | 0.000750 |   3.0066 |   3.6947 |  0.867 |  0.739 | 13/150
		[INFO]  138 | 0.000750 |   3.0104 |   3.9202 |  0.867 |  0.706 | 14/150
		[INFO]  139 | 0.000750 |   3.0334 |   3.7230 |  0.864 |  0.735 | 15/150
		[INFO]  140 | 0.000750 |   2.9731 |   3.9175 |  0.868 |  0.707 | 16/150
		[INFO]  141 | 0.000750 |   3.0568 |   3.7167 |  0.863 |  0.736 | 17/150
		[INFO]  142 | 0.000750 |   2.9706 |   3.6905 |  0.868 |  0.740 | 18/150
		[INFO]  143 | 0.000750 |   2.9619 |   3.6504 |  0.871 |  0.745 | 19/150
		[INFO]  144 | 0.000750 |   2.9594 |   3.7111 |  0.870 |  0.737 | 20/150
		[INFO]  145 | 0.000563 |   2.9794 |   3.7917 |  0.868 |  0.725 | 21/150
		[INFO]  146 | 0.000563 |   2.9381 |   3.6884 |  0.873 |  0.740 | 22/150
		[INFO]  147 | 0.000563 |   2.9191 |   3.7778 |  0.873 |  0.727 | 23/150
		[INFO]  148 | 0.000563 |   2.9633 |   3.6478 |  0.869 |  0.746 | 24/150
		[INFO]  149 | 0.000563 |   3.0092 |   3.6579 |  0.867 |  0.744 | 25/150
		[INFO]  150 | 0.000563 |   2.9319 |   3.8245 |  0.874 |  0.721 | 26/150
		[INFO]  151 | 0.000563 |   2.8883 |   3.7683 |  0.875 |  0.729 | 27/150
		[INFO]  152 | 0.000563 |   2.9434 |   3.7024 |  0.872 |  0.738 | 28/150
		[INFO]  153 | 0.000563 |   2.9523 |   3.8787 |  0.872 |  0.713 | 29/150
		[INFO]  154 | 0.000563 |   2.9198 |   3.6843 |  0.872 |  0.741 | 30/150
		[INFO]  155 | 0.000563 |   2.9509 |   3.6376 |  0.872 |  0.747 | 31/150
		[INFO]  156 | 0.000563 |   2.9636 |   3.7495 |  0.869 |  0.731 | 32/150
		[INFO]  157 | 0.000563 |   2.9282 |   3.6063 |  0.873 |  0.752 | 33/150
		[INFO]  158 | 0.000563 |   2.9376 |   3.7368 |  0.872 |  0.733 | 34/150
		[INFO]  159 | 0.000563 |   2.9035 |   3.7710 |  0.875 |  0.728 | 35/150
		[INFO]  160 | 0.000563 |   3.0041 |   3.8004 |  0.867 |  0.724 | 36/150
		[INFO]  161 | 0.000563 |   2.9488 |   3.7081 |  0.871 |  0.737 | 37/150
		[INFO]  162 | 0.000563 |   2.9680 |   3.7629 |  0.869 |  0.730 | 38/150
		[INFO]  163 | 0.000563 |   2.9284 |   3.8465 |  0.874 |  0.717 | 39/150
		[INFO]  164 | 0.000563 |   2.9524 |   3.7826 |  0.872 |  0.727 | 40/150
		[INFO]  165 | 0.000563 |   2.9104 |   3.8314 |  0.873 |  0.720 | 41/150
		[INFO]  166 | 0.000422 |   2.8918 |   3.7788 |  0.876 |  0.727 | 42/150
		[INFO]  167 | 0.000422 |   2.8997 |   3.6456 |  0.877 |  0.746 | 43/150
		[INFO]  168 | 0.000422 |   2.9007 |   3.6122 |  0.875 |  0.751 | 44/150
		[INFO]  169 | 0.000422 |   2.8765 |   3.8279 |  0.878 |  0.720 | 45/150
		[INFO]  170 | 0.000422 |   2.8973 |   3.9404 |  0.876 |  0.703 | 46/150
		[INFO]  171 | 0.000422 |   2.8866 |   3.8535 |  0.877 |  0.716 | 47/150
		[INFO]  172 | 0.000422 |   2.8827 |   3.7716 |  0.875 |  0.728 | 48/150
		[INFO]  173 | 0.000422 |   2.8669 |   3.8560 |  0.878 |  0.716 | 49/150
		[INFO]  174 | 0.000422 |   2.9293 |   3.6615 |  0.874 |  0.744 | 50/150
		[INFO]  175 | 0.000422 |   2.8919 |   3.6388 |  0.875 |  0.747 | 51/150
		[INFO]  176 | 0.000422 |   2.8721 |   3.7522 |  0.878 |  0.731 | 52/150
		[INFO]  177 | 0.000422 |   2.8883 |   3.7861 |  0.876 |  0.726 | 53/150
		[INFO]  178 | 0.000422 |   2.8968 |   3.7327 |  0.874 |  0.734 | 54/150
		[INFO]  179 | 0.000422 |   2.9221 |   3.6791 |  0.873 |  0.741 | 55/150
		[INFO]  180 | 0.000422 |   2.8303 |   3.6873 |  0.881 |  0.740 | 56/150
		[INFO]  181 | 0.000422 |   2.8996 |   3.8335 |  0.876 |  0.719 | 57/150
		[INFO]  182 | 0.000422 |   2.9527 |   3.7104 |  0.873 |  0.737 | 58/150
		[INFO]  183 | 0.000422 |   2.8871 |   3.6459 |  0.876 |  0.746 | 59/150
		[INFO]  184 | 0.000422 |   2.9562 |   3.6220 |  0.871 |  0.749 | 60/150
		[INFO]  185 | 0.000422 |   2.8887 |   3.6771 |  0.877 |  0.742 | 61/150
		[INFO]  186 | 0.000422 |   2.9187 |   3.6063 |  0.875 |  0.752 | 62/150
		[INFO]  187 | 0.000316 |   2.8617 |   3.7225 |  0.879 |  0.735 | 63/150
		[INFO]  188 | 0.000316 |   2.9178 |   3.6545 |  0.874 |  0.745 | 64/150
		[INFO]  189 | 0.000316 |   2.8791 |   3.6709 |  0.879 |  0.743 | 65/150
		[INFO]  190 | 0.000316 |   2.8972 |   3.7183 |  0.876 |  0.736 | 66/150
		[INFO]  191 | 0.000316 |   2.9087 |   3.7359 |  0.877 |  0.733 | 67/150
		[INFO]  192 | 0.000316 |   2.8565 |   3.6120 |  0.880 |  0.751 | 68/150
		[INFO]  193 | 0.000316 |   2.8638 |   3.6682 |  0.878 |  0.743 | 69/150
		[INFO]  194 | 0.000316 |   2.9111 |   3.8440 |  0.874 |  0.718 | 70/150
		[INFO]  195 | 0.000316 |   2.8497 |   3.7410 |  0.880 |  0.733 | 71/150
		[INFO]  196 | 0.000316 |   2.8978 |   3.9946 |  0.878 |  0.695 | 72/150
		[INFO]  197 | 0.000316 |   2.8568 |   3.7573 |  0.879 |  0.730 | 73/150
		[INFO]  198 | 0.000316 |   2.8593 |   3.7142 |  0.878 |  0.736 | 74/150
		[INFO]  199 | 0.000316 |   2.9088 |   3.7478 |  0.874 |  0.732 | 75/150
		[INFO]  200 | 0.000316 |   2.7965 |   3.6358 |  0.884 |  0.748 | 76/150
		[INFO]  201 | 0.000316 |   2.8368 |   3.9017 |  0.881 |  0.709 | 77/150
		[INFO]  202 | 0.000316 |   2.8432 |   3.8302 |  0.879 |  0.720 | 78/150
		[INFO]  203 | 0.000316 |   2.8502 |   3.8330 |  0.879 |  0.719 | 79/150
		[INFO]  204 | 0.000316 |   2.8905 |   3.8213 |  0.878 |  0.721 | 80/150
		[INFO]  205 | 0.000316 |   2.8401 |   3.7893 |  0.882 |  0.726 | 81/150
		[INFO]  206 | 0.000316 |   2.8867 |   3.7647 |  0.877 |  0.729 | 82/150
		[INFO]  207 | 0.000316 |   2.8734 |   3.7348 |  0.879 |  0.734 | 83/150
		[INFO]  208 | 0.000237 |   2.8615 |   3.4719 |  0.880 |  0.770 | 84/150
		[INFO]  209 | 0.000237 |   2.8371 |   3.8539 |  0.880 |  0.716 | 0/150
		[INFO]  210 | 0.000237 |   2.8193 |   3.6095 |  0.883 |  0.751 | 1/150
		[INFO]  211 | 0.000237 |   2.8850 |   3.7704 |  0.876 |  0.728 | 2/150
		[INFO]  212 | 0.000237 |   2.8419 |   3.7277 |  0.880 |  0.735 | 3/150
		[INFO]  213 | 0.000237 |   2.9143 |   3.7479 |  0.874 |  0.732 | 4/150
		[INFO]  214 | 0.000237 |   2.8216 |   3.6757 |  0.883 |  0.742 | 5/150
		[INFO]  215 | 0.000237 |   2.8575 |   3.8344 |  0.881 |  0.719 | 6/150
		[INFO]  216 | 0.000237 |   2.8780 |   3.7931 |  0.877 |  0.725 | 7/150
		[INFO]  217 | 0.000237 |   2.8255 |   3.6665 |  0.882 |  0.743 | 8/150
		[INFO]  218 | 0.000237 |   2.8322 |   3.8012 |  0.881 |  0.724 | 9/150
		[INFO]  219 | 0.000237 |   2.8254 |   3.6006 |  0.881 |  0.752 | 10/150
		[INFO]  220 | 0.000237 |   2.8352 |   3.8164 |  0.880 |  0.722 | 11/150
		[INFO]  221 | 0.000237 |   2.7922 |   3.7566 |  0.884 |  0.730 | 12/150
		[INFO]  222 | 0.000237 |   2.7929 |   3.6645 |  0.884 |  0.743 | 13/150
		[INFO]  223 | 0.000237 |   2.8369 |   3.7648 |  0.882 |  0.729 | 14/150
		[INFO]  224 | 0.000237 |   2.8221 |   3.6110 |  0.882 |  0.751 | 15/150
		[INFO]  225 | 0.000237 |   2.8208 |   3.7648 |  0.883 |  0.729 | 16/150
		[INFO]  226 | 0.000237 |   2.8289 |   3.6699 |  0.881 |  0.743 | 17/150
		[INFO]  227 | 0.000237 |   2.7916 |   3.8550 |  0.884 |  0.716 | 18/150
		[INFO]  228 | 0.000237 |   2.8612 |   3.6140 |  0.881 |  0.751 | 19/150
		[INFO]  229 | 0.000237 |   2.8219 |   3.6384 |  0.880 |  0.747 | 20/150
		[INFO]  230 | 0.000178 |   2.8552 |   3.6276 |  0.880 |  0.749 | 21/150
		[INFO]  231 | 0.000178 |   2.8424 |   3.7427 |  0.881 |  0.732 | 22/150
		[INFO]  232 | 0.000178 |   2.7960 |   3.7495 |  0.883 |  0.731 | 23/150
		[INFO]  233 | 0.000178 |   2.8213 |   3.6478 |  0.882 |  0.746 | 24/150
		[INFO]  234 | 0.000178 |   2.8302 |   3.7384 |  0.881 |  0.733 | 25/150
		[INFO]  235 | 0.000178 |   2.8397 |   3.7389 |  0.881 |  0.733 | 26/150
		[INFO]  236 | 0.000178 |   2.7908 |   3.6951 |  0.884 |  0.739 | 27/150
		[INFO]  237 | 0.000178 |   2.7783 |   3.7609 |  0.884 |  0.730 | 28/150
		[INFO]  238 | 0.000178 |   2.8054 |   3.8122 |  0.884 |  0.722 | 29/150
		[INFO]  239 | 0.000178 |   2.8340 |   3.8017 |  0.881 |  0.724 | 30/150
		[INFO]  240 | 0.000178 |   2.8236 |   3.7310 |  0.883 |  0.734 | 31/150
		[INFO]  241 | 0.000178 |   2.8483 |   3.7950 |  0.880 |  0.725 | 32/150
		[INFO]  242 | 0.000178 |   2.8695 |   3.6406 |  0.879 |  0.747 | 33/150
		[INFO]  243 | 0.000178 |   2.8523 |   3.5098 |  0.879 |  0.765 | 34/150
		[INFO]  244 | 0.000178 |   2.7916 |   3.7342 |  0.882 |  0.734 | 35/150
		[INFO]  245 | 0.000178 |   2.8038 |   3.6824 |  0.884 |  0.741 | 36/150
		[INFO]  246 | 0.000178 |   2.7851 |   3.7976 |  0.884 |  0.725 | 37/150
		[INFO]  247 | 0.000178 |   2.8126 |   3.5936 |  0.883 |  0.753 | 38/150
		[INFO]  248 | 0.000178 |   2.7849 |   3.7742 |  0.884 |  0.728 | 39/150
		[INFO]  249 | 0.000178 |   2.8705 |   3.6606 |  0.880 |  0.744 | 40/150
		[INFO]  250 | 0.000178 |   2.7933 |   3.8519 |  0.884 |  0.717 | 41/150
		[INFO]  251 | 0.000133 |   2.8167 |   3.7642 |  0.882 |  0.729 | 42/150
		[INFO]  252 | 0.000133 |   2.8080 |   3.6703 |  0.884 |  0.743 | 43/150
		[INFO]  253 | 0.000133 |   2.8061 |   3.6981 |  0.885 |  0.739 | 44/150
		[INFO]  254 | 0.000133 |   2.8316 |   3.5624 |  0.882 |  0.758 | 45/150
		[INFO]  255 | 0.000133 |   2.7945 |   3.5620 |  0.884 |  0.758 | 46/150
		[INFO]  256 | 0.000133 |   2.7777 |   3.6389 |  0.887 |  0.747 | 47/150
		[INFO]  257 | 0.000133 |   2.8021 |   3.6935 |  0.883 |  0.739 | 48/150
		[INFO]  258 | 0.000133 |   2.8289 |   3.8321 |  0.880 |  0.720 | 49/150
		[INFO]  259 | 0.000133 |   2.7722 |   3.7192 |  0.887 |  0.736 | 50/150
		[INFO]  260 | 0.000133 |   2.7716 |   3.6343 |  0.886 |  0.748 | 51/150
		[INFO]  261 | 0.000133 |   2.7908 |   3.8906 |  0.885 |  0.711 | 52/150
		[INFO]  262 | 0.000133 |   2.7831 |   3.6348 |  0.886 |  0.748 | 53/150
		[INFO]  263 | 0.000133 |   2.8124 |   3.6794 |  0.882 |  0.741 | 54/150
		[INFO]  264 | 0.000133 |   2.7847 |   3.7739 |  0.885 |  0.728 | 55/150
		[INFO]  265 | 0.000133 |   2.8147 |   3.7359 |  0.884 |  0.733 | 56/150
		[INFO]  266 | 0.000133 |   2.8555 |   3.7561 |  0.880 |  0.731 | 57/150
		[INFO]  267 | 0.000133 |   2.8357 |   3.5558 |  0.883 |  0.758 | 58/150
		[INFO]  268 | 0.000133 |   2.8042 |   3.6975 |  0.884 |  0.739 | 59/150
		[INFO]  269 | 0.000133 |   2.7798 |   3.7600 |  0.886 |  0.730 | 60/150
		[INFO]  270 | 0.000133 |   2.7512 |   3.6410 |  0.889 |  0.747 | 61/150
		[INFO]  271 | 0.000133 |   2.7500 |   3.5832 |  0.887 |  0.755 | 62/150
		[INFO]  272 | 0.000100 |   2.7697 |   3.8126 |  0.887 |  0.722 | 63/150
		[INFO]  273 | 0.000100 |   2.8491 |   3.7368 |  0.882 |  0.733 | 64/150
		[INFO]  274 | 0.000100 |   2.7616 |   3.8473 |  0.886 |  0.717 | 65/150
		[INFO]  275 | 0.000100 |   2.7781 |   3.5698 |  0.885 |  0.757 | 66/150
		[INFO]  276 | 0.000100 |   2.8026 |   3.6615 |  0.883 |  0.744 | 67/150
		[INFO]  277 | 0.000100 |   2.7917 |   3.7317 |  0.885 |  0.734 | 68/150
		[INFO]  278 | 0.000100 |   2.8127 |   3.7412 |  0.883 |  0.733 | 69/150
		[INFO]  279 | 0.000100 |   2.7932 |   3.7372 |  0.885 |  0.733 | 70/150
		[INFO]  280 | 0.000100 |   2.7778 |   3.6741 |  0.885 |  0.742 | 71/150
		[INFO]  281 | 0.000100 |   2.8112 |   3.8083 |  0.884 |  0.723 | 72/150
		[INFO]  282 | 0.000100 |   2.7692 |   3.6252 |  0.886 |  0.749 | 73/150
		[INFO]  283 | 0.000100 |   2.7805 |   3.5741 |  0.884 |  0.756 | 74/150
		[INFO]  284 | 0.000100 |   2.8339 |   3.6320 |  0.881 |  0.748 | 75/150
		[INFO]  285 | 0.000100 |   2.7823 |   3.6072 |  0.884 |  0.751 | 76/150
		[INFO]  286 | 0.000100 |   2.7960 |   3.6941 |  0.884 |  0.739 | 77/150
		[INFO]  287 | 0.000100 |   2.7803 |   3.7756 |  0.886 |  0.728 | 78/150
		[INFO]  288 | 0.000100 |   2.7950 |   3.7977 |  0.883 |  0.725 | 79/150
		[INFO]  289 | 0.000100 |   2.7817 |   3.6666 |  0.886 |  0.743 | 80/150
		[INFO]  290 | 0.000100 |   2.7999 |   3.5246 |  0.885 |  0.763 | 81/150
		[INFO]  291 | 0.000100 |   2.8042 |   3.6185 |  0.885 |  0.750 | 82/150
		[INFO]  292 | 0.000100 |   2.7653 |   3.5098 |  0.887 |  0.765 | 83/150
		[INFO]  293 | 0.000075 |   2.7845 |   3.5847 |  0.885 |  0.755 | 84/150
		[INFO]  294 | 0.000075 |   2.8098 |   3.6783 |  0.884 |  0.742 | 85/150
		[INFO]  295 | 0.000075 |   2.7800 |   3.6853 |  0.886 |  0.741 | 86/150
		[INFO]  296 | 0.000075 |   2.7935 |   3.5990 |  0.886 |  0.753 | 87/150
		[INFO]  297 | 0.000075 |   2.7999 |   3.6809 |  0.885 |  0.741 | 88/150
		[INFO]  298 | 0.000075 |   2.8076 |   3.7695 |  0.884 |  0.729 | 89/150
		[INFO]  299 | 0.000075 |   2.7694 |   3.5790 |  0.885 |  0.755 | 90/150
		[INFO]  300 | 0.000075 |   2.8025 |   3.6905 |  0.883 |  0.740 | 91/150
		[INFO]  301 | 0.000075 |   2.7904 |   3.7650 |  0.885 |  0.729 | 92/150
		[INFO]  302 | 0.000075 |   2.7657 |   3.7244 |  0.887 |  0.735 | 93/150
		[INFO]  303 | 0.000075 |   2.7755 |   3.6297 |  0.885 |  0.748 | 94/150
		[INFO]  304 | 0.000075 |   2.7923 |   3.7978 |  0.885 |  0.724 | 95/150
		[INFO]  305 | 0.000075 |   2.7597 |   3.6253 |  0.888 |  0.749 | 96/150
		[INFO]  306 | 0.000075 |   2.7073 |   3.5620 |  0.891 |  0.758 | 97/150
		[INFO]  307 | 0.000075 |   2.8050 |   3.7428 |  0.883 |  0.732 | 98/150
		[INFO]  308 | 0.000075 |   2.8294 |   3.8931 |  0.883 |  0.711 | 99/150
		[INFO]  309 | 0.000075 |   2.7416 |   3.6776 |  0.890 |  0.742 | 100/150
		[INFO]  310 | 0.000075 |   2.7494 |   3.6406 |  0.886 |  0.747 | 101/150
		[INFO]  311 | 0.000075 |   2.7925 |   3.6456 |  0.884 |  0.746 | 102/150
		[INFO]  312 | 0.000075 |   2.7729 |   3.6375 |  0.886 |  0.747 | 103/150
		[INFO]  313 | 0.000075 |   2.7610 |   3.6099 |  0.886 |  0.751 | 104/150
		[INFO]  314 | 0.000056 |   2.7417 |   3.5401 |  0.888 |  0.761 | 105/150
		[INFO]  315 | 0.000056 |   2.8051 |   3.8023 |  0.884 |  0.724 | 106/150
		[INFO]  316 | 0.000056 |   2.7888 |   3.5809 |  0.885 |  0.755 | 107/150
		[INFO]  317 | 0.000056 |   2.8074 |   3.6951 |  0.883 |  0.739 | 108/150
		[INFO]  318 | 0.000056 |   2.7825 |   3.6879 |  0.885 |  0.740 | 109/150
		[INFO]  319 | 0.000056 |   2.7962 |   3.7271 |  0.885 |  0.735 | 110/150
		[INFO]  320 | 0.000056 |   2.7447 |   3.7530 |  0.888 |  0.731 | 111/150
		[INFO]  321 | 0.000056 |   2.8067 |   3.7481 |  0.885 |  0.732 | 112/150
		[INFO]  322 | 0.000056 |   2.7779 |   3.5090 |  0.885 |  0.765 | 113/150
		[INFO]  323 | 0.000056 |   2.7838 |   3.5813 |  0.886 |  0.755 | 114/150
		[INFO]  324 | 0.000056 |   2.7394 |   3.6320 |  0.888 |  0.748 | 115/150
		[INFO]  325 | 0.000056 |   2.7704 |   3.6480 |  0.885 |  0.746 | 116/150
		[INFO]  326 | 0.000056 |   2.7804 |   3.7701 |  0.886 |  0.728 | 117/150
		[INFO]  327 | 0.000056 |   2.7604 |   3.7440 |  0.889 |  0.732 | 118/150
		[INFO]  328 | 0.000056 |   2.7753 |   3.6840 |  0.884 |  0.741 | 119/150
		[INFO]  329 | 0.000056 |   2.7419 |   3.6983 |  0.889 |  0.739 | 120/150
		[INFO]  330 | 0.000056 |   2.7336 |   3.5177 |  0.888 |  0.764 | 121/150
		[INFO]  331 | 0.000056 |   2.7621 |   3.6348 |  0.887 |  0.748 | 122/150
		[INFO]  332 | 0.000056 |   2.7562 |   3.5872 |  0.888 |  0.754 | 123/150
		[INFO]  333 | 0.000056 |   2.7409 |   3.8566 |  0.889 |  0.716 | 124/150
		[INFO]  334 | 0.000056 |   2.7873 |   3.6058 |  0.883 |  0.752 | 125/150
		[INFO]  335 | 0.000042 |   2.7728 |   3.6119 |  0.887 |  0.751 | 126/150
		[INFO]  336 | 0.000042 |   2.8168 |   3.6538 |  0.883 |  0.745 | 127/150
		[INFO]  337 | 0.000042 |   2.7703 |   3.7200 |  0.887 |  0.736 | 128/150
		[INFO]  338 | 0.000042 |   2.7705 |   3.7683 |  0.887 |  0.729 | 129/150
		[INFO]  339 | 0.000042 |   2.8167 |   3.6014 |  0.882 |  0.752 | 130/150
		[INFO]  340 | 0.000042 |   2.7629 |   3.7441 |  0.887 |  0.732 | 131/150
		[INFO]  341 | 0.000042 |   2.7840 |   3.6399 |  0.884 |  0.747 | 132/150
		[INFO]  342 | 0.000042 |   2.7481 |   3.5957 |  0.889 |  0.753 | 133/150
		[INFO]  343 | 0.000042 |   2.7626 |   3.5970 |  0.885 |  0.753 | 134/150
		[INFO]  344 | 0.000042 |   2.7839 |   3.8250 |  0.885 |  0.721 | 135/150
		[INFO]  345 | 0.000042 |   2.7775 |   3.7136 |  0.886 |  0.737 | 136/150
		[INFO]  346 | 0.000042 |   2.7817 |   3.6524 |  0.886 |  0.745 | 137/150
		[INFO]  347 | 0.000042 |   2.7589 |   3.4943 |  0.888 |  0.767 | 138/150
		[INFO]  348 | 0.000042 |   2.7962 |   3.7342 |  0.883 |  0.734 | 139/150
		[INFO]  349 | 0.000042 |   2.7517 |   3.6219 |  0.886 |  0.749 | 140/150
		[INFO]  350 | 0.000042 |   2.7863 |   3.6493 |  0.885 |  0.746 | 141/150
		[INFO]  351 | 0.000042 |   2.7746 |   3.7052 |  0.886 |  0.738 | 142/150
		[INFO]  352 | 0.000042 |   2.7869 |   3.8032 |  0.885 |  0.724 | 143/150
		[INFO]  353 | 0.000042 |   2.7992 |   3.7043 |  0.883 |  0.738 | 144/150
		[INFO]  354 | 0.000042 |   2.7575 |   3.5679 |  0.887 |  0.757 | 145/150
		[INFO]  355 | 0.000042 |   2.7619 |   3.6298 |  0.886 |  0.748 | 146/150
		[INFO]  356 | 0.000032 |   2.7812 |   3.5896 |  0.886 |  0.754 | 147/150
		[INFO]  357 | 0.000032 |   2.7435 |   3.7307 |  0.889 |  0.734 | 148/150
		[INFO]  358 | 0.000032 |   2.8283 |   3.6392 |  0.883 |  0.747 | 149/150

[Stopping] Early stopping triggered after 358 epochs.
Training Complete. Results saved to: ./data/training_results/STAF_currentSOC_V4_CASE2
		[INFO] Case 2 completed.

	3.1 Training Case 1...

=== Starting Training Run: STAF_currentSOC_V4_CASE1 ===
Device: cuda
		[INFO] Starting Preprocessing for Case 1...
		[INFO] Unique quantized indices: 6686
		[INFO] Suggested num_embeddings: 8023
		[INFO] Generating sliding windows...
Column names ['sin_hour', 'cos_hour', 'sin_day', 'cos_day', 'building_T1', 'building_T2', 'building_T3', 'building_T4', 'building_T5', 'building_T6', 'building_T7', 'building_T8', 'building_T9', 'building_T10', 'building_T11', 'building_T12', 'building_T13', 'building_T14', 'building_T15', 'building_T16', 'building_T17', 'building_T18', 'building_T19', 'building_T20', 'building_T21', 'building_T22', 'building_T23', 'building_T24', 'radiation_T1', 'radiation_T2', 'radiation_T3', 'radiation_T4', 'radiation_T5', 'radiation_T6', 'radiation_T7', 'radiation_T8', 'radiation_T9', 'radiation_T10', 'radiation_T11', 'radiation_T12', 'radiation_T13', 'radiation_T14', 'radiation_T15', 'radiation_T16', 'radiation_T17', 'radiation_T18', 'radiation_T19', 'radiation_T20', 'radiation_T21', 'radiation_T22', 'radiation_T23', 'radiation_T24', 'temperature_T1', 'temperature_T2', 'temperature_T3', 'temperature_T4', 'temperature_T5', 'temperature_T6', 'temperature_T7', 'temperature_T8', 'temperature_T9', 'temperature_T10', 'temperature_T11', 'temperature_T12', 'temperature_T13', 'temperature_T14', 'temperature_T15', 'temperature_T16', 'temperature_T17', 'temperature_T18', 'temperature_T19', 'temperature_T20', 'temperature_T21', 'temperature_T22', 'temperature_T23', 'temperature_T24', 'priceG2B_T1', 'priceG2B_T2', 'priceG2B_T3', 'priceG2B_T4', 'priceG2B_T5', 'priceG2B_T6', 'priceG2B_T7', 'priceG2B_T8', 'priceG2B_T9', 'priceG2B_T10', 'priceG2B_T11', 'priceG2B_T12', 'priceG2B_T13', 'priceG2B_T14', 'priceG2B_T15', 'priceG2B_T16', 'priceG2B_T17', 'priceG2B_T18', 'priceG2B_T19', 'priceG2B_T20', 'priceG2B_T21', 'priceG2B_T22', 'priceG2B_T23', 'priceG2B_T24', 'priceG2V_T1', 'priceG2V_T2', 'priceG2V_T3', 'priceG2V_T4', 'priceG2V_T5', 'priceG2V_T6', 'priceG2V_T7', 'priceG2V_T8', 'priceG2V_T9', 'priceG2V_T10', 'priceG2V_T11', 'priceG2V_T12', 'priceG2V_T13', 'priceG2V_T14', 'priceG2V_T15', 'priceG2V_T16', 'priceG2V_T17', 'priceG2V_T18', 'priceG2V_T19', 'priceG2V_T20', 'priceG2V_T21', 'priceG2V_T22', 'priceG2V_T23', 'priceG2V_T24', 'battery_T1', 'battery_T2', 'battery_T3', 'battery_T4', 'battery_T5', 'battery_T6', 'battery_T7', 'battery_T8', 'battery_T9', 'battery_T10', 'battery_T11', 'battery_T12', 'battery_T13', 'battery_T14', 'battery_T15', 'battery_T16', 'battery_T17', 'battery_T18', 'battery_T19', 'battery_T20', 'battery_T21', 'battery_T22', 'battery_T23', 'battery_T24', 'SOC_V1', 'SOC_V2', 'SOC_V3', 'SOC_V4', 'SOC_V5', 'SOC_V6', 'SOC_V7', 'SOC_V8', 'SOC_V9', 'SOC_V10', 'SOC_V11', 'SOC_V12', 'SOC_V13', 'SOC_V14', 'SOC_V15', 'SOC_V16', 'SOC_V17', 'SOC_V18', 'SOC_V19', 'SOC_V20', 'SOC_V21', 'SOC_V22', 'SOC_V23', 'SOC_V24', 'SOC_V25', 'SOC_V26', 'SOC_V27', 'SOC_V28', 'SOC_V29', 'SOC_V30', 'SOC_V31', 'SOC_V32', 'SOC_V33', 'SOC_V34', 'SOC_V35', 'SOC_V36', 'SOC_V37', 'SOC_V38', 'SOC_V39', 'SOC_V40', 'SOC_V41', 'SOC_V42', 'SOC_V43', 'SOC_V44', 'SOC_V45', 'SOC_V46', 'SOC_V47', 'SOC_V48', 'SOC_V49', 'SOC_V50', 'SOC_V51', 'SOC_V52', 'SOC_V53', 'SOC_V54', 'SOC_V55', 'SOC_V56', 'SOC_V57', 'SOC_V58', 'SOC_V59', 'SOC_V60', 'SOC_V61', 'SOC_V62', 'SOC_V63', 'SOC_V64', 'SOC_V65', 'SOC_V66', 'SOC_V67', 'SOC_V68', 'SOC_V69', 'SOC_V70', 'SOC_V71', 'SOC_V72', 'SOC_V73', 'SOC_V74', 'SOC_V75', 'SOC_V76', 'target']
Number of columns: 225
Number of rows: 2016
		[INFO] Saved dataset: ./data/training_results/STAF_currentSOC_V4_CASE1/merged_dataset_STAF_currentSOC_V4_CASE1.csv (Shape: (2016, 225))
		[INFO] Saved metadata: ./data/training_results/STAF_currentSOC_V4_CASE1/feature_info_STAF_currentSOC_V4_CASE1.json
	[Model Config] Detected Dims: {'static': 4, 'series_count': 6, 'seq_len': 24, 'vehicle': 76, 'emb_vocab': 5000}
		[INFO] Data loaded. Train: 1411, Val: 605
		[INFO] Fitting new scalers on training data...
		[INFO] Calculating weights for imbalanced regression...
		[INFO] 
==================================================
		[INFO] 🚀 TRAINING SESSION: STAF_currentSOC_V4_CASE1
		[INFO] ==================================================
		[INFO] Device:             cuda
		[INFO] Model Parameters:   115,530
		[INFO] --------------------------------------------------
		[INFO] Epochs:             5000
		[INFO] Batch Size:         128
		[INFO] Learning Rate:      0.001
		[INFO] Weight Decay:       0.001
		[INFO] Dropout:            0.6
		[INFO] --------------------------------------------------
		[INFO] Hidden Layers:      [256, 64]
		[INFO] Embedding Dim:      8
		[INFO] Attention Heads:    4
		[INFO]==================================================


		[INFO]Epoch |    LR    | Trn RMSE | Val RMSE | Trn R2 | Val R2 | Stop
-----------------------------------------------------------------
		[INFO]    1 | 0.001000 |   7.8786 |  11.3367 |  0.068 | -1.504 | 0/150
		[INFO]    2 | 0.001000 |   7.2059 |  10.6175 |  0.181 | -1.197 | 0/150
		[INFO]    3 | 0.001000 |   6.9625 |  10.0087 |  0.250 | -0.953 | 0/150
		[INFO]    4 | 0.001000 |   6.6691 |   9.5584 |  0.340 | -0.782 | 0/150
		[INFO]    5 | 0.001000 |   6.4967 |   8.9052 |  0.373 | -0.547 | 0/150
		[INFO]    6 | 0.001000 |   6.0216 |   8.7723 |  0.439 | -0.502 | 0/150
		[INFO]    7 | 0.001000 |   5.6527 |   8.5363 |  0.497 | -0.421 | 0/150
		[INFO]    8 | 0.001000 |   5.2520 |   7.9027 |  0.553 | -0.218 | 0/150
		[INFO]    9 | 0.001000 |   5.3059 |   7.2607 |  0.578 | -0.028 | 0/150
		[INFO]   10 | 0.001000 |   4.9990 |   7.6085 |  0.621 | -0.128 | 0/150
		[INFO]   11 | 0.001000 |   5.0091 |   6.8158 |  0.661 |  0.095 | 1/150
		[INFO]   12 | 0.001000 |   4.5891 |   6.5306 |  0.676 |  0.170 | 0/150
		[INFO]   13 | 0.001000 |   4.6986 |   6.6608 |  0.690 |  0.136 | 0/150
		[INFO]   14 | 0.001000 |   4.4083 |   6.5506 |  0.703 |  0.165 | 1/150
		[INFO]   15 | 0.001000 |   4.1624 |   6.3536 |  0.726 |  0.216 | 2/150
		[INFO]   16 | 0.001000 |   4.7510 |   5.7648 |  0.714 |  0.355 | 0/150
		[INFO]   17 | 0.001000 |   4.0130 |   5.9526 |  0.741 |  0.312 | 0/150
		[INFO]   18 | 0.001000 |   4.3726 |   6.1885 |  0.756 |  0.255 | 1/150
		[INFO]   19 | 0.001000 |   4.3617 |   5.9843 |  0.743 |  0.302 | 2/150
		[INFO]   20 | 0.001000 |   4.2617 |   5.8001 |  0.757 |  0.345 | 3/150
		[INFO]   21 | 0.001000 |   4.5701 |   5.7799 |  0.781 |  0.351 | 4/150
		[INFO]   22 | 0.001000 |   4.0739 |   6.2797 |  0.743 |  0.232 | 5/150
		[INFO]   23 | 0.001000 |   3.8267 |   5.4977 |  0.779 |  0.412 | 6/150
		[INFO]   24 | 0.001000 |   3.8846 |   6.0054 |  0.767 |  0.299 | 0/150
		[INFO]   25 | 0.001000 |   3.8079 |   5.7854 |  0.762 |  0.351 | 1/150
		[INFO]   26 | 0.001000 |   3.8872 |   5.4170 |  0.786 |  0.431 | 2/150
		[INFO]   27 | 0.001000 |   4.2977 |   5.4950 |  0.765 |  0.414 | 0/150
		[INFO]   28 | 0.001000 |   4.4996 |   5.1784 |  0.773 |  0.478 | 1/150
		[INFO]   29 | 0.001000 |   4.1162 |   5.2949 |  0.785 |  0.454 | 0/150
		[INFO]   30 | 0.001000 |   3.4748 |   5.2652 |  0.805 |  0.461 | 1/150
		[INFO]   31 | 0.001000 |   3.8161 |   5.3918 |  0.797 |  0.434 | 2/150
		[INFO]   32 | 0.001000 |   3.7277 |   5.4403 |  0.781 |  0.424 | 3/150
		[INFO]   33 | 0.001000 |   3.8250 |   5.4666 |  0.772 |  0.419 | 4/150
		[INFO]   34 | 0.001000 |   3.6643 |   5.3443 |  0.801 |  0.444 | 5/150
		[INFO]   35 | 0.001000 |   3.7413 |   5.0854 |  0.798 |  0.496 | 6/150
		[INFO]   36 | 0.001000 |   5.2415 |   4.9401 |  0.795 |  0.523 | 0/150
		[INFO]   37 | 0.001000 |   4.4891 |   5.1536 |  0.781 |  0.481 | 0/150
		[INFO]   38 | 0.001000 |   3.6944 |   5.6788 |  0.781 |  0.370 | 1/150
		[INFO]   39 | 0.001000 |   3.8983 |   5.8659 |  0.773 |  0.328 | 2/150
		[INFO]   40 | 0.001000 |   4.7444 |   5.1195 |  0.772 |  0.487 | 3/150
		[INFO]   41 | 0.001000 |   3.8715 |   5.2644 |  0.764 |  0.459 | 4/150
		[INFO]   42 | 0.001000 |   4.6290 |   5.5569 |  0.781 |  0.397 | 5/150
		[INFO]   43 | 0.001000 |   4.6308 |   6.6736 |  0.737 |  0.131 | 6/150
		[INFO]   44 | 0.001000 |   4.2188 |   5.9374 |  0.766 |  0.312 | 7/150
		[INFO]   45 | 0.001000 |   5.5513 |   5.7842 |  0.744 |  0.345 | 8/150
		[INFO]   46 | 0.001000 |   4.8378 |   5.4870 |  0.707 |  0.410 | 9/150
		[INFO]   47 | 0.001000 |   4.9461 |   6.5260 |  0.712 |  0.168 | 10/150
		[INFO]   48 | 0.001000 |   4.4402 |   6.2102 |  0.720 |  0.247 | 11/150
		[INFO]   49 | 0.001000 |   4.5647 |   6.3699 |  0.733 |  0.208 | 12/150
		[INFO]   50 | 0.001000 |   4.4052 |   5.7097 |  0.725 |  0.362 | 13/150
		[INFO]   51 | 0.001000 |   4.7640 |   5.7612 |  0.724 |  0.351 | 14/150
		[INFO]   52 | 0.001000 |   4.5340 |   5.0094 |  0.740 |  0.508 | 15/150
		[INFO]   53 | 0.001000 |   4.1769 |   5.2213 |  0.746 |  0.467 | 16/150
		[INFO]   54 | 0.001000 |   4.0149 |   5.2345 |  0.737 |  0.466 | 17/150
		[INFO]   55 | 0.001000 |   4.1181 |   5.6289 |  0.761 |  0.382 | 18/150
		[INFO]   56 | 0.001000 |   3.8557 |   5.4037 |  0.768 |  0.430 | 19/150
		[INFO]   57 | 0.001000 |   5.1082 |   5.3022 |  0.756 |  0.451 | 20/150
		[INFO]   58 | 0.000750 |   4.3200 |   5.5926 |  0.766 |  0.389 | 21/150
		[INFO]   59 | 0.000750 |   4.6005 |   5.2504 |  0.757 |  0.460 | 22/150
		[INFO]   60 | 0.000750 |   3.8840 |   5.0164 |  0.765 |  0.506 | 23/150
		[INFO]   61 | 0.000750 |   4.1501 |   5.1771 |  0.767 |  0.474 | 24/150
		[INFO]   62 | 0.000750 |   3.8160 |   5.7545 |  0.769 |  0.352 | 25/150
		[INFO]   63 | 0.000750 |   3.8236 |   5.7942 |  0.786 |  0.343 | 26/150
		[INFO]   64 | 0.000750 |   3.8142 |   5.4900 |  0.764 |  0.411 | 27/150
		[INFO]   65 | 0.000750 |   3.7132 |   5.0873 |  0.778 |  0.494 | 28/150
		[INFO]   66 | 0.000750 |   3.6927 |   5.4841 |  0.794 |  0.413 | 29/150
		[INFO]   67 | 0.000750 |   3.6716 |   5.1127 |  0.761 |  0.489 | 30/150
		[INFO]   68 | 0.000750 |   5.4033 |   5.6297 |  0.783 |  0.379 | 31/150
		[INFO]   69 | 0.000750 |   3.6741 |   5.2993 |  0.801 |  0.451 | 32/150
		[INFO]   70 | 0.000750 |   4.9020 |   5.9355 |  0.774 |  0.312 | 33/150
		[INFO]   71 | 0.000750 |   4.5609 |   5.1114 |  0.800 |  0.489 | 34/150
		[INFO]   72 | 0.000750 |   3.6446 |   5.0000 |  0.795 |  0.511 | 35/150
		[INFO]   73 | 0.000750 |   4.6925 |   5.1094 |  0.771 |  0.489 | 36/150
		[INFO]   74 | 0.000750 |   4.6724 |   5.3341 |  0.784 |  0.444 | 37/150
		[INFO]   75 | 0.000750 |   4.3771 |   5.2764 |  0.792 |  0.456 | 38/150
		[INFO]   76 | 0.000750 |   4.6002 |   5.2259 |  0.785 |  0.465 | 39/150
		[INFO]   77 | 0.000750 |   4.1480 |   5.0407 |  0.770 |  0.503 | 40/150
		[INFO]   78 | 0.000750 |   3.9079 |   6.2197 |  0.775 |  0.246 | 41/150
		[INFO]   79 | 0.000563 |   4.3185 |   5.4867 |  0.771 |  0.412 | 42/150
		[INFO]   80 | 0.000563 |   3.9687 |   5.1128 |  0.804 |  0.490 | 43/150
		[INFO]   81 | 0.000563 |   3.8873 |   5.5634 |  0.788 |  0.395 | 44/150
		[INFO]   82 | 0.000563 |   3.9165 |   5.4592 |  0.766 |  0.418 | 45/150
		[INFO]   83 | 0.000563 |   4.9326 |   5.7999 |  0.791 |  0.344 | 46/150
		[INFO]   84 | 0.000563 |   4.9557 |   5.5866 |  0.782 |  0.391 | 47/150
		[INFO]   85 | 0.000563 |   3.8490 |   5.6239 |  0.792 |  0.383 | 48/150
		[INFO]   86 | 0.000563 |   3.7429 |   5.0523 |  0.794 |  0.500 | 49/150
		[INFO]   87 | 0.000563 |   3.6339 |   5.3831 |  0.807 |  0.434 | 50/150
		[INFO]   88 | 0.000563 |   3.9514 |   5.5445 |  0.795 |  0.399 | 51/150
		[INFO]   89 | 0.000563 |   3.9180 |   5.6007 |  0.791 |  0.387 | 52/150
		[INFO]   90 | 0.000563 |   4.5510 |   5.4545 |  0.793 |  0.418 | 53/150
		[INFO]   91 | 0.000563 |   3.6470 |   5.4407 |  0.809 |  0.422 | 54/150
		[INFO]   92 | 0.000563 |   3.6401 |   5.5675 |  0.795 |  0.395 | 55/150
		[INFO]   93 | 0.000563 |   4.1672 |   4.9774 |  0.791 |  0.516 | 56/150
		[INFO]   94 | 0.000563 |   4.4950 |   5.4995 |  0.774 |  0.409 | 57/150
		[INFO]   95 | 0.000563 |   4.0624 |   5.0114 |  0.796 |  0.509 | 58/150
		[INFO]   96 | 0.000563 |   3.7708 |   5.0258 |  0.807 |  0.506 | 59/150
		[INFO]   97 | 0.000563 |   4.0616 |   5.1752 |  0.796 |  0.476 | 60/150
		[INFO]   98 | 0.000563 |   3.3797 |   5.1975 |  0.823 |  0.471 | 61/150
		[INFO]   99 | 0.000563 |   4.2341 |   5.1109 |  0.793 |  0.488 | 62/150
		[INFO]  100 | 0.000422 |   3.4374 |   4.9292 |  0.816 |  0.525 | 63/150
		[INFO]  101 | 0.000422 |   4.1400 |   5.0273 |  0.798 |  0.506 | 0/150
		[INFO]  102 | 0.000422 |   3.5943 |   5.2171 |  0.821 |  0.468 | 1/150
		[INFO]  103 | 0.000422 |   3.9800 |   5.7395 |  0.798 |  0.357 | 2/150
		[INFO]  104 | 0.000422 |   3.8275 |   5.4230 |  0.797 |  0.426 | 3/150
		[INFO]  105 | 0.000422 |   3.9533 |   4.6318 |  0.798 |  0.579 | 4/150
		[INFO]  106 | 0.000422 |   3.9086 |   4.7959 |  0.799 |  0.549 | 0/150
		[INFO]  107 | 0.000422 |   3.5351 |   4.8679 |  0.816 |  0.535 | 1/150
		[INFO]  108 | 0.000422 |   3.9708 |   5.2885 |  0.791 |  0.454 | 2/150
		[INFO]  109 | 0.000422 |   4.4353 |   6.0273 |  0.803 |  0.290 | 3/150
		[INFO]  110 | 0.000422 |   3.7343 |   5.4754 |  0.806 |  0.415 | 4/150
		[INFO]  111 | 0.000422 |   3.8562 |   5.3432 |  0.813 |  0.443 | 5/150
		[INFO]  112 | 0.000422 |   3.8645 |   4.8324 |  0.817 |  0.543 | 6/150
		[INFO]  113 | 0.000422 |   4.7584 |   4.7106 |  0.814 |  0.566 | 7/150
		[INFO]  114 | 0.000422 |   4.0082 |   4.6019 |  0.822 |  0.586 | 8/150
		[INFO]  115 | 0.000422 |   5.0029 |   4.7578 |  0.795 |  0.557 | 0/150
		[INFO]  116 | 0.000422 |   4.3396 |   4.8595 |  0.814 |  0.539 | 1/150
		[INFO]  117 | 0.000422 |   3.5983 |   5.3298 |  0.807 |  0.446 | 2/150
		[INFO]  118 | 0.000422 |   3.7117 |   5.4623 |  0.813 |  0.418 | 3/150
		[INFO]  119 | 0.000422 |   3.8441 |   5.1625 |  0.796 |  0.480 | 4/150
		[INFO]  120 | 0.000422 |   4.9686 |   5.3664 |  0.793 |  0.439 | 5/150
		[INFO]  121 | 0.000422 |   5.3348 |   5.6818 |  0.799 |  0.370 | 6/150
		[INFO]  122 | 0.000422 |   4.2414 |   5.7188 |  0.800 |  0.362 | 7/150
		[INFO]  123 | 0.000422 |   3.5537 |   5.2544 |  0.797 |  0.461 | 8/150
		[INFO]  124 | 0.000422 |   3.9645 |   4.9039 |  0.817 |  0.530 | 9/150
		[INFO]  125 | 0.000422 |   3.6933 |   5.1822 |  0.823 |  0.476 | 10/150
		[INFO]  126 | 0.000422 |   3.6903 |   5.2391 |  0.794 |  0.464 | 11/150
		[INFO]  127 | 0.000422 |   3.8516 |   5.6066 |  0.797 |  0.387 | 12/150
		[INFO]  128 | 0.000422 |   3.4681 |   5.3276 |  0.817 |  0.446 | 13/150
		[INFO]  129 | 0.000422 |   4.8729 |   5.5065 |  0.811 |  0.408 | 14/150
		[INFO]  130 | 0.000422 |   3.8595 |   5.0655 |  0.813 |  0.499 | 15/150
		[INFO]  131 | 0.000422 |   4.1919 |   5.0813 |  0.817 |  0.496 | 16/150
		[INFO]  132 | 0.000422 |   3.8875 |   5.4251 |  0.814 |  0.426 | 17/150
		[INFO]  133 | 0.000422 |   3.8706 |   5.2425 |  0.813 |  0.465 | 18/150
		[INFO]  134 | 0.000422 |   5.6396 |   5.1382 |  0.795 |  0.484 | 19/150
		[INFO]  135 | 0.000422 |   3.9492 |   5.1631 |  0.812 |  0.479 | 20/150
		[INFO]  136 | 0.000316 |   3.8029 |   5.2924 |  0.799 |  0.454 | 21/150
		[INFO]  137 | 0.000316 |   3.5221 |   5.2770 |  0.819 |  0.457 | 22/150
		[INFO]  138 | 0.000316 |   3.7486 |   5.0459 |  0.795 |  0.503 | 23/150
		[INFO]  139 | 0.000316 |   3.5584 |   5.4626 |  0.803 |  0.417 | 24/150
		[INFO]  140 | 0.000316 |   4.0471 |   5.4747 |  0.813 |  0.415 | 25/150
		[INFO]  141 | 0.000316 |   3.6343 |   4.8885 |  0.804 |  0.533 | 26/150
		[INFO]  142 | 0.000316 |   3.7153 |   5.3888 |  0.820 |  0.434 | 27/150
		[INFO]  143 | 0.000316 |   3.7690 |   5.4333 |  0.807 |  0.425 | 28/150
		[INFO]  144 | 0.000316 |   3.9987 |   4.8375 |  0.826 |  0.542 | 29/150
		[INFO]  145 | 0.000316 |   4.1715 |   4.6632 |  0.813 |  0.575 | 30/150
		[INFO]  146 | 0.000316 |   3.7334 |   5.0897 |  0.815 |  0.493 | 31/150
		[INFO]  147 | 0.000316 |   4.0367 |   4.8031 |  0.802 |  0.549 | 32/150
		[INFO]  148 | 0.000316 |   3.8552 |   4.8229 |  0.814 |  0.545 | 33/150
		[INFO]  149 | 0.000316 |   3.7409 |   5.3615 |  0.812 |  0.439 | 34/150
		[INFO]  150 | 0.000316 |   3.8226 |   5.1150 |  0.820 |  0.488 | 35/150
		[INFO]  151 | 0.000316 |   3.3782 |   5.1065 |  0.807 |  0.491 | 36/150
		[INFO]  152 | 0.000316 |   3.3941 |   5.1061 |  0.818 |  0.490 | 37/150
		[INFO]  153 | 0.000316 |   3.9256 |   4.9961 |  0.822 |  0.512 | 38/150
		[INFO]  154 | 0.000316 |   4.0158 |   4.8051 |  0.821 |  0.549 | 39/150
		[INFO]  155 | 0.000316 |   3.6867 |   5.4802 |  0.815 |  0.413 | 40/150
		[INFO]  156 | 0.000316 |   3.3141 |   5.0775 |  0.835 |  0.497 | 41/150
		[INFO]  157 | 0.000237 |   3.7836 |   4.8868 |  0.811 |  0.534 | 42/150
		[INFO]  158 | 0.000237 |   3.4697 |   4.9193 |  0.808 |  0.527 | 43/150
		[INFO]  159 | 0.000237 |   3.6671 |   5.0007 |  0.819 |  0.511 | 44/150
		[INFO]  160 | 0.000237 |   4.2146 |   5.2196 |  0.814 |  0.468 | 45/150
		[INFO]  161 | 0.000237 |   3.7270 |   4.8203 |  0.821 |  0.546 | 46/150
		[INFO]  162 | 0.000237 |   3.6745 |   4.9341 |  0.799 |  0.523 | 47/150
		[INFO]  163 | 0.000237 |   4.1651 |   4.7582 |  0.829 |  0.556 | 48/150
		[INFO]  164 | 0.000237 |   3.7852 |   5.0877 |  0.816 |  0.495 | 49/150
		[INFO]  165 | 0.000237 |   3.5331 |   5.1141 |  0.814 |  0.490 | 50/150
		[INFO]  166 | 0.000237 |   4.2167 |   5.6043 |  0.805 |  0.388 | 51/150
		[INFO]  167 | 0.000237 |   3.3454 |   5.1968 |  0.822 |  0.473 | 52/150
		[INFO]  168 | 0.000237 |   3.9691 |   4.7936 |  0.812 |  0.552 | 53/150
		[INFO]  169 | 0.000237 |   3.3423 |   4.7066 |  0.829 |  0.567 | 54/150
		[INFO]  170 | 0.000237 |   4.7662 |   4.6182 |  0.820 |  0.582 | 55/150
		[INFO]  171 | 0.000237 |   5.1738 |   5.2332 |  0.814 |  0.465 | 56/150
		[INFO]  172 | 0.000237 |   3.4991 |   4.9176 |  0.818 |  0.528 | 57/150
		[INFO]  173 | 0.000237 |   4.0276 |   4.9410 |  0.823 |  0.523 | 58/150
		[INFO]  174 | 0.000237 |   3.4757 |   5.1190 |  0.820 |  0.488 | 59/150
		[INFO]  175 | 0.000237 |   4.3929 |   4.8355 |  0.827 |  0.542 | 60/150
		[INFO]  176 | 0.000237 |   3.9801 |   4.9841 |  0.824 |  0.513 | 61/150
		[INFO]  177 | 0.000237 |   3.4966 |   5.0856 |  0.815 |  0.494 | 62/150
		[INFO]  178 | 0.000178 |   3.6966 |   5.2191 |  0.808 |  0.468 | 63/150
		[INFO]  179 | 0.000178 |   3.5496 |   5.1469 |  0.825 |  0.483 | 64/150
		[INFO]  180 | 0.000178 |   3.3582 |   5.2791 |  0.816 |  0.456 | 65/150
		[INFO]  181 | 0.000178 |   4.4653 |   5.0777 |  0.806 |  0.496 | 66/150
		[INFO]  182 | 0.000178 |   5.4147 |   5.6035 |  0.823 |  0.387 | 67/150
		[INFO]  183 | 0.000178 |   3.5903 |   4.8584 |  0.822 |  0.539 | 68/150
		[INFO]  184 | 0.000178 |   3.8251 |   5.1893 |  0.812 |  0.474 | 69/150
		[INFO]  185 | 0.000178 |   3.2513 |   4.6742 |  0.829 |  0.573 | 70/150
		[INFO]  186 | 0.000178 |   3.3855 |   4.6195 |  0.833 |  0.582 | 71/150
		[INFO]  187 | 0.000178 |   3.5751 |   4.9350 |  0.808 |  0.524 | 72/150
		[INFO]  188 | 0.000178 |   3.4078 |   4.7896 |  0.826 |  0.552 | 73/150
		[INFO]  189 | 0.000178 |   4.1028 |   5.2375 |  0.816 |  0.464 | 74/150
		[INFO]  190 | 0.000178 |   3.7754 |   5.3994 |  0.816 |  0.431 | 75/150
		[INFO]  191 | 0.000178 |   4.3037 |   5.2100 |  0.831 |  0.470 | 76/150
		[INFO]  192 | 0.000178 |   3.5307 |   5.4867 |  0.833 |  0.412 | 77/150
		[INFO]  193 | 0.000178 |   3.5323 |   5.1152 |  0.816 |  0.489 | 78/150
		[INFO]  194 | 0.000178 |   3.7684 |   5.7009 |  0.821 |  0.365 | 79/150
		[INFO]  195 | 0.000178 |   3.9738 |   4.8534 |  0.827 |  0.540 | 80/150
		[INFO]  196 | 0.000178 |   3.8930 |   4.8874 |  0.824 |  0.534 | 81/150
		[INFO]  197 | 0.000178 |   3.3809 |   4.6310 |  0.829 |  0.580 | 82/150
		[INFO]  198 | 0.000178 |   3.3740 |   4.8457 |  0.825 |  0.541 | 83/150
		[INFO]  199 | 0.000133 |   3.9053 |   4.6740 |  0.803 |  0.573 | 84/150
		[INFO]  200 | 0.000133 |   3.3788 |   5.3600 |  0.820 |  0.440 | 85/150
		[INFO]  201 | 0.000133 |   3.4280 |   5.3194 |  0.826 |  0.448 | 86/150
		[INFO]  202 | 0.000133 |   3.6552 |   5.1611 |  0.820 |  0.480 | 87/150
		[INFO]  203 | 0.000133 |   3.4484 |   5.0247 |  0.820 |  0.507 | 88/150
		[INFO]  204 | 0.000133 |   3.5923 |   4.9689 |  0.850 |  0.518 | 89/150
		[INFO]  205 | 0.000133 |   3.5812 |   4.8117 |  0.811 |  0.548 | 90/150
		[INFO]  206 | 0.000133 |   3.3958 |   4.7134 |  0.826 |  0.566 | 91/150
		[INFO]  207 | 0.000133 |   3.3288 |   4.7306 |  0.825 |  0.563 | 92/150
		[INFO]  208 | 0.000133 |   3.4848 |   5.2413 |  0.828 |  0.464 | 93/150
		[INFO]  209 | 0.000133 |   4.5722 |   4.8596 |  0.825 |  0.538 | 94/150
		[INFO]  210 | 0.000133 |   3.8500 |   4.6390 |  0.811 |  0.580 | 95/150
		[INFO]  211 | 0.000133 |   3.6468 |   4.9359 |  0.826 |  0.524 | 96/150
		[INFO]  212 | 0.000133 |   4.1059 |   4.6743 |  0.822 |  0.573 | 97/150
		[INFO]  213 | 0.000133 |   3.5181 |   4.7532 |  0.829 |  0.559 | 98/150
		[INFO]  214 | 0.000133 |   3.2112 |   4.6960 |  0.830 |  0.569 | 99/150
		[INFO]  215 | 0.000133 |   4.0033 |   5.3044 |  0.809 |  0.452 | 100/150
		[INFO]  216 | 0.000133 |   3.3501 |   4.7759 |  0.835 |  0.555 | 101/150
		[INFO]  217 | 0.000133 |   3.6964 |   4.7111 |  0.828 |  0.566 | 102/150
		[INFO]  218 | 0.000133 |   4.1922 |   4.7133 |  0.830 |  0.566 | 103/150
		[INFO]  219 | 0.000133 |   3.3851 |   5.1939 |  0.827 |  0.474 | 104/150
		[INFO]  220 | 0.000100 |   3.4477 |   5.2128 |  0.823 |  0.470 | 105/150
		[INFO]  221 | 0.000100 |   3.4209 |   5.3422 |  0.826 |  0.443 | 106/150
		[INFO]  222 | 0.000100 |   3.7017 |   5.0109 |  0.803 |  0.509 | 107/150
		[INFO]  223 | 0.000100 |   3.3049 |   4.8626 |  0.835 |  0.538 | 108/150
		[INFO]  224 | 0.000100 |   3.5004 |   4.8945 |  0.832 |  0.532 | 109/150
		[INFO]  225 | 0.000100 |   3.6051 |   4.7565 |  0.836 |  0.558 | 110/150
		[INFO]  226 | 0.000100 |   3.8101 |   4.8504 |  0.823 |  0.541 | 111/150
		[INFO]  227 | 0.000100 |   4.7566 |   4.7045 |  0.828 |  0.568 | 112/150
		[INFO]  228 | 0.000100 |   3.3793 |   4.8674 |  0.831 |  0.538 | 113/150
		[INFO]  229 | 0.000100 |   4.2136 |   4.7647 |  0.821 |  0.557 | 114/150
		[INFO]  230 | 0.000100 |   3.4307 |   5.2114 |  0.834 |  0.470 | 115/150
		[INFO]  231 | 0.000100 |   3.7668 |   4.6298 |  0.821 |  0.581 | 116/150
		[INFO]  232 | 0.000100 |   3.4546 |   4.8530 |  0.834 |  0.541 | 117/150
		[INFO]  233 | 0.000100 |   4.1772 |   4.7991 |  0.831 |  0.550 | 118/150
		[INFO]  234 | 0.000100 |   3.4283 |   4.8066 |  0.834 |  0.550 | 119/150
		[INFO]  235 | 0.000100 |   3.4588 |   4.9727 |  0.822 |  0.519 | 120/150
		[INFO]  236 | 0.000100 |   4.0185 |   4.9920 |  0.822 |  0.514 | 121/150
		[INFO]  237 | 0.000100 |   3.8441 |   4.8020 |  0.824 |  0.550 | 122/150
		[INFO]  238 | 0.000100 |   3.2434 |   5.0209 |  0.841 |  0.508 | 123/150
		[INFO]  239 | 0.000100 |   4.3458 |   4.6834 |  0.839 |  0.571 | 124/150
		[INFO]  240 | 0.000100 |   3.8245 |   4.9912 |  0.836 |  0.514 | 125/150
		[INFO]  241 | 0.000075 |   4.0460 |   4.7385 |  0.830 |  0.562 | 126/150
		[INFO]  242 | 0.000075 |   3.2389 |   5.0577 |  0.836 |  0.501 | 127/150
		[INFO]  243 | 0.000075 |   3.3363 |   4.9722 |  0.836 |  0.518 | 128/150
		[INFO]  244 | 0.000075 |   3.5898 |   5.1279 |  0.827 |  0.486 | 129/150
		[INFO]  245 | 0.000075 |   3.4160 |   5.2400 |  0.821 |  0.464 | 130/150
		[INFO]  246 | 0.000075 |   4.6115 |   5.3316 |  0.813 |  0.445 | 131/150
		[INFO]  247 | 0.000075 |   4.1280 |   5.3454 |  0.817 |  0.443 | 132/150
		[INFO]  248 | 0.000075 |   3.7234 |   4.9839 |  0.821 |  0.515 | 133/150
		[INFO]  249 | 0.000075 |   3.5351 |   4.9680 |  0.825 |  0.518 | 134/150
		[INFO]  250 | 0.000075 |   3.7644 |   4.7361 |  0.829 |  0.562 | 135/150
		[INFO]  251 | 0.000075 |   3.7504 |   5.2268 |  0.838 |  0.466 | 136/150
		[INFO]  252 | 0.000075 |   4.1130 |   5.0939 |  0.833 |  0.493 | 137/150
		[INFO]  253 | 0.000075 |   4.2423 |   5.1351 |  0.829 |  0.485 | 138/150
		[INFO]  254 | 0.000075 |   3.2180 |   5.1489 |  0.831 |  0.482 | 139/150
		[INFO]  255 | 0.000075 |   3.5226 |   4.9029 |  0.832 |  0.531 | 140/150
		[INFO]  256 | 0.000075 |   4.0712 |   4.8364 |  0.824 |  0.544 | 141/150
		[INFO]  257 | 0.000075 |   3.3011 |   5.1469 |  0.847 |  0.483 | 142/150
		[INFO]  258 | 0.000075 |   3.8725 |   5.1139 |  0.822 |  0.491 | 143/150
		[INFO]  259 | 0.000075 |   3.6175 |   5.8507 |  0.840 |  0.333 | 144/150
		[INFO]  260 | 0.000075 |   3.5526 |   5.0952 |  0.833 |  0.493 | 145/150
		[INFO]  261 | 0.000075 |   3.3318 |   4.8330 |  0.831 |  0.544 | 146/150
		[INFO]  262 | 0.000056 |   4.3268 |   4.6844 |  0.818 |  0.572 | 147/150
		[INFO]  263 | 0.000056 |   3.5901 |   4.8186 |  0.821 |  0.547 | 148/150
		[INFO]  264 | 0.000056 |   5.5180 |   4.5826 |  0.819 |  0.590 | 149/150
		[INFO]  265 | 0.000056 |   3.9076 |   4.5874 |  0.836 |  0.589 | 0/150
		[INFO]  266 | 0.000056 |   3.5607 |   4.6359 |  0.830 |  0.580 | 1/150
		[INFO]  267 | 0.000056 |   3.4819 |   5.0952 |  0.824 |  0.494 | 2/150
		[INFO]  268 | 0.000056 |   3.4233 |   5.2488 |  0.825 |  0.463 | 3/150
		[INFO]  269 | 0.000056 |   5.2287 |   4.7966 |  0.833 |  0.551 | 4/150
		[INFO]  270 | 0.000056 |   3.3237 |   4.9520 |  0.830 |  0.521 | 5/150
		[INFO]  271 | 0.000056 |   3.3106 |   4.9700 |  0.825 |  0.518 | 6/150
		[INFO]  272 | 0.000056 |   3.3726 |   5.1393 |  0.831 |  0.485 | 7/150
		[INFO]  273 | 0.000056 |   4.2155 |   5.0981 |  0.831 |  0.493 | 8/150
		[INFO]  274 | 0.000056 |   3.2831 |   4.8171 |  0.841 |  0.547 | 9/150
		[INFO]  275 | 0.000056 |   3.9792 |   4.3666 |  0.828 |  0.627 | 10/150
		[INFO]  276 | 0.000056 |   3.3964 |   4.5381 |  0.828 |  0.597 | 0/150
		[INFO]  277 | 0.000056 |   3.7517 |   4.8152 |  0.834 |  0.547 | 1/150
		[INFO]  278 | 0.000056 |   3.9471 |   5.2261 |  0.841 |  0.468 | 2/150
		[INFO]  279 | 0.000056 |   3.3512 |   5.2783 |  0.841 |  0.457 | 3/150
		[INFO]  280 | 0.000056 |   3.6847 |   5.0231 |  0.838 |  0.507 | 4/150
		[INFO]  281 | 0.000056 |   3.8424 |   4.5900 |  0.847 |  0.587 | 5/150
		[INFO]  282 | 0.000056 |   3.5900 |   5.3952 |  0.837 |  0.432 | 6/150
		[INFO]  283 | 0.000056 |   3.2990 |   4.8698 |  0.842 |  0.537 | 7/150
		[INFO]  284 | 0.000056 |   3.3881 |   5.0282 |  0.834 |  0.507 | 8/150
		[INFO]  285 | 0.000056 |   3.8331 |   5.2419 |  0.829 |  0.464 | 9/150
		[INFO]  286 | 0.000056 |   3.2186 |   5.4258 |  0.837 |  0.425 | 10/150
		[INFO]  287 | 0.000056 |   4.3329 |   4.6942 |  0.833 |  0.570 | 11/150
		[INFO]  288 | 0.000056 |   4.9119 |   5.2425 |  0.842 |  0.464 | 12/150
		[INFO]  289 | 0.000056 |   3.4653 |   4.9806 |  0.827 |  0.515 | 13/150
		[INFO]  290 | 0.000056 |   3.5940 |   5.0183 |  0.828 |  0.508 | 14/150
		[INFO]  291 | 0.000056 |   3.6906 |   5.0435 |  0.845 |  0.504 | 15/150
		[INFO]  292 | 0.000056 |   3.6073 |   4.8574 |  0.823 |  0.539 | 16/150
		[INFO]  293 | 0.000056 |   3.5181 |   4.7344 |  0.828 |  0.562 | 17/150
		[INFO]  294 | 0.000056 |   3.5642 |   4.7208 |  0.836 |  0.565 | 18/150
		[INFO]  295 | 0.000056 |   3.6521 |   5.4240 |  0.820 |  0.426 | 19/150
		[INFO]  296 | 0.000056 |   4.3750 |   4.7004 |  0.845 |  0.569 | 20/150
		[INFO]  297 | 0.000042 |   3.3955 |   4.7336 |  0.831 |  0.563 | 21/150
		[INFO]  298 | 0.000042 |   4.0044 |   5.1294 |  0.836 |  0.486 | 22/150
		[INFO]  299 | 0.000042 |   3.4862 |   4.9102 |  0.835 |  0.530 | 23/150
		[INFO]  300 | 0.000042 |   3.6173 |   4.9075 |  0.825 |  0.531 | 24/150
		[INFO]  301 | 0.000042 |   3.2292 |   4.8026 |  0.848 |  0.550 | 25/150
		[INFO]  302 | 0.000042 |   4.0203 |   5.0984 |  0.818 |  0.493 | 26/150
		[INFO]  303 | 0.000042 |   3.9809 |   4.7098 |  0.840 |  0.567 | 27/150
		[INFO]  304 | 0.000042 |   3.7860 |   5.1554 |  0.829 |  0.482 | 28/150
		[INFO]  305 | 0.000042 |   4.0728 |   5.0959 |  0.847 |  0.493 | 29/150
		[INFO]  306 | 0.000042 |   4.7596 |   5.3151 |  0.837 |  0.448 | 30/150
		[INFO]  307 | 0.000042 |   3.3033 |   4.6445 |  0.833 |  0.578 | 31/150
		[INFO]  308 | 0.000042 |   3.6978 |   4.8464 |  0.828 |  0.541 | 32/150
		[INFO]  309 | 0.000042 |   3.0558 |   4.6287 |  0.845 |  0.581 | 33/150
		[INFO]  310 | 0.000042 |   3.3641 |   4.7607 |  0.838 |  0.557 | 34/150
		[INFO]  311 | 0.000042 |   3.4633 |   4.7509 |  0.845 |  0.558 | 35/150
		[INFO]  312 | 0.000042 |   3.8186 |   5.1736 |  0.831 |  0.478 | 36/150
		[INFO]  313 | 0.000042 |   3.9119 |   4.7567 |  0.839 |  0.558 | 37/150
		[INFO]  314 | 0.000042 |   3.3505 |   4.7989 |  0.835 |  0.550 | 38/150
		[INFO]  315 | 0.000042 |   3.7128 |   4.9398 |  0.828 |  0.524 | 39/150
		[INFO]  316 | 0.000042 |   3.4299 |   4.9546 |  0.836 |  0.521 | 40/150
		[INFO]  317 | 0.000042 |   3.6145 |   5.3061 |  0.839 |  0.450 | 41/150
		[INFO]  318 | 0.000032 |   3.1712 |   5.1990 |  0.839 |  0.473 | 42/150
		[INFO]  319 | 0.000032 |   3.8925 |   4.8274 |  0.827 |  0.545 | 43/150
		[INFO]  320 | 0.000032 |   3.5713 |   4.9724 |  0.830 |  0.517 | 44/150
		[INFO]  321 | 0.000032 |   4.0083 |   4.5916 |  0.834 |  0.587 | 45/150
		[INFO]  322 | 0.000032 |   3.2281 |   4.5587 |  0.848 |  0.593 | 46/150
		[INFO]  323 | 0.000032 |   3.3355 |   4.7130 |  0.838 |  0.566 | 47/150
		[INFO]  324 | 0.000032 |   3.8318 |   4.9810 |  0.843 |  0.516 | 48/150
		[INFO]  325 | 0.000032 |   4.8502 |   4.6042 |  0.828 |  0.586 | 49/150
		[INFO]  326 | 0.000032 |   3.2221 |   4.6374 |  0.835 |  0.579 | 50/150
		[INFO]  327 | 0.000032 |   3.1006 |   4.7997 |  0.843 |  0.550 | 51/150
		[INFO]  328 | 0.000032 |   3.7704 |   5.0656 |  0.840 |  0.499 | 52/150
		[INFO]  329 | 0.000032 |   3.1180 |   4.9386 |  0.848 |  0.523 | 53/150
		[INFO]  330 | 0.000032 |   3.5065 |   5.4417 |  0.835 |  0.421 | 54/150
		[INFO]  331 | 0.000032 |   3.1860 |   5.2132 |  0.840 |  0.470 | 55/150
		[INFO]  332 | 0.000032 |   3.5022 |   4.9473 |  0.847 |  0.522 | 56/150
		[INFO]  333 | 0.000032 |   3.2722 |   5.0361 |  0.837 |  0.504 | 57/150
		[INFO]  334 | 0.000032 |   3.5522 |   5.7445 |  0.839 |  0.357 | 58/150
		[INFO]  335 | 0.000032 |   3.4335 |   5.0388 |  0.827 |  0.503 | 59/150
		[INFO]  336 | 0.000032 |   3.3138 |   4.9634 |  0.836 |  0.519 | 60/150
		[INFO]  337 | 0.000032 |   3.3316 |   4.8576 |  0.829 |  0.539 | 61/150
		[INFO]  338 | 0.000032 |   3.4642 |   5.0427 |  0.844 |  0.504 | 62/150
		[INFO]  339 | 0.000024 |   3.1186 |   4.7297 |  0.845 |  0.563 | 63/150
		[INFO]  340 | 0.000024 |   3.2680 |   4.7564 |  0.834 |  0.559 | 64/150
		[INFO]  341 | 0.000024 |   3.3447 |   5.1611 |  0.849 |  0.481 | 65/150
		[INFO]  342 | 0.000024 |   3.1340 |   4.7725 |  0.855 |  0.555 | 66/150
		[INFO]  343 | 0.000024 |   4.6412 |   4.8794 |  0.838 |  0.535 | 67/150
		[INFO]  344 | 0.000024 |   3.6863 |   4.6921 |  0.835 |  0.570 | 68/150
		[INFO]  345 | 0.000024 |   3.5367 |   5.2059 |  0.832 |  0.470 | 69/150
		[INFO]  346 | 0.000024 |   3.3026 |   4.7377 |  0.839 |  0.561 | 70/150
		[INFO]  347 | 0.000024 |   3.2932 |   4.7711 |  0.846 |  0.554 | 71/150
		[INFO]  348 | 0.000024 |   3.4408 |   4.7115 |  0.835 |  0.565 | 72/150
		[INFO]  349 | 0.000024 |   3.4684 |   4.8170 |  0.838 |  0.546 | 73/150
		[INFO]  350 | 0.000024 |   3.2666 |   4.8804 |  0.834 |  0.534 | 74/150
		[INFO]  351 | 0.000024 |   3.1031 |   4.8740 |  0.848 |  0.536 | 75/150
		[INFO]  352 | 0.000024 |   4.2304 |   4.9699 |  0.826 |  0.517 | 76/150
		[INFO]  353 | 0.000024 |   3.8718 |   4.5715 |  0.834 |  0.591 | 77/150
		[INFO]  354 | 0.000024 |   3.0268 |   4.6694 |  0.848 |  0.573 | 78/150
		[INFO]  355 | 0.000024 |   3.2620 |   5.1246 |  0.831 |  0.487 | 79/150
		[INFO]  356 | 0.000024 |   3.8130 |   5.1630 |  0.827 |  0.479 | 80/150
		[INFO]  357 | 0.000024 |   4.0810 |   5.1936 |  0.837 |  0.473 | 81/150
		[INFO]  358 | 0.000024 |   4.2032 |   5.3027 |  0.832 |  0.450 | 82/150
		[INFO]  359 | 0.000024 |   3.2296 |   5.0386 |  0.848 |  0.503 | 83/150
		[INFO]  360 | 0.000018 |   4.0152 |   4.7222 |  0.841 |  0.564 | 84/150
		[INFO]  361 | 0.000018 |   3.1875 |   4.8142 |  0.839 |  0.546 | 85/150
		[INFO]  362 | 0.000018 |   3.8658 |   5.0863 |  0.837 |  0.495 | 86/150
		[INFO]  363 | 0.000018 |   3.5116 |   5.1054 |  0.832 |  0.490 | 87/150
		[INFO]  364 | 0.000018 |   3.4346 |   5.4020 |  0.844 |  0.430 | 88/150
		[INFO]  365 | 0.000018 |   3.4618 |   5.0965 |  0.843 |  0.492 | 89/150
		[INFO]  366 | 0.000018 |   4.1226 |   5.2738 |  0.831 |  0.458 | 90/150
		[INFO]  367 | 0.000018 |   3.5563 |   4.8572 |  0.843 |  0.539 | 91/150
		[INFO]  368 | 0.000018 |   3.5205 |   4.9504 |  0.828 |  0.521 | 92/150
		[INFO]  369 | 0.000018 |   3.8198 |   4.7472 |  0.825 |  0.560 | 93/150
		[INFO]  370 | 0.000018 |   3.9080 |   5.2887 |  0.845 |  0.453 | 94/150
		[INFO]  371 | 0.000018 |   3.3880 |   4.9802 |  0.839 |  0.515 | 95/150
		[INFO]  372 | 0.000018 |   3.5646 |   4.7622 |  0.837 |  0.557 | 96/150
		[INFO]  373 | 0.000018 |   3.1274 |   4.8957 |  0.841 |  0.532 | 97/150
		[INFO]  374 | 0.000018 |   3.7155 |   4.7363 |  0.833 |  0.561 | 98/150
		[INFO]  375 | 0.000018 |   4.0794 |   4.4854 |  0.839 |  0.606 | 99/150
		[INFO]  376 | 0.000018 |   3.8657 |   4.3751 |  0.849 |  0.625 | 100/150
		[INFO]  377 | 0.000018 |   4.3326 |   4.5192 |  0.824 |  0.600 | 101/150
		[INFO]  378 | 0.000018 |   3.5577 |   4.6065 |  0.823 |  0.585 | 102/150
		[INFO]  379 | 0.000018 |   3.6261 |   4.9282 |  0.841 |  0.526 | 103/150
		[INFO]  380 | 0.000018 |   3.4264 |   5.0312 |  0.841 |  0.506 | 104/150
		[INFO]  381 | 0.000013 |   3.3875 |   5.1127 |  0.843 |  0.489 | 105/150
		[INFO]  382 | 0.000013 |   3.4813 |   5.2982 |  0.825 |  0.452 | 106/150
		[INFO]  383 | 0.000013 |   3.2010 |   5.2811 |  0.836 |  0.455 | 107/150
		[INFO]  384 | 0.000013 |   3.4666 |   4.8865 |  0.849 |  0.533 | 108/150
		[INFO]  385 | 0.000013 |   3.8097 |   4.4838 |  0.830 |  0.606 | 109/150
		[INFO]  386 | 0.000013 |   3.4430 |   4.4550 |  0.822 |  0.612 | 110/150
		[INFO]  387 | 0.000013 |   3.3477 |   4.9840 |  0.844 |  0.515 | 111/150
		[INFO]  388 | 0.000013 |   3.1301 |   4.7761 |  0.840 |  0.554 | 112/150
		[INFO]  389 | 0.000013 |   3.8908 |   5.0778 |  0.826 |  0.496 | 113/150
		[INFO]  390 | 0.000013 |   3.9507 |   4.7444 |  0.826 |  0.560 | 114/150
		[INFO]  391 | 0.000013 |   4.0929 |   5.0684 |  0.843 |  0.498 | 115/150
		[INFO]  392 | 0.000013 |   3.7136 |   4.9348 |  0.844 |  0.524 | 116/150
		[INFO]  393 | 0.000013 |   3.8345 |   5.0144 |  0.839 |  0.509 | 117/150
		[INFO]  394 | 0.000013 |   4.3565 |   5.4672 |  0.840 |  0.417 | 118/150
		[INFO]  395 | 0.000013 |   3.8136 |   4.9642 |  0.827 |  0.519 | 119/150
		[INFO]  396 | 0.000013 |   3.2331 |   5.1624 |  0.835 |  0.480 | 120/150
		[INFO]  397 | 0.000013 |   5.0085 |   5.5318 |  0.836 |  0.403 | 121/150
		[INFO]  398 | 0.000013 |   3.6171 |   5.3038 |  0.842 |  0.451 | 122/150
		[INFO]  399 | 0.000013 |   3.7000 |   5.6286 |  0.830 |  0.383 | 123/150
		[INFO]  400 | 0.000013 |   3.1567 |   5.1994 |  0.847 |  0.473 | 124/150
		[INFO]  401 | 0.000013 |   3.3657 |   5.2231 |  0.845 |  0.468 | 125/150
		[INFO]  402 | 0.000010 |   3.5601 |   4.8606 |  0.837 |  0.539 | 126/150
		[INFO]  403 | 0.000010 |   3.4810 |   4.5461 |  0.842 |  0.595 | 127/150
		[INFO]  404 | 0.000010 |   3.5544 |   4.5366 |  0.836 |  0.598 | 128/150
		[INFO]  405 | 0.000010 |   3.8260 |   4.7253 |  0.837 |  0.564 | 129/150
		[INFO]  406 | 0.000010 |   5.3305 |   5.7262 |  0.842 |  0.360 | 130/150
		[INFO]  407 | 0.000010 |   3.3260 |   5.2518 |  0.841 |  0.462 | 131/150
		[INFO]  408 | 0.000010 |   3.5025 |   5.0908 |  0.840 |  0.494 | 132/150
		[INFO]  409 | 0.000010 |   3.5883 |   4.5351 |  0.837 |  0.597 | 133/150
		[INFO]  410 | 0.000010 |   4.5628 |   4.7760 |  0.838 |  0.554 | 134/150
		[INFO]  411 | 0.000010 |   3.8221 |   4.5747 |  0.843 |  0.590 | 135/150
		[INFO]  412 | 0.000010 |   4.7566 |   5.4910 |  0.839 |  0.412 | 136/150
		[INFO]  413 | 0.000010 |   3.5944 |   4.9438 |  0.849 |  0.523 | 137/150
		[INFO]  414 | 0.000010 |   3.3501 |   5.0078 |  0.852 |  0.510 | 138/150
		[INFO]  415 | 0.000010 |   3.1309 |   5.0965 |  0.840 |  0.492 | 139/150
		[INFO]  416 | 0.000010 |   3.6384 |   5.6557 |  0.835 |  0.376 | 140/150
		[INFO]  417 | 0.000010 |   4.1376 |   5.7535 |  0.837 |  0.354 | 141/150
		[INFO]  418 | 0.000010 |   3.1294 |   5.5061 |  0.844 |  0.409 | 142/150
		[INFO]  419 | 0.000010 |   3.8720 |   5.1340 |  0.838 |  0.485 | 143/150
		[INFO]  420 | 0.000010 |   3.3080 |   4.7713 |  0.822 |  0.556 | 144/150
		[INFO]  421 | 0.000010 |   3.9032 |   5.0002 |  0.836 |  0.512 | 145/150
		[INFO]  422 | 0.000010 |   4.1559 |   5.2429 |  0.824 |  0.464 | 146/150
		[INFO]  423 | 0.000008 |   3.2721 |   5.1947 |  0.828 |  0.473 | 147/150
		[INFO]  424 | 0.000008 |   3.2434 |   4.9355 |  0.836 |  0.525 | 148/150
/home/lisa4090/Documents/GitHub/V2B_Optimization_with_AI_on_BSS/testcase/testcaseV4.py:208: FutureWarning: You are using `torch.load` with `weights_only=False` (the current default value), which uses the default pickle module implicitly. It is possible to construct malicious pickle data which will execute arbitrary code during unpickling (See https://github.com/pytorch/pytorch/blob/main/SECURITY.md#untrusted-models for more details). In a future release, the default value for `weights_only` will be flipped to `True`. This limits the functions that could be executed during unpickling. Arbitrary objects will no longer be allowed to be loaded via this mode unless they are explicitly allowlisted by the user via `torch.serialization.add_safe_globals`. We recommend you start setting `weights_only=True` for any use case where you don't have full control of the loaded file. Please open an issue on GitHub for any issues related to this experimental feature.
  model.load_state_dict(torch.load(os.path.join(base_path, "checkpoints", "best_model.pth"), map_location=cfg.DEVICE))
/home/lisa4090/Documents/GitHub/V2B_Optimization_with_AI_on_BSS/testcase/testcaseV4.py:208: FutureWarning: You are using `torch.load` with `weights_only=False` (the current default value), which uses the default pickle module implicitly. It is possible to construct malicious pickle data which will execute arbitrary code during unpickling (See https://github.com/pytorch/pytorch/blob/main/SECURITY.md#untrusted-models for more details). In a future release, the default value for `weights_only` will be flipped to `True`. This limits the functions that could be executed during unpickling. Arbitrary objects will no longer be allowed to be loaded via this mode unless they are explicitly allowlisted by the user via `torch.serialization.add_safe_globals`. We recommend you start setting `weights_only=True` for any use case where you don't have full control of the loaded file. Please open an issue on GitHub for any issues related to this experimental feature.
  model.load_state_dict(torch.load(os.path.join(base_path, "checkpoints", "best_model.pth"), map_location=cfg.DEVICE))
		[INFO]  425 | 0.000008 |   4.0244 |   4.7231 |  0.834 |  0.565 | 149/150

[Stopping] Early stopping triggered after 425 epochs.
Training Complete. Results saved to: ./data/training_results/STAF_currentSOC_V4_CASE1
		[INFO] Case 1 completed.


==================================================
PART 4: Testing...
==================================================

	4.2 Testing Case 2...
🚀 Starting Dynamic Simulation (Updating SOC per hour)
[INFO] Loading Initial State from Optimization file...
Initial SOC State: (2, 48, 272)
Initial SOC State: (272,)
battery_detail (4, 2, 272)
(272,)
Hour 24: AI Request=13.82kW | Executed=0.00kW | Avg SOC=0.20
battery_detail (4, 2, 272)
(272,)
Hour 25: AI Request=13.69kW | Executed=0.00kW | Avg SOC=0.90
battery_detail (4, 2, 272)
(272,)
Hour 26: AI Request=13.29kW | Executed=0.00kW | Avg SOC=0.90
battery_detail (4, 2, 272)
(272,)
Hour 27: AI Request=12.64kW | Executed=0.00kW | Avg SOC=0.90
battery_detail (4, 2, 272)
(272,)
Hour 28: AI Request=12.51kW | Executed=0.00kW | Avg SOC=0.90
battery_detail (4, 2, 272)
(272,)
Hour 29: AI Request=12.19kW | Executed=0.00kW | Avg SOC=0.90
battery_detail (4, 2, 272)
(272,)
Hour 30: AI Request=12.26kW | Executed=0.00kW | Avg SOC=0.90
battery_detail (4, 2, 272)
(272,)
Hour 31: AI Request=12.02kW | Executed=0.00kW | Avg SOC=0.90
battery_detail (4, 2, 272)
(272,)
Hour 32: AI Request=11.67kW | Executed=0.00kW | Avg SOC=0.90
battery_detail (4, 2, 272)
(272,)
Hour 33: AI Request=11.26kW | Executed=0.00kW | Avg SOC=0.74
battery_detail (4, 2, 272)
(272,)
Hour 34: AI Request=11.11kW | Executed=0.00kW | Avg SOC=0.68
battery_detail (4, 2, 272)
(272,)
Hour 35: AI Request=11.23kW | Executed=0.00kW | Avg SOC=0.68
battery_detail (4, 2, 272)
(272,)
Hour 36: AI Request=11.52kW | Executed=0.00kW | Avg SOC=0.68
battery_detail (4, 2, 272)
(272,)
Hour 37: AI Request=10.97kW | Executed=0.00kW | Avg SOC=0.68
battery_detail (4, 2, 272)
(272,)
Hour 38: AI Request=10.86kW | Executed=0.00kW | Avg SOC=0.64
battery_detail (4, 2, 272)
(272,)
Hour 39: AI Request=10.89kW | Executed=0.00kW | Avg SOC=0.59
battery_detail (4, 2, 272)
(272,)
Hour 40: AI Request=10.60kW | Executed=0.00kW | Avg SOC=0.59
battery_detail (4, 2, 272)
(272,)
Hour 41: AI Request=10.40kW | Executed=0.00kW | Avg SOC=0.59
battery_detail (4, 2, 272)
(272,)
Hour 42: AI Request=10.07kW | Executed=0.00kW | Avg SOC=0.46
battery_detail (4, 2, 272)
(272,)
Hour 43: AI Request=10.47kW | Executed=0.00kW | Avg SOC=0.38
battery_detail (4, 2, 272)
(272,)
Hour 44: AI Request=10.57kW | Executed=0.00kW | Avg SOC=0.38
battery_detail (4, 2, 272)
(272,)
Hour 45: AI Request=10.76kW | Executed=0.00kW | Avg SOC=0.38
battery_detail (4, 2, 272)
(272,)
Hour 46: AI Request=11.00kW | Executed=0.00kW | Avg SOC=0.34
battery_detail (4, 2, 272)
(272,)
Hour 47: AI Request=11.10kW | Executed=0.00kW | Avg SOC=0.20

✅ Simulation Complete.
		[INFO] Case 2 completed.

	4.1 Testing Case 1...
🚀 Starting Dynamic Simulation (Updating SOC per hour)
[INFO] Loading Initial State from Optimization file...
Initial SOC State: (2, 48, 272)
Initial SOC State: (272,)
battery_detail (4, 2, 272)
(272,)
Hour 24: AI Request=11.71kW | Executed=0.00kW | Avg SOC=0.20
battery_detail (4, 2, 272)
(272,)
Hour 25: AI Request=13.65kW | Executed=0.00kW | Avg SOC=0.90
battery_detail (4, 2, 272)
(272,)
Hour 26: AI Request=12.70kW | Executed=0.00kW | Avg SOC=0.90
battery_detail (4, 2, 272)
(272,)
Hour 27: AI Request=12.77kW | Executed=0.00kW | Avg SOC=0.90
battery_detail (4, 2, 272)
(272,)
Hour 28: AI Request=11.50kW | Executed=0.00kW | Avg SOC=0.90
battery_detail (4, 2, 272)
(272,)
Hour 29: AI Request=11.97kW | Executed=0.00kW | Avg SOC=0.90
battery_detail (4, 2, 272)
(272,)
Hour 30: AI Request=11.53kW | Executed=0.00kW | Avg SOC=0.90
battery_detail (4, 2, 272)
(272,)
Hour 31: AI Request=11.31kW | Executed=0.00kW | Avg SOC=0.90
battery_detail (4, 2, 272)
(272,)
Hour 32: AI Request=11.55kW | Executed=0.00kW | Avg SOC=0.90
battery_detail (4, 2, 272)
(272,)
Hour 33: AI Request=11.48kW | Executed=0.00kW | Avg SOC=0.74
battery_detail (4, 2, 272)
(272,)
Hour 34: AI Request=9.87kW | Executed=0.00kW | Avg SOC=0.68
battery_detail (4, 2, 272)
(272,)
Hour 35: AI Request=10.99kW | Executed=0.00kW | Avg SOC=0.68
battery_detail (4, 2, 272)
(272,)
Hour 36: AI Request=11.57kW | Executed=0.00kW | Avg SOC=0.68
battery_detail (4, 2, 272)
(272,)
Hour 37: AI Request=11.25kW | Executed=0.00kW | Avg SOC=0.68
battery_detail (4, 2, 272)
(272,)
Hour 38: AI Request=11.20kW | Executed=0.00kW | Avg SOC=0.64
battery_detail (4, 2, 272)
(272,)
Hour 39: AI Request=10.37kW | Executed=0.00kW | Avg SOC=0.59
battery_detail (4, 2, 272)
(272,)
Hour 40: AI Request=8.51kW | Executed=0.00kW | Avg SOC=0.59
battery_detail (4, 2, 272)
(272,)
Hour 41: AI Request=7.84kW | Executed=0.00kW | Avg SOC=0.59
battery_detail (4, 2, 272)
(272,)
Hour 42: AI Request=8.79kW | Executed=0.00kW | Avg SOC=0.46
battery_detail (4, 2, 272)
(272,)
Hour 43: AI Request=9.15kW | Executed=0.00kW | Avg SOC=0.38
battery_detail (4, 2, 272)
(272,)
Hour 44: AI Request=8.71kW | Executed=0.00kW | Avg SOC=0.38
battery_detail (4, 2, 272)
(272,)
Hour 45: AI Request=8.95kW | Executed=0.00kW | Avg SOC=0.38
battery_detail (4, 2, 272)
(272,)
Hour 46: AI Request=9.93kW | Executed=0.00kW | Avg SOC=0.34
battery_detail (4, 2, 272)
(272,)
Hour 47: AI Request=10.46kW | Executed=0.00kW | Avg SOC=0.20

✅ Simulation Complete.
		[INFO] Case 1 completed.
