Crash diagnostics ON


==================================================
PART 1: Data preprocess for 2023-01-01 00:00:00 to 2024-09-30 23:00:00...
==================================================

	1.1 Preprocessing radiation data...
		[INFO] Radiation data already exists at './data/timeseries/radiation_data.csv'

	1.2 Preprocessing temperature data...
		[INFO] Temperature data already exists at './data/timeseries/temperature_data.csv'

	1.3 Preprocessing building data...
		[INFO] Building data already exists at './data/timeseries/building_data.csv'

	1.4 Preprocessing electricity cost data...
		[INFO] Electricity cost data already exists at './data/timeseries/electricitycostG2B_data.csv' and './data/timeseries/electricitycostG2V_data.csv'

	1.5 Preprocessing battery demand series data...
		[INFO] Found existing battery data at './data/battery_demand/tol27/resample_full.csv' and './data/battery_demand/tol27/resample_train.csv'

		[INFO] Number of series for clean windows = (168, 37)
		[INFO] Number of eligible series for Case 2 = (1381, 37)
		[INFO] Number of seeds ready for Case 3  = (2000, 36)

		[INFO] Case 1 exists — loaded battery demand from './data/battery_demand/tol27/case1_real_only/battery_demand.npy' with shape (168, 37).
		[INFO] Case 2 exists — loaded battery demand from './data/battery_demand/tol27/case2_nan_filled/battery_demand.npy' with shape (1549, 37).
		[INFO] Case 3 exists — loaded battery demand from './data/battery_demand/tol27/case3_extended_generated/battery_demand.npy' with shape (3549, 37).

	1.6 Generating battery schedule...
		[INFO] Case 1 exists — loaded from './data/battery_demand/tol27/case1_real_only/battery_availability.npy' and './data/battery_demand/tol27/case1_real_only/battery_details.npy' shape (168, 263, 36) and (4, 168, 263)
		[INFO] Case 2 exists — loaded from './data/battery_demand/tol27/case2_nan_filled/battery_availability.npy' and './data/battery_demand/tol27/case2_nan_filled/battery_details.npy' shape (1549, 311, 36) and (4, 1549, 311)
		[INFO] Case 3 exists — loaded from './data/battery_demand/tol27/case3_extended_generated/battery_availability.npy' and './data/battery_demand/tol27/case3_extended_generated/battery_details.npy' shape (3549, 422, 36) and (4, 3549, 422)


==================================================
PART 2: MILP Optimization...
==================================================

	2.1 Optimizing Case 1...
		[INFO] Loaded 168 samples from './data/battery_demand/tol27/case1_real_only'
		[INFO] Results already exist at './data/optimization_results/tol27/case1_real_only/optimization/V2B.npy'. Skipping optimization run.
		[INFO] Results already exist at './data/optimization_results/tol27/case1_real_only/immediate_charging/V2B.npy'. Skipping immediate_charging run.
		[INFO] Case 1 completed.

	2.2 Optimizing Case 2...
		[INFO] Loaded 1549 samples from './data/battery_demand/tol27/case2_nan_filled'
		[INFO] Results already exist at './data/optimization_results/tol27/case2_nan_filled/optimization/V2B.npy'. Skipping optimization run.
		[INFO] Results already exist at './data/optimization_results/tol27/case2_nan_filled/immediate_charging/V2B.npy'. Skipping immediate_charging run.
		[INFO] Case 2 completed.

	2.3 Optimizing Case 3...
		[INFO] Loaded 3549 samples from './data/battery_demand/tol27/case3_extended_generated'
		[INFO] Results already exist at './data/optimization_results/tol27/case3_extended_generated/optimization/V2B.npy'. Skipping optimization run.
		[INFO] Results already exist at './data/optimization_results/tol27/case3_extended_generated/immediate_charging/V2B.npy'. Skipping immediate_charging run.
		[INFO] Case 3 completed.


==================================================
PART 3: Supervised Learning...
==================================================

	3.1 Training Case 1...
		=== Training Log Started: 2025-11-28 00:35:34.658497 ===
		Run Name: STAFV2_27_CASE1
		Device: cuda
		Epochs: 50000, Batch Size: 64, LR: 0.0001
		============================================================
🔢 Unique quantized indices: 6686
✅ Suggested num_embeddings: 8023
✅ Processed 168 valid samples.
✅ Saved merged dataset: ./data/training_results/merged_windowed_dataset_STAFV2_27_CASE1.csv  (shape: (168, 429))
✅ Saved feature metadata: ./data/training_results/feature_info_STAFV2_27_CASE1.json
✅ Dataset split: 134 train, 34 val
✅ Scalers fitted and saved.

		✅ Model initialized with 785956 params.
		============================================================
		--------------------------------------------------------------------------------------------
		  Epoch    |     LR     |  Train RMSE  |   Val RMSE   |  Train R²  |   Val R²   |  Patience 
		--------------------------------------------------------------------------------------------
		    1/50000 | 0.000100   |    9.42907   |    9.12872   |     -1.111 |     -0.977 |    0/80   
		    2/50000 | 0.000100   |    8.66591   |    9.01478   |     -1.040 |     -0.928 |    0/80   
		    3/50000 | 0.000100   |    9.33882   |    8.88750   |     -0.961 |     -0.874 |    0/80   
		    4/50000 | 0.000100   |    8.83858   |    8.74215   |     -0.894 |     -0.813 |    0/80   
		    5/50000 | 0.000100   |    8.51714   |    8.59361   |     -0.805 |     -0.752 |    0/80   
		    6/50000 | 0.000100   |    7.62285   |    8.42746   |     -0.768 |     -0.685 |    0/80   
		    7/50000 | 0.000100   |    7.65921   |    8.27517   |     -0.679 |     -0.625 |    0/80   
		    8/50000 | 0.000100   |    7.61842   |    8.11623   |     -0.633 |     -0.563 |    0/80   
		    9/50000 | 0.000100   |    8.62501   |    7.97636   |     -0.564 |     -0.509 |    0/80   
		   10/50000 | 0.000100   |    8.06084   |    7.81045   |     -0.504 |     -0.447 |    0/80   
		   11/50000 | 0.000100   |    7.85507   |    7.67435   |     -0.454 |     -0.397 |    0/80   
		   12/50000 | 0.000100   |    7.16393   |    7.50947   |     -0.376 |     -0.338 |    0/80   
		   13/50000 | 0.000100   |    7.44914   |    7.33744   |     -0.320 |     -0.277 |    0/80   
		   14/50000 | 0.000100   |    7.55680   |    7.21286   |     -0.275 |     -0.234 |    0/80   
		   15/50000 | 0.000100   |    7.30864   |    7.04267   |     -0.218 |     -0.177 |    0/80   
		   16/50000 | 0.000100   |    6.37604   |    6.91544   |     -0.156 |     -0.135 |    0/80   
		   17/50000 | 0.000100   |    6.77284   |    6.82199   |     -0.118 |     -0.104 |    0/80   
		   18/50000 | 0.000100   |    6.16299   |    6.64850   |     -0.040 |     -0.049 |    0/80   
		   19/50000 | 0.000100   |    6.98432   |    6.54129   |     -0.026 |     -0.015 |    0/80   
		   20/50000 | 0.000100   |    6.74660   |    6.38182   |      0.032 |      0.034 |    0/80   
		   21/50000 | 0.000100   |    6.83050   |    6.23228   |      0.077 |      0.078 |    0/80   
		   22/50000 | 0.000100   |    6.19200   |    6.09077   |      0.172 |      0.120 |    0/80   
		   23/50000 | 0.000100   |    5.43583   |    5.90759   |      0.178 |      0.172 |    0/80   
		   24/50000 | 0.000100   |    5.88527   |    5.78883   |      0.228 |      0.205 |    0/80   
		   25/50000 | 0.000100   |    5.63472   |    5.70529   |      0.237 |      0.228 |    0/80   
		   26/50000 | 0.000100   |    5.52589   |    5.55887   |      0.315 |      0.267 |    0/80   
		   27/50000 | 0.000100   |    5.13382   |    5.35408   |      0.314 |      0.320 |    0/80   
		   28/50000 | 0.000100   |    4.85514   |    5.22626   |      0.384 |      0.352 |    0/80   
		   29/50000 | 0.000100   |    4.82721   |    5.17556   |      0.419 |      0.364 |    0/80   
		   30/50000 | 0.000100   |    5.01163   |    5.14983   |      0.426 |      0.371 |    0/80   
		   31/50000 | 0.000100   |    4.44055   |    5.03125   |      0.431 |      0.399 |    0/80   
		   32/50000 | 0.000100   |    4.72759   |    4.96710   |      0.449 |      0.415 |    0/80   
		   33/50000 | 0.000100   |    3.99980   |    4.89903   |      0.497 |      0.431 |    0/80   
		   34/50000 | 0.000100   |    4.44820   |    4.81514   |      0.526 |      0.450 |    0/80   
		   35/50000 | 0.000100   |    4.68930   |    4.78542   |      0.536 |      0.457 |    0/80   
		   36/50000 | 0.000100   |    4.33965   |    4.67772   |      0.549 |      0.481 |    0/80   
		   37/50000 | 0.000100   |    4.05598   |    4.63693   |      0.563 |      0.490 |    0/80   
		   38/50000 | 0.000100   |    4.90855   |    4.61989   |      0.563 |      0.494 |    0/80   
		   39/50000 | 0.000100   |    4.45358   |    4.59892   |      0.603 |      0.498 |    0/80   
		   40/50000 | 0.000100   |    4.80337   |    4.55673   |      0.601 |      0.507 |    0/80   
		   41/50000 | 0.000100   |    3.91356   |    4.51790   |      0.610 |      0.516 |    0/80   
		   42/50000 | 0.000100   |    4.17791   |    4.49905   |      0.627 |      0.520 |    0/80   
		   43/50000 | 0.000100   |    3.98052   |    4.47835   |      0.622 |      0.524 |    0/80   
		   44/50000 | 0.000100   |    4.14737   |    4.44651   |      0.624 |      0.531 |    0/80   
		   45/50000 | 0.000100   |    3.36367   |    4.42179   |      0.671 |      0.536 |    0/80   
		   46/50000 | 0.000100   |    3.46214   |    4.39812   |      0.673 |      0.541 |    0/80   
		   47/50000 | 0.000100   |    4.52206   |    4.48520   |      0.628 |      0.523 |    0/80   
		   48/50000 | 0.000100   |    3.41648   |    4.44384   |      0.695 |      0.531 |    1/80   
		   49/50000 | 0.000100   |    4.28668   |    4.47241   |      0.675 |      0.525 |    2/80   
		   50/50000 | 0.000100   |    3.76595   |    4.44122   |      0.705 |      0.532 |    3/80   
		   51/50000 | 0.000100   |    3.56828   |    4.39281   |      0.698 |      0.542 |    4/80   
		   52/50000 | 0.000100   |    4.14303   |    4.38043   |      0.694 |      0.545 |    0/80   
		   53/50000 | 0.000100   |    3.96837   |    4.35201   |      0.697 |      0.551 |    0/80   
		   54/50000 | 0.000100   |    3.82199   |    4.36418   |      0.698 |      0.548 |    0/80   
		   55/50000 | 0.000100   |    3.75593   |    4.35510   |      0.696 |      0.550 |    1/80   
		   56/50000 | 0.000100   |    3.94849   |    4.37490   |      0.725 |      0.546 |    2/80   
		   57/50000 | 0.000100   |    3.03609   |    4.40479   |      0.728 |      0.540 |    3/80   
		   58/50000 | 0.000100   |    4.04726   |    4.33863   |      0.704 |      0.553 |    4/80   
		   59/50000 | 0.000100   |    2.94818   |    4.34581   |      0.743 |      0.552 |    0/80   
		   60/50000 | 0.000100   |    4.23981   |    4.32622   |      0.710 |      0.556 |    1/80   
		   61/50000 | 0.000100   |    3.26836   |    4.31802   |      0.745 |      0.558 |    0/80   
		   62/50000 | 0.000100   |    3.37781   |    4.31196   |      0.752 |      0.559 |    0/80   
		   63/50000 | 0.000100   |    3.56240   |    4.33131   |      0.752 |      0.555 |    0/80   
		   64/50000 | 0.000100   |    3.42429   |    4.34076   |      0.754 |      0.553 |    1/80   
		   65/50000 | 0.000100   |    3.44036   |    4.34014   |      0.749 |      0.553 |    2/80   
		   66/50000 | 0.000100   |    3.65712   |    4.40520   |      0.744 |      0.540 |    3/80   
		   67/50000 | 0.000100   |    3.35058   |    4.44701   |      0.781 |      0.531 |    4/80   
		   68/50000 | 0.000100   |    3.59238   |    4.43362   |      0.752 |      0.534 |    5/80   
		   69/50000 | 0.000100   |    2.92871   |    4.42045   |      0.785 |      0.536 |    6/80   
		   70/50000 | 0.000100   |    3.17983   |    4.40092   |      0.782 |      0.540 |    7/80   
		   71/50000 | 0.000100   |    2.81034   |    4.43442   |      0.770 |      0.533 |    8/80   
		   72/50000 | 0.000100   |    4.02791   |    4.45656   |      0.765 |      0.529 |    9/80   
		   73/50000 | 0.000100   |    3.34563   |    4.45075   |      0.806 |      0.530 |   10/80   
		   74/50000 | 0.000100   |    2.95305   |    4.52076   |      0.803 |      0.515 |   11/80   
		   75/50000 | 0.000100   |    3.24788   |    4.46076   |      0.798 |      0.528 |   12/80   
		   76/50000 | 0.000100   |    3.96847   |    4.42882   |      0.754 |      0.535 |   13/80   
		   77/50000 | 0.000100   |    3.18780   |    4.48410   |      0.811 |      0.523 |   14/80   
		   78/50000 | 0.000100   |    2.88386   |    4.50805   |      0.804 |      0.518 |   15/80   
		   79/50000 | 0.000100   |    4.05663   |    4.59646   |      0.798 |      0.499 |   16/80   
		   80/50000 | 0.000100   |    2.52345   |    4.57907   |      0.828 |      0.503 |   17/80   
		   81/50000 | 0.000100   |    2.81320   |    4.56188   |      0.830 |      0.506 |   18/80   
		   82/50000 | 0.000100   |    2.63143   |    4.56025   |      0.834 |      0.507 |   19/80   
		   83/50000 | 0.000080   |    3.26188   |    4.58112   |      0.835 |      0.502 |   20/80   
		   84/50000 | 0.000080   |    2.61095   |    4.54266   |      0.843 |      0.510 |   21/80   
		   85/50000 | 0.000080   |    3.79914   |    4.45338   |      0.808 |      0.529 |   22/80   
		   86/50000 | 0.000080   |    2.34450   |    4.46394   |      0.840 |      0.527 |   23/80   
		   87/50000 | 0.000080   |    2.57349   |    4.49817   |      0.841 |      0.520 |   24/80   
		   88/50000 | 0.000080   |    3.03475   |    4.46575   |      0.849 |      0.527 |   25/80   
		   89/50000 | 0.000080   |    2.69659   |    4.45783   |      0.830 |      0.529 |   26/80   
		   90/50000 | 0.000080   |    3.29236   |    4.45002   |      0.842 |      0.530 |   27/80   
		   91/50000 | 0.000080   |    3.23425   |    4.48017   |      0.852 |      0.524 |   28/80   
		   92/50000 | 0.000080   |    2.36453   |    4.50254   |      0.878 |      0.519 |   29/80   
		   93/50000 | 0.000080   |    2.22005   |    4.49910   |      0.873 |      0.520 |   30/80   
		   94/50000 | 0.000080   |    2.27036   |    4.49705   |      0.874 |      0.520 |   31/80   
		   95/50000 | 0.000080   |    3.68670   |    4.57126   |      0.837 |      0.504 |   32/80   
		   96/50000 | 0.000080   |    2.88817   |    4.52974   |      0.864 |      0.513 |   33/80   
		   97/50000 | 0.000080   |    2.49070   |    4.56308   |      0.850 |      0.506 |   34/80   
		   98/50000 | 0.000080   |    3.44789   |    4.50428   |      0.853 |      0.519 |   35/80   
		   99/50000 | 0.000080   |    2.23264   |    4.53559   |      0.875 |      0.512 |   36/80   
		  100/50000 | 0.000080   |    3.97298   |    4.61902   |      0.842 |      0.494 |   37/80   
		  101/50000 | 0.000080   |    2.38089   |    4.64199   |      0.869 |      0.489 |   38/80   
		  102/50000 | 0.000080   |    2.12028   |    4.59311   |      0.886 |      0.499 |   39/80   
		  103/50000 | 0.000080   |    2.08613   |    4.58580   |      0.878 |      0.501 |   40/80   
		  104/50000 | 0.000064   |    2.44401   |    4.55921   |      0.893 |      0.507 |   41/80   
		  105/50000 | 0.000064   |    2.32878   |    4.57300   |      0.876 |      0.504 |   42/80   
		  106/50000 | 0.000064   |    3.34903   |    4.68094   |      0.867 |      0.480 |   43/80   
		  107/50000 | 0.000064   |    1.98679   |    4.70165   |      0.897 |      0.476 |   44/80   
		  108/50000 | 0.000064   |    3.13283   |    4.61697   |      0.857 |      0.494 |   45/80   
		  109/50000 | 0.000064   |    2.51106   |    4.64381   |      0.884 |      0.488 |   46/80   
		  110/50000 | 0.000064   |    4.12794   |    4.58255   |      0.861 |      0.502 |   47/80   
		  111/50000 | 0.000064   |    1.89939   |    4.59946   |      0.898 |      0.498 |   48/80   
		  112/50000 | 0.000064   |    1.86067   |    4.59259   |      0.893 |      0.500 |   49/80   
		  113/50000 | 0.000064   |    2.49481   |    4.61994   |      0.884 |      0.494 |   50/80   
		  114/50000 | 0.000064   |    2.89745   |    4.71538   |      0.856 |      0.472 |   51/80   
		  115/50000 | 0.000064   |    2.94576   |    4.79102   |      0.879 |      0.455 |   52/80   
		  116/50000 | 0.000064   |    2.57327   |    4.76040   |      0.897 |      0.462 |   53/80   
		  117/50000 | 0.000064   |    2.96925   |    4.84523   |      0.890 |      0.443 |   54/80   
		  118/50000 | 0.000064   |    2.39760   |    4.83204   |      0.890 |      0.446 |   55/80   
		  119/50000 | 0.000064   |    2.67959   |    4.83561   |      0.890 |      0.445 |   56/80   
		  120/50000 | 0.000064   |    2.16512   |    4.76019   |      0.904 |      0.462 |   57/80   
		  121/50000 | 0.000064   |    2.40117   |    4.68082   |      0.882 |      0.480 |   58/80   
		  122/50000 | 0.000064   |    2.42299   |    4.64382   |      0.899 |      0.488 |   59/80   
		  123/50000 | 0.000064   |    2.34071   |    4.65341   |      0.911 |      0.486 |   60/80   
		  124/50000 | 0.000064   |    1.54471   |    4.65914   |      0.922 |      0.485 |   61/80   
		  125/50000 | 0.000051   |    2.32663   |    4.68433   |      0.907 |      0.479 |   62/80   
		  126/50000 | 0.000051   |    2.38763   |    4.71612   |      0.908 |      0.472 |   63/80   
		  127/50000 | 0.000051   |    1.85331   |    4.72673   |      0.921 |      0.470 |   64/80   
		  128/50000 | 0.000051   |    1.81925   |    4.71148   |      0.912 |      0.473 |   65/80   
		  129/50000 | 0.000051   |    2.27527   |    4.74002   |      0.915 |      0.467 |   66/80   
		  130/50000 | 0.000051   |    1.92712   |    4.79691   |      0.918 |      0.454 |   67/80   
		  131/50000 | 0.000051   |    2.24077   |    4.76360   |      0.926 |      0.462 |   68/80   
		  132/50000 | 0.000051   |    2.09398   |    4.75832   |      0.903 |      0.463 |   69/80   
		  133/50000 | 0.000051   |    1.84570   |    4.73982   |      0.926 |      0.467 |   70/80   
		  134/50000 | 0.000051   |    2.20929   |    4.74689   |      0.911 |      0.465 |   71/80   
		  135/50000 | 0.000051   |    2.25164   |    4.71950   |      0.898 |      0.472 |   72/80   
		  136/50000 | 0.000051   |    4.56285   |    4.92154   |      0.857 |      0.425 |   73/80   
		  137/50000 | 0.000051   |    3.33857   |    4.97669   |      0.901 |      0.412 |   74/80   
		  138/50000 | 0.000051   |    2.06232   |    4.86233   |      0.920 |      0.439 |   75/80   
		  139/50000 | 0.000051   |    1.77514   |    4.85300   |      0.928 |      0.441 |   76/80   
		  140/50000 | 0.000051   |    1.79578   |    4.85120   |      0.925 |      0.442 |   77/80   
		  141/50000 | 0.000051   |    2.63185   |    4.73725   |      0.916 |      0.468 |   78/80   
		  142/50000 | 0.000051   |    3.34758   |    4.81731   |      0.895 |      0.449 |   79/80   

		Early stopping triggered.
		[INFO] Case 1 completed.

	3.2 Training Case 2...
		=== Training Log Started: 2025-11-28 00:36:28.020671 ===
		Run Name: STAFV2_27_CASE2
		Device: cuda
		Epochs: 50000, Batch Size: 64, LR: 0.0001
		============================================================
🔢 Unique quantized indices: 24205
✅ Suggested num_embeddings: 29046
✅ Processed 1549 valid samples.
✅ Saved merged dataset: ./data/training_results/merged_windowed_dataset_STAFV2_27_CASE2.csv  (shape: (1549, 429))
✅ Saved feature metadata: ./data/training_results/feature_info_STAFV2_27_CASE2.json
✅ Dataset split: 1239 train, 310 val
✅ Scalers fitted and saved.

		✅ Model initialized with 785956 params.
		============================================================
		--------------------------------------------------------------------------------------------
		  Epoch    |     LR     |  Train RMSE  |   Val RMSE   |  Train R²  |   Val R²   |  Patience 
		--------------------------------------------------------------------------------------------
		    1/50000 | 0.000100   |    9.27985   |    8.32471   |     -1.120 |     -0.715 |    0/80   
		    2/50000 | 0.000100   |    8.09830   |    7.20568   |     -0.606 |     -0.284 |    0/80   
		    3/50000 | 0.000100   |    6.92231   |    6.23035   |     -0.183 |      0.041 |    0/80   
		    4/50000 | 0.000100   |    5.88846   |    5.49750   |      0.143 |      0.255 |    0/80   
		    5/50000 | 0.000100   |    5.09937   |    5.07323   |      0.358 |      0.367 |    0/80   
		    6/50000 | 0.000100   |    4.71723   |    4.87442   |      0.460 |      0.416 |    0/80   
		    7/50000 | 0.000100   |    4.50857   |    4.78541   |      0.504 |      0.437 |    0/80   
		    8/50000 | 0.000100   |    4.34495   |    4.71536   |      0.537 |      0.454 |    0/80   
		    9/50000 | 0.000100   |    4.21404   |    4.64844   |      0.565 |      0.470 |    0/80   
		   10/50000 | 0.000100   |    4.14040   |    4.62987   |      0.579 |      0.474 |    0/80   
		   11/50000 | 0.000100   |    4.02532   |    4.56648   |      0.603 |      0.488 |    0/80   
		   12/50000 | 0.000100   |    3.96860   |    4.52585   |      0.618 |      0.497 |    0/80   
		   13/50000 | 0.000100   |    3.87920   |    4.48965   |      0.626 |      0.506 |    0/80   
		   14/50000 | 0.000100   |    3.83817   |    4.46157   |      0.640 |      0.512 |    0/80   
		   15/50000 | 0.000100   |    3.79151   |    4.47241   |      0.647 |      0.510 |    0/80   
		   16/50000 | 0.000100   |    3.73070   |    4.40408   |      0.655 |      0.524 |    1/80   
		   17/50000 | 0.000100   |    3.57344   |    4.40182   |      0.686 |      0.525 |    0/80   
		   18/50000 | 0.000100   |    3.58641   |    4.39492   |      0.685 |      0.527 |    0/80   
		   19/50000 | 0.000100   |    3.53808   |    4.38544   |      0.696 |      0.529 |    0/80   
		   20/50000 | 0.000100   |    3.44716   |    4.35782   |      0.708 |      0.535 |    0/80   
		   21/50000 | 0.000100   |    3.41438   |    4.32342   |      0.718 |      0.542 |    0/80   
		   22/50000 | 0.000100   |    3.40327   |    4.34150   |      0.715 |      0.539 |    0/80   
		   23/50000 | 0.000100   |    3.29008   |    4.30136   |      0.733 |      0.547 |    1/80   
		   24/50000 | 0.000100   |    3.27239   |    4.25513   |      0.738 |      0.557 |    0/80   
		   25/50000 | 0.000100   |    3.24751   |    4.29764   |      0.742 |      0.549 |    0/80   
		   26/50000 | 0.000100   |    3.27600   |    4.30842   |      0.743 |      0.546 |    1/80   
		   27/50000 | 0.000100   |    3.23183   |    4.24369   |      0.745 |      0.559 |    2/80   
		   28/50000 | 0.000100   |    3.09179   |    4.22444   |      0.764 |      0.564 |    0/80   
		   29/50000 | 0.000100   |    3.08612   |    4.24719   |      0.768 |      0.559 |    0/80   
		   30/50000 | 0.000100   |    3.00647   |    4.20652   |      0.777 |      0.567 |    1/80   
		   31/50000 | 0.000100   |    3.04427   |    4.24288   |      0.779 |      0.560 |    0/80   
		   32/50000 | 0.000100   |    2.86423   |    4.20189   |      0.800 |      0.569 |    1/80   
		   33/50000 | 0.000100   |    2.92848   |    4.30412   |      0.794 |      0.548 |    0/80   
		   34/50000 | 0.000100   |    2.93903   |    4.25064   |      0.795 |      0.559 |    1/80   
		   35/50000 | 0.000100   |    2.82470   |    4.19551   |      0.806 |      0.570 |    2/80   
		   36/50000 | 0.000100   |    2.75068   |    4.19245   |      0.814 |      0.571 |    0/80   
		   37/50000 | 0.000100   |    2.76739   |    4.22842   |      0.814 |      0.563 |    0/80   
		   38/50000 | 0.000100   |    2.74112   |    4.24530   |      0.820 |      0.561 |    1/80   
		   39/50000 | 0.000100   |    2.73845   |    4.17867   |      0.816 |      0.573 |    2/80   
		   40/50000 | 0.000100   |    2.61013   |    4.21349   |      0.831 |      0.567 |    0/80   
		   41/50000 | 0.000100   |    2.68090   |    4.19995   |      0.825 |      0.569 |    1/80   
		   42/50000 | 0.000100   |    2.62032   |    4.25759   |      0.833 |      0.558 |    2/80   
		   43/50000 | 0.000100   |    2.55130   |    4.21445   |      0.840 |      0.567 |    3/80   
		   44/50000 | 0.000100   |    2.56748   |    4.24582   |      0.838 |      0.560 |    4/80   
		   45/50000 | 0.000100   |    2.48516   |    4.27629   |      0.851 |      0.554 |    5/80   
		   46/50000 | 0.000100   |    2.49428   |    4.18208   |      0.846 |      0.573 |    6/80   
		   47/50000 | 0.000100   |    2.45575   |    4.22351   |      0.852 |      0.565 |    7/80   
		   48/50000 | 0.000100   |    2.45053   |    4.23553   |      0.855 |      0.562 |    8/80   
		   49/50000 | 0.000100   |    2.34571   |    4.22769   |      0.865 |      0.564 |    9/80   
		   50/50000 | 0.000100   |    2.33274   |    4.31757   |      0.866 |      0.546 |   10/80   
		   51/50000 | 0.000100   |    2.35401   |    4.19790   |      0.865 |      0.570 |   11/80   
		   52/50000 | 0.000100   |    2.24511   |    4.26510   |      0.877 |      0.556 |   12/80   
		   53/50000 | 0.000100   |    2.28978   |    4.29491   |      0.872 |      0.551 |   13/80   
		   54/50000 | 0.000100   |    2.28065   |    4.24347   |      0.873 |      0.561 |   14/80   
		   55/50000 | 0.000100   |    2.23116   |    4.28444   |      0.879 |      0.553 |   15/80   
		   56/50000 | 0.000100   |    2.25620   |    4.28153   |      0.878 |      0.553 |   16/80   
		   57/50000 | 0.000100   |    2.27794   |    4.35998   |      0.877 |      0.538 |   17/80   
		   58/50000 | 0.000100   |    2.20815   |    4.24831   |      0.884 |      0.560 |   18/80   
		   59/50000 | 0.000100   |    2.24035   |    4.34196   |      0.882 |      0.541 |   19/80   
		   60/50000 | 0.000080   |    2.16936   |    4.24901   |      0.889 |      0.560 |   20/80   
		   61/50000 | 0.000080   |    2.09594   |    4.34748   |      0.891 |      0.540 |   21/80   
		   62/50000 | 0.000080   |    2.11912   |    4.34088   |      0.890 |      0.541 |   22/80   
		   63/50000 | 0.000080   |    2.01857   |    4.26237   |      0.900 |      0.557 |   23/80   
		   64/50000 | 0.000080   |    2.11624   |    4.32524   |      0.892 |      0.544 |   24/80   
		   65/50000 | 0.000080   |    2.03067   |    4.35501   |      0.899 |      0.538 |   25/80   
		   66/50000 | 0.000080   |    2.13227   |    4.32631   |      0.891 |      0.544 |   26/80   
		   67/50000 | 0.000080   |    2.14824   |    4.32463   |      0.892 |      0.544 |   27/80   
		   68/50000 | 0.000080   |    2.22735   |    4.28247   |      0.879 |      0.553 |   28/80   
		   69/50000 | 0.000080   |    2.02642   |    4.33586   |      0.904 |      0.542 |   29/80   
		   70/50000 | 0.000080   |    1.94268   |    4.31301   |      0.909 |      0.547 |   30/80   
		   71/50000 | 0.000080   |    2.10324   |    4.34343   |      0.892 |      0.540 |   31/80   
		   72/50000 | 0.000080   |    2.00319   |    4.28767   |      0.901 |      0.552 |   32/80   
		   73/50000 | 0.000080   |    1.90369   |    4.32152   |      0.913 |      0.545 |   33/80   
		   74/50000 | 0.000080   |    2.01867   |    4.29393   |      0.900 |      0.551 |   34/80   
		   75/50000 | 0.000080   |    1.89130   |    4.31829   |      0.911 |      0.545 |   35/80   
		   76/50000 | 0.000080   |    1.87592   |    4.34088   |      0.913 |      0.541 |   36/80   
		   77/50000 | 0.000080   |    2.00092   |    4.38014   |      0.903 |      0.533 |   37/80   
		   78/50000 | 0.000080   |    1.96390   |    4.30886   |      0.908 |      0.547 |   38/80   
		   79/50000 | 0.000080   |    2.07985   |    4.29417   |      0.898 |      0.550 |   39/80   
		   80/50000 | 0.000080   |    2.02392   |    4.41159   |      0.903 |      0.526 |   40/80   
		   81/50000 | 0.000064   |    1.94818   |    4.37802   |      0.908 |      0.533 |   41/80   
		   82/50000 | 0.000064   |    1.87632   |    4.38793   |      0.915 |      0.531 |   42/80   
		   83/50000 | 0.000064   |    1.93838   |    4.40486   |      0.909 |      0.527 |   43/80   
		   84/50000 | 0.000064   |    1.90820   |    4.37167   |      0.916 |      0.534 |   44/80   
		   85/50000 | 0.000064   |    1.89840   |    4.33852   |      0.913 |      0.541 |   45/80   
		   86/50000 | 0.000064   |    1.82697   |    4.38004   |      0.917 |      0.532 |   46/80   
		   87/50000 | 0.000064   |    1.95389   |    4.39865   |      0.910 |      0.529 |   47/80   
		   88/50000 | 0.000064   |    1.83594   |    4.38793   |      0.919 |      0.531 |   48/80   
		   89/50000 | 0.000064   |    1.81838   |    4.43624   |      0.919 |      0.521 |   49/80   
		   90/50000 | 0.000064   |    1.88270   |    4.39541   |      0.919 |      0.529 |   50/80   
		   91/50000 | 0.000064   |    1.80201   |    4.39945   |      0.921 |      0.528 |   51/80   
		   92/50000 | 0.000064   |    1.77906   |    4.40268   |      0.924 |      0.527 |   52/80   
		   93/50000 | 0.000064   |    1.68427   |    4.44028   |      0.932 |      0.519 |   53/80   
		   94/50000 | 0.000064   |    1.79801   |    4.42141   |      0.922 |      0.524 |   54/80   
		   95/50000 | 0.000064   |    1.77167   |    4.38536   |      0.924 |      0.531 |   55/80   
		   96/50000 | 0.000064   |    1.79664   |    4.39127   |      0.920 |      0.530 |   56/80   
		   97/50000 | 0.000064   |    1.80664   |    4.40974   |      0.920 |      0.526 |   57/80   
		   98/50000 | 0.000064   |    1.68343   |    4.41909   |      0.930 |      0.524 |   58/80   
		   99/50000 | 0.000064   |    1.70717   |    4.41603   |      0.930 |      0.524 |   59/80   
		  100/50000 | 0.000064   |    1.79383   |    4.42393   |      0.922 |      0.523 |   60/80   
		  101/50000 | 0.000064   |    1.74038   |    4.41054   |      0.926 |      0.526 |   61/80   
		  102/50000 | 0.000051   |    1.85830   |    4.37896   |      0.915 |      0.532 |   62/80   
		  103/50000 | 0.000051   |    1.87197   |    4.42357   |      0.915 |      0.523 |   63/80   
		  104/50000 | 0.000051   |    1.70645   |    4.37670   |      0.929 |      0.533 |   64/80   
		  105/50000 | 0.000051   |    1.80392   |    4.42879   |      0.921 |      0.522 |   65/80   
		  106/50000 | 0.000051   |    1.73274   |    4.39484   |      0.927 |      0.529 |   66/80   
		  107/50000 | 0.000051   |    1.70275   |    4.40652   |      0.928 |      0.526 |   67/80   
		  108/50000 | 0.000051   |    1.72489   |    4.36100   |      0.928 |      0.536 |   68/80   
		  109/50000 | 0.000051   |    1.79111   |    4.39062   |      0.923 |      0.530 |   69/80   
		  110/50000 | 0.000051   |    1.76351   |    4.35773   |      0.929 |      0.537 |   70/80   
		  111/50000 | 0.000051   |    1.58444   |    4.41606   |      0.939 |      0.525 |   71/80   
		  112/50000 | 0.000051   |    1.62820   |    4.39190   |      0.936 |      0.529 |   72/80   
		  113/50000 | 0.000051   |    1.70756   |    4.42104   |      0.930 |      0.523 |   73/80   
		  114/50000 | 0.000051   |    1.60992   |    4.38325   |      0.936 |      0.531 |   74/80   
		  115/50000 | 0.000051   |    1.93031   |    4.51590   |      0.920 |      0.503 |   75/80   
		  116/50000 | 0.000051   |    1.60217   |    4.38948   |      0.937 |      0.530 |   76/80   
		  117/50000 | 0.000051   |    1.70492   |    4.36669   |      0.932 |      0.535 |   77/80   
		  118/50000 | 0.000051   |    1.69713   |    4.37519   |      0.934 |      0.533 |   78/80   
		  119/50000 | 0.000051   |    1.75932   |    4.43054   |      0.924 |      0.521 |   79/80   

		Early stopping triggered.
		[INFO] Case 2 completed.

	3.3 Training Case 3...
		=== Training Log Started: 2025-11-28 00:38:55.067315 ===
		Run Name: STAFV2_27_CASE3
		Device: cuda
		Epochs: 50000, Batch Size: 64, LR: 0.0001
		============================================================
🔢 Unique quantized indices: 36561
✅ Suggested num_embeddings: 43873
✅ Processed 3549 valid samples.
✅ Saved merged dataset: ./data/training_results/merged_windowed_dataset_STAFV2_27_CASE3.csv  (shape: (3549, 429))
✅ Saved feature metadata: ./data/training_results/feature_info_STAFV2_27_CASE3.json
✅ Dataset split: 2839 train, 710 val
✅ Scalers fitted and saved.

		✅ Model initialized with 785956 params.
		============================================================
		--------------------------------------------------------------------------------------------
		  Epoch    |     LR     |  Train RMSE  |   Val RMSE   |  Train R²  |   Val R²   |  Patience 
		--------------------------------------------------------------------------------------------
		    1/50000 | 0.000100   |    8.33950   |    7.24451   |     -0.744 |     -0.261 |    0/80   
		    2/50000 | 0.000100   |    6.07693   |    5.55020   |      0.072 |      0.272 |    0/80   
		    3/50000 | 0.000100   |    4.93295   |    5.15174   |      0.392 |      0.373 |    0/80   
		    4/50000 | 0.000100   |    4.64428   |    5.01332   |      0.464 |      0.406 |    0/80   
		    5/50000 | 0.000100   |    4.44365   |    4.89321   |      0.504 |      0.429 |    0/80   
		    6/50000 | 0.000100   |    4.38823   |    4.82257   |      0.519 |      0.443 |    0/80   
		    7/50000 | 0.000100   |    4.23772   |    4.72999   |      0.550 |      0.463 |    0/80   
		    8/50000 | 0.000100   |    4.16466   |    4.65100   |      0.568 |      0.481 |    0/80   
		    9/50000 | 0.000100   |    4.06488   |    4.57988   |      0.587 |      0.494 |    0/80   
		   10/50000 | 0.000100   |    4.02674   |    4.53257   |      0.596 |      0.505 |    0/80   
		   11/50000 | 0.000100   |    3.89984   |    4.47806   |      0.619 |      0.517 |    0/80   
		   12/50000 | 0.000100   |    3.89005   |    4.45248   |      0.623 |      0.521 |    0/80   
		   13/50000 | 0.000100   |    3.76689   |    4.40098   |      0.644 |      0.534 |    0/80   
		   14/50000 | 0.000100   |    3.74822   |    4.38181   |      0.650 |      0.538 |    0/80   
		   15/50000 | 0.000100   |    3.67584   |    4.39930   |      0.660 |      0.533 |    0/80   
		   16/50000 | 0.000100   |    3.61551   |    4.33402   |      0.672 |      0.548 |    1/80   
		   17/50000 | 0.000100   |    3.57892   |    4.35097   |      0.681 |      0.546 |    0/80   
		   18/50000 | 0.000100   |    3.54678   |    4.30903   |      0.687 |      0.553 |    1/80   
		   19/50000 | 0.000100   |    3.41905   |    4.31617   |      0.709 |      0.550 |    0/80   
		   20/50000 | 0.000100   |    3.47153   |    4.29302   |      0.701 |      0.557 |    1/80   
		   21/50000 | 0.000100   |    3.40914   |    4.29958   |      0.711 |      0.557 |    0/80   
		   22/50000 | 0.000100   |    3.41900   |    4.32664   |      0.709 |      0.551 |    1/80   
		   23/50000 | 0.000100   |    3.29191   |    4.25601   |      0.729 |      0.565 |    2/80   
		   24/50000 | 0.000100   |    3.25297   |    4.30561   |      0.736 |      0.555 |    0/80   
		   25/50000 | 0.000100   |    3.22405   |    4.31238   |      0.740 |      0.555 |    1/80   
		   26/50000 | 0.000100   |    3.23676   |    4.24936   |      0.740 |      0.568 |    2/80   
		   27/50000 | 0.000100   |    3.14868   |    4.27772   |      0.755 |      0.560 |    0/80   
		   28/50000 | 0.000100   |    3.14630   |    4.25724   |      0.753 |      0.568 |    1/80   
		   29/50000 | 0.000100   |    3.09195   |    4.31359   |      0.763 |      0.560 |    2/80   
		   30/50000 | 0.000100   |    3.05658   |    4.28564   |      0.766 |      0.563 |    3/80   
		   31/50000 | 0.000100   |    2.99454   |    4.28547   |      0.781 |      0.565 |    4/80   
		   32/50000 | 0.000100   |    3.06596   |    4.27375   |      0.765 |      0.563 |    5/80   
		   33/50000 | 0.000100   |    2.94833   |    4.25662   |      0.785 |      0.570 |    6/80   
		   34/50000 | 0.000100   |    2.94558   |    4.24523   |      0.782 |      0.571 |    7/80   
		   35/50000 | 0.000100   |    2.90763   |    4.29589   |      0.793 |      0.561 |    0/80   
		   36/50000 | 0.000100   |    2.89547   |    4.32328   |      0.791 |      0.560 |    1/80   
		   37/50000 | 0.000100   |    2.92169   |    4.27900   |      0.786 |      0.564 |    2/80   
		   38/50000 | 0.000100   |    2.88160   |    4.28994   |      0.794 |      0.564 |    3/80   
		   39/50000 | 0.000100   |    2.83973   |    4.26999   |      0.799 |      0.566 |    4/80   
		   40/50000 | 0.000100   |    2.81127   |    4.29639   |      0.805 |      0.560 |    5/80   
		   41/50000 | 0.000100   |    2.77451   |    4.29561   |      0.807 |      0.559 |    6/80   
		   42/50000 | 0.000100   |    2.72521   |    4.33251   |      0.816 |      0.554 |    7/80   
		   43/50000 | 0.000100   |    2.73610   |    4.31314   |      0.813 |      0.557 |    8/80   
		   44/50000 | 0.000100   |    2.69103   |    4.37337   |      0.819 |      0.549 |    9/80   
		   45/50000 | 0.000100   |    2.65661   |    4.31488   |      0.825 |      0.560 |   10/80   
		   46/50000 | 0.000100   |    2.66541   |    4.36391   |      0.823 |      0.551 |   11/80   
		   47/50000 | 0.000100   |    2.63723   |    4.34558   |      0.827 |      0.554 |   12/80   
		   48/50000 | 0.000100   |    2.60596   |    4.38005   |      0.831 |      0.548 |   13/80   
		   49/50000 | 0.000100   |    2.58428   |    4.33601   |      0.835 |      0.558 |   14/80   
		   50/50000 | 0.000100   |    2.57361   |    4.32559   |      0.835 |      0.559 |   15/80   
		   51/50000 | 0.000100   |    2.60816   |    4.33648   |      0.831 |      0.556 |   16/80   
		   52/50000 | 0.000100   |    2.58196   |    4.33201   |      0.834 |      0.559 |   17/80   
		   53/50000 | 0.000100   |    2.51720   |    4.37260   |      0.843 |      0.550 |   18/80   
		   54/50000 | 0.000100   |    2.51158   |    4.36816   |      0.842 |      0.549 |   19/80   
		   55/50000 | 0.000080   |    2.51265   |    4.37866   |      0.843 |      0.546 |   20/80   
		   56/50000 | 0.000080   |    2.50822   |    4.38823   |      0.843 |      0.542 |   21/80   
		   57/50000 | 0.000080   |    2.46554   |    4.42322   |      0.848 |      0.541 |   22/80   
		   58/50000 | 0.000080   |    2.40401   |    4.47427   |      0.856 |      0.533 |   23/80   
		   59/50000 | 0.000080   |    2.47479   |    4.39801   |      0.847 |      0.544 |   24/80   
		   60/50000 | 0.000080   |    2.46958   |    4.41490   |      0.848 |      0.542 |   25/80   
		   61/50000 | 0.000080   |    2.38328   |    4.41866   |      0.858 |      0.541 |   26/80   
		   62/50000 | 0.000080   |    2.32743   |    4.41845   |      0.865 |      0.540 |   27/80   
		   63/50000 | 0.000080   |    2.32569   |    4.42162   |      0.864 |      0.537 |   28/80   
		   64/50000 | 0.000080   |    2.31403   |    4.38776   |      0.867 |      0.544 |   29/80   
		   65/50000 | 0.000080   |    2.34969   |    4.46375   |      0.862 |      0.528 |   30/80   
		   66/50000 | 0.000080   |    2.34689   |    4.43029   |      0.863 |      0.536 |   31/80   
		   67/50000 | 0.000080   |    2.36681   |    4.36379   |      0.859 |      0.549 |   32/80   
		   68/50000 | 0.000080   |    2.28515   |    4.41506   |      0.869 |      0.541 |   33/80   
		   69/50000 | 0.000080   |    2.32792   |    4.42102   |      0.865 |      0.539 |   34/80   
		   70/50000 | 0.000080   |    2.28120   |    4.42645   |      0.873 |      0.534 |   35/80   
		   71/50000 | 0.000080   |    2.26961   |    4.47215   |      0.871 |      0.527 |   36/80   
		   72/50000 | 0.000080   |    2.27503   |    4.45079   |      0.871 |      0.535 |   37/80   
		   73/50000 | 0.000080   |    2.28185   |    4.42385   |      0.871 |      0.541 |   38/80   
		   74/50000 | 0.000080   |    2.25835   |    4.53997   |      0.872 |      0.520 |   39/80   
		   75/50000 | 0.000080   |    2.27616   |    4.46645   |      0.871 |      0.527 |   40/80   
		   76/50000 | 0.000064   |    2.33411   |    4.46391   |      0.864 |      0.531 |   41/80   
		   77/50000 | 0.000064   |    2.23259   |    4.47714   |      0.876 |      0.528 |   42/80   
		   78/50000 | 0.000064   |    2.20530   |    4.47047   |      0.878 |      0.529 |   43/80   
		   79/50000 | 0.000064   |    2.27706   |    4.48058   |      0.871 |      0.528 |   44/80   
		   80/50000 | 0.000064   |    2.14966   |    4.48904   |      0.885 |      0.527 |   45/80   
		   81/50000 | 0.000064   |    2.17008   |    4.57014   |      0.882 |      0.510 |   46/80   
		   82/50000 | 0.000064   |    2.16805   |    4.50253   |      0.883 |      0.524 |   47/80   
		   83/50000 | 0.000064   |    2.12426   |    4.52160   |      0.887 |      0.522 |   48/80   
		   84/50000 | 0.000064   |    2.14090   |    4.53746   |      0.885 |      0.515 |   49/80   
		   85/50000 | 0.000064   |    2.14118   |    4.55171   |      0.886 |      0.516 |   50/80   
		   86/50000 | 0.000064   |    2.19226   |    4.47203   |      0.881 |      0.528 |   51/80   
		   87/50000 | 0.000064   |    2.14208   |    4.56173   |      0.888 |      0.511 |   52/80   
		   88/50000 | 0.000064   |    2.13087   |    4.52966   |      0.887 |      0.517 |   53/80   
		   89/50000 | 0.000064   |    2.09544   |    4.51755   |      0.890 |      0.521 |   54/80   
		   90/50000 | 0.000064   |    2.11864   |    4.51332   |      0.887 |      0.519 |   55/80   
		   91/50000 | 0.000064   |    2.17352   |    4.49139   |      0.882 |      0.525 |   56/80   
		   92/50000 | 0.000064   |    2.19633   |    4.48460   |      0.879 |      0.526 |   57/80   
		   93/50000 | 0.000064   |    2.13494   |    4.51839   |      0.888 |      0.522 |   58/80   
		   94/50000 | 0.000064   |    2.11563   |    4.55343   |      0.890 |      0.512 |   59/80   
		   95/50000 | 0.000064   |    2.13072   |    4.53784   |      0.886 |      0.516 |   60/80   
		   96/50000 | 0.000064   |    2.13148   |    4.50640   |      0.887 |      0.524 |   61/80   
		   97/50000 | 0.000051   |    1.98061   |    4.57497   |      0.902 |      0.506 |   62/80   
		   98/50000 | 0.000051   |    2.06495   |    4.53009   |      0.894 |      0.515 |   63/80   
		   99/50000 | 0.000051   |    1.97173   |    4.55305   |      0.903 |      0.510 |   64/80   
		  100/50000 | 0.000051   |    1.99524   |    4.50283   |      0.901 |      0.521 |   65/80   
		  101/50000 | 0.000051   |    2.07355   |    4.57249   |      0.895 |      0.508 |   66/80   
		  102/50000 | 0.000051   |    2.03699   |    4.53072   |      0.897 |      0.515 |   67/80   
		  103/50000 | 0.000051   |    2.08346   |    4.53982   |      0.893 |      0.514 |   68/80   
		  104/50000 | 0.000051   |    2.05825   |    4.57043   |      0.894 |      0.509 |   69/80   
		  105/50000 | 0.000051   |    1.97544   |    4.57407   |      0.903 |      0.508 |   70/80   
		  106/50000 | 0.000051   |    2.01283   |    4.56358   |      0.899 |      0.506 |   71/80   
		  107/50000 | 0.000051   |    1.98516   |    4.53407   |      0.901 |      0.514 |   72/80   
		  108/50000 | 0.000051   |    1.99115   |    4.53876   |      0.902 |      0.511 |   73/80   
		  109/50000 | 0.000051   |    2.02238   |    4.49390   |      0.898 |      0.521 |   74/80   
		  110/50000 | 0.000051   |    2.02261   |    4.54052   |      0.898 |      0.510 |   75/80   
		  111/50000 | 0.000051   |    2.08574   |    4.55462   |      0.891 |      0.509 |   76/80   
		  112/50000 | 0.000051   |    2.08896   |    4.53245   |      0.892 |      0.515 |   77/80   
		  113/50000 | 0.000051   |    2.00811   |    4.57613   |      0.899 |      0.506 |   78/80   
		  114/50000 | 0.000051   |    2.04273   |    4.57292   |      0.896 |      0.505 |   79/80   

		Early stopping triggered.
		[INFO] Case 3 completed.
