Crash diagnostics ON


==================================================
PART 1: Data preprocess for 2023-01-01 00:00:00 to 2024-09-30 23:00:00...
==================================================

	1.1 Preprocessing radiation data...
		[INFO] Radiation data already exists at './data/timeseries/radiation_data.csv'

	1.2 Preprocessing temperature data...
		[INFO] Temperature data already exists at './data/timeseries/temperature_data.csv'

	1.3 Preprocessing building data...
		[INFO] Building data already exists at './data/timeseries/building_data.csv'

	1.4 Preprocessing electricity cost data...
		[INFO] Electricity cost data already exists at './data/timeseries/electricitycostG2B_data.csv' and './data/timeseries/electricitycostG2V_data.csv'

	1.5 Preprocessing battery demand series data...
		[INFO] Found existing battery data at './data/battery_demand/tol17/resample_full.csv' and './data/battery_demand/tol17/resample_train.csv'

		[INFO] Number of series for clean windows = (168, 37)
		[INFO] Number of eligible series for Case 2 = (1331, 37)
		[INFO] Number of seeds ready for Case 3  = (2000, 36)

		[INFO] Case 1 exists — loaded battery demand from './data/battery_demand/tol17/case1_real_only/battery_demand.npy' with shape (168, 37).
		[INFO] Building Case 2 (fill NaN)
		[INFO] Resuming Case 2 from checkpoint: './data/battery_demand/tol17/case2_nan_filled/battery_demand_ckpt.npz'
		[INFO] Case 2 resume index = 141, current series shape = (309, 37)
		[INFO] Case 2 generating:   0%|          | 0/1190 [00:00<?, ?it/s]		[INFO] Case 2 generating:   0%|          | 1/1190 [00:31<10:22:12, 31.40s/it]		[INFO] Case 2 generating:   0%|          | 2/1190 [00:53<8:38:48, 26.20s/it] 		[INFO] Case 2 generating:   0%|          | 3/1190 [01:15<7:56:18, 24.08s/it]		[INFO] Case 2 generating:   0%|          | 4/1190 [01:34<7:18:03, 22.16s/it]		[INFO] Case 2 generating:   0%|          | 5/1190 [01:50<6:34:21, 19.97s/it]		[INFO] Case 2 generating:   1%|          | 6/1190 [02:12<6:42:59, 20.42s/it]		[INFO] Case 2 generating:   1%|          | 7/1190 [02:36<7:07:01, 21.66s/it]		[INFO] Case 2 generating:   1%|          | 8/1190 [02:56<6:56:44, 21.15s/it]